-- The C compiler identification is GNU 15.2.1
-- The CXX compiler identification is GNU 15.2.1
-- Detecting C compiler ABI info
-- Detecting C compiler ABI info - done
-- Check for working C compiler: /usr/bin/cc - skipped
-- Detecting C compile features
-- Detecting C compile features - done
-- Detecting CXX compiler ABI info
-- Detecting CXX compiler ABI info - done
-- Check for working CXX compiler: /usr/bin/c++ - skipped
-- Detecting CXX compile features
-- Detecting CXX compile features - done
-- CPU: x86_64
-- CXX flags: -march=x86-64 -mtune=generic -O2 -pipe -fno-plt -fexceptions         -Wp,-D_FORTIFY_SOURCE=3 -Wformat -Werror=format-security         -fstack-clash-protection -fcf-protection         -fno-omit-frame-pointer -mno-omit-leaf-frame-pointer -Wp,-D_GLIBCXX_ASSERTIONS -g -ffile-prefix-map=/build/alizams/src=/usr/src/debug/alizams -flto=auto
-- Using Qt6
-- MDCM: mdcmjpeg8;mdcmjpeg12;mdcmjpeg16;mdcmopenjp2;mdcmcharls;mdcmzlib;mdcmuuid
-- Looking for include file byteswap.h
-- Looking for include file byteswap.h - found
-- Performing Test MDCM_HAVE_BYTESWAP_H
-- Performing Test MDCM_HAVE_BYTESWAP_H - Success
-- Looking for rpc.h
-- Looking for rpc.h - not found
-- Performing Test MDCM_CXX_HAS_FUNCTION
-- Performing Test MDCM_CXX_HAS_FUNCTION - Success
-- Looking for stddef.h
-- Looking for stddef.h - found
-- Looking for stdlib.h
-- Looking for stdlib.h - found
-- Looking for string.h
-- Looking for string.h - found
-- Looking for memory.h
-- Looking for memory.h - found
-- Looking for stdio.h
-- Looking for stdio.h - found
-- Looking for math.h
-- Looking for math.h - found
-- Looking for float.h
-- Looking for float.h - found
-- Looking for time.h
-- Looking for time.h - found
-- Looking for stdarg.h
-- Looking for stdarg.h - found
-- Looking for ctype.h
-- Looking for ctype.h - found
-- Looking for assert.h
-- Looking for assert.h - found
-- Looking for stdint.h
-- Looking for stdint.h - found
-- Looking for inttypes.h
-- Looking for inttypes.h - found
-- Looking for strings.h
-- Looking for strings.h - found
-- Looking for sys/stat.h
-- Looking for sys/stat.h - found
-- Looking for sys/types.h
-- Looking for sys/types.h - found
-- Looking for unistd.h
-- Looking for unistd.h - found
-- Checking for 64-bit off_t
-- Checking for 64-bit off_t - present
-- Checking for fseeko/ftello
-- Checking for fseeko/ftello - present
-- Large File support - found
-- Looking for include file malloc.h
-- Looking for include file malloc.h - found
-- Looking for _aligned_malloc
-- Looking for _aligned_malloc - not found
-- Looking for posix_memalign
-- Looking for posix_memalign - found
-- Looking for memalign
-- Looking for memalign - found
-- Check size of off64_t
-- Check size of off64_t - done
-- Looking for unistd.h
-- Looking for unistd.h - found
-- Looking for 5 include files byteswap.h, ..., sys/ioctl.h
-- Looking for 5 include files byteswap.h, ..., sys/ioctl.h - found
-- Looking for 6 include files byteswap.h, ..., sys/time.h
-- Looking for 6 include files byteswap.h, ..., sys/time.h - found
-- Looking for 7 include files byteswap.h, ..., sys/file.h
-- Looking for 7 include files byteswap.h, ..., sys/file.h - found
-- Looking for 8 include files byteswap.h, ..., sys/socket.h
-- Looking for 8 include files byteswap.h, ..., sys/socket.h - found
-- Looking for 9 include files byteswap.h, ..., sys/sockio.h
-- Looking for 9 include files byteswap.h, ..., sys/sockio.h - not found
-- Looking for 9 include files byteswap.h, ..., net/if.h
-- Looking for 9 include files byteswap.h, ..., net/if.h - found
-- Looking for 10 include files byteswap.h, ..., netinet/in.h
-- Looking for 10 include files byteswap.h, ..., netinet/in.h - found
-- Looking for 11 include files byteswap.h, ..., net/if_dl.h
-- Looking for 11 include files byteswap.h, ..., net/if_dl.h - not found
-- Looking for 11 include files byteswap.h, ..., net/if_arp.h
-- Looking for 11 include files byteswap.h, ..., net/if_arp.h - found
-- Found OpenGL: /usr/lib/libOpenGL.so
-- ITK: ITKCommon;Eigen3::Eigen;itksys;itkvnl_algo;itkvnl;itkv3p_netlib;itkvcl;ITKStatistics;ITKTransform;itkNetlibSlatec;ITKSpatialObjects;ITKPath;ITKMetaIO;/usr/lib/libz.so
-- Found Threads: TRUE
-- Performing Test HAVE_STDATOMIC
-- Performing Test HAVE_STDATOMIC - Success
-- Found WrapAtomic: TRUE
-- Found WrapOpenGL: TRUE
-- Could NOT find WrapVulkanHeaders (missing: Vulkan_INCLUDE_DIR) 
-- Could NOT find WrapVulkanHeaders (missing: Vulkan_INCLUDE_DIR) 
-- Found Cups: /usr/lib/libcups.so (found version "2.4.14")
-- LCMS2: alizalcms2
-- Configuring done (7.5s)
-- Generating done (0.1s)
-- Build files have been written to: /build/alizams/src/AlizaMS/build
[  0%] Building C object mdcm/Utilities/mdcmuuid/CMakeFiles/mdcmuuid.dir/pack.c.o
[  0%] Building C object alizalcms/CMakeFiles/alizalcms2.dir/cmscam02.c.o
[  0%] Building C object mdcm/Utilities/mdcmuuid/CMakeFiles/mdcmuuid.dir/compare.c.o
[  0%] Building C object alizalcms/CMakeFiles/alizalcms2.dir/cmsalpha.c.o
[  0%] Building C object mdcm/Utilities/mdcmuuid/CMakeFiles/mdcmuuid.dir/parse.c.o
[  0%] Building C object mdcm/Utilities/mdcmjpeg/8/CMakeFiles/mdcmjpeg8.dir/__/jcomapi.c.o
[  1%] Building C object mdcm/Utilities/mdcmopenjpeg/src/lib/openjp2/CMakeFiles/mdcmopenjp2.dir/thread.c.o
[  1%] Building C object mdcm/Utilities/mdcmjpeg/8/CMakeFiles/mdcmjpeg8.dir/__/jmemnobs.c.o
[  1%] Building C object alizalcms/CMakeFiles/alizalcms2.dir/cmscnvrt.c.o
[  1%] Building CXX object mdcm/Utilities/mdcmcharls/CMakeFiles/mdcmcharls.dir/charls_jpegls_decoder.cpp.o
[  1%] Building C object mdcm/Utilities/mdcmopenjpeg/src/lib/openjp2/CMakeFiles/mdcmopenjp2.dir/bio.c.o
[  1%] Building C object mdcm/Utilities/mdcmjpeg/12/CMakeFiles/mdcmjpeg12.dir/__/jmemnobs.c.o
[  1%] Building C object mdcm/Utilities/mdcmopenjpeg/src/lib/openjp2/CMakeFiles/mdcmopenjp2.dir/cio.c.o
[  1%] Building C object mdcm/Utilities/mdcmzlib/CMakeFiles/mdcmzlib.dir/crc32.c.o
[  1%] Building C object mdcm/Utilities/mdcmuuid/CMakeFiles/mdcmuuid.dir/gen_uuid.c.o
[  1%] Building C object alizalcms/CMakeFiles/alizalcms2.dir/cmscgats.c.o
[  1%] Building C object mdcm/Utilities/mdcmzlib/CMakeFiles/mdcmzlib.dir/adler32.c.o
[  1%] Building C object mdcm/Utilities/mdcmjpeg/16/CMakeFiles/mdcmjpeg16.dir/__/jmemnobs.c.o
[  1%] Building C object mdcm/Utilities/mdcmzlib/CMakeFiles/mdcmzlib.dir/compress.c.o
[  1%] Building C object alizalcms/CMakeFiles/alizalcms2.dir/cmserr.c.o
[  1%] Building C object mdcm/Utilities/mdcmuuid/CMakeFiles/mdcmuuid.dir/unpack.c.o
[  1%] Building C object mdcm/Utilities/mdcmopenjpeg/src/lib/openjp2/CMakeFiles/mdcmopenjp2.dir/dwt.c.o
[  1%] Building C object alizalcms/CMakeFiles/alizalcms2.dir/cmsgamma.c.o
[  1%] Building C object mdcm/Utilities/mdcmjpeg/8/CMakeFiles/mdcmjpeg8.dir/__/jutils.c.o
[  1%] Building C object mdcm/Utilities/mdcmjpeg/8/CMakeFiles/mdcmjpeg8.dir/__/jerror.c.o
[  2%] Building C object mdcm/Utilities/mdcmzlib/CMakeFiles/mdcmzlib.dir/deflate.c.o
[  2%] Building C object mdcm/Utilities/mdcmjpeg/12/CMakeFiles/mdcmjpeg12.dir/__/jcomapi.c.o
[  3%] Building C object mdcm/Utilities/mdcmjpeg/16/CMakeFiles/mdcmjpeg16.dir/__/jcomapi.c.o
[  3%] Building CXX object mdcm/Utilities/mdcmcharls/CMakeFiles/mdcmcharls.dir/charls_jpegls_encoder.cpp.o
[  3%] Building CXX object mdcm/Utilities/mdcmcharls/CMakeFiles/mdcmcharls.dir/jpegls_error.cpp.o
[  4%] Building C object mdcm/Utilities/mdcmuuid/CMakeFiles/mdcmuuid.dir/unparse.c.o
[  4%] Building CXX object mdcm/Utilities/mdcmcharls/CMakeFiles/mdcmcharls.dir/jpegls.cpp.o
[  4%] Building C object mdcm/Utilities/mdcmuuid/CMakeFiles/mdcmuuid.dir/uuid_time.c.o
[  4%] Building CXX object mdcm/Utilities/mdcmcharls/CMakeFiles/mdcmcharls.dir/jpeg_stream_reader.cpp.o
[  4%] Building CXX object mdcm/Utilities/mdcmcharls/CMakeFiles/mdcmcharls.dir/jpeg_stream_writer.cpp.o
[  4%] Building C object mdcm/Utilities/mdcmjpeg/16/CMakeFiles/mdcmjpeg16.dir/__/jutils.c.o
[  5%] Building C object mdcm/Utilities/mdcmopenjpeg/src/lib/openjp2/CMakeFiles/mdcmopenjp2.dir/event.c.o
[  6%] Building C object alizalcms/CMakeFiles/alizalcms2.dir/cmsgmt.c.o
[  6%] Building C object mdcm/Utilities/mdcmjpeg/8/CMakeFiles/mdcmjpeg8.dir/__/jmemmgr.c.o
[  7%] Building C object mdcm/Utilities/mdcmjpeg/12/CMakeFiles/mdcmjpeg12.dir/__/jutils.c.o
[  7%] Building CXX object mdcm/Utilities/mdcmcharls/CMakeFiles/mdcmcharls.dir/validate_spiff_header.cpp.o
[  7%] Building C object mdcm/Utilities/mdcmjpeg/8/CMakeFiles/mdcmjpeg8.dir/__/jcapimin.c.o
[  7%] Building CXX object mdcm/Utilities/mdcmcharls/CMakeFiles/mdcmcharls.dir/version.cpp.o
[  8%] Building C object mdcm/Utilities/mdcmjpeg/8/CMakeFiles/mdcmjpeg8.dir/__/jcapistd.c.o
[  8%] Linking C static library ../../../bin/libmdcmuuid.a
[  8%] Building C object mdcm/Utilities/mdcmjpeg/16/CMakeFiles/mdcmjpeg16.dir/__/jerror.c.o
[  9%] Building C object mdcm/Utilities/mdcmjpeg/12/CMakeFiles/mdcmjpeg12.dir/__/jerror.c.o
[  9%] Building C object mdcm/Utilities/mdcmjpeg/12/CMakeFiles/mdcmjpeg12.dir/__/jmemmgr.c.o
[  9%] Building C object alizalcms/CMakeFiles/alizalcms2.dir/cmshalf.c.o
[  9%] Building C object mdcm/Utilities/mdcmjpeg/8/CMakeFiles/mdcmjpeg8.dir/__/jctrans.c.o
[  9%] Building C object mdcm/Utilities/mdcmzlib/CMakeFiles/mdcmzlib.dir/gzclose.c.o
[  9%] Building C object mdcm/Utilities/mdcmjpeg/12/CMakeFiles/mdcmjpeg12.dir/__/jcapimin.c.o
[  9%] Building C object mdcm/Utilities/mdcmjpeg/12/CMakeFiles/mdcmjpeg12.dir/__/jcapistd.c.o
[  9%] Building C object mdcm/Utilities/mdcmjpeg/16/CMakeFiles/mdcmjpeg16.dir/__/jmemmgr.c.o
[  9%] Building C object mdcm/Utilities/mdcmjpeg/12/CMakeFiles/mdcmjpeg12.dir/__/jctrans.c.o
[  9%] Building C object mdcm/Utilities/mdcmjpeg/16/CMakeFiles/mdcmjpeg16.dir/__/jcapimin.c.o
[  9%] Built target mdcmuuid
[  9%] Building C object alizalcms/CMakeFiles/alizalcms2.dir/cmsintrp.c.o
[  9%] Building C object mdcm/Utilities/mdcmzlib/CMakeFiles/mdcmzlib.dir/gzlib.c.o
[  9%] Building C object alizalcms/CMakeFiles/alizalcms2.dir/cmsio0.c.o
[  9%] Building C object mdcm/Utilities/mdcmjpeg/12/CMakeFiles/mdcmjpeg12.dir/__/jcparam.c.o
[  9%] Building C object mdcm/Utilities/mdcmjpeg/8/CMakeFiles/mdcmjpeg8.dir/__/jcparam.c.o
[  9%] Building C object mdcm/Utilities/mdcmjpeg/16/CMakeFiles/mdcmjpeg16.dir/__/jcapistd.c.o
[  9%] Building C object mdcm/Utilities/mdcmopenjpeg/src/lib/openjp2/CMakeFiles/mdcmopenjp2.dir/ht_dec.c.o
[  9%] Building C object mdcm/Utilities/mdcmopenjpeg/src/lib/openjp2/CMakeFiles/mdcmopenjp2.dir/image.c.o
[  9%] Building C object mdcm/Utilities/mdcmopenjpeg/src/lib/openjp2/CMakeFiles/mdcmopenjp2.dir/invert.c.o
[ 10%] Building C object mdcm/Utilities/mdcmjpeg/16/CMakeFiles/mdcmjpeg16.dir/__/jctrans.c.o
[ 10%] Building C object mdcm/Utilities/mdcmopenjpeg/src/lib/openjp2/CMakeFiles/mdcmopenjp2.dir/j2k.c.o
[ 10%] Building C object mdcm/Utilities/mdcmopenjpeg/src/lib/openjp2/CMakeFiles/mdcmopenjp2.dir/jp2.c.o
[ 10%] Building C object mdcm/Utilities/mdcmzlib/CMakeFiles/mdcmzlib.dir/gzread.c.o
[ 11%] Building C object mdcm/Utilities/mdcmjpeg/12/CMakeFiles/mdcmjpeg12.dir/__/jcinit.c.o
[ 11%] Building C object alizalcms/CMakeFiles/alizalcms2.dir/cmsio1.c.o
[ 12%] Building C object mdcm/Utilities/mdcmopenjpeg/src/lib/openjp2/CMakeFiles/mdcmopenjp2.dir/mct.c.o
[ 12%] Building C object mdcm/Utilities/mdcmjpeg/8/CMakeFiles/mdcmjpeg8.dir/__/jcinit.c.o
[ 12%] Building C object mdcm/Utilities/mdcmjpeg/16/CMakeFiles/mdcmjpeg16.dir/__/jcparam.c.o
[ 12%] Building C object mdcm/Utilities/mdcmopenjpeg/src/lib/openjp2/CMakeFiles/mdcmopenjp2.dir/mqc.c.o
[ 12%] Building C object mdcm/Utilities/mdcmjpeg/12/CMakeFiles/mdcmjpeg12.dir/__/jcmarker.c.o
[ 12%] Building C object mdcm/Utilities/mdcmjpeg/12/CMakeFiles/mdcmjpeg12.dir/__/jcmaster.c.o
[ 12%] Building C object mdcm/Utilities/mdcmjpeg/8/CMakeFiles/mdcmjpeg8.dir/__/jcmaster.c.o
[ 12%] Building C object alizalcms/CMakeFiles/alizalcms2.dir/cmslut.c.o
[ 12%] Building C object mdcm/Utilities/mdcmzlib/CMakeFiles/mdcmzlib.dir/gzwrite.c.o
[ 12%] Building C object mdcm/Utilities/mdcmjpeg/16/CMakeFiles/mdcmjpeg16.dir/__/jcinit.c.o
[ 12%] Building C object mdcm/Utilities/mdcmopenjpeg/src/lib/openjp2/CMakeFiles/mdcmopenjp2.dir/openjpeg.c.o
[ 13%] Building C object alizalcms/CMakeFiles/alizalcms2.dir/cmsmd5.c.o
[ 13%] Building C object mdcm/Utilities/mdcmzlib/CMakeFiles/mdcmzlib.dir/inflate.c.o
[ 13%] Building C object mdcm/Utilities/mdcmjpeg/12/CMakeFiles/mdcmjpeg12.dir/__/jcmainct.c.o
[ 13%] Building C object mdcm/Utilities/mdcmjpeg/8/CMakeFiles/mdcmjpeg8.dir/__/jcmarker.c.o
[ 13%] Building C object mdcm/Utilities/mdcmjpeg/16/CMakeFiles/mdcmjpeg16.dir/__/jcmaster.c.o
[ 13%] Building C object alizalcms/CMakeFiles/alizalcms2.dir/cmsmtrx.c.o
[ 14%] Building C object mdcm/Utilities/mdcmzlib/CMakeFiles/mdcmzlib.dir/infback.c.o
[ 14%] Building C object mdcm/Utilities/mdcmzlib/CMakeFiles/mdcmzlib.dir/inftrees.c.o
[ 14%] Building C object mdcm/Utilities/mdcmjpeg/16/CMakeFiles/mdcmjpeg16.dir/__/jcmarker.c.o
[ 14%] Building C object mdcm/Utilities/mdcmzlib/CMakeFiles/mdcmzlib.dir/inffast.c.o
[ 14%] Building C object mdcm/Utilities/mdcmzlib/CMakeFiles/mdcmzlib.dir/uncompr.c.o
[ 14%] Building C object mdcm/Utilities/mdcmzlib/CMakeFiles/mdcmzlib.dir/trees.c.o
[ 14%] Building C object mdcm/Utilities/mdcmjpeg/12/CMakeFiles/mdcmjpeg12.dir/__/jcprepct.c.o
[ 14%] Building C object alizalcms/CMakeFiles/alizalcms2.dir/cmsnamed.c.o
[ 15%] Building C object mdcm/Utilities/mdcmjpeg/8/CMakeFiles/mdcmjpeg8.dir/__/jcmainct.c.o
[ 15%] Building C object mdcm/Utilities/mdcmjpeg/12/CMakeFiles/mdcmjpeg12.dir/__/jccoefct.c.o
[ 16%] Building C object mdcm/Utilities/mdcmjpeg/16/CMakeFiles/mdcmjpeg16.dir/__/jcprepct.c.o
[ 16%] Building C object mdcm/Utilities/mdcmjpeg/16/CMakeFiles/mdcmjpeg16.dir/__/jcmainct.c.o
[ 16%] Building C object mdcm/Utilities/mdcmjpeg/16/CMakeFiles/mdcmjpeg16.dir/__/jccoefct.c.o
[ 16%] Building C object mdcm/Utilities/mdcmzlib/CMakeFiles/mdcmzlib.dir/zutil.c.o
[ 17%] Building C object mdcm/Utilities/mdcmjpeg/12/CMakeFiles/mdcmjpeg12.dir/__/jccolor.c.o
[ 17%] Building C object mdcm/Utilities/mdcmopenjpeg/src/lib/openjp2/CMakeFiles/mdcmopenjp2.dir/opj_clock.c.o
[ 17%] Building C object mdcm/Utilities/mdcmjpeg/16/CMakeFiles/mdcmjpeg16.dir/__/jccolor.c.o
[ 17%] Building C object mdcm/Utilities/mdcmjpeg/12/CMakeFiles/mdcmjpeg12.dir/__/jcsample.c.o
[ 17%] Building C object mdcm/Utilities/mdcmjpeg/12/CMakeFiles/mdcmjpeg12.dir/__/jchuff.c.o
[ 17%] Building C object mdcm/Utilities/mdcmjpeg/8/CMakeFiles/mdcmjpeg8.dir/__/jcprepct.c.o
[ 17%] Building C object mdcm/Utilities/mdcmjpeg/12/CMakeFiles/mdcmjpeg12.dir/__/jcphuff.c.o
[ 17%] Building C object mdcm/Utilities/mdcmjpeg/12/CMakeFiles/mdcmjpeg12.dir/__/jcdctmgr.c.o
[ 17%] Building C object mdcm/Utilities/mdcmopenjpeg/src/lib/openjp2/CMakeFiles/mdcmopenjp2.dir/pi.c.o
[ 17%] Building C object mdcm/Utilities/mdcmopenjpeg/src/lib/openjp2/CMakeFiles/mdcmopenjp2.dir/t1.c.o
[ 18%] Linking C static library ../../../bin/libmdcmzlib.a
[ 18%] Building C object mdcm/Utilities/mdcmjpeg/16/CMakeFiles/mdcmjpeg16.dir/__/jchuff.c.o
[ 18%] Building C object mdcm/Utilities/mdcmjpeg/16/CMakeFiles/mdcmjpeg16.dir/__/jcsample.c.o
[ 18%] Building C object mdcm/Utilities/mdcmjpeg/8/CMakeFiles/mdcmjpeg8.dir/__/jccoefct.c.o
[ 19%] Building C object mdcm/Utilities/mdcmopenjpeg/src/lib/openjp2/CMakeFiles/mdcmopenjp2.dir/t2.c.o
[ 19%] Building C object mdcm/Utilities/mdcmjpeg/12/CMakeFiles/mdcmjpeg12.dir/__/jfdctfst.c.o
[ 19%] Building C object mdcm/Utilities/mdcmopenjpeg/src/lib/openjp2/CMakeFiles/mdcmopenjp2.dir/tcd.c.o
[ 19%] Building C object mdcm/Utilities/mdcmopenjpeg/src/lib/openjp2/CMakeFiles/mdcmopenjp2.dir/tgt.c.o
[ 19%] Building C object alizalcms/CMakeFiles/alizalcms2.dir/cmsopt.c.o
[ 20%] Building C object mdcm/Utilities/mdcmjpeg/12/CMakeFiles/mdcmjpeg12.dir/__/jfdctflt.c.o
[ 20%] Building C object alizalcms/CMakeFiles/alizalcms2.dir/cmspack.c.o
[ 20%] Building C object mdcm/Utilities/mdcmjpeg/12/CMakeFiles/mdcmjpeg12.dir/__/jdatadst.c.o
[ 20%] Building C object mdcm/Utilities/mdcmopenjpeg/src/lib/openjp2/CMakeFiles/mdcmopenjp2.dir/function_list.c.o
[ 20%] Building C object mdcm/Utilities/mdcmopenjpeg/src/lib/openjp2/CMakeFiles/mdcmopenjp2.dir/opj_malloc.c.o
[ 20%] Building C object mdcm/Utilities/mdcmjpeg/12/CMakeFiles/mdcmjpeg12.dir/__/jdapimin.c.o
[ 20%] Building C object mdcm/Utilities/mdcmjpeg/16/CMakeFiles/mdcmjpeg16.dir/__/jcphuff.c.o
[ 20%] Building C object mdcm/Utilities/mdcmjpeg/8/CMakeFiles/mdcmjpeg8.dir/__/jccolor.c.o
[ 20%] Building C object mdcm/Utilities/mdcmopenjpeg/src/lib/openjp2/CMakeFiles/mdcmopenjp2.dir/sparse_array.c.o
[ 21%] Building C object mdcm/Utilities/mdcmjpeg/16/CMakeFiles/mdcmjpeg16.dir/__/jcdctmgr.c.o
[ 21%] Built target mdcmzlib
[ 21%] Building C object alizalcms/CMakeFiles/alizalcms2.dir/cmspcs.c.o
[ 21%] Building C object mdcm/Utilities/mdcmjpeg/12/CMakeFiles/mdcmjpeg12.dir/__/jdapistd.c.o
[ 21%] Building C object mdcm/Utilities/mdcmjpeg/8/CMakeFiles/mdcmjpeg8.dir/__/jcsample.c.o
[ 21%] Building C object mdcm/Utilities/mdcmjpeg/12/CMakeFiles/mdcmjpeg12.dir/__/jdtrans.c.o
[ 22%] Building C object alizalcms/CMakeFiles/alizalcms2.dir/cmsplugin.c.o
[ 22%] Building C object mdcm/Utilities/mdcmjpeg/12/CMakeFiles/mdcmjpeg12.dir/__/jdmaster.c.o
[ 22%] Building C object alizalcms/CMakeFiles/alizalcms2.dir/cmsps2.c.o
[ 22%] Building C object mdcm/Utilities/mdcmjpeg/8/CMakeFiles/mdcmjpeg8.dir/__/jchuff.c.o
[ 23%] Building C object mdcm/Utilities/mdcmjpeg/12/CMakeFiles/mdcmjpeg12.dir/__/jdinput.c.o
[ 23%] Building C object mdcm/Utilities/mdcmjpeg/16/CMakeFiles/mdcmjpeg16.dir/__/jfdctfst.c.o
[ 24%] Building C object mdcm/Utilities/mdcmjpeg/8/CMakeFiles/mdcmjpeg8.dir/__/jcphuff.c.o
[ 24%] Building C object alizalcms/CMakeFiles/alizalcms2.dir/cmssamp.c.o
[ 24%] Building C object mdcm/Utilities/mdcmjpeg/8/CMakeFiles/mdcmjpeg8.dir/__/jcdctmgr.c.o
[ 24%] Building C object mdcm/Utilities/mdcmjpeg/8/CMakeFiles/mdcmjpeg8.dir/__/jfdctfst.c.o
[ 24%] Building C object mdcm/Utilities/mdcmjpeg/16/CMakeFiles/mdcmjpeg16.dir/__/jfdctflt.c.o
[ 24%] Building C object mdcm/Utilities/mdcmjpeg/8/CMakeFiles/mdcmjpeg8.dir/__/jfdctflt.c.o
[ 24%] Building C object alizalcms/CMakeFiles/alizalcms2.dir/cmssm.c.o
[ 24%] Building C object mdcm/Utilities/mdcmjpeg/12/CMakeFiles/mdcmjpeg12.dir/__/jdmarker.c.o
[ 24%] Building C object mdcm/Utilities/mdcmjpeg/12/CMakeFiles/mdcmjpeg12.dir/__/jdhuff.c.o
[ 24%] Building C object alizalcms/CMakeFiles/alizalcms2.dir/cmstypes.c.o
[ 24%] Building C object mdcm/Utilities/mdcmjpeg/8/CMakeFiles/mdcmjpeg8.dir/__/jdatadst.c.o
[ 24%] Building C object alizalcms/CMakeFiles/alizalcms2.dir/cmsvirt.c.o
[ 24%] Building C object mdcm/Utilities/mdcmjpeg/8/CMakeFiles/mdcmjpeg8.dir/__/jdapimin.c.o
[ 25%] Building C object mdcm/Utilities/mdcmjpeg/8/CMakeFiles/mdcmjpeg8.dir/__/jdapistd.c.o
[ 25%] Building C object mdcm/Utilities/mdcmjpeg/8/CMakeFiles/mdcmjpeg8.dir/__/jdtrans.c.o
[ 25%] Building C object mdcm/Utilities/mdcmjpeg/12/CMakeFiles/mdcmjpeg12.dir/__/jdphuff.c.o
[ 25%] Building C object mdcm/Utilities/mdcmjpeg/16/CMakeFiles/mdcmjpeg16.dir/__/jdatadst.c.o
[ 26%] Building C object mdcm/Utilities/mdcmjpeg/8/CMakeFiles/mdcmjpeg8.dir/__/jdmaster.c.o
[ 26%] Building C object alizalcms/CMakeFiles/alizalcms2.dir/cmsxform.c.o
[ 26%] Building C object alizalcms/CMakeFiles/alizalcms2.dir/cmswtpnt.c.o
[ 26%] Building C object mdcm/Utilities/mdcmjpeg/12/CMakeFiles/mdcmjpeg12.dir/__/jdmainct.c.o
[ 26%] Building C object mdcm/Utilities/mdcmjpeg/16/CMakeFiles/mdcmjpeg16.dir/__/jdapimin.c.o
[ 26%] Building C object mdcm/Utilities/mdcmjpeg/8/CMakeFiles/mdcmjpeg8.dir/__/jdinput.c.o
[ 27%] Building C object mdcm/Utilities/mdcmjpeg/16/CMakeFiles/mdcmjpeg16.dir/__/jdtrans.c.o
[ 27%] Building C object mdcm/Utilities/mdcmjpeg/16/CMakeFiles/mdcmjpeg16.dir/__/jdapistd.c.o
[ 27%] Building C object mdcm/Utilities/mdcmjpeg/12/CMakeFiles/mdcmjpeg12.dir/__/jdcoefct.c.o
[ 27%] Building C object mdcm/Utilities/mdcmjpeg/8/CMakeFiles/mdcmjpeg8.dir/__/jdmarker.c.o
[ 28%] Building C object mdcm/Utilities/mdcmjpeg/12/CMakeFiles/mdcmjpeg12.dir/__/jdpostct.c.o
[ 28%] Building C object mdcm/Utilities/mdcmjpeg/16/CMakeFiles/mdcmjpeg16.dir/__/jdmaster.c.o
[ 28%] Building C object mdcm/Utilities/mdcmjpeg/16/CMakeFiles/mdcmjpeg16.dir/__/jdinput.c.o
[ 28%] Building C object mdcm/Utilities/mdcmjpeg/16/CMakeFiles/mdcmjpeg16.dir/__/jdmarker.c.o
[ 28%] Building C object mdcm/Utilities/mdcmjpeg/16/CMakeFiles/mdcmjpeg16.dir/__/jdhuff.c.o
[ 28%] Building C object mdcm/Utilities/mdcmjpeg/12/CMakeFiles/mdcmjpeg12.dir/__/jddctmgr.c.o
[ 28%] Building C object mdcm/Utilities/mdcmjpeg/16/CMakeFiles/mdcmjpeg16.dir/__/jdphuff.c.o
[ 28%] Building C object mdcm/Utilities/mdcmjpeg/12/CMakeFiles/mdcmjpeg12.dir/__/jidctfst.c.o
[ 28%] Building C object mdcm/Utilities/mdcmjpeg/8/CMakeFiles/mdcmjpeg8.dir/__/jdhuff.c.o
[ 29%] Building C object mdcm/Utilities/mdcmjpeg/16/CMakeFiles/mdcmjpeg16.dir/__/jdmainct.c.o
[ 30%] Building C object mdcm/Utilities/mdcmjpeg/8/CMakeFiles/mdcmjpeg8.dir/__/jdphuff.c.o
[ 30%] Building C object mdcm/Utilities/mdcmjpeg/12/CMakeFiles/mdcmjpeg12.dir/__/jidctflt.c.o
[ 30%] Building C object mdcm/Utilities/mdcmjpeg/12/CMakeFiles/mdcmjpeg12.dir/__/jidctint.c.o
[ 30%] Building C object mdcm/Utilities/mdcmjpeg/12/CMakeFiles/mdcmjpeg12.dir/__/jidctred.c.o
[ 31%] Building C object mdcm/Utilities/mdcmjpeg/12/CMakeFiles/mdcmjpeg12.dir/__/jdsample.c.o
[ 31%] Building C object mdcm/Utilities/mdcmjpeg/12/CMakeFiles/mdcmjpeg12.dir/__/jdcolor.c.o
[ 31%] Building C object mdcm/Utilities/mdcmjpeg/16/CMakeFiles/mdcmjpeg16.dir/__/jdcoefct.c.o
[ 31%] Building C object mdcm/Utilities/mdcmjpeg/8/CMakeFiles/mdcmjpeg8.dir/__/jdmainct.c.o
[ 31%] Building C object mdcm/Utilities/mdcmjpeg/12/CMakeFiles/mdcmjpeg12.dir/__/jquant1.c.o
[ 31%] Building C object mdcm/Utilities/mdcmjpeg/12/CMakeFiles/mdcmjpeg12.dir/__/jquant2.c.o
[ 31%] Building C object mdcm/Utilities/mdcmjpeg/8/CMakeFiles/mdcmjpeg8.dir/__/jdcoefct.c.o
[ 31%] Building C object mdcm/Utilities/mdcmjpeg/12/CMakeFiles/mdcmjpeg12.dir/__/jdmerge.c.o
[ 31%] Building C object mdcm/Utilities/mdcmjpeg/16/CMakeFiles/mdcmjpeg16.dir/__/jdpostct.c.o
[ 31%] Building C object mdcm/Utilities/mdcmjpeg/8/CMakeFiles/mdcmjpeg8.dir/__/jdpostct.c.o
[ 31%] Building C object mdcm/Utilities/mdcmjpeg/16/CMakeFiles/mdcmjpeg16.dir/__/jddctmgr.c.o
[ 31%] Building C object mdcm/Utilities/mdcmjpeg/12/CMakeFiles/mdcmjpeg12.dir/__/jdatasrc.c.o
[ 31%] Building C object mdcm/Utilities/mdcmjpeg/16/CMakeFiles/mdcmjpeg16.dir/__/jidctfst.c.o
[ 31%] Building C object mdcm/Utilities/mdcmjpeg/16/CMakeFiles/mdcmjpeg16.dir/__/jidctflt.c.o
[ 31%] Building C object mdcm/Utilities/mdcmjpeg/8/CMakeFiles/mdcmjpeg8.dir/__/jddctmgr.c.o
[ 33%] Building C object mdcm/Utilities/mdcmjpeg/12/CMakeFiles/mdcmjpeg12.dir/__/jfdctint.c.o
[ 33%] Building C object mdcm/Utilities/mdcmjpeg/16/CMakeFiles/mdcmjpeg16.dir/__/jidctint.c.o
[ 33%] Building C object mdcm/Utilities/mdcmjpeg/16/CMakeFiles/mdcmjpeg16.dir/__/jidctred.c.o
[ 33%] Building C object mdcm/Utilities/mdcmjpeg/12/CMakeFiles/mdcmjpeg12.dir/__/jclossy.c.o
[ 33%] Building C object mdcm/Utilities/mdcmjpeg/8/CMakeFiles/mdcmjpeg8.dir/__/jidctfst.c.o
[ 33%] Building C object mdcm/Utilities/mdcmjpeg/12/CMakeFiles/mdcmjpeg12.dir/__/jcodec.c.o
[ 33%] Building C object mdcm/Utilities/mdcmjpeg/12/CMakeFiles/mdcmjpeg12.dir/__/jclossls.c.o
[ 33%] Building C object mdcm/Utilities/mdcmjpeg/12/CMakeFiles/mdcmjpeg12.dir/__/jcscale.c.o
[ 33%] Building C object mdcm/Utilities/mdcmjpeg/16/CMakeFiles/mdcmjpeg16.dir/__/jdsample.c.o
[ 34%] Building C object mdcm/Utilities/mdcmjpeg/8/CMakeFiles/mdcmjpeg8.dir/__/jidctflt.c.o
[ 34%] Building C object mdcm/Utilities/mdcmjpeg/16/CMakeFiles/mdcmjpeg16.dir/__/jdcolor.c.o
[ 34%] Building C object mdcm/Utilities/mdcmjpeg/12/CMakeFiles/mdcmjpeg12.dir/__/jcshuff.c.o
[ 35%] Building C object mdcm/Utilities/mdcmjpeg/12/CMakeFiles/mdcmjpeg12.dir/__/jclhuff.c.o
[ 35%] Building C object mdcm/Utilities/mdcmjpeg/16/CMakeFiles/mdcmjpeg16.dir/__/jquant1.c.o
[ 35%] Building C object mdcm/Utilities/mdcmjpeg/12/CMakeFiles/mdcmjpeg12.dir/__/jcdiffct.c.o
[ 35%] Building C object mdcm/Utilities/mdcmjpeg/8/CMakeFiles/mdcmjpeg8.dir/__/jidctint.c.o
[ 35%] Building C object mdcm/Utilities/mdcmjpeg/12/CMakeFiles/mdcmjpeg12.dir/__/jcpred.c.o
[ 35%] Building C object mdcm/Utilities/mdcmjpeg/16/CMakeFiles/mdcmjpeg16.dir/__/jquant2.c.o
[ 35%] Building C object mdcm/Utilities/mdcmjpeg/12/CMakeFiles/mdcmjpeg12.dir/__/jdlossls.c.o
[ 36%] Building C object mdcm/Utilities/mdcmjpeg/16/CMakeFiles/mdcmjpeg16.dir/__/jdmerge.c.o
[ 36%] Building C object mdcm/Utilities/mdcmjpeg/8/CMakeFiles/mdcmjpeg8.dir/__/jidctred.c.o
[ 37%] Building C object mdcm/Utilities/mdcmjpeg/12/CMakeFiles/mdcmjpeg12.dir/__/jddiffct.c.o
[ 37%] Building C object mdcm/Utilities/mdcmjpeg/12/CMakeFiles/mdcmjpeg12.dir/__/jdlhuff.c.o
[ 37%] Building C object mdcm/Utilities/mdcmjpeg/12/CMakeFiles/mdcmjpeg12.dir/__/jdlossy.c.o
[ 37%] Building C object mdcm/Utilities/mdcmjpeg/8/CMakeFiles/mdcmjpeg8.dir/__/jdsample.c.o
[ 37%] Building C object mdcm/Utilities/mdcmjpeg/8/CMakeFiles/mdcmjpeg8.dir/__/jdcolor.c.o
[ 37%] Building C object mdcm/Utilities/mdcmjpeg/12/CMakeFiles/mdcmjpeg12.dir/__/jdpred.c.o
[ 37%] Building C object mdcm/Utilities/mdcmjpeg/8/CMakeFiles/mdcmjpeg8.dir/__/jquant1.c.o
[ 37%] Building C object mdcm/Utilities/mdcmjpeg/16/CMakeFiles/mdcmjpeg16.dir/__/jdatasrc.c.o
[ 37%] Building C object mdcm/Utilities/mdcmjpeg/12/CMakeFiles/mdcmjpeg12.dir/__/jdscale.c.o
[ 37%] Building C object mdcm/Utilities/mdcmjpeg/16/CMakeFiles/mdcmjpeg16.dir/__/jfdctint.c.o
[ 37%] Building C object mdcm/Utilities/mdcmjpeg/16/CMakeFiles/mdcmjpeg16.dir/__/jclossy.c.o
[ 37%] Building C object mdcm/Utilities/mdcmjpeg/12/CMakeFiles/mdcmjpeg12.dir/__/jdshuff.c.o
[ 38%] Building C object mdcm/Utilities/mdcmjpeg/8/CMakeFiles/mdcmjpeg8.dir/__/jquant2.c.o
[ 38%] Linking C static library ../bin/libalizalcms2.a
[ 38%] Building C object mdcm/Utilities/mdcmjpeg/8/CMakeFiles/mdcmjpeg8.dir/__/jdmerge.c.o
[ 38%] Building C object mdcm/Utilities/mdcmjpeg/16/CMakeFiles/mdcmjpeg16.dir/__/jclossls.c.o
[ 38%] Building C object mdcm/Utilities/mdcmjpeg/8/CMakeFiles/mdcmjpeg8.dir/__/jdatasrc.c.o
[ 38%] Building C object mdcm/Utilities/mdcmjpeg/8/CMakeFiles/mdcmjpeg8.dir/__/jfdctint.c.o
[ 38%] Building C object mdcm/Utilities/mdcmjpeg/8/CMakeFiles/mdcmjpeg8.dir/__/jclossls.c.o
[ 38%] Building C object mdcm/Utilities/mdcmjpeg/8/CMakeFiles/mdcmjpeg8.dir/__/jclossy.c.o
[ 38%] Building C object mdcm/Utilities/mdcmjpeg/16/CMakeFiles/mdcmjpeg16.dir/__/jcodec.c.o
[ 40%] Building C object mdcm/Utilities/mdcmjpeg/8/CMakeFiles/mdcmjpeg8.dir/__/jcodec.c.o
[ 40%] Building C object mdcm/Utilities/mdcmjpeg/16/CMakeFiles/mdcmjpeg16.dir/__/jcscale.c.o
[ 40%] Building C object mdcm/Utilities/mdcmjpeg/16/CMakeFiles/mdcmjpeg16.dir/__/jcshuff.c.o
[ 40%] Building C object mdcm/Utilities/mdcmjpeg/16/CMakeFiles/mdcmjpeg16.dir/__/jcpred.c.o
[ 40%] Building C object mdcm/Utilities/mdcmjpeg/8/CMakeFiles/mdcmjpeg8.dir/__/jcscale.c.o
[ 40%] Building C object mdcm/Utilities/mdcmjpeg/16/CMakeFiles/mdcmjpeg16.dir/__/jclhuff.c.o
[ 40%] Building C object mdcm/Utilities/mdcmjpeg/16/CMakeFiles/mdcmjpeg16.dir/__/jcdiffct.c.o
[ 40%] Building C object mdcm/Utilities/mdcmjpeg/8/CMakeFiles/mdcmjpeg8.dir/__/jcshuff.c.o
[ 40%] Linking C static library ../../../../bin/libmdcmjpeg12.a
[ 40%] Building C object mdcm/Utilities/mdcmjpeg/16/CMakeFiles/mdcmjpeg16.dir/__/jdlossls.c.o
[ 40%] Building C object mdcm/Utilities/mdcmjpeg/8/CMakeFiles/mdcmjpeg8.dir/__/jcpred.c.o
[ 40%] Building C object mdcm/Utilities/mdcmjpeg/8/CMakeFiles/mdcmjpeg8.dir/__/jclhuff.c.o
[ 41%] Building C object mdcm/Utilities/mdcmjpeg/8/CMakeFiles/mdcmjpeg8.dir/__/jcdiffct.c.o
[ 41%] Building C object mdcm/Utilities/mdcmjpeg/8/CMakeFiles/mdcmjpeg8.dir/__/jdlossls.c.o
[ 41%] Building C object mdcm/Utilities/mdcmjpeg/16/CMakeFiles/mdcmjpeg16.dir/__/jdlossy.c.o
[ 42%] Building C object mdcm/Utilities/mdcmjpeg/16/CMakeFiles/mdcmjpeg16.dir/__/jdlhuff.c.o
[ 42%] Building C object mdcm/Utilities/mdcmjpeg/8/CMakeFiles/mdcmjpeg8.dir/__/jdlossy.c.o
[ 42%] Building C object mdcm/Utilities/mdcmjpeg/16/CMakeFiles/mdcmjpeg16.dir/__/jddiffct.c.o
[ 42%] Building C object mdcm/Utilities/mdcmjpeg/8/CMakeFiles/mdcmjpeg8.dir/__/jdlhuff.c.o
[ 42%] Built target alizalcms2
[ 42%] Building C object mdcm/Utilities/mdcmjpeg/16/CMakeFiles/mdcmjpeg16.dir/__/jdpred.c.o
[ 42%] Building C object mdcm/Utilities/mdcmjpeg/16/CMakeFiles/mdcmjpeg16.dir/__/jdscale.c.o
[ 42%] Building C object mdcm/Utilities/mdcmjpeg/8/CMakeFiles/mdcmjpeg8.dir/__/jddiffct.c.o
[ 42%] Building C object mdcm/Utilities/mdcmjpeg/8/CMakeFiles/mdcmjpeg8.dir/__/jdpred.c.o
[ 42%] Building C object mdcm/Utilities/mdcmjpeg/8/CMakeFiles/mdcmjpeg8.dir/__/jdscale.c.o
[ 42%] Building C object mdcm/Utilities/mdcmjpeg/16/CMakeFiles/mdcmjpeg16.dir/__/jdshuff.c.o
[ 43%] Building C object mdcm/Utilities/mdcmjpeg/8/CMakeFiles/mdcmjpeg8.dir/__/jdshuff.c.o
[ 43%] Built target mdcmjpeg12
[ 43%] Linking C static library ../../../../bin/libmdcmjpeg16.a
[ 43%] Linking C static library ../../../../bin/libmdcmjpeg8.a
[ 44%] Linking C static library ../../../../../../bin/libmdcmopenjp2.a
[ 44%] Built target mdcmjpeg16
[ 44%] Built target mdcmjpeg8
[ 44%] Built target mdcmopenjp2
[ 44%] Linking CXX static library ../../../bin/libmdcmcharls.a
[ 44%] Built target mdcmcharls
[ 45%] Generating GUI/moc_aboutwidget.cpp
[ 45%] Generating GUI/moc_animwidget.cpp
[ 45%] Generating CG/moc_glwidget-qt5-core.cpp
[ 45%] Generating GUI/moc_findrefdialog.cpp
[ 45%] Generating ui_toolbox2D.h
[ 46%] Generating GUI/moc_histogramview.cpp
[ 46%] Generating GUI/moc_graphicswidget.cpp
[ 46%] Generating GUI/moc_aliza.cpp
[ 47%] Generating GUI/moc_imageinfodialog.cpp
[ 47%] Generating GUI/moc_graphicsview.cpp
[ 47%] Generating GUI/moc_mainwindow.cpp
[ 47%] Generating GUI/moc_qxtspanslider.cpp
[ 47%] Generating GUI/moc_qxtspanslider_p.cpp
[ 47%] Generating GUI/moc_settingswidget.cpp
[ 47%] Generating GUI/moc_sliderwidget.cpp
[ 47%] Generating GUI/moc_matrixbutton.cpp
[ 47%] Generating GUI/moc_lutwidget.cpp
[ 47%] Generating GUI/moc_imagesbox.cpp
[ 47%] Generating GUI/moc_srwidget.cpp
[ 47%] Generating GUI/moc_infodialog.cpp
[ 48%] Generating GUI/moc_studyframewidget.cpp
[ 48%] Generating GUI/moc_studygraphicsview.cpp
[ 48%] Generating GUI/moc_toolbox2D.cpp
[ 48%] Generating GUI/moc_toolbox.cpp
[ 48%] Generating GUI/moc_zoomwidget.cpp
[ 48%] Generating GUI/moc_studygraphicswidget.cpp
[ 48%] Generating GUI/moc_studyviewwidget.cpp
[ 48%] Generating GUI/moc_zrangewidget.cpp
[ 48%] Generating browser/moc_anonymazerwidget2.cpp
[ 48%] Generating browser/moc_sqtree.cpp
[ 49%] Generating browser/moc_browserwidget2.cpp
[ 50%] Generating browser/moc_ctkdialog.cpp
[ 50%] Generating browser/moc_helpwidget.cpp
[ 50%] Generating dicom/moc_loaddicom_t.cpp
[ 50%] Generating qrc_alizams.cpp
[ 50%] Generating ui_aboutwidget.h
[ 50%] Generating ui_animwidget.h
[ 50%] Generating ui_anonymazerwidget2.h
[ 50%] Generating ui_browserwidget2.h
[ 50%] Generating ui_ctkdialog.h
[ 50%] Generating ui_helpwidget.h
[ 50%] Generating ui_imageinfodialog.h
[ 50%] Generating ui_findrefdialog.h
[ 51%] Generating ui_imagesbox.h
[ 51%] Generating ui_sliderwidget.h
[ 51%] Generating ui_infodialog.h
[ 51%] Generating ui_settingswidget.h
[ 52%] Generating ui_sqtree.h
[ 52%] Generating ui_mainwindow.h
[ 52%] Generating ui_srwidget.h
[ 53%] Generating ui_toolbox.h
[ 53%] Generating ui_studyframewidget.h
[ 53%] Generating ui_studyviewwidget.h
[ 53%] Building CXX object CMakeFiles/alizams.dir/b/LinearMath/btGeometryUtil.cpp.o
[ 53%] Building CXX object CMakeFiles/alizams.dir/common/structures.cpp.o
[ 54%] Building CXX object CMakeFiles/alizams.dir/common/mmath.cpp.o
[ 54%] Building CXX object CMakeFiles/alizams.dir/b/LinearMath/btSerializer.cpp.o
[ 54%] Building CXX object CMakeFiles/alizams.dir/b/LinearMath/btConvexHullComputer.cpp.o
[ 54%] Building CXX object CMakeFiles/alizams.dir/b/LinearMath/btQuickprof.cpp.o
[ 54%] Building CXX object CMakeFiles/alizams.dir/main.cpp.o
[ 54%] Building CXX object CMakeFiles/alizams.dir/b/LinearMath/btAlignedAllocator.cpp.o
[ 54%] Building CXX object CMakeFiles/alizams.dir/b/LinearMath/btReducedVector.cpp.o
[ 54%] Building CXX object CMakeFiles/alizams.dir/b/LinearMath/btThreads.cpp.o
[ 55%] Building CXX object CMakeFiles/alizams.dir/b/LinearMath/btPolarDecomposition.cpp.o
[ 55%] Building CXX object CMakeFiles/alizams.dir/b/LinearMath/btConvexHull.cpp.o
[ 55%] Building CXX object CMakeFiles/alizams.dir/b/LinearMath/btSerializer64.cpp.o
[ 56%] Building CXX object CMakeFiles/alizams.dir/b/LinearMath/TaskScheduler/btThreadSupportWin32.cpp.o
[ 56%] Building CXX object CMakeFiles/alizams.dir/b/BulletCollision/BroadphaseCollision/btBroadphaseProxy.cpp.o
[ 56%] Building CXX object CMakeFiles/alizams.dir/b/LinearMath/TaskScheduler/btTaskScheduler.cpp.o
[ 56%] Building CXX object CMakeFiles/alizams.dir/b/BulletCollision/BroadphaseCollision/btAxisSweep3.cpp.o
[ 56%] Building CXX object CMakeFiles/alizams.dir/b/BulletCollision/BroadphaseCollision/btCollisionAlgorithm.cpp.o
[ 56%] Building CXX object CMakeFiles/alizams.dir/b/LinearMath/TaskScheduler/btThreadSupportPosix.cpp.o
[ 56%] Building CXX object CMakeFiles/alizams.dir/b/LinearMath/btVector3.cpp.o
[ 56%] Building CXX object CMakeFiles/alizams.dir/b/BulletCollision/BroadphaseCollision/btDbvt.cpp.o
[ 56%] Building CXX object CMakeFiles/alizams.dir/b/BulletCollision/BroadphaseCollision/btDbvtBroadphase.cpp.o
[ 57%] Building CXX object CMakeFiles/alizams.dir/b/BulletCollision/BroadphaseCollision/btOverlappingPairCache.cpp.o
[ 57%] Building CXX object CMakeFiles/alizams.dir/b/BulletCollision/BroadphaseCollision/btDispatcher.cpp.o
[ 57%] Building CXX object CMakeFiles/alizams.dir/b/BulletCollision/BroadphaseCollision/btQuantizedBvh.cpp.o
[ 57%] Building CXX object CMakeFiles/alizams.dir/b/BulletCollision/BroadphaseCollision/btSimpleBroadphase.cpp.o
[ 57%] Building CXX object CMakeFiles/alizams.dir/b/BulletCollision/CollisionDispatch/btActivatingCollisionAlgorithm.cpp.o
[ 57%] Building CXX object CMakeFiles/alizams.dir/b/BulletCollision/CollisionDispatch/btBoxBoxCollisionAlgorithm.cpp.o
[ 58%] Building CXX object CMakeFiles/alizams.dir/b/BulletCollision/CollisionDispatch/btBox2dBox2dCollisionAlgorithm.cpp.o
[ 58%] Building CXX object CMakeFiles/alizams.dir/b/BulletCollision/CollisionDispatch/btBoxBoxDetector.cpp.o
[ 58%] Building CXX object CMakeFiles/alizams.dir/b/BulletCollision/CollisionDispatch/btCollisionDispatcher.cpp.o
[ 58%] Building CXX object CMakeFiles/alizams.dir/b/BulletCollision/CollisionDispatch/btCollisionDispatcherMt.cpp.o
[ 58%] Building CXX object CMakeFiles/alizams.dir/b/BulletCollision/CollisionDispatch/btCollisionObject.cpp.o
[ 58%] Building CXX object CMakeFiles/alizams.dir/b/BulletCollision/CollisionDispatch/btCollisionWorld.cpp.o
[ 59%] Building CXX object CMakeFiles/alizams.dir/b/BulletCollision/CollisionDispatch/btCollisionWorldImporter.cpp.o
[ 59%] Building CXX object CMakeFiles/alizams.dir/b/BulletCollision/CollisionDispatch/btCompoundCollisionAlgorithm.cpp.o
[ 59%] Building CXX object CMakeFiles/alizams.dir/b/BulletCollision/CollisionDispatch/btCompoundCompoundCollisionAlgorithm.cpp.o
[ 59%] Building CXX object CMakeFiles/alizams.dir/b/BulletCollision/CollisionDispatch/btConvexConcaveCollisionAlgorithm.cpp.o
[ 59%] Building CXX object CMakeFiles/alizams.dir/b/BulletCollision/CollisionDispatch/btConvexConvexAlgorithm.cpp.o
[ 59%] Building CXX object CMakeFiles/alizams.dir/b/BulletCollision/CollisionDispatch/btConvexPlaneCollisionAlgorithm.cpp.o
[ 60%] Building CXX object CMakeFiles/alizams.dir/b/BulletCollision/CollisionDispatch/btConvex2dConvex2dAlgorithm.cpp.o
[ 60%] Building CXX object CMakeFiles/alizams.dir/b/BulletCollision/CollisionDispatch/btDefaultCollisionConfiguration.cpp.o
[ 60%] Building CXX object CMakeFiles/alizams.dir/b/BulletCollision/CollisionDispatch/btEmptyCollisionAlgorithm.cpp.o
[ 60%] Building CXX object CMakeFiles/alizams.dir/b/BulletCollision/CollisionDispatch/btGhostObject.cpp.o
[ 60%] Building CXX object CMakeFiles/alizams.dir/b/BulletCollision/CollisionDispatch/btHashedSimplePairCache.cpp.o
[ 60%] Building CXX object CMakeFiles/alizams.dir/b/BulletCollision/CollisionDispatch/btInternalEdgeUtility.cpp.o
[ 60%] Building CXX object CMakeFiles/alizams.dir/b/BulletCollision/CollisionDispatch/btManifoldResult.cpp.o
[ 60%] Building CXX object CMakeFiles/alizams.dir/b/BulletCollision/CollisionDispatch/btSphereBoxCollisionAlgorithm.cpp.o
[ 61%] Building CXX object CMakeFiles/alizams.dir/b/BulletCollision/CollisionDispatch/btSimulationIslandManager.cpp.o
[ 61%] Building CXX object CMakeFiles/alizams.dir/b/BulletCollision/CollisionDispatch/btSphereTriangleCollisionAlgorithm.cpp.o
[ 61%] Building CXX object CMakeFiles/alizams.dir/b/BulletCollision/CollisionDispatch/btUnionFind.cpp.o
[ 61%] Building CXX object CMakeFiles/alizams.dir/b/BulletCollision/CollisionDispatch/btSphereSphereCollisionAlgorithm.cpp.o
[ 61%] Building CXX object CMakeFiles/alizams.dir/b/BulletCollision/CollisionDispatch/SphereTriangleDetector.cpp.o
[ 62%] Building CXX object CMakeFiles/alizams.dir/b/BulletCollision/CollisionShapes/btBoxShape.cpp.o
[ 62%] Building CXX object CMakeFiles/alizams.dir/b/BulletCollision/CollisionShapes/btBox2dShape.cpp.o
[ 62%] Building CXX object CMakeFiles/alizams.dir/b/BulletCollision/CollisionShapes/btBvhTriangleMeshShape.cpp.o
[ 62%] Building CXX object CMakeFiles/alizams.dir/b/BulletCollision/CollisionShapes/btCapsuleShape.cpp.o
[ 62%] Building CXX object CMakeFiles/alizams.dir/b/BulletCollision/CollisionShapes/btCollisionShape.cpp.o
[ 62%] Building CXX object CMakeFiles/alizams.dir/b/BulletCollision/CollisionShapes/btCompoundShape.cpp.o
[ 63%] Building CXX object CMakeFiles/alizams.dir/b/BulletCollision/CollisionShapes/btConcaveShape.cpp.o
[ 63%] Building CXX object CMakeFiles/alizams.dir/b/BulletCollision/CollisionShapes/btConvexHullShape.cpp.o
[ 63%] Building CXX object CMakeFiles/alizams.dir/b/BulletCollision/CollisionShapes/btConeShape.cpp.o
[ 63%] Building CXX object CMakeFiles/alizams.dir/b/BulletCollision/CollisionShapes/btConvexInternalShape.cpp.o
[ 63%] Building CXX object CMakeFiles/alizams.dir/b/BulletCollision/CollisionShapes/btConvexPointCloudShape.cpp.o
[ 63%] Building CXX object CMakeFiles/alizams.dir/b/BulletCollision/CollisionShapes/btConvexPolyhedron.cpp.o
[ 63%] Building CXX object CMakeFiles/alizams.dir/b/BulletCollision/CollisionShapes/btConvex2dShape.cpp.o
[ 64%] Building CXX object CMakeFiles/alizams.dir/b/BulletCollision/CollisionShapes/btConvexShape.cpp.o
[ 64%] Building CXX object CMakeFiles/alizams.dir/b/BulletCollision/CollisionShapes/btConvexTriangleMeshShape.cpp.o
[ 64%] Building CXX object CMakeFiles/alizams.dir/b/BulletCollision/CollisionShapes/btCylinderShape.cpp.o
[ 64%] Building CXX object CMakeFiles/alizams.dir/b/BulletCollision/CollisionShapes/btEmptyShape.cpp.o
[ 64%] Building CXX object CMakeFiles/alizams.dir/b/BulletCollision/CollisionShapes/btHeightfieldTerrainShape.cpp.o
[ 65%] Building CXX object CMakeFiles/alizams.dir/b/BulletCollision/CollisionShapes/btMiniSDF.cpp.o
[ 65%] Building CXX object CMakeFiles/alizams.dir/b/BulletCollision/CollisionShapes/btMinkowskiSumShape.cpp.o
[ 65%] Building CXX object CMakeFiles/alizams.dir/b/BulletCollision/CollisionShapes/btMultimaterialTriangleMeshShape.cpp.o
[ 65%] Building CXX object CMakeFiles/alizams.dir/b/BulletCollision/CollisionShapes/btMultiSphereShape.cpp.o
[ 65%] Building CXX object CMakeFiles/alizams.dir/b/BulletCollision/CollisionShapes/btOptimizedBvh.cpp.o
[ 65%] Building CXX object CMakeFiles/alizams.dir/b/BulletCollision/CollisionShapes/btPolyhedralConvexShape.cpp.o
[ 66%] Building CXX object CMakeFiles/alizams.dir/b/BulletCollision/CollisionShapes/btScaledBvhTriangleMeshShape.cpp.o
[ 66%] Building CXX object CMakeFiles/alizams.dir/b/BulletCollision/CollisionShapes/btSdfCollisionShape.cpp.o
[ 66%] Building CXX object CMakeFiles/alizams.dir/b/BulletCollision/CollisionShapes/btShapeHull.cpp.o
[ 66%] Building CXX object CMakeFiles/alizams.dir/b/BulletCollision/CollisionShapes/btSphereShape.cpp.o
[ 66%] Building CXX object CMakeFiles/alizams.dir/b/BulletCollision/CollisionShapes/btStaticPlaneShape.cpp.o
[ 66%] Building CXX object CMakeFiles/alizams.dir/b/BulletCollision/CollisionShapes/btStridingMeshInterface.cpp.o
[ 67%] Building CXX object CMakeFiles/alizams.dir/b/BulletCollision/CollisionShapes/btTetrahedronShape.cpp.o
[ 67%] Building CXX object CMakeFiles/alizams.dir/b/BulletCollision/CollisionShapes/btTriangleBuffer.cpp.o
[ 67%] Building CXX object CMakeFiles/alizams.dir/b/BulletCollision/CollisionShapes/btTriangleCallback.cpp.o
[ 67%] Building CXX object CMakeFiles/alizams.dir/b/BulletCollision/CollisionShapes/btTriangleIndexVertexArray.cpp.o
[ 67%] Building CXX object CMakeFiles/alizams.dir/b/BulletCollision/CollisionShapes/btTriangleIndexVertexMaterialArray.cpp.o
[ 67%] Building CXX object CMakeFiles/alizams.dir/b/BulletCollision/CollisionShapes/btTriangleMesh.cpp.o
[ 68%] Building CXX object CMakeFiles/alizams.dir/b/BulletCollision/CollisionShapes/btTriangleMeshShape.cpp.o
[ 68%] Building CXX object CMakeFiles/alizams.dir/b/BulletCollision/CollisionShapes/btUniformScalingShape.cpp.o
[ 68%] Building CXX object CMakeFiles/alizams.dir/b/BulletCollision/NarrowPhaseCollision/btContinuousConvexCollision.cpp.o
[ 68%] Building CXX object CMakeFiles/alizams.dir/b/BulletCollision/NarrowPhaseCollision/btGjkConvexCast.cpp.o
[ 68%] Building CXX object CMakeFiles/alizams.dir/b/BulletCollision/NarrowPhaseCollision/btConvexCast.cpp.o
[ 69%] Building CXX object CMakeFiles/alizams.dir/b/BulletCollision/NarrowPhaseCollision/btGjkEpaPenetrationDepthSolver.cpp.o
[ 69%] Building CXX object CMakeFiles/alizams.dir/b/BulletCollision/NarrowPhaseCollision/btGjkEpa2.cpp.o
[ 69%] Building CXX object CMakeFiles/alizams.dir/b/BulletCollision/NarrowPhaseCollision/btGjkPairDetector.cpp.o
[ 69%] Building CXX object CMakeFiles/alizams.dir/b/BulletCollision/NarrowPhaseCollision/btMinkowskiPenetrationDepthSolver.cpp.o
[ 69%] Building CXX object CMakeFiles/alizams.dir/b/BulletCollision/NarrowPhaseCollision/btPersistentManifold.cpp.o
[ 69%] Building CXX object CMakeFiles/alizams.dir/b/BulletCollision/NarrowPhaseCollision/btRaycastCallback.cpp.o
[ 70%] Building CXX object CMakeFiles/alizams.dir/b/BulletCollision/NarrowPhaseCollision/btVoronoiSimplexSolver.cpp.o
[ 70%] Building CXX object CMakeFiles/alizams.dir/b/BulletCollision/NarrowPhaseCollision/btSubSimplexConvexCast.cpp.o
[ 70%] Building CXX object CMakeFiles/alizams.dir/b/BulletCollision/NarrowPhaseCollision/btPolyhedralContactClipping.cpp.o
[ 70%] Building CXX object CMakeFiles/alizams.dir/common/commonutils.cpp.o
[ 70%] Building CXX object CMakeFiles/alizams.dir/common/contourutils.cpp.o
[ 70%] Building CXX object CMakeFiles/alizams.dir/common/colorspace/colorspace.cpp.o
[ 70%] Building CXX object CMakeFiles/alizams.dir/common/codecutils.cpp.o
[ 71%] Building CXX object CMakeFiles/alizams.dir/dicom/ultrasoundregionutils.cpp.o
[ 71%] Building CXX object CMakeFiles/alizams.dir/dicom/loaddicom_t.cpp.o
[ 71%] Building CXX object CMakeFiles/alizams.dir/dicom/loaddicom.cpp.o
[ 71%] Building CXX object CMakeFiles/alizams.dir/dicom/prconfigutils.cpp.o
[ 71%] Building CXX object CMakeFiles/alizams.dir/dicom/dicomutils.cpp.o
[ 71%] Building CXX object CMakeFiles/alizams.dir/dicom/splituihgridfilter.cpp.o
[ 72%] Building CXX object CMakeFiles/alizams.dir/dicom/spectroscopyutils.cpp.o
[ 72%] Building CXX object CMakeFiles/alizams.dir/dicom/srutils.cpp.o
[ 72%] Building CXX object CMakeFiles/alizams.dir/CG/camera.cpp.o
[ 72%] Building CXX object CMakeFiles/alizams.dir/CG/glwidget.cpp.o
[ 72%] Building CXX object CMakeFiles/alizams.dir/CG/testgl.cpp.o
[ 72%] Building CXX object CMakeFiles/alizams.dir/GUI/mainwindow.cpp.o
[ 72%] Building CXX object CMakeFiles/alizams.dir/GUI/iconutils.cpp.o
[ 73%] Building CXX object CMakeFiles/alizams.dir/GUI/updateqtcommand.cpp.o
[ 73%] Building CXX object CMakeFiles/alizams.dir/GUI/histogramgen.cpp.o
[ 73%] Building CXX object CMakeFiles/alizams.dir/GUI/settingswidget.cpp.o
[ 73%] Building CXX object CMakeFiles/alizams.dir/GUI/qxtspanslider.cpp.o
[ 73%] Building CXX object CMakeFiles/alizams.dir/GUI/imagesbox.cpp.o
[ 74%] Building CXX object CMakeFiles/alizams.dir/GUI/toolbox.cpp.o
[ 74%] Building CXX object CMakeFiles/alizams.dir/GUI/animwidget.cpp.o
/build/alizams/src/AlizaMS/GUI/iconutils.cpp: In instantiation of ‘void {anonymous}::extract_icon(const typename Tin::Pointer&, ImageVariant*, int) [with Tin = itk::Image<short int, 3>; Tout = itk::Image<short int, 2>; typename Tin::Pointer = itk::SmartPointer<itk::Image<short int, 3> >]’:
/build/alizams/src/AlizaMS/GUI/iconutils.cpp:1014:42:   required from here
 1014 |                 extract_icon<ImageTypeSS,Image2DTypeSS>(ivariant->pSS, ivariant);
      |                 ~~~~~~~~~~~~~~~~~~~~~~~~~~~~~~~~~~~~~~~^~~~~~~~~~~~~~~~~~~~~~~~~
/build/alizams/src/AlizaMS/GUI/iconutils.cpp:237:51: warning: ‘QImage QImage::mirrored(bool, bool) const &’ is deprecated: Use flipped(Qt::Orientations) instead [-Wdeprecated-declarations]
  237 |         if (flip_x && flip_y) tmpi = tmpi.mirrored(true, true);
      |                                      ~~~~~~~~~~~~~^~~~~~~~~~~~
In file included from /usr/include/qt6/QtGui/qpixmap.h:13,
                 from /usr/include/qt6/QtGui/QPixmap:1,
                 from /build/alizams/src/AlizaMS/common/structures.h:19,
                 from /build/alizams/src/AlizaMS/GUI/iconutils.cpp:1:
/usr/include/qt6/QtGui/qimage.h:220:26: note: declared here
  220 |     [[nodiscard]] QImage mirrored(bool horizontally = false, bool vertically = true) const &
      |                          ^~~~~~~~
/build/alizams/src/AlizaMS/GUI/iconutils.cpp:238:51: warning: ‘QImage QImage::mirrored(bool, bool) const &’ is deprecated: Use flipped(Qt::Orientations) instead [-Wdeprecated-declarations]
  238 |         else if (flip_y)      tmpi = tmpi.mirrored(false, true);
      |                                      ~~~~~~~~~~~~~^~~~~~~~~~~~~
/usr/include/qt6/QtGui/qimage.h:220:26: note: declared here
  220 |     [[nodiscard]] QImage mirrored(bool horizontally = false, bool vertically = true) const &
      |                          ^~~~~~~~
/build/alizams/src/AlizaMS/GUI/iconutils.cpp:239:51: warning: ‘QImage QImage::mirrored(bool, bool) const &’ is deprecated: Use flipped(Qt::Orientations) instead [-Wdeprecated-declarations]
  239 |         else if (flip_x)      tmpi = tmpi.mirrored(true, false);
      |                                      ~~~~~~~~~~~~~^~~~~~~~~~~~~
/usr/include/qt6/QtGui/qimage.h:220:26: note: declared here
  220 |     [[nodiscard]] QImage mirrored(bool horizontally = false, bool vertically = true) const &
      |                          ^~~~~~~~
[ 74%] Building CXX object CMakeFiles/alizams.dir/GUI/toolbox2D.cpp.o
/build/alizams/src/AlizaMS/GUI/iconutils.cpp: In instantiation of ‘void {anonymous}::extract_icon_rgb(const typename Tin::Pointer&, ImageVariant*, int) [with Tin = itk::Image<itk::RGBPixel<short int>, 3>; Tout = itk::Image<itk::RGBPixel<short int>, 2>; typename Tin::Pointer = itk::SmartPointer<itk::Image<itk::RGBPixel<short int>, 3> >]’:
/build/alizams/src/AlizaMS/GUI/iconutils.cpp:1041:52:   required from here
 1041 |                 extract_icon_rgb<RGBImageTypeSS,RGBImage2DTypeSS>(ivariant->pSS_rgb, ivariant);
      |                 ~~~~~~~~~~~~~~~~~~~~~~~~~~~~~~~~~~~~~~~~~~~~~~~~~^~~~~~~~~~~~~~~~~~~~~~~~~~~~~
/build/alizams/src/AlizaMS/GUI/iconutils.cpp:393:59: warning: ‘QImage QImage::mirrored(bool, bool) const &’ is deprecated: Use flipped(Qt::Orientations) instead [-Wdeprecated-declarations]
  393 |                 if (flip_x && flip_y) tmpi = tmpi.mirrored(true, true);
      |                                              ~~~~~~~~~~~~~^~~~~~~~~~~~
/usr/include/qt6/QtGui/qimage.h:220:26: note: declared here
  220 |     [[nodiscard]] QImage mirrored(bool horizontally = false, bool vertically = true) const &
      |                          ^~~~~~~~
/build/alizams/src/AlizaMS/GUI/iconutils.cpp:394:59: warning: ‘QImage QImage::mirrored(bool, bool) const &’ is deprecated: Use flipped(Qt::Orientations) instead [-Wdeprecated-declarations]
  394 |                 else if (flip_y)      tmpi = tmpi.mirrored(false, true);
      |                                              ~~~~~~~~~~~~~^~~~~~~~~~~~~
/usr/include/qt6/QtGui/qimage.h:220:26: note: declared here
  220 |     [[nodiscard]] QImage mirrored(bool horizontally = false, bool vertically = true) const &
      |                          ^~~~~~~~
/build/alizams/src/AlizaMS/GUI/iconutils.cpp:395:59: warning: ‘QImage QImage::mirrored(bool, bool) const &’ is deprecated: Use flipped(Qt::Orientations) instead [-Wdeprecated-declarations]
  395 |                 else if (flip_x)      tmpi = tmpi.mirrored(true, false);
      |                                              ~~~~~~~~~~~~~^~~~~~~~~~~~~
/usr/include/qt6/QtGui/qimage.h:220:26: note: declared here
  220 |     [[nodiscard]] QImage mirrored(bool horizontally = false, bool vertically = true) const &
      |                          ^~~~~~~~
/build/alizams/src/AlizaMS/GUI/iconutils.cpp:432:59: warning: ‘QImage QImage::mirrored(bool, bool) const &’ is deprecated: Use flipped(Qt::Orientations) instead [-Wdeprecated-declarations]
  432 |                 if (flip_x && flip_y) tmpi = tmpi.mirrored(true, true);
      |                                              ~~~~~~~~~~~~~^~~~~~~~~~~~
/usr/include/qt6/QtGui/qimage.h:220:26: note: declared here
  220 |     [[nodiscard]] QImage mirrored(bool horizontally = false, bool vertically = true) const &
      |                          ^~~~~~~~
/build/alizams/src/AlizaMS/GUI/iconutils.cpp:433:59: warning: ‘QImage QImage::mirrored(bool, bool) const &’ is deprecated: Use flipped(Qt::Orientations) instead [-Wdeprecated-declarations]
  433 |                 else if (flip_y)      tmpi = tmpi.mirrored(false, true);
      |                                              ~~~~~~~~~~~~~^~~~~~~~~~~~~
/usr/include/qt6/QtGui/qimage.h:220:26: note: declared here
  220 |     [[nodiscard]] QImage mirrored(bool horizontally = false, bool vertically = true) const &
      |                          ^~~~~~~~
/build/alizams/src/AlizaMS/GUI/iconutils.cpp:434:59: warning: ‘QImage QImage::mirrored(bool, bool) const &’ is deprecated: Use flipped(Qt::Orientations) instead [-Wdeprecated-declarations]
  434 |                 else if (flip_x)      tmpi = tmpi.mirrored(true, false);
      |                                              ~~~~~~~~~~~~~^~~~~~~~~~~~~
/usr/include/qt6/QtGui/qimage.h:220:26: note: declared here
  220 |     [[nodiscard]] QImage mirrored(bool horizontally = false, bool vertically = true) const &
      |                          ^~~~~~~~
/build/alizams/src/AlizaMS/GUI/iconutils.cpp:494:59: warning: ‘QImage QImage::mirrored(bool, bool) const &’ is deprecated: Use flipped(Qt::Orientations) instead [-Wdeprecated-declarations]
  494 |                 if (flip_x && flip_y) tmpi = tmpi.mirrored(true, true);
      |                                              ~~~~~~~~~~~~~^~~~~~~~~~~~
/usr/include/qt6/QtGui/qimage.h:220:26: note: declared here
  220 |     [[nodiscard]] QImage mirrored(bool horizontally = false, bool vertically = true) const &
      |                          ^~~~~~~~
/build/alizams/src/AlizaMS/GUI/iconutils.cpp:495:59: warning: ‘QImage QImage::mirrored(bool, bool) const &’ is deprecated: Use flipped(Qt::Orientations) instead [-Wdeprecated-declarations]
  495 |                 else if (flip_y)      tmpi = tmpi.mirrored(false, true);
      |                                              ~~~~~~~~~~~~~^~~~~~~~~~~~~
/usr/include/qt6/QtGui/qimage.h:220:26: note: declared here
  220 |     [[nodiscard]] QImage mirrored(bool horizontally = false, bool vertically = true) const &
      |                          ^~~~~~~~
/build/alizams/src/AlizaMS/GUI/iconutils.cpp:496:59: warning: ‘QImage QImage::mirrored(bool, bool) const &’ is deprecated: Use flipped(Qt::Orientations) instead [-Wdeprecated-declarations]
  496 |                 else if (flip_x)      tmpi = tmpi.mirrored(true, false);
      |                                              ~~~~~~~~~~~~~^~~~~~~~~~~~~
/usr/include/qt6/QtGui/qimage.h:220:26: note: declared here
  220 |     [[nodiscard]] QImage mirrored(bool horizontally = false, bool vertically = true) const &
      |                          ^~~~~~~~
/build/alizams/src/AlizaMS/GUI/iconutils.cpp: In instantiation of ‘void {anonymous}::extract_icon_rgba(const typename Tin::Pointer&, ImageVariant*, int) [with Tin = itk::Image<itk::RGBAPixel<short int>, 3>; Tout = itk::Image<itk::RGBAPixel<short int>, 2>; typename Tin::Pointer = itk::SmartPointer<itk::Image<itk::RGBAPixel<short int>, 3> >]’:
/build/alizams/src/AlizaMS/GUI/iconutils.cpp:1062:55:   required from here
 1062 |                 extract_icon_rgba<RGBAImageTypeSS,RGBAImage2DTypeSS>(ivariant->pSS_rgba, ivariant);
      |                 ~~~~~~~~~~~~~~~~~~~~~~~~~~~~~~~~~~~~~~~~~~~~~~~~~~~~^~~~~~~~~~~~~~~~~~~~~~~~~~~~~~
/build/alizams/src/AlizaMS/GUI/iconutils.cpp:648:59: warning: ‘QImage QImage::mirrored(bool, bool) const &’ is deprecated: Use flipped(Qt::Orientations) instead [-Wdeprecated-declarations]
  648 |                 if (flip_x && flip_y) tmpi = tmpi.mirrored(true, true);
      |                                              ~~~~~~~~~~~~~^~~~~~~~~~~~
/usr/include/qt6/QtGui/qimage.h:220:26: note: declared here
  220 |     [[nodiscard]] QImage mirrored(bool horizontally = false, bool vertically = true) const &
      |                          ^~~~~~~~
/build/alizams/src/AlizaMS/GUI/iconutils.cpp:649:59: warning: ‘QImage QImage::mirrored(bool, bool) const &’ is deprecated: Use flipped(Qt::Orientations) instead [-Wdeprecated-declarations]
  649 |                 else if (flip_y)      tmpi = tmpi.mirrored(false, true);
      |                                              ~~~~~~~~~~~~~^~~~~~~~~~~~~
/usr/include/qt6/QtGui/qimage.h:220:26: note: declared here
  220 |     [[nodiscard]] QImage mirrored(bool horizontally = false, bool vertically = true) const &
      |                          ^~~~~~~~
/build/alizams/src/AlizaMS/GUI/iconutils.cpp:650:59: warning: ‘QImage QImage::mirrored(bool, bool) const &’ is deprecated: Use flipped(Qt::Orientations) instead [-Wdeprecated-declarations]
  650 |                 else if (flip_x)      tmpi = tmpi.mirrored(true, false);
      |                                              ~~~~~~~~~~~~~^~~~~~~~~~~~~
/usr/include/qt6/QtGui/qimage.h:220:26: note: declared here
  220 |     [[nodiscard]] QImage mirrored(bool horizontally = false, bool vertically = true) const &
      |                          ^~~~~~~~
/build/alizams/src/AlizaMS/GUI/iconutils.cpp:754:59: warning: ‘QImage QImage::mirrored(bool, bool) const &’ is deprecated: Use flipped(Qt::Orientations) instead [-Wdeprecated-declarations]
  754 |                 if (flip_x && flip_y) tmpi = tmpi.mirrored(true, true);
      |                                              ~~~~~~~~~~~~~^~~~~~~~~~~~
/usr/include/qt6/QtGui/qimage.h:220:26: note: declared here
  220 |     [[nodiscard]] QImage mirrored(bool horizontally = false, bool vertically = true) const &
      |                          ^~~~~~~~
/build/alizams/src/AlizaMS/GUI/iconutils.cpp:755:59: warning: ‘QImage QImage::mirrored(bool, bool) const &’ is deprecated: Use flipped(Qt::Orientations) instead [-Wdeprecated-declarations]
  755 |                 else if (flip_y)      tmpi = tmpi.mirrored(false, true);
      |                                              ~~~~~~~~~~~~~^~~~~~~~~~~~~
/usr/include/qt6/QtGui/qimage.h:220:26: note: declared here
  220 |     [[nodiscard]] QImage mirrored(bool horizontally = false, bool vertically = true) const &
      |                          ^~~~~~~~
/build/alizams/src/AlizaMS/GUI/iconutils.cpp:756:59: warning: ‘QImage QImage::mirrored(bool, bool) const &’ is deprecated: Use flipped(Qt::Orientations) instead [-Wdeprecated-declarations]
  756 |                 else if (flip_x)      tmpi = tmpi.mirrored(true, false);
      |                                              ~~~~~~~~~~~~~^~~~~~~~~~~~~
/usr/include/qt6/QtGui/qimage.h:220:26: note: declared here
  220 |     [[nodiscard]] QImage mirrored(bool horizontally = false, bool vertically = true) const &
      |                          ^~~~~~~~
/build/alizams/src/AlizaMS/GUI/iconutils.cpp:885:59: warning: ‘QImage QImage::mirrored(bool, bool) const &’ is deprecated: Use flipped(Qt::Orientations) instead [-Wdeprecated-declarations]
  885 |                 if (flip_x && flip_y) tmpi = tmpi.mirrored(true, true);
      |                                              ~~~~~~~~~~~~~^~~~~~~~~~~~
/usr/include/qt6/QtGui/qimage.h:220:26: note: declared here
  220 |     [[nodiscard]] QImage mirrored(bool horizontally = false, bool vertically = true) const &
      |                          ^~~~~~~~
/build/alizams/src/AlizaMS/GUI/iconutils.cpp:886:59: warning: ‘QImage QImage::mirrored(bool, bool) const &’ is deprecated: Use flipped(Qt::Orientations) instead [-Wdeprecated-declarations]
  886 |                 else if (flip_y)      tmpi = tmpi.mirrored(false, true);
      |                                              ~~~~~~~~~~~~~^~~~~~~~~~~~~
/usr/include/qt6/QtGui/qimage.h:220:26: note: declared here
  220 |     [[nodiscard]] QImage mirrored(bool horizontally = false, bool vertically = true) const &
      |                          ^~~~~~~~
/build/alizams/src/AlizaMS/GUI/iconutils.cpp:887:59: warning: ‘QImage QImage::mirrored(bool, bool) const &’ is deprecated: Use flipped(Qt::Orientations) instead [-Wdeprecated-declarations]
  887 |                 else if (flip_x)      tmpi = tmpi.mirrored(true, false);
      |                                              ~~~~~~~~~~~~~^~~~~~~~~~~~~
/usr/include/qt6/QtGui/qimage.h:220:26: note: declared here
  220 |     [[nodiscard]] QImage mirrored(bool horizontally = false, bool vertically = true) const &
      |                          ^~~~~~~~
[ 74%] Building CXX object CMakeFiles/alizams.dir/GUI/sliderwidget.cpp.o
[ 74%] Building CXX object CMakeFiles/alizams.dir/GUI/zrangewidget.cpp.o
[ 74%] Building CXX object CMakeFiles/alizams.dir/GUI/lutwidget.cpp.o
[ 75%] Building CXX object CMakeFiles/alizams.dir/GUI/handleitem.cpp.o
[ 75%] Building CXX object CMakeFiles/alizams.dir/GUI/levelitem.cpp.o
[ 75%] Building CXX object CMakeFiles/alizams.dir/GUI/rectitem.cpp.o
[ 75%] Building CXX object CMakeFiles/alizams.dir/GUI/graphicsutils.cpp.o
[ 75%] Building CXX object CMakeFiles/alizams.dir/GUI/graphicspathitem.cpp.o
[ 75%] Building CXX object CMakeFiles/alizams.dir/GUI/graphicsview.cpp.o
[ 76%] Building CXX object CMakeFiles/alizams.dir/GUI/studygraphicswidget.cpp.o
[ 76%] Building CXX object CMakeFiles/alizams.dir/GUI/studygraphicsview.cpp.o
[ 76%] Building CXX object CMakeFiles/alizams.dir/GUI/graphicswidget.cpp.o
[ 76%] Building CXX object CMakeFiles/alizams.dir/GUI/histogramview.cpp.o
[ 76%] Building CXX object CMakeFiles/alizams.dir/GUI/aboutwidget.cpp.o
[ 76%] Building CXX object CMakeFiles/alizams.dir/GUI/zoomwidget.cpp.o
[ 77%] Building CXX object CMakeFiles/alizams.dir/GUI/infodialog.cpp.o
[ 77%] Building CXX object CMakeFiles/alizams.dir/GUI/findrefdialog.cpp.o
[ 77%] Building CXX object CMakeFiles/alizams.dir/GUI/imageinfodialog.cpp.o
[ 77%] Building CXX object CMakeFiles/alizams.dir/GUI/srwidget.cpp.o
[ 77%] Building CXX object CMakeFiles/alizams.dir/GUI/matrixbutton.cpp.o
[ 77%] Building CXX object CMakeFiles/alizams.dir/GUI/studyframewidget.cpp.o
[ 78%] Building CXX object CMakeFiles/alizams.dir/GUI/studyviewwidget.cpp.o
[ 78%] Building CXX object CMakeFiles/alizams.dir/browser/sqtree.cpp.o
[ 78%] Building CXX object CMakeFiles/alizams.dir/browser/browserwidget2.cpp.o
[ 78%] Building CXX object CMakeFiles/alizams.dir/browser/helpwidget.cpp.o
[ 78%] Building CXX object CMakeFiles/alizams.dir/browser/anonymazerwidget2.cpp.o
[ 78%] Building CXX object CMakeFiles/alizams.dir/GUI/aliza.cpp.o
[ 79%] Building CXX object CMakeFiles/alizams.dir/browser/ctkdialog.cpp.o
[ 79%] Building CXX object CMakeFiles/alizams.dir/mdcm/Source/Common/mdcmVersion.cxx.o
[ 79%] Building CXX object CMakeFiles/alizams.dir/mdcm/Source/Common/mdcmEvent.cxx.o
[ 79%] Building CXX object CMakeFiles/alizams.dir/mdcm/Source/Common/mdcmMD5.cxx.o
[ 79%] Building CXX object CMakeFiles/alizams.dir/mdcm/Source/Common/mdcmBase64.cxx.o
[ 79%] Building CXX object CMakeFiles/alizams.dir/mdcm/Source/Common/mdcmSHA1.cxx.o
[ 80%] Building CXX object CMakeFiles/alizams.dir/mdcm/Source/Common/mdcmCryptoFactory.cxx.o
[ 80%] Building CXX object CMakeFiles/alizams.dir/mdcm/Source/Common/mdcmASN1.cxx.o
[ 80%] Building CXX object CMakeFiles/alizams.dir/mdcm/Source/Common/mdcmSubject.cxx.o
[ 80%] Building CXX object CMakeFiles/alizams.dir/mdcm/Source/Common/mdcmFilename.cxx.o
[ 80%] Building CXX object CMakeFiles/alizams.dir/mdcm/Source/Common/mdcmFilenameGenerator.cxx.o
[ 80%] Building CXX object CMakeFiles/alizams.dir/mdcm/Source/Common/mdcmSwapCode.cxx.o
[ 80%] Building CXX object CMakeFiles/alizams.dir/mdcm/Source/Common/mdcmSystem.cxx.o
[ 81%] Building CXX object CMakeFiles/alizams.dir/mdcm/Source/DataDictionary/mdcmDicts.cxx.o
[ 81%] Building CXX object CMakeFiles/alizams.dir/mdcm/Source/Common/mdcmUnpacker12Bits.cxx.o
[ 81%] Building CXX object CMakeFiles/alizams.dir/mdcm/Source/DataDictionary/mdcmDefaultDicts.cxx.o
[ 81%] Building CXX object CMakeFiles/alizams.dir/mdcm/Source/DataDictionary/mdcmPrivateDefaultDicts.cxx.o
[ 81%] Building CXX object CMakeFiles/alizams.dir/mdcm/Source/DataDictionary/mdcmGlobal.cxx.o
[ 81%] Building CXX object CMakeFiles/alizams.dir/mdcm/Source/DataDictionary/mdcmUIDs.cxx.o
[ 82%] Building CXX object CMakeFiles/alizams.dir/mdcm/Source/DataDictionary/mdcmCSAHeaderDefaultDicts.cxx.o
[ 82%] Building CXX object CMakeFiles/alizams.dir/mdcm/Source/DataStructureAndEncodingDefinition/mdcmByteValue.cxx.o
[ 82%] Building CXX object CMakeFiles/alizams.dir/mdcm/Source/DataStructureAndEncodingDefinition/mdcmDataElement.cxx.o
[ 82%] Building CXX object CMakeFiles/alizams.dir/mdcm/Source/DataStructureAndEncodingDefinition/mdcmDataSet.cxx.o
[ 82%] Building CXX object CMakeFiles/alizams.dir/mdcm/Source/DataStructureAndEncodingDefinition/mdcmExplicitDataElement.cxx.o
[ 82%] Building CXX object CMakeFiles/alizams.dir/mdcm/Source/DataStructureAndEncodingDefinition/mdcmFile.cxx.o
[ 83%] Building CXX object CMakeFiles/alizams.dir/mdcm/Source/DataStructureAndEncodingDefinition/mdcmFileMetaInformation.cxx.o
[ 83%] Building CXX object CMakeFiles/alizams.dir/mdcm/Source/DataStructureAndEncodingDefinition/mdcmFragment.cxx.o
[ 83%] Building CXX object CMakeFiles/alizams.dir/mdcm/Source/DataStructureAndEncodingDefinition/mdcmImplicitDataElement.cxx.o
[ 83%] Building CXX object CMakeFiles/alizams.dir/mdcm/Source/DataStructureAndEncodingDefinition/mdcmMediaStorage.cxx.o
[ 83%] Building CXX object CMakeFiles/alizams.dir/mdcm/Source/DataStructureAndEncodingDefinition/mdcmPrivateTag.cxx.o
[ 83%] Building CXX object CMakeFiles/alizams.dir/mdcm/Source/DataStructureAndEncodingDefinition/mdcmReader.cxx.o
[ 84%] Building CXX object CMakeFiles/alizams.dir/mdcm/Source/DataStructureAndEncodingDefinition/mdcmSequenceOfFragments.cxx.o
[ 84%] Building CXX object CMakeFiles/alizams.dir/mdcm/Source/DataStructureAndEncodingDefinition/mdcmSequenceOfItems.cxx.o
[ 84%] Building CXX object CMakeFiles/alizams.dir/mdcm/Source/DataStructureAndEncodingDefinition/mdcmValue.cxx.o
[ 84%] Building CXX object CMakeFiles/alizams.dir/mdcm/Source/DataStructureAndEncodingDefinition/mdcmTag.cxx.o
[ 84%] Building CXX object CMakeFiles/alizams.dir/mdcm/Source/DataStructureAndEncodingDefinition/mdcmCodeString.cxx.o
[ 84%] Building CXX object CMakeFiles/alizams.dir/mdcm/Source/DataStructureAndEncodingDefinition/mdcmByteSwapFilter.cxx.o
[ 85%] Building CXX object CMakeFiles/alizams.dir/mdcm/Source/DataStructureAndEncodingDefinition/mdcmUNExplicitImplicitDataElement.cxx.o
[ 85%] Building CXX object CMakeFiles/alizams.dir/mdcm/Source/DataStructureAndEncodingDefinition/mdcmWriter.cxx.o
[ 85%] Building CXX object CMakeFiles/alizams.dir/mdcm/Source/DataStructureAndEncodingDefinition/mdcmCSAHeader.cxx.o
[ 85%] Building CXX object CMakeFiles/alizams.dir/mdcm/Source/DataStructureAndEncodingDefinition/mdcmMrProtocol.cxx.o
[ 85%] Building CXX object CMakeFiles/alizams.dir/mdcm/Source/DataStructureAndEncodingDefinition/mdcmTransferSyntax.cxx.o
[ 85%] Building CXX object CMakeFiles/alizams.dir/mdcm/Source/DataStructureAndEncodingDefinition/mdcmVM.cxx.o
[ 86%] Building CXX object CMakeFiles/alizams.dir/mdcm/Source/DataStructureAndEncodingDefinition/mdcmVR.cxx.o
[ 86%] Building CXX object CMakeFiles/alizams.dir/mdcm/Source/DataStructureAndEncodingDefinition/mdcmPreamble.cxx.o
[ 86%] Building CXX object CMakeFiles/alizams.dir/mdcm/Source/DataStructureAndEncodingDefinition/mdcmUNExplicitDataElement.cxx.o
[ 86%] Building CXX object CMakeFiles/alizams.dir/mdcm/Source/DataStructureAndEncodingDefinition/mdcmCP246ExplicitDataElement.cxx.o
[ 86%] Building CXX object CMakeFiles/alizams.dir/mdcm/Source/DataStructureAndEncodingDefinition/mdcmExplicitImplicitDataElement.cxx.o
[ 86%] Building CXX object CMakeFiles/alizams.dir/mdcm/Source/DataStructureAndEncodingDefinition/mdcmVR16ExplicitDataElement.cxx.o
[ 87%] Building CXX object CMakeFiles/alizams.dir/mdcm/Source/MediaStorageAndFileFormat/mdcmIconImageFilter.cxx.o
[ 87%] Building CXX object CMakeFiles/alizams.dir/mdcm/Source/MediaStorageAndFileFormat/mdcmFileExplicitFilter.cxx.o
[ 87%] Building CXX object CMakeFiles/alizams.dir/mdcm/Source/MediaStorageAndFileFormat/mdcmImageFragmentSplitter.cxx.o
[ 87%] Building CXX object CMakeFiles/alizams.dir/mdcm/Source/MediaStorageAndFileFormat/mdcmSimpleSubjectWatcher.cxx.o
[ 87%] Building CXX object CMakeFiles/alizams.dir/mdcm/Source/MediaStorageAndFileFormat/mdcmPixmap.cxx.o
[ 87%] Building CXX object CMakeFiles/alizams.dir/mdcm/Source/MediaStorageAndFileFormat/mdcmBitmap.cxx.o
[ 88%] Building CXX object CMakeFiles/alizams.dir/mdcm/Source/MediaStorageAndFileFormat/mdcmRescaler.cxx.o
[ 88%] Building CXX object CMakeFiles/alizams.dir/mdcm/Source/MediaStorageAndFileFormat/mdcmImageToImageFilter.cxx.o
[ 88%] Building CXX object CMakeFiles/alizams.dir/mdcm/Source/MediaStorageAndFileFormat/mdcmBitmapToBitmapFilter.cxx.o
[ 88%] Building CXX object CMakeFiles/alizams.dir/mdcm/Source/MediaStorageAndFileFormat/mdcmPixmapToPixmapFilter.cxx.o
[ 88%] Building CXX object CMakeFiles/alizams.dir/mdcm/Source/MediaStorageAndFileFormat/mdcmImageChangeTransferSyntax.cxx.o
[ 88%] Building CXX object CMakeFiles/alizams.dir/mdcm/Source/MediaStorageAndFileFormat/mdcmImageApplyLookupTable.cxx.o
[ 89%] Building CXX object CMakeFiles/alizams.dir/mdcm/Source/MediaStorageAndFileFormat/mdcmApplySupplementalLUT.cxx.o
[ 89%] Building CXX object CMakeFiles/alizams.dir/mdcm/Source/MediaStorageAndFileFormat/mdcmFileDecompressLookupTable.cxx.o
[ 89%] Building CXX object CMakeFiles/alizams.dir/mdcm/Source/MediaStorageAndFileFormat/mdcmOrientation.cxx.o
[ 89%] Building CXX object CMakeFiles/alizams.dir/mdcm/Source/MediaStorageAndFileFormat/mdcmDataSetHelper.cxx.o
[ 89%] Building CXX object CMakeFiles/alizams.dir/mdcm/Source/MediaStorageAndFileFormat/mdcmImageChangePlanarConfiguration.cxx.o
[ 89%] Building CXX object CMakeFiles/alizams.dir/mdcm/Source/MediaStorageAndFileFormat/mdcmDirectionCosines.cxx.o
[ 90%] Building CXX object CMakeFiles/alizams.dir/mdcm/Source/MediaStorageAndFileFormat/mdcmSplitMosaicFilter.cxx.o
[ 90%] Building CXX object CMakeFiles/alizams.dir/mdcm/Source/MediaStorageAndFileFormat/mdcmUIDGenerator.cxx.o
[ 90%] Building CXX object CMakeFiles/alizams.dir/mdcm/Source/MediaStorageAndFileFormat/mdcmUUIDGenerator.cxx.o
[ 90%] Building CXX object CMakeFiles/alizams.dir/mdcm/Source/MediaStorageAndFileFormat/mdcmScanner.cxx.o
[ 90%] Building CXX object CMakeFiles/alizams.dir/mdcm/Source/MediaStorageAndFileFormat/mdcmPixmapReader.cxx.o
[ 90%] Building CXX object CMakeFiles/alizams.dir/mdcm/Source/MediaStorageAndFileFormat/mdcmImageReader.cxx.o
[ 91%] Building CXX object CMakeFiles/alizams.dir/mdcm/Source/MediaStorageAndFileFormat/mdcmPixmapWriter.cxx.o
[ 91%] Building CXX object CMakeFiles/alizams.dir/mdcm/Source/MediaStorageAndFileFormat/mdcmImageWriter.cxx.o
[ 91%] Building CXX object CMakeFiles/alizams.dir/mdcm/Source/MediaStorageAndFileFormat/mdcmImageHelper.cxx.o
[ 91%] Building CXX object CMakeFiles/alizams.dir/mdcm/Source/MediaStorageAndFileFormat/mdcmImage.cxx.o
[ 91%] Building CXX object CMakeFiles/alizams.dir/mdcm/Source/MediaStorageAndFileFormat/mdcmImageCodec.cxx.o
[ 91%] Building CXX object CMakeFiles/alizams.dir/mdcm/Source/MediaStorageAndFileFormat/mdcmJPEG12Codec.cxx.o
[ 92%] Building CXX object CMakeFiles/alizams.dir/mdcm/Source/MediaStorageAndFileFormat/mdcmRLE.cxx.o
[ 92%] Building CXX object CMakeFiles/alizams.dir/mdcm/Source/MediaStorageAndFileFormat/mdcmRLECodec.cxx.o
[ 92%] Building CXX object CMakeFiles/alizams.dir/mdcm/Source/MediaStorageAndFileFormat/mdcmJPEG16Codec.cxx.o
[ 92%] Building CXX object CMakeFiles/alizams.dir/mdcm/Source/MediaStorageAndFileFormat/mdcmJPEGLSCodec.cxx.o
[ 92%] Building CXX object CMakeFiles/alizams.dir/mdcm/Source/MediaStorageAndFileFormat/mdcmJPEG8Codec.cxx.o
[ 92%] Building CXX object CMakeFiles/alizams.dir/mdcm/Source/MediaStorageAndFileFormat/mdcmJPEGCodec.cxx.o
[ 93%] Building CXX object CMakeFiles/alizams.dir/mdcm/Source/MediaStorageAndFileFormat/mdcmRAWCodec.cxx.o
[ 93%] Building CXX object CMakeFiles/alizams.dir/mdcm/Source/MediaStorageAndFileFormat/mdcmEncapsulatedRAWCodec.cxx.o
[ 93%] Building CXX object CMakeFiles/alizams.dir/mdcm/Source/MediaStorageAndFileFormat/mdcmLookupTable.cxx.o
[ 93%] Building CXX object CMakeFiles/alizams.dir/mdcm/Source/MediaStorageAndFileFormat/mdcmOverlay.cxx.o
[ 93%] Building CXX object CMakeFiles/alizams.dir/mdcm/Source/MediaStorageAndFileFormat/mdcmCurve.cxx.o
[ 93%] Building CXX object CMakeFiles/alizams.dir/mdcm/Source/MediaStorageAndFileFormat/mdcmPhotometricInterpretation.cxx.o
[ 94%] Building CXX object CMakeFiles/alizams.dir/mdcm/Source/MediaStorageAndFileFormat/mdcmPixelFormat.cxx.o
[ 94%] Building CXX object CMakeFiles/alizams.dir/mdcm/Source/MediaStorageAndFileFormat/mdcmJPEG2000Codec.cxx.o
[ 94%] Building CXX object CMakeFiles/alizams.dir/GUI/moc_mainwindow.cpp.o
[ 94%] Building CXX object CMakeFiles/alizams.dir/browser/moc_sqtree.cpp.o
[ 94%] Building CXX object CMakeFiles/alizams.dir/browser/moc_browserwidget2.cpp.o
[ 94%] Building CXX object CMakeFiles/alizams.dir/browser/moc_helpwidget.cpp.o
[ 95%] Building CXX object CMakeFiles/alizams.dir/browser/moc_anonymazerwidget2.cpp.o
[ 95%] Building CXX object CMakeFiles/alizams.dir/dicom/moc_loaddicom_t.cpp.o
[ 95%] Building CXX object CMakeFiles/alizams.dir/GUI/moc_findrefdialog.cpp.o
[ 95%] Building CXX object CMakeFiles/alizams.dir/GUI/moc_infodialog.cpp.o
[ 95%] Building CXX object CMakeFiles/alizams.dir/GUI/moc_imageinfodialog.cpp.o
[ 95%] Building CXX object CMakeFiles/alizams.dir/GUI/moc_settingswidget.cpp.o
[ 96%] Building CXX object CMakeFiles/alizams.dir/GUI/moc_qxtspanslider_p.cpp.o
[ 96%] Building CXX object CMakeFiles/alizams.dir/GUI/moc_qxtspanslider.cpp.o
[ 96%] Building CXX object CMakeFiles/alizams.dir/GUI/moc_imagesbox.cpp.o
[ 96%] Building CXX object CMakeFiles/alizams.dir/GUI/moc_toolbox.cpp.o
[ 96%] Building CXX object CMakeFiles/alizams.dir/GUI/moc_animwidget.cpp.o
[ 96%] Building CXX object CMakeFiles/alizams.dir/GUI/moc_toolbox2D.cpp.o
[ 97%] Building CXX object CMakeFiles/alizams.dir/GUI/moc_sliderwidget.cpp.o
[ 97%] Building CXX object CMakeFiles/alizams.dir/GUI/moc_zrangewidget.cpp.o
[ 97%] Building CXX object CMakeFiles/alizams.dir/GUI/moc_lutwidget.cpp.o
[ 97%] Building CXX object CMakeFiles/alizams.dir/GUI/moc_matrixbutton.cpp.o
[ 97%] Building CXX object CMakeFiles/alizams.dir/GUI/moc_studyframewidget.cpp.o
[ 97%] Building CXX object CMakeFiles/alizams.dir/GUI/moc_studyviewwidget.cpp.o
[ 98%] Building CXX object CMakeFiles/alizams.dir/GUI/moc_graphicsview.cpp.o
[ 98%] Building CXX object CMakeFiles/alizams.dir/GUI/moc_graphicswidget.cpp.o
[ 98%] Building CXX object CMakeFiles/alizams.dir/GUI/moc_studygraphicsview.cpp.o
[ 98%] Building CXX object CMakeFiles/alizams.dir/GUI/moc_studygraphicswidget.cpp.o
[ 98%] Building CXX object CMakeFiles/alizams.dir/GUI/moc_histogramview.cpp.o
[ 98%] Building CXX object CMakeFiles/alizams.dir/GUI/moc_zoomwidget.cpp.o
[ 99%] Building CXX object CMakeFiles/alizams.dir/GUI/moc_aboutwidget.cpp.o
[ 99%] Building CXX object CMakeFiles/alizams.dir/GUI/moc_srwidget.cpp.o
[ 99%] Building CXX object CMakeFiles/alizams.dir/GUI/moc_aliza.cpp.o
[ 99%] Building CXX object CMakeFiles/alizams.dir/CG/moc_glwidget-qt5-core.cpp.o
[ 99%] Building CXX object CMakeFiles/alizams.dir/qrc_alizams.cpp.o
[ 99%] Building CXX object CMakeFiles/alizams.dir/browser/moc_ctkdialog.cpp.o
[100%] Linking CXX executable bin/alizams
[100%] Built target alizams
