-- The C compiler identification is GNU 16.1.1
-- The CXX compiler identification is GNU 16.1.1
-- Detecting C compiler ABI info
-- Detecting C compiler ABI info - done
-- Check for working C compiler: /usr/bin/cc - skipped
-- Detecting C compile features
-- Detecting C compile features - done
-- Detecting CXX compiler ABI info
-- Detecting CXX compiler ABI info - done
-- Check for working CXX compiler: /usr/bin/c++ - skipped
-- Detecting CXX compile features
-- Detecting CXX compile features - done
-- Setting build type to 'Release' as none was specified.
-- ccache not found.
-- Found Git: /usr/bin/git (found version "2.54.0")
-- Looking for readline
-- Looking for readline - found
-- Looking for add_history
-- Looking for add_history - found
-- Looking for stdio.h
-- Looking for stdio.h - found
-- Looking for readline.h
-- Looking for readline.h - not found.
-- Looking for readline/readline.h
-- Looking for readline/readline.h - found
-- Looking for readline/history.h
-- Looking for readline/history.h - found
-- Found readline: /usr/lib/libreadline.so
-- Found PkgConfig: /usr/bin/pkg-config (found version "2.5.1")
-- Checking for one of the modules 'gdlib'
-- gdlib version: 2.3.3 -- OK
-- Looking for getopt_long
-- Looking for getopt_long - found
-- Found ZLIB: /usr/lib/libz.so (found version "1.3.2")
-- Found PNG: /usr/lib/libpng.so (found version "1.6.58")
-- Looking for include files boost/system/error_code.hpp, boost/asio.hpp
-- Looking for include files boost/system/error_code.hpp, boost/asio.hpp - found
-- Looking for argz.h
-- Looking for argz.h - found
-- Looking for limits.h
-- Looking for limits.h - found
-- Looking for locale.h
-- Looking for locale.h - found
-- Looking for nl_types.h
-- Looking for nl_types.h - found
-- Looking for stdlib.h
-- Looking for stdlib.h - found
-- Looking for string.h
-- Looking for string.h - found
-- Looking for sys/param.h
-- Looking for sys/param.h - found
-- Looking for stddef.h
-- Looking for stddef.h - found
-- Found Gettext: /usr/bin/msgmerge (found version "1.0")
-- Everything is fine. aMule can be localized
-- Found Intl: built in to C library
-- Performing Test CMAKE_HAVE_LIBC_PTHREAD
-- Performing Test CMAKE_HAVE_LIBC_PTHREAD - Success
-- Found Threads: TRUE
-- Looking for fallocate
-- Looking for fallocate - found
-- Looking for getrlimit
-- Looking for getrlimit - found
-- Looking for setrlimit
-- Looking for setrlimit - found
-- Looking for fcntl.h
-- Looking for fcntl.h - found
-- Looking for sys/resource.h
-- Looking for sys/resource.h - found
-- Looking for sys/statvfs.h
-- Looking for sys/statvfs.h - found
-- Looking for posix_fallocate
-- Looking for posix_fallocate - found
-- Looking for sys/select.h
-- Looking for sys/select.h - found
-- Looking for sys/time.h
-- Looking for sys/time.h - found
-- Looking for sys/wait.h
-- Looking for sys/wait.h - found
-- Looking for unistd.h
-- Looking for unistd.h - found
-- Looking for sys/types.h
-- Looking for sys/types.h - found
-- Looking for stdint.h
-- Looking for stdint.h - found
-- Check size of int
-- Check size of int - done
-- Looking for errno.h
-- Looking for errno.h - found
-- Looking for float.h
-- Looking for float.h - found
-- Looking for signal.h
-- Looking for signal.h - found
-- Looking for stdarg.h
-- Looking for stdarg.h - found
-- Looking for free
-- Looking for free - found
-- Looking for C++ include cxxabi.h
-- Looking for C++ include cxxabi.h - found
-- Looking for execinfo.h
-- Looking for execinfo.h - found
-- Looking for inttypes.h
-- Looking for inttypes.h - found
-- Looking for strerror_r
-- Looking for strerror_r - found
-- Looking for C++ include cryptlib.h
-- Looking for C++ include cryptlib.h - not found
-- Looking for C++ include cryptopp/cryptlib.h
-- Looking for C++ include cryptopp/cryptlib.h - found
-- cryptopp prefix found: cryptopp
-- Found libcrypto++ in /usr/lib/libcryptopp.so
-- Looking for C++ include cryptopp/config.h
-- Looking for C++ include cryptopp/config.h - found
-- crypto++ version 8.9.0 -- OK
-- Found wxWidgets: -lwx_baseu-3.2;-lwx_gtk3u_core-3.2;-lwx_baseu_net-3.2 (found suitable version "3.2.10", minimum required is "3.2.0")
-- Performing Test amule_HAVE_WXWEBREQUEST
-- Performing Test amule_HAVE_WXWEBREQUEST - Success
-- git revision rev. 2.3.3-297-g25a194d41 found
-- Looking for bfd.h
-- Looking for bfd.h - not found
-- bfd.h not found, disabling support
-- AppIndicator3 not found (looked for ayatana-appindicator3-0.1 and appindicator3-0.1) — tray icon falls back to legacy GtkStatusIcon, invisible on modern GNOME/wlroots
-- 

	Configured aMule SVN for 'Linux-7.0.3-arch1-2' on 'x86_64'.

	aMule enabled options:

	**** aMule Core ****
	Prefix where aMule should be installed?				
	Should aMule be compiled with i18n support?			ON
	Which mode should aMule be compiled in?				Release
	Should aMule be compiled with UPnP support?			ON
	Should aMule be compiled with IP2country support?		OFF
	Should aMule monolithic application be built?			ON
	Should aMule daemon version be built?				ON
	Should aMule remote gui be built?				ON

	**** aMule TextClient ****
	Should aMule Command Line Client be built?			ON

	**** aMule WebServer ****
	Should aMule WebServer be built?				ON

	**** aMule ED2K Links Handler ****
	Should aMule ED2K Links Handler be built?			ON

	**** aMuleLinkCreator ****
	Should aMuleLinkCreator GUI version (alc) be built?		ON
	Should aMuleLinkCreator for console (alcc) be built?		ON

	**** aMule Statistics ****
	Should C aMule Statistics (CAS) be built?			ON
	Should aMule GUI Statistics (wxCas) be built?			ON

	**** General Libraries and Tools ****
	Should aMule file viewer for console be built?			ON

	Libraries aMule will use to build:
			boost				1.91.0
			crypto++			8.9.0 in cryptopp
			libupnp				1.14.26
			libintl				ON
			libpng				1.6.58
			libgd				2.3.3
			zlib				1.3.2
			tray-icon backend		legacy GtkStatusIcon (invisible on modern GNOME/wlroots — install libayatana-appindicator3-dev for SNI)
-- Configuring done (9.8s)
-- Generating done (0.1s)
-- Build files have been written to: /build/amule-git/src/build
[  0%] Building CXX object src/CMakeFiles/muleappgui.dir/extern/wxWidgets/listctrl.cpp.o
[  0%] Building CXX object src/libs/common/CMakeFiles/mulecommon.dir/FileFunctions.cpp.o
[  0%] Generating libs/ec/cpp/ECCodes.h
[  0%] Building CXX object src/libs/common/CMakeFiles/mulecommon.dir/Format.cpp.o
[  0%] Building CXX object src/libs/common/CMakeFiles/mulecommon.dir/MuleDebug.cpp.o
[  1%] Generating ast.gmo
[  2%] Generating ar.gmo
[  2%] Building CXX object src/utils/aLinkCreator/src/CMakeFiles/alcc.dir/alcc.cpp.o
[  2%] Building CXX object src/libs/common/CMakeFiles/mulecommon.dir/MD5Sum.cpp.o
[  2%] Generating ca.gmo
[  2%] Generating bg.gmo
[  2%] Building CXX object src/libs/common/CMakeFiles/mulecommon.dir/Path.cpp.o
[  2%] Building CXX object src/CMakeFiles/muleappcore.dir/IPFilterScanner.cpp.o
[  2%] Building CXX object src/CMakeFiles/ed2k.dir/ED2KLinkParser.cpp.o
[  3%] Building CXX object src/utils/wxCas/src/CMakeFiles/wxcas.dir/linuxmon.cpp.o
[  3%] Building CXX object src/utils/aLinkCreator/src/CMakeFiles/alc.dir/alc.cpp.o
[  3%] Building C object src/utils/cas/CMakeFiles/cas.dir/cas.c.o
[  4%] Building CXX object unittests/muleunit/CMakeFiles/muleunit.dir/test.cpp.o
[  5%] Generating libs/ec/cpp/ECTagTypes.h
[  5%] Building CXX object src/CMakeFiles/mulesocket.dir/LibSocket.cpp.o
-- Generating /build/amule-git/src/build/src/libs/ec/cpp/ECCodes.h
-- Generating /build/amule-git/src/build/src/libs/ec/cpp/ECTagTypes.h
[  5%] Built target generate_ECTagTypes.h
[  6%] Building C object src/utils/cas/CMakeFiles/cas.dir/configfile.c.o
[  6%] Generating cs.gmo
[  6%] Building C object src/libs/common/CMakeFiles/mulecommon.dir/strerror_r.c.o
[  6%] Building CXX object src/utils/wxCas/src/CMakeFiles/wxcas.dir/wxcas.cpp.o
[  6%] Building CXX object src/utils/wxCas/src/CMakeFiles/wxcas.dir/onlinesig.cpp.o
[  7%] Building CXX object src/libs/common/CMakeFiles/mulecommon.dir/StringFunctions.cpp.o
[  7%] Built target generate_ECCodes.h
[  7%] Building C object src/utils/cas/CMakeFiles/cas.dir/functions.c.o
[  7%] Building CXX object src/libs/common/CMakeFiles/mulecommon.dir/TextFile.cpp.o
[  7%] Building CXX object src/CMakeFiles/ed2k.dir/MagnetURI.cpp.o
[  7%] Generating da.gmo
[  7%] Generating de.gmo
[  7%] Building C object src/utils/cas/CMakeFiles/cas.dir/graphics.c.o
[  8%] Generating el.gmo
[  8%] Building C object src/utils/cas/CMakeFiles/cas.dir/html.c.o
[  8%] Generating en_GB.gmo
[  8%] Generating es.gmo
[  9%] Building C object src/utils/cas/CMakeFiles/cas.dir/lines.c.o
[  9%] Generating et_EE.gmo
[ 10%] Linking C executable cas
[ 10%] Generating eu.gmo
[ 10%] Generating fi.gmo
[ 10%] Generating fr.gmo
[ 10%] Generating gl.gmo
[ 11%] Generating he.gmo
[ 11%] Generating hr.gmo
[ 11%] Generating hu.gmo
[ 11%] Generating it.gmo
[ 11%] Generating it_CH.gmo
[ 12%] Generating ja.gmo
[ 12%] Building CXX object src/utils/aLinkCreator/src/CMakeFiles/alcc.dir/ed2khash.cpp.o
[ 12%] Generating ko_KR.gmo
[ 12%] Generating lt.gmo
[ 12%] Generating nl.gmo
[ 12%] Built target cas
[ 12%] Building CXX object src/CMakeFiles/muleappgui.dir/BarShader.cpp.o
[ 13%] Generating nn.gmo
[ 13%] Generating pl.gmo
[ 13%] Generating pt_BR.gmo
[ 13%] Generating pt_PT.gmo
[ 13%] Building CXX object src/CMakeFiles/ed2k.dir/MuleCollection.cpp.o
[ 14%] Generating ro.gmo
[ 14%] Generating ru.gmo
[ 14%] Generating sl.gmo
[ 14%] Generating sq.gmo
[ 14%] Generating sv.gmo
[ 14%] Building CXX object src/utils/wxCas/src/CMakeFiles/wxcas.dir/wxcascte.cpp.o
[ 14%] Building CXX object unittests/muleunit/CMakeFiles/muleunit.dir/main.cpp.o
[ 15%] Generating tr.gmo
[ 15%] Generating uk.gmo
[ 15%] Generating zh_CN.gmo
[ 15%] Building CXX object unittests/muleunit/CMakeFiles/muleunit.dir/testcase.cpp.o
[ 15%] Generating zh_TW.gmo
[ 15%] Built target pofiles_1
[ 15%] Building CXX object unittests/muleunit/CMakeFiles/muleunit.dir/testregistry.cpp.o
[ 16%] Building CXX object src/CMakeFiles/muleappgui.dir/ColorFrameCtrl.cpp.o
[ 17%] Building CXX object src/utils/aLinkCreator/src/CMakeFiles/alc.dir/alcframe.cpp.o
[ 17%] Building CXX object src/utils/aLinkCreator/src/CMakeFiles/alcc.dir/md4.cpp.o
[ 17%] Building CXX object src/CMakeFiles/muleappcore.dir/Parser.cpp.o
[ 17%] Building CXX object src/libs/ec/cpp/CMakeFiles/ec.dir/ECMuleSocket.cpp.o
[ 18%] Building CXX object unittests/muleunit/CMakeFiles/muleunit.dir/__/__/src/libs/common/MuleDebug.cpp.o
[ 18%] Linking CXX static library libmulecommon.a
[ 18%] Building CXX object unittests/muleunit/CMakeFiles/muleunit.dir/__/__/src/libs/common/StringFunctions.cpp.o
[ 18%] Built target mulecommon
[ 19%] Building CXX object src/utils/wxCas/src/CMakeFiles/wxcas.dir/wxcasframe.cpp.o
[ 19%] Building CXX object src/utils/aLinkCreator/src/CMakeFiles/alc.dir/alcpix.cpp.o
[ 20%] Linking CXX executable ed2k
[ 20%] Building CXX object src/libs/ec/cpp/CMakeFiles/ec.dir/ECPacket.cpp.o
[ 21%] Building CXX object src/CMakeFiles/muleappcore.dir/Scanner.cpp.o
[ 21%] Building CXX object src/CMakeFiles/muleappgui.dir/EditServerListDlg.cpp.o
[ 21%] Building CXX object src/CMakeFiles/muleappcommon.dir/UPnPBase.cpp.o
[ 21%] Building CXX object src/CMakeFiles/muleappcommon.dir/CFile.cpp.o
[ 21%] Building CXX object src/CMakeFiles/muleappcommon.dir/ClientCredits.cpp.o
[ 21%] Building CXX object src/utils/fileview/CMakeFiles/fileview.dir/__/__/kademlia/utils/UInt128.cpp.o
[ 21%] Linking CXX executable alcc
[ 21%] Building CXX object src/CMakeFiles/muleappcore.dir/kademlia/kademlia/Entry.cpp.o
[ 21%] Building CXX object src/utils/wxCas/src/CMakeFiles/wxcas.dir/wxcasprefs.cpp.o
[ 21%] Building CXX object src/utils/wxCas/src/CMakeFiles/wxcas.dir/wxcaspix.cpp.o
[ 21%] Building CXX object src/utils/aLinkCreator/src/CMakeFiles/alc.dir/ed2khash.cpp.o
[ 22%] Building CXX object src/utils/aLinkCreator/src/CMakeFiles/alc.dir/md4.cpp.o
[ 22%] Building CXX object src/libs/ec/cpp/CMakeFiles/ec.dir/ECSpecialTags.cpp.o
[ 22%] Built target muleunit
[ 23%] Building CXX object src/CMakeFiles/muleappcommon.dir/DataToText.cpp.o
[ 23%] Building CXX object src/utils/fileview/CMakeFiles/fileview.dir/__/__/CFile.cpp.o
[ 23%] Building CXX object src/utils/fileview/CMakeFiles/fileview.dir/__/__/OtherFunctions.cpp.o
[ 23%] Building CXX object src/utils/wxCas/src/CMakeFiles/wxcas.dir/wxcasprint.cpp.o
[ 24%] Building CXX object src/libs/ec/cpp/CMakeFiles/ec.dir/ECSocket.cpp.o
[ 24%] Building CXX object src/CMakeFiles/muleappcommon.dir/ED2KLink.cpp.o
[ 24%] Building CXX object src/utils/fileview/CMakeFiles/fileview.dir/__/__/SafeFile.cpp.o
[ 25%] Building CXX object src/utils/fileview/CMakeFiles/fileview.dir/__/__/Tag.cpp.o
[ 25%] Building CXX object src/CMakeFiles/muleappcore.dir/kademlia/kademlia/Indexed.cpp.o
[ 25%] Building CXX object src/CMakeFiles/muleappgui.dir/FileDetailListCtrl.cpp.o
[ 25%] Building CXX object src/libs/ec/cpp/CMakeFiles/ec.dir/ECTag.cpp.o
[ 25%] Building CXX object src/utils/fileview/CMakeFiles/fileview.dir/eD2kFiles.cpp.o
[ 25%] Building CXX object unittests/tests/CMakeFiles/CTagTest.dir/CTagTest.cpp.o
[ 25%] Linking CXX executable alc
[ 25%] Built target ed2k
[ 25%] Building CXX object unittests/tests/CMakeFiles/CTagTest.dir/__/__/src/SafeFile.cpp.o
[ 25%] Built target alcc
[ 25%] Building CXX object src/CMakeFiles/muleappcommon.dir/Friend.cpp.o
[ 25%] Building CXX object src/CMakeFiles/muleappcore.dir/kademlia/kademlia/SearchManager.cpp.o
[ 25%] Building CXX object src/CMakeFiles/muleappcommon.dir/GapList.cpp.o
[ 25%] Building CXX object src/CMakeFiles/muleappgui.dir/MuleCollection.cpp.o
[ 26%] Linking CXX executable wxcas
[ 26%] Building CXX object src/libs/ec/cpp/CMakeFiles/ec.dir/ECUInt128.cpp.o
[ 26%] Building CXX object src/CMakeFiles/muleappgui.dir/MuleColour.cpp.o
[ 27%] Building CXX object src/CMakeFiles/muleappgui.dir/MuleGifCtrl.cpp.o
[ 27%] Building CXX object src/CMakeFiles/muleappgui.dir/MuleListCtrl.cpp.o
[ 27%] Building CXX object src/CMakeFiles/muleappgui.dir/MuleNotebook.cpp.o
[ 27%] Building CXX object unittests/tests/CMakeFiles/CTagTest.dir/__/__/src/MemFile.cpp.o
[ 27%] Building CXX object unittests/tests/CMakeFiles/CTagTest.dir/__/__/src/Tag.cpp.o
[ 27%] Building CXX object unittests/tests/CMakeFiles/CUInt128Test.dir/CUInt128Test.cpp.o
[ 28%] Building CXX object unittests/tests/CMakeFiles/FileDataIOTest.dir/FileDataIOTest.cpp.o
[ 29%] Building CXX object src/CMakeFiles/muleappcore.dir/kademlia/routing/RoutingBin.cpp.o
[ 29%] Building CXX object src/libs/ec/cpp/CMakeFiles/ec.dir/RemoteConnect.cpp.o
[ 29%] Building CXX object src/utils/fileview/CMakeFiles/fileview.dir/FileView.cpp.o
[ 29%] Building CXX object src/utils/fileview/CMakeFiles/fileview.dir/KadFiles.cpp.o
[ 30%] Building CXX object src/utils/fileview/CMakeFiles/fileview.dir/Print.cpp.o
[ 31%] Building CXX object unittests/tests/CMakeFiles/CTagTest.dir/__/__/src/libs/common/Format.cpp.o
[ 31%] Building CXX object src/CMakeFiles/muleappcommon.dir/MagnetURI.cpp.o
[ 31%] Linking CXX static library libmulesocket.a
[ 31%] Built target mulesocket
[ 32%] Building CXX object unittests/tests/CMakeFiles/CUInt128Test.dir/__/__/src/kademlia/utils/UInt128.cpp.o
[ 32%] Building CXX object src/CMakeFiles/muleappcore.dir/kademlia/utils/UInt128.cpp.o
[ 33%] Building CXX object src/CMakeFiles/muleappcommon.dir/MemFile.cpp.o
[ 33%] Building CXX object src/CMakeFiles/muleappcommon.dir/NetworkFunctions.cpp.o
[ 33%] Building C object unittests/tests/CMakeFiles/CTagTest.dir/__/__/src/libs/common/strerror_r.c.o
[ 33%] Building CXX object src/CMakeFiles/muleappcore.dir/AsyncDNS.cpp.o
[ 33%] Building CXX object unittests/tests/CMakeFiles/FileDataIOTest.dir/__/__/src/SafeFile.cpp.o
[ 33%] Building CXX object unittests/tests/CMakeFiles/NetworkFunctionsTest.dir/NetworkFunctionsTest.cpp.o
[ 33%] Building CXX object unittests/tests/CMakeFiles/FormatTest.dir/FormatTest.cpp.o
[ 33%] Linking CXX executable CTagTest
[ 33%] Building CXX object unittests/tests/CMakeFiles/NetworkFunctionsTest.dir/__/__/src/NetworkFunctions.cpp.o
[ 34%] Linking CXX static library libec.a
[ 34%] Building CXX object unittests/tests/CMakeFiles/NetworkFunctionsTest.dir/__/__/src/LibSocket.cpp.o
[ 34%] Building CXX object unittests/tests/CMakeFiles/CUInt128Test.dir/__/__/src/libs/common/Format.cpp.o
[ 34%] Building CXX object src/CMakeFiles/muleappgui.dir/MuleTextCtrl.cpp.o
[ 34%] Building CXX object unittests/tests/CMakeFiles/FileDataIOTest.dir/__/__/src/CFile.cpp.o
[ 34%] Building CXX object unittests/tests/CMakeFiles/FormatTest.dir/__/__/src/libs/common/Format.cpp.o
[ 34%] Building CXX object unittests/tests/CMakeFiles/FileDataIOTest.dir/__/__/src/MemFile.cpp.o
[ 34%] Built target alc
[ 34%] Building CXX object unittests/tests/CMakeFiles/NetworkFunctionsTest.dir/__/__/src/libs/common/Format.cpp.o
[ 34%] Built target ec
[ 34%] Building CXX object unittests/tests/CMakeFiles/PathTest.dir/PathTest.cpp.o
[ 34%] Building CXX object unittests/tests/CMakeFiles/RangeMapTest.dir/RangeMapTest.cpp.o
[ 34%] Building CXX object src/CMakeFiles/muleappcommon.dir/OtherFunctions.cpp.o
[ 34%] Built target wxcas
[ 34%] Building CXX object src/CMakeFiles/muleappcommon.dir/Packet.cpp.o
[ 34%] Linking CXX executable fileview
[ 34%] Building C object unittests/tests/CMakeFiles/CUInt128Test.dir/__/__/src/libs/common/strerror_r.c.o
/usr/src/debug/amule-git/amule/src/Logger.h:174:7: warning: type ‘struct CLogger’ violates the C++ One Definition Rule [-Wodr]
/usr/src/debug/amule-git/amule/src/utils/fileview/FileView.cpp:54:7: note: a type with different bases is defined in another translation unit
/usr/src/debug/amule-git/amule/src/Logger.h:33:6: warning: type ‘DebugType’ violates the C++ One Definition Rule [-Wodr]
/usr/src/debug/amule-git/amule/src/utils/fileview/FileView.cpp:52:6: note: a type with different signedness is defined in another translation unit
[ 35%] Building CXX object src/CMakeFiles/muleappcore.dir/DeadSourceList.cpp.o
[ 35%] Building CXX object src/CMakeFiles/muleappcore.dir/CanceledFileList.cpp.o
/usr/src/debug/amule-git/amule/src/Logger.h:216:7: warning: type of ‘AddLogLine’ does not match original declaration [-Wlto-type-mismatch]
/usr/src/debug/amule-git/amule/src/utils/fileview/FileView.cpp:60:6: note: type mismatch in parameter 4
/usr/src/debug/amule-git/amule/src/utils/fileview/FileView.cpp:52:6: note: type ‘DebugType’ itself violates the C++ One Definition Rule
/usr/src/debug/amule-git/amule/src/Logger.h:33:6: note: the incompatible type is defined here
/usr/src/debug/amule-git/amule/src/utils/fileview/FileView.cpp:60:6: note: ‘AddLogLine’ was previously declared here
/usr/src/debug/amule-git/amule/src/utils/fileview/FileView.cpp:60:6: note: code may be misoptimized unless ‘-fno-strict-aliasing’ is used
/usr/src/debug/amule-git/amule/src/Logger.h:312:16: warning: ‘theLogger’ violates the C++ One Definition Rule [-Wodr]
/usr/src/debug/amule-git/amule/src/utils/fileview/FileView.cpp:54:7: note: type ‘struct CLogger’ itself violates the C++ One Definition Rule
/usr/src/debug/amule-git/amule/src/Logger.h:174:7: note: the incompatible type is defined here
/usr/src/debug/amule-git/amule/src/utils/fileview/FileView.cpp:65:9: note: ‘theLogger’ was previously declared here
/usr/src/debug/amule-git/amule/src/utils/fileview/FileView.cpp:65:9: note: code may be misoptimized unless ‘-fno-strict-aliasing’ is used
[ 35%] Linking CXX executable CUInt128Test
[ 36%] Building CXX object unittests/tests/CMakeFiles/RangeMapTest.dir/__/__/src/libs/common/Format.cpp.o
[ 36%] Building C object unittests/tests/CMakeFiles/RangeMapTest.dir/__/__/src/libs/common/strerror_r.c.o
[ 37%] Building CXX object src/CMakeFiles/muleappgui.dir/muuli_wdr.cpp.o
[ 38%] Building CXX object src/CMakeFiles/muleappcommon.dir/RLE.cpp.o
[ 38%] Building CXX object unittests/tests/CMakeFiles/PathTest.dir/__/__/src/libs/common/Format.cpp.o
[ 38%] Building CXX object unittests/tests/CMakeFiles/StringFunctionsTest.dir/StringFunctionsTest.cpp.o
[ 38%] Building CXX object unittests/tests/CMakeFiles/StringFunctionsTest.dir/__/__/src/libs/common/Format.cpp.o
[ 38%] Building C object unittests/tests/CMakeFiles/FormatTest.dir/__/__/src/libs/common/strerror_r.c.o
[ 38%] Building CXX object unittests/tests/CMakeFiles/FileDataIOTest.dir/__/__/src/kademlia/utils/UInt128.cpp.o
[ 38%] Building CXX object src/CMakeFiles/muleappcore.dir/FileArea.cpp.o
[ 39%] Linking CXX executable FormatTest
[ 39%] Building CXX object src/CMakeFiles/muleappcommon.dir/SafeFile.cpp.o
[ 40%] Building C object unittests/tests/CMakeFiles/NetworkFunctionsTest.dir/__/__/src/libs/common/strerror_r.c.o
[ 40%] Linking CXX executable RangeMapTest
[ 41%] Building C object unittests/tests/CMakeFiles/PathTest.dir/__/__/src/libs/common/strerror_r.c.o
[ 42%] Building C object unittests/tests/CMakeFiles/StringFunctionsTest.dir/__/__/src/libs/common/strerror_r.c.o
[ 42%] Building CXX object unittests/tests/CMakeFiles/TextFileTest.dir/TextFileTest.cpp.o
[ 42%] Building CXX object unittests/tests/CMakeFiles/StringFunctionsTest.dir/__/__/src/libs/common/Path.cpp.o
[ 43%] Building CXX object unittests/tests/CMakeFiles/TextFileTest.dir/__/__/src/libs/common/Format.cpp.o
[ 43%] Building CXX object src/CMakeFiles/muleappcore.dir/FileAutoClose.cpp.o
[ 43%] Building CXX object src/CMakeFiles/muleappcommon.dir/SHA.cpp.o
[ 43%] Building CXX object src/CMakeFiles/muleappcore.dir/PlatformSpecific.cpp.o
[ 43%] Building CXX object unittests/tests/CMakeFiles/PathTest.dir/__/__/src/libs/common/Path.cpp.o
[ 44%] Building CXX object unittests/tests/CMakeFiles/FileDataIOTest.dir/__/__/src/Tag.cpp.o
[ 44%] Built target CUInt128Test
[ 44%] Building C object unittests/tests/CMakeFiles/TextFileTest.dir/__/__/src/libs/common/strerror_r.c.o
[ 44%] Building CXX object src/CMakeFiles/muleappcore.dir/RandomFunctions.cpp.o
[ 44%] Building CXX object unittests/tests/CMakeFiles/TextFileTest.dir/__/__/src/libs/common/Path.cpp.o
[ 44%] Built target CTagTest
[ 44%] Building CXX object src/CMakeFiles/amulecmd.dir/DataToText.cpp.o
[ 45%] Building CXX object src/CMakeFiles/amulecmd.dir/ExternalConnector.cpp.o
[ 45%] Building CXX object src/CMakeFiles/amulecmd.dir/LoggerConsole.cpp.o
[ 45%] Building CXX object unittests/tests/CMakeFiles/FileDataIOTest.dir/__/__/src/libs/common/Path.cpp.o
[ 45%] Linking CXX executable StringFunctionsTest
[ 45%] Building CXX object src/CMakeFiles/muleappcommon.dir/Tag.cpp.o
[ 45%] Linking CXX executable PathTest
[ 45%] Building CXX object src/webserver/src/CMakeFiles/amuleweb.dir/__/__/ExternalConnector.cpp.o
[ 45%] Building CXX object src/CMakeFiles/amulecmd.dir/NetworkFunctions.cpp.o
[ 45%] Building CXX object unittests/tests/CMakeFiles/TextFileTest.dir/__/__/src/libs/common/TextFile.cpp.o
[ 46%] Building CXX object src/CMakeFiles/muleappcore.dir/RC4Encrypt.cpp.o
[ 46%] Building CXX object unittests/tests/CMakeFiles/FileDataIOTest.dir/__/__/src/libs/common/Format.cpp.o
[ 46%] Building CXX object src/CMakeFiles/muleappcore.dir/StateMachine.cpp.o
[ 46%] Building C object unittests/tests/CMakeFiles/FileDataIOTest.dir/__/__/src/libs/common/strerror_r.c.o
[ 46%] Building CXX object src/webserver/src/CMakeFiles/amuleweb.dir/__/__/OtherFunctions.cpp.o
[ 46%] Building CXX object src/CMakeFiles/amulecmd.dir/OtherFunctions.cpp.o
[ 47%] Linking CXX executable TextFileTest
[ 47%] Building CXX object src/CMakeFiles/muleappcore.dir/TerminationProcessAmuleweb.cpp.o
[ 47%] Built target RangeMapTest
[ 48%] Building CXX object src/CMakeFiles/muleappcommon.dir/TerminationProcess.cpp.o
[ 49%] Building CXX object src/CMakeFiles/amulecmd.dir/TextClient.cpp.o
[ 49%] Linking CXX static library libmuleappgui.a
[ 49%] Building CXX object src/webserver/src/CMakeFiles/amuleweb.dir/__/__/RLE.cpp.o
[ 50%] Linking CXX executable FileDataIOTest
[ 50%] Built target StringFunctionsTest
[ 50%] Building CXX object src/CMakeFiles/muleappcommon.dir/Timer.cpp.o
[ 50%] Linking CXX executable NetworkFunctionsTest
[ 50%] Built target muleappgui
[ 51%] Building CXX object src/webserver/src/CMakeFiles/amuleweb.dir/__/__/NetworkFunctions.cpp.o
[ 51%] Building CXX object src/webserver/src/CMakeFiles/amuleweb.dir/__/__/LoggerConsole.cpp.o
[ 51%] Building CXX object src/webserver/src/CMakeFiles/amuleweb.dir/__/__/UPnPBase.cpp.o
[ 51%] Building CXX object src/webserver/src/CMakeFiles/amuleweb.dir/php_amule_lib.cpp.o
[ 51%] Built target fileview
[ 52%] Building CXX object src/webserver/src/CMakeFiles/amuleweb.dir/php_core_lib.cpp.o
[ 52%] Building C object src/webserver/src/CMakeFiles/amuleweb.dir/php_lexer.c.o
[ 52%] Building C object src/webserver/src/CMakeFiles/amuleweb.dir/php_parser.c.o
[ 52%] Building CXX object src/webserver/src/CMakeFiles/amuleweb.dir/php_syntree.cpp.o
[ 52%] Building CXX object src/webserver/src/CMakeFiles/amuleweb.dir/WebInterface.cpp.o
[ 52%] Built target PathTest
[ 53%] Building CXX object src/webserver/src/CMakeFiles/amuleweb.dir/WebServer.cpp.o
[ 53%] Building CXX object src/CMakeFiles/muleappcore.dir/ThreadScheduler.cpp.o
[ 53%] Building CXX object src/webserver/src/CMakeFiles/amuleweb.dir/WebSocket.cpp.o
[ 53%] Linking CXX static library libmuleappcommon.a
[ 54%] Building CXX object src/CMakeFiles/muleappcore.dir/UPnPBase.cpp.o
[ 54%] Built target muleappcommon
[ 54%] Building CXX object src/CMakeFiles/amulegui.dir/amuleAppCommon.cpp.o
[ 54%] Building CXX object src/CMakeFiles/amulegui.dir/ClientRef.cpp.o
[ 54%] Built target TextFileTest
[ 54%] Building CXX object src/CMakeFiles/amulegui.dir/ECSpecialMuleTags.cpp.o
[ 54%] Built target FormatTest
[ 55%] Building CXX object src/CMakeFiles/amulegui.dir/GetTickCount.cpp.o
[ 55%] Building CXX object src/CMakeFiles/amulegui.dir/GuiEvents.cpp.o
[ 55%] Building CXX object src/CMakeFiles/amulegui.dir/HTTPDownload.cpp.o
[ 55%] Building CXX object src/CMakeFiles/amulegui.dir/KnownFile.cpp.o
[ 56%] Building CXX object src/CMakeFiles/amulegui.dir/Logger.cpp.o
[ 56%] Building CXX object src/CMakeFiles/amulegui.dir/Preferences.cpp.o
[ 56%] Building CXX object src/CMakeFiles/amulegui.dir/PartFile.cpp.o
[ 56%] Building CXX object src/CMakeFiles/amulegui.dir/Proxy.cpp.o
[ 57%] Building CXX object src/CMakeFiles/amulegui.dir/Server.cpp.o
[ 57%] Built target FileDataIOTest
[ 57%] Building CXX object src/CMakeFiles/amulegui.dir/Statistics.cpp.o
[ 57%] Building CXX object src/CMakeFiles/amulegui.dir/StatTree.cpp.o
[ 57%] Building CXX object src/CMakeFiles/amulegui.dir/UserEvents.cpp.o
[ 57%] Linking CXX executable amulecmd
[ 57%] Built target NetworkFunctionsTest
[ 58%] Building CXX object src/CMakeFiles/amulegui.dir/amule-gui.cpp.o
[ 58%] Building CXX object src/CMakeFiles/amulegui.dir/AddFriend.cpp.o
[ 58%] Linking CXX static library libmuleappcore.a
[ 58%] Built target muleappcore
[ 58%] Building CXX object src/CMakeFiles/amulegui.dir/AppImageIntegration.cpp.o
[ 58%] Building CXX object src/CMakeFiles/amulegui.dir/amuleDlg.cpp.o
[ 58%] Building CXX object src/CMakeFiles/amulegui.dir/CatDialog.cpp.o
[ 58%] Linking CXX executable amuleweb
[ 59%] Building CXX object src/CMakeFiles/amulegui.dir/ChatSelector.cpp.o
[ 59%] Building CXX object src/CMakeFiles/amulegui.dir/ChatWnd.cpp.o
[ 59%] Building CXX object src/CMakeFiles/amulegui.dir/ClientDetailDialog.cpp.o
[ 59%] Building CXX object src/CMakeFiles/amuled.dir/kademlia/kademlia/Kademlia.cpp.o
[ 59%] Building CXX object src/CMakeFiles/amulegui.dir/CommentDialog.cpp.o
[ 59%] Building CXX object src/CMakeFiles/amuled.dir/kademlia/kademlia/Prefs.cpp.o
[ 59%] Building CXX object src/CMakeFiles/amule.dir/amuleAppCommon.cpp.o
[ 60%] Building CXX object src/CMakeFiles/amuled.dir/kademlia/kademlia/Search.cpp.o
[ 61%] Building CXX object src/CMakeFiles/amulegui.dir/CommentDialogLst.cpp.o
[ 61%] Building CXX object src/CMakeFiles/amulegui.dir/DirectoryTreeCtrl.cpp.o
[ 61%] Building CXX object src/CMakeFiles/amulegui.dir/DownloadListCtrl.cpp.o
[ 61%] Building CXX object src/CMakeFiles/amule.dir/ClientRef.cpp.o
[ 62%] Building CXX object src/CMakeFiles/amule.dir/ECSpecialMuleTags.cpp.o
[ 62%] Building CXX object src/CMakeFiles/amule.dir/GetTickCount.cpp.o
[ 62%] Building CXX object src/CMakeFiles/amulegui.dir/FileDetailDialog.cpp.o
[ 62%] Building CXX object src/CMakeFiles/amuled.dir/kademlia/kademlia/UDPFirewallTester.cpp.o
[ 62%] Building CXX object src/CMakeFiles/amule.dir/GuiEvents.cpp.o
[ 63%] Building CXX object src/CMakeFiles/amulegui.dir/FriendListCtrl.cpp.o
[ 63%] Building CXX object src/CMakeFiles/amule.dir/HTTPDownload.cpp.o
[ 63%] Building CXX object src/CMakeFiles/amuled.dir/kademlia/net/KademliaUDPListener.cpp.o
[ 63%] Building CXX object src/CMakeFiles/amuled.dir/kademlia/net/PacketTracking.cpp.o
[ 63%] Building CXX object src/CMakeFiles/amuled.dir/kademlia/routing/Contact.cpp.o
[ 63%] Building CXX object src/CMakeFiles/amulegui.dir/GenericClientListCtrl.cpp.o
[ 64%] Building CXX object src/CMakeFiles/amule.dir/KnownFile.cpp.o
/usr/bin/ld: /tmp/ccYUS07z.ltrans2.ltrans.o: warning: relocation against `MULE_EVT_NOTIFY' in read-only section `.text'
/usr/bin/ld: /tmp/ccYUS07z.ltrans0.ltrans.o: in function `wxEvtHandler::AddPendingEvent(wxEvent const&)':
/usr/src/debug/amule-git/amule/src/GuiEvents.h:354:(.text+0x1f93): undefined reference to `MULE_EVT_NOTIFY'
/usr/bin/ld: /tmp/ccYUS07z.ltrans2.ltrans.o: in function `MuleNotify::CMuleGUIEvent::Clone() const':
/usr/src/debug/amule-git/amule/src/GuiEvents.h:354:(.text+0xc29): undefined reference to `MULE_EVT_NOTIFY'
/usr/bin/ld: warning: creating DT_TEXTREL in a PIE
collect2: error: ld returned 1 exit status
make[2]: *** [src/CMakeFiles/amulecmd.dir/build.make:187: src/amulecmd] Error 1
make[1]: *** [CMakeFiles/Makefile2:841: src/CMakeFiles/amulecmd.dir/all] Error 2
make[1]: *** Waiting for unfinished jobs....
[ 64%] Building CXX object src/CMakeFiles/amulegui.dir/KadDlg.cpp.o
[ 64%] Building CXX object src/CMakeFiles/amulegui.dir/MuleTrayIcon.cpp.o
[ 65%] Building CXX object src/CMakeFiles/amuled.dir/kademlia/routing/RoutingZone.cpp.o
[ 65%] Building CXX object src/CMakeFiles/amule.dir/Logger.cpp.o
[ 65%] Building CXX object src/CMakeFiles/amule.dir/PartFile.cpp.o
[ 65%] Building CXX object src/CMakeFiles/amuled.dir/amule.cpp.o
[ 65%] Building CXX object src/CMakeFiles/amulegui.dir/OScopeCtrl.cpp.o
[ 65%] Building CXX object src/CMakeFiles/amule.dir/Preferences.cpp.o
[ 65%] Building CXX object src/CMakeFiles/amuled.dir/BaseClient.cpp.o
[ 65%] Building CXX object src/CMakeFiles/amule.dir/Proxy.cpp.o
[ 66%] Building CXX object src/CMakeFiles/amulegui.dir/PrefsUnifiedDlg.cpp.o
[ 67%] Building CXX object src/CMakeFiles/amule.dir/Server.cpp.o
[ 67%] Building CXX object src/CMakeFiles/amulegui.dir/SearchDlg.cpp.o
[ 67%] Building CXX object src/CMakeFiles/amulegui.dir/SearchListCtrl.cpp.o
[ 67%] Building CXX object src/CMakeFiles/amule.dir/Statistics.cpp.o
[ 67%] Building CXX object src/CMakeFiles/amuled.dir/ClientCreditsList.cpp.o
[ 67%] Building CXX object src/CMakeFiles/amule.dir/StatTree.cpp.o
[ 67%] Building CXX object src/CMakeFiles/amulegui.dir/ServerListCtrl.cpp.o
[ 67%] Building CXX object src/CMakeFiles/amule.dir/UserEvents.cpp.o
[ 68%] Building CXX object src/CMakeFiles/amuled.dir/ClientList.cpp.o
[ 69%] Building CXX object src/CMakeFiles/amule.dir/kademlia/kademlia/Kademlia.cpp.o
[ 70%] Building CXX object src/CMakeFiles/amulegui.dir/ServerWnd.cpp.o
[ 70%] Building CXX object src/CMakeFiles/amule.dir/kademlia/kademlia/Prefs.cpp.o
[ 70%] Building CXX object src/CMakeFiles/amuled.dir/ClientTCPSocket.cpp.o
[ 70%] Built target amuleweb
[ 70%] Building CXX object src/CMakeFiles/amule.dir/kademlia/kademlia/Search.cpp.o
[ 70%] Building CXX object src/CMakeFiles/amulegui.dir/SharedFilePeersListCtrl.cpp.o
[ 70%] Building CXX object src/CMakeFiles/amuled.dir/ClientUDPSocket.cpp.o
[ 70%] Building CXX object src/CMakeFiles/amule.dir/kademlia/kademlia/UDPFirewallTester.cpp.o
[ 70%] Building CXX object src/CMakeFiles/amulegui.dir/SharedFilesCtrl.cpp.o
[ 71%] Building CXX object src/CMakeFiles/amule.dir/kademlia/net/KademliaUDPListener.cpp.o
[ 71%] Building CXX object src/CMakeFiles/amulegui.dir/SharedFilesWnd.cpp.o
[ 71%] Building CXX object src/CMakeFiles/amuled.dir/CorruptionBlackBox.cpp.o
[ 71%] Building CXX object src/CMakeFiles/amule.dir/kademlia/net/PacketTracking.cpp.o
[ 72%] Building CXX object src/CMakeFiles/amuled.dir/DownloadBandwidthThrottler.cpp.o
[ 73%] Building CXX object src/CMakeFiles/amulegui.dir/SourceListCtrl.cpp.o
[ 73%] Building CXX object src/CMakeFiles/amuled.dir/DownloadClient.cpp.o
[ 73%] Building CXX object src/CMakeFiles/amule.dir/kademlia/routing/Contact.cpp.o
[ 73%] Building CXX object src/CMakeFiles/amuled.dir/DownloadQueue.cpp.o
[ 73%] Building CXX object src/CMakeFiles/amulegui.dir/StatisticsDlg.cpp.o
[ 73%] Building CXX object src/CMakeFiles/amuled.dir/ECSpecialCoreTags.cpp.o
[ 73%] Building CXX object src/CMakeFiles/amule.dir/kademlia/routing/RoutingZone.cpp.o
[ 73%] Building CXX object src/CMakeFiles/amulegui.dir/TransferWnd.cpp.o
[ 73%] Building CXX object src/CMakeFiles/amuled.dir/EMSocket.cpp.o
[ 74%] Building CXX object src/CMakeFiles/amuled.dir/EncryptedStreamSocket.cpp.o
[ 74%] Building CXX object src/CMakeFiles/amule.dir/amule.cpp.o
[ 74%] Building CXX object src/CMakeFiles/amuled.dir/EncryptedDatagramSocket.cpp.o
[ 75%] Building CXX object src/CMakeFiles/amule.dir/BaseClient.cpp.o
[ 75%] Building CXX object src/CMakeFiles/amuled.dir/ExternalConn.cpp.o
[ 75%] Building CXX object src/CMakeFiles/amulegui.dir/kademlia/utils/UInt128.cpp.o
[ 75%] Building CXX object src/CMakeFiles/amuled.dir/FriendList.cpp.o
[ 75%] Building CXX object src/CMakeFiles/amule.dir/ClientCreditsList.cpp.o
[ 76%] Building CXX object src/CMakeFiles/amuled.dir/IPFilter.cpp.o
[ 76%] Building CXX object src/CMakeFiles/amulegui.dir/amule-remote-gui.cpp.o
[ 76%] Building CXX object src/CMakeFiles/amule.dir/ClientList.cpp.o
[ 76%] Building CXX object src/CMakeFiles/amuled.dir/KnownFileList.cpp.o
[ 76%] Building CXX object src/CMakeFiles/amule.dir/ClientTCPSocket.cpp.o
[ 76%] Building CXX object src/CMakeFiles/amuled.dir/ListenSocket.cpp.o
[ 76%] Building CXX object src/CMakeFiles/amuled.dir/MuleUDPSocket.cpp.o
[ 77%] Building CXX object src/CMakeFiles/amuled.dir/SearchFile.cpp.o
[ 77%] Building CXX object src/CMakeFiles/amuled.dir/SearchList.cpp.o
[ 78%] Building CXX object src/CMakeFiles/amule.dir/ClientUDPSocket.cpp.o
[ 78%] Building CXX object src/CMakeFiles/amuled.dir/ServerConnect.cpp.o
[ 78%] Building CXX object src/CMakeFiles/amule.dir/CorruptionBlackBox.cpp.o
[ 78%] Building CXX object src/CMakeFiles/amuled.dir/ServerList.cpp.o
[ 78%] Building CXX object src/CMakeFiles/amule.dir/DownloadBandwidthThrottler.cpp.o
[ 79%] Building CXX object src/CMakeFiles/amuled.dir/ServerSocket.cpp.o
[ 79%] Building CXX object src/CMakeFiles/amuled.dir/ServerUDPSocket.cpp.o
[ 79%] Building CXX object src/CMakeFiles/amule.dir/DownloadClient.cpp.o
[ 79%] Building CXX object src/CMakeFiles/amuled.dir/SHAHashSet.cpp.o
[ 79%] Building CXX object src/CMakeFiles/amuled.dir/SharedFileList.cpp.o
[ 80%] Building CXX object src/CMakeFiles/amule.dir/DownloadQueue.cpp.o
[ 80%] Building CXX object src/CMakeFiles/amuled.dir/UploadBandwidthThrottler.cpp.o
[ 81%] Building CXX object src/CMakeFiles/amuled.dir/UploadClient.cpp.o
[ 81%] Building CXX object src/CMakeFiles/amuled.dir/UploadDiskIOThread.cpp.o
[ 81%] Building CXX object src/CMakeFiles/amule.dir/ECSpecialCoreTags.cpp.o
[ 81%] Building CXX object src/CMakeFiles/amuled.dir/UploadQueue.cpp.o
[ 81%] Building CXX object src/CMakeFiles/amuled.dir/PartFileWriteThread.cpp.o
[ 82%] Building CXX object src/CMakeFiles/amuled.dir/PartFileHashThread.cpp.o
[ 82%] Building CXX object src/CMakeFiles/amule.dir/EMSocket.cpp.o
[ 82%] Building CXX object src/CMakeFiles/amuled.dir/ThreadTasks.cpp.o
[ 82%] Building CXX object src/CMakeFiles/amuled.dir/amuleAppCommon.cpp.o
[ 82%] Building CXX object src/CMakeFiles/amuled.dir/ClientRef.cpp.o
[ 82%] Building CXX object src/CMakeFiles/amule.dir/EncryptedStreamSocket.cpp.o
[ 82%] Building CXX object src/CMakeFiles/amule.dir/EncryptedDatagramSocket.cpp.o
[ 83%] Building CXX object src/CMakeFiles/amule.dir/ExternalConn.cpp.o
[ 84%] Building CXX object src/CMakeFiles/amuled.dir/ECSpecialMuleTags.cpp.o
[ 84%] Building CXX object src/CMakeFiles/amule.dir/FriendList.cpp.o
[ 84%] Building CXX object src/CMakeFiles/amuled.dir/GetTickCount.cpp.o
[ 84%] Building CXX object src/CMakeFiles/amuled.dir/GuiEvents.cpp.o
[ 85%] Linking CXX executable amulegui
[ 85%] Building CXX object src/CMakeFiles/amule.dir/IPFilter.cpp.o
[ 85%] Building CXX object src/CMakeFiles/amuled.dir/HTTPDownload.cpp.o
[ 85%] Building CXX object src/CMakeFiles/amule.dir/KnownFileList.cpp.o
[ 85%] Building CXX object src/CMakeFiles/amuled.dir/KnownFile.cpp.o
[ 86%] Building CXX object src/CMakeFiles/amuled.dir/Logger.cpp.o
[ 86%] Building CXX object src/CMakeFiles/amuled.dir/PartFile.cpp.o
[ 87%] Building CXX object src/CMakeFiles/amule.dir/ListenSocket.cpp.o
[ 87%] Building CXX object src/CMakeFiles/amuled.dir/Preferences.cpp.o
[ 87%] Building CXX object src/CMakeFiles/amule.dir/MuleUDPSocket.cpp.o
[ 87%] Building CXX object src/CMakeFiles/amuled.dir/Proxy.cpp.o
[ 88%] Building CXX object src/CMakeFiles/amuled.dir/Server.cpp.o
[ 88%] Building CXX object src/CMakeFiles/amule.dir/SearchFile.cpp.o
[ 88%] Building CXX object src/CMakeFiles/amule.dir/SearchList.cpp.o
[ 88%] Building CXX object src/CMakeFiles/amuled.dir/Statistics.cpp.o
[ 88%] Building CXX object src/CMakeFiles/amuled.dir/StatTree.cpp.o
[ 89%] Building CXX object src/CMakeFiles/amule.dir/ServerConnect.cpp.o
[ 89%] Building CXX object src/CMakeFiles/amuled.dir/UserEvents.cpp.o
[ 89%] Building CXX object src/CMakeFiles/amule.dir/ServerList.cpp.o
[ 90%] Building CXX object src/CMakeFiles/amuled.dir/amuled.cpp.o
[ 90%] Building CXX object src/CMakeFiles/amule.dir/ServerSocket.cpp.o
[ 90%] Building CXX object src/CMakeFiles/amule.dir/ServerUDPSocket.cpp.o
[ 90%] Building CXX object src/CMakeFiles/amule.dir/SHAHashSet.cpp.o
[ 91%] Building CXX object src/CMakeFiles/amule.dir/SharedFileList.cpp.o
[ 91%] Building CXX object src/CMakeFiles/amule.dir/UploadBandwidthThrottler.cpp.o
[ 91%] Building CXX object src/CMakeFiles/amule.dir/UploadClient.cpp.o
[ 91%] Building CXX object src/CMakeFiles/amule.dir/UploadDiskIOThread.cpp.o
[ 91%] Linking CXX executable amuled
[ 92%] Building CXX object src/CMakeFiles/amule.dir/UploadQueue.cpp.o
[ 92%] Building CXX object src/CMakeFiles/amule.dir/PartFileWriteThread.cpp.o
[ 92%] Building CXX object src/CMakeFiles/amule.dir/PartFileHashThread.cpp.o
[ 92%] Building CXX object src/CMakeFiles/amule.dir/ThreadTasks.cpp.o
[ 93%] Building CXX object src/CMakeFiles/amule.dir/AddFriend.cpp.o
[ 93%] Building CXX object src/CMakeFiles/amule.dir/amule-gui.cpp.o
[ 93%] Building CXX object src/CMakeFiles/amule.dir/AppImageIntegration.cpp.o
[ 93%] Building CXX object src/CMakeFiles/amule.dir/amuleDlg.cpp.o
[ 94%] Building CXX object src/CMakeFiles/amule.dir/CatDialog.cpp.o
[ 94%] Building CXX object src/CMakeFiles/amule.dir/ChatSelector.cpp.o
[ 94%] Building CXX object src/CMakeFiles/amule.dir/ChatWnd.cpp.o
[ 94%] Building CXX object src/CMakeFiles/amule.dir/ClientDetailDialog.cpp.o
[ 94%] Building CXX object src/CMakeFiles/amule.dir/CommentDialog.cpp.o
[ 95%] Building CXX object src/CMakeFiles/amule.dir/CommentDialogLst.cpp.o
[ 95%] Building CXX object src/CMakeFiles/amule.dir/DirectoryTreeCtrl.cpp.o
[ 95%] Building CXX object src/CMakeFiles/amule.dir/DownloadListCtrl.cpp.o
[ 95%] Building CXX object src/CMakeFiles/amule.dir/FileDetailDialog.cpp.o
[ 96%] Building CXX object src/CMakeFiles/amule.dir/FriendListCtrl.cpp.o
[ 96%] Building CXX object src/CMakeFiles/amule.dir/GenericClientListCtrl.cpp.o
[ 96%] Building CXX object src/CMakeFiles/amule.dir/KadDlg.cpp.o
[ 96%] Building CXX object src/CMakeFiles/amule.dir/MuleTrayIcon.cpp.o
[ 97%] Building CXX object src/CMakeFiles/amule.dir/OScopeCtrl.cpp.o
[ 97%] Building CXX object src/CMakeFiles/amule.dir/PrefsUnifiedDlg.cpp.o
[ 97%] Building CXX object src/CMakeFiles/amule.dir/SearchDlg.cpp.o
[ 97%] Building CXX object src/CMakeFiles/amule.dir/SearchListCtrl.cpp.o
[ 97%] Building CXX object src/CMakeFiles/amule.dir/ServerListCtrl.cpp.o
[ 98%] Building CXX object src/CMakeFiles/amule.dir/ServerWnd.cpp.o
[ 98%] Building CXX object src/CMakeFiles/amule.dir/SharedFilePeersListCtrl.cpp.o
[ 98%] Building CXX object src/CMakeFiles/amule.dir/SharedFilesCtrl.cpp.o
[ 98%] Built target amulegui
[ 98%] Building CXX object src/CMakeFiles/amule.dir/SharedFilesWnd.cpp.o
[ 99%] Building CXX object src/CMakeFiles/amule.dir/SourceListCtrl.cpp.o
[ 99%] Building CXX object src/CMakeFiles/amule.dir/StatisticsDlg.cpp.o
[ 99%] Building CXX object src/CMakeFiles/amule.dir/TransferWnd.cpp.o
[ 99%] Building CXX object src/CMakeFiles/amule.dir/CaptchaDialog.cpp.o
[100%] Building CXX object src/CMakeFiles/amule.dir/CaptchaGenerator.cpp.o
[100%] Building CXX object src/CMakeFiles/amule.dir/PartFileConvert.cpp.o
[100%] Building CXX object src/CMakeFiles/amule.dir/PartFileConvertDlg.cpp.o
[100%] Linking CXX executable amule
[100%] Built target amuled
[100%] Built target amule
make: *** [Makefile:146: all] Error 2
[1m[31m==> ERROR:(B[m[1m A failure occurred in build().(B[m
[1m    Aborting...(B[m
