Test project /build/amule-git/src/build
    Start 1: CTagTest
1/9 Test #1: CTagTest .........................   Passed    0.01 sec
    Start 2: CUInt128Test
2/9 Test #2: CUInt128Test .....................   Passed    0.01 sec
    Start 3: FileDataIOTest
3/9 Test #3: FileDataIOTest ...................   Passed    0.21 sec
    Start 4: FormatTest
4/9 Test #4: FormatTest .......................   Passed    0.01 sec
    Start 5: NetworkFunctionsTest
5/9 Test #5: NetworkFunctionsTest .............   Passed    0.07 sec
    Start 6: PathTest
6/9 Test #6: PathTest .........................   Passed    0.01 sec
    Start 7: RangeMapTest
7/9 Test #7: RangeMapTest .....................   Passed    0.01 sec
    Start 8: StringFunctionsTest
8/9 Test #8: StringFunctionsTest ..............   Passed    0.01 sec
    Start 9: TextFileTest
9/9 Test #9: TextFileTest .....................   Passed    0.05 sec

100% tests passed, 0 tests failed out of 9

Total Test time (real) =   0.36 sec
