-- Install configuration: "Release"
-- Installing: /build/appimagelauncher-git/pkg/appimagelauncher-git/usr/lib/appimagelauncher/libappimage.so.1.0.3
-- Installing: /build/appimagelauncher-git/pkg/appimagelauncher-git/usr/lib/appimagelauncher/libappimage.so.1.0
-- Installing: /build/appimagelauncher-git/pkg/appimagelauncher-git/usr/lib/appimagelauncher/libappimage.so
-- Installing: /build/appimagelauncher-git/pkg/appimagelauncher-git/usr/lib/binfmt.d/appimagelauncher.conf
-- Installing: /build/appimagelauncher-git/pkg/appimagelauncher-git/usr/lib/systemd/user/appimagelauncherd.service
-- Installing: /build/appimagelauncher-git/pkg/appimagelauncher-git/usr/bin/appimagelauncherd
-- Set non-toolchain portion of runtime path of "/build/appimagelauncher-git/pkg/appimagelauncher-git/usr/bin/appimagelauncherd" to "$ORIGIN/../lib/appimagelauncher"
-- Installing: /build/appimagelauncher-git/pkg/appimagelauncher-git/usr/bin/AppImageLauncher
-- Set non-toolchain portion of runtime path of "/build/appimagelauncher-git/pkg/appimagelauncher-git/usr/bin/AppImageLauncher" to "$ORIGIN/../lib/appimagelauncher"
-- Installing: /build/appimagelauncher-git/pkg/appimagelauncher-git/usr/bin/AppImageLauncherSettings
-- Set non-toolchain portion of runtime path of "/build/appimagelauncher-git/pkg/appimagelauncher-git/usr/bin/AppImageLauncherSettings" to "$ORIGIN/../lib/appimagelauncher"
-- Installing: /build/appimagelauncher-git/pkg/appimagelauncher-git/usr/lib/appimagelauncher/remove
-- Set non-toolchain portion of runtime path of "/build/appimagelauncher-git/pkg/appimagelauncher-git/usr/lib/appimagelauncher/remove" to "$ORIGIN"
-- Installing: /build/appimagelauncher-git/pkg/appimagelauncher-git/usr/lib/appimagelauncher/binfmt-bypass
-- Installing: /build/appimagelauncher-git/pkg/appimagelauncher-git/usr/lib/appimagelauncher/libbinfmt-bypass-preload.so
-- Installing: /build/appimagelauncher-git/pkg/appimagelauncher-git/usr/lib/appimagelauncher/binfmt-interpreter
-- Up-to-date: /build/appimagelauncher-git/pkg/appimagelauncher-git/usr/lib/appimagelauncher/libbinfmt-bypass-preload.so
-- Installing: /build/appimagelauncher-git/pkg/appimagelauncher-git/usr/bin/ail-cli
-- Set non-toolchain portion of runtime path of "/build/appimagelauncher-git/pkg/appimagelauncher-git/usr/bin/ail-cli" to "$ORIGIN/../lib/appimagelauncher"
-- Installing: /build/appimagelauncher-git/pkg/appimagelauncher-git/usr/share/mime
-- Installing: /build/appimagelauncher-git/pkg/appimagelauncher-git/usr/share/mime/packages
-- Installing: /build/appimagelauncher-git/pkg/appimagelauncher-git/usr/share/mime/packages/appimage.xml
-- Installing: /build/appimagelauncher-git/pkg/appimagelauncher-git/usr/share/icons//hicolor
-- Installing: /build/appimagelauncher-git/pkg/appimagelauncher-git/usr/share/icons//hicolor/64x64
-- Installing: /build/appimagelauncher-git/pkg/appimagelauncher-git/usr/share/icons//hicolor/64x64/apps
-- Installing: /build/appimagelauncher-git/pkg/appimagelauncher-git/usr/share/icons//hicolor/64x64/apps/AppImageLauncher.png
-- Installing: /build/appimagelauncher-git/pkg/appimagelauncher-git/usr/share/icons//hicolor/160x160
-- Installing: /build/appimagelauncher-git/pkg/appimagelauncher-git/usr/share/icons//hicolor/160x160/apps
-- Installing: /build/appimagelauncher-git/pkg/appimagelauncher-git/usr/share/icons//hicolor/160x160/apps/AppImageLauncher.png
-- Installing: /build/appimagelauncher-git/pkg/appimagelauncher-git/usr/share/icons//hicolor/32x32
-- Installing: /build/appimagelauncher-git/pkg/appimagelauncher-git/usr/share/icons//hicolor/32x32/apps
-- Installing: /build/appimagelauncher-git/pkg/appimagelauncher-git/usr/share/icons//hicolor/32x32/apps/AppImageLauncher.png
-- Installing: /build/appimagelauncher-git/pkg/appimagelauncher-git/usr/share/icons//hicolor/192x192
-- Installing: /build/appimagelauncher-git/pkg/appimagelauncher-git/usr/share/icons//hicolor/192x192/apps
-- Installing: /build/appimagelauncher-git/pkg/appimagelauncher-git/usr/share/icons//hicolor/192x192/apps/AppImageLauncher.png
-- Installing: /build/appimagelauncher-git/pkg/appimagelauncher-git/usr/share/icons//hicolor/512x512
-- Installing: /build/appimagelauncher-git/pkg/appimagelauncher-git/usr/share/icons//hicolor/512x512/apps
-- Installing: /build/appimagelauncher-git/pkg/appimagelauncher-git/usr/share/icons//hicolor/512x512/apps/AppImageLauncher.png
-- Installing: /build/appimagelauncher-git/pkg/appimagelauncher-git/usr/share/icons//hicolor/256x256
-- Installing: /build/appimagelauncher-git/pkg/appimagelauncher-git/usr/share/icons//hicolor/256x256/apps
-- Installing: /build/appimagelauncher-git/pkg/appimagelauncher-git/usr/share/icons//hicolor/256x256/apps/AppImageLauncher.png
-- Installing: /build/appimagelauncher-git/pkg/appimagelauncher-git/usr/share/icons//hicolor/16x16
-- Installing: /build/appimagelauncher-git/pkg/appimagelauncher-git/usr/share/icons//hicolor/16x16/apps
-- Installing: /build/appimagelauncher-git/pkg/appimagelauncher-git/usr/share/icons//hicolor/16x16/apps/AppImageLauncher.png
-- Installing: /build/appimagelauncher-git/pkg/appimagelauncher-git/usr/share/icons//hicolor/128x128
-- Installing: /build/appimagelauncher-git/pkg/appimagelauncher-git/usr/share/icons//hicolor/128x128/apps
-- Installing: /build/appimagelauncher-git/pkg/appimagelauncher-git/usr/share/icons//hicolor/128x128/apps/AppImageLauncher.png
-- Installing: /build/appimagelauncher-git/pkg/appimagelauncher-git/usr/share/icons//hicolor/scalable
-- Installing: /build/appimagelauncher-git/pkg/appimagelauncher-git/usr/share/icons//hicolor/scalable/apps
-- Installing: /build/appimagelauncher-git/pkg/appimagelauncher-git/usr/share/icons//hicolor/scalable/apps/AppImageLauncher.svg
-- Installing: /build/appimagelauncher-git/pkg/appimagelauncher-git/usr/share/icons//hicolor/384x384
-- Installing: /build/appimagelauncher-git/pkg/appimagelauncher-git/usr/share/icons//hicolor/384x384/apps
-- Installing: /build/appimagelauncher-git/pkg/appimagelauncher-git/usr/share/icons//hicolor/384x384/apps/AppImageLauncher.png
-- Installing: /build/appimagelauncher-git/pkg/appimagelauncher-git/usr/share/applications/appimagelauncher.desktop
-- Installing: /build/appimagelauncher-git/pkg/appimagelauncher-git/usr/share/applications/appimagelaunchersettings.desktop
-- Installing: /build/appimagelauncher-git/pkg/appimagelauncher-git/usr/share/applications/appimagelauncherd.desktop
-- Installing: /build/appimagelauncher-git/pkg/appimagelauncher-git/usr/share/applications/ail-cli.desktop
-- Installing: /build/appimagelauncher-git/pkg/appimagelauncher-git/usr/share/appimagelauncher/fallback-icons
-- Installing: /build/appimagelauncher-git/pkg/appimagelauncher-git/usr/share/appimagelauncher/fallback-icons/folder.svg
-- Installing: /build/appimagelauncher-git/pkg/appimagelauncher-git/usr/share/appimagelauncher/fallback-icons/found.svg
-- Installing: /build/appimagelauncher-git/pkg/appimagelauncher-git/usr/share/appimagelauncher/fallback-icons/add.svg
-- Installing: /build/appimagelauncher-git/pkg/appimagelauncher-git/usr/share/appimagelauncher/fallback-icons/.gitignore
-- Installing: /build/appimagelauncher-git/pkg/appimagelauncher-git/usr/share/appimagelauncher/fallback-icons/remove.svg
-- Installing: /build/appimagelauncher-git/pkg/appimagelauncher-git/usr/share/appimagelauncher/fallback-icons/missing.svg
-- Installing: /build/appimagelauncher-git/pkg/appimagelauncher-git/usr/share/man/man1/AppImageLauncher.1
-- Installing: /build/appimagelauncher-git/pkg/appimagelauncher-git/usr/share/appimagelauncher/l10n
-- Installing: /build/appimagelauncher-git/pkg/appimagelauncher-git/usr/share/appimagelauncher/l10n/ui.ast.qm
-- Installing: /build/appimagelauncher-git/pkg/appimagelauncher-git/usr/share/appimagelauncher/l10n/desktopfiles.zh_Hans.json
-- Installing: /build/appimagelauncher-git/pkg/appimagelauncher-git/usr/share/appimagelauncher/l10n/ui.de.qm
-- Installing: /build/appimagelauncher-git/pkg/appimagelauncher-git/usr/share/appimagelauncher/l10n/ui.es.qm
-- Installing: /build/appimagelauncher-git/pkg/appimagelauncher-git/usr/share/appimagelauncher/l10n/ui.pl.qm
-- Installing: /build/appimagelauncher-git/pkg/appimagelauncher-git/usr/share/appimagelauncher/l10n/ui.ru.qm
-- Installing: /build/appimagelauncher-git/pkg/appimagelauncher-git/usr/share/appimagelauncher/l10n/desktopfiles.fr.json
-- Installing: /build/appimagelauncher-git/pkg/appimagelauncher-git/usr/share/appimagelauncher/l10n/desktopfiles.es.json
-- Installing: /build/appimagelauncher-git/pkg/appimagelauncher-git/usr/share/appimagelauncher/l10n/ui.en.qm
-- Installing: /build/appimagelauncher-git/pkg/appimagelauncher-git/usr/share/appimagelauncher/l10n/desktopfiles.it.json
-- Installing: /build/appimagelauncher-git/pkg/appimagelauncher-git/usr/share/appimagelauncher/l10n/desktopfiles.pl.json
-- Installing: /build/appimagelauncher-git/pkg/appimagelauncher-git/usr/share/appimagelauncher/l10n/ui.nb_NO.qm
-- Installing: /build/appimagelauncher-git/pkg/appimagelauncher-git/usr/share/appimagelauncher/l10n/desktopfiles.ast.json
-- Installing: /build/appimagelauncher-git/pkg/appimagelauncher-git/usr/share/appimagelauncher/l10n/desktopfiles.ru.json
-- Installing: /build/appimagelauncher-git/pkg/appimagelauncher-git/usr/share/appimagelauncher/l10n/desktopfiles.cs.json
-- Installing: /build/appimagelauncher-git/pkg/appimagelauncher-git/usr/share/appimagelauncher/l10n/desktopfiles.en.json
-- Installing: /build/appimagelauncher-git/pkg/appimagelauncher-git/usr/share/appimagelauncher/l10n/ui.it.qm
-- Installing: /build/appimagelauncher-git/pkg/appimagelauncher-git/usr/share/appimagelauncher/l10n/ui.pt.qm
-- Installing: /build/appimagelauncher-git/pkg/appimagelauncher-git/usr/share/appimagelauncher/l10n/ui.pt_PT.qm
-- Installing: /build/appimagelauncher-git/pkg/appimagelauncher-git/usr/share/appimagelauncher/l10n/desktopfiles.pt.json
-- Installing: /build/appimagelauncher-git/pkg/appimagelauncher-git/usr/share/appimagelauncher/l10n/desktopfiles.nb_NO.json
-- Installing: /build/appimagelauncher-git/pkg/appimagelauncher-git/usr/share/appimagelauncher/l10n/ui.fr.qm
-- Installing: /build/appimagelauncher-git/pkg/appimagelauncher-git/usr/share/appimagelauncher/l10n/desktopfiles.nl.json
-- Installing: /build/appimagelauncher-git/pkg/appimagelauncher-git/usr/share/appimagelauncher/l10n/desktopfiles.tr.json
-- Installing: /build/appimagelauncher-git/pkg/appimagelauncher-git/usr/share/appimagelauncher/l10n/ui.tr.qm
-- Installing: /build/appimagelauncher-git/pkg/appimagelauncher-git/usr/share/appimagelauncher/l10n/desktopfiles.ko.json
-- Installing: /build/appimagelauncher-git/pkg/appimagelauncher-git/usr/share/appimagelauncher/l10n/ui.nl.qm
-- Installing: /build/appimagelauncher-git/pkg/appimagelauncher-git/usr/share/appimagelauncher/l10n/desktopfiles.pt_BR.json
-- Installing: /build/appimagelauncher-git/pkg/appimagelauncher-git/usr/share/appimagelauncher/l10n/ui.cs.qm
-- Installing: /build/appimagelauncher-git/pkg/appimagelauncher-git/usr/share/appimagelauncher/l10n/desktopfiles.de.json
-- Installing: /build/appimagelauncher-git/pkg/appimagelauncher-git/usr/share/appimagelauncher/l10n/ui.pt_BR.qm
-- Installing: /build/appimagelauncher-git/pkg/appimagelauncher-git/usr/share/appimagelauncher/l10n/ui.zh_Hans.qm
