CMake Deprecation Warning at CMakeLists.txt:1 (cmake_minimum_required):
  Compatibility with CMake < 3.10 will be removed from a future version of
  CMake.

  Update the VERSION argument <min> value.  Or, use the <min>...<max> syntax
  to tell CMake that the project requires at least <min> but has been updated
  to work with policies introduced by <max> or earlier.


-- The C compiler identification is GNU 15.2.1
-- The CXX compiler identification is GNU 15.2.1
-- Detecting C compiler ABI info
-- Detecting C compiler ABI info - done
-- Check for working C compiler: /usr/bin/cc - skipped
-- Detecting C compile features
-- Detecting C compile features - done
-- Detecting CXX compiler ABI info
-- Detecting CXX compiler ABI info - done
-- Check for working CXX compiler: /usr/bin/c++ - skipped
-- Detecting CXX compile features
-- Detecting CXX compile features - done
-- Configuring done (0.6s)
-- Generating done (0.0s)
-- Build files have been written to: /build/argh-git/src/argh/build
[ 25%] Building CXX object CMakeFiles/argh_example.dir/example.cpp.o
[ 50%] Building CXX object CMakeFiles/argh_tests.dir/argh_tests.cpp.o
[ 75%] Linking CXX executable argh_example
/build/argh-git/src/argh/argh_tests.cpp: In lambda function:
/build/argh-git/src/argh/argh_tests.cpp:730:27: warning: declaration of ‘cmdl’ shadows a previous local [-Wshadow]
  730 |    [](argh::parser const& cmdl)
      |       ~~~~~~~~~~~~~~~~~~~~^~~~
/build/argh-git/src/argh/argh_tests.cpp:720:17: note: shadowed declaration is here
  720 |    const parser cmdl(argv);
      |                 ^~~~
[ 75%] Built target argh_example
[100%] Linking CXX executable argh_tests
[100%] Built target argh_tests
