-- The CXX compiler identification is GNU 16.1.1
-- Detecting CXX compiler ABI info
-- Detecting CXX compiler ABI info - done
-- Check for working CXX compiler: /usr/bin/c++ - skipped
-- Detecting CXX compile features
-- Detecting CXX compile features - done
-- Configuring done (0.3s)
-- Generating done (0.1s)
-- Build files have been written to: /build/args-git/src/build
[  3%] Building CXX object CMakeFiles/gitlike.dir/examples/gitlike.cxx.o
[  3%] Building CXX object CMakeFiles/argstest-arg_to_non_arg_flag.dir/test/arg_to_non_arg_flag.cxx.o
[  3%] Building CXX object CMakeFiles/argstest-arg_flag_lists_sets.dir/test/arg_flag_lists_sets.cxx.o
[  5%] Building CXX object CMakeFiles/completion.dir/examples/completion.cxx.o
[  5%] Building CXX object CMakeFiles/argstest-count_flag.dir/test/count_flag.cxx.o
[  5%] Building CXX object CMakeFiles/argstest-arg_flag_lists_default.dir/test/arg_flag_lists_default.cxx.o
[  5%] Building CXX object CMakeFiles/argstest-arg_flag_lists_replace_default.dir/test/arg_flag_lists_replace_default.cxx.o
[  6%] Building CXX object CMakeFiles/argstest-arg_flag_lists.dir/test/arg_flag_lists.cxx.o
[  7%] Building CXX object CMakeFiles/argstest-extra_positionals.dir/test/extra_positionals.cxx.o
[  8%] Building CXX object CMakeFiles/argstest-bool_flags.dir/test/bool_flags.cxx.o
[  8%] Building CXX object CMakeFiles/argstest-arg_flags.dir/test/arg_flags.cxx.o
[ 10%] Building CXX object CMakeFiles/argstest-choices_description.dir/test/choices_description.cxx.o
[ 10%] Building CXX object CMakeFiles/argstest-completion.dir/test/completion.cxx.o
[ 11%] Building CXX object CMakeFiles/argstest-argument_separation.dir/test/argument_separation.cxx.o
[ 11%] Building CXX object CMakeFiles/argstest-custom_types.dir/test/custom_types.cxx.o
[ 12%] Building CXX object CMakeFiles/argstest-completion_bad_cword.dir/test/completion_bad_cword.cxx.o
[ 15%] Building CXX object CMakeFiles/argstest-get_assignable.dir/test/get_assignable.cxx.o
[ 15%] Building CXX object CMakeFiles/argstest-default_values.dir/test/default_values.cxx.o
[ 15%] Building CXX object CMakeFiles/argstest-get_program_line.dir/test/get_program_line.cxx.o
[ 15%] Building CXX object CMakeFiles/argstest-action_flag.dir/test/action_flag.cxx.o
[ 16%] Linking CXX executable completion
[ 17%] Linking CXX executable argstest-count_flag
[ 18%] Linking CXX executable argstest-bool_flags
[ 18%] Linking CXX executable argstest-arg_to_non_arg_flag
[ 18%] Linking CXX executable argstest-arg_flag_lists
[ 19%] Linking CXX executable argstest-extra_positionals
[ 19%] Linking CXX executable argstest-default_values
[ 19%] Linking CXX executable argstest-arg_flag_lists_sets
[ 20%] Linking CXX executable argstest-argument_separation
[ 21%] Linking CXX executable argstest-custom_types
[ 21%] Linking CXX executable argstest-completion_bad_cword
[ 22%] Linking CXX executable argstest-arg_flags
[ 23%] Linking CXX executable argstest-get_program_line
[ 24%] Linking CXX executable argstest-action_flag
[ 24%] Linking CXX executable argstest-get_assignable
[ 25%] Linking CXX executable argstest-arg_flag_lists_default
[ 25%] Linking CXX executable argstest-choices_description
[ 26%] Linking CXX executable argstest-arg_flag_lists_replace_default
[ 27%] Linking CXX executable gitlike
[ 28%] Linking CXX executable argstest-completion
[ 28%] Built target argstest-custom_types
[ 28%] Building CXX object CMakeFiles/argstest-global_options.dir/test/global_options.cxx.o
[ 28%] Built target argstest-default_values
[ 28%] Built target argstest-arg_flag_lists
[ 29%] Building CXX object CMakeFiles/argstest-group_nesting.dir/test/group_nesting.cxx.o
[ 29%] Built target argstest-count_flag
[ 29%] Built target argstest-extra_positionals
[ 30%] Building CXX object CMakeFiles/argstest-group_validation_fail.dir/test/group_validation_fail.cxx.o
[ 31%] Building CXX object CMakeFiles/argstest-help_flag.dir/test/help_flag.cxx.o
[ 31%] Built target argstest-arg_to_non_arg_flag
[ 32%] Building CXX object CMakeFiles/argstest-help_params.dir/test/help_params.cxx.o
[ 32%] Built target argstest-bool_flags
[ 32%] Building CXX object CMakeFiles/argstest-help_stream.dir/test/help_stream.cxx.o
[ 32%] Built target argstest-arg_flag_lists_sets
[ 32%] Built target argstest-get_program_line
[ 33%] Building CXX object CMakeFiles/argstest-help_underflow.dir/test/help_underflow.cxx.o
[ 34%] Building CXX object CMakeFiles/argstest-hidden_options.dir/test/hidden_options.cxx.o
[ 34%] Built target argstest-get_assignable
[ 34%] Built target argstest-arg_flags
[ 35%] Building CXX object CMakeFiles/argstest-implicit_values.dir/test/implicit_values.cxx.o
[ 35%] Built target argstest-choices_description
[ 36%] Building CXX object CMakeFiles/argstest-integer_overflow.dir/test/integer_overflow.cxx.o
[ 36%] Building CXX object CMakeFiles/argstest-invalid_arg_parse.dir/test/invalid_arg_parse.cxx.o
[ 36%] Built target argstest-arg_flag_lists_replace_default
[ 37%] Building CXX object CMakeFiles/argstest-kickout_flags.dir/test/kickout_flags.cxx.o
[ 37%] Built target argstest-completion_bad_cword
[ 38%] Building CXX object CMakeFiles/argstest-map_invalid_arg_parse.dir/test/map_invalid_arg_parse.cxx.o
[ 38%] Built target argstest-arg_flag_lists_default
[ 38%] Built target argstest-action_flag
[ 39%] Building CXX object CMakeFiles/argstest-mapping_types.dir/test/mapping_types.cxx.o
[ 40%] Building CXX object CMakeFiles/argstest-matcher_validation.dir/test/matcher_validation.cxx.o
[ 40%] Building CXX object CMakeFiles/argstest-multiple_inclusion.dir/test/multiple_inclusion.cxx.o
[ 40%] Built target argstest-argument_separation
[ 40%] Building CXX object CMakeFiles/argstest-nargs.dir/test/nargs.cxx.o
[ 41%] Linking CXX executable argstest-global_options
[ 41%] Built target completion
[ 42%] Building CXX object CMakeFiles/argstest-noexcept_completion.dir/test/noexcept_completion.cxx.o
[ 43%] Building CXX object CMakeFiles/argstest-multiple_inclusion.dir/test/multiple_inclusion.aux.cxx.o
[ 44%] Linking CXX executable argstest-group_validation_fail
[ 44%] Linking CXX executable argstest-group_nesting
[ 44%] Linking CXX executable argstest-help_flag
[ 45%] Linking CXX executable argstest-help_params
[ 45%] Linking CXX executable argstest-help_underflow
[ 46%] Linking CXX executable argstest-hidden_options
[ 46%] Built target gitlike
[ 48%] Linking CXX executable argstest-help_stream
[ 48%] Linking CXX executable argstest-integer_overflow
[ 48%] Linking CXX executable argstest-implicit_values
[ 48%] Linking CXX executable argstest-kickout_flags
[ 49%] Linking CXX executable argstest-invalid_arg_parse
[ 50%] Linking CXX executable argstest-matcher_validation
[ 51%] Linking CXX executable argstest-multiple_inclusion
[ 51%] Built target argstest-completion
[ 51%] Built target argstest-multiple_inclusion
[ 52%] Linking CXX executable argstest-map_invalid_arg_parse
[ 53%] Linking CXX executable argstest-nargs
[ 53%] Linking CXX executable argstest-mapping_types
[ 54%] Linking CXX executable argstest-noexcept_completion
[ 54%] Built target argstest-global_options
[ 54%] Building CXX object CMakeFiles/argstest-noexcept_completion_bad_cword.dir/test/noexcept_completion_bad_cword.cxx.o
[ 54%] Built target argstest-help_flag
[ 55%] Building CXX object CMakeFiles/argstest-noexcept_map_invalid_arg_parse.dir/test/noexcept_map_invalid_arg_parse.cxx.o
[ 55%] Built target argstest-help_params
[ 56%] Building CXX object CMakeFiles/argstest-noexcept_matcher_validation.dir/test/noexcept_matcher_validation.cxx.o
[ 56%] Building CXX object CMakeFiles/argstest-noexcept_mode.dir/test/noexcept_mode.cxx.o
[ 56%] Built target argstest-integer_overflow
[ 56%] Built target argstest-help_underflow
[ 57%] Building CXX object CMakeFiles/argstest-noexcept_nargs.dir/test/noexcept_nargs.cxx.o
[ 57%] Built target argstest-help_stream
[ 57%] Building CXX object CMakeFiles/argstest-noexcept_required_flags.dir/test/noexcept_required_flags.cxx.o
[ 57%] Built target argstest-hidden_options
[ 58%] Building CXX object CMakeFiles/argstest-noexcept_subparser_validation.dir/test/noexcept_subparser_validation.cxx.o
[ 59%] Building CXX object CMakeFiles/argstest-noexcept_unsigned_negative.dir/test/noexcept_unsigned_negative.cxx.o
[ 59%] Built target argstest-matcher_validation
[ 59%] Building CXX object CMakeFiles/argstest-option_terminator.dir/test/option_terminator.cxx.o
[ 60%] Building CXX object CMakeFiles/argstest-parsecli_zero_argc.dir/test/parsecli_zero_argc.cxx.o
[ 60%] Building CXX object CMakeFiles/argstest-positional_and_lists.dir/test/positional_and_lists.cxx.o
[ 60%] Built target argstest-group_validation_fail
[ 61%] Building CXX object CMakeFiles/argstest-positional_lists.dir/test/positional_lists.cxx.o
[ 62%] Linking CXX executable argstest-noexcept_completion_bad_cword
[ 62%] Built target argstest-noexcept_completion
[ 63%] Building CXX object CMakeFiles/argstest-positional_lists_default.dir/test/positional_lists_default.cxx.o
[ 63%] Built target argstest-group_nesting
[ 63%] Building CXX object CMakeFiles/argstest-positional_lists_replace_default.dir/test/positional_lists_replace_default.cxx.o
[ 63%] Linking CXX executable argstest-noexcept_map_invalid_arg_parse
[ 63%] Built target argstest-implicit_values
[ 64%] Building CXX object CMakeFiles/argstest-positional_lists_sets.dir/test/positional_lists_sets.cxx.o
[ 64%] Built target argstest-invalid_arg_parse
[ 65%] Linking CXX executable argstest-noexcept_matcher_validation
[ 65%] Building CXX object CMakeFiles/argstest-positional_unspecified.dir/test/positional_unspecified.cxx.o
[ 65%] Built target argstest-nargs
[ 65%] Built target argstest-kickout_flags
[ 66%] Linking CXX executable argstest-noexcept_mode
[ 67%] Linking CXX executable argstest-noexcept_nargs
[ 68%] Linking CXX executable argstest-noexcept_required_flags
[ 69%] Linking CXX executable argstest-noexcept_unsigned_negative
[ 69%] Built target argstest-mapping_types
[ 70%] Building CXX object CMakeFiles/argstest-prefix_dd_style.dir/test/prefix_dd_style.cxx.o
[ 70%] Linking CXX executable argstest-noexcept_subparser_validation
[ 71%] Linking CXX executable argstest-parsecli_zero_argc
[ 72%] Linking CXX executable argstest-option_terminator
[ 73%] Linking CXX executable argstest-positional_and_lists
[ 73%] Linking CXX executable argstest-positional_lists
[ 74%] Linking CXX executable argstest-positional_lists_default
[ 75%] Linking CXX executable argstest-positional_lists_replace_default
[ 75%] Built target argstest-map_invalid_arg_parse
[ 76%] Linking CXX executable argstest-positional_unspecified
[ 77%] Linking CXX executable argstest-positional_lists_sets
[ 77%] Linking CXX executable argstest-prefix_dd_style
[ 77%] Built target argstest-noexcept_map_invalid_arg_parse
[ 78%] Building CXX object CMakeFiles/argstest-prefix_windows_style.dir/test/prefix_windows_style.cxx.o
[ 78%] Built target argstest-parsecli_zero_argc
[ 78%] Built target argstest-noexcept_matcher_validation
[ 78%] Building CXX object CMakeFiles/argstest-program_line_wrap.dir/test/program_line_wrap.cxx.o
[ 78%] Built target argstest-positional_lists_default
[ 78%] Built target argstest-noexcept_completion_bad_cword
[ 79%] Building CXX object CMakeFiles/argstest-required_flags.dir/test/required_flags.cxx.o
[ 79%] Built target argstest-noexcept_subparser_validation
[ 79%] Building CXX object CMakeFiles/argstest-simple_commands.dir/test/simple_commands.cxx.o
[ 80%] Building CXX object CMakeFiles/argstest-single_flag_repeat.dir/test/single_flag_repeat.cxx.o
[ 81%] Building CXX object CMakeFiles/argstest-subparser_commands.dir/test/subparser_commands.cxx.o
[ 81%] Building CXX object CMakeFiles/argstest-subparser_commands_kickout.dir/test/subparser_commands_kickout.cxx.o
[ 81%] Built target argstest-option_terminator
[ 82%] Building CXX object CMakeFiles/argstest-subparser_group_validation.dir/test/subparser_group_validation.cxx.o
[ 82%] Built target argstest-positional_and_lists
[ 82%] Building CXX object CMakeFiles/argstest-subparser_help.dir/test/subparser_help.cxx.o
[ 82%] Built target argstest-positional_lists
[ 83%] Building CXX object CMakeFiles/argstest-subparser_kickout.dir/test/subparser_kickout.cxx.o
[ 83%] Built target argstest-positional_lists_replace_default
[ 84%] Building CXX object CMakeFiles/argstest-subparser_validation.dir/test/subparser_validation.cxx.o
[ 84%] Building CXX object CMakeFiles/argstest-unified_match_lists.dir/test/unified_match_lists.cxx.o
[ 84%] Built target argstest-noexcept_nargs
[ 85%] Building CXX object CMakeFiles/argstest-unknown_flags.dir/test/unknown_flags.cxx.o
[ 85%] Built target argstest-noexcept_unsigned_negative
[ 85%] Building CXX object CMakeFiles/argstest-unsigned_negative.dir/test/unsigned_negative.cxx.o
[ 86%] Linking CXX executable argstest-prefix_windows_style
[ 86%] Built target argstest-positional_unspecified
[ 87%] Building CXX object CMakeFiles/argstest-value_parser.dir/test/value_parser.cxx.o
[ 88%] Building CXX object CMakeFiles/argstest-windows_h.dir/test/windows_h.cxx.o
[ 88%] Built target argstest-noexcept_required_flags
[ 88%] Built target argstest-positional_lists_sets
[ 89%] Linking CXX executable argstest-program_line_wrap
[ 89%] Built target argstest-noexcept_mode
[ 90%] Linking CXX executable argstest-required_flags
[ 90%] Built target argstest-prefix_dd_style
[ 91%] Linking CXX executable argstest-simple_commands
[ 92%] Linking CXX executable argstest-subparser_commands
[ 93%] Linking CXX executable argstest-subparser_commands_kickout
[ 93%] Linking CXX executable argstest-single_flag_repeat
[ 94%] Linking CXX executable argstest-subparser_group_validation
[ 95%] Linking CXX executable argstest-subparser_help
[ 96%] Linking CXX executable argstest-unified_match_lists
[ 97%] Linking CXX executable argstest-subparser_validation
[ 97%] Linking CXX executable argstest-subparser_kickout
[ 98%] Linking CXX executable argstest-unknown_flags
[ 99%] Linking CXX executable argstest-unsigned_negative
[ 99%] Linking CXX executable argstest-value_parser
[100%] Linking CXX executable argstest-windows_h
[100%] Built target argstest-prefix_windows_style
[100%] Built target argstest-required_flags
[100%] Built target argstest-program_line_wrap
[100%] Built target argstest-simple_commands
[100%] Built target argstest-unknown_flags
[100%] Built target argstest-subparser_commands_kickout
[100%] Built target argstest-unified_match_lists
[100%] Built target argstest-subparser_validation
[100%] Built target argstest-subparser_help
[100%] Built target argstest-unsigned_negative
[100%] Built target argstest-subparser_commands
[100%] Built target argstest-subparser_group_validation
[100%] Built target argstest-value_parser
[100%] Built target argstest-windows_h
[100%] Built target argstest-subparser_kickout
[100%] Built target argstest-single_flag_repeat
