Test project /build/args/src/build
      Start  1: action_flag
 1/69 Test  #1: action_flag ........................   Passed    0.00 sec
      Start  2: arg_flag_lists
 2/69 Test  #2: arg_flag_lists .....................   Passed    0.00 sec
      Start  3: arg_flag_lists_default
 3/69 Test  #3: arg_flag_lists_default .............   Passed    0.00 sec
      Start  4: arg_flag_lists_replace_default
 4/69 Test  #4: arg_flag_lists_replace_default .....   Passed    0.00 sec
      Start  5: arg_flag_lists_sets
 5/69 Test  #5: arg_flag_lists_sets ................   Passed    0.00 sec
      Start  6: arg_flags
 6/69 Test  #6: arg_flags ..........................   Passed    0.00 sec
      Start  7: arg_to_non_arg_flag
 7/69 Test  #7: arg_to_non_arg_flag ................   Passed    0.00 sec
      Start  8: argument_separation
 8/69 Test  #8: argument_separation ................   Passed    0.00 sec
      Start  9: bool_flags
 9/69 Test  #9: bool_flags .........................   Passed    0.00 sec
      Start 10: choices_description
10/69 Test #10: choices_description ................   Passed    0.00 sec
      Start 11: completion
11/69 Test #11: completion .........................   Passed    0.00 sec
      Start 12: completion_bad_cword
12/69 Test #12: completion_bad_cword ...............   Passed    0.00 sec
      Start 13: count_flag
13/69 Test #13: count_flag .........................   Passed    0.00 sec
      Start 14: custom_types
14/69 Test #14: custom_types .......................   Passed    0.00 sec
      Start 15: default_values
15/69 Test #15: default_values .....................   Passed    0.00 sec
      Start 16: extra_positionals
16/69 Test #16: extra_positionals ..................   Passed    0.00 sec
      Start 17: get_assignable
17/69 Test #17: get_assignable .....................   Passed    0.00 sec
      Start 18: get_program_line
18/69 Test #18: get_program_line ...................   Passed    0.00 sec
      Start 19: global_options
19/69 Test #19: global_options .....................   Passed    0.00 sec
      Start 20: group_nesting
20/69 Test #20: group_nesting ......................   Passed    0.00 sec
      Start 21: group_validation_fail
21/69 Test #21: group_validation_fail ..............   Passed    0.00 sec
      Start 22: help_flag
22/69 Test #22: help_flag ..........................   Passed    0.00 sec
      Start 23: help_params
23/69 Test #23: help_params ........................   Passed    0.00 sec
      Start 24: help_stream
24/69 Test #24: help_stream ........................   Passed    0.00 sec
      Start 25: help_underflow
25/69 Test #25: help_underflow .....................   Passed    0.00 sec
      Start 26: hidden_options
26/69 Test #26: hidden_options .....................   Passed    0.00 sec
      Start 27: implicit_values
27/69 Test #27: implicit_values ....................   Passed    0.00 sec
      Start 28: integer_overflow
28/69 Test #28: integer_overflow ...................   Passed    0.00 sec
      Start 29: invalid_arg_parse
29/69 Test #29: invalid_arg_parse ..................   Passed    0.00 sec
      Start 30: kickout_flags
30/69 Test #30: kickout_flags ......................   Passed    0.00 sec
      Start 31: map_invalid_arg_parse
31/69 Test #31: map_invalid_arg_parse ..............   Passed    0.00 sec
      Start 32: mapping_types
32/69 Test #32: mapping_types ......................   Passed    0.00 sec
      Start 33: matcher_validation
33/69 Test #33: matcher_validation .................   Passed    0.00 sec
      Start 34: multiple_inclusion
34/69 Test #34: multiple_inclusion .................   Passed    0.00 sec
      Start 35: nargs
35/69 Test #35: nargs ..............................   Passed    0.00 sec
      Start 36: noexcept_completion
36/69 Test #36: noexcept_completion ................   Passed    0.00 sec
      Start 37: noexcept_completion_bad_cword
37/69 Test #37: noexcept_completion_bad_cword ......   Passed    0.00 sec
      Start 38: noexcept_map_invalid_arg_parse
38/69 Test #38: noexcept_map_invalid_arg_parse .....   Passed    0.00 sec
      Start 39: noexcept_matcher_validation
39/69 Test #39: noexcept_matcher_validation ........   Passed    0.00 sec
      Start 40: noexcept_mode
40/69 Test #40: noexcept_mode ......................   Passed    0.00 sec
      Start 41: noexcept_nargs
41/69 Test #41: noexcept_nargs .....................   Passed    0.00 sec
      Start 42: noexcept_required_flags
42/69 Test #42: noexcept_required_flags ............   Passed    0.00 sec
      Start 43: noexcept_subparser_validation
43/69 Test #43: noexcept_subparser_validation ......   Passed    0.00 sec
      Start 44: noexcept_unsigned_negative
44/69 Test #44: noexcept_unsigned_negative .........   Passed    0.00 sec
      Start 45: option_terminator
45/69 Test #45: option_terminator ..................   Passed    0.00 sec
      Start 46: parsecli_zero_argc
46/69 Test #46: parsecli_zero_argc .................   Passed    0.00 sec
      Start 47: positional_and_lists
47/69 Test #47: positional_and_lists ...............   Passed    0.00 sec
      Start 48: positional_lists
48/69 Test #48: positional_lists ...................   Passed    0.00 sec
      Start 49: positional_lists_default
49/69 Test #49: positional_lists_default ...........   Passed    0.00 sec
      Start 50: positional_lists_replace_default
50/69 Test #50: positional_lists_replace_default ...   Passed    0.00 sec
      Start 51: positional_lists_sets
51/69 Test #51: positional_lists_sets ..............   Passed    0.00 sec
      Start 52: positional_unspecified
52/69 Test #52: positional_unspecified .............   Passed    0.00 sec
      Start 53: prefix_dd_style
53/69 Test #53: prefix_dd_style ....................   Passed    0.00 sec
      Start 54: prefix_windows_style
54/69 Test #54: prefix_windows_style ...............   Passed    0.00 sec
      Start 55: program_line_wrap
55/69 Test #55: program_line_wrap ..................   Passed    0.00 sec
      Start 56: required_flags
56/69 Test #56: required_flags .....................   Passed    0.00 sec
      Start 57: simple_commands
57/69 Test #57: simple_commands ....................   Passed    0.00 sec
      Start 58: single_flag_repeat
58/69 Test #58: single_flag_repeat .................   Passed    0.00 sec
      Start 59: subparser_commands
59/69 Test #59: subparser_commands .................   Passed    0.00 sec
      Start 60: subparser_commands_kickout
60/69 Test #60: subparser_commands_kickout .........   Passed    0.00 sec
      Start 61: subparser_group_validation
61/69 Test #61: subparser_group_validation .........   Passed    0.00 sec
      Start 62: subparser_help
62/69 Test #62: subparser_help .....................   Passed    0.00 sec
      Start 63: subparser_kickout
63/69 Test #63: subparser_kickout ..................   Passed    0.00 sec
      Start 64: subparser_validation
64/69 Test #64: subparser_validation ...............   Passed    0.00 sec
      Start 65: unified_match_lists
65/69 Test #65: unified_match_lists ................   Passed    0.00 sec
      Start 66: unknown_flags
66/69 Test #66: unknown_flags ......................   Passed    0.00 sec
      Start 67: unsigned_negative
67/69 Test #67: unsigned_negative ..................   Passed    0.00 sec
      Start 68: value_parser
68/69 Test #68: value_parser .......................   Passed    0.00 sec
      Start 69: windows_h
69/69 Test #69: windows_h ..........................   Passed    0.00 sec

100% tests passed, 0 tests failed out of 69

Total Test time (real) =   0.14 sec
