Test project /build/args/src/build
      Start  1: action_flag
 1/66 Test  #1: action_flag ........................   Passed    0.01 sec
      Start  2: arg_flag_lists
 2/66 Test  #2: arg_flag_lists .....................   Passed    0.00 sec
      Start  3: arg_flag_lists_default
 3/66 Test  #3: arg_flag_lists_default .............   Passed    0.00 sec
      Start  4: arg_flag_lists_replace_default
 4/66 Test  #4: arg_flag_lists_replace_default .....   Passed    0.01 sec
      Start  5: arg_flag_lists_sets
 5/66 Test  #5: arg_flag_lists_sets ................   Passed    0.01 sec
      Start  6: arg_flags
 6/66 Test  #6: arg_flags ..........................   Passed    0.01 sec
      Start  7: arg_to_non_arg_flag
 7/66 Test  #7: arg_to_non_arg_flag ................   Passed    0.01 sec
      Start  8: argument_separation
 8/66 Test  #8: argument_separation ................   Passed    0.01 sec
      Start  9: bool_flags
 9/66 Test  #9: bool_flags .........................   Passed    0.00 sec
      Start 10: choices_description
10/66 Test #10: choices_description ................   Passed    0.00 sec
      Start 11: completion
11/66 Test #11: completion .........................   Passed    0.01 sec
      Start 12: completion_bad_cword
12/66 Test #12: completion_bad_cword ...............   Passed    0.02 sec
      Start 13: count_flag
13/66 Test #13: count_flag .........................   Passed    0.00 sec
      Start 14: custom_types
14/66 Test #14: custom_types .......................   Passed    0.01 sec
      Start 15: default_values
15/66 Test #15: default_values .....................   Passed    0.00 sec
      Start 16: extra_positionals
16/66 Test #16: extra_positionals ..................   Passed    0.00 sec
      Start 17: get_assignable
17/66 Test #17: get_assignable .....................   Passed    0.00 sec
      Start 18: get_program_line
18/66 Test #18: get_program_line ...................   Passed    0.01 sec
      Start 19: global_options
19/66 Test #19: global_options .....................   Passed    0.01 sec
      Start 20: group_nesting
20/66 Test #20: group_nesting ......................   Passed    0.01 sec
      Start 21: group_validation_fail
21/66 Test #21: group_validation_fail ..............   Passed    0.00 sec
      Start 22: help_flag
22/66 Test #22: help_flag ..........................   Passed    0.00 sec
      Start 23: help_params
23/66 Test #23: help_params ........................   Passed    0.00 sec
      Start 24: help_stream
24/66 Test #24: help_stream ........................   Passed    0.04 sec
      Start 25: help_underflow
25/66 Test #25: help_underflow .....................   Passed    0.00 sec
      Start 26: hidden_options
26/66 Test #26: hidden_options .....................   Passed    0.01 sec
      Start 27: implicit_values
27/66 Test #27: implicit_values ....................   Passed    0.08 sec
      Start 28: integer_overflow
28/66 Test #28: integer_overflow ...................   Passed    0.01 sec
      Start 29: invalid_arg_parse
29/66 Test #29: invalid_arg_parse ..................   Passed    0.01 sec
      Start 30: kickout_flags
30/66 Test #30: kickout_flags ......................   Passed    0.00 sec
      Start 31: mapping_types
31/66 Test #31: mapping_types ......................   Passed    0.00 sec
      Start 32: matcher_validation
32/66 Test #32: matcher_validation .................   Passed    0.01 sec
      Start 33: multiple_inclusion
33/66 Test #33: multiple_inclusion .................   Passed    0.00 sec
      Start 34: nargs
34/66 Test #34: nargs ..............................   Passed    0.01 sec
      Start 35: noexcept_completion
35/66 Test #35: noexcept_completion ................   Passed    0.02 sec
      Start 36: noexcept_completion_bad_cword
36/66 Test #36: noexcept_completion_bad_cword ......   Passed    0.00 sec
      Start 37: noexcept_matcher_validation
37/66 Test #37: noexcept_matcher_validation ........   Passed    0.00 sec
      Start 38: noexcept_mode
38/66 Test #38: noexcept_mode ......................   Passed    0.00 sec
      Start 39: noexcept_nargs
39/66 Test #39: noexcept_nargs .....................   Passed    0.00 sec
      Start 40: noexcept_required_flags
40/66 Test #40: noexcept_required_flags ............   Passed    0.03 sec
      Start 41: noexcept_subparser_validation
41/66 Test #41: noexcept_subparser_validation ......   Passed    0.00 sec
      Start 42: noexcept_unsigned_negative
42/66 Test #42: noexcept_unsigned_negative .........   Passed    0.02 sec
      Start 43: option_terminator
43/66 Test #43: option_terminator ..................   Passed    0.00 sec
      Start 44: positional_and_lists
44/66 Test #44: positional_and_lists ...............   Passed    0.00 sec
      Start 45: positional_lists
45/66 Test #45: positional_lists ...................   Passed    0.00 sec
      Start 46: positional_lists_default
46/66 Test #46: positional_lists_default ...........   Passed    0.00 sec
      Start 47: positional_lists_replace_default
47/66 Test #47: positional_lists_replace_default ...   Passed    0.00 sec
      Start 48: positional_lists_sets
48/66 Test #48: positional_lists_sets ..............   Passed    0.00 sec
      Start 49: positional_unspecified
49/66 Test #49: positional_unspecified .............   Passed    0.01 sec
      Start 50: prefix_dd_style
50/66 Test #50: prefix_dd_style ....................   Passed    0.00 sec
      Start 51: prefix_windows_style
51/66 Test #51: prefix_windows_style ...............   Passed    0.00 sec
      Start 52: program_line_wrap
52/66 Test #52: program_line_wrap ..................   Passed    0.00 sec
      Start 53: required_flags
53/66 Test #53: required_flags .....................   Passed    0.01 sec
      Start 54: simple_commands
54/66 Test #54: simple_commands ....................   Passed    0.01 sec
      Start 55: single_flag_repeat
55/66 Test #55: single_flag_repeat .................   Passed    0.00 sec
      Start 56: subparser_commands
56/66 Test #56: subparser_commands .................   Passed    0.07 sec
      Start 57: subparser_commands_kickout
57/66 Test #57: subparser_commands_kickout .........   Passed    0.01 sec
      Start 58: subparser_group_validation
58/66 Test #58: subparser_group_validation .........   Passed    0.00 sec
      Start 59: subparser_help
59/66 Test #59: subparser_help .....................   Passed    0.00 sec
      Start 60: subparser_kickout
60/66 Test #60: subparser_kickout ..................   Passed    0.01 sec
      Start 61: subparser_validation
61/66 Test #61: subparser_validation ...............   Passed    0.00 sec
      Start 62: unified_match_lists
62/66 Test #62: unified_match_lists ................   Passed    0.00 sec
      Start 63: unknown_flags
63/66 Test #63: unknown_flags ......................   Passed    0.00 sec
      Start 64: unsigned_negative
64/66 Test #64: unsigned_negative ..................   Passed    0.01 sec
      Start 65: value_parser
65/66 Test #65: value_parser .......................   Passed    0.00 sec
      Start 66: windows_h
66/66 Test #66: windows_h ..........................   Passed    0.00 sec

100% tests passed, 0 tests failed out of 66

Total Test time (real) =   0.64 sec
