checking for a BSD-compatible install... /usr/bin/install -c
checking whether sleep supports fractional seconds... yes
checking filesystem timestamp resolution... 0.01
checking whether build environment is sane... yes
checking for a race-free mkdir -p... /usr/bin/mkdir -p
checking for gawk... gawk
checking whether make sets $(MAKE)... yes
checking whether make supports nested variables... yes
checking xargs -n works... yes
checking whether UID '1000' is supported by ustar format... yes
checking whether GID '1000' is supported by ustar format... yes
checking how to create a ustar tar archive... gnutar
checking whether to enable maintainer-specific portions of Makefiles... no
checking whether NLS is requested... yes
checking for intltool >= 0.34.90... 0.51.0 found
checking for intltool-update... /usr/bin/intltool-update
checking for intltool-merge... /usr/bin/intltool-merge
checking for intltool-extract... /usr/bin/intltool-extract
checking for xgettext... /usr/bin/xgettext
checking for msgmerge... /usr/bin/msgmerge
checking for msgfmt... /usr/bin/msgfmt
checking for gmsgfmt... /usr/bin/msgfmt
checking for perl... /usr/bin/perl
checking for perl >= 5.8.1... 5.42.0
checking for XML::Parser... ok
checking whether make supports the include directive... yes (GNU style)
checking for gcc... gcc
checking whether the C compiler works... yes
checking for C compiler default output file name... a.out
checking for suffix of executables... 
checking whether we are cross compiling... no
checking for suffix of object files... o
checking whether the compiler supports GNU C... yes
checking whether gcc accepts -g... yes
checking for gcc option to enable C11 features... none needed
checking whether gcc understands -c and -o together... yes
checking dependency style of gcc... gcc3
checking for library containing strerror... none required
checking for gcc... (cached) gcc
checking whether the compiler supports GNU C... (cached) yes
checking whether gcc accepts -g... (cached) yes
checking for gcc option to enable C11 features... (cached) none needed
checking whether gcc understands -c and -o together... (cached) yes
checking dependency style of gcc... (cached) gcc3
checking for gcc... (cached) gcc
checking whether the compiler supports GNU C... (cached) yes
checking whether gcc accepts -g... (cached) yes
checking for gcc option to enable C11 features... (cached) none needed
checking whether gcc understands -c and -o together... (cached) yes
checking dependency style of gcc... (cached) gcc3
checking for stdio.h... yes
checking for stdlib.h... yes
checking for string.h... yes
checking for inttypes.h... yes
checking for stdint.h... yes
checking for strings.h... yes
checking for sys/stat.h... yes
checking for sys/types.h... yes
checking for unistd.h... yes
checking for grep that handles long lines and -e... /usr/bin/grep
checking for egrep... /usr/bin/grep -E
checking for pkg-config... /usr/bin/pkg-config
checking pkg-config is at least version 0.9.0... yes
checking for gtk+-2.0 >= 2.4.0, gthread-2.0 >= 2.4.0, libcddb >= 0.9.5... yes
checking for locale.h... yes
checking for LC_MESSAGES... yes
checking for CFPreferencesCopyAppValue... no
checking for CFLocaleCopyCurrent... no
checking for libintl.h... yes
checking for ngettext in libc... yes
checking for dgettext in libc... yes
checking for bind_textdomain_codeset... yes
checking for msgfmt... (cached) /usr/bin/msgfmt
checking for dcgettext... yes
checking if msgfmt accepts -c... yes
checking for gmsgfmt... (cached) /usr/bin/msgfmt
checking for xgettext... (cached) /usr/bin/xgettext
checking that generated files are newer than configure... done
configure: creating ./config.status
config.status: creating Makefile
config.status: creating src/Makefile
config.status: creating po/Makefile.in
config.status: creating config.h
config.status: config.h is unchanged
config.status: executing depfiles commands
config.status: executing default-1 commands
config.status: executing po/stamp-it commands
make  all-recursive
make[1]: Entering directory '/build/asunder-svn/src/asunder'
Making all in src
make[2]: Entering directory '/build/asunder-svn/src/asunder/src'
gcc -DHAVE_CONFIG_H -I. -I.. -DPACKAGE_DATA_DIR=\""/usr/share"\" -DPACKAGE_LOCALE_DIR=\""/usr/share/locale"\" -I/usr/include/gtk-2.0 -I/usr/lib/gtk-2.0/include -I/usr/include/pango-1.0 -I/usr/include/atk-1.0 -I/usr/include/gdk-pixbuf-2.0 -I/usr/include/libmount -I/usr/include/blkid -I/usr/include/fribidi -I/usr/include/cairo -I/usr/include/pixman-1 -I/usr/include/harfbuzz -I/usr/include/freetype2 -I/usr/include/libpng16 -I/usr/include/glib-2.0 -I/usr/lib/glib-2.0/include -I/usr/include/sysprof-6 -pthread    -march=x86-64 -mtune=generic -O2 -pipe -fno-plt -fexceptions         -Wp,-D_FORTIFY_SOURCE=3 -Wformat -Werror=format-security         -fstack-clash-protection -fcf-protection         -fno-omit-frame-pointer -mno-omit-leaf-frame-pointer -g -ffile-prefix-map=/build/asunder-svn/src=/usr/src/debug/asunder-svn -flto=auto -Wall -pedantic -std=gnu99 -Wundef -Wcast-align -W -Wpointer-arith -Wwrite-strings -Wno-unused-parameter -Wno-format-truncation -Wstringop-overflow=0 -Wno-stringop-truncation -Wno-deprecated-declarations -Wno-overlength-strings -MT main.o -MD -MP -MF .deps/main.Tpo -c -o main.o main.c
gcc -DHAVE_CONFIG_H -I. -I.. -DPACKAGE_DATA_DIR=\""/usr/share"\" -DPACKAGE_LOCALE_DIR=\""/usr/share/locale"\" -I/usr/include/gtk-2.0 -I/usr/lib/gtk-2.0/include -I/usr/include/pango-1.0 -I/usr/include/atk-1.0 -I/usr/include/gdk-pixbuf-2.0 -I/usr/include/libmount -I/usr/include/blkid -I/usr/include/fribidi -I/usr/include/cairo -I/usr/include/pixman-1 -I/usr/include/harfbuzz -I/usr/include/freetype2 -I/usr/include/libpng16 -I/usr/include/glib-2.0 -I/usr/lib/glib-2.0/include -I/usr/include/sysprof-6 -pthread    -march=x86-64 -mtune=generic -O2 -pipe -fno-plt -fexceptions         -Wp,-D_FORTIFY_SOURCE=3 -Wformat -Werror=format-security         -fstack-clash-protection -fcf-protection         -fno-omit-frame-pointer -mno-omit-leaf-frame-pointer -g -ffile-prefix-map=/build/asunder-svn/src=/usr/src/debug/asunder-svn -flto=auto -Wall -pedantic -std=gnu99 -Wundef -Wcast-align -W -Wpointer-arith -Wwrite-strings -Wno-unused-parameter -Wno-format-truncation -Wstringop-overflow=0 -Wno-stringop-truncation -Wno-deprecated-declarations -Wno-overlength-strings -MT support.o -MD -MP -MF .deps/support.Tpo -c -o support.o support.c
gcc -DHAVE_CONFIG_H -I. -I.. -DPACKAGE_DATA_DIR=\""/usr/share"\" -DPACKAGE_LOCALE_DIR=\""/usr/share/locale"\" -I/usr/include/gtk-2.0 -I/usr/lib/gtk-2.0/include -I/usr/include/pango-1.0 -I/usr/include/atk-1.0 -I/usr/include/gdk-pixbuf-2.0 -I/usr/include/libmount -I/usr/include/blkid -I/usr/include/fribidi -I/usr/include/cairo -I/usr/include/pixman-1 -I/usr/include/harfbuzz -I/usr/include/freetype2 -I/usr/include/libpng16 -I/usr/include/glib-2.0 -I/usr/lib/glib-2.0/include -I/usr/include/sysprof-6 -pthread    -march=x86-64 -mtune=generic -O2 -pipe -fno-plt -fexceptions         -Wp,-D_FORTIFY_SOURCE=3 -Wformat -Werror=format-security         -fstack-clash-protection -fcf-protection         -fno-omit-frame-pointer -mno-omit-leaf-frame-pointer -g -ffile-prefix-map=/build/asunder-svn/src=/usr/src/debug/asunder-svn -flto=auto -Wall -pedantic -std=gnu99 -Wundef -Wcast-align -W -Wpointer-arith -Wwrite-strings -Wno-unused-parameter -Wno-format-truncation -Wstringop-overflow=0 -Wno-stringop-truncation -Wno-deprecated-declarations -Wno-overlength-strings -MT interface.o -MD -MP -MF .deps/interface.Tpo -c -o interface.o interface.c
gcc -DHAVE_CONFIG_H -I. -I.. -DPACKAGE_DATA_DIR=\""/usr/share"\" -DPACKAGE_LOCALE_DIR=\""/usr/share/locale"\" -I/usr/include/gtk-2.0 -I/usr/lib/gtk-2.0/include -I/usr/include/pango-1.0 -I/usr/include/atk-1.0 -I/usr/include/gdk-pixbuf-2.0 -I/usr/include/libmount -I/usr/include/blkid -I/usr/include/fribidi -I/usr/include/cairo -I/usr/include/pixman-1 -I/usr/include/harfbuzz -I/usr/include/freetype2 -I/usr/include/libpng16 -I/usr/include/glib-2.0 -I/usr/lib/glib-2.0/include -I/usr/include/sysprof-6 -pthread    -march=x86-64 -mtune=generic -O2 -pipe -fno-plt -fexceptions         -Wp,-D_FORTIFY_SOURCE=3 -Wformat -Werror=format-security         -fstack-clash-protection -fcf-protection         -fno-omit-frame-pointer -mno-omit-leaf-frame-pointer -g -ffile-prefix-map=/build/asunder-svn/src=/usr/src/debug/asunder-svn -flto=auto -Wall -pedantic -std=gnu99 -Wundef -Wcast-align -W -Wpointer-arith -Wwrite-strings -Wno-unused-parameter -Wno-format-truncation -Wstringop-overflow=0 -Wno-stringop-truncation -Wno-deprecated-declarations -Wno-overlength-strings -MT callbacks.o -MD -MP -MF .deps/callbacks.Tpo -c -o callbacks.o callbacks.c
gcc -DHAVE_CONFIG_H -I. -I.. -DPACKAGE_DATA_DIR=\""/usr/share"\" -DPACKAGE_LOCALE_DIR=\""/usr/share/locale"\" -I/usr/include/gtk-2.0 -I/usr/lib/gtk-2.0/include -I/usr/include/pango-1.0 -I/usr/include/atk-1.0 -I/usr/include/gdk-pixbuf-2.0 -I/usr/include/libmount -I/usr/include/blkid -I/usr/include/fribidi -I/usr/include/cairo -I/usr/include/pixman-1 -I/usr/include/harfbuzz -I/usr/include/freetype2 -I/usr/include/libpng16 -I/usr/include/glib-2.0 -I/usr/lib/glib-2.0/include -I/usr/include/sysprof-6 -pthread    -march=x86-64 -mtune=generic -O2 -pipe -fno-plt -fexceptions         -Wp,-D_FORTIFY_SOURCE=3 -Wformat -Werror=format-security         -fstack-clash-protection -fcf-protection         -fno-omit-frame-pointer -mno-omit-leaf-frame-pointer -g -ffile-prefix-map=/build/asunder-svn/src=/usr/src/debug/asunder-svn -flto=auto -Wall -pedantic -std=gnu99 -Wundef -Wcast-align -W -Wpointer-arith -Wwrite-strings -Wno-unused-parameter -Wno-format-truncation -Wstringop-overflow=0 -Wno-stringop-truncation -Wno-deprecated-declarations -Wno-overlength-strings -MT prefs.o -MD -MP -MF .deps/prefs.Tpo -c -o prefs.o prefs.c
gcc -DHAVE_CONFIG_H -I. -I.. -DPACKAGE_DATA_DIR=\""/usr/share"\" -DPACKAGE_LOCALE_DIR=\""/usr/share/locale"\" -I/usr/include/gtk-2.0 -I/usr/lib/gtk-2.0/include -I/usr/include/pango-1.0 -I/usr/include/atk-1.0 -I/usr/include/gdk-pixbuf-2.0 -I/usr/include/libmount -I/usr/include/blkid -I/usr/include/fribidi -I/usr/include/cairo -I/usr/include/pixman-1 -I/usr/include/harfbuzz -I/usr/include/freetype2 -I/usr/include/libpng16 -I/usr/include/glib-2.0 -I/usr/lib/glib-2.0/include -I/usr/include/sysprof-6 -pthread    -march=x86-64 -mtune=generic -O2 -pipe -fno-plt -fexceptions         -Wp,-D_FORTIFY_SOURCE=3 -Wformat -Werror=format-security         -fstack-clash-protection -fcf-protection         -fno-omit-frame-pointer -mno-omit-leaf-frame-pointer -g -ffile-prefix-map=/build/asunder-svn/src=/usr/src/debug/asunder-svn -flto=auto -Wall -pedantic -std=gnu99 -Wundef -Wcast-align -W -Wpointer-arith -Wwrite-strings -Wno-unused-parameter -Wno-format-truncation -Wstringop-overflow=0 -Wno-stringop-truncation -Wno-deprecated-declarations -Wno-overlength-strings -MT selected_disc.o -MD -MP -MF .deps/selected_disc.Tpo -c -o selected_disc.o selected_disc.c
gcc -DHAVE_CONFIG_H -I. -I.. -DPACKAGE_DATA_DIR=\""/usr/share"\" -DPACKAGE_LOCALE_DIR=\""/usr/share/locale"\" -I/usr/include/gtk-2.0 -I/usr/lib/gtk-2.0/include -I/usr/include/pango-1.0 -I/usr/include/atk-1.0 -I/usr/include/gdk-pixbuf-2.0 -I/usr/include/libmount -I/usr/include/blkid -I/usr/include/fribidi -I/usr/include/cairo -I/usr/include/pixman-1 -I/usr/include/harfbuzz -I/usr/include/freetype2 -I/usr/include/libpng16 -I/usr/include/glib-2.0 -I/usr/lib/glib-2.0/include -I/usr/include/sysprof-6 -pthread    -march=x86-64 -mtune=generic -O2 -pipe -fno-plt -fexceptions         -Wp,-D_FORTIFY_SOURCE=3 -Wformat -Werror=format-security         -fstack-clash-protection -fcf-protection         -fno-omit-frame-pointer -mno-omit-leaf-frame-pointer -g -ffile-prefix-map=/build/asunder-svn/src=/usr/src/debug/asunder-svn -flto=auto -Wall -pedantic -std=gnu99 -Wundef -Wcast-align -W -Wpointer-arith -Wwrite-strings -Wno-unused-parameter -Wno-format-truncation -Wstringop-overflow=0 -Wno-stringop-truncation -Wno-deprecated-declarations -Wno-overlength-strings -MT threads.o -MD -MP -MF .deps/threads.Tpo -c -o threads.o threads.c
gcc -DHAVE_CONFIG_H -I. -I.. -DPACKAGE_DATA_DIR=\""/usr/share"\" -DPACKAGE_LOCALE_DIR=\""/usr/share/locale"\" -I/usr/include/gtk-2.0 -I/usr/lib/gtk-2.0/include -I/usr/include/pango-1.0 -I/usr/include/atk-1.0 -I/usr/include/gdk-pixbuf-2.0 -I/usr/include/libmount -I/usr/include/blkid -I/usr/include/fribidi -I/usr/include/cairo -I/usr/include/pixman-1 -I/usr/include/harfbuzz -I/usr/include/freetype2 -I/usr/include/libpng16 -I/usr/include/glib-2.0 -I/usr/lib/glib-2.0/include -I/usr/include/sysprof-6 -pthread    -march=x86-64 -mtune=generic -O2 -pipe -fno-plt -fexceptions         -Wp,-D_FORTIFY_SOURCE=3 -Wformat -Werror=format-security         -fstack-clash-protection -fcf-protection         -fno-omit-frame-pointer -mno-omit-leaf-frame-pointer -g -ffile-prefix-map=/build/asunder-svn/src=/usr/src/debug/asunder-svn -flto=auto -Wall -pedantic -std=gnu99 -Wundef -Wcast-align -W -Wpointer-arith -Wwrite-strings -Wno-unused-parameter -Wno-format-truncation -Wstringop-overflow=0 -Wno-stringop-truncation -Wno-deprecated-declarations -Wno-overlength-strings -MT upload.o -MD -MP -MF .deps/upload.Tpo -c -o upload.o upload.c
gcc -DHAVE_CONFIG_H -I. -I.. -DPACKAGE_DATA_DIR=\""/usr/share"\" -DPACKAGE_LOCALE_DIR=\""/usr/share/locale"\" -I/usr/include/gtk-2.0 -I/usr/lib/gtk-2.0/include -I/usr/include/pango-1.0 -I/usr/include/atk-1.0 -I/usr/include/gdk-pixbuf-2.0 -I/usr/include/libmount -I/usr/include/blkid -I/usr/include/fribidi -I/usr/include/cairo -I/usr/include/pixman-1 -I/usr/include/harfbuzz -I/usr/include/freetype2 -I/usr/include/libpng16 -I/usr/include/glib-2.0 -I/usr/lib/glib-2.0/include -I/usr/include/sysprof-6 -pthread    -march=x86-64 -mtune=generic -O2 -pipe -fno-plt -fexceptions         -Wp,-D_FORTIFY_SOURCE=3 -Wformat -Werror=format-security         -fstack-clash-protection -fcf-protection         -fno-omit-frame-pointer -mno-omit-leaf-frame-pointer -g -ffile-prefix-map=/build/asunder-svn/src=/usr/src/debug/asunder-svn -flto=auto -Wall -pedantic -std=gnu99 -Wundef -Wcast-align -W -Wpointer-arith -Wwrite-strings -Wno-unused-parameter -Wno-format-truncation -Wstringop-overflow=0 -Wno-stringop-truncation -Wno-deprecated-declarations -Wno-overlength-strings -MT util.o -MD -MP -MF .deps/util.Tpo -c -o util.o util.c
gcc -DHAVE_CONFIG_H -I. -I.. -DPACKAGE_DATA_DIR=\""/usr/share"\" -DPACKAGE_LOCALE_DIR=\""/usr/share/locale"\" -I/usr/include/gtk-2.0 -I/usr/lib/gtk-2.0/include -I/usr/include/pango-1.0 -I/usr/include/atk-1.0 -I/usr/include/gdk-pixbuf-2.0 -I/usr/include/libmount -I/usr/include/blkid -I/usr/include/fribidi -I/usr/include/cairo -I/usr/include/pixman-1 -I/usr/include/harfbuzz -I/usr/include/freetype2 -I/usr/include/libpng16 -I/usr/include/glib-2.0 -I/usr/lib/glib-2.0/include -I/usr/include/sysprof-6 -pthread    -march=x86-64 -mtune=generic -O2 -pipe -fno-plt -fexceptions         -Wp,-D_FORTIFY_SOURCE=3 -Wformat -Werror=format-security         -fstack-clash-protection -fcf-protection         -fno-omit-frame-pointer -mno-omit-leaf-frame-pointer -g -ffile-prefix-map=/build/asunder-svn/src=/usr/src/debug/asunder-svn -flto=auto -Wall -pedantic -std=gnu99 -Wundef -Wcast-align -W -Wpointer-arith -Wwrite-strings -Wno-unused-parameter -Wno-format-truncation -Wstringop-overflow=0 -Wno-stringop-truncation -Wno-deprecated-declarations -Wno-overlength-strings -MT wrappers.o -MD -MP -MF .deps/wrappers.Tpo -c -o wrappers.o wrappers.c
gcc -DHAVE_CONFIG_H -I. -I.. -DPACKAGE_DATA_DIR=\""/usr/share"\" -DPACKAGE_LOCALE_DIR=\""/usr/share/locale"\" -I/usr/include/gtk-2.0 -I/usr/lib/gtk-2.0/include -I/usr/include/pango-1.0 -I/usr/include/atk-1.0 -I/usr/include/gdk-pixbuf-2.0 -I/usr/include/libmount -I/usr/include/blkid -I/usr/include/fribidi -I/usr/include/cairo -I/usr/include/pixman-1 -I/usr/include/harfbuzz -I/usr/include/freetype2 -I/usr/include/libpng16 -I/usr/include/glib-2.0 -I/usr/lib/glib-2.0/include -I/usr/include/sysprof-6 -pthread    -march=x86-64 -mtune=generic -O2 -pipe -fno-plt -fexceptions         -Wp,-D_FORTIFY_SOURCE=3 -Wformat -Werror=format-security         -fstack-clash-protection -fcf-protection         -fno-omit-frame-pointer -mno-omit-leaf-frame-pointer -g -ffile-prefix-map=/build/asunder-svn/src=/usr/src/debug/asunder-svn -flto=auto -Wall -pedantic -std=gnu99 -Wundef -Wcast-align -W -Wpointer-arith -Wwrite-strings -Wno-unused-parameter -Wno-format-truncation -Wstringop-overflow=0 -Wno-stringop-truncation -Wno-deprecated-declarations -Wno-overlength-strings -MT completion.o -MD -MP -MF .deps/completion.Tpo -c -o completion.o completion.c
mv -f .deps/selected_disc.Tpo .deps/selected_disc.Po
mv -f .deps/support.Tpo .deps/support.Po
mv -f .deps/completion.Tpo .deps/completion.Po
mv -f .deps/upload.Tpo .deps/upload.Po
mv -f .deps/util.Tpo .deps/util.Po
mv -f .deps/callbacks.Tpo .deps/callbacks.Po
mv -f .deps/prefs.Tpo .deps/prefs.Po
mv -f .deps/main.Tpo .deps/main.Po
mv -f .deps/interface.Tpo .deps/interface.Po
mv -f .deps/threads.Tpo .deps/threads.Po
mv -f .deps/wrappers.Tpo .deps/wrappers.Po
gcc  -march=x86-64 -mtune=generic -O2 -pipe -fno-plt -fexceptions         -Wp,-D_FORTIFY_SOURCE=3 -Wformat -Werror=format-security         -fstack-clash-protection -fcf-protection         -fno-omit-frame-pointer -mno-omit-leaf-frame-pointer -g -ffile-prefix-map=/build/asunder-svn/src=/usr/src/debug/asunder-svn -flto=auto -Wall -pedantic -std=gnu99 -Wundef -Wcast-align -W -Wpointer-arith -Wwrite-strings -Wno-unused-parameter -Wno-format-truncation -Wstringop-overflow=0 -Wno-stringop-truncation -Wno-deprecated-declarations -Wno-overlength-strings  -Wl,-O1 -Wl,--sort-common -Wl,--as-needed -Wl,-z,relro -Wl,-z,now          -Wl,-z,pack-relative-relocs -flto=auto -o asunder main.o support.o interface.o callbacks.o prefs.o selected_disc.o threads.o upload.o util.o wrappers.o completion.o -lgtk-x11-2.0 -lgdk-x11-2.0 -lpangocairo-1.0 -latk-1.0 -lgdk_pixbuf-2.0 -lpangoft2-1.0 -lpango-1.0 -lgio-2.0 -lcairo -lfontconfig -lharfbuzz -lfreetype -lgobject-2.0 -lgthread-2.0 -pthread -lglib-2.0 -lcddb  
make[2]: Leaving directory '/build/asunder-svn/src/asunder/src'
Making all in po
make[2]: Entering directory '/build/asunder-svn/src/asunder/po'
grep: warning: stray \ before #
grep: warning: stray \ before #
grep: warning: stray \ before #
file=`echo af | sed 's,.*/,,'`.gmo \
  && rm -f $file && /usr/bin/msgfmt -o $file af.po
file=`echo am | sed 's,.*/,,'`.gmo \
  && rm -f $file && /usr/bin/msgfmt -o $file am.po
file=`echo an | sed 's,.*/,,'`.gmo \
  && rm -f $file && /usr/bin/msgfmt -o $file an.po
file=`echo ar | sed 's,.*/,,'`.gmo \
  && rm -f $file && /usr/bin/msgfmt -o $file ar.po
file=`echo as | sed 's,.*/,,'`.gmo \
  && rm -f $file && /usr/bin/msgfmt -o $file as.po
file=`echo az | sed 's,.*/,,'`.gmo \
  && rm -f $file && /usr/bin/msgfmt -o $file az.po
file=`echo be | sed 's,.*/,,'`.gmo \
  && rm -f $file && /usr/bin/msgfmt -o $file be.po
file=`echo be@latin | sed 's,.*/,,'`.gmo \
  && rm -f $file && /usr/bin/msgfmt -o $file be@latin.po
file=`echo bg | sed 's,.*/,,'`.gmo \
  && rm -f $file && /usr/bin/msgfmt -o $file bg.po
file=`echo bn | sed 's,.*/,,'`.gmo \
  && rm -f $file && /usr/bin/msgfmt -o $file bn.po
file=`echo bn_IN | sed 's,.*/,,'`.gmo \
  && rm -f $file && /usr/bin/msgfmt -o $file bn_IN.po
file=`echo br | sed 's,.*/,,'`.gmo \
  && rm -f $file && /usr/bin/msgfmt -o $file br.po
file=`echo bs_BA | sed 's,.*/,,'`.gmo \
  && rm -f $file && /usr/bin/msgfmt -o $file bs_BA.po
file=`echo ca | sed 's,.*/,,'`.gmo \
  && rm -f $file && /usr/bin/msgfmt -o $file ca.po
file=`echo cs | sed 's,.*/,,'`.gmo \
  && rm -f $file && /usr/bin/msgfmt -o $file cs.po
file=`echo cy | sed 's,.*/,,'`.gmo \
  && rm -f $file && /usr/bin/msgfmt -o $file cy.po
file=`echo da | sed 's,.*/,,'`.gmo \
  && rm -f $file && /usr/bin/msgfmt -o $file da.po
file=`echo de | sed 's,.*/,,'`.gmo \
  && rm -f $file && /usr/bin/msgfmt -o $file de.po
file=`echo dz | sed 's,.*/,,'`.gmo \
  && rm -f $file && /usr/bin/msgfmt -o $file dz.po
file=`echo el | sed 's,.*/,,'`.gmo \
  && rm -f $file && /usr/bin/msgfmt -o $file el.po
file=`echo eo | sed 's,.*/,,'`.gmo \
  && rm -f $file && /usr/bin/msgfmt -o $file eo.po
file=`echo es | sed 's,.*/,,'`.gmo \
  && rm -f $file && /usr/bin/msgfmt -o $file es.po
file=`echo eu | sed 's,.*/,,'`.gmo \
  && rm -f $file && /usr/bin/msgfmt -o $file eu.po
file=`echo fa | sed 's,.*/,,'`.gmo \
  && rm -f $file && /usr/bin/msgfmt -o $file fa.po
file=`echo ff | sed 's,.*/,,'`.gmo \
  && rm -f $file && /usr/bin/msgfmt -o $file ff.po
file=`echo fi | sed 's,.*/,,'`.gmo \
  && rm -f $file && /usr/bin/msgfmt -o $file fi.po
file=`echo fo | sed 's,.*/,,'`.gmo \
  && rm -f $file && /usr/bin/msgfmt -o $file fo.po
file=`echo fr | sed 's,.*/,,'`.gmo \
  && rm -f $file && /usr/bin/msgfmt -o $file fr.po
file=`echo fy | sed 's,.*/,,'`.gmo \
  && rm -f $file && /usr/bin/msgfmt -o $file fy.po
file=`echo ga | sed 's,.*/,,'`.gmo \
  && rm -f $file && /usr/bin/msgfmt -o $file ga.po
file=`echo gl | sed 's,.*/,,'`.gmo \
  && rm -f $file && /usr/bin/msgfmt -o $file gl.po
file=`echo gu | sed 's,.*/,,'`.gmo \
  && rm -f $file && /usr/bin/msgfmt -o $file gu.po
file=`echo he | sed 's,.*/,,'`.gmo \
  && rm -f $file && /usr/bin/msgfmt -o $file he.po
file=`echo hi | sed 's,.*/,,'`.gmo \
  && rm -f $file && /usr/bin/msgfmt -o $file hi.po
file=`echo hr | sed 's,.*/,,'`.gmo \
  && rm -f $file && /usr/bin/msgfmt -o $file hr.po
file=`echo ht | sed 's,.*/,,'`.gmo \
  && rm -f $file && /usr/bin/msgfmt -o $file ht.po
file=`echo hu | sed 's,.*/,,'`.gmo \
  && rm -f $file && /usr/bin/msgfmt -o $file hu.po
file=`echo hy | sed 's,.*/,,'`.gmo \
  && rm -f $file && /usr/bin/msgfmt -o $file hy.po
file=`echo ia | sed 's,.*/,,'`.gmo \
  && rm -f $file && /usr/bin/msgfmt -o $file ia.po
file=`echo id | sed 's,.*/,,'`.gmo \
  && rm -f $file && /usr/bin/msgfmt -o $file id.po
file=`echo ie | sed 's,.*/,,'`.gmo \
  && rm -f $file && /usr/bin/msgfmt -o $file ie.po
file=`echo is | sed 's,.*/,,'`.gmo \
  && rm -f $file && /usr/bin/msgfmt -o $file is.po
file=`echo it | sed 's,.*/,,'`.gmo \
  && rm -f $file && /usr/bin/msgfmt -o $file it.po
file=`echo ja | sed 's,.*/,,'`.gmo \
  && rm -f $file && /usr/bin/msgfmt -o $file ja.po
file=`echo ka | sed 's,.*/,,'`.gmo \
  && rm -f $file && /usr/bin/msgfmt -o $file ka.po
file=`echo kk | sed 's,.*/,,'`.gmo \
  && rm -f $file && /usr/bin/msgfmt -o $file kk.po
file=`echo km | sed 's,.*/,,'`.gmo \
  && rm -f $file && /usr/bin/msgfmt -o $file km.po
file=`echo ko | sed 's,.*/,,'`.gmo \
  && rm -f $file && /usr/bin/msgfmt -o $file ko.po
file=`echo ku | sed 's,.*/,,'`.gmo \
  && rm -f $file && /usr/bin/msgfmt -o $file ku.po
file=`echo ky | sed 's,.*/,,'`.gmo \
  && rm -f $file && /usr/bin/msgfmt -o $file ky.po
file=`echo la | sed 's,.*/,,'`.gmo \
  && rm -f $file && /usr/bin/msgfmt -o $file la.po
file=`echo lb | sed 's,.*/,,'`.gmo \
  && rm -f $file && /usr/bin/msgfmt -o $file lb.po
file=`echo lg | sed 's,.*/,,'`.gmo \
  && rm -f $file && /usr/bin/msgfmt -o $file lg.po
file=`echo lt | sed 's,.*/,,'`.gmo \
  && rm -f $file && /usr/bin/msgfmt -o $file lt.po
file=`echo lv | sed 's,.*/,,'`.gmo \
  && rm -f $file && /usr/bin/msgfmt -o $file lv.po
file=`echo mg | sed 's,.*/,,'`.gmo \
  && rm -f $file && /usr/bin/msgfmt -o $file mg.po
file=`echo mk | sed 's,.*/,,'`.gmo \
  && rm -f $file && /usr/bin/msgfmt -o $file mk.po
file=`echo ml | sed 's,.*/,,'`.gmo \
  && rm -f $file && /usr/bin/msgfmt -o $file ml.po
file=`echo mn | sed 's,.*/,,'`.gmo \
  && rm -f $file && /usr/bin/msgfmt -o $file mn.po
file=`echo mr | sed 's,.*/,,'`.gmo \
  && rm -f $file && /usr/bin/msgfmt -o $file mr.po
file=`echo ms | sed 's,.*/,,'`.gmo \
  && rm -f $file && /usr/bin/msgfmt -o $file ms.po
file=`echo my | sed 's,.*/,,'`.gmo \
  && rm -f $file && /usr/bin/msgfmt -o $file my.po
file=`echo nb | sed 's,.*/,,'`.gmo \
  && rm -f $file && /usr/bin/msgfmt -o $file nb.po
file=`echo ne | sed 's,.*/,,'`.gmo \
  && rm -f $file && /usr/bin/msgfmt -o $file ne.po
file=`echo nl | sed 's,.*/,,'`.gmo \
  && rm -f $file && /usr/bin/msgfmt -o $file nl.po
file=`echo nn | sed 's,.*/,,'`.gmo \
  && rm -f $file && /usr/bin/msgfmt -o $file nn.po
file=`echo oc | sed 's,.*/,,'`.gmo \
  && rm -f $file && /usr/bin/msgfmt -o $file oc.po
file=`echo or | sed 's,.*/,,'`.gmo \
  && rm -f $file && /usr/bin/msgfmt -o $file or.po
file=`echo pa | sed 's,.*/,,'`.gmo \
  && rm -f $file && /usr/bin/msgfmt -o $file pa.po
file=`echo pl | sed 's,.*/,,'`.gmo \
  && rm -f $file && /usr/bin/msgfmt -o $file pl.po
file=`echo ps | sed 's,.*/,,'`.gmo \
  && rm -f $file && /usr/bin/msgfmt -o $file ps.po
file=`echo pt | sed 's,.*/,,'`.gmo \
  && rm -f $file && /usr/bin/msgfmt -o $file pt.po
file=`echo pt_BR | sed 's,.*/,,'`.gmo \
  && rm -f $file && /usr/bin/msgfmt -o $file pt_BR.po
file=`echo ro | sed 's,.*/,,'`.gmo \
  && rm -f $file && /usr/bin/msgfmt -o $file ro.po
file=`echo ru | sed 's,.*/,,'`.gmo \
  && rm -f $file && /usr/bin/msgfmt -o $file ru.po
file=`echo rw | sed 's,.*/,,'`.gmo \
  && rm -f $file && /usr/bin/msgfmt -o $file rw.po
file=`echo si | sed 's,.*/,,'`.gmo \
  && rm -f $file && /usr/bin/msgfmt -o $file si.po
file=`echo sk | sed 's,.*/,,'`.gmo \
  && rm -f $file && /usr/bin/msgfmt -o $file sk.po
file=`echo sl | sed 's,.*/,,'`.gmo \
  && rm -f $file && /usr/bin/msgfmt -o $file sl.po
file=`echo sq | sed 's,.*/,,'`.gmo \
  && rm -f $file && /usr/bin/msgfmt -o $file sq.po
file=`echo sr | sed 's,.*/,,'`.gmo \
  && rm -f $file && /usr/bin/msgfmt -o $file sr.po
file=`echo sr@latin | sed 's,.*/,,'`.gmo \
  && rm -f $file && /usr/bin/msgfmt -o $file sr@latin.po
file=`echo sv | sed 's,.*/,,'`.gmo \
  && rm -f $file && /usr/bin/msgfmt -o $file sv.po
file=`echo ta | sed 's,.*/,,'`.gmo \
  && rm -f $file && /usr/bin/msgfmt -o $file ta.po
file=`echo te | sed 's,.*/,,'`.gmo \
  && rm -f $file && /usr/bin/msgfmt -o $file te.po
file=`echo th | sed 's,.*/,,'`.gmo \
  && rm -f $file && /usr/bin/msgfmt -o $file th.po
file=`echo tk | sed 's,.*/,,'`.gmo \
  && rm -f $file && /usr/bin/msgfmt -o $file tk.po
file=`echo tl | sed 's,.*/,,'`.gmo \
  && rm -f $file && /usr/bin/msgfmt -o $file tl.po
file=`echo tr | sed 's,.*/,,'`.gmo \
  && rm -f $file && /usr/bin/msgfmt -o $file tr.po
file=`echo tt | sed 's,.*/,,'`.gmo \
  && rm -f $file && /usr/bin/msgfmt -o $file tt.po
file=`echo ug | sed 's,.*/,,'`.gmo \
  && rm -f $file && /usr/bin/msgfmt -o $file ug.po
file=`echo uk | sed 's,.*/,,'`.gmo \
  && rm -f $file && /usr/bin/msgfmt -o $file uk.po
file=`echo ur | sed 's,.*/,,'`.gmo \
  && rm -f $file && /usr/bin/msgfmt -o $file ur.po
file=`echo ur_PK | sed 's,.*/,,'`.gmo \
  && rm -f $file && /usr/bin/msgfmt -o $file ur_PK.po
file=`echo uz | sed 's,.*/,,'`.gmo \
  && rm -f $file && /usr/bin/msgfmt -o $file uz.po
file=`echo uz@cyrillic | sed 's,.*/,,'`.gmo \
  && rm -f $file && /usr/bin/msgfmt -o $file uz@cyrillic.po
file=`echo vi | sed 's,.*/,,'`.gmo \
  && rm -f $file && /usr/bin/msgfmt -o $file vi.po
file=`echo wa | sed 's,.*/,,'`.gmo \
  && rm -f $file && /usr/bin/msgfmt -o $file wa.po
file=`echo wo | sed 's,.*/,,'`.gmo \
  && rm -f $file && /usr/bin/msgfmt -o $file wo.po
file=`echo xh | sed 's,.*/,,'`.gmo \
  && rm -f $file && /usr/bin/msgfmt -o $file xh.po
file=`echo yi | sed 's,.*/,,'`.gmo \
  && rm -f $file && /usr/bin/msgfmt -o $file yi.po
file=`echo zh_CN | sed 's,.*/,,'`.gmo \
  && rm -f $file && /usr/bin/msgfmt -o $file zh_CN.po
file=`echo zh_TW | sed 's,.*/,,'`.gmo \
  && rm -f $file && /usr/bin/msgfmt -o $file zh_TW.po
file=`echo zu | sed 's,.*/,,'`.gmo \
  && rm -f $file && /usr/bin/msgfmt -o $file zu.po
make[2]: Leaving directory '/build/asunder-svn/src/asunder/po'
make[2]: Entering directory '/build/asunder-svn/src/asunder'
make[2]: Leaving directory '/build/asunder-svn/src/asunder'
make[1]: Leaving directory '/build/asunder-svn/src/asunder'
