-- The C compiler identification is GNU 16.1.1
-- Detecting C compiler ABI info
-- Detecting C compiler ABI info - done
-- Check for working C compiler: /usr/bin/cc - skipped
-- Detecting C compile features
-- Detecting C compile features - done
-- Found Git: /usr/bin/git (found version "2.54.0")
-- Found PkgConfig: /usr/bin/pkg-config (found version "2.5.1")
-- Configuring done (0.8s)
-- Generating done (0.0s)
-- Build files have been written to: /build/augustus-git/src/build
[  1%] Building C object CMakeFiles/augustus.dir/src/platform/log.c.o
[  1%] Building C object CMakeFiles/augustus.dir/src/platform/crash_handler.c.o
[  2%] Building C object CMakeFiles/augustus.dir/src/platform/SDL3/keyboard_input.c.o
[  2%] Building C object CMakeFiles/augustus.dir/src/platform/SDL3/log.c.o
[  2%] Building C object CMakeFiles/augustus.dir/src/platform/file_manager.c.o
[  2%] Building C object CMakeFiles/augustus.dir/src/platform/SDL3/platform.c.o
[  2%] Building C object CMakeFiles/augustus.dir/src/platform/icon.c.o
[  2%] Building C object CMakeFiles/augustus.dir/src/platform/prefs.c.o
[  2%] Building C object CMakeFiles/augustus.dir/src/platform/arguments.c.o
[  2%] Building C object CMakeFiles/augustus.dir/src/platform/SDL3/cursor.c.o
[  2%] Building C object CMakeFiles/augustus.dir/src/platform/SDL3/joystick.c.o
[  2%] Building C object CMakeFiles/augustus.dir/src/platform/SDL3/augustus.c.o
[  2%] Building C object CMakeFiles/augustus.dir/src/platform/SDL3/mouse.c.o
[  3%] Building C object CMakeFiles/augustus.dir/src/platform/SDL3/renderer.c.o
[  3%] Building C object CMakeFiles/augustus.dir/src/platform/SDL3/screen.c.o
[  3%] Building C object CMakeFiles/augustus.dir/src/platform/SDL3/sound_device.c.o
[  3%] Building C object CMakeFiles/augustus.dir/src/platform/SDL3/touch.c.o
[  3%] Building C object CMakeFiles/augustus.dir/src/platform/SDL3/virtual_keyboard.c.o
[  4%] Building C object CMakeFiles/augustus.dir/src/platform/user_path.c.o
[  4%] Building C object CMakeFiles/augustus.dir/src/platform/version.c.o
[  4%] Building C object CMakeFiles/augustus.dir/src/core/array.c.o
[  5%] Building C object CMakeFiles/augustus.dir/src/core/buffer.c.o
[  5%] Building C object CMakeFiles/augustus.dir/src/core/calc.c.o
[  5%] Building C object CMakeFiles/augustus.dir/src/core/dir.c.o
[  5%] Building C object CMakeFiles/augustus.dir/src/core/encoding.c.o
[  5%] Building C object CMakeFiles/augustus.dir/src/core/config.c.o
[  5%] Building C object CMakeFiles/augustus.dir/src/core/encoding_japanese.c.o
[  6%] Building C object CMakeFiles/augustus.dir/src/core/encoding_korean.c.o
[  6%] Building C object CMakeFiles/augustus.dir/src/core/encoding_simp_chinese.c.o
[  6%] Building C object CMakeFiles/augustus.dir/src/core/encoding_trad_chinese.c.o
[  6%] Building C object CMakeFiles/augustus.dir/src/core/file.c.o
[  6%] Building C object CMakeFiles/augustus.dir/src/core/hotkey_config.c.o
[  7%] Building C object CMakeFiles/augustus.dir/src/core/image.c.o
[  7%] Building C object CMakeFiles/augustus.dir/src/core/io.c.o
[  7%] Building C object CMakeFiles/augustus.dir/src/core/image_packer.c.o
[  7%] Building C object CMakeFiles/augustus.dir/src/core/lang.c.o
[  8%] Building C object CMakeFiles/augustus.dir/src/core/locale.c.o
[  8%] Building C object CMakeFiles/augustus.dir/src/core/memory_block.c.o
[  8%] Building C object CMakeFiles/augustus.dir/src/core/png_read.c.o
[  8%] Building C object CMakeFiles/augustus.dir/src/core/smacker.c.o
[  8%] Building C object CMakeFiles/augustus.dir/src/core/random.c.o
[  9%] Building C object CMakeFiles/augustus.dir/src/core/speed.c.o
[  9%] Building C object CMakeFiles/augustus.dir/src/core/string.c.o
[  9%] Building C object CMakeFiles/augustus.dir/src/core/time.c.o
[ 10%] Building C object CMakeFiles/augustus.dir/src/core/xml_exporter.c.o
[ 10%] Building C object CMakeFiles/augustus.dir/src/core/xml_parser.c.o
[ 10%] Building C object CMakeFiles/augustus.dir/src/core/zip.c.o
[ 10%] Building C object CMakeFiles/augustus.dir/src/core/zlib_helper.c.o
[ 10%] Building C object CMakeFiles/augustus.dir/src/building/animation.c.o
[ 11%] Building C object CMakeFiles/augustus.dir/src/building/armoury.c.o
[ 11%] Building C object CMakeFiles/augustus.dir/src/building/barracks.c.o
[ 11%] Building C object CMakeFiles/augustus.dir/src/building/building.c.o
[ 11%] Building C object CMakeFiles/augustus.dir/src/building/caravanserai.c.o
[ 11%] Building C object CMakeFiles/augustus.dir/src/building/clone.c.o
[ 11%] Building C object CMakeFiles/augustus.dir/src/building/connectable.c.o
[ 11%] Building C object CMakeFiles/augustus.dir/src/building/construction_building.c.o
[ 11%] Building C object CMakeFiles/augustus.dir/src/building/construction_clear.c.o
[ 11%] Building C object CMakeFiles/augustus.dir/src/building/construction_routed.c.o
[ 12%] Building C object CMakeFiles/augustus.dir/src/building/construction.c.o
[ 13%] Building C object CMakeFiles/augustus.dir/src/building/construction_warning.c.o
[ 13%] Building C object CMakeFiles/augustus.dir/src/building/count.c.o
[ 13%] Building C object CMakeFiles/augustus.dir/src/building/destruction.c.o
[ 13%] Building C object CMakeFiles/augustus.dir/src/building/data_transfer.c.o
[ 14%] Building C object CMakeFiles/augustus.dir/src/building/dock.c.o
[ 14%] Building C object CMakeFiles/augustus.dir/src/building/distribution.c.o
[ 14%] Building C object CMakeFiles/augustus.dir/src/building/figure.c.o
[ 14%] Building C object CMakeFiles/augustus.dir/src/building/entertainment.c.o
[ 15%] Building C object CMakeFiles/augustus.dir/src/building/government.c.o
[ 15%] Building C object CMakeFiles/augustus.dir/src/building/granary.c.o
[ 15%] Building C object CMakeFiles/augustus.dir/src/building/house.c.o
[ 15%] Building C object CMakeFiles/augustus.dir/src/building/highway_station.c.o
[ 15%] Building C object CMakeFiles/augustus.dir/src/building/house_evolution.c.o
[ 15%] Building C object CMakeFiles/augustus.dir/src/building/house_population.c.o
[ 16%] Building C object CMakeFiles/augustus.dir/src/building/house_service.c.o
[ 16%] Building C object CMakeFiles/augustus.dir/src/building/image.c.o
[ 16%] Building C object CMakeFiles/augustus.dir/src/building/lighthouse.c.o
[ 16%] Building C object CMakeFiles/augustus.dir/src/building/industry.c.o
[ 16%] Building C object CMakeFiles/augustus.dir/src/building/list.c.o
[ 17%] Building C object CMakeFiles/augustus.dir/src/building/maintenance.c.o
[ 17%] Building C object CMakeFiles/augustus.dir/src/building/market.c.o
[ 17%] Building C object CMakeFiles/augustus.dir/src/building/menu.c.o
[ 18%] Building C object CMakeFiles/augustus.dir/src/building/monument.c.o
[ 18%] Building C object CMakeFiles/augustus.dir/src/building/mess_hall.c.o
[ 18%] Building C object CMakeFiles/augustus.dir/src/building/properties.c.o
/build/augustus-git/src/augustus/src/building/figure.c:974:13: warning: ‘spawn_highway_station_supplier’ defined but not used [-Wunused-function]
  974 | static void spawn_highway_station_supplier(building *b, int x, int y)
      |             ^~~~~~~~~~~~~~~~~~~~~~~~~~~~~~
[ 18%] Building C object CMakeFiles/augustus.dir/src/building/state.c.o
[ 18%] Building C object CMakeFiles/augustus.dir/src/building/tavern.c.o
[ 18%] Building C object CMakeFiles/augustus.dir/src/building/rotation.c.o
[ 18%] Building C object CMakeFiles/augustus.dir/src/building/roadblock.c.o
[ 19%] Building C object CMakeFiles/augustus.dir/src/building/storage.c.o
[ 19%] Building C object CMakeFiles/augustus.dir/src/building/temple.c.o
[ 19%] Building C object CMakeFiles/augustus.dir/src/building/variant.c.o
[ 19%] Building C object CMakeFiles/augustus.dir/src/city/culture.c.o
[ 19%] Building C object CMakeFiles/augustus.dir/src/city/buildings.c.o
[ 20%] Building C object CMakeFiles/augustus.dir/src/building/warehouse.c.o
[ 20%] Building C object CMakeFiles/augustus.dir/src/city/data.c.o
[ 20%] Building C object CMakeFiles/augustus.dir/src/city/data_private.c.o
[ 21%] Building C object CMakeFiles/augustus.dir/src/city/emperor.c.o
[ 21%] Building C object CMakeFiles/augustus.dir/src/city/entertainment.c.o
[ 21%] Building C object CMakeFiles/augustus.dir/src/city/festival.c.o
[ 22%] Building C object CMakeFiles/augustus.dir/src/city/finance.c.o
[ 22%] Building C object CMakeFiles/augustus.dir/src/city/figures.c.o
[ 22%] Building C object CMakeFiles/augustus.dir/src/city/games.c.o
[ 22%] Building C object CMakeFiles/augustus.dir/src/city/gods.c.o
[ 22%] Building C object CMakeFiles/augustus.dir/src/city/health.c.o
[ 23%] Building C object CMakeFiles/augustus.dir/src/city/houses.c.o
[ 23%] Building C object CMakeFiles/augustus.dir/src/city/labor.c.o
[ 23%] Building C object CMakeFiles/augustus.dir/src/city/map.c.o
[ 23%] Building C object CMakeFiles/augustus.dir/src/city/message.c.o
[ 23%] Building C object CMakeFiles/augustus.dir/src/city/military.c.o
[ 23%] Building C object CMakeFiles/augustus.dir/src/city/migration.c.o
/build/augustus-git/src/augustus/src/city/health.c: In function ‘city_health_get_global_sickness_level’:
/build/augustus-git/src/augustus/src/city/health.c:428:9: warning: variable ‘building_sickness_level’ set but not used [-Wunused-but-set-variable=]
  428 |     int building_sickness_level = 0;
      |         ^~~~~~~~~~~~~~~~~~~~~~~
[ 24%] Building C object CMakeFiles/augustus.dir/src/city/population.c.o
[ 24%] Building C object CMakeFiles/augustus.dir/src/city/mission.c.o
[ 24%] Building C object CMakeFiles/augustus.dir/src/city/race_bet.c.o
[ 24%] Building C object CMakeFiles/augustus.dir/src/city/ratings.c.o
[ 25%] Building C object CMakeFiles/augustus.dir/src/city/request.c.o
[ 25%] Building C object CMakeFiles/augustus.dir/src/city/sentiment.c.o
[ 25%] Building C object CMakeFiles/augustus.dir/src/city/sound.c.o
[ 25%] Building C object CMakeFiles/augustus.dir/src/city/resource.c.o
[ 25%] Building C object CMakeFiles/augustus.dir/src/city/trade.c.o
/build/augustus-git/src/augustus/src/city/population.c: In function ‘city_population_venus_blessing’:
/build/augustus-git/src/augustus/src/city/population.c:321:9: warning: variable ‘total_after’ set but not used [-Wunused-but-set-variable=]
  321 |     int total_after = 0;
      |         ^~~~~~~~~~~
/build/augustus-git/src/augustus/src/city/population.c:320:9: warning: variable ‘total_before’ set but not used [-Wunused-but-set-variable=]
  320 |     int total_before = 0;
      |         ^~~~~~~~~~~~
[ 26%] Building C object CMakeFiles/augustus.dir/src/city/victory.c.o
[ 26%] Building C object CMakeFiles/augustus.dir/src/city/trade_policy.c.o
[ 26%] Building C object CMakeFiles/augustus.dir/src/city/view.c.o
[ 27%] Building C object CMakeFiles/augustus.dir/src/empire/city.c.o
[ 27%] Building C object CMakeFiles/augustus.dir/src/city/warning.c.o
[ 27%] Building C object CMakeFiles/augustus.dir/src/empire/editor.c.o
[ 27%] Building C object CMakeFiles/augustus.dir/src/empire/export_xml.c.o
[ 27%] Building C object CMakeFiles/augustus.dir/src/empire/import_xml.c.o
[ 27%] Building C object CMakeFiles/augustus.dir/src/empire/empire.c.o
/build/augustus-git/src/augustus/src/city/sentiment.c: In function ‘city_sentiment_update’:
/build/augustus-git/src/augustus/src/city/sentiment.c:273:9: warning: variable ‘houses_calculated’ set but not used [-Wunused-but-set-variable=]
  273 |     int houses_calculated = 0;
      |         ^~~~~~~~~~~~~~~~~
[ 28%] Building C object CMakeFiles/augustus.dir/src/empire/object.c.o
[ 29%] Building C object CMakeFiles/augustus.dir/src/figure/action.c.o
[ 29%] Building C object CMakeFiles/augustus.dir/src/figure/combat.c.o
[ 29%] Building C object CMakeFiles/augustus.dir/src/empire/trade_route.c.o
[ 29%] Building C object CMakeFiles/augustus.dir/src/figure/enemy_army.c.o
[ 29%] Building C object CMakeFiles/augustus.dir/src/empire/trade_prices.c.o
[ 29%] Building C object CMakeFiles/augustus.dir/src/figure/figure.c.o
[ 29%] Building C object CMakeFiles/augustus.dir/src/figure/formation_enemy.c.o
[ 29%] Building C object CMakeFiles/augustus.dir/src/figure/formation.c.o
[ 30%] Building C object CMakeFiles/augustus.dir/src/figure/formation_herd.c.o
[ 30%] Building C object CMakeFiles/augustus.dir/src/figure/formation_layout.c.o
[ 30%] Building C object CMakeFiles/augustus.dir/src/figure/formation_legion.c.o
[ 30%] Building C object CMakeFiles/augustus.dir/src/figure/image.c.o
[ 31%] Building C object CMakeFiles/augustus.dir/src/figure/name.c.o
[ 31%] Building C object CMakeFiles/augustus.dir/src/figure/movement.c.o
[ 31%] Building C object CMakeFiles/augustus.dir/src/figure/roamer_preview.c.o
[ 31%] Building C object CMakeFiles/augustus.dir/src/figure/phrase.c.o
[ 31%] Building C object CMakeFiles/augustus.dir/src/figure/properties.c.o
[ 32%] Building C object CMakeFiles/augustus.dir/src/figure/route.c.o
[ 32%] Building C object CMakeFiles/augustus.dir/src/figure/service.c.o
[ 32%] Building C object CMakeFiles/augustus.dir/src/figure/sound.c.o
[ 32%] Building C object CMakeFiles/augustus.dir/src/figure/trader.c.o
[ 32%] Building C object CMakeFiles/augustus.dir/src/figure/visited_buildings.c.o
[ 33%] Building C object CMakeFiles/augustus.dir/src/figuretype/animal.c.o
[ 33%] Building C object CMakeFiles/augustus.dir/src/figuretype/crime.c.o
[ 33%] Building C object CMakeFiles/augustus.dir/src/figuretype/cartpusher.c.o
[ 33%] Building C object CMakeFiles/augustus.dir/src/figuretype/docker.c.o
[ 33%] Building C object CMakeFiles/augustus.dir/src/figuretype/editor.c.o
/build/augustus-git/src/augustus/src/figure/service.c: In function ‘distribute_market_resources’:
/build/augustus-git/src/augustus/src/figure/service.c:374:9: warning: variable ‘food_types_stored_max’ set but not used [-Wunused-but-set-variable=]
  374 |     int food_types_stored_max = 0;
      |         ^~~~~~~~~~~~~~~~~~~~~
[ 34%] Building C object CMakeFiles/augustus.dir/src/figuretype/enemy.c.o
[ 34%] Building C object CMakeFiles/augustus.dir/src/figuretype/entertainer.c.o
[ 34%] Building C object CMakeFiles/augustus.dir/src/figuretype/depot.c.o
[ 34%] Building C object CMakeFiles/augustus.dir/src/figuretype/maintenance.c.o
[ 35%] Building C object CMakeFiles/augustus.dir/src/figuretype/missile.c.o
[ 35%] Building C object CMakeFiles/augustus.dir/src/figuretype/migrant.c.o
[ 35%] Building C object CMakeFiles/augustus.dir/src/figuretype/native.c.o
[ 35%] Building C object CMakeFiles/augustus.dir/src/figuretype/soldier.c.o
[ 35%] Building C object CMakeFiles/augustus.dir/src/figuretype/service.c.o
[ 36%] Building C object CMakeFiles/augustus.dir/src/figuretype/supplier.c.o
[ 36%] Building C object CMakeFiles/augustus.dir/src/figuretype/trader.c.o
[ 36%] Building C object CMakeFiles/augustus.dir/src/figuretype/water.c.o
[ 36%] Building C object CMakeFiles/augustus.dir/src/figuretype/wall.c.o
[ 37%] Building C object CMakeFiles/augustus.dir/src/figuretype/workcamp.c.o
[ 37%] Building C object CMakeFiles/augustus.dir/src/game/campaign/file.c.o
[ 37%] Building C object CMakeFiles/augustus.dir/src/game/campaign/campaign.c.o
[ 38%] Building C object CMakeFiles/augustus.dir/src/game/campaign/mission.c.o
[ 38%] Building C object CMakeFiles/augustus.dir/src/game/campaign/original.c.o
[ 38%] Building C object CMakeFiles/augustus.dir/src/game/campaign/player_data.c.o
[ 38%] Building C object CMakeFiles/augustus.dir/src/game/cheats.c.o
[ 38%] Building C object CMakeFiles/augustus.dir/src/game/animation.c.o
[ 38%] Building C object CMakeFiles/augustus.dir/src/game/campaign/xml.c.o
[ 39%] Building C object CMakeFiles/augustus.dir/src/game/file.c.o
[ 39%] Building C object CMakeFiles/augustus.dir/src/game/difficulty.c.o
[ 39%] Building C object CMakeFiles/augustus.dir/src/game/file_editor.c.o
[ 39%] Building C object CMakeFiles/augustus.dir/src/game/file_io.c.o
[ 39%] Building C object CMakeFiles/augustus.dir/src/game/game.c.o
[ 40%] Building C object CMakeFiles/augustus.dir/src/game/mission.c.o
[ 40%] Building C object CMakeFiles/augustus.dir/src/game/orientation.c.o
[ 40%] Building C object CMakeFiles/augustus.dir/src/game/resource.c.o
[ 40%] Building C object CMakeFiles/augustus.dir/src/game/settings.c.o
[ 41%] Building C object CMakeFiles/augustus.dir/src/game/state.c.o
[ 41%] Building C object CMakeFiles/augustus.dir/src/game/speed.c.o
[ 41%] Building C object CMakeFiles/augustus.dir/src/game/tick.c.o
[ 41%] Building C object CMakeFiles/augustus.dir/src/game/time.c.o
[ 42%] Building C object CMakeFiles/augustus.dir/src/input/cursor.c.o
[ 42%] Building C object CMakeFiles/augustus.dir/src/game/undo.c.o
[ 42%] Building C object CMakeFiles/augustus.dir/src/game/tutorial.c.o
[ 42%] Building C object CMakeFiles/augustus.dir/src/input/hotkey.c.o
[ 42%] Building C object CMakeFiles/augustus.dir/src/input/input.c.o
[ 42%] Building C object CMakeFiles/augustus.dir/src/input/keys.c.o
[ 42%] Building C object CMakeFiles/augustus.dir/src/input/joystick.c.o
[ 43%] Building C object CMakeFiles/augustus.dir/src/input/keyboard.c.o
[ 43%] Building C object CMakeFiles/augustus.dir/src/input/mouse.c.o
[ 44%] Building C object CMakeFiles/augustus.dir/src/input/touch.c.o
[ 44%] Building C object CMakeFiles/augustus.dir/src/input/zoom.c.o
[ 44%] Building C object CMakeFiles/augustus.dir/src/input/scroll.c.o
[ 44%] Building C object CMakeFiles/augustus.dir/src/map/aqueduct.c.o
[ 44%] Building C object CMakeFiles/augustus.dir/src/map/bookmark.c.o
[ 44%] Building C object CMakeFiles/augustus.dir/src/map/bridge.c.o
[ 45%] Building C object CMakeFiles/augustus.dir/src/map/building.c.o
[ 45%] Building C object CMakeFiles/augustus.dir/src/map/desirability.c.o
[ 45%] Building C object CMakeFiles/augustus.dir/src/map/building_tiles.c.o
[ 45%] Building C object CMakeFiles/augustus.dir/src/map/elevation.c.o
[ 45%] Building C object CMakeFiles/augustus.dir/src/map/figure.c.o
[ 46%] Building C object CMakeFiles/augustus.dir/src/map/grid.c.o
[ 46%] Building C object CMakeFiles/augustus.dir/src/map/image_context.c.o
[ 46%] Building C object CMakeFiles/augustus.dir/src/map/image.c.o
[ 46%] Building C object CMakeFiles/augustus.dir/src/map/natives.c.o
[ 47%] Building C object CMakeFiles/augustus.dir/src/map/orientation.c.o
[ 47%] Building C object CMakeFiles/augustus.dir/src/map/random.c.o
[ 47%] Building C object CMakeFiles/augustus.dir/src/map/ring.c.o
[ 47%] Building C object CMakeFiles/augustus.dir/src/map/point.c.o
[ 47%] Building C object CMakeFiles/augustus.dir/src/map/property.c.o
[ 48%] Building C object CMakeFiles/augustus.dir/src/map/road_access.c.o
[ 48%] Building C object CMakeFiles/augustus.dir/src/map/road_aqueduct.c.o
[ 48%] Building C object CMakeFiles/augustus.dir/src/map/road_network.c.o
[ 49%] Building C object CMakeFiles/augustus.dir/src/map/routing.c.o
[ 49%] Building C object CMakeFiles/augustus.dir/src/map/routing_data.c.o
[ 50%] Building C object CMakeFiles/augustus.dir/src/map/routing_terrain.c.o
[ 50%] Building C object CMakeFiles/augustus.dir/src/map/sprite.c.o
[ 50%] Building C object CMakeFiles/augustus.dir/src/map/terrain.c.o
[ 50%] Building C object CMakeFiles/augustus.dir/src/map/routing_path.c.o
[ 50%] Building C object CMakeFiles/augustus.dir/src/map/water_supply.c.o
[ 50%] Building C object CMakeFiles/augustus.dir/src/map/water.c.o
[ 50%] Building C object CMakeFiles/augustus.dir/src/map/tiles.c.o
[ 50%] Building C object CMakeFiles/augustus.dir/src/map/soldier_strength.c.o
[ 50%] Building C object CMakeFiles/augustus.dir/src/assets/group.c.o
[ 51%] Building C object CMakeFiles/augustus.dir/src/assets/image.c.o
[ 51%] Building C object CMakeFiles/augustus.dir/src/assets/layer.c.o
[ 51%] Building C object CMakeFiles/augustus.dir/src/assets/assets.c.o
[ 51%] Building C object CMakeFiles/augustus.dir/src/assets/xml.c.o
[ 52%] Building C object CMakeFiles/augustus.dir/src/scenario/criteria.c.o
[ 52%] Building C object CMakeFiles/augustus.dir/src/scenario/allowed_building.c.o
[ 52%] Building C object CMakeFiles/augustus.dir/src/scenario/custom_media.c.o
[ 52%] Building C object CMakeFiles/augustus.dir/src/scenario/custom_messages_export_xml.c.o
[ 52%] Building C object CMakeFiles/augustus.dir/src/scenario/custom_messages_import_xml.c.o
[ 53%] Building C object CMakeFiles/augustus.dir/src/scenario/custom_messages.c.o
[ 53%] Building C object CMakeFiles/augustus.dir/src/scenario/demand_change.c.o
[ 53%] Building C object CMakeFiles/augustus.dir/src/scenario/custom_variable.c.o
[ 53%] Building C object CMakeFiles/augustus.dir/src/scenario/distant_battle.c.o
[ 54%] Building C object CMakeFiles/augustus.dir/src/scenario/earthquake.c.o
[ 54%] Building C object CMakeFiles/augustus.dir/src/scenario/editor.c.o
[ 54%] Building C object CMakeFiles/augustus.dir/src/scenario/editor_events.c.o
[ 54%] Building C object CMakeFiles/augustus.dir/src/scenario/editor_map.c.o
[ 54%] Building C object CMakeFiles/augustus.dir/src/scenario/emperor_change.c.o
[ 54%] Building C object CMakeFiles/augustus.dir/src/scenario/gladiator_revolt.c.o
[ 55%] Building C object CMakeFiles/augustus.dir/src/scenario/empire.c.o
[ 55%] Building C object CMakeFiles/augustus.dir/src/scenario/invasion.c.o
[ 55%] Building C object CMakeFiles/augustus.dir/src/scenario/message_media_text_blob.c.o
[ 55%] Building C object CMakeFiles/augustus.dir/src/scenario/map.c.o
[ 56%] Building C object CMakeFiles/augustus.dir/src/scenario/model_xml.c.o
[ 56%] Building C object CMakeFiles/augustus.dir/src/scenario/price_change.c.o
[ 56%] Building C object CMakeFiles/augustus.dir/src/scenario/property.c.o
[ 57%] Building C object CMakeFiles/augustus.dir/src/scenario/request.c.o
[ 57%] Building C object CMakeFiles/augustus.dir/src/scenario/random_event.c.o
[ 57%] Building C object CMakeFiles/augustus.dir/src/scenario/event/event.c.o
[ 57%] Building C object CMakeFiles/augustus.dir/src/scenario/scenario.c.o
[ 57%] Building C object CMakeFiles/augustus.dir/src/scenario/event/import_xml.c.o
[ 58%] Building C object CMakeFiles/augustus.dir/src/scenario/event/controller.c.o
[ 58%] Building C object CMakeFiles/augustus.dir/src/scenario/event/parameter_city.c.o
[ 59%] Building C object CMakeFiles/augustus.dir/src/scenario/event/action_handler.c.o
[ 59%] Building C object CMakeFiles/augustus.dir/src/scenario/event/export_xml.c.o
[ 59%] Building C object CMakeFiles/augustus.dir/src/scenario/event/parameter_data.c.o
[ 59%] Building C object CMakeFiles/augustus.dir/src/scenario/event/formula.c.o
[ 59%] Building C object CMakeFiles/augustus.dir/src/scenario/event/action_types.c.o
[ 59%] Building C object CMakeFiles/augustus.dir/src/scenario/event/condition_comparison_helper.c.o
[ 59%] Building C object CMakeFiles/augustus.dir/src/scenario/event/condition_handler.c.o
[ 59%] Building C object CMakeFiles/augustus.dir/src/scenario/event/condition_types.c.o
[ 60%] Building C object CMakeFiles/augustus.dir/src/graphics/arrow_button.c.o
[ 60%] Building C object CMakeFiles/augustus.dir/src/graphics/button.c.o
[ 60%] Building C object CMakeFiles/augustus.dir/src/graphics/clouds.c.o
[ 61%] Building C object CMakeFiles/augustus.dir/src/graphics/weather.c.o
[ 61%] Building C object CMakeFiles/augustus.dir/src/graphics/complex_button.c.o
[ 61%] Building C object CMakeFiles/augustus.dir/src/graphics/font.c.o
[ 61%] Building C object CMakeFiles/augustus.dir/src/graphics/graphics.c.o
[ 61%] Building C object CMakeFiles/augustus.dir/src/graphics/generic_button.c.o
[ 61%] Building C object CMakeFiles/augustus.dir/src/graphics/image_button.c.o
[ 61%] Building C object CMakeFiles/augustus.dir/src/graphics/lang_text.c.o
[ 61%] Building C object CMakeFiles/augustus.dir/src/graphics/grid_box.c.o
[ 62%] Building C object CMakeFiles/augustus.dir/src/graphics/image.c.o
[ 62%] Building C object CMakeFiles/augustus.dir/src/graphics/list_box.c.o
[ 62%] Building C object CMakeFiles/augustus.dir/src/graphics/menu.c.o
[ 63%] Building C object CMakeFiles/augustus.dir/src/graphics/panel.c.o
[ 63%] Building C object CMakeFiles/augustus.dir/src/graphics/rich_text.c.o
[ 63%] Building C object CMakeFiles/augustus.dir/src/graphics/screen.c.o
[ 63%] Building C object CMakeFiles/augustus.dir/src/graphics/renderer.c.o
[ 64%] Building C object CMakeFiles/augustus.dir/src/graphics/scrollbar.c.o
[ 64%] Building C object CMakeFiles/augustus.dir/src/graphics/screenshot.c.o
[ 64%] Building C object CMakeFiles/augustus.dir/src/graphics/text.c.o
[ 64%] Building C object CMakeFiles/augustus.dir/src/graphics/video.c.o
[ 64%] Building C object CMakeFiles/augustus.dir/src/graphics/tooltip.c.o
[ 64%] Building C object CMakeFiles/augustus.dir/src/sound/city.c.o
[ 64%] Building C object CMakeFiles/augustus.dir/src/graphics/window.c.o
[ 65%] Building C object CMakeFiles/augustus.dir/src/graphics/warning.c.o
[ 66%] Building C object CMakeFiles/augustus.dir/src/sound/music.c.o
[ 66%] Building C object CMakeFiles/augustus.dir/src/sound/effect.c.o
[ 66%] Building C object CMakeFiles/augustus.dir/src/sound/speech.c.o
[ 67%] Building C object CMakeFiles/augustus.dir/src/sound/system.c.o
[ 67%] Building C object CMakeFiles/augustus.dir/src/widget/city/building_ghost.c.o
[ 67%] Building C object CMakeFiles/augustus.dir/src/widget/city/city.c.o
[ 67%] Building C object CMakeFiles/augustus.dir/src/widget/city/bridge.c.o
[ 67%] Building C object CMakeFiles/augustus.dir/src/widget/city/draw.c.o
[ 67%] Building C object CMakeFiles/augustus.dir/src/widget/city/figure.c.o
[ 67%] Building C object CMakeFiles/augustus.dir/src/widget/city/highway.c.o
[ 67%] Building C object CMakeFiles/augustus.dir/src/widget/city/overlay/education.c.o
[ 68%] Building C object CMakeFiles/augustus.dir/src/widget/city/overlay/housing.c.o
[ 68%] Building C object CMakeFiles/augustus.dir/src/widget/city/overlay/health.c.o
[ 68%] Building C object CMakeFiles/augustus.dir/src/widget/city/overlay/entertainment.c.o
[ 68%] Building C object CMakeFiles/augustus.dir/src/widget/city/overlay/other.c.o
[ 68%] Building C object CMakeFiles/augustus.dir/src/widget/city/overlay/risks.c.o
[ 69%] Building C object CMakeFiles/augustus.dir/src/widget/city/overlay/overlay.c.o
[ 69%] Building C object CMakeFiles/augustus.dir/src/widget/dropdown_button.c.o
[ 69%] Building C object CMakeFiles/augustus.dir/src/widget/input_box.c.o
[ 69%] Building C object CMakeFiles/augustus.dir/src/widget/map_editor.c.o
[ 70%] Building C object CMakeFiles/augustus.dir/src/widget/minimap.c.o
[ 70%] Building C object CMakeFiles/augustus.dir/src/widget/map_editor_tool.c.o
[ 70%] Building C object CMakeFiles/augustus.dir/src/widget/sidebar/city.c.o
[ 70%] Building C object CMakeFiles/augustus.dir/src/widget/sidebar/common.c.o
[ 71%] Building C object CMakeFiles/augustus.dir/src/widget/sidebar/editor.c.o
[ 71%] Building C object CMakeFiles/augustus.dir/src/widget/sidebar/extra.c.o
[ 71%] Building C object CMakeFiles/augustus.dir/src/widget/sidebar/slide.c.o
[ 71%] Building C object CMakeFiles/augustus.dir/src/widget/sidebar/military.c.o
[ 71%] Building C object CMakeFiles/augustus.dir/src/widget/top_menu.c.o
[ 72%] Building C object CMakeFiles/augustus.dir/src/widget/top_menu_editor.c.o
[ 72%] Building C object CMakeFiles/augustus.dir/src/window/advisors.c.o
[ 72%] Building C object CMakeFiles/augustus.dir/src/window/advisor/chief.c.o
[ 72%] Building C object CMakeFiles/augustus.dir/src/window/advisor/education.c.o
[ 72%] Building C object CMakeFiles/augustus.dir/src/window/advisor/entertainment.c.o
[ 73%] Building C object CMakeFiles/augustus.dir/src/window/advisor/financial.c.o
[ 73%] Building C object CMakeFiles/augustus.dir/src/window/advisor/health.c.o
[ 73%] Building C object CMakeFiles/augustus.dir/src/window/advisor/housing.c.o
[ 74%] Building C object CMakeFiles/augustus.dir/src/window/advisor/imperial.c.o
[ 74%] Building C object CMakeFiles/augustus.dir/src/window/advisor/labor.c.o
[ 74%] Building C object CMakeFiles/augustus.dir/src/window/advisor/population.c.o
[ 74%] Building C object CMakeFiles/augustus.dir/src/window/advisor/military.c.o
[ 74%] Building C object CMakeFiles/augustus.dir/src/window/advisor/religion.c.o
[ 74%] Building C object CMakeFiles/augustus.dir/src/window/advisor/ratings.c.o
[ 74%] Building C object CMakeFiles/augustus.dir/src/window/asset_previewer.c.o
[ 75%] Building C object CMakeFiles/augustus.dir/src/window/advisor/trade.c.o
[ 75%] Building C object CMakeFiles/augustus.dir/src/window/build_menu.c.o
[ 75%] Building C object CMakeFiles/augustus.dir/src/window/building_info.c.o
[ 76%] Building C object CMakeFiles/augustus.dir/src/window/building/common.c.o
[ 76%] Building C object CMakeFiles/augustus.dir/src/window/building/culture.c.o
[ 76%] Building C object CMakeFiles/augustus.dir/src/window/building/distribution.c.o
[ 76%] Building C object CMakeFiles/augustus.dir/src/window/building/depot.c.o
[ 76%] Building C object CMakeFiles/augustus.dir/src/window/building/figures.c.o
[ 77%] Building C object CMakeFiles/augustus.dir/src/window/building/government.c.o
[ 77%] Building C object CMakeFiles/augustus.dir/src/window/building/house.c.o
[ 77%] Building C object CMakeFiles/augustus.dir/src/window/building/highway_station.c.o
[ 77%] Building C object CMakeFiles/augustus.dir/src/window/building/military.c.o
[ 77%] Building C object CMakeFiles/augustus.dir/src/window/building/industry.c.o
[ 78%] Building C object CMakeFiles/augustus.dir/src/window/building/terrain.c.o
[ 78%] Building C object CMakeFiles/augustus.dir/src/window/building/utility.c.o
/build/augustus-git/src/augustus/src/window/building/depot.c: In function ‘setup_buttons_for_selected_depot’:
/build/augustus-git/src/augustus/src/window/building/depot.c:164:9: warning: variable ‘button_index’ set but not used [-Wunused-but-set-variable=]
  164 |     int button_index = 0;
      |         ^~~~~~~~~~~~
[ 78%] Building C object CMakeFiles/augustus.dir/src/window/editor/allowed_buildings.c.o
[ 79%] Building C object CMakeFiles/augustus.dir/src/window/editor/build_menu.c.o
[ 79%] Building C object CMakeFiles/augustus.dir/src/window/editor/attributes.c.o
[ 79%] Building C object CMakeFiles/augustus.dir/src/window/editor/custom_messages.c.o
[ 79%] Building C object CMakeFiles/augustus.dir/src/window/editor/demand_changes.c.o
[ 79%] Building C object CMakeFiles/augustus.dir/src/window/editor/custom_variables.c.o
[ 79%] Building C object CMakeFiles/augustus.dir/src/window/editor/edit_demand_change.c.o
[ 80%] Building C object CMakeFiles/augustus.dir/src/window/editor/edit_invasion.c.o
[ 80%] Building C object CMakeFiles/augustus.dir/src/window/editor/edit_price_change.c.o
[ 80%] Building C object CMakeFiles/augustus.dir/src/window/editor/edit_request.c.o
[ 81%] Building C object CMakeFiles/augustus.dir/src/window/editor/empire_properties.c.o
[ 81%] Building C object CMakeFiles/augustus.dir/src/window/editor/empire.c.o
[ 81%] Building C object CMakeFiles/augustus.dir/src/window/editor/map.c.o
[ 81%] Building C object CMakeFiles/augustus.dir/src/window/editor/invasions.c.o
[ 81%] Building C object CMakeFiles/augustus.dir/src/window/editor/model_data.c.o
[ 81%] Building C object CMakeFiles/augustus.dir/src/window/editor/pause_menu.c.o
[ 82%] Building C object CMakeFiles/augustus.dir/src/window/editor/price_changes.c.o
[ 82%] Building C object CMakeFiles/augustus.dir/src/window/editor/requests.c.o
[ 82%] Building C object CMakeFiles/augustus.dir/src/window/editor/scenario_events.c.o
[ 82%] Building C object CMakeFiles/augustus.dir/src/window/editor/scenario_event_details.c.o
[ 83%] Building C object CMakeFiles/augustus.dir/src/window/editor/scenario_action_edit.c.o
[ 83%] Building C object CMakeFiles/augustus.dir/src/window/editor/select_city_trade_route.c.o
[ 83%] Building C object CMakeFiles/augustus.dir/src/window/editor/select_city_by_type.c.o
[ 83%] Building C object CMakeFiles/augustus.dir/src/window/editor/scenario_condition_edit.c.o
[ 84%] Building C object CMakeFiles/augustus.dir/src/window/editor/select_scenario_action_type.c.o
[ 84%] Building C object CMakeFiles/augustus.dir/src/window/editor/select_custom_message.c.o
[ 84%] Building C object CMakeFiles/augustus.dir/src/window/editor/select_scenario_condition_type.c.o
[ 84%] Building C object CMakeFiles/augustus.dir/src/window/editor/select_special_attribute_mapping.c.o
[ 84%] Building C object CMakeFiles/augustus.dir/src/window/editor/start_year.c.o
[ 84%] Building C object CMakeFiles/augustus.dir/src/window/editor/special_events.c.o
[ 85%] Building C object CMakeFiles/augustus.dir/src/window/editor/starting_conditions.c.o
[ 85%] Building C object CMakeFiles/augustus.dir/src/window/editor/win_criteria.c.o
[ 85%] Building C object CMakeFiles/augustus.dir/src/window/epithets.c.o
[ 86%] Building C object CMakeFiles/augustus.dir/src/window/city.c.o
[ 86%] Building C object CMakeFiles/augustus.dir/src/window/cck_selection.c.o
[ 86%] Building C object CMakeFiles/augustus.dir/src/window/config.c.o
[ 86%] Building C object CMakeFiles/augustus.dir/src/window/donate_to_city.c.o
[ 86%] Building C object CMakeFiles/augustus.dir/src/window/empire.c.o
[ 86%] Building C object CMakeFiles/augustus.dir/src/window/console.c.o
[ 87%] Building C object CMakeFiles/augustus.dir/src/window/empire_sidebar_sort.c.o
[ 87%] Building C object CMakeFiles/augustus.dir/src/window/file_dialog.c.o
[ 87%] Building C object CMakeFiles/augustus.dir/src/window/gift_to_emperor.c.o
[ 87%] Building C object CMakeFiles/augustus.dir/src/window/hold_games.c.o
[ 88%] Building C object CMakeFiles/augustus.dir/src/window/hold_festival.c.o
[ 88%] Building C object CMakeFiles/augustus.dir/src/window/hotkey_config.c.o
[ 88%] Building C object CMakeFiles/augustus.dir/src/window/hotkey_editor.c.o
[ 88%] Building C object CMakeFiles/augustus.dir/src/window/intermezzo.c.o
[ 88%] Building C object CMakeFiles/augustus.dir/src/window/intro_video.c.o
[ 88%] Building C object CMakeFiles/augustus.dir/src/window/main_menu.c.o
[ 88%] Building C object CMakeFiles/augustus.dir/src/window/message_dialog.c.o
[ 89%] Building C object CMakeFiles/augustus.dir/src/window/labor_priority.c.o
[ 89%] Building C object CMakeFiles/augustus.dir/src/window/logo.c.o
[ 89%] Building C object CMakeFiles/augustus.dir/src/window/message_list.c.o
[ 90%] Building C object CMakeFiles/augustus.dir/src/window/military_menu.c.o
[ 90%] Building C object CMakeFiles/augustus.dir/src/window/mission_briefing.c.o
[ 90%] Building C object CMakeFiles/augustus.dir/src/window/mission_end.c.o
[ 90%] Building C object CMakeFiles/augustus.dir/src/window/mission_list.c.o
[ 90%] Building C object CMakeFiles/augustus.dir/src/window/numeric_input.c.o
[ 91%] Building C object CMakeFiles/augustus.dir/src/window/mission_selection.c.o
[ 91%] Building C object CMakeFiles/augustus.dir/src/window/option_popup.c.o
[ 91%] Building C object CMakeFiles/augustus.dir/src/window/pause_menu.c.o
[ 91%] Building C object CMakeFiles/augustus.dir/src/window/overlay_menu.c.o
[ 92%] Building C object CMakeFiles/augustus.dir/src/window/race_bet.c.o
[ 92%] Building C object CMakeFiles/augustus.dir/src/window/popup_dialog.c.o
[ 92%] Building C object CMakeFiles/augustus.dir/src/window/plain_message_dialog.c.o
[ 93%] Building C object CMakeFiles/augustus.dir/src/window/resource_settings.c.o
[ 93%] Building C object CMakeFiles/augustus.dir/src/window/select_campaign.c.o
[ 93%] Building C object CMakeFiles/augustus.dir/src/window/select_list.c.o
[ 93%] Building C object CMakeFiles/augustus.dir/src/window/set_salary.c.o
[ 93%] Building C object CMakeFiles/augustus.dir/src/window/text_input.c.o
[ 93%] Building C object CMakeFiles/augustus.dir/src/window/trade_opened.c.o
[ 93%] Building C object CMakeFiles/augustus.dir/src/window/video.c.o
[ 94%] Building C object CMakeFiles/augustus.dir/src/window/trade_prices.c.o
[ 94%] Building C object CMakeFiles/augustus.dir/src/window/user_path_setup.c.o
[ 94%] Building C object CMakeFiles/augustus.dir/src/window/victory_dialog.c.o
[ 94%] Building C object CMakeFiles/augustus.dir/src/editor/editor.c.o
[ 94%] Building C object CMakeFiles/augustus.dir/src/editor/tool_restriction.c.o
[ 95%] Building C object CMakeFiles/augustus.dir/src/editor/tool.c.o
[ 95%] Building C object CMakeFiles/augustus.dir/src/translation/czech.c.o
[ 95%] Building C object CMakeFiles/augustus.dir/src/translation/english.c.o
[ 96%] Building C object CMakeFiles/augustus.dir/src/translation/french.c.o
[ 96%] Building C object CMakeFiles/augustus.dir/src/translation/german.c.o
[ 96%] Building C object CMakeFiles/augustus.dir/src/translation/japanese.c.o
[ 97%] Building C object CMakeFiles/augustus.dir/src/translation/greek.c.o
[ 97%] Building C object CMakeFiles/augustus.dir/src/translation/korean.c.o
[ 97%] Building C object CMakeFiles/augustus.dir/src/translation/italian.c.o
/build/augustus-git/src/augustus/src/editor/tool_restriction.c: In function ‘editor_tool_can_place_access_ramp’:
/build/augustus-git/src/augustus/src/editor/tool_restriction.c:93:13: warning: variable ‘wrong_tiles’ set but not used [-Wunused-but-set-variable=]
   93 |         int wrong_tiles = 0;
      |             ^~~~~~~~~~~
[ 97%] Building C object CMakeFiles/augustus.dir/src/translation/portuguese.c.o
[ 97%] Building C object CMakeFiles/augustus.dir/src/translation/polish.c.o
[ 97%] Building C object CMakeFiles/augustus.dir/src/translation/russian.c.o
[ 97%] Building C object CMakeFiles/augustus.dir/src/translation/spanish.c.o
[ 97%] Building C object CMakeFiles/augustus.dir/src/translation/swedish.c.o
[ 98%] Building C object CMakeFiles/augustus.dir/src/translation/simplified_chinese.c.o
[ 98%] Building C object CMakeFiles/augustus.dir/src/translation/traditional_chinese.c.o
[ 98%] Building C object CMakeFiles/augustus.dir/src/translation/translation.c.o
[ 99%] Building C object CMakeFiles/augustus.dir/src/translation/ukrainian.c.o
[ 99%] Building C object CMakeFiles/augustus.dir/ext/spng/spng.c.o
[ 99%] Building C object CMakeFiles/augustus.dir/ext/sxml/sxml.c.o
[ 99%] Building C object CMakeFiles/augustus.dir/ext/zip/zip.c.o
[100%] Linking C executable augustus
/usr/src/debug/augustus-git/augustus/src/assets/layer.c: In function ‘load_layer_from_another_image’:
/usr/src/debug/augustus-git/augustus/src/assets/layer.c:96:43: warning: ‘height’ may be used uninitialized [-Wmaybe-uninitialized]
/usr/src/debug/augustus-git/augustus/src/assets/layer.c:88:9: note: ‘height’ was declared here
/usr/src/debug/augustus-git/augustus/src/assets/layer.c:96:43: warning: ‘width’ may be used uninitialized [-Wmaybe-uninitialized]
/usr/src/debug/augustus-git/augustus/src/assets/layer.c:87:9: note: ‘width’ was declared here
[100%] Built target augustus
