-- The C compiler identification is GNU 15.1.1
-- Detecting C compiler ABI info
-- Detecting C compiler ABI info - done
-- Check for working C compiler: /usr/bin/cc - skipped
-- Detecting C compile features
-- Detecting C compile features - done
-- dav1d sources found at /build/augustus-git/src/augustus/ext/easyav1/ext/dav1d
-- Detected processor: x86_64
-- Looking for __ILP32__
-- Looking for __ILP32__ - not found
-- Performing Test CMAKE_HAVE_LIBC_PTHREAD
-- Performing Test CMAKE_HAVE_LIBC_PTHREAD - Success
-- Found Threads: TRUE
-- Looking for clock_gettime
-- Looking for clock_gettime - found
-- Looking for posix_memalign
-- Looking for posix_memalign - found
-- Looking for memalign
-- Looking for memalign - found
-- Looking for aligned_alloc
-- Looking for aligned_alloc - found
-- Looking for dlsym
-- Looking for dlsym - found
-- Looking for stdatomic.h
-- Looking for stdatomic.h - found
-- Looking for sys/types.h
-- Looking for sys/types.h - found
-- Looking for unistd.h
-- Looking for unistd.h - found
-- Looking for io.h
-- Looking for io.h - not found
-- Looking for pthread_np.h
-- Looking for pthread_np.h - not found
-- Looking for getopt_long
-- Looking for getopt_long - found
-- Looking for pthread_getaffinity_np
-- Looking for pthread_getaffinity_np - found
-- Looking for pthread_setaffinity_np
-- Looking for pthread_setaffinity_np - found
-- Looking for pthread_setname_np
-- Looking for pthread_setname_np - found
-- Looking for pthread_set_name_np
-- Looking for pthread_set_name_np - not found
-- Performing Test HAS_VISIBILITY_HIDDEN
-- Performing Test HAS_VISIBILITY_HIDDEN - Success
-- Performing Test HAS_MEMORY_SANITIZER
-- Performing Test HAS_MEMORY_SANITIZER - Failed
-- Performing Test _COMPILE_FLAG_-Wundef
-- Performing Test _COMPILE_FLAG_-Wundef - Success
-- Performing Test _COMPILE_FLAG_-Werror=vla
-- Performing Test _COMPILE_FLAG_-Werror=vla - Success
-- Performing Test _COMPILE_FLAG_-Wno-maybe-uninitialized
-- Performing Test _COMPILE_FLAG_-Wno-maybe-uninitialized - Success
-- Performing Test _COMPILE_FLAG_-Wno-missing-field-initializers
-- Performing Test _COMPILE_FLAG_-Wno-missing-field-initializers - Success
-- Performing Test _COMPILE_FLAG_-Wno-unused-parameter
-- Performing Test _COMPILE_FLAG_-Wno-unused-parameter - Success
-- Performing Test _COMPILE_FLAG_-Wstrict-prototypes
-- Performing Test _COMPILE_FLAG_-Wstrict-prototypes - Success
-- Performing Test _COMPILE_FLAG_-Werror=missing-prototypes
-- Performing Test _COMPILE_FLAG_-Werror=missing-prototypes - Success
-- Performing Test _COMPILE_FLAG_-Wshorten-64-to-32
-- Performing Test _COMPILE_FLAG_-Wshorten-64-to-32 - Failed
-- Performing Test _COMPILE_FLAG_-fomit-frame-pointer
-- Performing Test _COMPILE_FLAG_-fomit-frame-pointer - Success
-- Performing Test _COMPILE_FLAG_-ffast-math
-- Performing Test _COMPILE_FLAG_-ffast-math - Success
-- Looking for __AVX__
-- Looking for __AVX__ - not found
-- The ASM_NASM compiler identification is NASM
-- Found assembler: /usr/bin/nasm
-- Writing configuration file config.asm
-- Writing configuration file config.h
-- Found Git: /usr/bin/git (found version "2.50.0")
-- Git revision: 1.5.1-11-gb3c5848f
-- Found SDL2: /usr/lib/libSDL2main.a;/usr/lib/libSDL2.so (found version "2.32.56")
-- Found SDL2_mixer: /usr/lib/libSDL2_mixer.so (found version "2.8.1")
-- Configuring done (3.9s)
-- Generating done (0.0s)
-- Build files have been written to: /build/augustus-git/src/build
[  1%] Building ASM_NASM object ext/easyav1/CMakeFiles/dav1d_x86_asm.dir/ext/dav1d/src/x86/refmvs.asm.o
[  1%] Building ASM_NASM object ext/easyav1/CMakeFiles/dav1d_x86_asm.dir/ext/dav1d/src/x86/msac.asm.o
[  1%] Building ASM_NASM object ext/easyav1/CMakeFiles/dav1d_x86_asm.dir/ext/dav1d/src/x86/itx_avx2.asm.o
[  1%] Building ASM_NASM object ext/easyav1/CMakeFiles/dav1d_x86_asm.dir/ext/dav1d/src/x86/cdef_sse.asm.o
[  1%] Building ASM_NASM object ext/easyav1/CMakeFiles/dav1d_x86_asm.dir/ext/dav1d/src/x86/cpuid.asm.o
[  2%] Building ASM_NASM object ext/easyav1/CMakeFiles/dav1d_x86_asm.dir/ext/dav1d/src/x86/pal.asm.o
[  2%] Building C object ext/easyav1/CMakeFiles/dav1d_x86.dir/ext/dav1d/src/x86/cpu.c.o
[  2%] Building ASM_NASM object ext/easyav1/CMakeFiles/dav1d_x86_asm.dir/ext/dav1d/src/x86/itx_avx512.asm.o
[  2%] Building ASM_NASM object ext/easyav1/CMakeFiles/dav1d_x86_asm.dir/ext/dav1d/src/x86/cdef_avx2.asm.o
[  3%] Building ASM_NASM object ext/easyav1/CMakeFiles/dav1d_x86_asm.dir/ext/dav1d/src/x86/itx_sse.asm.o
[  3%] Building ASM_NASM object ext/easyav1/CMakeFiles/dav1d_x86_asm.dir/ext/dav1d/src/x86/filmgrain_avx512.asm.o
[  4%] Building ASM_NASM object ext/easyav1/CMakeFiles/dav1d_x86_asm.dir/ext/dav1d/src/x86/looprestoration_avx512.asm.o
[  4%] Building ASM_NASM object ext/easyav1/CMakeFiles/dav1d_x86_asm.dir/ext/dav1d/src/x86/ipred_avx512.asm.o
[  4%] Building ASM_NASM object ext/easyav1/CMakeFiles/dav1d_x86_asm.dir/ext/dav1d/src/x86/cdef_avx512.asm.o
[  4%] Building ASM_NASM object ext/easyav1/CMakeFiles/dav1d_x86_asm.dir/ext/dav1d/src/x86/loopfilter_avx512.asm.o
[  4%] Building ASM_NASM object ext/easyav1/CMakeFiles/dav1d_x86_asm.dir/ext/dav1d/src/x86/mc_avx512.asm.o
[  4%] Building ASM_NASM object ext/easyav1/CMakeFiles/dav1d_x86_asm.dir/ext/dav1d/src/x86/filmgrain_avx2.asm.o
[  4%] Building ASM_NASM object ext/easyav1/CMakeFiles/dav1d_x86_asm.dir/ext/dav1d/src/x86/ipred_avx2.asm.o
[  4%] Building ASM_NASM object ext/easyav1/CMakeFiles/dav1d_x86_asm.dir/ext/dav1d/src/x86/loopfilter_avx2.asm.o
[  5%] Building ASM_NASM object ext/easyav1/CMakeFiles/dav1d_x86_asm.dir/ext/dav1d/src/x86/looprestoration_avx2.asm.o
[  5%] Building ASM_NASM object ext/easyav1/CMakeFiles/dav1d_x86_asm.dir/ext/dav1d/src/x86/mc_avx2.asm.o
[  5%] Linking C static library libdav1d_x86.a
[  5%] Built target dav1d_x86
[  5%] Building ASM_NASM object ext/easyav1/CMakeFiles/dav1d_x86_asm.dir/ext/dav1d/src/x86/filmgrain_sse.asm.o
[  5%] Building ASM_NASM object ext/easyav1/CMakeFiles/dav1d_x86_asm.dir/ext/dav1d/src/x86/ipred_sse.asm.o
[  5%] Building ASM_NASM object ext/easyav1/CMakeFiles/dav1d_x86_asm.dir/ext/dav1d/src/x86/loopfilter_sse.asm.o
[  6%] Building ASM_NASM object ext/easyav1/CMakeFiles/dav1d_x86_asm.dir/ext/dav1d/src/x86/looprestoration_sse.asm.o
[  6%] Building ASM_NASM object ext/easyav1/CMakeFiles/dav1d_x86_asm.dir/ext/dav1d/src/x86/mc_sse.asm.o
[  6%] Linking C static library libdav1d_x86_asm.a
[  6%] Built target dav1d_x86_asm
[  6%] Building C object ext/easyav1/CMakeFiles/dav1d_bitdepth_8.dir/ext/dav1d/src/cdef_apply_tmpl.c.o
[  6%] Building C object ext/easyav1/CMakeFiles/dav1d_bitdepth_8.dir/ext/dav1d/src/ipred_prepare_tmpl.c.o
[  6%] Building C object ext/easyav1/CMakeFiles/dav1d_bitdepth_8.dir/ext/dav1d/src/ipred_tmpl.c.o
[  7%] Building C object ext/easyav1/CMakeFiles/dav1d_bitdepth_8.dir/ext/dav1d/src/looprestoration_tmpl.c.o
[  7%] Building C object ext/easyav1/CMakeFiles/dav1d_bitdepth_8.dir/ext/dav1d/src/itx_tmpl.c.o
[  7%] Building C object ext/easyav1/CMakeFiles/dav1d_bitdepth_8.dir/ext/dav1d/src/filmgrain_tmpl.c.o
[  7%] Building C object ext/easyav1/CMakeFiles/dav1d_bitdepth_8.dir/ext/dav1d/src/fg_apply_tmpl.c.o
[  7%] Building C object ext/easyav1/CMakeFiles/dav1d_bitdepth_8.dir/ext/dav1d/src/lr_apply_tmpl.c.o
[  7%] Building C object ext/easyav1/CMakeFiles/dav1d_bitdepth_8.dir/ext/dav1d/src/cdef_tmpl.c.o
[  7%] Building C object ext/easyav1/CMakeFiles/dav1d_bitdepth_8.dir/ext/dav1d/src/lf_apply_tmpl.c.o
[  8%] Building C object ext/easyav1/CMakeFiles/dav1d_bitdepth_8.dir/ext/dav1d/src/loopfilter_tmpl.c.o
[  8%] Building C object ext/easyav1/CMakeFiles/dav1d_bitdepth_8.dir/ext/dav1d/src/mc_tmpl.c.o
[  8%] Building C object ext/easyav1/CMakeFiles/dav1d_bitdepth_8.dir/ext/dav1d/src/recon_tmpl.c.o
[  8%] Linking C static library libdav1d_bitdepth_8.a
[  8%] Built target dav1d_bitdepth_8
[  8%] Building C object ext/easyav1/CMakeFiles/dav1d.dir/ext/dav1d/src/cdf.c.o
[  9%] Building C object ext/easyav1/CMakeFiles/dav1d.dir/ext/dav1d/src/data.c.o
[ 10%] Building C object ext/easyav1/CMakeFiles/dav1d.dir/ext/dav1d/src/lf_mask.c.o
[ 10%] Building C object ext/easyav1/CMakeFiles/dav1d.dir/ext/dav1d/src/cpu.c.o
[ 10%] Building C object ext/easyav1/CMakeFiles/dav1d.dir/ext/dav1d/src/decode.c.o
[ 10%] Building C object ext/easyav1/CMakeFiles/dav1d.dir/ext/dav1d/src/ctx.c.o
[ 10%] Building C object ext/easyav1/CMakeFiles/dav1d.dir/ext/dav1d/src/dequant_tables.c.o
[ 10%] Building C object ext/easyav1/CMakeFiles/dav1d.dir/ext/dav1d/src/intra_edge.c.o
[ 10%] Building C object ext/easyav1/CMakeFiles/dav1d.dir/ext/dav1d/src/itx_1d.c.o
[ 10%] Building C object ext/easyav1/CMakeFiles/dav1d.dir/ext/dav1d/src/getbits.c.o
[ 10%] Building C object ext/easyav1/CMakeFiles/dav1d.dir/ext/dav1d/src/lib.c.o
[ 10%] Building C object ext/easyav1/CMakeFiles/dav1d.dir/ext/dav1d/src/mem.c.o
[ 10%] Building C object ext/easyav1/CMakeFiles/dav1d.dir/ext/dav1d/src/log.c.o
[ 11%] Building C object ext/easyav1/CMakeFiles/dav1d.dir/ext/dav1d/src/obu.c.o
[ 11%] Building C object ext/easyav1/CMakeFiles/dav1d.dir/ext/dav1d/src/msac.c.o
[ 11%] Building C object ext/easyav1/CMakeFiles/dav1d.dir/ext/dav1d/src/pal.c.o
[ 11%] Building C object ext/easyav1/CMakeFiles/dav1d.dir/ext/dav1d/src/picture.c.o
[ 11%] Building C object ext/easyav1/CMakeFiles/dav1d.dir/ext/dav1d/src/qm.c.o
[ 12%] Building C object ext/easyav1/CMakeFiles/dav1d.dir/ext/dav1d/src/refmvs.c.o
[ 12%] Building C object ext/easyav1/CMakeFiles/dav1d.dir/ext/dav1d/src/ref.c.o
[ 12%] Building C object ext/easyav1/CMakeFiles/dav1d.dir/ext/dav1d/src/scan.c.o
[ 12%] Building C object ext/easyav1/CMakeFiles/dav1d.dir/ext/dav1d/src/tables.c.o
[ 12%] Building C object ext/easyav1/CMakeFiles/dav1d.dir/ext/dav1d/src/thread_task.c.o
[ 12%] Building C object ext/easyav1/CMakeFiles/dav1d.dir/ext/dav1d/src/warpmv.c.o
[ 13%] Building C object ext/easyav1/CMakeFiles/dav1d.dir/ext/dav1d/src/wedge.c.o
[ 13%] Linking C static library libdav1d.a
[ 13%] Built target dav1d
[ 13%] Building C object ext/easyav1/CMakeFiles/easyav1.dir/src/easyav1.c.o
[ 13%] Building C object ext/easyav1/CMakeFiles/easyav1.dir/ext/nestegg/nestegg.c.o
[ 14%] Linking C static library libeasyav1.a
[ 14%] Built target easyav1
[ 14%] Building C object CMakeFiles/augustus.dir/src/platform/keyboard_input.c.o
[ 14%] Building C object CMakeFiles/augustus.dir/src/platform/arguments.c.o
[ 14%] Building C object CMakeFiles/augustus.dir/src/platform/log.c.o
[ 14%] Building C object CMakeFiles/augustus.dir/src/platform/cursor.c.o
[ 14%] Building C object CMakeFiles/augustus.dir/src/platform/crash_handler.c.o
[ 14%] Building C object CMakeFiles/augustus.dir/src/platform/renderer.c.o
[ 14%] Building C object CMakeFiles/augustus.dir/src/platform/augustus.c.o
[ 14%] Building C object CMakeFiles/augustus.dir/src/platform/file_manager.c.o
[ 15%] Building C object CMakeFiles/augustus.dir/src/platform/icon.c.o
[ 15%] Building C object CMakeFiles/augustus.dir/src/platform/joystick.c.o
[ 16%] Building C object CMakeFiles/augustus.dir/src/platform/platform.c.o
[ 16%] Building C object CMakeFiles/augustus.dir/src/platform/mouse.c.o
[ 16%] Building C object CMakeFiles/augustus.dir/src/platform/prefs.c.o
[ 16%] Building C object CMakeFiles/augustus.dir/src/platform/screen.c.o
[ 16%] Building C object CMakeFiles/augustus.dir/src/platform/user_path.c.o
[ 16%] Building C object CMakeFiles/augustus.dir/src/platform/sound_device.c.o
[ 16%] Building C object CMakeFiles/augustus.dir/src/platform/virtual_keyboard.c.o
[ 16%] Building C object CMakeFiles/augustus.dir/src/platform/version.c.o
[ 16%] Building C object CMakeFiles/augustus.dir/src/core/array.c.o
[ 17%] Building C object CMakeFiles/augustus.dir/src/platform/touch.c.o
[ 18%] Building C object CMakeFiles/augustus.dir/src/core/buffer.c.o
[ 18%] Building C object CMakeFiles/augustus.dir/src/core/calc.c.o
[ 18%] Building C object CMakeFiles/augustus.dir/src/core/config.c.o
[ 18%] Building C object CMakeFiles/augustus.dir/src/core/dir.c.o
[ 18%] Building C object CMakeFiles/augustus.dir/src/core/encoding.c.o
[ 19%] Building C object CMakeFiles/augustus.dir/src/core/encoding_japanese.c.o
[ 19%] Building C object CMakeFiles/augustus.dir/src/core/encoding_korean.c.o
[ 19%] Building C object CMakeFiles/augustus.dir/src/core/encoding_simp_chinese.c.o
[ 19%] Building C object CMakeFiles/augustus.dir/src/core/encoding_trad_chinese.c.o
[ 19%] Building C object CMakeFiles/augustus.dir/src/core/file.c.o
[ 20%] Building C object CMakeFiles/augustus.dir/src/core/hotkey_config.c.o
[ 20%] Building C object CMakeFiles/augustus.dir/src/core/image.c.o
[ 20%] Building C object CMakeFiles/augustus.dir/src/core/image_packer.c.o
[ 20%] Building C object CMakeFiles/augustus.dir/src/core/io.c.o
[ 20%] Building C object CMakeFiles/augustus.dir/src/core/lang.c.o
[ 20%] Building C object CMakeFiles/augustus.dir/src/core/locale.c.o
[ 21%] Building C object CMakeFiles/augustus.dir/src/core/memory_block.c.o
[ 21%] Building C object CMakeFiles/augustus.dir/src/core/png_read.c.o
[ 21%] Building C object CMakeFiles/augustus.dir/src/core/random.c.o
[ 21%] Building C object CMakeFiles/augustus.dir/src/core/smacker.c.o
[ 21%] Building C object CMakeFiles/augustus.dir/src/core/speed.c.o
[ 22%] Building C object CMakeFiles/augustus.dir/src/core/string.c.o
[ 22%] Building C object CMakeFiles/augustus.dir/src/core/time.c.o
[ 22%] Building C object CMakeFiles/augustus.dir/src/core/xml_parser.c.o
[ 22%] Building C object CMakeFiles/augustus.dir/src/core/xml_exporter.c.o
[ 22%] Building C object CMakeFiles/augustus.dir/src/core/zip.c.o
[ 23%] Building C object CMakeFiles/augustus.dir/src/core/zlib_helper.c.o
[ 23%] Building C object CMakeFiles/augustus.dir/src/building/animation.c.o
[ 23%] Building C object CMakeFiles/augustus.dir/src/building/barracks.c.o
[ 23%] Building C object CMakeFiles/augustus.dir/src/building/armoury.c.o
[ 24%] Building C object CMakeFiles/augustus.dir/src/building/caravanserai.c.o
[ 24%] Building C object CMakeFiles/augustus.dir/src/building/building.c.o
[ 24%] Building C object CMakeFiles/augustus.dir/src/building/clone.c.o
[ 24%] Building C object CMakeFiles/augustus.dir/src/building/connectable.c.o
[ 24%] Building C object CMakeFiles/augustus.dir/src/building/construction.c.o
[ 25%] Building C object CMakeFiles/augustus.dir/src/building/construction_routed.c.o
[ 25%] Building C object CMakeFiles/augustus.dir/src/building/construction_building.c.o
[ 25%] Building C object CMakeFiles/augustus.dir/src/building/construction_clear.c.o
[ 25%] Building C object CMakeFiles/augustus.dir/src/building/data_transfer.c.o
[ 26%] Building C object CMakeFiles/augustus.dir/src/building/destruction.c.o
[ 26%] Building C object CMakeFiles/augustus.dir/src/building/count.c.o
[ 26%] Building C object CMakeFiles/augustus.dir/src/building/construction_warning.c.o
[ 26%] Building C object CMakeFiles/augustus.dir/src/building/distribution.c.o
[ 26%] Building C object CMakeFiles/augustus.dir/src/building/dock.c.o
[ 26%] Building C object CMakeFiles/augustus.dir/src/building/entertainment.c.o
[ 26%] Building C object CMakeFiles/augustus.dir/src/building/figure.c.o
[ 27%] Building C object CMakeFiles/augustus.dir/src/building/granary.c.o
[ 27%] Building C object CMakeFiles/augustus.dir/src/building/government.c.o
[ 27%] Building C object CMakeFiles/augustus.dir/src/building/house.c.o
[ 27%] Building C object CMakeFiles/augustus.dir/src/building/house_population.c.o
[ 27%] Building C object CMakeFiles/augustus.dir/src/building/house_evolution.c.o
[ 27%] Building C object CMakeFiles/augustus.dir/src/building/house_service.c.o
[ 27%] Building C object CMakeFiles/augustus.dir/src/building/lighthouse.c.o
[ 27%] Building C object CMakeFiles/augustus.dir/src/building/industry.c.o
[ 28%] Building C object CMakeFiles/augustus.dir/src/building/image.c.o
[ 28%] Building C object CMakeFiles/augustus.dir/src/building/list.c.o
[ 28%] Building C object CMakeFiles/augustus.dir/src/building/maintenance.c.o
[ 29%] Building C object CMakeFiles/augustus.dir/src/building/market.c.o
[ 29%] Building C object CMakeFiles/augustus.dir/src/building/menu.c.o
[ 29%] Building C object CMakeFiles/augustus.dir/src/building/model.c.o
[ 29%] Building C object CMakeFiles/augustus.dir/src/building/mess_hall.c.o
[ 29%] Building C object CMakeFiles/augustus.dir/src/building/monument.c.o
[ 30%] Building C object CMakeFiles/augustus.dir/src/building/properties.c.o
[ 31%] Building C object CMakeFiles/augustus.dir/src/building/tavern.c.o
[ 31%] Building C object CMakeFiles/augustus.dir/src/building/roadblock.c.o
[ 31%] Building C object CMakeFiles/augustus.dir/src/building/rotation.c.o
[ 31%] Building C object CMakeFiles/augustus.dir/src/building/storage.c.o
[ 31%] Building C object CMakeFiles/augustus.dir/src/building/state.c.o
[ 31%] Building C object CMakeFiles/augustus.dir/src/building/temple.c.o
[ 31%] Building C object CMakeFiles/augustus.dir/src/building/warehouse.c.o
[ 31%] Building C object CMakeFiles/augustus.dir/src/building/variant.c.o
[ 31%] Building C object CMakeFiles/augustus.dir/src/city/buildings.c.o
[ 31%] Building C object CMakeFiles/augustus.dir/src/city/data.c.o
[ 31%] Building C object CMakeFiles/augustus.dir/src/city/data_private.c.o
[ 32%] Building C object CMakeFiles/augustus.dir/src/city/culture.c.o
[ 32%] Building C object CMakeFiles/augustus.dir/src/city/emperor.c.o
[ 32%] Building C object CMakeFiles/augustus.dir/src/city/entertainment.c.o
[ 33%] Building C object CMakeFiles/augustus.dir/src/city/figures.c.o
[ 33%] Building C object CMakeFiles/augustus.dir/src/city/festival.c.o
[ 33%] Building C object CMakeFiles/augustus.dir/src/city/finance.c.o
[ 33%] Building C object CMakeFiles/augustus.dir/src/city/gods.c.o
[ 33%] Building C object CMakeFiles/augustus.dir/src/city/health.c.o
[ 33%] Building C object CMakeFiles/augustus.dir/src/city/games.c.o
[ 33%] Building C object CMakeFiles/augustus.dir/src/city/labor.c.o
[ 34%] Building C object CMakeFiles/augustus.dir/src/city/houses.c.o
[ 34%] Building C object CMakeFiles/augustus.dir/src/city/map.c.o
[ 34%] Building C object CMakeFiles/augustus.dir/src/city/message.c.o
[ 34%] Building C object CMakeFiles/augustus.dir/src/city/migration.c.o
[ 35%] Building C object CMakeFiles/augustus.dir/src/city/military.c.o
[ 35%] Building C object CMakeFiles/augustus.dir/src/city/mission.c.o
[ 35%] Building C object CMakeFiles/augustus.dir/src/city/population.c.o
[ 35%] Building C object CMakeFiles/augustus.dir/src/city/ratings.c.o
[ 35%] Building C object CMakeFiles/augustus.dir/src/city/race_bet.c.o
[ 36%] Building C object CMakeFiles/augustus.dir/src/city/request.c.o
[ 36%] Building C object CMakeFiles/augustus.dir/src/city/resource.c.o
[ 36%] Building C object CMakeFiles/augustus.dir/src/city/sentiment.c.o
[ 36%] Building C object CMakeFiles/augustus.dir/src/city/trade.c.o
[ 36%] Building C object CMakeFiles/augustus.dir/src/city/sound.c.o
[ 37%] Building C object CMakeFiles/augustus.dir/src/city/trade_policy.c.o
[ 37%] Building C object CMakeFiles/augustus.dir/src/city/view.c.o
[ 37%] Building C object CMakeFiles/augustus.dir/src/city/victory.c.o
[ 38%] Building C object CMakeFiles/augustus.dir/src/city/warning.c.o
[ 38%] Building C object CMakeFiles/augustus.dir/src/empire/empire.c.o
[ 38%] Building C object CMakeFiles/augustus.dir/src/empire/city.c.o
[ 38%] Building C object CMakeFiles/augustus.dir/src/empire/xml.c.o
[ 38%] Building C object CMakeFiles/augustus.dir/src/empire/object.c.o
[ 38%] Building C object CMakeFiles/augustus.dir/src/empire/trade_prices.c.o
[ 38%] Building C object CMakeFiles/augustus.dir/src/empire/trade_route.c.o
[ 39%] Building C object CMakeFiles/augustus.dir/src/figure/action.c.o
[ 39%] Building C object CMakeFiles/augustus.dir/src/figure/enemy_army.c.o
[ 39%] Building C object CMakeFiles/augustus.dir/src/figure/combat.c.o
[ 39%] Building C object CMakeFiles/augustus.dir/src/figure/figure.c.o
[ 39%] Building C object CMakeFiles/augustus.dir/src/figure/formation.c.o
[ 39%] Building C object CMakeFiles/augustus.dir/src/figure/formation_enemy.c.o
[ 39%] Building C object CMakeFiles/augustus.dir/src/figure/formation_layout.c.o
[ 40%] Building C object CMakeFiles/augustus.dir/src/figure/formation_herd.c.o
[ 40%] Building C object CMakeFiles/augustus.dir/src/figure/formation_legion.c.o
[ 40%] Building C object CMakeFiles/augustus.dir/src/figure/image.c.o
[ 40%] Building C object CMakeFiles/augustus.dir/src/figure/movement.c.o
[ 41%] Building C object CMakeFiles/augustus.dir/src/figure/name.c.o
[ 41%] Building C object CMakeFiles/augustus.dir/src/figure/properties.c.o
[ 41%] Building C object CMakeFiles/augustus.dir/src/figure/phrase.c.o
[ 41%] Building C object CMakeFiles/augustus.dir/src/figure/route.c.o
[ 41%] Building C object CMakeFiles/augustus.dir/src/figure/roamer_preview.c.o
[ 42%] Building C object CMakeFiles/augustus.dir/src/figure/service.c.o
[ 42%] Building C object CMakeFiles/augustus.dir/src/figure/sound.c.o
[ 42%] Building C object CMakeFiles/augustus.dir/src/figure/trader.c.o
[ 42%] Building C object CMakeFiles/augustus.dir/src/figure/visited_buildings.c.o
[ 42%] Building C object CMakeFiles/augustus.dir/src/figuretype/animal.c.o
[ 42%] Building C object CMakeFiles/augustus.dir/src/figuretype/crime.c.o
[ 43%] Building C object CMakeFiles/augustus.dir/src/figuretype/cartpusher.c.o
[ 43%] Building C object CMakeFiles/augustus.dir/src/figuretype/docker.c.o
[ 43%] Building C object CMakeFiles/augustus.dir/src/figuretype/editor.c.o
[ 44%] Building C object CMakeFiles/augustus.dir/src/figuretype/depot.c.o
[ 44%] Building C object CMakeFiles/augustus.dir/src/figuretype/entertainer.c.o
[ 44%] Building C object CMakeFiles/augustus.dir/src/figuretype/enemy.c.o
[ 44%] Building C object CMakeFiles/augustus.dir/src/figuretype/maintenance.c.o
[ 44%] Building C object CMakeFiles/augustus.dir/src/figuretype/migrant.c.o
[ 44%] Building C object CMakeFiles/augustus.dir/src/figuretype/missile.c.o
[ 45%] Building C object CMakeFiles/augustus.dir/src/figuretype/native.c.o
[ 45%] Building C object CMakeFiles/augustus.dir/src/figuretype/soldier.c.o
[ 45%] Building C object CMakeFiles/augustus.dir/src/figuretype/service.c.o
[ 45%] Building C object CMakeFiles/augustus.dir/src/figuretype/supplier.c.o
[ 45%] Building C object CMakeFiles/augustus.dir/src/figuretype/trader.c.o
[ 45%] Building C object CMakeFiles/augustus.dir/src/figuretype/wall.c.o
[ 46%] Building C object CMakeFiles/augustus.dir/src/figuretype/water.c.o
[ 46%] Building C object CMakeFiles/augustus.dir/src/figuretype/workcamp.c.o
[ 46%] Building C object CMakeFiles/augustus.dir/src/game/campaign/campaign.c.o
[ 46%] Building C object CMakeFiles/augustus.dir/src/game/campaign/file.c.o
[ 46%] Building C object CMakeFiles/augustus.dir/src/game/campaign/mission.c.o
[ 47%] Building C object CMakeFiles/augustus.dir/src/game/campaign/original.c.o
[ 47%] Building C object CMakeFiles/augustus.dir/src/game/campaign/player_data.c.o
[ 47%] Building C object CMakeFiles/augustus.dir/src/game/animation.c.o
[ 48%] Building C object CMakeFiles/augustus.dir/src/game/cheats.c.o
[ 48%] Building C object CMakeFiles/augustus.dir/src/game/difficulty.c.o
[ 48%] Building C object CMakeFiles/augustus.dir/src/game/file.c.o
[ 48%] Building C object CMakeFiles/augustus.dir/src/game/campaign/xml.c.o
[ 48%] Building C object CMakeFiles/augustus.dir/src/game/file_editor.c.o
[ 48%] Building C object CMakeFiles/augustus.dir/src/game/file_io.c.o
[ 48%] Building C object CMakeFiles/augustus.dir/src/game/game.c.o
[ 49%] Building C object CMakeFiles/augustus.dir/src/game/orientation.c.o
[ 49%] Building C object CMakeFiles/augustus.dir/src/game/mission.c.o
[ 49%] Building C object CMakeFiles/augustus.dir/src/game/resource.c.o
[ 50%] Building C object CMakeFiles/augustus.dir/src/game/speed.c.o
[ 50%] Building C object CMakeFiles/augustus.dir/src/game/state.c.o
[ 50%] Building C object CMakeFiles/augustus.dir/src/game/settings.c.o
[ 50%] Building C object CMakeFiles/augustus.dir/src/game/tick.c.o
[ 50%] Building C object CMakeFiles/augustus.dir/src/game/time.c.o
[ 50%] Building C object CMakeFiles/augustus.dir/src/game/tutorial.c.o
[ 50%] Building C object CMakeFiles/augustus.dir/src/game/undo.c.o
[ 50%] Building C object CMakeFiles/augustus.dir/src/input/input.c.o
[ 50%] Building C object CMakeFiles/augustus.dir/src/input/hotkey.c.o
[ 50%] Building C object CMakeFiles/augustus.dir/src/input/joystick.c.o
[ 51%] Building C object CMakeFiles/augustus.dir/src/input/cursor.c.o
[ 51%] Building C object CMakeFiles/augustus.dir/src/input/keys.c.o
[ 51%] Building C object CMakeFiles/augustus.dir/src/input/keyboard.c.o
[ 51%] Building C object CMakeFiles/augustus.dir/src/input/scroll.c.o
[ 52%] Building C object CMakeFiles/augustus.dir/src/input/mouse.c.o
[ 52%] Building C object CMakeFiles/augustus.dir/src/input/zoom.c.o
[ 52%] Building C object CMakeFiles/augustus.dir/src/map/aqueduct.c.o
[ 52%] Building C object CMakeFiles/augustus.dir/src/input/touch.c.o
[ 53%] Building C object CMakeFiles/augustus.dir/src/map/bookmark.c.o
[ 53%] Building C object CMakeFiles/augustus.dir/src/map/building.c.o
[ 53%] Building C object CMakeFiles/augustus.dir/src/map/building_tiles.c.o
[ 53%] Building C object CMakeFiles/augustus.dir/src/map/bridge.c.o
[ 53%] Building C object CMakeFiles/augustus.dir/src/map/desirability.c.o
[ 54%] Building C object CMakeFiles/augustus.dir/src/map/elevation.c.o
[ 54%] Building C object CMakeFiles/augustus.dir/src/map/figure.c.o
[ 54%] Building C object CMakeFiles/augustus.dir/src/map/grid.c.o
[ 54%] Building C object CMakeFiles/augustus.dir/src/map/image.c.o
[ 54%] Building C object CMakeFiles/augustus.dir/src/map/image_context.c.o
[ 55%] Building C object CMakeFiles/augustus.dir/src/map/natives.c.o
[ 55%] Building C object CMakeFiles/augustus.dir/src/map/orientation.c.o
[ 55%] Building C object CMakeFiles/augustus.dir/src/map/point.c.o
[ 55%] Building C object CMakeFiles/augustus.dir/src/map/property.c.o
/build/augustus-git/src/augustus/src/map/bridge.c:268:12: warning: ‘legacy_map_is_bridge’ defined but not used [-Wunused-function]
  268 | static int legacy_map_is_bridge(int grid_offset)
      |            ^~~~~~~~~~~~~~~~~~~~
[ 56%] Building C object CMakeFiles/augustus.dir/src/map/ring.c.o
[ 56%] Building C object CMakeFiles/augustus.dir/src/map/random.c.o
[ 56%] Building C object CMakeFiles/augustus.dir/src/map/road_access.c.o
[ 56%] Building C object CMakeFiles/augustus.dir/src/map/road_aqueduct.c.o
[ 56%] Building C object CMakeFiles/augustus.dir/src/map/road_network.c.o
[ 56%] Building C object CMakeFiles/augustus.dir/src/map/routing.c.o
[ 57%] Building C object CMakeFiles/augustus.dir/src/map/routing_data.c.o
[ 57%] Building C object CMakeFiles/augustus.dir/src/map/routing_path.c.o
[ 57%] Building C object CMakeFiles/augustus.dir/src/map/routing_terrain.c.o
/build/augustus-git/src/augustus/src/map/natives.c:85:5: warning: function declaration isn’t a prototype [-Wstrict-prototypes]
   85 | int native_hut_alt_get_image_id() {
      |     ^~~~~~~~~~~~~~~~~~~~~~~~~~~
[ 57%] Building C object CMakeFiles/augustus.dir/src/map/soldier_strength.c.o
[ 57%] Building C object CMakeFiles/augustus.dir/src/map/terrain.c.o
[ 58%] Building C object CMakeFiles/augustus.dir/src/map/tiles.c.o
[ 58%] Building C object CMakeFiles/augustus.dir/src/map/sprite.c.o
[ 58%] Building C object CMakeFiles/augustus.dir/src/map/water.c.o
[ 58%] Building C object CMakeFiles/augustus.dir/src/map/water_supply.c.o
[ 58%] Building C object CMakeFiles/augustus.dir/src/assets/group.c.o
[ 58%] Building C object CMakeFiles/augustus.dir/src/assets/image.c.o
[ 58%] Building C object CMakeFiles/augustus.dir/src/assets/assets.c.o
[ 59%] Building C object CMakeFiles/augustus.dir/src/assets/layer.c.o
[ 59%] Building C object CMakeFiles/augustus.dir/src/assets/xml.c.o
[ 59%] Building C object CMakeFiles/augustus.dir/src/scenario/allowed_building.c.o
[ 59%] Building C object CMakeFiles/augustus.dir/src/scenario/custom_messages_export_xml.c.o
[ 60%] Building C object CMakeFiles/augustus.dir/src/scenario/custom_media.c.o
[ 59%] Building C object CMakeFiles/augustus.dir/src/scenario/criteria.c.o
[ 61%] Building C object CMakeFiles/augustus.dir/src/scenario/custom_messages.c.o
[ 61%] Building C object CMakeFiles/augustus.dir/src/scenario/demand_change.c.o
[ 61%] Building C object CMakeFiles/augustus.dir/src/scenario/custom_variable.c.o
[ 61%] Building C object CMakeFiles/augustus.dir/src/scenario/custom_messages_import_xml.c.o
[ 61%] Building C object CMakeFiles/augustus.dir/src/scenario/earthquake.c.o
[ 61%] Building C object CMakeFiles/augustus.dir/src/scenario/distant_battle.c.o
[ 61%] Building C object CMakeFiles/augustus.dir/src/scenario/editor.c.o
[ 61%] Building C object CMakeFiles/augustus.dir/src/scenario/editor_events.c.o
[ 62%] Building C object CMakeFiles/augustus.dir/src/scenario/editor_map.c.o
[ 62%] Building C object CMakeFiles/augustus.dir/src/scenario/empire.c.o
[ 62%] Building C object CMakeFiles/augustus.dir/src/scenario/emperor_change.c.o
[ 62%] Building C object CMakeFiles/augustus.dir/src/scenario/gladiator_revolt.c.o
[ 62%] Building C object CMakeFiles/augustus.dir/src/scenario/invasion.c.o
[ 63%] Building C object CMakeFiles/augustus.dir/src/scenario/map.c.o
[ 63%] Building C object CMakeFiles/augustus.dir/src/scenario/price_change.c.o
[ 63%] Building C object CMakeFiles/augustus.dir/src/scenario/message_media_text_blob.c.o
[ 63%] Building C object CMakeFiles/augustus.dir/src/scenario/property.c.o
/build/augustus-git/src/augustus/src/scenario/distant_battle.c: In function ‘scenario_distant_battle_process’:
/build/augustus-git/src/augustus/src/scenario/distant_battle.c:57:50: warning: passing argument 1 of ‘repeat_invasion_without_warnings’ discards ‘const’ qualifier from pointer target type [-Wdiscarded-qualifiers]
   57 |                 repeat_invasion_without_warnings(invasion);
      |                                                  ^~~~~~~~
In file included from /build/augustus-git/src/augustus/src/scenario/distant_battle.c:17:
/build/augustus-git/src/augustus/src/scenario/invasion.h:82:51: note: expected ‘invasion_t *’ but argument is of type ‘const invasion_t *’
   82 | void repeat_invasion_without_warnings(invasion_t *invasion);
      |                                       ~~~~~~~~~~~~^~~~~~~~
[ 63%] Building C object CMakeFiles/augustus.dir/src/scenario/random_event.c.o
[ 64%] Building C object CMakeFiles/augustus.dir/src/scenario/event/event.c.o
[ 64%] Building C object CMakeFiles/augustus.dir/src/scenario/scenario.c.o
[ 64%] Building C object CMakeFiles/augustus.dir/src/scenario/request.c.o
[ 64%] Building C object CMakeFiles/augustus.dir/src/scenario/event/import_xml.c.o
[ 64%] Building C object CMakeFiles/augustus.dir/src/scenario/event/export_xml.c.o
[ 65%] Building C object CMakeFiles/augustus.dir/src/scenario/event/parameter_data.c.o
[ 65%] Building C object CMakeFiles/augustus.dir/src/scenario/event/controller.c.o
[ 65%] Building C object CMakeFiles/augustus.dir/src/scenario/event/action_handler.c.o
[ 65%] Building C object CMakeFiles/augustus.dir/src/scenario/event/action_types.c.o
[ 65%] Building C object CMakeFiles/augustus.dir/src/scenario/event/condition_comparison_helper.c.o
[ 66%] Building C object CMakeFiles/augustus.dir/src/scenario/event/condition_handler.c.o
[ 66%] Building C object CMakeFiles/augustus.dir/src/scenario/event/condition_types.c.o
[ 66%] Building C object CMakeFiles/augustus.dir/src/graphics/arrow_button.c.o
[ 66%] Building C object CMakeFiles/augustus.dir/src/graphics/button.c.o
[ 66%] Building C object CMakeFiles/augustus.dir/src/graphics/clouds.c.o
[ 66%] Building C object CMakeFiles/augustus.dir/src/graphics/font.c.o
[ 67%] Building C object CMakeFiles/augustus.dir/src/graphics/generic_button.c.o
[ 67%] Building C object CMakeFiles/augustus.dir/src/graphics/graphics.c.o
[ 67%] Building C object CMakeFiles/augustus.dir/src/graphics/grid_box.c.o
[ 67%] Building C object CMakeFiles/augustus.dir/src/graphics/image_button.c.o
[ 67%] Building C object CMakeFiles/augustus.dir/src/graphics/image.c.o
[ 68%] Building C object CMakeFiles/augustus.dir/src/graphics/lang_text.c.o
[ 68%] Building C object CMakeFiles/augustus.dir/src/graphics/list_box.c.o
[ 69%] Building C object CMakeFiles/augustus.dir/src/graphics/renderer.c.o
[ 69%] Building C object CMakeFiles/augustus.dir/src/graphics/rich_text.c.o
[ 69%] Building C object CMakeFiles/augustus.dir/src/graphics/panel.c.o
[ 69%] Building C object CMakeFiles/augustus.dir/src/graphics/menu.c.o
[ 69%] Building C object CMakeFiles/augustus.dir/src/graphics/screen.c.o
[ 69%] Building C object CMakeFiles/augustus.dir/src/graphics/screenshot.c.o
[ 70%] Building C object CMakeFiles/augustus.dir/src/graphics/scrollbar.c.o
[ 70%] Building C object CMakeFiles/augustus.dir/src/graphics/tooltip.c.o
[ 70%] Building C object CMakeFiles/augustus.dir/src/graphics/video.c.o
[ 70%] Building C object CMakeFiles/augustus.dir/src/graphics/text.c.o
[ 70%] Building C object CMakeFiles/augustus.dir/src/graphics/window.c.o
[ 70%] Building C object CMakeFiles/augustus.dir/src/graphics/warning.c.o
[ 70%] Building C object CMakeFiles/augustus.dir/src/sound/effect.c.o
[ 70%] Building C object CMakeFiles/augustus.dir/src/sound/city.c.o
[ 71%] Building C object CMakeFiles/augustus.dir/src/sound/music.c.o
[ 71%] Building C object CMakeFiles/augustus.dir/src/sound/speech.c.o
[ 71%] Building C object CMakeFiles/augustus.dir/src/widget/city.c.o
[ 71%] Building C object CMakeFiles/augustus.dir/src/sound/system.c.o
[ 71%] Building C object CMakeFiles/augustus.dir/src/widget/city_bridge.c.o
[ 72%] Building C object CMakeFiles/augustus.dir/src/widget/city_building_ghost.c.o
[ 72%] Building C object CMakeFiles/augustus.dir/src/widget/city_figure.c.o
[ 72%] Building C object CMakeFiles/augustus.dir/src/widget/city_overlay_entertainment.c.o
[ 72%] Building C object CMakeFiles/augustus.dir/src/widget/city_overlay_education.c.o
[ 72%] Building C object CMakeFiles/augustus.dir/src/widget/city_draw_highway.c.o
[ 73%] Building C object CMakeFiles/augustus.dir/src/widget/city_overlay_health.c.o
[ 73%] Building C object CMakeFiles/augustus.dir/src/widget/city_overlay_other.c.o
[ 73%] Building C object CMakeFiles/augustus.dir/src/widget/city_pause_menu.c.o
[ 73%] Building C object CMakeFiles/augustus.dir/src/widget/city_overlay_risks.c.o
[ 73%] Building C object CMakeFiles/augustus.dir/src/widget/city_water_ghost.c.o
/build/augustus-git/src/augustus/src/widget/city_building_ghost.c:75:1: warning: useless storage class specifier in empty declaration
   75 | };
      | ^
[ 74%] Building C object CMakeFiles/augustus.dir/src/widget/city_with_overlay.c.o
[ 74%] Building C object CMakeFiles/augustus.dir/src/widget/city_without_overlay.c.o
[ 74%] Building C object CMakeFiles/augustus.dir/src/widget/input_box.c.o
[ 74%] Building C object CMakeFiles/augustus.dir/src/widget/map_editor.c.o
[ 75%] Building C object CMakeFiles/augustus.dir/src/widget/map_editor_tool.c.o
[ 75%] Building C object CMakeFiles/augustus.dir/src/widget/top_menu_editor.c.o
[ 75%] Building C object CMakeFiles/augustus.dir/src/widget/map_editor_pause_menu.c.o
[ 75%] Building C object CMakeFiles/augustus.dir/src/widget/minimap.c.o
[ 75%] Building C object CMakeFiles/augustus.dir/src/widget/top_menu.c.o
/build/augustus-git/src/augustus/src/graphics/video.c:94:20: warning: ‘get_filename_from_path’ defined but not used [-Wunused-function]
   94 | static const char *get_filename_from_path(const char *filename)
      |                    ^~~~~~~~~~~~~~~~~~~~~~
/build/augustus-git/src/augustus/src/widget/city_overlay_other.c: In function ‘draw_footprint_desirability’:
/build/augustus-git/src/augustus/src/widget/city_overlay_other.c:791:9: warning: suggest parentheses around ‘&&’ within ‘||’ [-Wparentheses]
  790 |     } else if (map_terrain_is(grid_offset, terrain_on_desirability_overlay())
      |                ~~~~~~~~~~~~~~~~~~~~~~~~~~~~~~~~~~~~~~~~~~~~~~~~~~~~~~~~~~~~~~
  791 |         && !map_terrain_is(grid_offset, TERRAIN_BUILDING) || map_is_bridge(grid_offset)) {
      |         ^~~~~~~~~~~~~~~~~~~~~~~~~~~~~~~~~~~~~~~~~~~~~~~~~
/build/augustus-git/src/augustus/src/widget/city_overlay_other.c: In function ‘draw_top_desirability’:
/build/augustus-git/src/augustus/src/widget/city_overlay_other.c:832:9: warning: suggest parentheses around ‘&&’ within ‘||’ [-Wparentheses]
  831 |     if (map_terrain_is(grid_offset, terrain_on_desirability_overlay())
      |         ~~~~~~~~~~~~~~~~~~~~~~~~~~~~~~~~~~~~~~~~~~~~~~~~~~~~~~~~~~~~~~
  832 |         && !map_terrain_is(grid_offset, TERRAIN_BUILDING) || map_is_bridge(grid_offset)) {
      |         ^~~~~~~~~~~~~~~~~~~~~~~~~~~~~~~~~~~~~~~~~~~~~~~~~
/build/augustus-git/src/augustus/src/widget/city_overlay_risks.c:103:12: warning: ‘show_building_none’ defined but not used [-Wunused-function]
  103 | static int show_building_none(const building *b)
      |            ^~~~~~~~~~~~~~~~~~
[ 75%] Building C object CMakeFiles/augustus.dir/src/widget/sidebar/city.c.o
[ 75%] Building C object CMakeFiles/augustus.dir/src/widget/sidebar/editor.c.o
[ 76%] Building C object CMakeFiles/augustus.dir/src/widget/sidebar/common.c.o
/build/augustus-git/src/augustus/src/widget/city_with_overlay.c: In function ‘is_building_selected’:
/build/augustus-git/src/augustus/src/widget/city_with_overlay.c:184:38: warning: passing argument 1 of ‘building_main’ discards ‘const’ qualifier from pointer target type [-Wdiscarded-qualifiers]
  184 |     int main_part_id = building_main(b)->id; //check if side or main part is selected
      |                                      ^
In file included from /build/augustus-git/src/augustus/src/building/animation.h:4,
                 from /build/augustus-git/src/augustus/src/widget/city_with_overlay.c:4:
/build/augustus-git/src/augustus/src/building/building.h:220:35: note: expected ‘building *’ but argument is of type ‘const building *’
  220 | building *building_main(building *b);
      |                         ~~~~~~~~~~^
/build/augustus-git/src/augustus/src/widget/city_without_overlay.c: In function ‘is_building_selected’:
/build/augustus-git/src/augustus/src/widget/city_without_overlay.c:173:45: warning: passing argument 1 of ‘building_main’ discards ‘const’ qualifier from pointer target type [-Wdiscarded-qualifiers]
  173 |     building *main_building = building_main(b);
      |                                             ^
In file included from /build/augustus-git/src/augustus/src/building/animation.h:4,
                 from /build/augustus-git/src/augustus/src/widget/city_without_overlay.c:4:
/build/augustus-git/src/augustus/src/building/building.h:220:35: note: expected ‘building *’ but argument is of type ‘const building *’
  220 | building *building_main(building *b);
      |                         ~~~~~~~~~~^
/build/augustus-git/src/augustus/src/widget/city_with_overlay.c: In function ‘get_building_color_mask’:
/build/augustus-git/src/augustus/src/widget/city_with_overlay.c:170:28: warning: this statement may fall through [-Wimplicit-fallthrough=]
  170 |                 color_mask = COLOR_MASK_NONE;
/build/augustus-git/src/augustus/src/widget/city_with_overlay.c:172:13: note: here
  172 |             default:
      |             ^~~~~~~
/build/augustus-git/src/augustus/src/widget/city_without_overlay.c: In function ‘get_building_color_mask’:
/build/augustus-git/src/augustus/src/widget/city_without_overlay.c:159:28: warning: this statement may fall through [-Wimplicit-fallthrough=]
  159 |                 color_mask = COLOR_MASK_NONE;
/build/augustus-git/src/augustus/src/widget/city_without_overlay.c:161:13: note: here
  161 |             default:
      |             ^~~~~~~
[ 76%] Building C object CMakeFiles/augustus.dir/src/widget/sidebar/extra.c.o
[ 76%] Building C object CMakeFiles/augustus.dir/src/widget/sidebar/military.c.o
[ 76%] Building C object CMakeFiles/augustus.dir/src/widget/sidebar/slide.c.o
[ 76%] Building C object CMakeFiles/augustus.dir/src/window/advisors.c.o
[ 77%] Building C object CMakeFiles/augustus.dir/src/window/advisor/chief.c.o
[ 77%] Building C object CMakeFiles/augustus.dir/src/window/advisor/education.c.o
[ 77%] Building C object CMakeFiles/augustus.dir/src/window/advisor/entertainment.c.o
[ 77%] Building C object CMakeFiles/augustus.dir/src/window/advisor/financial.c.o
[ 77%] Building C object CMakeFiles/augustus.dir/src/window/advisor/health.c.o
[ 78%] Building C object CMakeFiles/augustus.dir/src/window/advisor/housing.c.o
[ 78%] Building C object CMakeFiles/augustus.dir/src/window/advisor/population.c.o
[ 78%] Building C object CMakeFiles/augustus.dir/src/window/advisor/imperial.c.o
[ 78%] Building C object CMakeFiles/augustus.dir/src/window/advisor/labor.c.o
[ 78%] Building C object CMakeFiles/augustus.dir/src/window/advisor/military.c.o
[ 79%] Building C object CMakeFiles/augustus.dir/src/window/advisor/ratings.c.o
[ 79%] Building C object CMakeFiles/augustus.dir/src/window/advisor/religion.c.o
[ 79%] Building C object CMakeFiles/augustus.dir/src/window/asset_previewer.c.o
[ 79%] Building C object CMakeFiles/augustus.dir/src/window/advisor/trade.c.o
[ 79%] Building C object CMakeFiles/augustus.dir/src/window/build_menu.c.o
[ 80%] Building C object CMakeFiles/augustus.dir/src/window/building_info.c.o
[ 80%] Building C object CMakeFiles/augustus.dir/src/window/building/common.c.o
[ 80%] Building C object CMakeFiles/augustus.dir/src/window/building/culture.c.o
[ 80%] Building C object CMakeFiles/augustus.dir/src/window/building/distribution.c.o
[ 80%] Building C object CMakeFiles/augustus.dir/src/window/building/depot.c.o
[ 80%] Building C object CMakeFiles/augustus.dir/src/window/building/government.c.o
[ 80%] Building C object CMakeFiles/augustus.dir/src/window/building/house.c.o
[ 80%] Building C object CMakeFiles/augustus.dir/src/window/building/industry.c.o
[ 81%] Building C object CMakeFiles/augustus.dir/src/window/building/figures.c.o
[ 81%] Building C object CMakeFiles/augustus.dir/src/window/building/military.c.o
[ 82%] Building C object CMakeFiles/augustus.dir/src/window/building/terrain.c.o
[ 82%] Building C object CMakeFiles/augustus.dir/src/window/editor/allowed_buildings.c.o
[ 82%] Building C object CMakeFiles/augustus.dir/src/window/building/utility.c.o
[ 82%] Building C object CMakeFiles/augustus.dir/src/window/editor/attributes.c.o
[ 82%] Building C object CMakeFiles/augustus.dir/src/window/editor/build_menu.c.o
[ 82%] Building C object CMakeFiles/augustus.dir/src/window/editor/custom_messages.c.o
[ 83%] Building C object CMakeFiles/augustus.dir/src/window/editor/demand_changes.c.o
[ 83%] Building C object CMakeFiles/augustus.dir/src/window/editor/custom_variables.c.o
[ 83%] Building C object CMakeFiles/augustus.dir/src/window/editor/edit_demand_change.c.o
[ 83%] Building C object CMakeFiles/augustus.dir/src/window/editor/edit_invasion.c.o
[ 84%] Building C object CMakeFiles/augustus.dir/src/window/editor/edit_price_change.c.o
[ 84%] Building C object CMakeFiles/augustus.dir/src/window/editor/edit_request.c.o
[ 84%] Building C object CMakeFiles/augustus.dir/src/window/editor/invasions.c.o
[ 84%] Building C object CMakeFiles/augustus.dir/src/window/editor/empire.c.o
[ 85%] Building C object CMakeFiles/augustus.dir/src/window/editor/map.c.o
[ 85%] Building C object CMakeFiles/augustus.dir/src/window/editor/price_changes.c.o
[ 85%] Building C object CMakeFiles/augustus.dir/src/window/editor/requests.c.o
[ 85%] Building C object CMakeFiles/augustus.dir/src/window/editor/scenario_events.c.o
[ 85%] Building C object CMakeFiles/augustus.dir/src/window/editor/scenario_event_details.c.o
[ 85%] Building C object CMakeFiles/augustus.dir/src/window/editor/scenario_action_edit.c.o
[ 85%] Building C object CMakeFiles/augustus.dir/src/window/editor/scenario_condition_edit.c.o
[ 86%] Building C object CMakeFiles/augustus.dir/src/window/editor/select_city_by_type.c.o
[ 86%] Building C object CMakeFiles/augustus.dir/src/window/editor/select_city_trade_route.c.o
[ 86%] Building C object CMakeFiles/augustus.dir/src/window/editor/select_custom_message.c.o
[ 87%] Building C object CMakeFiles/augustus.dir/src/window/editor/select_special_attribute_mapping.c.o
[ 87%] Building C object CMakeFiles/augustus.dir/src/window/editor/select_scenario_condition_type.c.o
[ 87%] Building C object CMakeFiles/augustus.dir/src/window/editor/select_scenario_action_type.c.o
[ 87%] Building C object CMakeFiles/augustus.dir/src/window/editor/special_events.c.o
[ 87%] Building C object CMakeFiles/augustus.dir/src/window/editor/start_year.c.o
[ 87%] Building C object CMakeFiles/augustus.dir/src/window/editor/starting_conditions.c.o
[ 87%] Building C object CMakeFiles/augustus.dir/src/window/editor/win_criteria.c.o
[ 88%] Building C object CMakeFiles/augustus.dir/src/window/cck_selection.c.o
[ 88%] Building C object CMakeFiles/augustus.dir/src/window/city.c.o
[ 88%] Building C object CMakeFiles/augustus.dir/src/window/config.c.o
[ 88%] Building C object CMakeFiles/augustus.dir/src/window/console.c.o
[ 89%] Building C object CMakeFiles/augustus.dir/src/window/empire.c.o
[ 89%] Building C object CMakeFiles/augustus.dir/src/window/donate_to_city.c.o
[ 89%] Building C object CMakeFiles/augustus.dir/src/window/file_dialog.c.o
[ 89%] Building C object CMakeFiles/augustus.dir/src/window/hold_games.c.o
[ 89%] Building C object CMakeFiles/augustus.dir/src/window/gift_to_emperor.c.o
[ 89%] Building C object CMakeFiles/augustus.dir/src/window/hold_festival.c.o
[ 90%] Building C object CMakeFiles/augustus.dir/src/window/hotkey_editor.c.o
[ 90%] Building C object CMakeFiles/augustus.dir/src/window/hotkey_config.c.o
[ 90%] Building C object CMakeFiles/augustus.dir/src/window/intro_video.c.o
[ 90%] Building C object CMakeFiles/augustus.dir/src/window/intermezzo.c.o
[ 90%] Building C object CMakeFiles/augustus.dir/src/window/labor_priority.c.o
[ 90%] Building C object CMakeFiles/augustus.dir/src/window/logo.c.o
[ 91%] Building C object CMakeFiles/augustus.dir/src/window/main_menu.c.o
[ 91%] Building C object CMakeFiles/augustus.dir/src/window/message_dialog.c.o
[ 91%] Building C object CMakeFiles/augustus.dir/src/window/message_list.c.o
[ 91%] Building C object CMakeFiles/augustus.dir/src/window/military_menu.c.o
[ 91%] Building C object CMakeFiles/augustus.dir/src/window/mission_briefing.c.o
[ 91%] Building C object CMakeFiles/augustus.dir/src/window/mission_list.c.o
[ 91%] Building C object CMakeFiles/augustus.dir/src/window/mission_selection.c.o
[ 92%] Building C object CMakeFiles/augustus.dir/src/window/mission_end.c.o
[ 92%] Building C object CMakeFiles/augustus.dir/src/window/numeric_input.c.o
[ 93%] Building C object CMakeFiles/augustus.dir/src/window/option_popup.c.o
[ 93%] Building C object CMakeFiles/augustus.dir/src/window/overlay_menu.c.o
[ 93%] Building C object CMakeFiles/augustus.dir/src/window/race_bet.c.o
[ 93%] Building C object CMakeFiles/augustus.dir/src/window/popup_dialog.c.o
[ 93%] Building C object CMakeFiles/augustus.dir/src/window/plain_message_dialog.c.o
[ 93%] Building C object CMakeFiles/augustus.dir/src/window/resource_settings.c.o
[ 93%] Building C object CMakeFiles/augustus.dir/src/window/select_list.c.o
[ 94%] Building C object CMakeFiles/augustus.dir/src/window/select_campaign.c.o
[ 94%] Building C object CMakeFiles/augustus.dir/src/window/set_salary.c.o
[ 94%] Building C object CMakeFiles/augustus.dir/src/window/text_input.c.o
[ 94%] Building C object CMakeFiles/augustus.dir/src/window/trade_opened.c.o
[ 95%] Building C object CMakeFiles/augustus.dir/src/window/trade_prices.c.o
[ 95%] Building C object CMakeFiles/augustus.dir/src/window/user_path_setup.c.o
[ 95%] Building C object CMakeFiles/augustus.dir/src/window/victory_dialog.c.o
[ 95%] Building C object CMakeFiles/augustus.dir/src/window/video.c.o
[ 95%] Building C object CMakeFiles/augustus.dir/src/editor/editor.c.o
[ 96%] Building C object CMakeFiles/augustus.dir/src/editor/tool_restriction.c.o
[ 96%] Building C object CMakeFiles/augustus.dir/src/editor/tool.c.o
[ 96%] Building C object CMakeFiles/augustus.dir/src/translation/czech.c.o
[ 96%] Building C object CMakeFiles/augustus.dir/src/translation/english.c.o
[ 96%] Building C object CMakeFiles/augustus.dir/src/translation/french.c.o
[ 96%] Building C object CMakeFiles/augustus.dir/src/translation/german.c.o
[ 97%] Building C object CMakeFiles/augustus.dir/src/translation/greek.c.o
[ 97%] Building C object CMakeFiles/augustus.dir/src/translation/italian.c.o
[ 97%] Building C object CMakeFiles/augustus.dir/src/translation/japanese.c.o
[ 97%] Building C object CMakeFiles/augustus.dir/src/translation/korean.c.o
[ 97%] Building C object CMakeFiles/augustus.dir/src/translation/polish.c.o
[ 98%] Building C object CMakeFiles/augustus.dir/src/translation/portuguese.c.o
[ 98%] Building C object CMakeFiles/augustus.dir/src/translation/russian.c.o
[ 98%] Building C object CMakeFiles/augustus.dir/src/translation/simplified_chinese.c.o
[ 98%] Building C object CMakeFiles/augustus.dir/src/translation/spanish.c.o
[ 98%] Building C object CMakeFiles/augustus.dir/src/translation/swedish.c.o
[ 98%] Building C object CMakeFiles/augustus.dir/src/translation/translation.c.o
[ 99%] Building C object CMakeFiles/augustus.dir/src/translation/traditional_chinese.c.o
[ 99%] Building C object CMakeFiles/augustus.dir/ext/tinyfiledialogs/tinyfiledialogs.c.o
[ 99%] Building C object CMakeFiles/augustus.dir/ext/spng/spng.c.o
[ 99%] Building C object CMakeFiles/augustus.dir/ext/sxml/sxml.c.o
[100%] Building C object CMakeFiles/augustus.dir/ext/zip/zip.c.o
[100%] Linking C executable augustus
/usr/src/debug/augustus-git/augustus/ext/easyav1/ext/dav1d/src/loopfilter_tmpl.c: In function ‘loop_filter’:
/usr/src/debug/augustus-git/augustus/ext/easyav1/ext/dav1d/src/loopfilter_tmpl.c:104:37: warning: ‘p6’ may be used uninitialized [-Wmaybe-uninitialized]
/usr/src/debug/augustus-git/augustus/ext/easyav1/ext/dav1d/src/loopfilter_tmpl.c:49:13: note: ‘p6’ was declared here
/usr/src/debug/augustus-git/augustus/ext/easyav1/ext/dav1d/src/loopfilter_tmpl.c:106:37: warning: ‘p5’ may be used uninitialized [-Wmaybe-uninitialized]
/usr/src/debug/augustus-git/augustus/ext/easyav1/ext/dav1d/src/loopfilter_tmpl.c:49:17: note: ‘p5’ was declared here
/usr/src/debug/augustus-git/augustus/ext/easyav1/ext/dav1d/src/loopfilter_tmpl.c:108:37: warning: ‘p4’ may be used uninitialized [-Wmaybe-uninitialized]
/usr/src/debug/augustus-git/augustus/ext/easyav1/ext/dav1d/src/loopfilter_tmpl.c:49:21: note: ‘p4’ was declared here
/usr/src/debug/augustus-git/augustus/ext/easyav1/ext/dav1d/src/loopfilter_tmpl.c:113:37: warning: ‘q4’ may be used uninitialized [-Wmaybe-uninitialized]
/usr/src/debug/augustus-git/augustus/ext/easyav1/ext/dav1d/src/loopfilter_tmpl.c:52:21: note: ‘q4’ was declared here
/usr/src/debug/augustus-git/augustus/ext/easyav1/ext/dav1d/src/loopfilter_tmpl.c:115:37: warning: ‘q5’ may be used uninitialized [-Wmaybe-uninitialized]
/usr/src/debug/augustus-git/augustus/ext/easyav1/ext/dav1d/src/loopfilter_tmpl.c:52:25: note: ‘q5’ was declared here
/usr/src/debug/augustus-git/augustus/ext/easyav1/ext/dav1d/src/loopfilter_tmpl.c:117:61: warning: ‘q6’ may be used uninitialized [-Wmaybe-uninitialized]
/usr/src/debug/augustus-git/augustus/ext/easyav1/ext/dav1d/src/loopfilter_tmpl.c:52:29: note: ‘q6’ was declared here
/usr/src/debug/augustus-git/augustus/ext/easyav1/ext/dav1d/src/loopfilter_tmpl.c:93:35: warning: ‘flat8out’ may be used uninitialized [-Wmaybe-uninitialized]
/usr/src/debug/augustus-git/augustus/ext/easyav1/ext/dav1d/src/loopfilter_tmpl.c:53:17: note: ‘flat8out’ was declared here
In function ‘imax’,
    inlined from ‘parse_frame_hdr’ at /usr/src/debug/augustus-git/augustus/ext/easyav1/ext/dav1d/src/obu.c:1008:38:
/usr/src/debug/augustus-git/augustus/ext/easyav1/ext/dav1d/include/common/intops.h:36:22: warning: ‘off_before_idx’ may be used uninitialized [-Wmaybe-uninitialized]
/usr/src/debug/augustus-git/augustus/ext/easyav1/ext/dav1d/src/obu.c: In function ‘parse_frame_hdr’:
/usr/src/debug/augustus-git/augustus/ext/easyav1/ext/dav1d/src/obu.c:984:13: note: ‘off_before_idx’ was declared here
In function ‘imax’,
    inlined from ‘parse_frame_hdr’ at /usr/src/debug/augustus-git/augustus/ext/easyav1/ext/dav1d/src/obu.c:1008:38:
/usr/src/debug/augustus-git/augustus/ext/easyav1/ext/dav1d/include/common/intops.h:36:22: warning: ‘off_after_idx’ may be used uninitialized [-Wmaybe-uninitialized]
/usr/src/debug/augustus-git/augustus/ext/easyav1/ext/dav1d/src/obu.c: In function ‘parse_frame_hdr’:
/usr/src/debug/augustus-git/augustus/ext/easyav1/ext/dav1d/src/obu.c:984:29: note: ‘off_after_idx’ was declared here
/usr/src/debug/augustus-git/augustus/ext/easyav1/ext/dav1d/src/filmgrain_tmpl.c: In function ‘fgy_32x32xn_c’:
/usr/src/debug/augustus-git/augustus/ext/easyav1/ext/dav1d/src/filmgrain_tmpl.c:200:9: warning: ‘offsets[1][0]’ may be used uninitialized [-Wmaybe-uninitialized]
/usr/src/debug/augustus-git/augustus/ext/easyav1/ext/dav1d/src/filmgrain_tmpl.c:200:9: warning: ‘offsets[1][1]’ may be used uninitialized [-Wmaybe-uninitialized]
In function ‘sample_lut’,
    inlined from ‘fguv_32x32xn_c’ at /usr/src/debug/augustus-git/augustus/ext/easyav1/ext/dav1d/src/filmgrain_tmpl.c:385:27:
/usr/src/debug/augustus-git/augustus/ext/easyav1/ext/dav1d/src/filmgrain_tmpl.c:164:54: warning: ‘offsets[1][1]’ may be used uninitialized [-Wmaybe-uninitialized]
/usr/src/debug/augustus-git/augustus/ext/easyav1/ext/dav1d/src/filmgrain_tmpl.c: In function ‘fguv_32x32xn_c’:
/usr/src/debug/augustus-git/augustus/ext/easyav1/ext/dav1d/src/filmgrain_tmpl.c:311:9: note: ‘offsets[1][1]’ was declared here
In function ‘sample_lut’,
    inlined from ‘fguv_32x32xn_c’ at /usr/src/debug/augustus-git/augustus/ext/easyav1/ext/dav1d/src/filmgrain_tmpl.c:364:29:
/usr/src/debug/augustus-git/augustus/ext/easyav1/ext/dav1d/src/filmgrain_tmpl.c:164:54: warning: ‘offsets[1][0]’ may be used uninitialized [-Wmaybe-uninitialized]
/usr/src/debug/augustus-git/augustus/ext/easyav1/ext/dav1d/src/filmgrain_tmpl.c: In function ‘fguv_32x32xn_c’:
/usr/src/debug/augustus-git/augustus/ext/easyav1/ext/dav1d/src/filmgrain_tmpl.c:311:9: note: ‘offsets[1][0]’ was declared here
In function ‘memcpy’,
    inlined from ‘dav1d_prepare_intra_edges_8bpc’ at /usr/src/debug/augustus-git/augustus/ext/easyav1/ext/dav1d/src/ipred_prepare_tmpl.c:168:13:
/usr/include/bits/string_fortified.h:29:10: warning: ‘dst_top’ may be used uninitialized [-Wmaybe-uninitialized]
   29 |   return __builtin___memcpy_chk (__dest, __src, __len,
      |          ^
/usr/src/debug/augustus-git/augustus/ext/easyav1/ext/dav1d/src/ipred_prepare_tmpl.c: In function ‘dav1d_prepare_intra_edges_8bpc’:
/usr/src/debug/augustus-git/augustus/ext/easyav1/ext/dav1d/src/ipred_prepare_tmpl.c:117:18: note: ‘dst_top’ was declared here
In function ‘dav1d_thread_picture_ref’,
    inlined from ‘dav1d_submit_frame’ at /usr/src/debug/augustus-git/augustus/ext/easyav1/ext/dav1d/src/decode.c:3549:9,
    inlined from ‘dav1d_parse_obus’ at /usr/src/debug/augustus-git/augustus/ext/easyav1/ext/dav1d/src/obu.c:1702:24,
    inlined from ‘gen_picture’ at /usr/src/debug/augustus-git/augustus/ext/easyav1/ext/dav1d/src/lib.c:418:31:
/usr/src/debug/augustus-git/augustus/ext/easyav1/ext/dav1d/src/picture.c:291:18: warning: ‘out_delayed’ may be used uninitialized [-Wmaybe-uninitialized]
/usr/src/debug/augustus-git/augustus/ext/easyav1/ext/dav1d/src/decode.c: In function ‘gen_picture’:
/usr/src/debug/augustus-git/augustus/ext/easyav1/ext/dav1d/src/decode.c:3332:25: note: ‘out_delayed’ was declared here
/usr/src/debug/augustus-git/augustus/ext/easyav1/ext/dav1d/src/refmvs.c: In function ‘dav1d_refmvs_find’:
/usr/src/debug/augustus-git/augustus/ext/easyav1/ext/dav1d/src/refmvs.c:458:48: warning: ‘b_top’ may be used uninitialized [-Wmaybe-uninitialized]
/usr/src/debug/augustus-git/augustus/ext/easyav1/ext/dav1d/src/refmvs.c:383:25: note: ‘b_top’ was declared here
/usr/src/debug/augustus-git/augustus/ext/easyav1/ext/dav1d/src/refmvs.c:625:55: warning: ‘b_left’ may be used uninitialized [-Wmaybe-uninitialized]
/usr/src/debug/augustus-git/augustus/ext/easyav1/ext/dav1d/src/refmvs.c:394:26: note: ‘b_left’ was declared here
/usr/src/debug/augustus-git/augustus/ext/easyav1/ext/dav1d/src/refmvs.c:650:23: warning: ‘refmv_ctx’ may be used uninitialized [-Wmaybe-uninitialized]
/usr/src/debug/augustus-git/augustus/ext/easyav1/ext/dav1d/src/refmvs.c:484:9: note: ‘refmv_ctx’ was declared here
/usr/src/debug/augustus-git/augustus/ext/easyav1/ext/dav1d/src/refmvs.c:650:51: warning: ‘newmv_ctx’ may be used uninitialized [-Wmaybe-uninitialized]
/usr/src/debug/augustus-git/augustus/ext/easyav1/ext/dav1d/src/refmvs.c:484:20: note: ‘newmv_ctx’ was declared here
/usr/src/debug/augustus-git/augustus/ext/easyav1/ext/dav1d/src/recon_tmpl.c: In function ‘dav1d_recon_b_inter_8bpc’:
/usr/src/debug/augustus-git/augustus/ext/easyav1/ext/dav1d/src/recon_tmpl.c:1854:17: warning: ‘jnt_weight’ may be used uninitialized [-Wmaybe-uninitialized]
/usr/src/debug/augustus-git/augustus/ext/easyav1/ext/dav1d/src/recon_tmpl.c:1785:13: note: ‘jnt_weight’ was declared here
/usr/src/debug/augustus-git/augustus/ext/easyav1/ext/dav1d/src/recon_tmpl.c:1860:17: warning: ‘mask’ may be used uninitialized [-Wmaybe-uninitialized]
/usr/src/debug/augustus-git/augustus/ext/easyav1/ext/dav1d/src/recon_tmpl.c:1787:24: note: ‘mask’ was declared here
/usr/src/debug/augustus-git/augustus/src/assets/layer.c: In function ‘load_layer_from_another_image’:
/usr/src/debug/augustus-git/augustus/src/assets/layer.c:96:43: warning: ‘height’ may be used uninitialized [-Wmaybe-uninitialized]
/usr/src/debug/augustus-git/augustus/src/assets/layer.c:88:9: note: ‘height’ was declared here
/usr/src/debug/augustus-git/augustus/src/assets/layer.c:96:43: warning: ‘width’ may be used uninitialized [-Wmaybe-uninitialized]
/usr/src/debug/augustus-git/augustus/src/assets/layer.c:87:9: note: ‘width’ was declared here
/usr/src/debug/augustus-git/augustus/ext/easyav1/ext/dav1d/src/decode.c: In function ‘decode_sb’:
/usr/src/debug/augustus-git/augustus/ext/easyav1/ext/dav1d/src/decode.c:2133:14: warning: ‘bx8’ may be used uninitialized [-Wmaybe-uninitialized]
/usr/src/debug/augustus-git/augustus/ext/easyav1/ext/dav1d/src/decode.c:2133:19: warning: ‘by8’ may be used uninitialized [-Wmaybe-uninitialized]
In function ‘ne_find_track_entry’,
    inlined from ‘nestegg_track_default_duration’ at /usr/src/debug/augustus-git/augustus/ext/easyav1/ext/nestegg/nestegg.c:2869:11,
    inlined from ‘init_video’ at /usr/src/debug/augustus-git/augustus/ext/easyav1/src/easyav1.c:1348:9,
    inlined from ‘init_webm_tracks’ at /usr/src/debug/augustus-git/augustus/ext/easyav1/src/easyav1.c:1320:13,
    inlined from ‘easyav1_init_from_custom_stream’ at /usr/src/debug/augustus-git/augustus/ext/easyav1/src/easyav1.c:1588:9:
/usr/src/debug/augustus-git/augustus/ext/easyav1/ext/nestegg/nestegg.c:1434:8: warning: ‘video_track’ may be used uninitialized [-Wmaybe-uninitialized]
/usr/src/debug/augustus-git/augustus/ext/easyav1/src/easyav1.c: In function ‘easyav1_init_from_custom_stream’:
/usr/src/debug/augustus-git/augustus/ext/easyav1/src/easyav1.c:1246:18: note: ‘video_track’ was declared here
In function ‘ne_find_track_entry’,
    inlined from ‘nestegg_track_codec_data’ at /usr/src/debug/augustus-git/augustus/ext/easyav1/ext/nestegg/nestegg.c:2538:11,
    inlined from ‘init_audio’ at /usr/src/debug/augustus-git/augustus/ext/easyav1/src/easyav1.c:1406:13,
    inlined from ‘init_webm_tracks’ at /usr/src/debug/augustus-git/augustus/ext/easyav1/src/easyav1.c:1326:13,
    inlined from ‘easyav1_init_from_custom_stream’ at /usr/src/debug/augustus-git/augustus/ext/easyav1/src/easyav1.c:1588:9:
/usr/src/debug/augustus-git/augustus/ext/easyav1/ext/nestegg/nestegg.c:1434:8: warning: ‘audio_track’ may be used uninitialized [-Wmaybe-uninitialized]
/usr/src/debug/augustus-git/augustus/ext/easyav1/src/easyav1.c: In function ‘easyav1_init_from_custom_stream’:
/usr/src/debug/augustus-git/augustus/ext/easyav1/src/easyav1.c:1247:18: note: ‘audio_track’ was declared here
[100%] Built target augustus
