-- The C compiler identification is GNU 15.2.1
-- The CXX compiler identification is GNU 15.2.1
-- Detecting C compiler ABI info
-- Detecting C compiler ABI info - done
-- Check for working C compiler: /usr/bin/cc - skipped
-- Detecting C compile features
-- Detecting C compile features - done
-- Detecting CXX compiler ABI info
-- Detecting CXX compiler ABI info - done
-- Check for working CXX compiler: /usr/bin/c++ - skipped
-- Detecting CXX compile features
-- Detecting CXX compile features - done
-- Found imported target SDL2::SDL2
-- Found PhysFS: /usr/lib/libphysfs.so
-- Found Boost: /usr/lib/cmake/Boost-1.88.0/BoostConfig.cmake (found version "1.88.0")
-- Found OpenGL: /usr/lib/libOpenGL.so
-- Performing Test CMAKE_HAVE_LIBC_PTHREAD
-- Performing Test CMAKE_HAVE_LIBC_PTHREAD - Success
-- Found Threads: TRUE
-- Configuring done (0.8s)
-- Generating done (0.0s)
-- Build files have been written to: /build/blobby-volley-git/src/build
make: Entering directory '/build/blobby-volley-git/src/build'
[  0%] Generating sounds.zip
[  0%] Building C object deps/lua/CMakeFiles/lua.dir/lapi.c.o
[  0%] Generating rules.zip
[  0%] Generating backgrounds.zip
[  0%] Generating scripts.zip
[  0%] Building C object deps/lua/CMakeFiles/lua.dir/lbaselib.c.o
[  0%] Generating gfx.zip
[  0%] Building CXX object src/raknet/CMakeFiles/raknet.dir/BitStream.cpp.o
[  0%] Building CXX object deps/tinyxml/CMakeFiles/tinyxml2.dir/tinyxml2.cpp.o
[  2%] Building C object deps/lua/CMakeFiles/lua.dir/lauxlib.c.o
[  2%] Building CXX object src/raknet/CMakeFiles/raknet.dir/GetTime.cpp.o
[  2%] Building CXX object src/raknet/CMakeFiles/raknet.dir/NetworkTypes.cpp.o
[  4%] Building C object deps/lua/CMakeFiles/lua.dir/lbitlib.c.o
[  4%] Building CXX object src/raknet/CMakeFiles/raknet.dir/InternalPacketPool.cpp.o
[  7%] Building C object deps/lua/CMakeFiles/lua.dir/lcode.c.o
[  7%] Building CXX object src/raknet/CMakeFiles/raknet.dir/PacketPool.cpp.o
[  7%] Building C object deps/lua/CMakeFiles/lua.dir/lctype.c.o
[  7%] Building C object deps/lua/CMakeFiles/lua.dir/lcorolib.c.o
[  7%] Building CXX object src/raknet/CMakeFiles/raknet.dir/RakNetStatistics.cpp.o
[  9%] Building CXX object src/raknet/CMakeFiles/raknet.dir/RakClient.cpp.o
[  9%] Built target rules_zip
[  9%] Built target sounds_zip
[  9%] Built target scripts_zip
[  9%] Building CXX object src/raknet/CMakeFiles/raknet.dir/RakPeer.cpp.o
[  9%] Building C object deps/lua/CMakeFiles/lua.dir/ldblib.c.o
[ 12%] Building C object deps/lua/CMakeFiles/lua.dir/ldebug.c.o
[ 12%] Building C object deps/lua/CMakeFiles/lua.dir/ldo.c.o
[ 12%] Building C object deps/lua/CMakeFiles/lua.dir/ldump.c.o
[ 12%] Building CXX object src/raknet/CMakeFiles/raknet.dir/RakServer.cpp.o
[ 14%] Building C object deps/lua/CMakeFiles/lua.dir/lfunc.c.o
[ 14%] Building C object deps/lua/CMakeFiles/lua.dir/lgc.c.o
[ 14%] Built target gfx_zip
[ 14%] Building C object deps/lua/CMakeFiles/lua.dir/linit.c.o
[ 14%] Building C object deps/lua/CMakeFiles/lua.dir/lmathlib.c.o
[ 14%] Building C object deps/lua/CMakeFiles/lua.dir/llex.c.o
[ 17%] Building C object deps/lua/CMakeFiles/lua.dir/liolib.c.o
/build/blobby-volley-git/src/blobbyvolley2/src/raknet/BitStream.cpp:835: warning: ignoring ‘#pragma warning ’ [-Wunknown-pragmas]
  835 | #pragma warning( disable : 4800 )
/build/blobby-volley-git/src/blobbyvolley2/src/raknet/BitStream.cpp:838: warning: ignoring ‘#pragma warning ’ [-Wunknown-pragmas]
  838 | #pragma warning( default : 4800 )
[ 19%] Building CXX object src/raknet/CMakeFiles/raknet.dir/ReliabilityLayer.cpp.o
[ 19%] Building C object deps/lua/CMakeFiles/lua.dir/lmem.c.o
[ 19%] Built target backgrounds_zip
[ 19%] Building CXX object src/raknet/CMakeFiles/raknet.dir/SimpleMutex.cpp.o
/build/blobby-volley-git/src/blobbyvolley2/src/raknet/RakClient.cpp:48: warning: ignoring ‘#pragma warning ’ [-Wunknown-pragmas]
   48 | #pragma warning( disable : 4100 ) // warning C4100: 'depreciated' : unreferenced formal parameter
[ 21%] Building C object deps/lua/CMakeFiles/lua.dir/loadlib.c.o
[ 21%] Building C object deps/lua/CMakeFiles/lua.dir/lobject.c.o
/build/blobby-volley-git/src/blobbyvolley2/src/raknet/RakPeer.cpp:607: warning: ignoring ‘#pragma warning ’ [-Wunknown-pragmas]
  607 |         #pragma warning( disable : 4127 ) // warning C4127: conditional expression is constant
[ 24%] Building C object deps/lua/CMakeFiles/lua.dir/lparser.c.o
[ 24%] Building C object deps/lua/CMakeFiles/lua.dir/lopcodes.c.o
[ 24%] Building C object deps/lua/CMakeFiles/lua.dir/lstate.c.o
[ 24%] Building C object deps/lua/CMakeFiles/lua.dir/lstring.c.o
[ 24%] Building CXX object src/raknet/CMakeFiles/raknet.dir/SocketLayer.cpp.o
[ 24%] Building C object deps/lua/CMakeFiles/lua.dir/lstrlib.c.o
[ 26%] Building C object deps/lua/CMakeFiles/lua.dir/ltable.c.o
[ 26%] Building C object deps/lua/CMakeFiles/lua.dir/ltablib.c.o
[ 26%] Building C object deps/lua/CMakeFiles/lua.dir/ltm.c.o
[ 29%] Building C object deps/lua/CMakeFiles/lua.dir/lundump.c.o
[ 29%] Building C object deps/lua/CMakeFiles/lua.dir/lutf8lib.c.o
/build/blobby-volley-git/src/blobbyvolley2/src/raknet/ReliabilityLayer.cpp:2068: warning: ignoring ‘#pragma warning ’ [-Wunknown-pragmas]
 2068 | #pragma warning( disable : 4701 ) //  warning C4701: local variable 'orderingIndexToDelete' may be used without having been initialized
[ 29%] Building C object deps/lua/CMakeFiles/lua.dir/lvm.c.o
[ 29%] Building C object deps/lua/CMakeFiles/lua.dir/lzio.c.o
/build/blobby-volley-git/src/blobbyvolley2/src/raknet/SocketLayer.cpp:109: warning: ignoring ‘#pragma warning ’ [-Wunknown-pragmas]
  109 | #pragma warning( disable : 4100 ) // warning C4100: <variable name> : unreferenced formal parameter
[ 31%] Linking CXX static library libtinyxml2.a
[ 34%] Linking C static library liblua.a
/build/blobby-volley-git/src/blobbyvolley2/src/raknet/RakPeer.cpp: In function ‘void ProcessNetworkPacket(unsigned int, short unsigned int, const char*, int, RakPeer*)’:
/build/blobby-volley-git/src/blobbyvolley2/src/raknet/RakPeer.cpp:1589:71: warning: comparison of integer expressions of different signedness: ‘int’ and ‘long unsigned int’ [-Wsign-compare]
 1589 |                         ( (unsigned char)data[0] == ID_PONG && length >= sizeof(unsigned char)+sizeof(unsigned int) ) ||
      |                                                                ~~~~~~~^~~~~~~~~~~~~~~~~~~~~~~~~~~~~~~~~~~~~~~~~~~~~
/build/blobby-volley-git/src/blobbyvolley2/src/raknet/RakPeer.cpp: In member function ‘bool RakPeer::RunUpdateCycle()’:
/build/blobby-volley-git/src/blobbyvolley2/src/raknet/RakPeer.cpp:1900:99: warning: comparison of integer expressions of different signedness: ‘int’ and ‘long unsigned int’ [-Wsign-compare]
 1900 |                                         else if ( ((unsigned char) data[0] == ID_PONG && byteSize >= sizeof(unsigned char)+sizeof(unsigned int)) ||
      |                                                                                          ~~~~~~~~~^~~~~~~~~~~~~~~~~~~~~~~~~~~~~~~~~~~~~~~~~~~~~
[ 34%] Built target tinyxml2
/build/blobby-volley-git/src/blobbyvolley2/src/raknet/ReliabilityLayer.cpp: In member function ‘InternalPacket* ReliabilityLayer::CreateInternalPacketFromBitStream(RakNet::BitStream*, unsigned int)’:
/build/blobby-volley-git/src/blobbyvolley2/src/raknet/ReliabilityLayer.cpp:1515:49: warning: comparison of integer expressions of different signedness: ‘int’ and ‘long unsigned int’ [-Wsign-compare]
 1515 |         if ( bitStream->GetNumberOfUnreadBits() < sizeof( internalPacket->packetNumber ) * 8 )
      |              ~~~~~~~~~~~~~~~~~~~~~~~~~~~~~~~~~~~^~~~~~~~~~~~~~~~~~~~~~~~~~~~~~~~~~~~~~~~~~~~
[ 34%] Built target lua
[ 36%] Linking CXX static library libraknet.a
[ 36%] Built target raknet
[ 39%] Building CXX object src/blobnet/CMakeFiles/blobnet.dir/layer/Http.cpp.o
/build/blobby-volley-git/src/blobbyvolley2/src/blobnet/layer/Http.cpp: In member function ‘void BlobNet::Layer::Http::request(const std::string&, std::stringstream&)’:
/build/blobby-volley-git/src/blobbyvolley2/src/blobnet/layer/Http.cpp:92:35: warning: comparison of integer expressions of different signedness: ‘int’ and ‘std::__cxx11::basic_string<char>::size_type’ {aka ‘long unsigned int’} [-Wsign-compare]
   92 |                 } while(bytesSend < request.size());
      |                         ~~~~~~~~~~^~~~~~~~~~~~~~~~
[ 39%] Linking CXX static library libblobnet.a
[ 39%] Built target blobnet
[ 39%] Building CXX object src/CMakeFiles/blobby-server.dir/Clock.cpp.o
[ 39%] Building CXX object src/CMakeFiles/blobby-server.dir/BlobbyDebug.cpp.o
[ 39%] Building CXX object src/CMakeFiles/blobby-server.dir/base64.cpp.o
[ 39%] Building CXX object src/CMakeFiles/blobby-server.dir/Color.cpp.o
[ 39%] Building CXX object src/CMakeFiles/blobby.dir/main.cpp.o
[ 39%] Building CXX object src/CMakeFiles/blobby-server.dir/FileSystem.cpp.o
[ 39%] Building CXX object src/CMakeFiles/blobby-server.dir/FileRead.cpp.o
[ 43%] Building CXX object src/CMakeFiles/blobby-server.dir/FileWrite.cpp.o
[ 43%] Building CXX object src/CMakeFiles/blobby-server.dir/DuelMatch.cpp.o
[ 43%] Building CXX object src/CMakeFiles/blobby-server.dir/File.cpp.o
[ 43%] Building CXX object src/CMakeFiles/blobby-server.dir/GameLogic.cpp.o
[ 43%] Building CXX object src/CMakeFiles/blobby-server.dir/PhysicWorld.cpp.o
[ 46%] Building CXX object src/CMakeFiles/blobby-server.dir/NetworkMessage.cpp.o
[ 46%] Building CXX object src/CMakeFiles/blobby-server.dir/GenericIO.cpp.o
[ 48%] Building CXX object src/CMakeFiles/blobby-server.dir/SpeedController.cpp.o
[ 51%] Building CXX object src/CMakeFiles/blobby.dir/BlobbyDebug.cpp.o
[ 51%] Building CXX object src/CMakeFiles/blobby.dir/base64.cpp.o
[ 51%] Building CXX object src/CMakeFiles/blobby.dir/Clock.cpp.o
[ 51%] Building CXX object src/CMakeFiles/blobby-server.dir/UserConfig.cpp.o
[ 51%] Building CXX object src/CMakeFiles/blobby-server.dir/PhysicState.cpp.o
[ 53%] Building CXX object src/CMakeFiles/blobby-server.dir/DuelMatchState.cpp.o
[ 53%] Building CXX object src/CMakeFiles/blobby.dir/DuelMatch.cpp.o
[ 53%] Building CXX object src/CMakeFiles/blobby-server.dir/GameLogicState.cpp.o
[ 56%] Building CXX object src/CMakeFiles/blobby.dir/FileRead.cpp.o
[ 56%] Building CXX object src/CMakeFiles/blobby.dir/FileSystem.cpp.o
[ 56%] Building CXX object src/CMakeFiles/blobby-server.dir/InputSource.cpp.o
[ 56%] Building CXX object src/CMakeFiles/blobby.dir/FileWrite.cpp.o
[ 56%] Building CXX object src/CMakeFiles/blobby-server.dir/PlayerInput.cpp.o
[ 58%] Building CXX object src/CMakeFiles/blobby-server.dir/IScriptableComponent.cpp.o
[ 58%] Building CXX object src/CMakeFiles/blobby.dir/File.cpp.o
[ 58%] Building CXX object src/CMakeFiles/blobby-server.dir/PlayerIdentity.cpp.o
[ 60%] Building CXX object src/CMakeFiles/blobby.dir/GameLogic.cpp.o
[ 60%] Building CXX object src/CMakeFiles/blobby-server.dir/server/DedicatedServer.cpp.o
[ 63%] Building CXX object src/CMakeFiles/blobby-server.dir/server/NetworkPlayer.cpp.o
[ 63%] Building CXX object src/CMakeFiles/blobby-server.dir/server/NetworkGame.cpp.o
[ 63%] Building CXX object src/CMakeFiles/blobby.dir/GenericIO.cpp.o
[ 63%] Building CXX object src/CMakeFiles/blobby-server.dir/server/MatchMaker.cpp.o
[ 63%] Building CXX object src/CMakeFiles/blobby.dir/Color.cpp.o
[ 63%] Building CXX object src/CMakeFiles/blobby-server.dir/replays/ReplayRecorder.cpp.o
[ 65%] Building CXX object src/CMakeFiles/blobby.dir/NetworkMessage.cpp.o
[ 68%] Building CXX object src/CMakeFiles/blobby-server.dir/replays/ReplaySavePoint.cpp.o
[ 68%] Building CXX object src/CMakeFiles/blobby.dir/PhysicWorld.cpp.o
[ 68%] Building CXX object src/CMakeFiles/blobby-server.dir/server/servermain.cpp.o
[ 68%] Building CXX object src/CMakeFiles/blobby.dir/SpeedController.cpp.o
[ 68%] Building CXX object src/CMakeFiles/blobby.dir/UserConfig.cpp.o
[ 70%] Building CXX object src/CMakeFiles/blobby.dir/PhysicState.cpp.o
[ 70%] Building CXX object src/CMakeFiles/blobby.dir/DuelMatchState.cpp.o
[ 70%] Building CXX object src/CMakeFiles/blobby.dir/GameLogicState.cpp.o
[ 73%] Building CXX object src/CMakeFiles/blobby.dir/InputSource.cpp.o
[ 73%] Building CXX object src/CMakeFiles/blobby.dir/PlayerInput.cpp.o
[ 73%] Building CXX object src/CMakeFiles/blobby.dir/IScriptableComponent.cpp.o
[ 73%] Building CXX object src/CMakeFiles/blobby.dir/PlayerIdentity.cpp.o
[ 75%] Building CXX object src/CMakeFiles/blobby.dir/server/DedicatedServer.cpp.o
[ 75%] Building CXX object src/CMakeFiles/blobby.dir/server/NetworkPlayer.cpp.o
[ 75%] Building CXX object src/CMakeFiles/blobby.dir/server/NetworkGame.cpp.o
[ 78%] Building CXX object src/CMakeFiles/blobby.dir/server/MatchMaker.cpp.o
[ 78%] Building CXX object src/CMakeFiles/blobby.dir/replays/ReplayRecorder.cpp.o
[ 78%] Building CXX object src/CMakeFiles/blobby.dir/replays/ReplaySavePoint.cpp.o
[ 80%] Building CXX object src/CMakeFiles/blobby.dir/Blood.cpp.o
[ 80%] Building CXX object src/CMakeFiles/blobby.dir/IMGUI.cpp.o
[ 80%] Building CXX object src/CMakeFiles/blobby.dir/TextManager.cpp.o
[ 80%] Building CXX object src/CMakeFiles/blobby.dir/InputManager.cpp.o
[ 82%] Building CXX object src/CMakeFiles/blobby.dir/LocalInputSource.cpp.o
[ 82%] Building CXX object src/CMakeFiles/blobby.dir/RenderManagerGL2D.cpp.o
[ 82%] Building CXX object src/CMakeFiles/blobby.dir/RenderManager.cpp.o
[ 85%] Building CXX object src/CMakeFiles/blobby.dir/RenderManagerSDL.cpp.o
[ 85%] Building CXX object src/CMakeFiles/blobby.dir/RenderManagerNull.cpp.o
[ 85%] Building CXX object src/CMakeFiles/blobby.dir/ScriptedInputSource.cpp.o
[ 85%] Building CXX object src/CMakeFiles/blobby.dir/SoundManager.cpp.o
[ 87%] Building CXX object src/CMakeFiles/blobby.dir/replays/ReplayPlayer.cpp.o
[ 87%] Building CXX object src/CMakeFiles/blobby.dir/replays/ReplayLoader.cpp.o
[ 87%] Building CXX object src/CMakeFiles/blobby.dir/state/State.cpp.o
[ 90%] Building CXX object src/CMakeFiles/blobby.dir/state/GameState.cpp.o
[ 90%] Building CXX object src/CMakeFiles/blobby.dir/state/LocalGameState.cpp.o
[ 90%] Building CXX object src/CMakeFiles/blobby.dir/state/NetworkState.cpp.o
[ 92%] Building CXX object src/CMakeFiles/blobby.dir/state/NetworkSearchState.cpp.o
[ 92%] Building CXX object src/CMakeFiles/blobby.dir/state/OptionsState.cpp.o
[ 92%] Building CXX object src/CMakeFiles/blobby.dir/state/ReplayState.cpp.o
[ 92%] Building CXX object src/CMakeFiles/blobby.dir/state/ReplaySelectionState.cpp.o
[ 95%] Building CXX object src/CMakeFiles/blobby.dir/state/LobbyStates.cpp.o
[ 95%] Building CXX object src/CMakeFiles/blobby.dir/input_device/JoystickInput.cpp.o
[ 95%] Building CXX object src/CMakeFiles/blobby.dir/input_device/JoystickPool.cpp.o
[ 97%] Building CXX object src/CMakeFiles/blobby.dir/input_device/KeyboardInput.cpp.o
[ 97%] Building CXX object src/CMakeFiles/blobby.dir/input_device/MouseInput.cpp.o
/build/blobby-volley-git/src/blobbyvolley2/src/state/LobbyStates.cpp:293:9: warning: ‘GEN_ID’ redefined
  293 | #define GEN_ID imgui.getNextId()
      |         ^~~~~~
In file included from /build/blobby-volley-git/src/blobbyvolley2/src/state/LobbyStates.h:8,
                 from /build/blobby-volley-git/src/blobbyvolley2/src/state/LobbyStates.cpp:22:
/build/blobby-volley-git/src/blobbyvolley2/src/state/State.h:32:9: note: this is the location of the previous definition
   32 | #define GEN_ID getIMGUI().getNextId()
      |         ^~~~~~
[ 97%] Building CXX object src/CMakeFiles/blobby.dir/input_device/TouchInput.cpp.o
[ 97%] Building CXX object src/CMakeFiles/blobby.dir/BlobbyApp.cpp.o
/build/blobby-volley-git/src/blobbyvolley2/src/state/NetworkState.cpp: In member function ‘virtual void NetworkGameState::step_impl()’:
/build/blobby-volley-git/src/blobbyvolley2/src/state/NetworkState.cpp:172:51: warning: dereferencing type-punned pointer will break strict-aliasing rules [-Wstrict-aliasing]
  172 |                                 stream.Read((int&)mWinningPlayer);
      |                                                   ^~~~~~~~~~~~~~
[ 97%] Linking CXX executable blobby-server
[100%] Linking CXX executable blobby
[100%] Built target blobby-server
[100%] Built target blobby
make: Leaving directory '/build/blobby-volley-git/src/build'
