-- The C compiler identification is GNU 15.2.1
-- Detecting C compiler ABI info
-- Detecting C compiler ABI info - done
-- Check for working C compiler: /usr/bin/cc - skipped
-- Detecting C compile features
-- Detecting C compile features - done
-- Found PkgConfig: /usr/bin/pkg-config (found version "2.5.1")
-- Checking for module 'libbluray>=1.2.0'
--   Found libbluray, version 1.3.4
-- Checking for module 'mpv'
--   Found mpv, version 2.5.0
-- Configuring done (0.3s)
-- Generating done (0.0s)
-- Build files have been written to: /build/bluray_info-git/src/bluray_info
/usr/bin/cmake -S/build/bluray_info-git/src/bluray_info -B/build/bluray_info-git/src/bluray_info --check-build-system CMakeFiles/Makefile.cmake 0
/usr/bin/cmake -E cmake_progress_start /build/bluray_info-git/src/bluray_info/CMakeFiles /build/bluray_info-git/src/bluray_info//CMakeFiles/progress.marks
make  -f CMakeFiles/Makefile2 all
make[1]: Entering directory '/build/bluray_info-git/src/bluray_info'
make  -f CMakeFiles/bluray_info.dir/build.make CMakeFiles/bluray_info.dir/depend
make  -f CMakeFiles/bluray_copy.dir/build.make CMakeFiles/bluray_copy.dir/depend
make  -f CMakeFiles/bluray_backup.dir/build.make CMakeFiles/bluray_backup.dir/depend
make  -f CMakeFiles/bluray_id.dir/build.make CMakeFiles/bluray_id.dir/depend
make  -f CMakeFiles/bluray_player.dir/build.make CMakeFiles/bluray_player.dir/depend
make[2]: Entering directory '/build/bluray_info-git/src/bluray_info'
cd /build/bluray_info-git/src/bluray_info && /usr/bin/cmake -E cmake_depends "Unix Makefiles" /build/bluray_info-git/src/bluray_info /build/bluray_info-git/src/bluray_info /build/bluray_info-git/src/bluray_info /build/bluray_info-git/src/bluray_info /build/bluray_info-git/src/bluray_info/CMakeFiles/bluray_copy.dir/DependInfo.cmake "--color="
make[2]: Entering directory '/build/bluray_info-git/src/bluray_info'
cd /build/bluray_info-git/src/bluray_info && /usr/bin/cmake -E cmake_depends "Unix Makefiles" /build/bluray_info-git/src/bluray_info /build/bluray_info-git/src/bluray_info /build/bluray_info-git/src/bluray_info /build/bluray_info-git/src/bluray_info /build/bluray_info-git/src/bluray_info/CMakeFiles/bluray_info.dir/DependInfo.cmake "--color="
make[2]: Entering directory '/build/bluray_info-git/src/bluray_info'
cd /build/bluray_info-git/src/bluray_info && /usr/bin/cmake -E cmake_depends "Unix Makefiles" /build/bluray_info-git/src/bluray_info /build/bluray_info-git/src/bluray_info /build/bluray_info-git/src/bluray_info /build/bluray_info-git/src/bluray_info /build/bluray_info-git/src/bluray_info/CMakeFiles/bluray_backup.dir/DependInfo.cmake "--color="
make[2]: Entering directory '/build/bluray_info-git/src/bluray_info'
cd /build/bluray_info-git/src/bluray_info && /usr/bin/cmake -E cmake_depends "Unix Makefiles" /build/bluray_info-git/src/bluray_info /build/bluray_info-git/src/bluray_info /build/bluray_info-git/src/bluray_info /build/bluray_info-git/src/bluray_info /build/bluray_info-git/src/bluray_info/CMakeFiles/bluray_id.dir/DependInfo.cmake "--color="
make[2]: Entering directory '/build/bluray_info-git/src/bluray_info'
cd /build/bluray_info-git/src/bluray_info && /usr/bin/cmake -E cmake_depends "Unix Makefiles" /build/bluray_info-git/src/bluray_info /build/bluray_info-git/src/bluray_info /build/bluray_info-git/src/bluray_info /build/bluray_info-git/src/bluray_info /build/bluray_info-git/src/bluray_info/CMakeFiles/bluray_player.dir/DependInfo.cmake "--color="
make[2]: Leaving directory '/build/bluray_info-git/src/bluray_info'
make[2]: Leaving directory '/build/bluray_info-git/src/bluray_info'
make  -f CMakeFiles/bluray_copy.dir/build.make CMakeFiles/bluray_copy.dir/build
make[2]: Leaving directory '/build/bluray_info-git/src/bluray_info'
make[2]: Leaving directory '/build/bluray_info-git/src/bluray_info'
make  -f CMakeFiles/bluray_backup.dir/build.make CMakeFiles/bluray_backup.dir/build
make  -f CMakeFiles/bluray_player.dir/build.make CMakeFiles/bluray_player.dir/build
make[2]: Leaving directory '/build/bluray_info-git/src/bluray_info'
make  -f CMakeFiles/bluray_info.dir/build.make CMakeFiles/bluray_info.dir/build
make  -f CMakeFiles/bluray_id.dir/build.make CMakeFiles/bluray_id.dir/build
make[2]: Entering directory '/build/bluray_info-git/src/bluray_info'
make[2]: Entering directory '/build/bluray_info-git/src/bluray_info'
make[2]: Entering directory '/build/bluray_info-git/src/bluray_info'
make[2]: Entering directory '/build/bluray_info-git/src/bluray_info'
make[2]: Entering directory '/build/bluray_info-git/src/bluray_info'
[  8%] Building C object CMakeFiles/bluray_copy.dir/bluray_time.c.o
[  8%] Building C object CMakeFiles/bluray_backup.dir/bluray_open.c.o
[ 12%] Building C object CMakeFiles/bluray_copy.dir/bluray_copy.c.o
[ 16%] Building C object CMakeFiles/bluray_copy.dir/bluray_open.c.o
[ 20%] Building C object CMakeFiles/bluray_info.dir/bluray_info.c.o
[ 32%] Building C object CMakeFiles/bluray_player.dir/bluray_player.c.o
[ 32%] Building C object CMakeFiles/bluray_player.dir/bluray_audio.c.o
[ 32%] Building C object CMakeFiles/bluray_backup.dir/bluray_backup.c.o
/usr/bin/cc   -march=x86-64 -mtune=generic -O2 -pipe -fno-plt -fexceptions         -Wp,-D_FORTIFY_SOURCE=3 -Wformat -Werror=format-security         -fstack-clash-protection -fcf-protection         -fno-omit-frame-pointer -mno-omit-leaf-frame-pointer -g -ffile-prefix-map=/build/bluray_info-git/src=/usr/src/debug/bluray_info-git -flto=auto -MD -MT CMakeFiles/bluray_backup.dir/bluray_open.c.o -MF CMakeFiles/bluray_backup.dir/bluray_open.c.o.d -o CMakeFiles/bluray_backup.dir/bluray_open.c.o -c /build/bluray_info-git/src/bluray_info/bluray_open.c
[ 40%] Building C object CMakeFiles/bluray_info.dir/bluray_open.c.o
[ 44%] Building C object CMakeFiles/bluray_player.dir/bluray_open.c.o
/usr/bin/cc   -march=x86-64 -mtune=generic -O2 -pipe -fno-plt -fexceptions         -Wp,-D_FORTIFY_SOURCE=3 -Wformat -Werror=format-security         -fstack-clash-protection -fcf-protection         -fno-omit-frame-pointer -mno-omit-leaf-frame-pointer -g -ffile-prefix-map=/build/bluray_info-git/src=/usr/src/debug/bluray_info-git -flto=auto -MD -MT CMakeFiles/bluray_copy.dir/bluray_copy.c.o -MF CMakeFiles/bluray_copy.dir/bluray_copy.c.o.d -o CMakeFiles/bluray_copy.dir/bluray_copy.c.o -c /build/bluray_info-git/src/bluray_info/bluray_copy.c
[ 48%] Building C object CMakeFiles/bluray_player.dir/bluray_video.c.o
[ 48%] Building C object CMakeFiles/bluray_backup.dir/bluray_time.c.o
/usr/bin/cc   -march=x86-64 -mtune=generic -O2 -pipe -fno-plt -fexceptions         -Wp,-D_FORTIFY_SOURCE=3 -Wformat -Werror=format-security         -fstack-clash-protection -fcf-protection         -fno-omit-frame-pointer -mno-omit-leaf-frame-pointer -g -ffile-prefix-map=/build/bluray_info-git/src=/usr/src/debug/bluray_info-git -flto=auto -MD -MT CMakeFiles/bluray_copy.dir/bluray_time.c.o -MF CMakeFiles/bluray_copy.dir/bluray_time.c.o.d -o CMakeFiles/bluray_copy.dir/bluray_time.c.o -c /build/bluray_info-git/src/bluray_info/bluray_time.c
/usr/bin/cc   -march=x86-64 -mtune=generic -O2 -pipe -fno-plt -fexceptions         -Wp,-D_FORTIFY_SOURCE=3 -Wformat -Werror=format-security         -fstack-clash-protection -fcf-protection         -fno-omit-frame-pointer -mno-omit-leaf-frame-pointer -g -ffile-prefix-map=/build/bluray_info-git/src=/usr/src/debug/bluray_info-git -flto=auto -MD -MT CMakeFiles/bluray_copy.dir/bluray_open.c.o -MF CMakeFiles/bluray_copy.dir/bluray_open.c.o.d -o CMakeFiles/bluray_copy.dir/bluray_open.c.o -c /build/bluray_info-git/src/bluray_info/bluray_open.c
/usr/bin/cc   -march=x86-64 -mtune=generic -O2 -pipe -fno-plt -fexceptions         -Wp,-D_FORTIFY_SOURCE=3 -Wformat -Werror=format-security         -fstack-clash-protection -fcf-protection         -fno-omit-frame-pointer -mno-omit-leaf-frame-pointer -g -ffile-prefix-map=/build/bluray_info-git/src=/usr/src/debug/bluray_info-git -flto=auto -MD -MT CMakeFiles/bluray_info.dir/bluray_info.c.o -MF CMakeFiles/bluray_info.dir/bluray_info.c.o.d -o CMakeFiles/bluray_info.dir/bluray_info.c.o -c /build/bluray_info-git/src/bluray_info/bluray_info.c
[ 64%] Building C object CMakeFiles/bluray_id.dir/bluray_id.c.o
[ 64%] Building C object CMakeFiles/bluray_info.dir/bluray_video.c.o
[ 64%] Building C object CMakeFiles/bluray_player.dir/bluray_pgs.c.o
[ 64%] Building C object CMakeFiles/bluray_info.dir/bluray_chapter.c.o
/usr/bin/cc   -march=x86-64 -mtune=generic -O2 -pipe -fno-plt -fexceptions         -Wp,-D_FORTIFY_SOURCE=3 -Wformat -Werror=format-security         -fstack-clash-protection -fcf-protection         -fno-omit-frame-pointer -mno-omit-leaf-frame-pointer -g -ffile-prefix-map=/build/bluray_info-git/src=/usr/src/debug/bluray_info-git -flto=auto -MD -MT CMakeFiles/bluray_player.dir/bluray_audio.c.o -MF CMakeFiles/bluray_player.dir/bluray_audio.c.o.d -o CMakeFiles/bluray_player.dir/bluray_audio.c.o -c /build/bluray_info-git/src/bluray_info/bluray_audio.c
/usr/bin/cc   -march=x86-64 -mtune=generic -O2 -pipe -fno-plt -fexceptions         -Wp,-D_FORTIFY_SOURCE=3 -Wformat -Werror=format-security         -fstack-clash-protection -fcf-protection         -fno-omit-frame-pointer -mno-omit-leaf-frame-pointer -g -ffile-prefix-map=/build/bluray_info-git/src=/usr/src/debug/bluray_info-git -flto=auto -MD -MT CMakeFiles/bluray_info.dir/bluray_open.c.o -MF CMakeFiles/bluray_info.dir/bluray_open.c.o.d -o CMakeFiles/bluray_info.dir/bluray_open.c.o -c /build/bluray_info-git/src/bluray_info/bluray_open.c
/usr/bin/cc   -march=x86-64 -mtune=generic -O2 -pipe -fno-plt -fexceptions         -Wp,-D_FORTIFY_SOURCE=3 -Wformat -Werror=format-security         -fstack-clash-protection -fcf-protection         -fno-omit-frame-pointer -mno-omit-leaf-frame-pointer -g -ffile-prefix-map=/build/bluray_info-git/src=/usr/src/debug/bluray_info-git -flto=auto -MD -MT CMakeFiles/bluray_backup.dir/bluray_backup.c.o -MF CMakeFiles/bluray_backup.dir/bluray_backup.c.o.d -o CMakeFiles/bluray_backup.dir/bluray_backup.c.o -c /build/bluray_info-git/src/bluray_info/bluray_backup.c
/usr/bin/cc   -march=x86-64 -mtune=generic -O2 -pipe -fno-plt -fexceptions         -Wp,-D_FORTIFY_SOURCE=3 -Wformat -Werror=format-security         -fstack-clash-protection -fcf-protection         -fno-omit-frame-pointer -mno-omit-leaf-frame-pointer -g -ffile-prefix-map=/build/bluray_info-git/src=/usr/src/debug/bluray_info-git -flto=auto -MD -MT CMakeFiles/bluray_player.dir/bluray_player.c.o -MF CMakeFiles/bluray_player.dir/bluray_player.c.o.d -o CMakeFiles/bluray_player.dir/bluray_player.c.o -c /build/bluray_info-git/src/bluray_info/bluray_player.c
/usr/bin/cc   -march=x86-64 -mtune=generic -O2 -pipe -fno-plt -fexceptions         -Wp,-D_FORTIFY_SOURCE=3 -Wformat -Werror=format-security         -fstack-clash-protection -fcf-protection         -fno-omit-frame-pointer -mno-omit-leaf-frame-pointer -g -ffile-prefix-map=/build/bluray_info-git/src=/usr/src/debug/bluray_info-git -flto=auto -MD -MT CMakeFiles/bluray_backup.dir/bluray_time.c.o -MF CMakeFiles/bluray_backup.dir/bluray_time.c.o.d -o CMakeFiles/bluray_backup.dir/bluray_time.c.o -c /build/bluray_info-git/src/bluray_info/bluray_time.c
[ 68%] Building C object CMakeFiles/bluray_info.dir/bluray_pgs.c.o
[ 72%] Building C object CMakeFiles/bluray_info.dir/bluray_audio.c.o
/usr/bin/cc   -march=x86-64 -mtune=generic -O2 -pipe -fno-plt -fexceptions         -Wp,-D_FORTIFY_SOURCE=3 -Wformat -Werror=format-security         -fstack-clash-protection -fcf-protection         -fno-omit-frame-pointer -mno-omit-leaf-frame-pointer -g -ffile-prefix-map=/build/bluray_info-git/src=/usr/src/debug/bluray_info-git -flto=auto -MD -MT CMakeFiles/bluray_player.dir/bluray_open.c.o -MF CMakeFiles/bluray_player.dir/bluray_open.c.o.d -o CMakeFiles/bluray_player.dir/bluray_open.c.o -c /build/bluray_info-git/src/bluray_info/bluray_open.c
[ 76%] Building C object CMakeFiles/bluray_info.dir/bluray_time.c.o
[ 80%] Building C object CMakeFiles/bluray_player.dir/bluray_time.c.o
/usr/bin/cc   -march=x86-64 -mtune=generic -O2 -pipe -fno-plt -fexceptions         -Wp,-D_FORTIFY_SOURCE=3 -Wformat -Werror=format-security         -fstack-clash-protection -fcf-protection         -fno-omit-frame-pointer -mno-omit-leaf-frame-pointer -g -ffile-prefix-map=/build/bluray_info-git/src=/usr/src/debug/bluray_info-git -flto=auto -MD -MT CMakeFiles/bluray_player.dir/bluray_video.c.o -MF CMakeFiles/bluray_player.dir/bluray_video.c.o.d -o CMakeFiles/bluray_player.dir/bluray_video.c.o -c /build/bluray_info-git/src/bluray_info/bluray_video.c
/usr/bin/cc   -march=x86-64 -mtune=generic -O2 -pipe -fno-plt -fexceptions         -Wp,-D_FORTIFY_SOURCE=3 -Wformat -Werror=format-security         -fstack-clash-protection -fcf-protection         -fno-omit-frame-pointer -mno-omit-leaf-frame-pointer -g -ffile-prefix-map=/build/bluray_info-git/src=/usr/src/debug/bluray_info-git -flto=auto -MD -MT CMakeFiles/bluray_info.dir/bluray_video.c.o -MF CMakeFiles/bluray_info.dir/bluray_video.c.o.d -o CMakeFiles/bluray_info.dir/bluray_video.c.o -c /build/bluray_info-git/src/bluray_info/bluray_video.c
/usr/bin/cc   -march=x86-64 -mtune=generic -O2 -pipe -fno-plt -fexceptions         -Wp,-D_FORTIFY_SOURCE=3 -Wformat -Werror=format-security         -fstack-clash-protection -fcf-protection         -fno-omit-frame-pointer -mno-omit-leaf-frame-pointer -g -ffile-prefix-map=/build/bluray_info-git/src=/usr/src/debug/bluray_info-git -flto=auto -MD -MT CMakeFiles/bluray_id.dir/bluray_id.c.o -MF CMakeFiles/bluray_id.dir/bluray_id.c.o.d -o CMakeFiles/bluray_id.dir/bluray_id.c.o -c /build/bluray_info-git/src/bluray_info/bluray_id.c
/usr/bin/cc   -march=x86-64 -mtune=generic -O2 -pipe -fno-plt -fexceptions         -Wp,-D_FORTIFY_SOURCE=3 -Wformat -Werror=format-security         -fstack-clash-protection -fcf-protection         -fno-omit-frame-pointer -mno-omit-leaf-frame-pointer -g -ffile-prefix-map=/build/bluray_info-git/src=/usr/src/debug/bluray_info-git -flto=auto -MD -MT CMakeFiles/bluray_info.dir/bluray_chapter.c.o -MF CMakeFiles/bluray_info.dir/bluray_chapter.c.o.d -o CMakeFiles/bluray_info.dir/bluray_chapter.c.o -c /build/bluray_info-git/src/bluray_info/bluray_chapter.c
/usr/bin/cc   -march=x86-64 -mtune=generic -O2 -pipe -fno-plt -fexceptions         -Wp,-D_FORTIFY_SOURCE=3 -Wformat -Werror=format-security         -fstack-clash-protection -fcf-protection         -fno-omit-frame-pointer -mno-omit-leaf-frame-pointer -g -ffile-prefix-map=/build/bluray_info-git/src=/usr/src/debug/bluray_info-git -flto=auto -MD -MT CMakeFiles/bluray_player.dir/bluray_pgs.c.o -MF CMakeFiles/bluray_player.dir/bluray_pgs.c.o.d -o CMakeFiles/bluray_player.dir/bluray_pgs.c.o -c /build/bluray_info-git/src/bluray_info/bluray_pgs.c
/usr/bin/cc   -march=x86-64 -mtune=generic -O2 -pipe -fno-plt -fexceptions         -Wp,-D_FORTIFY_SOURCE=3 -Wformat -Werror=format-security         -fstack-clash-protection -fcf-protection         -fno-omit-frame-pointer -mno-omit-leaf-frame-pointer -g -ffile-prefix-map=/build/bluray_info-git/src=/usr/src/debug/bluray_info-git -flto=auto -MD -MT CMakeFiles/bluray_player.dir/bluray_time.c.o -MF CMakeFiles/bluray_player.dir/bluray_time.c.o.d -o CMakeFiles/bluray_player.dir/bluray_time.c.o -c /build/bluray_info-git/src/bluray_info/bluray_time.c
/usr/bin/cc   -march=x86-64 -mtune=generic -O2 -pipe -fno-plt -fexceptions         -Wp,-D_FORTIFY_SOURCE=3 -Wformat -Werror=format-security         -fstack-clash-protection -fcf-protection         -fno-omit-frame-pointer -mno-omit-leaf-frame-pointer -g -ffile-prefix-map=/build/bluray_info-git/src=/usr/src/debug/bluray_info-git -flto=auto -MD -MT CMakeFiles/bluray_info.dir/bluray_audio.c.o -MF CMakeFiles/bluray_info.dir/bluray_audio.c.o.d -o CMakeFiles/bluray_info.dir/bluray_audio.c.o -c /build/bluray_info-git/src/bluray_info/bluray_audio.c
/usr/bin/cc   -march=x86-64 -mtune=generic -O2 -pipe -fno-plt -fexceptions         -Wp,-D_FORTIFY_SOURCE=3 -Wformat -Werror=format-security         -fstack-clash-protection -fcf-protection         -fno-omit-frame-pointer -mno-omit-leaf-frame-pointer -g -ffile-prefix-map=/build/bluray_info-git/src=/usr/src/debug/bluray_info-git -flto=auto -MD -MT CMakeFiles/bluray_info.dir/bluray_pgs.c.o -MF CMakeFiles/bluray_info.dir/bluray_pgs.c.o.d -o CMakeFiles/bluray_info.dir/bluray_pgs.c.o -c /build/bluray_info-git/src/bluray_info/bluray_pgs.c
/usr/bin/cc   -march=x86-64 -mtune=generic -O2 -pipe -fno-plt -fexceptions         -Wp,-D_FORTIFY_SOURCE=3 -Wformat -Werror=format-security         -fstack-clash-protection -fcf-protection         -fno-omit-frame-pointer -mno-omit-leaf-frame-pointer -g -ffile-prefix-map=/build/bluray_info-git/src=/usr/src/debug/bluray_info-git -flto=auto -MD -MT CMakeFiles/bluray_info.dir/bluray_time.c.o -MF CMakeFiles/bluray_info.dir/bluray_time.c.o.d -o CMakeFiles/bluray_info.dir/bluray_time.c.o -c /build/bluray_info-git/src/bluray_info/bluray_time.c
/build/bluray_info-git/src/bluray_info/bluray_id.c: In function ‘main’:
/build/bluray_info-git/src/bluray_info/bluray_id.c:202:9: warning: ignoring return value of ‘system’ declared with attribute ‘warn_unused_result’ [-Wunused-result]
  202 |         system(str_command);
      |         ^~~~~~~~~~~~~~~~~~~
[ 84%] Linking C executable bluray_id
/usr/bin/cmake -E cmake_link_script CMakeFiles/bluray_id.dir/link.txt --verbose=1
[ 88%] Linking C executable bluray_player
/usr/bin/cmake -E cmake_link_script CMakeFiles/bluray_player.dir/link.txt --verbose=1
[ 92%] Linking C executable bluray_copy
/usr/bin/cmake -E cmake_link_script CMakeFiles/bluray_copy.dir/link.txt --verbose=1
[ 96%] Linking C executable bluray_backup
/usr/bin/cmake -E cmake_link_script CMakeFiles/bluray_backup.dir/link.txt --verbose=1
[100%] Linking C executable bluray_info
/usr/bin/cmake -E cmake_link_script CMakeFiles/bluray_info.dir/link.txt --verbose=1
/usr/bin/cc -march=x86-64 -mtune=generic -O2 -pipe -fno-plt -fexceptions         -Wp,-D_FORTIFY_SOURCE=3 -Wformat -Werror=format-security         -fstack-clash-protection -fcf-protection         -fno-omit-frame-pointer -mno-omit-leaf-frame-pointer -g -ffile-prefix-map=/build/bluray_info-git/src=/usr/src/debug/bluray_info-git -flto=auto -Wl,-O1 -Wl,--sort-common -Wl,--as-needed -Wl,-z,relro -Wl,-z,now          -Wl,-z,pack-relative-relocs -flto=auto -Wl,--dependency-file=CMakeFiles/bluray_id.dir/link.d CMakeFiles/bluray_id.dir/bluray_id.c.o -o bluray_id  -lbluray
make[2]: Leaving directory '/build/bluray_info-git/src/bluray_info'
[100%] Built target bluray_id
/usr/bin/cc -march=x86-64 -mtune=generic -O2 -pipe -fno-plt -fexceptions         -Wp,-D_FORTIFY_SOURCE=3 -Wformat -Werror=format-security         -fstack-clash-protection -fcf-protection         -fno-omit-frame-pointer -mno-omit-leaf-frame-pointer -g -ffile-prefix-map=/build/bluray_info-git/src=/usr/src/debug/bluray_info-git -flto=auto -Wl,-O1 -Wl,--sort-common -Wl,--as-needed -Wl,-z,relro -Wl,-z,now          -Wl,-z,pack-relative-relocs -flto=auto -Wl,--dependency-file=CMakeFiles/bluray_backup.dir/link.d CMakeFiles/bluray_backup.dir/bluray_backup.c.o CMakeFiles/bluray_backup.dir/bluray_open.c.o CMakeFiles/bluray_backup.dir/bluray_time.c.o -o bluray_backup  -lbluray -lm
make[2]: Leaving directory '/build/bluray_info-git/src/bluray_info'
[100%] Built target bluray_backup
/usr/bin/cc -march=x86-64 -mtune=generic -O2 -pipe -fno-plt -fexceptions         -Wp,-D_FORTIFY_SOURCE=3 -Wformat -Werror=format-security         -fstack-clash-protection -fcf-protection         -fno-omit-frame-pointer -mno-omit-leaf-frame-pointer -g -ffile-prefix-map=/build/bluray_info-git/src=/usr/src/debug/bluray_info-git -flto=auto -Wl,-O1 -Wl,--sort-common -Wl,--as-needed -Wl,-z,relro -Wl,-z,now          -Wl,-z,pack-relative-relocs -flto=auto -Wl,--dependency-file=CMakeFiles/bluray_copy.dir/link.d CMakeFiles/bluray_copy.dir/bluray_copy.c.o CMakeFiles/bluray_copy.dir/bluray_open.c.o CMakeFiles/bluray_copy.dir/bluray_time.c.o -o bluray_copy  -lbluray -lm
make[2]: Leaving directory '/build/bluray_info-git/src/bluray_info'
[100%] Built target bluray_copy
/usr/bin/cc -march=x86-64 -mtune=generic -O2 -pipe -fno-plt -fexceptions         -Wp,-D_FORTIFY_SOURCE=3 -Wformat -Werror=format-security         -fstack-clash-protection -fcf-protection         -fno-omit-frame-pointer -mno-omit-leaf-frame-pointer -g -ffile-prefix-map=/build/bluray_info-git/src=/usr/src/debug/bluray_info-git -flto=auto -Wl,-O1 -Wl,--sort-common -Wl,--as-needed -Wl,-z,relro -Wl,-z,now          -Wl,-z,pack-relative-relocs -flto=auto -Wl,--dependency-file=CMakeFiles/bluray_info.dir/link.d CMakeFiles/bluray_info.dir/bluray_info.c.o CMakeFiles/bluray_info.dir/bluray_open.c.o CMakeFiles/bluray_info.dir/bluray_chapter.c.o CMakeFiles/bluray_info.dir/bluray_video.c.o CMakeFiles/bluray_info.dir/bluray_audio.c.o CMakeFiles/bluray_info.dir/bluray_pgs.c.o CMakeFiles/bluray_info.dir/bluray_time.c.o -o bluray_info  -lbluray -lm
make[2]: Leaving directory '/build/bluray_info-git/src/bluray_info'
[100%] Built target bluray_info
/usr/bin/cc -march=x86-64 -mtune=generic -O2 -pipe -fno-plt -fexceptions         -Wp,-D_FORTIFY_SOURCE=3 -Wformat -Werror=format-security         -fstack-clash-protection -fcf-protection         -fno-omit-frame-pointer -mno-omit-leaf-frame-pointer -g -ffile-prefix-map=/build/bluray_info-git/src=/usr/src/debug/bluray_info-git -flto=auto -Wl,-O1 -Wl,--sort-common -Wl,--as-needed -Wl,-z,relro -Wl,-z,now          -Wl,-z,pack-relative-relocs -flto=auto -Wl,--dependency-file=CMakeFiles/bluray_player.dir/link.d CMakeFiles/bluray_player.dir/bluray_player.c.o CMakeFiles/bluray_player.dir/bluray_open.c.o CMakeFiles/bluray_player.dir/bluray_video.c.o CMakeFiles/bluray_player.dir/bluray_audio.c.o CMakeFiles/bluray_player.dir/bluray_pgs.c.o CMakeFiles/bluray_player.dir/bluray_time.c.o -o bluray_player  -lbluray -lm -lmpv
make[2]: Leaving directory '/build/bluray_info-git/src/bluray_info'
[100%] Built target bluray_player
make[1]: Leaving directory '/build/bluray_info-git/src/bluray_info'
/usr/bin/cmake -E cmake_progress_start /build/bluray_info-git/src/bluray_info/CMakeFiles 0
