-- The C compiler identification is GNU 15.1.1
-- The CXX compiler identification is GNU 15.1.1
-- Detecting C compiler ABI info
-- Detecting C compiler ABI info - done
-- Check for working C compiler: /usr/bin/cc - skipped
-- Detecting C compile features
-- Detecting C compile features - done
-- Detecting CXX compiler ABI info
-- Detecting CXX compiler ABI info - done
-- Check for working CXX compiler: /usr/bin/c++ - skipped
-- Detecting CXX compile features
-- Detecting CXX compile features - done
-- Found PkgConfig: /usr/bin/pkg-config (found version "2.5.1")
-- Found ZLIB: /usr/lib/libz.so (found version "1.3.1")
-- *****************************************************
-- * boomaga ver. 3.0.0
-- *  
-- *  
-- * You can change the following directories using cmake options like:
-- * -DCUPS_PPD_DIR=your_path
-- *  
-- *   CUPS_BACKEND_DIR     =  /usr/lib/cups/backend
-- *   CUPS_PPD_DIR         =  /usr/share/ppd/boomaga
-- *   DBUS_SERVICE_DIR     =  /usr/share/dbus-1/services
-- *  
-- *  You can change the following options using cmake options:
-- *   CUPS_BACKEND_URI     =  boomaga:/
-- *   CUPS_BACKEND_INFO    =  Boomaga
-- *   CUPS_BACKEND_MODEL   =  Boomaga printer
-- *   CUPS_BACKEND_DESCRIPTION  = Virtual boomaga printer
-- *   CUPS_BACKEND_MANUFACTURER = Generic
-- *  
-- * For building tests use -DBUILD_TESTS=Yes option.
-- * For building SELinux rules use -DSELINUX=Yes option.
-- *****************************************************
-- Configuring done (0.6s)
-- Generating done (0.0s)
-- Build files have been written to: /build/boomaga/src/build
[  2%] Building CXX object src/backend/cups_backend/CMakeFiles/cups_backend.dir/__/__/common.cpp.o
[  2%] Building CXX object src/backend/cups_backend/CMakeFiles/cups_backend.dir/main.cpp.o
[  2%] Built target boomaga_autogen_timestamp_deps
[  4%] Automatic MOC and UIC for target boomaga
[  5%] Linking CXX executable boomaga
[  5%] Built target boomaga_autogen
[  8%] Generating boomaga_el.qm
[  8%] Generating boomaga_fr.qm
[ 10%] Generating boomaga_eu.qm
[ 11%] Generating boomaga_cs.qm
[ 15%] Generating boomaga_nl_NL.qm
[ 15%] Generating boomaga_de.qm
[ 15%] Generating boomaga_nb_NO.qm
[ 17%] Generating qrc_translatorsinfo.cpp
[ 18%] Generating boomaga_hu_HU.qm
[ 20%] Generating boomaga_it.qm
[ 21%] Generating boomaga_lt.qm
[ 23%] Generating boomaga_ro.qm
[ 24%] Generating boomaga_pl_PL.qm
[ 27%] Generating boomaga_uz@Latn.qm
[ 26%] Generating boomaga_uk_UA.qm
[ 28%] Generating boomaga_ru.qm
[ 31%] Generating qrc_mainicon.cpp
[ 31%] Generating qrc_icons.cpp
Updating '/build/boomaga/src/build/src/boomaga/boomaga_el.qm'...
Updating '/build/boomaga/src/build/src/boomaga/boomaga_eu.qm'...
Updating '/build/boomaga/src/build/src/boomaga/boomaga_de.qm'...
Updating '/build/boomaga/src/build/src/boomaga/boomaga_nl_NL.qm'...
    Generated 67 translation(s) (67 finished and 0 unfinished)
    Ignored 105 untranslated source text(s)
    Generated 170 translation(s) (170 finished and 0 unfinished)
    Ignored 2 untranslated source text(s)
Updating '/build/boomaga/src/build/src/boomaga/boomaga_fr.qm'...
    Generated 172 translation(s) (172 finished and 0 unfinished)
    Generated 162 translation(s) (162 finished and 0 unfinished)
    Ignored 10 untranslated source text(s)
Updating '/build/boomaga/src/build/src/boomaga/boomaga_hu_HU.qm'...
Updating '/build/boomaga/src/build/src/boomaga/boomaga_cs.qm'...
Updating '/build/boomaga/src/build/src/boomaga/boomaga_nb_NO.qm'...
    Generated 172 translation(s) (172 finished and 0 unfinished)
Updating '/build/boomaga/src/build/src/boomaga/boomaga_lt.qm'...
    Generated 168 translation(s) (168 finished and 0 unfinished)
    Ignored 4 untranslated source text(s)
    Generated 172 translation(s) (172 finished and 0 unfinished)
    Generated 172 translation(s) (172 finished and 0 unfinished)
Updating '/build/boomaga/src/build/src/boomaga/boomaga_it.qm'...
    Generated 172 translation(s) (172 finished and 0 unfinished)
    Generated 172 translation(s) (172 finished and 0 unfinished)
Updating '/build/boomaga/src/build/src/boomaga/boomaga_ro.qm'...
    Generated 138 translation(s) (138 finished and 0 unfinished)
    Ignored 34 untranslated source text(s)
Updating '/build/boomaga/src/build/src/boomaga/boomaga_pl_PL.qm'...
    Generated 6 translation(s) (6 finished and 0 unfinished)
    Ignored 166 untranslated source text(s)
Updating '/build/boomaga/src/build/src/boomaga/boomaga_ru.qm'...
    Generated 172 translation(s) (172 finished and 0 unfinished)
Updating '/build/boomaga/src/build/src/boomaga/boomaga_uz@Latn.qm'...
Updating '/build/boomaga/src/build/src/boomaga/boomaga_uk_UA.qm'...
    Generated 51 translation(s) (51 finished and 0 unfinished)
    Ignored 121 untranslated source text(s)
    Generated 169 translation(s) (169 finished and 0 unfinished)
    Ignored 3 untranslated source text(s)
[ 33%] Building CXX object src/boomaga/CMakeFiles/boomaga.dir/dbus.cpp.o
[ 34%] Building CXX object src/boomaga/CMakeFiles/boomaga.dir/boomaga_autogen/mocs_compilation.cpp.o
[ 36%] Building CXX object src/boomaga/CMakeFiles/boomaga.dir/render.cpp.o
[ 37%] Building CXX object src/boomaga/CMakeFiles/boomaga.dir/main.cpp.o
[ 40%] Building CXX object src/boomaga/CMakeFiles/boomaga.dir/kernel/tmppdffile.cpp.o
[ 40%] Building CXX object src/boomaga/CMakeFiles/boomaga.dir/settings.cpp.o
[ 43%] Building CXX object src/boomaga/CMakeFiles/boomaga.dir/boomagatypes.cpp.o
[ 43%] Building CXX object src/boomaga/CMakeFiles/boomaga.dir/finddbusaddress.cpp.o
[ 44%] Building CXX object src/boomaga/CMakeFiles/boomaga.dir/__/common.cpp.o
[ 46%] Building CXX object src/boomaga/CMakeFiles/boomaga.dir/kernel/sheet.cpp.o
[ 47%] Building CXX object src/boomaga/CMakeFiles/boomaga.dir/kernel/job.cpp.o
[ 49%] Building CXX object src/boomaga/CMakeFiles/boomaga.dir/kernel/layout.cpp.o
[ 50%] Building CXX object src/boomaga/CMakeFiles/boomaga.dir/kernel/projectpage.cpp.o
[ 52%] Building CXX object src/boomaga/CMakeFiles/boomaga.dir/kernel/cupsprinteroptions.cpp.o
[ 53%] Building CXX object src/boomaga/CMakeFiles/boomaga.dir/kernel/project.cpp.o
[ 56%] Building CXX object src/boomaga/CMakeFiles/boomaga.dir/kernel/pdfprocessor.cpp.o
[ 56%] Building CXX object src/boomaga/CMakeFiles/boomaga.dir/kernel/printer.cpp.o
[ 57%] Building CXX object src/boomaga/CMakeFiles/boomaga.dir/iofiles/pdffile.cpp.o
[ 59%] Building CXX object src/boomaga/CMakeFiles/boomaga.dir/iofiles/infile.cpp.o
[ 59%] Built target cups_backend
[ 60%] Building CXX object src/boomaga/CMakeFiles/boomaga.dir/iofiles/boofile.cpp.o
[ 62%] Building CXX object src/boomaga/CMakeFiles/boomaga.dir/iofiles/cupsboofile.cpp.o
/build/boomaga/src/boomaga-3.0.0/src/boomaga/kernel/sheet.cpp: In constructor ‘Sheet::Sheet(int, int)’:
/build/boomaga/src/boomaga-3.0.0/src/boomaga/kernel/sheet.cpp:39:5: warning: ‘constexpr QFlags<T>::QFlags(Zero) [with Enum = Sheet::Hint; Zero = int QFlags<Sheet::Hint>::Private::*]’ is deprecated: Use default constructor instead [-Wdeprecated-declarations]
   39 |     mHints(0),
      |     ^~~~~~~~~
In file included from /usr/include/qt/QtCore/qglobal.h:1307,
                 from /usr/include/qt/QtCore/QtGlobal:1,
                 from /build/boomaga/src/boomaga-3.0.0/src/boomaga/kernel/sheet.h:30,
                 from /build/boomaga/src/boomaga-3.0.0/src/boomaga/kernel/sheet.cpp:27:
/usr/include/qt/QtCore/qflags.h:123:80: note: declared here
  123 |     QT_DEPRECATED_X("Use default constructor instead") Q_DECL_CONSTEXPR inline QFlags(Zero) noexcept : i(0) {}
      |                                                                                ^~~~~~
/build/boomaga/src/boomaga-3.0.0/src/boomaga/kernel/cupsprinteroptions.cpp: In function ‘void findGrayScaleOption(ppd_file_t*, QString*, QString*)’:
/build/boomaga/src/boomaga-3.0.0/src/boomaga/kernel/cupsprinteroptions.cpp:53:46: warning: ‘ppd_option_t* ppdFindOption(ppd_file_t*, const char*)’ is deprecated: Use cupsCopyDestInfo and friends instead. [-Wdeprecated-declarations]
   53 |         ppd_option_t *option  = ppdFindOption(ppd, cases[i].toLatin1().data());
      |                                 ~~~~~~~~~~~~~^~~~~~~~~~~~~~~~~~~~~~~~~~~~~~~~~
In file included from /build/boomaga/src/boomaga-3.0.0/src/boomaga/kernel/cupsprinteroptions.cpp:29:
/usr/include/cups/ppd.h:381:26: note: declared here
  381 | extern ppd_option_t     *ppdFindOption(ppd_file_t *ppd, const char *keyword)
      |                          ^~~~~~~~~~~~~
/build/boomaga/src/boomaga-3.0.0/src/boomaga/kernel/cupsprinteroptions.cpp:54:36: warning: ‘ppd_choice_t* ppdFindChoice(ppd_option_t*, const char*)’ is deprecated: Use cupsCopyDestInfo and friends instead. [-Wdeprecated-declarations]
   54 |         if (option && ppdFindChoice(option, cases[i+1].toLatin1().data()))
      |                       ~~~~~~~~~~~~~^~~~~~~~~~~~~~~~~~~~~~~~~~~~~~~~~~~~~~
/usr/include/cups/ppd.h:376:26: note: declared here
  376 | extern ppd_choice_t     *ppdFindChoice(ppd_option_t *o, const char *option)
      |                          ^~~~~~~~~~~~~
/build/boomaga/src/boomaga-3.0.0/src/boomaga/kernel/cupsprinteroptions.cpp: In constructor ‘CupsPrinterOptions::CupsPrinterOptions(const QString&)’:
/build/boomaga/src/boomaga-3.0.0/src/boomaga/kernel/cupsprinteroptions.cpp:100:38: warning: ‘const char* cupsGetPPD(const char*)’ is deprecated: Use cupsCopyDestInfo and friends instead. [-Wdeprecated-declarations]
  100 |     const char * ppdFile = cupsGetPPD(printerName.toLocal8Bit().data());
      |                            ~~~~~~~~~~^~~~~~~~~~~~~~~~~~~~~~~~~~~~~~~~~~
/usr/include/cups/ppd.h:359:26: note: declared here
  359 | extern const char       *cupsGetPPD(const char *name) _CUPS_DEPRECATED_1_6_MSG("Use cupsCopyDestInfo and friends instead.");
      |                          ^~~~~~~~~~
/build/boomaga/src/boomaga-3.0.0/src/boomaga/kernel/cupsprinteroptions.cpp:103:38: warning: ‘ppd_file_t* ppdOpenFile(const char*)’ is deprecated: Use cupsCopyDestInfo and friends instead. [-Wdeprecated-declarations]
  103 |         ppd_file_t *ppd = ppdOpenFile(ppdFile);
      |                           ~~~~~~~~~~~^~~~~~~~~
/usr/include/cups/ppd.h:390:26: note: declared here
  390 | extern ppd_file_t       *ppdOpenFile(const char *filename) _CUPS_DEPRECATED_1_6_MSG("Use cupsCopyDestInfo and friends instead.");
      |                          ^~~~~~~~~~~
/build/boomaga/src/boomaga-3.0.0/src/boomaga/kernel/cupsprinteroptions.cpp:106:28: warning: ‘void ppdMarkDefaults(ppd_file_t*)’ is deprecated: Use cupsCopyDestInfo and friends instead. [-Wdeprecated-declarations]
  106 |             ppdMarkDefaults(ppd);
      |             ~~~~~~~~~~~~~~~^~~~~
/usr/include/cups/ppd.h:385:25: note: declared here
  385 | extern void             ppdMarkDefaults(ppd_file_t *ppd) _CUPS_DEPRECATED_1_6_MSG("Use cupsCopyDestInfo and friends instead.");
      |                         ^~~~~~~~~~~~~~~
/build/boomaga/src/boomaga-3.0.0/src/boomaga/kernel/cupsprinteroptions.cpp:108:43: warning: ‘ppd_size_t* ppdPageSize(ppd_file_t*, const char*)’ is deprecated: Use cupsCopyDestInfo and friends instead. [-Wdeprecated-declarations]
  108 |             ppd_size_t *size = ppdPageSize(ppd, 0);
      |                                ~~~~~~~~~~~^~~~~~~~
/usr/include/cups/ppd.h:393:26: note: declared here
  393 | extern ppd_size_t       *ppdPageSize(ppd_file_t *ppd, const char *name)
      |                          ^~~~~~~~~~~
/build/boomaga/src/boomaga-3.0.0/src/boomaga/kernel/cupsprinteroptions.cpp:118:45: warning: ‘int ppdIsMarked(ppd_file_t*, const char*, const char*)’ is deprecated: Use cupsCopyDestInfo and friends instead. [-Wdeprecated-declarations]
  118 |             mDuplex = mDuplex || ppdIsMarked(ppd, "Duplex",     "DuplexNoTumble");
      |                                  ~~~~~~~~~~~^~~~~~~~~~~~~~~~~~~~~~~~~~~~~~~~~~~~~
/usr/include/cups/ppd.h:383:25: note: declared here
  383 | extern int              ppdIsMarked(ppd_file_t *ppd, const char *keyword,
      |                         ^~~~~~~~~~~
/build/boomaga/src/boomaga-3.0.0/src/boomaga/kernel/cupsprinteroptions.cpp:119:45: warning: ‘int ppdIsMarked(ppd_file_t*, const char*, const char*)’ is deprecated: Use cupsCopyDestInfo and friends instead. [-Wdeprecated-declarations]
  119 |             mDuplex = mDuplex || ppdIsMarked(ppd, "Duplex",     "DuplexTumble");
      |                                  ~~~~~~~~~~~^~~~~~~~~~~~~~~~~~~~~~~~~~~~~~~~~~~
/usr/include/cups/ppd.h:383:25: note: declared here
  383 | extern int              ppdIsMarked(ppd_file_t *ppd, const char *keyword,
      |                         ^~~~~~~~~~~
/build/boomaga/src/boomaga-3.0.0/src/boomaga/kernel/cupsprinteroptions.cpp:120:45: warning: ‘int ppdIsMarked(ppd_file_t*, const char*, const char*)’ is deprecated: Use cupsCopyDestInfo and friends instead. [-Wdeprecated-declarations]
  120 |             mDuplex = mDuplex || ppdIsMarked(ppd, "JCLDuplex",  "DuplexNoTumble");
      |                                  ~~~~~~~~~~~^~~~~~~~~~~~~~~~~~~~~~~~~~~~~~~~~~~~~
/usr/include/cups/ppd.h:383:25: note: declared here
  383 | extern int              ppdIsMarked(ppd_file_t *ppd, const char *keyword,
      |                         ^~~~~~~~~~~
/build/boomaga/src/boomaga-3.0.0/src/boomaga/kernel/cupsprinteroptions.cpp:121:45: warning: ‘int ppdIsMarked(ppd_file_t*, const char*, const char*)’ is deprecated: Use cupsCopyDestInfo and friends instead. [-Wdeprecated-declarations]
  121 |             mDuplex = mDuplex || ppdIsMarked(ppd, "JCLDuplex",  "DuplexTumble");
      |                                  ~~~~~~~~~~~^~~~~~~~~~~~~~~~~~~~~~~~~~~~~~~~~~~
/usr/include/cups/ppd.h:383:25: note: declared here
  383 | extern int              ppdIsMarked(ppd_file_t *ppd, const char *keyword,
      |                         ^~~~~~~~~~~
/build/boomaga/src/boomaga-3.0.0/src/boomaga/kernel/cupsprinteroptions.cpp:122:45: warning: ‘int ppdIsMarked(ppd_file_t*, const char*, const char*)’ is deprecated: Use cupsCopyDestInfo and friends instead. [-Wdeprecated-declarations]
  122 |             mDuplex = mDuplex || ppdIsMarked(ppd, "EFDuplex",   "DuplexNoTumble");
      |                                  ~~~~~~~~~~~^~~~~~~~~~~~~~~~~~~~~~~~~~~~~~~~~~~~~
/usr/include/cups/ppd.h:383:25: note: declared here
  383 | extern int              ppdIsMarked(ppd_file_t *ppd, const char *keyword,
      |                         ^~~~~~~~~~~
/build/boomaga/src/boomaga-3.0.0/src/boomaga/kernel/cupsprinteroptions.cpp:123:45: warning: ‘int ppdIsMarked(ppd_file_t*, const char*, const char*)’ is deprecated: Use cupsCopyDestInfo and friends instead. [-Wdeprecated-declarations]
  123 |             mDuplex = mDuplex || ppdIsMarked(ppd, "EFDuplex",   "DuplexTumble");
      |                                  ~~~~~~~~~~~^~~~~~~~~~~~~~~~~~~~~~~~~~~~~~~~~~~
/usr/include/cups/ppd.h:383:25: note: declared here
  383 | extern int              ppdIsMarked(ppd_file_t *ppd, const char *keyword,
      |                         ^~~~~~~~~~~
/build/boomaga/src/boomaga-3.0.0/src/boomaga/kernel/cupsprinteroptions.cpp:124:45: warning: ‘int ppdIsMarked(ppd_file_t*, const char*, const char*)’ is deprecated: Use cupsCopyDestInfo and friends instead. [-Wdeprecated-declarations]
  124 |             mDuplex = mDuplex || ppdIsMarked(ppd, "KD03Duplex", "DuplexNoTumble");
      |                                  ~~~~~~~~~~~^~~~~~~~~~~~~~~~~~~~~~~~~~~~~~~~~~~~~
/usr/include/cups/ppd.h:383:25: note: declared here
  383 | extern int              ppdIsMarked(ppd_file_t *ppd, const char *keyword,
      |                         ^~~~~~~~~~~
/build/boomaga/src/boomaga-3.0.0/src/boomaga/kernel/cupsprinteroptions.cpp:125:45: warning: ‘int ppdIsMarked(ppd_file_t*, const char*, const char*)’ is deprecated: Use cupsCopyDestInfo and friends instead. [-Wdeprecated-declarations]
  125 |             mDuplex = mDuplex || ppdIsMarked(ppd, "KD03Duplex", "DuplexTumble");
      |                                  ~~~~~~~~~~~^~~~~~~~~~~~~~~~~~~~~~~~~~~~~~~~~~~
/usr/include/cups/ppd.h:383:25: note: declared here
  383 | extern int              ppdIsMarked(ppd_file_t *ppd, const char *keyword,
      |                         ^~~~~~~~~~~
/build/boomaga/src/boomaga-3.0.0/src/boomaga/kernel/cupsprinteroptions.cpp:131:21: warning: ‘void ppdClose(ppd_file_t*)’ is deprecated: Use cupsCopyDestInfo and friends instead. [-Wdeprecated-declarations]
  131 |             ppdClose(ppd);
      |             ~~~~~~~~^~~~~
/usr/include/cups/ppd.h:365:25: note: declared here
  365 | extern void             ppdClose(ppd_file_t *ppd) _CUPS_DEPRECATED_1_6_MSG("Use cupsCopyDestInfo and friends instead.");
      |                         ^~~~~~~~
/build/boomaga/src/boomaga-3.0.0/src/boomaga/kernel/pdfprocessor.cpp: In function ‘void fillPageInfo(PdfPageInfo*, const PDF::Dict&, const PDF::Dict&)’:
/build/boomaga/src/boomaga-3.0.0/src/boomaga/kernel/pdfprocessor.cpp:101:23: warning: possibly dangling reference to a temporary [-Wdangling-reference]
  101 |     const PDF::Array &mediaBox = pageDict.value("MediaBox", inherited.value("MediaBox")).asArray();
      |                       ^~~~~~~~
/build/boomaga/src/boomaga-3.0.0/src/boomaga/kernel/pdfprocessor.cpp:101:48: note: ‘const PDF::Value’ temporary created here
  101 |     const PDF::Array &mediaBox = pageDict.value("MediaBox", inherited.value("MediaBox")).asArray();
      |                                  ~~~~~~~~~~~~~~^~~~~~~~~~~~~~~~~~~~~~~~~~~~~~~~~~~~~~~~~
/build/boomaga/src/boomaga-3.0.0/src/boomaga/kernel/pdfprocessor.cpp:110:23: warning: possibly dangling reference to a temporary [-Wdangling-reference]
  110 |     const PDF::Array &cropBox  = pageDict.value("CropBox", inherited.value("CropBox")).asArray();
      |                       ^~~~~~~
/build/boomaga/src/boomaga-3.0.0/src/boomaga/kernel/pdfprocessor.cpp:110:48: note: ‘const PDF::Value’ temporary created here
  110 |     const PDF::Array &cropBox  = pageDict.value("CropBox", inherited.value("CropBox")).asArray();
      |                                  ~~~~~~~~~~~~~~^~~~~~~~~~~~~~~~~~~~~~~~~~~~~~~~~~~~~~~
[ 63%] Building CXX object src/boomaga/CMakeFiles/boomaga.dir/iofiles/postscriptfile.cpp.o
[ 65%] Building CXX object src/boomaga/CMakeFiles/boomaga.dir/gui/mainwindow.cpp.o
[ 66%] Building CXX object src/boomaga/CMakeFiles/boomaga.dir/gui/actions.cpp.o
[ 68%] Building CXX object src/boomaga/CMakeFiles/boomaga.dir/gui/icon.cpp.o
/build/boomaga/src/boomaga-3.0.0/src/boomaga/main.cpp: In function ‘void printHelp()’:
/build/boomaga/src/boomaga-3.0.0/src/boomaga/main.cpp:66:53: warning: ‘QTextStream& QTextStreamFunctions::endl(QTextStream&)’ is deprecated: Use Qt::endl [-Wdeprecated-declarations]
   66 |     out << "Usage: boomaga [options] [files...]" << endl;
      |                                                     ^~~~
In file included from /usr/include/qt/QtCore/qdebug.h:49,
                 from /usr/include/qt/QtCore/QDebug:1,
                 from /build/boomaga/src/boomaga-3.0.0/src/boomaga/kernel/sheet.h:33,
                 from /build/boomaga/src/boomaga-3.0.0/src/boomaga/kernel/project.h:43,
                 from /build/boomaga/src/boomaga-3.0.0/src/boomaga/main.cpp:27:
/usr/include/qt/QtCore/qtextstream.h:293:75: note: declared here
  293 | Q_CORE_EXPORT QT_DEPRECATED_VERSION_X(5, 15, "Use Qt::endl") QTextStream &endl(QTextStream &s);
      |                                                                           ^~~~
/build/boomaga/src/boomaga-3.0.0/src/boomaga/main.cpp:67:12: warning: ‘QTextStream& QTextStreamFunctions::endl(QTextStream&)’ is deprecated: Use Qt::endl [-Wdeprecated-declarations]
   67 |     out << endl;
      |            ^~~~
/usr/include/qt/QtCore/qtextstream.h:293:75: note: declared here
  293 | Q_CORE_EXPORT QT_DEPRECATED_VERSION_X(5, 15, "Use Qt::endl") QTextStream &endl(QTextStream &s);
      |                                                                           ^~~~
/build/boomaga/src/boomaga-3.0.0/src/boomaga/main.cpp:69:79: warning: ‘QTextStream& QTextStreamFunctions::endl(QTextStream&)’ is deprecated: Use Qt::endl [-Wdeprecated-declarations]
   69 |     out << "Boomaga provides a virtual printer for CUPS. This can be used" << endl;
      |                                                                               ^~~~
/usr/include/qt/QtCore/qtextstream.h:293:75: note: declared here
  293 | Q_CORE_EXPORT QT_DEPRECATED_VERSION_X(5, 15, "Use Qt::endl") QTextStream &endl(QTextStream &s);
      |                                                                           ^~~~
/build/boomaga/src/boomaga-3.0.0/src/boomaga/main.cpp:70:58: warning: ‘QTextStream& QTextStreamFunctions::endl(QTextStream&)’ is deprecated: Use Qt::endl [-Wdeprecated-declarations]
   70 |     out << "for print preview or for print booklets." << endl;
      |                                                          ^~~~
/usr/include/qt/QtCore/qtextstream.h:293:75: note: declared here
  293 | Q_CORE_EXPORT QT_DEPRECATED_VERSION_X(5, 15, "Use Qt::endl") QTextStream &endl(QTextStream &s);
      |                                                                           ^~~~
/build/boomaga/src/boomaga-3.0.0/src/boomaga/main.cpp:71:12: warning: ‘QTextStream& QTextStreamFunctions::endl(QTextStream&)’ is deprecated: Use Qt::endl [-Wdeprecated-declarations]
   71 |     out << endl;
      |            ^~~~
/usr/include/qt/QtCore/qtextstream.h:293:75: note: declared here
  293 | Q_CORE_EXPORT QT_DEPRECATED_VERSION_X(5, 15, "Use Qt::endl") QTextStream &endl(QTextStream &s);
      |                                                                           ^~~~
/build/boomaga/src/boomaga-3.0.0/src/boomaga/main.cpp:73:26: warning: ‘QTextStream& QTextStreamFunctions::endl(QTextStream&)’ is deprecated: Use Qt::endl [-Wdeprecated-declarations]
   73 |     out << "Options:" << endl;
      |                          ^~~~
/usr/include/qt/QtCore/qtextstream.h:293:75: note: declared here
  293 | Q_CORE_EXPORT QT_DEPRECATED_VERSION_X(5, 15, "Use Qt::endl") QTextStream &endl(QTextStream &s);
      |                                                                           ^~~~
[ 69%] Building CXX object src/boomaga/CMakeFiles/boomaga.dir/gui/aboutdialog/aboutdialog.cpp.o
/build/boomaga/src/boomaga-3.0.0/src/boomaga/main.cpp:74:67: warning: ‘QTextStream& QTextStreamFunctions::endl(QTextStream&)’ is deprecated: Use Qt::endl [-Wdeprecated-declarations]
   74 |     out << "  -h, --help              Show help about options" << endl;
      |                                                                   ^~~~
/usr/include/qt/QtCore/qtextstream.h:293:75: note: declared here
  293 | Q_CORE_EXPORT QT_DEPRECATED_VERSION_X(5, 15, "Use Qt::endl") QTextStream &endl(QTextStream &s);
      |                                                                           ^~~~
/build/boomaga/src/boomaga-3.0.0/src/boomaga/main.cpp:75:65: warning: ‘QTextStream& QTextStreamFunctions::endl(QTextStream&)’ is deprecated: Use Qt::endl [-Wdeprecated-declarations]
   75 |     out << "  -V, --version           Print program version" << endl;
      |                                                                 ^~~~
/usr/include/qt/QtCore/qtextstream.h:293:75: note: declared here
  293 | Q_CORE_EXPORT QT_DEPRECATED_VERSION_X(5, 15, "Use Qt::endl") QTextStream &endl(QTextStream &s);
      |                                                                           ^~~~
/build/boomaga/src/boomaga-3.0.0/src/boomaga/main.cpp:76:12: warning: ‘QTextStream& QTextStreamFunctions::endl(QTextStream&)’ is deprecated: Use Qt::endl [-Wdeprecated-declarations]
   76 |     out << endl;
      |            ^~~~
/usr/include/qt/QtCore/qtextstream.h:293:75: note: declared here
  293 | Q_CORE_EXPORT QT_DEPRECATED_VERSION_X(5, 15, "Use Qt::endl") QTextStream &endl(QTextStream &s);
      |                                                                           ^~~~
/build/boomaga/src/boomaga-3.0.0/src/boomaga/main.cpp:78:28: warning: ‘QTextStream& QTextStreamFunctions::endl(QTextStream&)’ is deprecated: Use Qt::endl [-Wdeprecated-declarations]
   78 |     out << "Arguments:" << endl;
      |                            ^~~~
/usr/include/qt/QtCore/qtextstream.h:293:75: note: declared here
  293 | Q_CORE_EXPORT QT_DEPRECATED_VERSION_X(5, 15, "Use Qt::endl") QTextStream &endl(QTextStream &s);
      |                                                                           ^~~~
/build/boomaga/src/boomaga-3.0.0/src/boomaga/main.cpp:79:66: warning: ‘QTextStream& QTextStreamFunctions::endl(QTextStream&)’ is deprecated: Use Qt::endl [-Wdeprecated-declarations]
   79 |     out << "  files                    One or more PDF files" << endl;
      |                                                                  ^~~~
/usr/include/qt/QtCore/qtextstream.h:293:75: note: declared here
  293 | Q_CORE_EXPORT QT_DEPRECATED_VERSION_X(5, 15, "Use Qt::endl") QTextStream &endl(QTextStream &s);
      |                                                                           ^~~~
/build/boomaga/src/boomaga-3.0.0/src/boomaga/main.cpp: In function ‘void printVersion()’:
/build/boomaga/src/boomaga-3.0.0/src/boomaga/main.cpp:91:42: warning: ‘QTextStream& QTextStreamFunctions::endl(QTextStream&)’ is deprecated: Use Qt::endl [-Wdeprecated-declarations]
   91 |     out << "boomaga " << FULL_VERSION << endl;
      |                                          ^~~~
/usr/include/qt/QtCore/qtextstream.h:293:75: note: declared here
  293 | Q_CORE_EXPORT QT_DEPRECATED_VERSION_X(5, 15, "Use Qt::endl") QTextStream &endl(QTextStream &s);
      |                                                                           ^~~~
/build/boomaga/src/boomaga-3.0.0/src/boomaga/main.cpp: In function ‘int printError(const QString&)’:
/build/boomaga/src/boomaga-3.0.0/src/boomaga/main.cpp:101:19: warning: ‘QTextStream& QTextStreamFunctions::endl(QTextStream&)’ is deprecated: Use Qt::endl [-Wdeprecated-declarations]
  101 |     out << msg << endl << endl;
      |                   ^~~~
/usr/include/qt/QtCore/qtextstream.h:293:75: note: declared here
  293 | Q_CORE_EXPORT QT_DEPRECATED_VERSION_X(5, 15, "Use Qt::endl") QTextStream &endl(QTextStream &s);
      |                                                                           ^~~~
/build/boomaga/src/boomaga-3.0.0/src/boomaga/main.cpp:101:27: warning: ‘QTextStream& QTextStreamFunctions::endl(QTextStream&)’ is deprecated: Use Qt::endl [-Wdeprecated-declarations]
  101 |     out << msg << endl << endl;
      |                           ^~~~
/usr/include/qt/QtCore/qtextstream.h:293:75: note: declared here
  293 | Q_CORE_EXPORT QT_DEPRECATED_VERSION_X(5, 15, "Use Qt::endl") QTextStream &endl(QTextStream &s);
      |                                                                           ^~~~
/build/boomaga/src/boomaga-3.0.0/src/boomaga/main.cpp:102:77: warning: ‘QTextStream& QTextStreamFunctions::endl(QTextStream&)’ is deprecated: Use Qt::endl [-Wdeprecated-declarations]
  102 |     out << "Use --help to get a list of available command line options." << endl;
      |                                                                             ^~~~
/usr/include/qt/QtCore/qtextstream.h:293:75: note: declared here
  293 | Q_CORE_EXPORT QT_DEPRECATED_VERSION_X(5, 15, "Use Qt::endl") QTextStream &endl(QTextStream &s);
      |                                                                           ^~~~
[ 71%] Building CXX object src/boomaga/CMakeFiles/boomaga.dir/gui/configdialog/configdialog.cpp.o
/build/boomaga/src/boomaga-3.0.0/src/boomaga/render.cpp: In function ‘QImage doRenderSheet(poppler::document*, int, double)’:
/build/boomaga/src/boomaga-3.0.0/src/boomaga/render.cpp:54:16: warning: enumeration value ‘format_gray8’ not handled in switch [-Wswitch]
   54 |         switch (img.format())
      |                ^
/build/boomaga/src/boomaga-3.0.0/src/boomaga/render.cpp:54:16: warning: enumeration value ‘format_bgr24’ not handled in switch [-Wswitch]
/build/boomaga/src/boomaga-3.0.0/src/boomaga/kernel/project.cpp: In member function ‘void MetaData::addDictItem(QByteArray&, const QString&, const QString&) const’:
/build/boomaga/src/boomaga-3.0.0/src/boomaga/kernel/project.cpp:1015:15: warning: ‘QByteArray& QByteArray::append(const QString&)’ is deprecated: Use QString's toUtf8(), toLatin1() or toLocal8Bit() [-Wdeprecated-declarations]
 1015 |     out.append("/" + key + " <FEFF");
      |     ~~~~~~~~~~^~~~~~~~~~~~~~~~~~~~~~
In file included from /usr/include/qt/QtCore/qhashfunctions.h:44,
                 from /usr/include/qt/QtCore/qlist.h:47,
                 from /usr/include/qt/QtCore/QList:1,
                 from /build/boomaga/src/boomaga-3.0.0/src/boomaga/kernel/job.h:30,
                 from /build/boomaga/src/boomaga-3.0.0/src/boomaga/kernel/project.h:30,
                 from /build/boomaga/src/boomaga-3.0.0/src/boomaga/kernel/project.cpp:27:
/usr/include/qt/QtCore/qstring.h:1508:20: note: declared here
 1508 | inline QByteArray &QByteArray::append(const QString &s)
      |                    ^~~~~~~~~~
/build/boomaga/src/boomaga-3.0.0/src/boomaga/kernel/project.cpp:1026:19: warning: ‘QByteArray& QByteArray::append(const QString&)’ is deprecated: Use QString's toUtf8(), toLatin1() or toLocal8Bit() [-Wdeprecated-declarations]
 1026 |         out.append(QString("%1%2").arg(b1, 2, 16, QChar('0')).arg(b2, 2, 16, QChar('0')));
      |         ~~~~~~~~~~^~~~~~~~~~~~~~~~~~~~~~~~~~~~~~~~~~~~~~~~~~~~~~~~~~~~~~~~~~~~~~~~~~~~~~~
/usr/include/qt/QtCore/qstring.h:1508:20: note: declared here
 1508 | inline QByteArray &QByteArray::append(const QString &s)
      |                    ^~~~~~~~~~
/build/boomaga/src/boomaga-3.0.0/src/boomaga/kernel/project.cpp: In member function ‘void MetaData::addDictItem(QByteArray&, const QString&, const QDateTime&) const’:
/build/boomaga/src/boomaga-3.0.0/src/boomaga/kernel/project.cpp:1041:15: warning: ‘QByteArray& QByteArray::append(const QString&)’ is deprecated: Use QString's toUtf8(), toLatin1() or toLocal8Bit() [-Wdeprecated-declarations]
 1041 |     out.append("/" + key + " (");
      |     ~~~~~~~~~~^~~~~~~~~~~~~~~~~~
/usr/include/qt/QtCore/qstring.h:1508:20: note: declared here
 1508 | inline QByteArray &QByteArray::append(const QString &s)
      |                    ^~~~~~~~~~
/build/boomaga/src/boomaga-3.0.0/src/boomaga/kernel/project.cpp:1042:15: warning: ‘QByteArray& QByteArray::append(const QString&)’ is deprecated: Use QString's toUtf8(), toLatin1() or toLocal8Bit() [-Wdeprecated-declarations]
 1042 |     out.append(value.toString("yyyyMMddhhmmss"));
      |     ~~~~~~~~~~^~~~~~~~~~~~~~~~~~~~~~~~~~~~~~~~~~
/usr/include/qt/QtCore/qstring.h:1508:20: note: declared here
 1508 | inline QByteArray &QByteArray::append(const QString &s)
      |                    ^~~~~~~~~~
/build/boomaga/src/boomaga-3.0.0/src/boomaga/kernel/project.cpp:1045:19: warning: ‘QByteArray& QByteArray::append(const QString&)’ is deprecated: Use QString's toUtf8(), toLatin1() or toLocal8Bit() [-Wdeprecated-declarations]
 1045 |         out.append(QString("+%1'%2'")
      |         ~~~~~~~~~~^~~~~~~~~~~~~~~~~~~
 1046 |                    .arg(offset / 60, 2, 10, QChar('0'))
      |                    ~~~~~~~~~~~~~~~~~~~~~~~~~~~~~~~~~~~~
 1047 |                    .arg(offset % 60, 2, 10, QChar('0')));
      |                    ~~~~~~~~~~~~~~~~~~~~~~~~~~~~~~~~~~~~~
/usr/include/qt/QtCore/qstring.h:1508:20: note: declared here
 1508 | inline QByteArray &QByteArray::append(const QString &s)
      |                    ^~~~~~~~~~
/build/boomaga/src/boomaga-3.0.0/src/boomaga/kernel/project.cpp:1049:19: warning: ‘QByteArray& QByteArray::append(const QString&)’ is deprecated: Use QString's toUtf8(), toLatin1() or toLocal8Bit() [-Wdeprecated-declarations]
 1049 |         out.append(QString("-%1'%2'")
      |         ~~~~~~~~~~^~~~~~~~~~~~~~~~~~~
 1050 |                     .arg(-offset / 60, 2, 10, QChar('0'))
      |                     ~~~~~~~~~~~~~~~~~~~~~~~~~~~~~~~~~~~~~
 1051 |                     .arg(-offset % 60, 2, 10, QChar('0')));
      |                     ~~~~~~~~~~~~~~~~~~~~~~~~~~~~~~~~~~~~~~
/usr/include/qt/QtCore/qstring.h:1508:20: note: declared here
 1508 | inline QByteArray &QByteArray::append(const QString &s)
      |                    ^~~~~~~~~~
[ 72%] Building CXX object src/boomaga/CMakeFiles/boomaga.dir/gui/export/exporttopdf.cpp.o
[ 73%] Building CXX object src/boomaga/CMakeFiles/boomaga.dir/gui/printdialog/printdialog.cpp.o
In file included from /usr/include/qt/QtCore/qnamespace.h:43,
                 from /usr/include/qt/QtCore/qobjectdefs.h:48,
                 from /usr/include/qt/QtCore/qobject.h:46,
                 from /usr/include/qt/QtCore/QObject:1,
                 from /build/boomaga/src/boomaga-3.0.0/src/boomaga/iofiles/infile.h:30,
                 from /build/boomaga/src/boomaga-3.0.0/src/boomaga/iofiles/boofile.h:30,
                 from /build/boomaga/src/boomaga-3.0.0/src/boomaga/iofiles/boofile.cpp:27:
/build/boomaga/src/boomaga-3.0.0/src/boomaga/iofiles/boofile.cpp: In static member function ‘static QList<BooFile::PageSpec> BooFile::PageSpec::readPagesSpec(const QString&)’:
/build/boomaga/src/boomaga-3.0.0/src/boomaga/iofiles/boofile.cpp:79:33: warning: ‘QStringList QString::split(QChar, SplitBehavior, Qt::CaseSensitivity) const’ is deprecated: Use split(QChar sep, Qt::SplitBehavior ...) variant instead [-Wdeprecated-declarations]
   79 |     foreach(QString s, str.split(',', QString::SkipEmptyParts))
      |                        ~~~~~~~~~^~~~~~~~~~~~~~~~~~~~~~~~~~~~~~
In file included from /usr/include/qt/QtCore/qobject.h:47:
/usr/include/qt/QtCore/qstring.h:612:17: note: declared here
  612 |     QStringList split(QChar sep, SplitBehavior behavior,
      |                 ^~~~~
[ 75%] Building CXX object src/boomaga/CMakeFiles/boomaga.dir/gui/printersettings/printersettings.cpp.o
[ 76%] Building CXX object src/boomaga/CMakeFiles/boomaga.dir/gui/widgets/pagelistview.cpp.o
In file included from /usr/include/qt/QtCore/qnamespace.h:43,
                 from /usr/include/qt/QtCore/qobjectdefs.h:48,
                 from /usr/include/qt/QtCore/qobject.h:46,
                 from /usr/include/qt/QtCore/QObject:1,
                 from /build/boomaga/src/boomaga-3.0.0/src/boomaga/iofiles/infile.h:30,
                 from /build/boomaga/src/boomaga-3.0.0/src/boomaga/iofiles/cupsboofile.h:30,
                 from /build/boomaga/src/boomaga-3.0.0/src/boomaga/iofiles/cupsboofile.cpp:27:
/build/boomaga/src/boomaga-3.0.0/src/boomaga/iofiles/cupsboofile.cpp: In constructor ‘CupsOptions::CupsOptions(const QString&)’:
/build/boomaga/src/boomaga-3.0.0/src/boomaga/iofiles/cupsboofile.cpp:48:40: warning: ‘QStringList QString::split(QChar, SplitBehavior, Qt::CaseSensitivity) const’ is deprecated: Use split(QChar sep, Qt::SplitBehavior ...) variant instead [-Wdeprecated-declarations]
   48 |     foreach (const QString s, str.split(' ', QString::SkipEmptyParts))
      |                               ~~~~~~~~~^~~~~~~~~~~~~~~~~~~~~~~~~~~~~~
In file included from /usr/include/qt/QtCore/qobject.h:47:
/usr/include/qt/QtCore/qstring.h:612:17: note: declared here
  612 |     QStringList split(QChar sep, SplitBehavior behavior,
      |                 ^~~~~
[ 78%] Building CXX object src/boomaga/CMakeFiles/boomaga.dir/gui/widgets/joblistview.cpp.o
[ 79%] Building CXX object src/boomaga/CMakeFiles/boomaga.dir/gui/widgets/layoutradiobutton.cpp.o
[ 81%] Building CXX object src/boomaga/CMakeFiles/boomaga.dir/gui/widgets/printerscombobox.cpp.o
[ 82%] Building CXX object src/boomaga/CMakeFiles/boomaga.dir/gui/widgets/previewwidget.cpp.o
[ 84%] Building CXX object src/boomaga/CMakeFiles/boomaga.dir/gui/widgets/subbookletview.cpp.o
[ 85%] Building CXX object src/boomaga/CMakeFiles/boomaga.dir/translations/translatorsinfo/translatorsinfo.cpp.o
[ 86%] Building CXX object src/boomaga/CMakeFiles/boomaga.dir/pdfparser/pdfobject.cpp.o
[ 88%] Building CXX object src/boomaga/CMakeFiles/boomaga.dir/pdfparser/pdfreader.cpp.o
[ 89%] Building CXX object src/boomaga/CMakeFiles/boomaga.dir/pdfparser/pdfvalue.cpp.o
[ 91%] Building CXX object src/boomaga/CMakeFiles/boomaga.dir/pdfparser/pdfwriter.cpp.o
[ 94%] Building CXX object src/boomaga/CMakeFiles/boomaga.dir/pdfparser/pdfxref.cpp.o
[ 94%] Building CXX object src/boomaga/CMakeFiles/boomaga.dir/qrc_icons.cpp.o
[ 95%] Building CXX object src/boomaga/CMakeFiles/boomaga.dir/qrc_mainicon.cpp.o
[ 97%] Building CXX object src/boomaga/CMakeFiles/boomaga.dir/qrc_translatorsinfo.cpp.o
/build/boomaga/src/boomaga-3.0.0/src/boomaga/gui/printersettings/printersettings.cpp: In constructor ‘ProfileItem::ProfileItem(const PrinterProfile&)’:
/build/boomaga/src/boomaga-3.0.0/src/boomaga/gui/printersettings/printersettings.cpp:41:9: warning: implicitly-declared ‘PrinterProfile::PrinterProfile(const PrinterProfile&)’ is deprecated [-Wdeprecated-copy]
   41 |         mProfile(profile)
      |         ^~~~~~~~~~~~~~~~~
In file included from /build/boomaga/src/boomaga-3.0.0/src/boomaga/gui/printersettings/printersettings.h:30,
                 from /build/boomaga/src/boomaga-3.0.0/src/boomaga/gui/printersettings/printersettings.cpp:26:
/build/boomaga/src/boomaga-3.0.0/src/boomaga/kernel/printer.h:45:21: note: because ‘PrinterProfile’ has user-provided ‘PrinterProfile& PrinterProfile::operator=(const PrinterProfile&)’
   45 |     PrinterProfile &operator=(const PrinterProfile &other);
      |                     ^~~~~~~~
/build/boomaga/src/boomaga-3.0.0/src/boomaga/gui/widgets/printerscombobox.cpp: In member function ‘virtual void PrintersComboBoxDelegate::paint(QPainter*, const QStyleOptionViewItem&, const QModelIndex&) const’:
/build/boomaga/src/boomaga-3.0.0/src/boomaga/gui/widgets/printerscombobox.cpp:91:58: warning: ‘const QBrush& QPalette::background() const’ is deprecated: Use QPalette::window() instead [-Wdeprecated-declarations]
   91 |     painter->fillRect(option.rect, opt.palette.background());
      |                                    ~~~~~~~~~~~~~~~~~~~~~~^~
In file included from /usr/include/qt/QtWidgets/qwidget.h:48,
                 from /usr/include/qt/QtWidgets/qcombobox.h:44,
                 from /usr/include/qt/QtWidgets/QComboBox:1,
                 from /build/boomaga/src/boomaga-3.0.0/src/boomaga/gui/widgets/printerscombobox.h:31,
                 from /build/boomaga/src/boomaga-3.0.0/src/boomaga/gui/widgets/printerscombobox.cpp:27:
/usr/include/qt/QtGui/qpalette.h:149:26: note: declared here
  149 |     inline const QBrush &background() const { return window(); }
      |                          ^~~~~~~~~~
/build/boomaga/src/boomaga-3.0.0/src/boomaga/gui/widgets/printerscombobox.cpp: In member function ‘int PrintersComboBox::addPrinter(Printer*)’:
/build/boomaga/src/boomaga-3.0.0/src/boomaga/gui/widgets/printerscombobox.cpp:237:36: warning: ‘QVariant qVariantFromValue(const T&) [with T = void*]’ is deprecated: Use QVariant::fromValue() instead. [-Wdeprecated-declarations]
  237 |     item->setData(qVariantFromValue((void *)printer), PRINTER_ITEM_PRINTER_ROLE);
      |                   ~~~~~~~~~~~~~~~~~^~~~~~~~~~~~~~~~~
In file included from /usr/include/qt/QtCore/qlocale.h:43,
                 from /usr/include/qt/QtWidgets/qstyleoption.h:44,
                 from /usr/include/qt/QtWidgets/qabstractitemdelegate.h:45,
                 from /usr/include/qt/QtWidgets/qcombobox.h:45:
/usr/include/qt/QtCore/qvariant.h:530:17: note: declared here
  530 | inline QVariant qVariantFromValue(const T &t)
      |                 ^~~~~~~~~~~~~~~~~
/build/boomaga/src/boomaga-3.0.0/src/boomaga/gui/widgets/previewwidget.cpp: In member function ‘virtual void PreviewWidget::wheelEvent(QWheelEvent*)’:
/build/boomaga/src/boomaga-3.0.0/src/boomaga/gui/widgets/previewwidget.cpp:584:32: warning: ‘int QWheelEvent::delta() const’ is deprecated: Use angleDelta() [-Wdeprecated-declarations]
  584 |     mWheelDelta -= event->delta();
      |                    ~~~~~~~~~~~~^~
In file included from /usr/include/qt/QtGui/QPaintEvent:1,
                 from /build/boomaga/src/boomaga-3.0.0/src/boomaga/gui/widgets/previewwidget.cpp:32:
/usr/include/qt/QtGui/qevent.h:219:16: note: declared here
  219 |     inline int delta() const  { return qt4D; }
      |                ^~~~~
/build/boomaga/src/boomaga-3.0.0/src/boomaga/gui/widgets/printerscombobox.cpp: In member function ‘int PrintersComboBox::addProfile(Printer*, int)’:
/build/boomaga/src/boomaga-3.0.0/src/boomaga/gui/widgets/printerscombobox.cpp:262:27: warning: possibly dangling reference to a temporary [-Wdangling-reference]
  262 |     const PrinterProfile &profile = printer->profiles().at(profileIndex);
      |                           ^~~~~~~
/build/boomaga/src/boomaga-3.0.0/src/boomaga/gui/widgets/printerscombobox.cpp:262:54: note: ‘QVector<PrinterProfile>’ temporary created here
  262 |     const PrinterProfile &profile = printer->profiles().at(profileIndex);
      |                                     ~~~~~~~~~~~~~~~~~^~
/build/boomaga/src/boomaga-3.0.0/src/boomaga/gui/widgets/printerscombobox.cpp:266:36: warning: ‘QVariant qVariantFromValue(const T&) [with T = void*]’ is deprecated: Use QVariant::fromValue() instead. [-Wdeprecated-declarations]
  266 |     item->setData(qVariantFromValue((void *)printer), PRINTER_ITEM_PRINTER_ROLE);
      |                   ~~~~~~~~~~~~~~~~~^~~~~~~~~~~~~~~~~
/usr/include/qt/QtCore/qvariant.h:530:17: note: declared here
  530 | inline QVariant qVariantFromValue(const T &t)
      |                 ^~~~~~~~~~~~~~~~~
/build/boomaga/src/boomaga-3.0.0/src/boomaga/pdfparser/pdfreader.cpp: In constructor ‘PDF::XRefStreamData::XRefStreamData(const char*, quint64, const PDF::Dict&)’:
/build/boomaga/src/boomaga-3.0.0/src/boomaga/pdfparser/pdfreader.cpp:186:18: warning: possibly dangling reference to a temporary [-Wdangling-reference]
  186 |     const Array &w = dict.value("W").asArray();
      |                  ^
/build/boomaga/src/boomaga-3.0.0/src/boomaga/pdfparser/pdfreader.cpp:186:32: note: ‘const PDF::Value’ temporary created here
  186 |     const Array &w = dict.value("W").asArray();
      |                      ~~~~~~~~~~^~~~~
/build/boomaga/src/boomaga-3.0.0/src/boomaga/pdfparser/pdfreader.cpp: In member function ‘void PDF::Reader::readObjectFromStream(PDF::ObjNum, PDF::Object*, PDF::ObjNum, PDF::GenNum, quint32) const’:
/build/boomaga/src/boomaga-3.0.0/src/boomaga/pdfparser/pdfreader.cpp:1118:21: warning: possibly dangling reference to a temporary [-Wdangling-reference]
 1118 |         const Link &extends = streamObj.dict().value("Extends").asLink();
      |                     ^~~~~~~
/build/boomaga/src/boomaga-3.0.0/src/boomaga/pdfparser/pdfreader.cpp:1118:53: note: ‘const PDF::Value’ temporary created here
 1118 |         const Link &extends = streamObj.dict().value("Extends").asLink();
      |                               ~~~~~~~~~~~~~~~~~~~~~~^~~~~~~~~~~
/build/boomaga/src/boomaga-3.0.0/src/boomaga/pdfparser/pdfreader.cpp: In member function ‘const PDF::Value PDF::Reader::find(const QString&) const’:
/build/boomaga/src/boomaga-3.0.0/src/boomaga/pdfparser/pdfreader.cpp:1263:37: warning: ‘QStringList QString::split(QChar, SplitBehavior, Qt::CaseSensitivity) const’ is deprecated: Use split(QChar sep, Qt::SplitBehavior ...) variant instead [-Wdeprecated-declarations]
 1263 |     QStringList objects = path.split('/', QString::SkipEmptyParts);
      |                           ~~~~~~~~~~^~~~~~~~~~~~~~~~~~~~~~~~~~~~~~
In file included from /usr/include/qt/QtCore/QString:1,
                 from /build/boomaga/src/boomaga-3.0.0/src/boomaga/pdfparser/pdferrors.h:31,
                 from /build/boomaga/src/boomaga-3.0.0/src/boomaga/pdfparser/pdfvalue.h:31,
                 from /build/boomaga/src/boomaga-3.0.0/src/boomaga/pdfparser/pdfreader.h:32,
                 from /build/boomaga/src/boomaga-3.0.0/src/boomaga/pdfparser/pdfreader.cpp:29:
/usr/include/qt/QtCore/qstring.h:612:17: note: declared here
  612 |     QStringList split(QChar sep, SplitBehavior behavior,
      |                 ^~~~~
/build/boomaga/src/boomaga-3.0.0/src/boomaga/gui/widgets/pagelistview.cpp: In member function ‘virtual void PagesListView::wheelEvent(QWheelEvent*)’:
/build/boomaga/src/boomaga-3.0.0/src/boomaga/gui/widgets/pagelistview.cpp:263:21: warning: ‘int QWheelEvent::delta() const’ is deprecated: Use angleDelta() [-Wdeprecated-declarations]
  263 |         if (e->delta() > 0)
      |             ~~~~~~~~^~
In file included from /usr/include/qt/QtGui/QContextMenuEvent:1,
                 from /build/boomaga/src/boomaga-3.0.0/src/boomaga/gui/widgets/pagelistview.cpp:31:
/usr/include/qt/QtGui/qevent.h:219:16: note: declared here
  219 |     inline int delta() const  { return qt4D; }
      |                ^~~~~
[ 98%] Linking CXX executable boomaga
[100%] Built target boomaga
