-- Install configuration: "None"
-- Installing: /build/chuffed-git/pkg/chuffed-git/usr/bin/fzn-chuffed
-- Installing: /build/chuffed-git/pkg/chuffed-git/usr/lib/libchuffed.a
-- Installing: /build/chuffed-git/pkg/chuffed-git/usr/lib/libchuffed_fzn.a
-- Installing: /build/chuffed-git/pkg/chuffed-git/usr/include/chuffed
-- Installing: /build/chuffed-git/pkg/chuffed-git/usr/include/chuffed/globals
-- Installing: /build/chuffed-git/pkg/chuffed-git/usr/include/chuffed/globals/bounded_path.h
-- Installing: /build/chuffed-git/pkg/chuffed-git/usr/include/chuffed/globals/graph.h
-- Installing: /build/chuffed-git/pkg/chuffed-git/usr/include/chuffed/globals/dtree.h
-- Installing: /build/chuffed-git/pkg/chuffed-git/usr/include/chuffed/globals/tree.h
-- Installing: /build/chuffed-git/pkg/chuffed-git/usr/include/chuffed/globals/EdExplFinder.h
-- Installing: /build/chuffed-git/pkg/chuffed-git/usr/include/chuffed/globals/mddglobals.h
-- Installing: /build/chuffed-git/pkg/chuffed-git/usr/include/chuffed/globals/dconnected.h
-- Installing: /build/chuffed-git/pkg/chuffed-git/usr/include/chuffed/globals/globals.h
-- Installing: /build/chuffed-git/pkg/chuffed-git/usr/include/chuffed/globals/dag.h
-- Installing: /build/chuffed-git/pkg/chuffed-git/usr/include/chuffed/core
-- Installing: /build/chuffed-git/pkg/chuffed-git/usr/include/chuffed/core/sat.h
-- Installing: /build/chuffed-git/pkg/chuffed-git/usr/include/chuffed/core/sat-types.h
-- Installing: /build/chuffed-git/pkg/chuffed-git/usr/include/chuffed/core/assume.h
-- Installing: /build/chuffed-git/pkg/chuffed-git/usr/include/chuffed/core/engine.h
-- Installing: /build/chuffed-git/pkg/chuffed-git/usr/include/chuffed/core/propagator.h
-- Installing: /build/chuffed-git/pkg/chuffed-git/usr/include/chuffed/core/options.h
-- Installing: /build/chuffed-git/pkg/chuffed-git/usr/include/chuffed/vars
-- Installing: /build/chuffed-git/pkg/chuffed-git/usr/include/chuffed/vars/int-var-sl.h
-- Installing: /build/chuffed-git/pkg/chuffed-git/usr/include/chuffed/vars/modelling.h
-- Installing: /build/chuffed-git/pkg/chuffed-git/usr/include/chuffed/vars/int-view.h
-- Installing: /build/chuffed-git/pkg/chuffed-git/usr/include/chuffed/vars/int-var-el.h
-- Installing: /build/chuffed-git/pkg/chuffed-git/usr/include/chuffed/vars/int-var.h
-- Installing: /build/chuffed-git/pkg/chuffed-git/usr/include/chuffed/vars/bool-view.h
-- Installing: /build/chuffed-git/pkg/chuffed-git/usr/include/chuffed/vars/vars.h
-- Installing: /build/chuffed-git/pkg/chuffed-git/usr/include/chuffed/vars/int-var-ll.h
-- Installing: /build/chuffed-git/pkg/chuffed-git/usr/include/chuffed/mip
-- Installing: /build/chuffed-git/pkg/chuffed-git/usr/include/chuffed/mip/mip.h
-- Installing: /build/chuffed-git/pkg/chuffed-git/usr/include/chuffed/mip/simplex.h
-- Installing: /build/chuffed-git/pkg/chuffed-git/usr/include/chuffed/branching
-- Installing: /build/chuffed-git/pkg/chuffed-git/usr/include/chuffed/branching/branching.h
-- Installing: /build/chuffed-git/pkg/chuffed-git/usr/include/chuffed/branching/warm-start.h
-- Installing: /build/chuffed-git/pkg/chuffed-git/usr/include/chuffed/branching/impact.h
-- Installing: /build/chuffed-git/pkg/chuffed-git/usr/include/chuffed/examples
-- Installing: /build/chuffed-git/pkg/chuffed-git/usr/include/chuffed/primitives
-- Installing: /build/chuffed-git/pkg/chuffed-git/usr/include/chuffed/primitives/primitives.h
-- Installing: /build/chuffed-git/pkg/chuffed-git/usr/include/chuffed/mzn-models
-- Installing: /build/chuffed-git/pkg/chuffed-git/usr/include/chuffed/support
-- Installing: /build/chuffed-git/pkg/chuffed-git/usr/include/chuffed/support/misc.h
-- Installing: /build/chuffed-git/pkg/chuffed-git/usr/include/chuffed/support/sparse_set.h
-- Installing: /build/chuffed-git/pkg/chuffed-git/usr/include/chuffed/support/dynamic_kmeans.h
-- Installing: /build/chuffed-git/pkg/chuffed-git/usr/include/chuffed/support/set_finder.h
-- Installing: /build/chuffed-git/pkg/chuffed-git/usr/include/chuffed/support/ParseUtils.h
-- Installing: /build/chuffed-git/pkg/chuffed-git/usr/include/chuffed/support/union_find.h
-- Installing: /build/chuffed-git/pkg/chuffed-git/usr/include/chuffed/support/vec.h
-- Installing: /build/chuffed-git/pkg/chuffed-git/usr/include/chuffed/support/kosaraju_scc.h
-- Installing: /build/chuffed-git/pkg/chuffed-git/usr/include/chuffed/support/floyd_warshall.h
-- Installing: /build/chuffed-git/pkg/chuffed-git/usr/include/chuffed/support/dijkstra.h
-- Installing: /build/chuffed-git/pkg/chuffed-git/usr/include/chuffed/support/BVec.h
-- Installing: /build/chuffed-git/pkg/chuffed-git/usr/include/chuffed/support/heap.h
-- Installing: /build/chuffed-git/pkg/chuffed-git/usr/include/chuffed/support/lengauer_tarjan.h
-- Installing: /build/chuffed-git/pkg/chuffed-git/usr/include/chuffed/support/trailed_cst_list.h
-- Installing: /build/chuffed-git/pkg/chuffed-git/usr/include/chuffed/flatzinc
-- Installing: /build/chuffed-git/pkg/chuffed-git/usr/include/chuffed/flatzinc/mznlib
-- Installing: /build/chuffed-git/pkg/chuffed-git/usr/include/chuffed/flatzinc/mznlib/experimental
-- Installing: /build/chuffed-git/pkg/chuffed-git/usr/include/chuffed/flatzinc/mznlib/experimental/on_restart
-- Installing: /build/chuffed-git/pkg/chuffed-git/usr/include/chuffed/flatzinc/ast.h
-- Installing: /build/chuffed-git/pkg/chuffed-git/usr/include/chuffed/flatzinc/generated_parser
-- Installing: /build/chuffed-git/pkg/chuffed-git/usr/include/chuffed/flatzinc/generated_parser/parser.tab.h
-- Installing: /build/chuffed-git/pkg/chuffed-git/usr/include/chuffed/flatzinc/flatzinc.h
-- Installing: /build/chuffed-git/pkg/chuffed-git/usr/include/chuffed/mdd
-- Installing: /build/chuffed-git/pkg/chuffed-git/usr/include/chuffed/mdd/circutil.h
-- Installing: /build/chuffed-git/pkg/chuffed-git/usr/include/chuffed/mdd/CYK.h
-- Installing: /build/chuffed-git/pkg/chuffed-git/usr/include/chuffed/mdd/mdd_to_lgraph.h
-- Installing: /build/chuffed-git/pkg/chuffed-git/usr/include/chuffed/mdd/circ_fns.h
-- Installing: /build/chuffed-git/pkg/chuffed-git/usr/include/chuffed/mdd/MDD.h
-- Installing: /build/chuffed-git/pkg/chuffed-git/usr/include/chuffed/mdd/CFG.h
-- Installing: /build/chuffed-git/pkg/chuffed-git/usr/include/chuffed/mdd/opcache.h
-- Installing: /build/chuffed-git/pkg/chuffed-git/usr/include/chuffed/mdd/wmdd_prop.h
-- Installing: /build/chuffed-git/pkg/chuffed-git/usr/include/chuffed/mdd/opts.h
-- Installing: /build/chuffed-git/pkg/chuffed-git/usr/include/chuffed/mdd/sorters.h
-- Installing: /build/chuffed-git/pkg/chuffed-git/usr/include/chuffed/mdd/mdd_prop.h
-- Installing: /build/chuffed-git/pkg/chuffed-git/usr/include/chuffed/mdd/weighted_dfa.h
-- Installing: /build/chuffed-git/pkg/chuffed-git/usr/include/chuffed/ldsb
-- Installing: /build/chuffed-git/pkg/chuffed-git/usr/include/chuffed/ldsb/ldsb.h
-- Installing: /build/chuffed-git/pkg/chuffed-git/usr/share/minizinc/chuffed
-- Installing: /build/chuffed-git/pkg/chuffed-git/usr/share/minizinc/chuffed/fzn_arg_max_bool.mzn
-- Installing: /build/chuffed-git/pkg/chuffed-git/usr/share/minizinc/chuffed/fzn_count_geq.mzn
-- Installing: /build/chuffed-git/pkg/chuffed-git/usr/share/minizinc/chuffed/variables_interchange.mzn
-- Installing: /build/chuffed-git/pkg/chuffed-git/usr/share/minizinc/chuffed/fzn_circuit.mzn
-- Installing: /build/chuffed-git/pkg/chuffed-git/usr/share/minizinc/chuffed/fzn_regular.mzn
-- Installing: /build/chuffed-git/pkg/chuffed-git/usr/share/minizinc/chuffed/fzn_nvalue.mzn
-- Installing: /build/chuffed-git/pkg/chuffed-git/usr/share/minizinc/chuffed/fzn_count_lt.mzn
-- Installing: /build/chuffed-git/pkg/chuffed-git/usr/share/minizinc/chuffed/fzn_disjunctive.mzn
-- Installing: /build/chuffed-git/pkg/chuffed-git/usr/share/minizinc/chuffed/fzn_count_leq.mzn
-- Installing: /build/chuffed-git/pkg/chuffed-git/usr/share/minizinc/chuffed/fzn_seq_precede_chain_int.mzn
-- Installing: /build/chuffed-git/pkg/chuffed-git/usr/share/minizinc/chuffed/fzn_value_precede_int.mzn
-- Installing: /build/chuffed-git/pkg/chuffed-git/usr/share/minizinc/chuffed/fzn_disjunctive_strict.mzn
-- Installing: /build/chuffed-git/pkg/chuffed-git/usr/share/minizinc/chuffed/fzn_count_eq_par.mzn
-- Installing: /build/chuffed-git/pkg/chuffed-git/usr/share/minizinc/chuffed/fzn_count_eq.mzn
-- Installing: /build/chuffed-git/pkg/chuffed-git/usr/share/minizinc/chuffed/fzn_count_geq_par.mzn
-- Installing: /build/chuffed-git/pkg/chuffed-git/usr/share/minizinc/chuffed/fzn_connected.mzn
-- Installing: /build/chuffed-git/pkg/chuffed-git/usr/share/minizinc/chuffed/fzn_cumulative.mzn
-- Installing: /build/chuffed-git/pkg/chuffed-git/usr/share/minizinc/chuffed/fzn_dag.mzn
-- Installing: /build/chuffed-git/pkg/chuffed-git/usr/share/minizinc/chuffed/chuffed.mzn
-- Installing: /build/chuffed-git/pkg/chuffed-git/usr/share/minizinc/chuffed/fzn_dtree_int.mzn
-- Installing: /build/chuffed-git/pkg/chuffed-git/usr/share/minizinc/chuffed/values_sequences.mzn
-- Installing: /build/chuffed-git/pkg/chuffed-git/usr/share/minizinc/chuffed/redefinitions-2.0.mzn
-- Installing: /build/chuffed-git/pkg/chuffed-git/usr/share/minizinc/chuffed/fzn_count_leq_par.mzn
-- Installing: /build/chuffed-git/pkg/chuffed-git/usr/share/minizinc/chuffed/values_interchange.mzn
-- Installing: /build/chuffed-git/pkg/chuffed-git/usr/share/minizinc/chuffed/fzn_all_different_int.mzn
-- Installing: /build/chuffed-git/pkg/chuffed-git/usr/share/minizinc/chuffed/redefinitions.mzn
-- Installing: /build/chuffed-git/pkg/chuffed-git/usr/share/minizinc/chuffed/fzn_table_int.mzn
-- Installing: /build/chuffed-git/pkg/chuffed-git/usr/share/minizinc/chuffed/fzn_dpath_int.mzn
-- Installing: /build/chuffed-git/pkg/chuffed-git/usr/share/minizinc/chuffed/variables_sequences.mzn
-- Installing: /build/chuffed-git/pkg/chuffed-git/usr/share/minizinc/chuffed/edit_distance.mzn
-- Installing: /build/chuffed-git/pkg/chuffed-git/usr/share/minizinc/chuffed/fzn_tree_int.mzn
-- Installing: /build/chuffed-git/pkg/chuffed-git/usr/share/minizinc/chuffed/fzn_bounded_dpath_int.mzn
-- Installing: /build/chuffed-git/pkg/chuffed-git/usr/share/minizinc/chuffed/experimental
-- Installing: /build/chuffed-git/pkg/chuffed-git/usr/share/minizinc/chuffed/experimental/on_restart
-- Installing: /build/chuffed-git/pkg/chuffed-git/usr/share/minizinc/chuffed/experimental/on_restart/fzn_on_restart_complete.mzn
-- Installing: /build/chuffed-git/pkg/chuffed-git/usr/share/minizinc/chuffed/experimental/on_restart/fzn_on_restart_status.mzn
-- Installing: /build/chuffed-git/pkg/chuffed-git/usr/share/minizinc/chuffed/experimental/on_restart/fzn_on_restart_sol_bool.mzn
-- Installing: /build/chuffed-git/pkg/chuffed-git/usr/share/minizinc/chuffed/experimental/on_restart/fzn_on_restart_sol_int.mzn
-- Installing: /build/chuffed-git/pkg/chuffed-git/usr/share/minizinc/chuffed/experimental/on_restart/fzn_on_restart_uniform_int.mzn
-- Installing: /build/chuffed-git/pkg/chuffed-git/usr/share/minizinc/chuffed/experimental/on_restart/fzn_on_restart_last_val_int.mzn
-- Installing: /build/chuffed-git/pkg/chuffed-git/usr/share/minizinc/chuffed/experimental/on_restart/fzn_on_restart_last_val_bool.mzn
-- Installing: /build/chuffed-git/pkg/chuffed-git/usr/share/minizinc/chuffed/fzn_count_gt.mzn
-- Installing: /build/chuffed-git/pkg/chuffed-git/usr/share/minizinc/chuffed/fzn_steiner.mzn
-- Installing: /build/chuffed-git/pkg/chuffed-git/usr/share/minizinc/chuffed/fzn_global_cardinality_low_up.mzn
-- Installing: /build/chuffed-git/pkg/chuffed-git/usr/share/minizinc/chuffed/fzn_distribute.mzn
-- Installing: /build/chuffed-git/pkg/chuffed-git/usr/share/minizinc/chuffed/fzn_cost_regular.mzn
-- Installing: /build/chuffed-git/pkg/chuffed-git/usr/share/minizinc/chuffed/fzn_count_lt_par.mzn
-- Installing: /build/chuffed-git/pkg/chuffed-git/usr/share/minizinc/chuffed/fzn_subcircuit.mzn
-- Installing: /build/chuffed-git/pkg/chuffed-git/usr/share/minizinc/chuffed/fzn_count_gt_par.mzn
-- Installing: /build/chuffed-git/pkg/chuffed-git/usr/share/minizinc/chuffed/fzn_inverse.mzn
-- Installing: /build/chuffed-git/pkg/chuffed-git/usr/share/minizinc/solvers/chuffed.msc
-- Installing: /build/chuffed-git/pkg/chuffed-git/usr/lib/cmake/chuffed/chuffed-targets.cmake
-- Installing: /build/chuffed-git/pkg/chuffed-git/usr/lib/cmake/chuffed/chuffed-targets-none.cmake
-- Installing: /build/chuffed-git/pkg/chuffed-git/usr/lib/cmake/chuffed/chuffed-config.cmake
-- Installing: /build/chuffed-git/pkg/chuffed-git/usr/lib/cmake/chuffed/chuffed-config-version.cmake
