cinelerra-gg-git W: ELF file ('usr/bin/bdwrite') lacks FULL RELRO, check LDFLAGS.
cinelerra-gg-git W: ELF file ('usr/bin/cinelerra-gg') lacks FULL RELRO, check LDFLAGS.
cinelerra-gg-git W: ELF file ('usr/bin/zmpeg3cc2txt') lacks FULL RELRO, check LDFLAGS.
cinelerra-gg-git W: ELF file ('usr/bin/zmpeg3ifochk') lacks FULL RELRO, check LDFLAGS.
cinelerra-gg-git W: ELF file ('usr/lib/cinelerra-gg/hveg2enc') lacks FULL RELRO, check LDFLAGS.
cinelerra-gg-git W: ELF file ('usr/lib/cinelerra-gg/ladspa/alias_1407.so') lacks FULL RELRO, check LDFLAGS.
cinelerra-gg-git W: ELF file ('usr/lib/cinelerra-gg/ladspa/allpass_1895.so') lacks FULL RELRO, check LDFLAGS.
cinelerra-gg-git W: ELF file ('usr/lib/cinelerra-gg/ladspa/am_pitchshift_1433.so') lacks FULL RELRO, check LDFLAGS.
cinelerra-gg-git W: ELF file ('usr/lib/cinelerra-gg/ladspa/amp_1181.so') lacks FULL RELRO, check LDFLAGS.
cinelerra-gg-git W: ELF file ('usr/lib/cinelerra-gg/ladspa/analogue_osc_1416.so') lacks FULL RELRO, check LDFLAGS.
cinelerra-gg-git W: ELF file ('usr/lib/cinelerra-gg/ladspa/bandpass_a_iir_1893.so') lacks FULL RELRO, check LDFLAGS.
cinelerra-gg-git W: ELF file ('usr/lib/cinelerra-gg/ladspa/bandpass_iir_1892.so') lacks FULL RELRO, check LDFLAGS.
cinelerra-gg-git W: ELF file ('usr/lib/cinelerra-gg/ladspa/bode_shifter_1431.so') lacks FULL RELRO, check LDFLAGS.
cinelerra-gg-git W: ELF file ('usr/lib/cinelerra-gg/ladspa/bode_shifter_cv_1432.so') lacks FULL RELRO, check LDFLAGS.
cinelerra-gg-git W: ELF file ('usr/lib/cinelerra-gg/ladspa/butterworth_1902.so') lacks FULL RELRO, check LDFLAGS.
cinelerra-gg-git W: ELF file ('usr/lib/cinelerra-gg/ladspa/chebstortion_1430.so') lacks FULL RELRO, check LDFLAGS.
cinelerra-gg-git W: ELF file ('usr/lib/cinelerra-gg/ladspa/comb_1190.so') lacks FULL RELRO, check LDFLAGS.
cinelerra-gg-git W: ELF file ('usr/lib/cinelerra-gg/ladspa/comb_1887.so') lacks FULL RELRO, check LDFLAGS.
cinelerra-gg-git W: ELF file ('usr/lib/cinelerra-gg/ladspa/comb_splitter_1411.so') lacks FULL RELRO, check LDFLAGS.
cinelerra-gg-git W: ELF file ('usr/lib/cinelerra-gg/ladspa/const_1909.so') lacks FULL RELRO, check LDFLAGS.
cinelerra-gg-git W: ELF file ('usr/lib/cinelerra-gg/ladspa/crossover_dist_1404.so') lacks FULL RELRO, check LDFLAGS.
cinelerra-gg-git W: ELF file ('usr/lib/cinelerra-gg/ladspa/dc_remove_1207.so') lacks FULL RELRO, check LDFLAGS.
cinelerra-gg-git W: ELF file ('usr/lib/cinelerra-gg/ladspa/decay_1886.so') lacks FULL RELRO, check LDFLAGS.
cinelerra-gg-git W: ELF file ('usr/lib/cinelerra-gg/ladspa/decimator_1202.so') lacks FULL RELRO, check LDFLAGS.
cinelerra-gg-git W: ELF file ('usr/lib/cinelerra-gg/ladspa/declip_1195.so') lacks FULL RELRO, check LDFLAGS.
cinelerra-gg-git W: ELF file ('usr/lib/cinelerra-gg/ladspa/delay_1898.so') lacks FULL RELRO, check LDFLAGS.
cinelerra-gg-git W: ELF file ('usr/lib/cinelerra-gg/ladspa/delayorama_1402.so') lacks FULL RELRO, check LDFLAGS.
cinelerra-gg-git W: ELF file ('usr/lib/cinelerra-gg/ladspa/diode_1185.so') lacks FULL RELRO, check LDFLAGS.
cinelerra-gg-git W: ELF file ('usr/lib/cinelerra-gg/ladspa/divider_1186.so') lacks FULL RELRO, check LDFLAGS.
cinelerra-gg-git W: ELF file ('usr/lib/cinelerra-gg/ladspa/dj_eq_1901.so') lacks FULL RELRO, check LDFLAGS.
cinelerra-gg-git W: ELF file ('usr/lib/cinelerra-gg/ladspa/dj_flanger_1438.so') lacks FULL RELRO, check LDFLAGS.
cinelerra-gg-git W: ELF file ('usr/lib/cinelerra-gg/ladspa/dyson_compress_1403.so') lacks FULL RELRO, check LDFLAGS.
cinelerra-gg-git W: ELF file ('usr/lib/cinelerra-gg/ladspa/fad_delay_1192.so') lacks FULL RELRO, check LDFLAGS.
cinelerra-gg-git W: ELF file ('usr/lib/cinelerra-gg/ladspa/fast_lookahead_limiter_1913.so') lacks FULL RELRO, check LDFLAGS.
cinelerra-gg-git W: ELF file ('usr/lib/cinelerra-gg/ladspa/flanger_1191.so') lacks FULL RELRO, check LDFLAGS.
cinelerra-gg-git W: ELF file ('usr/lib/cinelerra-gg/ladspa/fm_osc_1415.so') lacks FULL RELRO, check LDFLAGS.
cinelerra-gg-git W: ELF file ('usr/lib/cinelerra-gg/ladspa/foldover_1213.so') lacks FULL RELRO, check LDFLAGS.
cinelerra-gg-git W: ELF file ('usr/lib/cinelerra-gg/ladspa/foverdrive_1196.so') lacks FULL RELRO, check LDFLAGS.
cinelerra-gg-git W: ELF file ('usr/lib/cinelerra-gg/ladspa/freq_tracker_1418.so') lacks FULL RELRO, check LDFLAGS.
cinelerra-gg-git W: ELF file ('usr/lib/cinelerra-gg/ladspa/gate_1410.so') lacks FULL RELRO, check LDFLAGS.
cinelerra-gg-git W: ELF file ('usr/lib/cinelerra-gg/ladspa/giant_flange_1437.so') lacks FULL RELRO, check LDFLAGS.
cinelerra-gg-git W: ELF file ('usr/lib/cinelerra-gg/ladspa/gong_1424.so') lacks FULL RELRO, check LDFLAGS.
cinelerra-gg-git W: ELF file ('usr/lib/cinelerra-gg/ladspa/gong_beater_1439.so') lacks FULL RELRO, check LDFLAGS.
cinelerra-gg-git W: ELF file ('usr/lib/cinelerra-gg/ladspa/gsm_1215.so') lacks FULL RELRO, check LDFLAGS.
cinelerra-gg-git W: ELF file ('usr/lib/cinelerra-gg/ladspa/gverb_1216.so') lacks FULL RELRO, check LDFLAGS.
cinelerra-gg-git W: ELF file ('usr/lib/cinelerra-gg/ladspa/hard_limiter_1413.so') lacks FULL RELRO, check LDFLAGS.
cinelerra-gg-git W: ELF file ('usr/lib/cinelerra-gg/ladspa/harmonic_gen_1220.so') lacks FULL RELRO, check LDFLAGS.
cinelerra-gg-git W: ELF file ('usr/lib/cinelerra-gg/ladspa/hermes_filter_1200.so') lacks FULL RELRO, check LDFLAGS.
cinelerra-gg-git W: ELF file ('usr/lib/cinelerra-gg/ladspa/highpass_iir_1890.so') lacks FULL RELRO, check LDFLAGS.
cinelerra-gg-git W: ELF file ('usr/lib/cinelerra-gg/ladspa/hilbert_1440.so') lacks FULL RELRO, check LDFLAGS.
cinelerra-gg-git W: ELF file ('usr/lib/cinelerra-gg/ladspa/imp_1199.so') lacks FULL RELRO, check LDFLAGS.
cinelerra-gg-git W: ELF file ('usr/lib/cinelerra-gg/ladspa/impulse_1885.so') lacks FULL RELRO, check LDFLAGS.
cinelerra-gg-git W: ELF file ('usr/lib/cinelerra-gg/ladspa/inv_1429.so') lacks FULL RELRO, check LDFLAGS.
cinelerra-gg-git W: ELF file ('usr/lib/cinelerra-gg/ladspa/karaoke_1409.so') lacks FULL RELRO, check LDFLAGS.
cinelerra-gg-git W: ELF file ('usr/lib/cinelerra-gg/ladspa/latency_1914.so') lacks FULL RELRO, check LDFLAGS.
cinelerra-gg-git W: ELF file ('usr/lib/cinelerra-gg/ladspa/lcr_delay_1436.so') lacks FULL RELRO, check LDFLAGS.
cinelerra-gg-git W: ELF file ('usr/lib/cinelerra-gg/ladspa/lowpass_iir_1891.so') lacks FULL RELRO, check LDFLAGS.
cinelerra-gg-git W: ELF file ('usr/lib/cinelerra-gg/ladspa/ls_filter_1908.so') lacks FULL RELRO, check LDFLAGS.
cinelerra-gg-git W: ELF file ('usr/lib/cinelerra-gg/ladspa/matrix_ms_st_1421.so') lacks FULL RELRO, check LDFLAGS.
cinelerra-gg-git W: ELF file ('usr/lib/cinelerra-gg/ladspa/matrix_spatialiser_1422.so') lacks FULL RELRO, check LDFLAGS.
cinelerra-gg-git W: ELF file ('usr/lib/cinelerra-gg/ladspa/matrix_st_ms_1420.so') lacks FULL RELRO, check LDFLAGS.
cinelerra-gg-git W: ELF file ('usr/lib/cinelerra-gg/ladspa/mbeq_1197.so') lacks FULL RELRO, check LDFLAGS.
cinelerra-gg-git W: ELF file ('usr/lib/cinelerra-gg/ladspa/mod_delay_1419.so') lacks FULL RELRO, check LDFLAGS.
cinelerra-gg-git W: ELF file ('usr/lib/cinelerra-gg/ladspa/multivoice_chorus_1201.so') lacks FULL RELRO, check LDFLAGS.
cinelerra-gg-git W: ELF file ('usr/lib/cinelerra-gg/ladspa/notch_iir_1894.so') lacks FULL RELRO, check LDFLAGS.
cinelerra-gg-git W: ELF file ('usr/lib/cinelerra-gg/ladspa/phasers_1217.so') lacks FULL RELRO, check LDFLAGS.
cinelerra-gg-git W: ELF file ('usr/lib/cinelerra-gg/ladspa/pitch_scale_1193.so') lacks FULL RELRO, check LDFLAGS.
cinelerra-gg-git W: ELF file ('usr/lib/cinelerra-gg/ladspa/pitch_scale_1194.so') lacks FULL RELRO, check LDFLAGS.
cinelerra-gg-git W: ELF file ('usr/lib/cinelerra-gg/ladspa/plate_1423.so') lacks FULL RELRO, check LDFLAGS.
cinelerra-gg-git W: ELF file ('usr/lib/cinelerra-gg/ladspa/pointer_cast_1910.so') lacks FULL RELRO, check LDFLAGS.
cinelerra-gg-git W: ELF file ('usr/lib/cinelerra-gg/ladspa/rate_shifter_1417.so') lacks FULL RELRO, check LDFLAGS.
cinelerra-gg-git W: ELF file ('usr/lib/cinelerra-gg/ladspa/retro_flange_1208.so') lacks FULL RELRO, check LDFLAGS.
cinelerra-gg-git W: ELF file ('usr/lib/cinelerra-gg/ladspa/revdelay_1605.so') lacks FULL RELRO, check LDFLAGS.
cinelerra-gg-git W: ELF file ('usr/lib/cinelerra-gg/ladspa/ringmod_1188.so') lacks FULL RELRO, check LDFLAGS.
cinelerra-gg-git W: ELF file ('usr/lib/cinelerra-gg/ladspa/satan_maximiser_1408.so') lacks FULL RELRO, check LDFLAGS.
cinelerra-gg-git W: ELF file ('usr/lib/cinelerra-gg/ladspa/sc1_1425.so') lacks FULL RELRO, check LDFLAGS.
cinelerra-gg-git W: ELF file ('usr/lib/cinelerra-gg/ladspa/sc2_1426.so') lacks FULL RELRO, check LDFLAGS.
cinelerra-gg-git W: ELF file ('usr/lib/cinelerra-gg/ladspa/sc3_1427.so') lacks FULL RELRO, check LDFLAGS.
cinelerra-gg-git W: ELF file ('usr/lib/cinelerra-gg/ladspa/sc4_1882.so') lacks FULL RELRO, check LDFLAGS.
cinelerra-gg-git W: ELF file ('usr/lib/cinelerra-gg/ladspa/sc4m_1916.so') lacks FULL RELRO, check LDFLAGS.
cinelerra-gg-git W: ELF file ('usr/lib/cinelerra-gg/ladspa/se4_1883.so') lacks FULL RELRO, check LDFLAGS.
cinelerra-gg-git W: ELF file ('usr/lib/cinelerra-gg/ladspa/shaper_1187.so') lacks FULL RELRO, check LDFLAGS.
cinelerra-gg-git W: ELF file ('usr/lib/cinelerra-gg/ladspa/sifter_1210.so') lacks FULL RELRO, check LDFLAGS.
cinelerra-gg-git W: ELF file ('usr/lib/cinelerra-gg/ladspa/sin_cos_1881.so') lacks FULL RELRO, check LDFLAGS.
cinelerra-gg-git W: ELF file ('usr/lib/cinelerra-gg/ladspa/single_para_1203.so') lacks FULL RELRO, check LDFLAGS.
cinelerra-gg-git W: ELF file ('usr/lib/cinelerra-gg/ladspa/sinus_wavewrapper_1198.so') lacks FULL RELRO, check LDFLAGS.
cinelerra-gg-git W: ELF file ('usr/lib/cinelerra-gg/ladspa/smooth_decimate_1414.so') lacks FULL RELRO, check LDFLAGS.
cinelerra-gg-git W: ELF file ('usr/lib/cinelerra-gg/ladspa/split_1406.so') lacks FULL RELRO, check LDFLAGS.
cinelerra-gg-git W: ELF file ('usr/lib/cinelerra-gg/ladspa/step_muxer_1212.so') lacks FULL RELRO, check LDFLAGS.
cinelerra-gg-git W: ELF file ('usr/lib/cinelerra-gg/ladspa/surround_encoder_1401.so') lacks FULL RELRO, check LDFLAGS.
cinelerra-gg-git W: ELF file ('usr/lib/cinelerra-gg/ladspa/svf_1214.so') lacks FULL RELRO, check LDFLAGS.
cinelerra-gg-git W: ELF file ('usr/lib/cinelerra-gg/ladspa/tape_delay_1211.so') lacks FULL RELRO, check LDFLAGS.
cinelerra-gg-git W: ELF file ('usr/lib/cinelerra-gg/ladspa/transient_1206.so') lacks FULL RELRO, check LDFLAGS.
cinelerra-gg-git W: ELF file ('usr/lib/cinelerra-gg/ladspa/triple_para_1204.so') lacks FULL RELRO, check LDFLAGS.
cinelerra-gg-git W: ELF file ('usr/lib/cinelerra-gg/ladspa/valve_1209.so') lacks FULL RELRO, check LDFLAGS.
cinelerra-gg-git W: ELF file ('usr/lib/cinelerra-gg/ladspa/valve_rect_1405.so') lacks FULL RELRO, check LDFLAGS.
cinelerra-gg-git W: ELF file ('usr/lib/cinelerra-gg/ladspa/vocoder_1337.so') lacks FULL RELRO, check LDFLAGS.
cinelerra-gg-git W: ELF file ('usr/lib/cinelerra-gg/ladspa/vynil_1905.so') lacks FULL RELRO, check LDFLAGS.
cinelerra-gg-git W: ELF file ('usr/lib/cinelerra-gg/ladspa/wave_terrain_1412.so') lacks FULL RELRO, check LDFLAGS.
cinelerra-gg-git W: ELF file ('usr/lib/cinelerra-gg/ladspa/xfade_1915.so') lacks FULL RELRO, check LDFLAGS.
cinelerra-gg-git W: ELF file ('usr/lib/cinelerra-gg/ladspa/zm1_1428.so') lacks FULL RELRO, check LDFLAGS.
cinelerra-gg-git W: ELF file ('usr/lib/cinelerra-gg/lv2ui') lacks FULL RELRO, check LDFLAGS.
cinelerra-gg-git W: ELF file ('usr/lib/cinelerra-gg/mpeg2enc') lacks FULL RELRO, check LDFLAGS.
cinelerra-gg-git W: ELF file ('usr/lib/cinelerra-gg/mplex') lacks FULL RELRO, check LDFLAGS.
cinelerra-gg-git W: ELF file ('usr/lib/cinelerra-gg/mplexlo') lacks FULL RELRO, check LDFLAGS.
cinelerra-gg-git W: ELF file ('usr/lib/cinelerra-gg/plugins/audio/audioscope.plugin') lacks FULL RELRO, check LDFLAGS.
cinelerra-gg-git W: ELF file ('usr/lib/cinelerra-gg/plugins/audio/cdripper.plugin') lacks FULL RELRO, check LDFLAGS.
cinelerra-gg-git W: ELF file ('usr/lib/cinelerra-gg/plugins/audio/chorus.plugin') lacks FULL RELRO, check LDFLAGS.
cinelerra-gg-git W: ELF file ('usr/lib/cinelerra-gg/plugins/audio/compressor.plugin') lacks FULL RELRO, check LDFLAGS.
cinelerra-gg-git W: ELF file ('usr/lib/cinelerra-gg/plugins/audio/compressormulti.plugin') lacks FULL RELRO, check LDFLAGS.
cinelerra-gg-git W: ELF file ('usr/lib/cinelerra-gg/plugins/audio/dcoffset.plugin') lacks FULL RELRO, check LDFLAGS.
cinelerra-gg-git W: ELF file ('usr/lib/cinelerra-gg/plugins/audio/delayaudio.plugin') lacks FULL RELRO, check LDFLAGS.
cinelerra-gg-git W: ELF file ('usr/lib/cinelerra-gg/plugins/audio/denoise.plugin') lacks FULL RELRO, check LDFLAGS.
cinelerra-gg-git W: ELF file ('usr/lib/cinelerra-gg/plugins/audio/denoisefft.plugin') lacks FULL RELRO, check LDFLAGS.
cinelerra-gg-git W: ELF file ('usr/lib/cinelerra-gg/plugins/audio/despike.plugin') lacks FULL RELRO, check LDFLAGS.
cinelerra-gg-git W: ELF file ('usr/lib/cinelerra-gg/plugins/audio/echo.plugin') lacks FULL RELRO, check LDFLAGS.
cinelerra-gg-git W: ELF file ('usr/lib/cinelerra-gg/plugins/audio/echocancel.plugin') lacks FULL RELRO, check LDFLAGS.
cinelerra-gg-git W: ELF file ('usr/lib/cinelerra-gg/plugins/audio/flanger.plugin') lacks FULL RELRO, check LDFLAGS.
cinelerra-gg-git W: ELF file ('usr/lib/cinelerra-gg/plugins/audio/freeverb.plugin') lacks FULL RELRO, check LDFLAGS.
cinelerra-gg-git W: ELF file ('usr/lib/cinelerra-gg/plugins/audio/gain.plugin') lacks FULL RELRO, check LDFLAGS.
cinelerra-gg-git W: ELF file ('usr/lib/cinelerra-gg/plugins/audio/graphic.plugin') lacks FULL RELRO, check LDFLAGS.
cinelerra-gg-git W: ELF file ('usr/lib/cinelerra-gg/plugins/audio/interpolateaudio.plugin') lacks FULL RELRO, check LDFLAGS.
cinelerra-gg-git W: ELF file ('usr/lib/cinelerra-gg/plugins/audio/invertaudio.plugin') lacks FULL RELRO, check LDFLAGS.
cinelerra-gg-git W: ELF file ('usr/lib/cinelerra-gg/plugins/audio/leveleffect.plugin') lacks FULL RELRO, check LDFLAGS.
cinelerra-gg-git W: ELF file ('usr/lib/cinelerra-gg/plugins/audio/loopaudio.plugin') lacks FULL RELRO, check LDFLAGS.
cinelerra-gg-git W: ELF file ('usr/lib/cinelerra-gg/plugins/audio/normalize.plugin') lacks FULL RELRO, check LDFLAGS.
cinelerra-gg-git W: ELF file ('usr/lib/cinelerra-gg/plugins/audio/overlayaudio.plugin') lacks FULL RELRO, check LDFLAGS.
cinelerra-gg-git W: ELF file ('usr/lib/cinelerra-gg/plugins/audio/parametric.plugin') lacks FULL RELRO, check LDFLAGS.
cinelerra-gg-git W: ELF file ('usr/lib/cinelerra-gg/plugins/audio/pitch.plugin') lacks FULL RELRO, check LDFLAGS.
cinelerra-gg-git W: ELF file ('usr/lib/cinelerra-gg/plugins/audio/removegaps.plugin') lacks FULL RELRO, check LDFLAGS.
cinelerra-gg-git W: ELF file ('usr/lib/cinelerra-gg/plugins/audio/resample.plugin') lacks FULL RELRO, check LDFLAGS.
cinelerra-gg-git W: ELF file ('usr/lib/cinelerra-gg/plugins/audio/resamplert.plugin') lacks FULL RELRO, check LDFLAGS.
cinelerra-gg-git W: ELF file ('usr/lib/cinelerra-gg/plugins/audio/reverb.plugin') lacks FULL RELRO, check LDFLAGS.
cinelerra-gg-git W: ELF file ('usr/lib/cinelerra-gg/plugins/audio/reverseaudio.plugin') lacks FULL RELRO, check LDFLAGS.
cinelerra-gg-git W: ELF file ('usr/lib/cinelerra-gg/plugins/audio/spectrogram.plugin') lacks FULL RELRO, check LDFLAGS.
cinelerra-gg-git W: ELF file ('usr/lib/cinelerra-gg/plugins/audio/synthesizer.plugin') lacks FULL RELRO, check LDFLAGS.
cinelerra-gg-git W: ELF file ('usr/lib/cinelerra-gg/plugins/audio/timestretch.plugin') lacks FULL RELRO, check LDFLAGS.
cinelerra-gg-git W: ELF file ('usr/lib/cinelerra-gg/plugins/audio/timestretchrt.plugin') lacks FULL RELRO, check LDFLAGS.
cinelerra-gg-git W: ELF file ('usr/lib/cinelerra-gg/plugins/audio/tremolo.plugin') lacks FULL RELRO, check LDFLAGS.
cinelerra-gg-git W: ELF file ('usr/lib/cinelerra-gg/plugins/posterize.plugin') lacks FULL RELRO, check LDFLAGS.
cinelerra-gg-git W: ELF file ('usr/lib/cinelerra-gg/plugins/themes/theme_blond.plugin') lacks FULL RELRO, check LDFLAGS.
cinelerra-gg-git W: ELF file ('usr/lib/cinelerra-gg/plugins/themes/theme_blond_cv.plugin') lacks FULL RELRO, check LDFLAGS.
cinelerra-gg-git W: ELF file ('usr/lib/cinelerra-gg/plugins/themes/theme_blue.plugin') lacks FULL RELRO, check LDFLAGS.
cinelerra-gg-git W: ELF file ('usr/lib/cinelerra-gg/plugins/themes/theme_blue_dot.plugin') lacks FULL RELRO, check LDFLAGS.
cinelerra-gg-git W: ELF file ('usr/lib/cinelerra-gg/plugins/themes/theme_bright.plugin') lacks FULL RELRO, check LDFLAGS.
cinelerra-gg-git W: ELF file ('usr/lib/cinelerra-gg/plugins/themes/theme_cakewalk.plugin') lacks FULL RELRO, check LDFLAGS.
cinelerra-gg-git W: ELF file ('usr/lib/cinelerra-gg/plugins/themes/theme_hulk.plugin') lacks FULL RELRO, check LDFLAGS.
cinelerra-gg-git W: ELF file ('usr/lib/cinelerra-gg/plugins/themes/theme_neophyte.plugin') lacks FULL RELRO, check LDFLAGS.
cinelerra-gg-git W: ELF file ('usr/lib/cinelerra-gg/plugins/themes/theme_pinklady.plugin') lacks FULL RELRO, check LDFLAGS.
cinelerra-gg-git W: ELF file ('usr/lib/cinelerra-gg/plugins/themes/theme_suv.plugin') lacks FULL RELRO, check LDFLAGS.
cinelerra-gg-git W: ELF file ('usr/lib/cinelerra-gg/plugins/themes/theme_unflat.plugin') lacks FULL RELRO, check LDFLAGS.
cinelerra-gg-git W: ELF file ('usr/lib/cinelerra-gg/plugins/timelapsehelper.plugin') lacks FULL RELRO, check LDFLAGS.
cinelerra-gg-git W: ELF file ('usr/lib/cinelerra-gg/plugins/video/1080to480.plugin') lacks FULL RELRO, check LDFLAGS.
cinelerra-gg-git W: ELF file ('usr/lib/cinelerra-gg/plugins/video/1080to540.plugin') lacks FULL RELRO, check LDFLAGS.
cinelerra-gg-git W: ELF file ('usr/lib/cinelerra-gg/plugins/video/720to480.plugin') lacks FULL RELRO, check LDFLAGS.
cinelerra-gg-git W: ELF file ('usr/lib/cinelerra-gg/plugins/video/C41.plugin') lacks FULL RELRO, check LDFLAGS.
cinelerra-gg-git W: ELF file ('usr/lib/cinelerra-gg/plugins/video/aging.plugin') lacks FULL RELRO, check LDFLAGS.
cinelerra-gg-git W: ELF file ('usr/lib/cinelerra-gg/plugins/video/alpha.plugin') lacks FULL RELRO, check LDFLAGS.
cinelerra-gg-git W: ELF file ('usr/lib/cinelerra-gg/plugins/video/bandslide.plugin') lacks FULL RELRO, check LDFLAGS.
cinelerra-gg-git W: ELF file ('usr/lib/cinelerra-gg/plugins/video/bandwipe.plugin') lacks FULL RELRO, check LDFLAGS.
cinelerra-gg-git W: ELF file ('usr/lib/cinelerra-gg/plugins/video/blendalgebra.plugin') lacks FULL RELRO, check LDFLAGS.
cinelerra-gg-git W: ELF file ('usr/lib/cinelerra-gg/plugins/video/blendprogram.plugin') lacks FULL RELRO, check LDFLAGS.
cinelerra-gg-git W: ELF file ('usr/lib/cinelerra-gg/plugins/video/bluebanana.plugin') lacks FULL RELRO, check LDFLAGS.
cinelerra-gg-git W: ELF file ('usr/lib/cinelerra-gg/plugins/video/blur.plugin') lacks FULL RELRO, check LDFLAGS.
cinelerra-gg-git W: ELF file ('usr/lib/cinelerra-gg/plugins/video/boxblur.plugin') lacks FULL RELRO, check LDFLAGS.
cinelerra-gg-git W: ELF file ('usr/lib/cinelerra-gg/plugins/video/brightness.plugin') lacks FULL RELRO, check LDFLAGS.
cinelerra-gg-git W: ELF file ('usr/lib/cinelerra-gg/plugins/video/burn.plugin') lacks FULL RELRO, check LDFLAGS.
cinelerra-gg-git W: ELF file ('usr/lib/cinelerra-gg/plugins/video/chromakey.plugin') lacks FULL RELRO, check LDFLAGS.
cinelerra-gg-git W: ELF file ('usr/lib/cinelerra-gg/plugins/video/chromakeyavid.plugin') lacks FULL RELRO, check LDFLAGS.
cinelerra-gg-git W: ELF file ('usr/lib/cinelerra-gg/plugins/video/chromakeyhsv.plugin') lacks FULL RELRO, check LDFLAGS.
cinelerra-gg-git W: ELF file ('usr/lib/cinelerra-gg/plugins/video/color3way.plugin') lacks FULL RELRO, check LDFLAGS.
cinelerra-gg-git W: ELF file ('usr/lib/cinelerra-gg/plugins/video/colorbalance.plugin') lacks FULL RELRO, check LDFLAGS.
cinelerra-gg-git W: ELF file ('usr/lib/cinelerra-gg/plugins/video/colorspace.plugin') lacks FULL RELRO, check LDFLAGS.
cinelerra-gg-git W: ELF file ('usr/lib/cinelerra-gg/plugins/video/crikey.plugin') lacks FULL RELRO, check LDFLAGS.
cinelerra-gg-git W: ELF file ('usr/lib/cinelerra-gg/plugins/video/cropp.plugin') lacks FULL RELRO, check LDFLAGS.
cinelerra-gg-git W: ELF file ('usr/lib/cinelerra-gg/plugins/video/crossfade.plugin') lacks FULL RELRO, check LDFLAGS.
cinelerra-gg-git W: ELF file ('usr/lib/cinelerra-gg/plugins/video/decimate.plugin') lacks FULL RELRO, check LDFLAGS.
cinelerra-gg-git W: ELF file ('usr/lib/cinelerra-gg/plugins/video/deinterlace-cv.plugin') lacks FULL RELRO, check LDFLAGS.
cinelerra-gg-git W: ELF file ('usr/lib/cinelerra-gg/plugins/video/deinterlace.plugin') lacks FULL RELRO, check LDFLAGS.
cinelerra-gg-git W: ELF file ('usr/lib/cinelerra-gg/plugins/video/delayvideo.plugin') lacks FULL RELRO, check LDFLAGS.
cinelerra-gg-git W: ELF file ('usr/lib/cinelerra-gg/plugins/video/denoisevideo.plugin') lacks FULL RELRO, check LDFLAGS.
cinelerra-gg-git W: ELF file ('usr/lib/cinelerra-gg/plugins/video/descratch.plugin') lacks FULL RELRO, check LDFLAGS.
cinelerra-gg-git W: ELF file ('usr/lib/cinelerra-gg/plugins/video/diffkey.plugin') lacks FULL RELRO, check LDFLAGS.
cinelerra-gg-git W: ELF file ('usr/lib/cinelerra-gg/plugins/video/dissolve.plugin') lacks FULL RELRO, check LDFLAGS.
cinelerra-gg-git W: ELF file ('usr/lib/cinelerra-gg/plugins/video/dot.plugin') lacks FULL RELRO, check LDFLAGS.
cinelerra-gg-git W: ELF file ('usr/lib/cinelerra-gg/plugins/video/downsample.plugin') lacks FULL RELRO, check LDFLAGS.
cinelerra-gg-git W: ELF file ('usr/lib/cinelerra-gg/plugins/video/edge.plugin') lacks FULL RELRO, check LDFLAGS.
cinelerra-gg-git W: ELF file ('usr/lib/cinelerra-gg/plugins/video/fieldframe.plugin') lacks FULL RELRO, check LDFLAGS.
cinelerra-gg-git W: ELF file ('usr/lib/cinelerra-gg/plugins/video/flash.plugin') lacks FULL RELRO, check LDFLAGS.
cinelerra-gg-git W: ELF file ('usr/lib/cinelerra-gg/plugins/video/flip.plugin') lacks FULL RELRO, check LDFLAGS.
cinelerra-gg-git W: ELF file ('usr/lib/cinelerra-gg/plugins/video/foreground.plugin') lacks FULL RELRO, check LDFLAGS.
cinelerra-gg-git W: ELF file ('usr/lib/cinelerra-gg/plugins/video/framefield.plugin') lacks FULL RELRO, check LDFLAGS.
cinelerra-gg-git W: ELF file ('usr/lib/cinelerra-gg/plugins/video/freezeframe.plugin') lacks FULL RELRO, check LDFLAGS.
cinelerra-gg-git W: ELF file ('usr/lib/cinelerra-gg/plugins/video/gamma.plugin') lacks FULL RELRO, check LDFLAGS.
cinelerra-gg-git W: ELF file ('usr/lib/cinelerra-gg/plugins/video/gradient.plugin') lacks FULL RELRO, check LDFLAGS.
cinelerra-gg-git W: ELF file ('usr/lib/cinelerra-gg/plugins/video/histeq.plugin') lacks FULL RELRO, check LDFLAGS.
cinelerra-gg-git W: ELF file ('usr/lib/cinelerra-gg/plugins/video/histogram.plugin') lacks FULL RELRO, check LDFLAGS.
cinelerra-gg-git W: ELF file ('usr/lib/cinelerra-gg/plugins/video/histogram_bezier.plugin') lacks FULL RELRO, check LDFLAGS.
cinelerra-gg-git W: ELF file ('usr/lib/cinelerra-gg/plugins/video/holo.plugin') lacks FULL RELRO, check LDFLAGS.
cinelerra-gg-git W: ELF file ('usr/lib/cinelerra-gg/plugins/video/huesaturation.plugin') lacks FULL RELRO, check LDFLAGS.
cinelerra-gg-git W: ELF file ('usr/lib/cinelerra-gg/plugins/video/interpolatepixels.plugin') lacks FULL RELRO, check LDFLAGS.
cinelerra-gg-git W: ELF file ('usr/lib/cinelerra-gg/plugins/video/interpolatevideo.plugin') lacks FULL RELRO, check LDFLAGS.
cinelerra-gg-git W: ELF file ('usr/lib/cinelerra-gg/plugins/video/invertvideo.plugin') lacks FULL RELRO, check LDFLAGS.
cinelerra-gg-git W: ELF file ('usr/lib/cinelerra-gg/plugins/video/irissquare.plugin') lacks FULL RELRO, check LDFLAGS.
cinelerra-gg-git W: ELF file ('usr/lib/cinelerra-gg/plugins/video/ivtc.plugin') lacks FULL RELRO, check LDFLAGS.
cinelerra-gg-git W: ELF file ('usr/lib/cinelerra-gg/plugins/video/lens.plugin') lacks FULL RELRO, check LDFLAGS.
cinelerra-gg-git W: ELF file ('usr/lib/cinelerra-gg/plugins/video/linearblur.plugin') lacks FULL RELRO, check LDFLAGS.
cinelerra-gg-git W: ELF file ('usr/lib/cinelerra-gg/plugins/video/liveaudio.plugin') lacks FULL RELRO, check LDFLAGS.
cinelerra-gg-git W: ELF file ('usr/lib/cinelerra-gg/plugins/video/livevideo.plugin') lacks FULL RELRO, check LDFLAGS.
cinelerra-gg-git W: ELF file ('usr/lib/cinelerra-gg/plugins/video/loopvideo.plugin') lacks FULL RELRO, check LDFLAGS.
cinelerra-gg-git W: ELF file ('usr/lib/cinelerra-gg/plugins/video/mirror.plugin') lacks FULL RELRO, check LDFLAGS.
cinelerra-gg-git W: ELF file ('usr/lib/cinelerra-gg/plugins/video/motion.plugin') lacks FULL RELRO, check LDFLAGS.
cinelerra-gg-git W: ELF file ('usr/lib/cinelerra-gg/plugins/video/motion2.plugin') lacks FULL RELRO, check LDFLAGS.
cinelerra-gg-git W: ELF file ('usr/lib/cinelerra-gg/plugins/video/motion51.plugin') lacks FULL RELRO, check LDFLAGS.
cinelerra-gg-git W: ELF file ('usr/lib/cinelerra-gg/plugins/video/motionblur.plugin') lacks FULL RELRO, check LDFLAGS.
cinelerra-gg-git W: ELF file ('usr/lib/cinelerra-gg/plugins/video/oil.plugin') lacks FULL RELRO, check LDFLAGS.
cinelerra-gg-git W: ELF file ('usr/lib/cinelerra-gg/plugins/video/overlay.plugin') lacks FULL RELRO, check LDFLAGS.
cinelerra-gg-git W: ELF file ('usr/lib/cinelerra-gg/plugins/video/perspective.plugin') lacks FULL RELRO, check LDFLAGS.
cinelerra-gg-git W: ELF file ('usr/lib/cinelerra-gg/plugins/video/photoscale.plugin') lacks FULL RELRO, check LDFLAGS.
cinelerra-gg-git W: ELF file ('usr/lib/cinelerra-gg/plugins/video/polar.plugin') lacks FULL RELRO, check LDFLAGS.
cinelerra-gg-git W: ELF file ('usr/lib/cinelerra-gg/plugins/video/radialblur.plugin') lacks FULL RELRO, check LDFLAGS.
cinelerra-gg-git W: ELF file ('usr/lib/cinelerra-gg/plugins/video/reframe.plugin') lacks FULL RELRO, check LDFLAGS.
cinelerra-gg-git W: ELF file ('usr/lib/cinelerra-gg/plugins/video/reframert.plugin') lacks FULL RELRO, check LDFLAGS.
cinelerra-gg-git W: ELF file ('usr/lib/cinelerra-gg/plugins/video/reroute.plugin') lacks FULL RELRO, check LDFLAGS.
cinelerra-gg-git W: ELF file ('usr/lib/cinelerra-gg/plugins/video/reversevideo.plugin') lacks FULL RELRO, check LDFLAGS.
cinelerra-gg-git W: ELF file ('usr/lib/cinelerra-gg/plugins/video/rgb601.plugin') lacks FULL RELRO, check LDFLAGS.
cinelerra-gg-git W: ELF file ('usr/lib/cinelerra-gg/plugins/video/rgbshift.plugin') lacks FULL RELRO, check LDFLAGS.
cinelerra-gg-git W: ELF file ('usr/lib/cinelerra-gg/plugins/video/rotate.plugin') lacks FULL RELRO, check LDFLAGS.
cinelerra-gg-git W: ELF file ('usr/lib/cinelerra-gg/plugins/video/rumbler.plugin') lacks FULL RELRO, check LDFLAGS.
cinelerra-gg-git W: ELF file ('usr/lib/cinelerra-gg/plugins/video/scale.plugin') lacks FULL RELRO, check LDFLAGS.
cinelerra-gg-git W: ELF file ('usr/lib/cinelerra-gg/plugins/video/scaleratio.plugin') lacks FULL RELRO, check LDFLAGS.
cinelerra-gg-git W: ELF file ('usr/lib/cinelerra-gg/plugins/video/seltempavg.plugin') lacks FULL RELRO, check LDFLAGS.
cinelerra-gg-git W: ELF file ('usr/lib/cinelerra-gg/plugins/video/shapewipe.plugin') lacks FULL RELRO, check LDFLAGS.
cinelerra-gg-git W: ELF file ('usr/lib/cinelerra-gg/plugins/video/sharpen.plugin') lacks FULL RELRO, check LDFLAGS.
cinelerra-gg-git W: ELF file ('usr/lib/cinelerra-gg/plugins/video/shiftinterlace.plugin') lacks FULL RELRO, check LDFLAGS.
cinelerra-gg-git W: ELF file ('usr/lib/cinelerra-gg/plugins/video/sketcher.plugin') lacks FULL RELRO, check LDFLAGS.
cinelerra-gg-git W: ELF file ('usr/lib/cinelerra-gg/plugins/video/slide.plugin') lacks FULL RELRO, check LDFLAGS.
cinelerra-gg-git W: ELF file ('usr/lib/cinelerra-gg/plugins/video/speed_pc.plugin') lacks FULL RELRO, check LDFLAGS.
cinelerra-gg-git W: ELF file ('usr/lib/cinelerra-gg/plugins/video/spherecam.plugin') lacks FULL RELRO, check LDFLAGS.
cinelerra-gg-git W: ELF file ('usr/lib/cinelerra-gg/plugins/video/svg.plugin') lacks FULL RELRO, check LDFLAGS.
cinelerra-gg-git W: ELF file ('usr/lib/cinelerra-gg/plugins/video/swapchannels.plugin') lacks FULL RELRO, check LDFLAGS.
cinelerra-gg-git W: ELF file ('usr/lib/cinelerra-gg/plugins/video/swapframes.plugin') lacks FULL RELRO, check LDFLAGS.
cinelerra-gg-git W: ELF file ('usr/lib/cinelerra-gg/plugins/video/swatch.plugin') lacks FULL RELRO, check LDFLAGS.
cinelerra-gg-git W: ELF file ('usr/lib/cinelerra-gg/plugins/video/threshold.plugin') lacks FULL RELRO, check LDFLAGS.
cinelerra-gg-git W: ELF file ('usr/lib/cinelerra-gg/plugins/video/timeavg.plugin') lacks FULL RELRO, check LDFLAGS.
cinelerra-gg-git W: ELF file ('usr/lib/cinelerra-gg/plugins/video/timeblur.plugin') lacks FULL RELRO, check LDFLAGS.
cinelerra-gg-git W: ELF file ('usr/lib/cinelerra-gg/plugins/video/timefront.plugin') lacks FULL RELRO, check LDFLAGS.
cinelerra-gg-git W: ELF file ('usr/lib/cinelerra-gg/plugins/video/titler.plugin') lacks FULL RELRO, check LDFLAGS.
cinelerra-gg-git W: ELF file ('usr/lib/cinelerra-gg/plugins/video/tracer.plugin') lacks FULL RELRO, check LDFLAGS.
cinelerra-gg-git W: ELF file ('usr/lib/cinelerra-gg/plugins/video/translate.plugin') lacks FULL RELRO, check LDFLAGS.
cinelerra-gg-git W: ELF file ('usr/lib/cinelerra-gg/plugins/video/unsharp.plugin') lacks FULL RELRO, check LDFLAGS.
cinelerra-gg-git W: ELF file ('usr/lib/cinelerra-gg/plugins/video/videoscope.plugin') lacks FULL RELRO, check LDFLAGS.
cinelerra-gg-git W: ELF file ('usr/lib/cinelerra-gg/plugins/video/wave.plugin') lacks FULL RELRO, check LDFLAGS.
cinelerra-gg-git W: ELF file ('usr/lib/cinelerra-gg/plugins/video/whirl.plugin') lacks FULL RELRO, check LDFLAGS.
cinelerra-gg-git W: ELF file ('usr/lib/cinelerra-gg/plugins/video/wipe.plugin') lacks FULL RELRO, check LDFLAGS.
cinelerra-gg-git W: ELF file ('usr/lib/cinelerra-gg/plugins/video/yuv.plugin') lacks FULL RELRO, check LDFLAGS.
cinelerra-gg-git W: ELF file ('usr/lib/cinelerra-gg/plugins/video/yuv411.plugin') lacks FULL RELRO, check LDFLAGS.
cinelerra-gg-git W: ELF file ('usr/lib/cinelerra-gg/plugins/video/yuvshift.plugin') lacks FULL RELRO, check LDFLAGS.
cinelerra-gg-git W: ELF file ('usr/lib/cinelerra-gg/plugins/video/zoom.plugin') lacks FULL RELRO, check LDFLAGS.
cinelerra-gg-git W: ELF file ('usr/lib/cinelerra-gg/plugins/video/zoomblur.plugin') lacks FULL RELRO, check LDFLAGS.
cinelerra-gg-git W: ELF file ('usr/lib/cinelerra-gg/plugins/audio/audioscope.plugin') lacks PIE.
cinelerra-gg-git W: ELF file ('usr/lib/cinelerra-gg/plugins/audio/cdripper.plugin') lacks PIE.
cinelerra-gg-git W: ELF file ('usr/lib/cinelerra-gg/plugins/audio/chorus.plugin') lacks PIE.
cinelerra-gg-git W: ELF file ('usr/lib/cinelerra-gg/plugins/audio/compressor.plugin') lacks PIE.
cinelerra-gg-git W: ELF file ('usr/lib/cinelerra-gg/plugins/audio/compressormulti.plugin') lacks PIE.
cinelerra-gg-git W: ELF file ('usr/lib/cinelerra-gg/plugins/audio/dcoffset.plugin') lacks PIE.
cinelerra-gg-git W: ELF file ('usr/lib/cinelerra-gg/plugins/audio/delayaudio.plugin') lacks PIE.
cinelerra-gg-git W: ELF file ('usr/lib/cinelerra-gg/plugins/audio/denoise.plugin') lacks PIE.
cinelerra-gg-git W: ELF file ('usr/lib/cinelerra-gg/plugins/audio/denoisefft.plugin') lacks PIE.
cinelerra-gg-git W: ELF file ('usr/lib/cinelerra-gg/plugins/audio/despike.plugin') lacks PIE.
cinelerra-gg-git W: ELF file ('usr/lib/cinelerra-gg/plugins/audio/echo.plugin') lacks PIE.
cinelerra-gg-git W: ELF file ('usr/lib/cinelerra-gg/plugins/audio/echocancel.plugin') lacks PIE.
cinelerra-gg-git W: ELF file ('usr/lib/cinelerra-gg/plugins/audio/flanger.plugin') lacks PIE.
cinelerra-gg-git W: ELF file ('usr/lib/cinelerra-gg/plugins/audio/freeverb.plugin') lacks PIE.
cinelerra-gg-git W: ELF file ('usr/lib/cinelerra-gg/plugins/audio/gain.plugin') lacks PIE.
cinelerra-gg-git W: ELF file ('usr/lib/cinelerra-gg/plugins/audio/graphic.plugin') lacks PIE.
cinelerra-gg-git W: ELF file ('usr/lib/cinelerra-gg/plugins/audio/interpolateaudio.plugin') lacks PIE.
cinelerra-gg-git W: ELF file ('usr/lib/cinelerra-gg/plugins/audio/invertaudio.plugin') lacks PIE.
cinelerra-gg-git W: ELF file ('usr/lib/cinelerra-gg/plugins/audio/leveleffect.plugin') lacks PIE.
cinelerra-gg-git W: ELF file ('usr/lib/cinelerra-gg/plugins/audio/loopaudio.plugin') lacks PIE.
cinelerra-gg-git W: ELF file ('usr/lib/cinelerra-gg/plugins/audio/normalize.plugin') lacks PIE.
cinelerra-gg-git W: ELF file ('usr/lib/cinelerra-gg/plugins/audio/overlayaudio.plugin') lacks PIE.
cinelerra-gg-git W: ELF file ('usr/lib/cinelerra-gg/plugins/audio/parametric.plugin') lacks PIE.
cinelerra-gg-git W: ELF file ('usr/lib/cinelerra-gg/plugins/audio/pitch.plugin') lacks PIE.
cinelerra-gg-git W: ELF file ('usr/lib/cinelerra-gg/plugins/audio/removegaps.plugin') lacks PIE.
cinelerra-gg-git W: ELF file ('usr/lib/cinelerra-gg/plugins/audio/resample.plugin') lacks PIE.
cinelerra-gg-git W: ELF file ('usr/lib/cinelerra-gg/plugins/audio/resamplert.plugin') lacks PIE.
cinelerra-gg-git W: ELF file ('usr/lib/cinelerra-gg/plugins/audio/reverb.plugin') lacks PIE.
cinelerra-gg-git W: ELF file ('usr/lib/cinelerra-gg/plugins/audio/reverseaudio.plugin') lacks PIE.
cinelerra-gg-git W: ELF file ('usr/lib/cinelerra-gg/plugins/audio/spectrogram.plugin') lacks PIE.
cinelerra-gg-git W: ELF file ('usr/lib/cinelerra-gg/plugins/audio/synthesizer.plugin') lacks PIE.
cinelerra-gg-git W: ELF file ('usr/lib/cinelerra-gg/plugins/audio/timestretch.plugin') lacks PIE.
cinelerra-gg-git W: ELF file ('usr/lib/cinelerra-gg/plugins/audio/timestretchrt.plugin') lacks PIE.
cinelerra-gg-git W: ELF file ('usr/lib/cinelerra-gg/plugins/audio/tremolo.plugin') lacks PIE.
cinelerra-gg-git W: ELF file ('usr/lib/cinelerra-gg/plugins/posterize.plugin') lacks PIE.
cinelerra-gg-git W: ELF file ('usr/lib/cinelerra-gg/plugins/themes/theme_blond.plugin') lacks PIE.
cinelerra-gg-git W: ELF file ('usr/lib/cinelerra-gg/plugins/themes/theme_blond_cv.plugin') lacks PIE.
cinelerra-gg-git W: ELF file ('usr/lib/cinelerra-gg/plugins/themes/theme_blue.plugin') lacks PIE.
cinelerra-gg-git W: ELF file ('usr/lib/cinelerra-gg/plugins/themes/theme_blue_dot.plugin') lacks PIE.
cinelerra-gg-git W: ELF file ('usr/lib/cinelerra-gg/plugins/themes/theme_bright.plugin') lacks PIE.
cinelerra-gg-git W: ELF file ('usr/lib/cinelerra-gg/plugins/themes/theme_cakewalk.plugin') lacks PIE.
cinelerra-gg-git W: ELF file ('usr/lib/cinelerra-gg/plugins/themes/theme_hulk.plugin') lacks PIE.
cinelerra-gg-git W: ELF file ('usr/lib/cinelerra-gg/plugins/themes/theme_neophyte.plugin') lacks PIE.
cinelerra-gg-git W: ELF file ('usr/lib/cinelerra-gg/plugins/themes/theme_pinklady.plugin') lacks PIE.
cinelerra-gg-git W: ELF file ('usr/lib/cinelerra-gg/plugins/themes/theme_suv.plugin') lacks PIE.
cinelerra-gg-git W: ELF file ('usr/lib/cinelerra-gg/plugins/themes/theme_unflat.plugin') lacks PIE.
cinelerra-gg-git W: ELF file ('usr/lib/cinelerra-gg/plugins/timelapsehelper.plugin') lacks PIE.
cinelerra-gg-git W: ELF file ('usr/lib/cinelerra-gg/plugins/video/1080to480.plugin') lacks PIE.
cinelerra-gg-git W: ELF file ('usr/lib/cinelerra-gg/plugins/video/1080to540.plugin') lacks PIE.
cinelerra-gg-git W: ELF file ('usr/lib/cinelerra-gg/plugins/video/720to480.plugin') lacks PIE.
cinelerra-gg-git W: ELF file ('usr/lib/cinelerra-gg/plugins/video/C41.plugin') lacks PIE.
cinelerra-gg-git W: ELF file ('usr/lib/cinelerra-gg/plugins/video/aging.plugin') lacks PIE.
cinelerra-gg-git W: ELF file ('usr/lib/cinelerra-gg/plugins/video/alpha.plugin') lacks PIE.
cinelerra-gg-git W: ELF file ('usr/lib/cinelerra-gg/plugins/video/bandslide.plugin') lacks PIE.
cinelerra-gg-git W: ELF file ('usr/lib/cinelerra-gg/plugins/video/bandwipe.plugin') lacks PIE.
cinelerra-gg-git W: ELF file ('usr/lib/cinelerra-gg/plugins/video/blendalgebra.plugin') lacks PIE.
cinelerra-gg-git W: ELF file ('usr/lib/cinelerra-gg/plugins/video/blendprogram.plugin') lacks PIE.
cinelerra-gg-git W: ELF file ('usr/lib/cinelerra-gg/plugins/video/bluebanana.plugin') lacks PIE.
cinelerra-gg-git W: ELF file ('usr/lib/cinelerra-gg/plugins/video/blur.plugin') lacks PIE.
cinelerra-gg-git W: ELF file ('usr/lib/cinelerra-gg/plugins/video/boxblur.plugin') lacks PIE.
cinelerra-gg-git W: ELF file ('usr/lib/cinelerra-gg/plugins/video/brightness.plugin') lacks PIE.
cinelerra-gg-git W: ELF file ('usr/lib/cinelerra-gg/plugins/video/burn.plugin') lacks PIE.
cinelerra-gg-git W: ELF file ('usr/lib/cinelerra-gg/plugins/video/chromakey.plugin') lacks PIE.
cinelerra-gg-git W: ELF file ('usr/lib/cinelerra-gg/plugins/video/chromakeyavid.plugin') lacks PIE.
cinelerra-gg-git W: ELF file ('usr/lib/cinelerra-gg/plugins/video/chromakeyhsv.plugin') lacks PIE.
cinelerra-gg-git W: ELF file ('usr/lib/cinelerra-gg/plugins/video/color3way.plugin') lacks PIE.
cinelerra-gg-git W: ELF file ('usr/lib/cinelerra-gg/plugins/video/colorbalance.plugin') lacks PIE.
cinelerra-gg-git W: ELF file ('usr/lib/cinelerra-gg/plugins/video/colorspace.plugin') lacks PIE.
cinelerra-gg-git W: ELF file ('usr/lib/cinelerra-gg/plugins/video/crikey.plugin') lacks PIE.
cinelerra-gg-git W: ELF file ('usr/lib/cinelerra-gg/plugins/video/cropp.plugin') lacks PIE.
cinelerra-gg-git W: ELF file ('usr/lib/cinelerra-gg/plugins/video/crossfade.plugin') lacks PIE.
cinelerra-gg-git W: ELF file ('usr/lib/cinelerra-gg/plugins/video/decimate.plugin') lacks PIE.
cinelerra-gg-git W: ELF file ('usr/lib/cinelerra-gg/plugins/video/deinterlace-cv.plugin') lacks PIE.
cinelerra-gg-git W: ELF file ('usr/lib/cinelerra-gg/plugins/video/deinterlace.plugin') lacks PIE.
cinelerra-gg-git W: ELF file ('usr/lib/cinelerra-gg/plugins/video/delayvideo.plugin') lacks PIE.
cinelerra-gg-git W: ELF file ('usr/lib/cinelerra-gg/plugins/video/denoisevideo.plugin') lacks PIE.
cinelerra-gg-git W: ELF file ('usr/lib/cinelerra-gg/plugins/video/descratch.plugin') lacks PIE.
cinelerra-gg-git W: ELF file ('usr/lib/cinelerra-gg/plugins/video/diffkey.plugin') lacks PIE.
cinelerra-gg-git W: ELF file ('usr/lib/cinelerra-gg/plugins/video/dissolve.plugin') lacks PIE.
cinelerra-gg-git W: ELF file ('usr/lib/cinelerra-gg/plugins/video/dot.plugin') lacks PIE.
cinelerra-gg-git W: ELF file ('usr/lib/cinelerra-gg/plugins/video/downsample.plugin') lacks PIE.
cinelerra-gg-git W: ELF file ('usr/lib/cinelerra-gg/plugins/video/edge.plugin') lacks PIE.
cinelerra-gg-git W: ELF file ('usr/lib/cinelerra-gg/plugins/video/fieldframe.plugin') lacks PIE.
cinelerra-gg-git W: ELF file ('usr/lib/cinelerra-gg/plugins/video/flash.plugin') lacks PIE.
cinelerra-gg-git W: ELF file ('usr/lib/cinelerra-gg/plugins/video/flip.plugin') lacks PIE.
cinelerra-gg-git W: ELF file ('usr/lib/cinelerra-gg/plugins/video/foreground.plugin') lacks PIE.
cinelerra-gg-git W: ELF file ('usr/lib/cinelerra-gg/plugins/video/framefield.plugin') lacks PIE.
cinelerra-gg-git W: ELF file ('usr/lib/cinelerra-gg/plugins/video/freezeframe.plugin') lacks PIE.
cinelerra-gg-git W: ELF file ('usr/lib/cinelerra-gg/plugins/video/gamma.plugin') lacks PIE.
cinelerra-gg-git W: ELF file ('usr/lib/cinelerra-gg/plugins/video/gradient.plugin') lacks PIE.
cinelerra-gg-git W: ELF file ('usr/lib/cinelerra-gg/plugins/video/histeq.plugin') lacks PIE.
cinelerra-gg-git W: ELF file ('usr/lib/cinelerra-gg/plugins/video/histogram.plugin') lacks PIE.
cinelerra-gg-git W: ELF file ('usr/lib/cinelerra-gg/plugins/video/histogram_bezier.plugin') lacks PIE.
cinelerra-gg-git W: ELF file ('usr/lib/cinelerra-gg/plugins/video/holo.plugin') lacks PIE.
cinelerra-gg-git W: ELF file ('usr/lib/cinelerra-gg/plugins/video/huesaturation.plugin') lacks PIE.
cinelerra-gg-git W: ELF file ('usr/lib/cinelerra-gg/plugins/video/interpolatepixels.plugin') lacks PIE.
cinelerra-gg-git W: ELF file ('usr/lib/cinelerra-gg/plugins/video/interpolatevideo.plugin') lacks PIE.
cinelerra-gg-git W: ELF file ('usr/lib/cinelerra-gg/plugins/video/invertvideo.plugin') lacks PIE.
cinelerra-gg-git W: ELF file ('usr/lib/cinelerra-gg/plugins/video/irissquare.plugin') lacks PIE.
cinelerra-gg-git W: ELF file ('usr/lib/cinelerra-gg/plugins/video/ivtc.plugin') lacks PIE.
cinelerra-gg-git W: ELF file ('usr/lib/cinelerra-gg/plugins/video/lens.plugin') lacks PIE.
cinelerra-gg-git W: ELF file ('usr/lib/cinelerra-gg/plugins/video/linearblur.plugin') lacks PIE.
cinelerra-gg-git W: ELF file ('usr/lib/cinelerra-gg/plugins/video/liveaudio.plugin') lacks PIE.
cinelerra-gg-git W: ELF file ('usr/lib/cinelerra-gg/plugins/video/livevideo.plugin') lacks PIE.
cinelerra-gg-git W: ELF file ('usr/lib/cinelerra-gg/plugins/video/loopvideo.plugin') lacks PIE.
cinelerra-gg-git W: ELF file ('usr/lib/cinelerra-gg/plugins/video/mirror.plugin') lacks PIE.
cinelerra-gg-git W: ELF file ('usr/lib/cinelerra-gg/plugins/video/motion.plugin') lacks PIE.
cinelerra-gg-git W: ELF file ('usr/lib/cinelerra-gg/plugins/video/motion2.plugin') lacks PIE.
cinelerra-gg-git W: ELF file ('usr/lib/cinelerra-gg/plugins/video/motion51.plugin') lacks PIE.
cinelerra-gg-git W: ELF file ('usr/lib/cinelerra-gg/plugins/video/motionblur.plugin') lacks PIE.
cinelerra-gg-git W: ELF file ('usr/lib/cinelerra-gg/plugins/video/oil.plugin') lacks PIE.
cinelerra-gg-git W: ELF file ('usr/lib/cinelerra-gg/plugins/video/overlay.plugin') lacks PIE.
cinelerra-gg-git W: ELF file ('usr/lib/cinelerra-gg/plugins/video/perspective.plugin') lacks PIE.
cinelerra-gg-git W: ELF file ('usr/lib/cinelerra-gg/plugins/video/photoscale.plugin') lacks PIE.
cinelerra-gg-git W: ELF file ('usr/lib/cinelerra-gg/plugins/video/polar.plugin') lacks PIE.
cinelerra-gg-git W: ELF file ('usr/lib/cinelerra-gg/plugins/video/radialblur.plugin') lacks PIE.
cinelerra-gg-git W: ELF file ('usr/lib/cinelerra-gg/plugins/video/reframe.plugin') lacks PIE.
cinelerra-gg-git W: ELF file ('usr/lib/cinelerra-gg/plugins/video/reframert.plugin') lacks PIE.
cinelerra-gg-git W: ELF file ('usr/lib/cinelerra-gg/plugins/video/reroute.plugin') lacks PIE.
cinelerra-gg-git W: ELF file ('usr/lib/cinelerra-gg/plugins/video/reversevideo.plugin') lacks PIE.
cinelerra-gg-git W: ELF file ('usr/lib/cinelerra-gg/plugins/video/rgb601.plugin') lacks PIE.
cinelerra-gg-git W: ELF file ('usr/lib/cinelerra-gg/plugins/video/rgbshift.plugin') lacks PIE.
cinelerra-gg-git W: ELF file ('usr/lib/cinelerra-gg/plugins/video/rotate.plugin') lacks PIE.
cinelerra-gg-git W: ELF file ('usr/lib/cinelerra-gg/plugins/video/rumbler.plugin') lacks PIE.
cinelerra-gg-git W: ELF file ('usr/lib/cinelerra-gg/plugins/video/scale.plugin') lacks PIE.
cinelerra-gg-git W: ELF file ('usr/lib/cinelerra-gg/plugins/video/scaleratio.plugin') lacks PIE.
cinelerra-gg-git W: ELF file ('usr/lib/cinelerra-gg/plugins/video/seltempavg.plugin') lacks PIE.
cinelerra-gg-git W: ELF file ('usr/lib/cinelerra-gg/plugins/video/shapewipe.plugin') lacks PIE.
cinelerra-gg-git W: ELF file ('usr/lib/cinelerra-gg/plugins/video/sharpen.plugin') lacks PIE.
cinelerra-gg-git W: ELF file ('usr/lib/cinelerra-gg/plugins/video/shiftinterlace.plugin') lacks PIE.
cinelerra-gg-git W: ELF file ('usr/lib/cinelerra-gg/plugins/video/sketcher.plugin') lacks PIE.
cinelerra-gg-git W: ELF file ('usr/lib/cinelerra-gg/plugins/video/slide.plugin') lacks PIE.
cinelerra-gg-git W: ELF file ('usr/lib/cinelerra-gg/plugins/video/speed_pc.plugin') lacks PIE.
cinelerra-gg-git W: ELF file ('usr/lib/cinelerra-gg/plugins/video/spherecam.plugin') lacks PIE.
cinelerra-gg-git W: ELF file ('usr/lib/cinelerra-gg/plugins/video/svg.plugin') lacks PIE.
cinelerra-gg-git W: ELF file ('usr/lib/cinelerra-gg/plugins/video/swapchannels.plugin') lacks PIE.
cinelerra-gg-git W: ELF file ('usr/lib/cinelerra-gg/plugins/video/swapframes.plugin') lacks PIE.
cinelerra-gg-git W: ELF file ('usr/lib/cinelerra-gg/plugins/video/swatch.plugin') lacks PIE.
cinelerra-gg-git W: ELF file ('usr/lib/cinelerra-gg/plugins/video/threshold.plugin') lacks PIE.
cinelerra-gg-git W: ELF file ('usr/lib/cinelerra-gg/plugins/video/timeavg.plugin') lacks PIE.
cinelerra-gg-git W: ELF file ('usr/lib/cinelerra-gg/plugins/video/timeblur.plugin') lacks PIE.
cinelerra-gg-git W: ELF file ('usr/lib/cinelerra-gg/plugins/video/timefront.plugin') lacks PIE.
cinelerra-gg-git W: ELF file ('usr/lib/cinelerra-gg/plugins/video/titler.plugin') lacks PIE.
cinelerra-gg-git W: ELF file ('usr/lib/cinelerra-gg/plugins/video/tracer.plugin') lacks PIE.
cinelerra-gg-git W: ELF file ('usr/lib/cinelerra-gg/plugins/video/translate.plugin') lacks PIE.
cinelerra-gg-git W: ELF file ('usr/lib/cinelerra-gg/plugins/video/unsharp.plugin') lacks PIE.
cinelerra-gg-git W: ELF file ('usr/lib/cinelerra-gg/plugins/video/videoscope.plugin') lacks PIE.
cinelerra-gg-git W: ELF file ('usr/lib/cinelerra-gg/plugins/video/wave.plugin') lacks PIE.
cinelerra-gg-git W: ELF file ('usr/lib/cinelerra-gg/plugins/video/whirl.plugin') lacks PIE.
cinelerra-gg-git W: ELF file ('usr/lib/cinelerra-gg/plugins/video/wipe.plugin') lacks PIE.
cinelerra-gg-git W: ELF file ('usr/lib/cinelerra-gg/plugins/video/yuv.plugin') lacks PIE.
cinelerra-gg-git W: ELF file ('usr/lib/cinelerra-gg/plugins/video/yuv411.plugin') lacks PIE.
cinelerra-gg-git W: ELF file ('usr/lib/cinelerra-gg/plugins/video/yuvshift.plugin') lacks PIE.
cinelerra-gg-git W: ELF file ('usr/lib/cinelerra-gg/plugins/video/zoom.plugin') lacks PIE.
cinelerra-gg-git W: ELF file ('usr/lib/cinelerra-gg/plugins/video/zoomblur.plugin') lacks PIE.
cinelerra-gg-git W: ELF file ('usr/bin/bdwrite') lacks GNU_PROPERTY_X86_FEATURE_1_SHSTK.
cinelerra-gg-git W: ELF file ('usr/bin/cinelerra-gg') lacks GNU_PROPERTY_X86_FEATURE_1_SHSTK.
cinelerra-gg-git W: ELF file ('usr/bin/zmpeg3cc2txt') lacks GNU_PROPERTY_X86_FEATURE_1_SHSTK.
cinelerra-gg-git W: ELF file ('usr/bin/zmpeg3ifochk') lacks GNU_PROPERTY_X86_FEATURE_1_SHSTK.
cinelerra-gg-git W: ELF file ('usr/lib/cinelerra-gg/hveg2enc') lacks GNU_PROPERTY_X86_FEATURE_1_SHSTK.
cinelerra-gg-git W: ELF file ('usr/lib/cinelerra-gg/ladspa/alias_1407.so') lacks GNU_PROPERTY_X86_FEATURE_1_SHSTK.
cinelerra-gg-git W: ELF file ('usr/lib/cinelerra-gg/ladspa/allpass_1895.so') lacks GNU_PROPERTY_X86_FEATURE_1_SHSTK.
cinelerra-gg-git W: ELF file ('usr/lib/cinelerra-gg/ladspa/am_pitchshift_1433.so') lacks GNU_PROPERTY_X86_FEATURE_1_SHSTK.
cinelerra-gg-git W: ELF file ('usr/lib/cinelerra-gg/ladspa/amp_1181.so') lacks GNU_PROPERTY_X86_FEATURE_1_SHSTK.
cinelerra-gg-git W: ELF file ('usr/lib/cinelerra-gg/ladspa/analogue_osc_1416.so') lacks GNU_PROPERTY_X86_FEATURE_1_SHSTK.
cinelerra-gg-git W: ELF file ('usr/lib/cinelerra-gg/ladspa/bandpass_a_iir_1893.so') lacks GNU_PROPERTY_X86_FEATURE_1_SHSTK.
cinelerra-gg-git W: ELF file ('usr/lib/cinelerra-gg/ladspa/bandpass_iir_1892.so') lacks GNU_PROPERTY_X86_FEATURE_1_SHSTK.
cinelerra-gg-git W: ELF file ('usr/lib/cinelerra-gg/ladspa/bode_shifter_1431.so') lacks GNU_PROPERTY_X86_FEATURE_1_SHSTK.
cinelerra-gg-git W: ELF file ('usr/lib/cinelerra-gg/ladspa/bode_shifter_cv_1432.so') lacks GNU_PROPERTY_X86_FEATURE_1_SHSTK.
cinelerra-gg-git W: ELF file ('usr/lib/cinelerra-gg/ladspa/butterworth_1902.so') lacks GNU_PROPERTY_X86_FEATURE_1_SHSTK.
cinelerra-gg-git W: ELF file ('usr/lib/cinelerra-gg/ladspa/chebstortion_1430.so') lacks GNU_PROPERTY_X86_FEATURE_1_SHSTK.
cinelerra-gg-git W: ELF file ('usr/lib/cinelerra-gg/ladspa/comb_1190.so') lacks GNU_PROPERTY_X86_FEATURE_1_SHSTK.
cinelerra-gg-git W: ELF file ('usr/lib/cinelerra-gg/ladspa/comb_1887.so') lacks GNU_PROPERTY_X86_FEATURE_1_SHSTK.
cinelerra-gg-git W: ELF file ('usr/lib/cinelerra-gg/ladspa/comb_splitter_1411.so') lacks GNU_PROPERTY_X86_FEATURE_1_SHSTK.
cinelerra-gg-git W: ELF file ('usr/lib/cinelerra-gg/ladspa/const_1909.so') lacks GNU_PROPERTY_X86_FEATURE_1_SHSTK.
cinelerra-gg-git W: ELF file ('usr/lib/cinelerra-gg/ladspa/crossover_dist_1404.so') lacks GNU_PROPERTY_X86_FEATURE_1_SHSTK.
cinelerra-gg-git W: ELF file ('usr/lib/cinelerra-gg/ladspa/dc_remove_1207.so') lacks GNU_PROPERTY_X86_FEATURE_1_SHSTK.
cinelerra-gg-git W: ELF file ('usr/lib/cinelerra-gg/ladspa/decay_1886.so') lacks GNU_PROPERTY_X86_FEATURE_1_SHSTK.
cinelerra-gg-git W: ELF file ('usr/lib/cinelerra-gg/ladspa/decimator_1202.so') lacks GNU_PROPERTY_X86_FEATURE_1_SHSTK.
cinelerra-gg-git W: ELF file ('usr/lib/cinelerra-gg/ladspa/declip_1195.so') lacks GNU_PROPERTY_X86_FEATURE_1_SHSTK.
cinelerra-gg-git W: ELF file ('usr/lib/cinelerra-gg/ladspa/delay_1898.so') lacks GNU_PROPERTY_X86_FEATURE_1_SHSTK.
cinelerra-gg-git W: ELF file ('usr/lib/cinelerra-gg/ladspa/delayorama_1402.so') lacks GNU_PROPERTY_X86_FEATURE_1_SHSTK.
cinelerra-gg-git W: ELF file ('usr/lib/cinelerra-gg/ladspa/diode_1185.so') lacks GNU_PROPERTY_X86_FEATURE_1_SHSTK.
cinelerra-gg-git W: ELF file ('usr/lib/cinelerra-gg/ladspa/divider_1186.so') lacks GNU_PROPERTY_X86_FEATURE_1_SHSTK.
cinelerra-gg-git W: ELF file ('usr/lib/cinelerra-gg/ladspa/dj_eq_1901.so') lacks GNU_PROPERTY_X86_FEATURE_1_SHSTK.
cinelerra-gg-git W: ELF file ('usr/lib/cinelerra-gg/ladspa/dj_flanger_1438.so') lacks GNU_PROPERTY_X86_FEATURE_1_SHSTK.
cinelerra-gg-git W: ELF file ('usr/lib/cinelerra-gg/ladspa/dyson_compress_1403.so') lacks GNU_PROPERTY_X86_FEATURE_1_SHSTK.
cinelerra-gg-git W: ELF file ('usr/lib/cinelerra-gg/ladspa/fad_delay_1192.so') lacks GNU_PROPERTY_X86_FEATURE_1_SHSTK.
cinelerra-gg-git W: ELF file ('usr/lib/cinelerra-gg/ladspa/fast_lookahead_limiter_1913.so') lacks GNU_PROPERTY_X86_FEATURE_1_SHSTK.
cinelerra-gg-git W: ELF file ('usr/lib/cinelerra-gg/ladspa/flanger_1191.so') lacks GNU_PROPERTY_X86_FEATURE_1_SHSTK.
cinelerra-gg-git W: ELF file ('usr/lib/cinelerra-gg/ladspa/fm_osc_1415.so') lacks GNU_PROPERTY_X86_FEATURE_1_SHSTK.
cinelerra-gg-git W: ELF file ('usr/lib/cinelerra-gg/ladspa/foldover_1213.so') lacks GNU_PROPERTY_X86_FEATURE_1_SHSTK.
cinelerra-gg-git W: ELF file ('usr/lib/cinelerra-gg/ladspa/foverdrive_1196.so') lacks GNU_PROPERTY_X86_FEATURE_1_SHSTK.
cinelerra-gg-git W: ELF file ('usr/lib/cinelerra-gg/ladspa/freq_tracker_1418.so') lacks GNU_PROPERTY_X86_FEATURE_1_SHSTK.
cinelerra-gg-git W: ELF file ('usr/lib/cinelerra-gg/ladspa/gate_1410.so') lacks GNU_PROPERTY_X86_FEATURE_1_SHSTK.
cinelerra-gg-git W: ELF file ('usr/lib/cinelerra-gg/ladspa/giant_flange_1437.so') lacks GNU_PROPERTY_X86_FEATURE_1_SHSTK.
cinelerra-gg-git W: ELF file ('usr/lib/cinelerra-gg/ladspa/gong_1424.so') lacks GNU_PROPERTY_X86_FEATURE_1_SHSTK.
cinelerra-gg-git W: ELF file ('usr/lib/cinelerra-gg/ladspa/gong_beater_1439.so') lacks GNU_PROPERTY_X86_FEATURE_1_SHSTK.
cinelerra-gg-git W: ELF file ('usr/lib/cinelerra-gg/ladspa/gsm_1215.so') lacks GNU_PROPERTY_X86_FEATURE_1_SHSTK.
cinelerra-gg-git W: ELF file ('usr/lib/cinelerra-gg/ladspa/gverb_1216.so') lacks GNU_PROPERTY_X86_FEATURE_1_SHSTK.
cinelerra-gg-git W: ELF file ('usr/lib/cinelerra-gg/ladspa/hard_limiter_1413.so') lacks GNU_PROPERTY_X86_FEATURE_1_SHSTK.
cinelerra-gg-git W: ELF file ('usr/lib/cinelerra-gg/ladspa/harmonic_gen_1220.so') lacks GNU_PROPERTY_X86_FEATURE_1_SHSTK.
cinelerra-gg-git W: ELF file ('usr/lib/cinelerra-gg/ladspa/hermes_filter_1200.so') lacks GNU_PROPERTY_X86_FEATURE_1_SHSTK.
cinelerra-gg-git W: ELF file ('usr/lib/cinelerra-gg/ladspa/highpass_iir_1890.so') lacks GNU_PROPERTY_X86_FEATURE_1_SHSTK.
cinelerra-gg-git W: ELF file ('usr/lib/cinelerra-gg/ladspa/hilbert_1440.so') lacks GNU_PROPERTY_X86_FEATURE_1_SHSTK.
cinelerra-gg-git W: ELF file ('usr/lib/cinelerra-gg/ladspa/imp_1199.so') lacks GNU_PROPERTY_X86_FEATURE_1_SHSTK.
cinelerra-gg-git W: ELF file ('usr/lib/cinelerra-gg/ladspa/impulse_1885.so') lacks GNU_PROPERTY_X86_FEATURE_1_SHSTK.
cinelerra-gg-git W: ELF file ('usr/lib/cinelerra-gg/ladspa/inv_1429.so') lacks GNU_PROPERTY_X86_FEATURE_1_SHSTK.
cinelerra-gg-git W: ELF file ('usr/lib/cinelerra-gg/ladspa/karaoke_1409.so') lacks GNU_PROPERTY_X86_FEATURE_1_SHSTK.
cinelerra-gg-git W: ELF file ('usr/lib/cinelerra-gg/ladspa/latency_1914.so') lacks GNU_PROPERTY_X86_FEATURE_1_SHSTK.
cinelerra-gg-git W: ELF file ('usr/lib/cinelerra-gg/ladspa/lcr_delay_1436.so') lacks GNU_PROPERTY_X86_FEATURE_1_SHSTK.
cinelerra-gg-git W: ELF file ('usr/lib/cinelerra-gg/ladspa/lowpass_iir_1891.so') lacks GNU_PROPERTY_X86_FEATURE_1_SHSTK.
cinelerra-gg-git W: ELF file ('usr/lib/cinelerra-gg/ladspa/ls_filter_1908.so') lacks GNU_PROPERTY_X86_FEATURE_1_SHSTK.
cinelerra-gg-git W: ELF file ('usr/lib/cinelerra-gg/ladspa/matrix_ms_st_1421.so') lacks GNU_PROPERTY_X86_FEATURE_1_SHSTK.
cinelerra-gg-git W: ELF file ('usr/lib/cinelerra-gg/ladspa/matrix_spatialiser_1422.so') lacks GNU_PROPERTY_X86_FEATURE_1_SHSTK.
cinelerra-gg-git W: ELF file ('usr/lib/cinelerra-gg/ladspa/matrix_st_ms_1420.so') lacks GNU_PROPERTY_X86_FEATURE_1_SHSTK.
cinelerra-gg-git W: ELF file ('usr/lib/cinelerra-gg/ladspa/mbeq_1197.so') lacks GNU_PROPERTY_X86_FEATURE_1_SHSTK.
cinelerra-gg-git W: ELF file ('usr/lib/cinelerra-gg/ladspa/mod_delay_1419.so') lacks GNU_PROPERTY_X86_FEATURE_1_SHSTK.
cinelerra-gg-git W: ELF file ('usr/lib/cinelerra-gg/ladspa/multivoice_chorus_1201.so') lacks GNU_PROPERTY_X86_FEATURE_1_SHSTK.
cinelerra-gg-git W: ELF file ('usr/lib/cinelerra-gg/ladspa/notch_iir_1894.so') lacks GNU_PROPERTY_X86_FEATURE_1_SHSTK.
cinelerra-gg-git W: ELF file ('usr/lib/cinelerra-gg/ladspa/phasers_1217.so') lacks GNU_PROPERTY_X86_FEATURE_1_SHSTK.
cinelerra-gg-git W: ELF file ('usr/lib/cinelerra-gg/ladspa/pitch_scale_1193.so') lacks GNU_PROPERTY_X86_FEATURE_1_SHSTK.
cinelerra-gg-git W: ELF file ('usr/lib/cinelerra-gg/ladspa/pitch_scale_1194.so') lacks GNU_PROPERTY_X86_FEATURE_1_SHSTK.
cinelerra-gg-git W: ELF file ('usr/lib/cinelerra-gg/ladspa/plate_1423.so') lacks GNU_PROPERTY_X86_FEATURE_1_SHSTK.
cinelerra-gg-git W: ELF file ('usr/lib/cinelerra-gg/ladspa/pointer_cast_1910.so') lacks GNU_PROPERTY_X86_FEATURE_1_SHSTK.
cinelerra-gg-git W: ELF file ('usr/lib/cinelerra-gg/ladspa/rate_shifter_1417.so') lacks GNU_PROPERTY_X86_FEATURE_1_SHSTK.
cinelerra-gg-git W: ELF file ('usr/lib/cinelerra-gg/ladspa/retro_flange_1208.so') lacks GNU_PROPERTY_X86_FEATURE_1_SHSTK.
cinelerra-gg-git W: ELF file ('usr/lib/cinelerra-gg/ladspa/revdelay_1605.so') lacks GNU_PROPERTY_X86_FEATURE_1_SHSTK.
cinelerra-gg-git W: ELF file ('usr/lib/cinelerra-gg/ladspa/ringmod_1188.so') lacks GNU_PROPERTY_X86_FEATURE_1_SHSTK.
cinelerra-gg-git W: ELF file ('usr/lib/cinelerra-gg/ladspa/satan_maximiser_1408.so') lacks GNU_PROPERTY_X86_FEATURE_1_SHSTK.
cinelerra-gg-git W: ELF file ('usr/lib/cinelerra-gg/ladspa/sc1_1425.so') lacks GNU_PROPERTY_X86_FEATURE_1_SHSTK.
cinelerra-gg-git W: ELF file ('usr/lib/cinelerra-gg/ladspa/sc2_1426.so') lacks GNU_PROPERTY_X86_FEATURE_1_SHSTK.
cinelerra-gg-git W: ELF file ('usr/lib/cinelerra-gg/ladspa/sc3_1427.so') lacks GNU_PROPERTY_X86_FEATURE_1_SHSTK.
cinelerra-gg-git W: ELF file ('usr/lib/cinelerra-gg/ladspa/sc4_1882.so') lacks GNU_PROPERTY_X86_FEATURE_1_SHSTK.
cinelerra-gg-git W: ELF file ('usr/lib/cinelerra-gg/ladspa/sc4m_1916.so') lacks GNU_PROPERTY_X86_FEATURE_1_SHSTK.
cinelerra-gg-git W: ELF file ('usr/lib/cinelerra-gg/ladspa/se4_1883.so') lacks GNU_PROPERTY_X86_FEATURE_1_SHSTK.
cinelerra-gg-git W: ELF file ('usr/lib/cinelerra-gg/ladspa/shaper_1187.so') lacks GNU_PROPERTY_X86_FEATURE_1_SHSTK.
cinelerra-gg-git W: ELF file ('usr/lib/cinelerra-gg/ladspa/sifter_1210.so') lacks GNU_PROPERTY_X86_FEATURE_1_SHSTK.
cinelerra-gg-git W: ELF file ('usr/lib/cinelerra-gg/ladspa/sin_cos_1881.so') lacks GNU_PROPERTY_X86_FEATURE_1_SHSTK.
cinelerra-gg-git W: ELF file ('usr/lib/cinelerra-gg/ladspa/single_para_1203.so') lacks GNU_PROPERTY_X86_FEATURE_1_SHSTK.
cinelerra-gg-git W: ELF file ('usr/lib/cinelerra-gg/ladspa/sinus_wavewrapper_1198.so') lacks GNU_PROPERTY_X86_FEATURE_1_SHSTK.
cinelerra-gg-git W: ELF file ('usr/lib/cinelerra-gg/ladspa/smooth_decimate_1414.so') lacks GNU_PROPERTY_X86_FEATURE_1_SHSTK.
cinelerra-gg-git W: ELF file ('usr/lib/cinelerra-gg/ladspa/split_1406.so') lacks GNU_PROPERTY_X86_FEATURE_1_SHSTK.
cinelerra-gg-git W: ELF file ('usr/lib/cinelerra-gg/ladspa/step_muxer_1212.so') lacks GNU_PROPERTY_X86_FEATURE_1_SHSTK.
cinelerra-gg-git W: ELF file ('usr/lib/cinelerra-gg/ladspa/surround_encoder_1401.so') lacks GNU_PROPERTY_X86_FEATURE_1_SHSTK.
cinelerra-gg-git W: ELF file ('usr/lib/cinelerra-gg/ladspa/svf_1214.so') lacks GNU_PROPERTY_X86_FEATURE_1_SHSTK.
cinelerra-gg-git W: ELF file ('usr/lib/cinelerra-gg/ladspa/tape_delay_1211.so') lacks GNU_PROPERTY_X86_FEATURE_1_SHSTK.
cinelerra-gg-git W: ELF file ('usr/lib/cinelerra-gg/ladspa/transient_1206.so') lacks GNU_PROPERTY_X86_FEATURE_1_SHSTK.
cinelerra-gg-git W: ELF file ('usr/lib/cinelerra-gg/ladspa/triple_para_1204.so') lacks GNU_PROPERTY_X86_FEATURE_1_SHSTK.
cinelerra-gg-git W: ELF file ('usr/lib/cinelerra-gg/ladspa/valve_1209.so') lacks GNU_PROPERTY_X86_FEATURE_1_SHSTK.
cinelerra-gg-git W: ELF file ('usr/lib/cinelerra-gg/ladspa/valve_rect_1405.so') lacks GNU_PROPERTY_X86_FEATURE_1_SHSTK.
cinelerra-gg-git W: ELF file ('usr/lib/cinelerra-gg/ladspa/vocoder_1337.so') lacks GNU_PROPERTY_X86_FEATURE_1_SHSTK.
cinelerra-gg-git W: ELF file ('usr/lib/cinelerra-gg/ladspa/vynil_1905.so') lacks GNU_PROPERTY_X86_FEATURE_1_SHSTK.
cinelerra-gg-git W: ELF file ('usr/lib/cinelerra-gg/ladspa/wave_terrain_1412.so') lacks GNU_PROPERTY_X86_FEATURE_1_SHSTK.
cinelerra-gg-git W: ELF file ('usr/lib/cinelerra-gg/ladspa/xfade_1915.so') lacks GNU_PROPERTY_X86_FEATURE_1_SHSTK.
cinelerra-gg-git W: ELF file ('usr/lib/cinelerra-gg/ladspa/zm1_1428.so') lacks GNU_PROPERTY_X86_FEATURE_1_SHSTK.
cinelerra-gg-git W: ELF file ('usr/lib/cinelerra-gg/lv2ui') lacks GNU_PROPERTY_X86_FEATURE_1_SHSTK.
cinelerra-gg-git W: ELF file ('usr/lib/cinelerra-gg/mpeg2enc') lacks GNU_PROPERTY_X86_FEATURE_1_SHSTK.
cinelerra-gg-git W: ELF file ('usr/lib/cinelerra-gg/mplex') lacks GNU_PROPERTY_X86_FEATURE_1_SHSTK.
cinelerra-gg-git W: ELF file ('usr/lib/cinelerra-gg/mplexlo') lacks GNU_PROPERTY_X86_FEATURE_1_SHSTK.
cinelerra-gg-git W: ELF file ('usr/lib/cinelerra-gg/plugins/themes/theme_blond.plugin') lacks GNU_PROPERTY_X86_FEATURE_1_SHSTK.
cinelerra-gg-git W: ELF file ('usr/lib/cinelerra-gg/plugins/themes/theme_blond_cv.plugin') lacks GNU_PROPERTY_X86_FEATURE_1_SHSTK.
cinelerra-gg-git W: ELF file ('usr/lib/cinelerra-gg/plugins/themes/theme_blue.plugin') lacks GNU_PROPERTY_X86_FEATURE_1_SHSTK.
cinelerra-gg-git W: ELF file ('usr/lib/cinelerra-gg/plugins/themes/theme_blue_dot.plugin') lacks GNU_PROPERTY_X86_FEATURE_1_SHSTK.
cinelerra-gg-git W: ELF file ('usr/lib/cinelerra-gg/plugins/themes/theme_bright.plugin') lacks GNU_PROPERTY_X86_FEATURE_1_SHSTK.
cinelerra-gg-git W: ELF file ('usr/lib/cinelerra-gg/plugins/themes/theme_cakewalk.plugin') lacks GNU_PROPERTY_X86_FEATURE_1_SHSTK.
cinelerra-gg-git W: ELF file ('usr/lib/cinelerra-gg/plugins/themes/theme_hulk.plugin') lacks GNU_PROPERTY_X86_FEATURE_1_SHSTK.
cinelerra-gg-git W: ELF file ('usr/lib/cinelerra-gg/plugins/themes/theme_neophyte.plugin') lacks GNU_PROPERTY_X86_FEATURE_1_SHSTK.
cinelerra-gg-git W: ELF file ('usr/lib/cinelerra-gg/plugins/themes/theme_pinklady.plugin') lacks GNU_PROPERTY_X86_FEATURE_1_SHSTK.
cinelerra-gg-git W: ELF file ('usr/lib/cinelerra-gg/plugins/themes/theme_suv.plugin') lacks GNU_PROPERTY_X86_FEATURE_1_SHSTK.
cinelerra-gg-git W: ELF file ('usr/lib/cinelerra-gg/plugins/themes/theme_unflat.plugin') lacks GNU_PROPERTY_X86_FEATURE_1_SHSTK.
cinelerra-gg-git W: ELF file ('usr/lib/cinelerra-gg/plugins/video/chromakeyavid.plugin') lacks GNU_PROPERTY_X86_FEATURE_1_SHSTK.
cinelerra-gg-git W: ELF file ('usr/lib/cinelerra-gg/plugins/video/chromakeyhsv.plugin') lacks GNU_PROPERTY_X86_FEATURE_1_SHSTK.
cinelerra-gg-git W: ELF file ('usr/lib/cinelerra-gg/plugins/video/svg.plugin') lacks GNU_PROPERTY_X86_FEATURE_1_SHSTK.
cinelerra-gg-git W: Directory (usr/share/cinelerra-gg/lv2) is empty
cinelerra-gg-git W: Directory (usr/lib/cinelerra-gg/plugins/picon/cinfinity) is empty
cinelerra-gg-git W: Potential non-FHS info page (usr/share/cinelerra-gg/info/plugins.txt) found.
cinelerra-gg-git W: Unused shared library '/usr/lib/libtheoraenc.so.2' by file ('usr/bin/bdwrite')
cinelerra-gg-git W: Unused shared library '/usr/lib/libtheoradec.so.2' by file ('usr/bin/bdwrite')
cinelerra-gg-git W: Unused shared library '/usr/lib/libogg.so.0' by file ('usr/bin/bdwrite')
cinelerra-gg-git W: Unused shared library '/usr/lib/libvorbis.so.0' by file ('usr/bin/bdwrite')
cinelerra-gg-git W: Unused shared library '/usr/lib/libvorbisfile.so.3' by file ('usr/bin/bdwrite')
cinelerra-gg-git W: Unused shared library '/usr/lib/libImath-3_1.so.29' by file ('usr/bin/bdwrite')
cinelerra-gg-git W: Unused shared library '/usr/lib/libIlmThread-3_3.so.32' by file ('usr/bin/bdwrite')
cinelerra-gg-git W: Unused shared library '/usr/lib/libIex-3_3.so.32' by file ('usr/bin/bdwrite')
cinelerra-gg-git W: Unused shared library '/usr/lib/libfftw3.so.3' by file ('usr/bin/bdwrite')
cinelerra-gg-git W: Unused shared library '/usr/lib/libFLAC.so.14' by file ('usr/bin/bdwrite')
cinelerra-gg-git W: Unused shared library '/usr/lib/libavc1394.so.0' by file ('usr/bin/bdwrite')
cinelerra-gg-git W: Unused shared library '/usr/lib/librom1394.so.0' by file ('usr/bin/bdwrite')
cinelerra-gg-git W: Unused shared library '/usr/lib/libiec61883.so.0' by file ('usr/bin/bdwrite')
cinelerra-gg-git W: Unused shared library '/usr/lib/libdv.so.4' by file ('usr/bin/bdwrite')
cinelerra-gg-git W: Unused shared library '/usr/lib/libjpeg.so.8' by file ('usr/bin/bdwrite')
cinelerra-gg-git W: Unused shared library '/usr/lib/libsndfile.so.1' by file ('usr/bin/bdwrite')
cinelerra-gg-git W: Unused shared library '/usr/lib/libtiff.so.6' by file ('usr/bin/bdwrite')
cinelerra-gg-git W: Unused shared library '/usr/lib/libXext.so.6' by file ('usr/bin/bdwrite')
cinelerra-gg-git W: Unused shared library '/usr/lib/libXinerama.so.1' by file ('usr/bin/bdwrite')
cinelerra-gg-git W: Unused shared library '/usr/lib/libXfixes.so.3' by file ('usr/bin/bdwrite')
cinelerra-gg-git W: Unused shared library '/usr/lib/libfontconfig.so.1' by file ('usr/bin/bdwrite')
cinelerra-gg-git W: Unused shared library '/usr/lib/libfreetype.so.6' by file ('usr/bin/bdwrite')
cinelerra-gg-git W: Unused shared library '/usr/lib/libpng16.so.16' by file ('usr/bin/bdwrite')
cinelerra-gg-git W: Unused shared library '/usr/lib/libjbig.so.2.1' by file ('usr/bin/bdwrite')
cinelerra-gg-git W: Unused shared library '/usr/lib/libGL.so.1' by file ('usr/bin/bdwrite')
cinelerra-gg-git W: Unused shared library '/usr/lib/libGLU.so.1' by file ('usr/bin/bdwrite')
cinelerra-gg-git W: Unused shared library '/usr/lib/libXv.so.1' by file ('usr/bin/bdwrite')
cinelerra-gg-git W: Unused shared library '/usr/lib/libXft.so.2' by file ('usr/bin/bdwrite')
cinelerra-gg-git W: Unused shared library '/usr/lib/libasound.so.2' by file ('usr/bin/bdwrite')
cinelerra-gg-git W: Unused shared library '/usr/lib/libpulse-simple.so.0' by file ('usr/bin/bdwrite')
cinelerra-gg-git W: Unused shared library '/usr/lib/libpulse.so.0' by file ('usr/bin/bdwrite')
cinelerra-gg-git W: Unused shared library '/usr/lib/libusb-1.0.so.0' by file ('usr/bin/bdwrite')
cinelerra-gg-git W: Unused shared library '/usr/lib/libtheoraenc.so.2' by file ('usr/bin/cinelerra-gg')
cinelerra-gg-git W: Unused shared library '/usr/lib/libtheoradec.so.2' by file ('usr/bin/cinelerra-gg')
cinelerra-gg-git W: Unused shared library '/usr/lib/libogg.so.0' by file ('usr/bin/cinelerra-gg')
cinelerra-gg-git W: Unused shared library '/usr/lib/libvorbis.so.0' by file ('usr/bin/cinelerra-gg')
cinelerra-gg-git W: Unused shared library '/usr/lib/libvorbisfile.so.3' by file ('usr/bin/cinelerra-gg')
cinelerra-gg-git W: Unused shared library '/usr/lib/libImath-3_1.so.29' by file ('usr/bin/cinelerra-gg')
cinelerra-gg-git W: Unused shared library '/usr/lib/libIlmThread-3_3.so.32' by file ('usr/bin/cinelerra-gg')
cinelerra-gg-git W: Unused shared library '/usr/lib/libIex-3_3.so.32' by file ('usr/bin/cinelerra-gg')
cinelerra-gg-git W: Unused shared library '/usr/lib/libfftw3.so.3' by file ('usr/bin/cinelerra-gg')
cinelerra-gg-git W: Unused shared library '/usr/lib/libjbig.so.2.1' by file ('usr/bin/cinelerra-gg')
cinelerra-gg-git W: Unused shared library '/usr/lib/libX11.so.6' by file ('usr/bin/zmpeg3ifochk')
cinelerra-gg-git W: Unused shared library '/usr/lib/libtheoraenc.so.2' by file ('usr/lib/cinelerra-gg/hveg2enc')
cinelerra-gg-git W: Unused shared library '/usr/lib/libtheoradec.so.2' by file ('usr/lib/cinelerra-gg/hveg2enc')
cinelerra-gg-git W: Unused shared library '/usr/lib/libogg.so.0' by file ('usr/lib/cinelerra-gg/hveg2enc')
cinelerra-gg-git W: Unused shared library '/usr/lib/libvorbis.so.0' by file ('usr/lib/cinelerra-gg/hveg2enc')
cinelerra-gg-git W: Unused shared library '/usr/lib/libvorbisfile.so.3' by file ('usr/lib/cinelerra-gg/hveg2enc')
cinelerra-gg-git W: Unused shared library '/usr/lib/libImath-3_1.so.29' by file ('usr/lib/cinelerra-gg/hveg2enc')
cinelerra-gg-git W: Unused shared library '/usr/lib/libIlmThread-3_3.so.32' by file ('usr/lib/cinelerra-gg/hveg2enc')
cinelerra-gg-git W: Unused shared library '/usr/lib/libIex-3_3.so.32' by file ('usr/lib/cinelerra-gg/hveg2enc')
cinelerra-gg-git W: Unused shared library '/usr/lib/libfftw3.so.3' by file ('usr/lib/cinelerra-gg/hveg2enc')
cinelerra-gg-git W: Unused shared library '/usr/lib/libFLAC.so.14' by file ('usr/lib/cinelerra-gg/hveg2enc')
cinelerra-gg-git W: Unused shared library '/usr/lib/libavc1394.so.0' by file ('usr/lib/cinelerra-gg/hveg2enc')
cinelerra-gg-git W: Unused shared library '/usr/lib/librom1394.so.0' by file ('usr/lib/cinelerra-gg/hveg2enc')
cinelerra-gg-git W: Unused shared library '/usr/lib/libiec61883.so.0' by file ('usr/lib/cinelerra-gg/hveg2enc')
cinelerra-gg-git W: Unused shared library '/usr/lib/libdv.so.4' by file ('usr/lib/cinelerra-gg/hveg2enc')
cinelerra-gg-git W: Unused shared library '/usr/lib/libjpeg.so.8' by file ('usr/lib/cinelerra-gg/hveg2enc')
cinelerra-gg-git W: Unused shared library '/usr/lib/libsndfile.so.1' by file ('usr/lib/cinelerra-gg/hveg2enc')
cinelerra-gg-git W: Unused shared library '/usr/lib/libaom.so.3' by file ('usr/lib/cinelerra-gg/hveg2enc')
cinelerra-gg-git W: Unused shared library '/usr/lib/libdav1d.so.7' by file ('usr/lib/cinelerra-gg/hveg2enc')
cinelerra-gg-git W: Unused shared library '/usr/lib/libwebp.so.7' by file ('usr/lib/cinelerra-gg/hveg2enc')
cinelerra-gg-git W: Unused shared library '/usr/lib/libtiff.so.6' by file ('usr/lib/cinelerra-gg/hveg2enc')
cinelerra-gg-git W: Unused shared library '/usr/lib/libvpx.so.9' by file ('usr/lib/cinelerra-gg/hveg2enc')
cinelerra-gg-git W: Unused shared library '/usr/lib/libopus.so.0' by file ('usr/lib/cinelerra-gg/hveg2enc')
cinelerra-gg-git W: Unused shared library '/usr/lib/libXext.so.6' by file ('usr/lib/cinelerra-gg/hveg2enc')
cinelerra-gg-git W: Unused shared library '/usr/lib/libXinerama.so.1' by file ('usr/lib/cinelerra-gg/hveg2enc')
cinelerra-gg-git W: Unused shared library '/usr/lib/libXfixes.so.3' by file ('usr/lib/cinelerra-gg/hveg2enc')
cinelerra-gg-git W: Unused shared library '/usr/lib/libbz2.so.1.0' by file ('usr/lib/cinelerra-gg/hveg2enc')
cinelerra-gg-git W: Unused shared library '/usr/lib/libfontconfig.so.1' by file ('usr/lib/cinelerra-gg/hveg2enc')
cinelerra-gg-git W: Unused shared library '/usr/lib/libfreetype.so.6' by file ('usr/lib/cinelerra-gg/hveg2enc')
cinelerra-gg-git W: Unused shared library '/usr/lib/liblzma.so.5' by file ('usr/lib/cinelerra-gg/hveg2enc')
cinelerra-gg-git W: Unused shared library '/usr/lib/libpng16.so.16' by file ('usr/lib/cinelerra-gg/hveg2enc')
cinelerra-gg-git W: Unused shared library '/usr/lib/libz.so.1' by file ('usr/lib/cinelerra-gg/hveg2enc')
cinelerra-gg-git W: Unused shared library '/usr/lib/libjbig.so.2.1' by file ('usr/lib/cinelerra-gg/hveg2enc')
cinelerra-gg-git W: Unused shared library '/usr/lib/libvdpau.so.1' by file ('usr/lib/cinelerra-gg/hveg2enc')
cinelerra-gg-git W: Unused shared library '/usr/lib/libva.so.2' by file ('usr/lib/cinelerra-gg/hveg2enc')
cinelerra-gg-git W: Unused shared library '/usr/lib/libva-x11.so.2' by file ('usr/lib/cinelerra-gg/hveg2enc')
cinelerra-gg-git W: Unused shared library '/usr/lib/libva-drm.so.2' by file ('usr/lib/cinelerra-gg/hveg2enc')
cinelerra-gg-git W: Unused shared library '/usr/lib/libGL.so.1' by file ('usr/lib/cinelerra-gg/hveg2enc')
cinelerra-gg-git W: Unused shared library '/usr/lib/libGLU.so.1' by file ('usr/lib/cinelerra-gg/hveg2enc')
cinelerra-gg-git W: Unused shared library '/usr/lib/libXv.so.1' by file ('usr/lib/cinelerra-gg/hveg2enc')
cinelerra-gg-git W: Unused shared library '/usr/lib/libXft.so.2' by file ('usr/lib/cinelerra-gg/hveg2enc')
cinelerra-gg-git W: Unused shared library '/usr/lib/libasound.so.2' by file ('usr/lib/cinelerra-gg/hveg2enc')
cinelerra-gg-git W: Unused shared library '/usr/lib/libpulse-simple.so.0' by file ('usr/lib/cinelerra-gg/hveg2enc')
cinelerra-gg-git W: Unused shared library '/usr/lib/libpulse.so.0' by file ('usr/lib/cinelerra-gg/hveg2enc')
cinelerra-gg-git W: Unused shared library '/usr/lib/libusb-1.0.so.0' by file ('usr/lib/cinelerra-gg/hveg2enc')
cinelerra-gg-git W: Unused shared library '/usr/lib/libnuma.so.1' by file ('usr/lib/cinelerra-gg/hveg2enc')
cinelerra-gg-git W: Unused shared library '/usr/lib/libm.so.6' by file ('usr/lib/cinelerra-gg/ladspa/alias_1407.so')
cinelerra-gg-git W: Unused shared library '/usr/lib/libm.so.6' by file ('usr/lib/cinelerra-gg/ladspa/bode_shifter_1431.so')
cinelerra-gg-git W: Unused shared library '/usr/lib/libm.so.6' by file ('usr/lib/cinelerra-gg/ladspa/bode_shifter_cv_1432.so')
cinelerra-gg-git W: Unused shared library '/usr/lib/libm.so.6' by file ('usr/lib/cinelerra-gg/ladspa/chebstortion_1430.so')
cinelerra-gg-git W: Unused shared library '/usr/lib/libm.so.6' by file ('usr/lib/cinelerra-gg/ladspa/comb_1190.so')
cinelerra-gg-git W: Unused shared library '/usr/lib/libm.so.6' by file ('usr/lib/cinelerra-gg/ladspa/comb_splitter_1411.so')
cinelerra-gg-git W: Unused shared library '/usr/lib/libm.so.6' by file ('usr/lib/cinelerra-gg/ladspa/const_1909.so')
cinelerra-gg-git W: Unused shared library '/usr/lib/libm.so.6' by file ('usr/lib/cinelerra-gg/ladspa/crossover_dist_1404.so')
cinelerra-gg-git W: Unused shared library '/usr/lib/libm.so.6' by file ('usr/lib/cinelerra-gg/ladspa/dc_remove_1207.so')
cinelerra-gg-git W: Unused shared library '/usr/lib/libm.so.6' by file ('usr/lib/cinelerra-gg/ladspa/declip_1195.so')
cinelerra-gg-git W: Unused shared library '/usr/lib/libm.so.6' by file ('usr/lib/cinelerra-gg/ladspa/delay_1898.so')
cinelerra-gg-git W: Unused shared library '/usr/lib/libm.so.6' by file ('usr/lib/cinelerra-gg/ladspa/diode_1185.so')
cinelerra-gg-git W: Unused shared library '/usr/lib/libm.so.6' by file ('usr/lib/cinelerra-gg/ladspa/divider_1186.so')
cinelerra-gg-git W: Unused shared library '/usr/lib/libm.so.6' by file ('usr/lib/cinelerra-gg/ladspa/dj_flanger_1438.so')
cinelerra-gg-git W: Unused shared library '/usr/lib/libm.so.6' by file ('usr/lib/cinelerra-gg/ladspa/flanger_1191.so')
cinelerra-gg-git W: Unused shared library '/usr/lib/libm.so.6' by file ('usr/lib/cinelerra-gg/ladspa/foldover_1213.so')
cinelerra-gg-git W: Unused shared library '/usr/lib/libm.so.6' by file ('usr/lib/cinelerra-gg/ladspa/foverdrive_1196.so')
cinelerra-gg-git W: Unused shared library '/usr/lib/libm.so.6' by file ('usr/lib/cinelerra-gg/ladspa/freq_tracker_1418.so')
cinelerra-gg-git W: Unused shared library '/usr/lib/libm.so.6' by file ('usr/lib/cinelerra-gg/ladspa/giant_flange_1437.so')
cinelerra-gg-git W: Unused shared library '/usr/lib/libm.so.6' by file ('usr/lib/cinelerra-gg/ladspa/gong_1424.so')
cinelerra-gg-git W: Unused shared library '/usr/lib/libm.so.6' by file ('usr/lib/cinelerra-gg/ladspa/harmonic_gen_1220.so')
cinelerra-gg-git W: Unused shared library '/usr/lib/libm.so.6' by file ('usr/lib/cinelerra-gg/ladspa/hilbert_1440.so')
cinelerra-gg-git W: Unused shared library '/usr/lib/libm.so.6' by file ('usr/lib/cinelerra-gg/ladspa/impulse_1885.so')
cinelerra-gg-git W: Unused shared library '/usr/lib/libm.so.6' by file ('usr/lib/cinelerra-gg/ladspa/inv_1429.so')
cinelerra-gg-git W: Unused shared library '/usr/lib/libm.so.6' by file ('usr/lib/cinelerra-gg/ladspa/latency_1914.so')
cinelerra-gg-git W: Unused shared library '/usr/lib/libm.so.6' by file ('usr/lib/cinelerra-gg/ladspa/matrix_ms_st_1421.so')
cinelerra-gg-git W: Unused shared library '/usr/lib/libm.so.6' by file ('usr/lib/cinelerra-gg/ladspa/matrix_spatialiser_1422.so')
cinelerra-gg-git W: Unused shared library '/usr/lib/libm.so.6' by file ('usr/lib/cinelerra-gg/ladspa/matrix_st_ms_1420.so')
cinelerra-gg-git W: Unused shared library '/usr/lib/libm.so.6' by file ('usr/lib/cinelerra-gg/ladspa/mbeq_1197.so')
cinelerra-gg-git W: Unused shared library '/usr/lib/libm.so.6' by file ('usr/lib/cinelerra-gg/ladspa/rate_shifter_1417.so')
cinelerra-gg-git W: Unused shared library '/usr/lib/libm.so.6' by file ('usr/lib/cinelerra-gg/ladspa/retro_flange_1208.so')
cinelerra-gg-git W: Unused shared library '/usr/lib/libm.so.6' by file ('usr/lib/cinelerra-gg/ladspa/sifter_1210.so')
cinelerra-gg-git W: Unused shared library '/usr/lib/libm.so.6' by file ('usr/lib/cinelerra-gg/ladspa/smooth_decimate_1414.so')
cinelerra-gg-git W: Unused shared library '/usr/lib/libm.so.6' by file ('usr/lib/cinelerra-gg/ladspa/split_1406.so')
cinelerra-gg-git W: Unused shared library '/usr/lib/libm.so.6' by file ('usr/lib/cinelerra-gg/ladspa/step_muxer_1212.so')
cinelerra-gg-git W: Unused shared library '/usr/lib/libm.so.6' by file ('usr/lib/cinelerra-gg/ladspa/surround_encoder_1401.so')
cinelerra-gg-git W: Unused shared library '/usr/lib/libm.so.6' by file ('usr/lib/cinelerra-gg/ladspa/transient_1206.so')
cinelerra-gg-git W: Unused shared library '/usr/lib/libm.so.6' by file ('usr/lib/cinelerra-gg/ladspa/valve_1209.so')
cinelerra-gg-git W: Unused shared library '/usr/lib/libm.so.6' by file ('usr/lib/cinelerra-gg/ladspa/valve_rect_1405.so')
cinelerra-gg-git W: Unused shared library '/usr/lib/libm.so.6' by file ('usr/lib/cinelerra-gg/ladspa/wave_terrain_1412.so')
cinelerra-gg-git W: Unused shared library '/usr/lib/libm.so.6' by file ('usr/lib/cinelerra-gg/ladspa/xfade_1915.so')
cinelerra-gg-git W: Unused shared library '/usr/lib/libm.so.6' by file ('usr/lib/cinelerra-gg/ladspa/zm1_1428.so')
cinelerra-gg-git W: Unused shared library '/usr/lib/libtheoraenc.so.2' by file ('usr/lib/cinelerra-gg/lv2ui')
cinelerra-gg-git W: Unused shared library '/usr/lib/libtheoradec.so.2' by file ('usr/lib/cinelerra-gg/lv2ui')
cinelerra-gg-git W: Unused shared library '/usr/lib/libogg.so.0' by file ('usr/lib/cinelerra-gg/lv2ui')
cinelerra-gg-git W: Unused shared library '/usr/lib/libvorbis.so.0' by file ('usr/lib/cinelerra-gg/lv2ui')
cinelerra-gg-git W: Unused shared library '/usr/lib/libvorbisfile.so.3' by file ('usr/lib/cinelerra-gg/lv2ui')
cinelerra-gg-git W: Unused shared library '/usr/lib/libImath-3_1.so.29' by file ('usr/lib/cinelerra-gg/lv2ui')
cinelerra-gg-git W: Unused shared library '/usr/lib/libIlmThread-3_3.so.32' by file ('usr/lib/cinelerra-gg/lv2ui')
cinelerra-gg-git W: Unused shared library '/usr/lib/libIex-3_3.so.32' by file ('usr/lib/cinelerra-gg/lv2ui')
cinelerra-gg-git W: Unused shared library '/usr/lib/libfftw3.so.3' by file ('usr/lib/cinelerra-gg/lv2ui')
cinelerra-gg-git W: Unused shared library '/usr/lib/libFLAC.so.14' by file ('usr/lib/cinelerra-gg/lv2ui')
cinelerra-gg-git W: Unused shared library '/usr/lib/libavc1394.so.0' by file ('usr/lib/cinelerra-gg/lv2ui')
cinelerra-gg-git W: Unused shared library '/usr/lib/librom1394.so.0' by file ('usr/lib/cinelerra-gg/lv2ui')
cinelerra-gg-git W: Unused shared library '/usr/lib/libiec61883.so.0' by file ('usr/lib/cinelerra-gg/lv2ui')
cinelerra-gg-git W: Unused shared library '/usr/lib/libdv.so.4' by file ('usr/lib/cinelerra-gg/lv2ui')
cinelerra-gg-git W: Unused shared library '/usr/lib/libjpeg.so.8' by file ('usr/lib/cinelerra-gg/lv2ui')
cinelerra-gg-git W: Unused shared library '/usr/lib/libsndfile.so.1' by file ('usr/lib/cinelerra-gg/lv2ui')
cinelerra-gg-git W: Unused shared library '/usr/lib/libaom.so.3' by file ('usr/lib/cinelerra-gg/lv2ui')
cinelerra-gg-git W: Unused shared library '/usr/lib/libdav1d.so.7' by file ('usr/lib/cinelerra-gg/lv2ui')
cinelerra-gg-git W: Unused shared library '/usr/lib/libwebp.so.7' by file ('usr/lib/cinelerra-gg/lv2ui')
cinelerra-gg-git W: Unused shared library '/usr/lib/libtiff.so.6' by file ('usr/lib/cinelerra-gg/lv2ui')
cinelerra-gg-git W: Unused shared library '/usr/lib/libvpx.so.9' by file ('usr/lib/cinelerra-gg/lv2ui')
cinelerra-gg-git W: Unused shared library '/usr/lib/libopus.so.0' by file ('usr/lib/cinelerra-gg/lv2ui')
cinelerra-gg-git W: Unused shared library '/usr/lib/libXext.so.6' by file ('usr/lib/cinelerra-gg/lv2ui')
cinelerra-gg-git W: Unused shared library '/usr/lib/libXfixes.so.3' by file ('usr/lib/cinelerra-gg/lv2ui')
cinelerra-gg-git W: Unused shared library '/usr/lib/libbz2.so.1.0' by file ('usr/lib/cinelerra-gg/lv2ui')
cinelerra-gg-git W: Unused shared library '/usr/lib/libfontconfig.so.1' by file ('usr/lib/cinelerra-gg/lv2ui')
cinelerra-gg-git W: Unused shared library '/usr/lib/libfreetype.so.6' by file ('usr/lib/cinelerra-gg/lv2ui')
cinelerra-gg-git W: Unused shared library '/usr/lib/liblzma.so.5' by file ('usr/lib/cinelerra-gg/lv2ui')
cinelerra-gg-git W: Unused shared library '/usr/lib/libz.so.1' by file ('usr/lib/cinelerra-gg/lv2ui')
cinelerra-gg-git W: Unused shared library '/usr/lib/libjbig.so.2.1' by file ('usr/lib/cinelerra-gg/lv2ui')
cinelerra-gg-git W: Unused shared library '/usr/lib/libvdpau.so.1' by file ('usr/lib/cinelerra-gg/lv2ui')
cinelerra-gg-git W: Unused shared library '/usr/lib/libva.so.2' by file ('usr/lib/cinelerra-gg/lv2ui')
cinelerra-gg-git W: Unused shared library '/usr/lib/libva-x11.so.2' by file ('usr/lib/cinelerra-gg/lv2ui')
cinelerra-gg-git W: Unused shared library '/usr/lib/libva-drm.so.2' by file ('usr/lib/cinelerra-gg/lv2ui')
cinelerra-gg-git W: Unused shared library '/usr/lib/libGL.so.1' by file ('usr/lib/cinelerra-gg/lv2ui')
cinelerra-gg-git W: Unused shared library '/usr/lib/libGLU.so.1' by file ('usr/lib/cinelerra-gg/lv2ui')
cinelerra-gg-git W: Unused shared library '/usr/lib/libXv.so.1' by file ('usr/lib/cinelerra-gg/lv2ui')
cinelerra-gg-git W: Unused shared library '/usr/lib/libasound.so.2' by file ('usr/lib/cinelerra-gg/lv2ui')
cinelerra-gg-git W: Unused shared library '/usr/lib/libpulse-simple.so.0' by file ('usr/lib/cinelerra-gg/lv2ui')
cinelerra-gg-git W: Unused shared library '/usr/lib/libpulse.so.0' by file ('usr/lib/cinelerra-gg/lv2ui')
cinelerra-gg-git W: Unused shared library '/usr/lib/libusb-1.0.so.0' by file ('usr/lib/cinelerra-gg/lv2ui')
cinelerra-gg-git W: Unused shared library '/usr/lib/libnuma.so.1' by file ('usr/lib/cinelerra-gg/lv2ui')
cinelerra-gg-git W: Unused shared library '/usr/lib/libgdk-x11-2.0.so.0' by file ('usr/lib/cinelerra-gg/lv2ui')
cinelerra-gg-git W: Unused shared library '/usr/lib/libpangocairo-1.0.so.0' by file ('usr/lib/cinelerra-gg/lv2ui')
cinelerra-gg-git W: Unused shared library '/usr/lib/libatk-1.0.so.0' by file ('usr/lib/cinelerra-gg/lv2ui')
cinelerra-gg-git W: Unused shared library '/usr/lib/libgdk_pixbuf-2.0.so.0' by file ('usr/lib/cinelerra-gg/lv2ui')
cinelerra-gg-git W: Unused shared library '/usr/lib/libpangoft2-1.0.so.0' by file ('usr/lib/cinelerra-gg/lv2ui')
cinelerra-gg-git W: Unused shared library '/usr/lib/libpango-1.0.so.0' by file ('usr/lib/cinelerra-gg/lv2ui')
cinelerra-gg-git W: Unused shared library '/usr/lib/libgio-2.0.so.0' by file ('usr/lib/cinelerra-gg/lv2ui')
cinelerra-gg-git W: Unused shared library '/usr/lib/libcairo.so.2' by file ('usr/lib/cinelerra-gg/lv2ui')
cinelerra-gg-git W: Unused shared library '/usr/lib/libharfbuzz.so.0' by file ('usr/lib/cinelerra-gg/lv2ui')
cinelerra-gg-git W: Unused shared library '/usr/lib/libglib-2.0.so.0' by file ('usr/lib/cinelerra-gg/lv2ui')
cinelerra-gg-git W: Unused shared library '/usr/lib/libm.so.6' by file ('usr/lib/cinelerra-gg/mplex')
cinelerra-gg-git W: Unused shared library '/usr/lib/libtheoraenc.so.2' by file ('usr/lib/cinelerra-gg/mplexlo')
cinelerra-gg-git W: Unused shared library '/usr/lib/libtheoradec.so.2' by file ('usr/lib/cinelerra-gg/mplexlo')
cinelerra-gg-git W: Unused shared library '/usr/lib/libogg.so.0' by file ('usr/lib/cinelerra-gg/mplexlo')
cinelerra-gg-git W: Unused shared library '/usr/lib/libvorbis.so.0' by file ('usr/lib/cinelerra-gg/mplexlo')
cinelerra-gg-git W: Unused shared library '/usr/lib/libvorbisfile.so.3' by file ('usr/lib/cinelerra-gg/mplexlo')
cinelerra-gg-git W: Unused shared library '/usr/lib/libImath-3_1.so.29' by file ('usr/lib/cinelerra-gg/mplexlo')
cinelerra-gg-git W: Unused shared library '/usr/lib/libIlmThread-3_3.so.32' by file ('usr/lib/cinelerra-gg/mplexlo')
cinelerra-gg-git W: Unused shared library '/usr/lib/libIex-3_3.so.32' by file ('usr/lib/cinelerra-gg/mplexlo')
cinelerra-gg-git W: Unused shared library '/usr/lib/libfftw3.so.3' by file ('usr/lib/cinelerra-gg/mplexlo')
cinelerra-gg-git W: Unused shared library '/usr/lib/libFLAC.so.14' by file ('usr/lib/cinelerra-gg/mplexlo')
cinelerra-gg-git W: Unused shared library '/usr/lib/libavc1394.so.0' by file ('usr/lib/cinelerra-gg/mplexlo')
cinelerra-gg-git W: Unused shared library '/usr/lib/librom1394.so.0' by file ('usr/lib/cinelerra-gg/mplexlo')
cinelerra-gg-git W: Unused shared library '/usr/lib/libiec61883.so.0' by file ('usr/lib/cinelerra-gg/mplexlo')
cinelerra-gg-git W: Unused shared library '/usr/lib/libdv.so.4' by file ('usr/lib/cinelerra-gg/mplexlo')
cinelerra-gg-git W: Unused shared library '/usr/lib/libjpeg.so.8' by file ('usr/lib/cinelerra-gg/mplexlo')
cinelerra-gg-git W: Unused shared library '/usr/lib/libsndfile.so.1' by file ('usr/lib/cinelerra-gg/mplexlo')
cinelerra-gg-git W: Unused shared library '/usr/lib/libaom.so.3' by file ('usr/lib/cinelerra-gg/mplexlo')
cinelerra-gg-git W: Unused shared library '/usr/lib/libdav1d.so.7' by file ('usr/lib/cinelerra-gg/mplexlo')
cinelerra-gg-git W: Unused shared library '/usr/lib/libwebp.so.7' by file ('usr/lib/cinelerra-gg/mplexlo')
cinelerra-gg-git W: Unused shared library '/usr/lib/libtiff.so.6' by file ('usr/lib/cinelerra-gg/mplexlo')
cinelerra-gg-git W: Unused shared library '/usr/lib/libvpx.so.9' by file ('usr/lib/cinelerra-gg/mplexlo')
cinelerra-gg-git W: Unused shared library '/usr/lib/libopus.so.0' by file ('usr/lib/cinelerra-gg/mplexlo')
cinelerra-gg-git W: Unused shared library '/usr/lib/libXext.so.6' by file ('usr/lib/cinelerra-gg/mplexlo')
cinelerra-gg-git W: Unused shared library '/usr/lib/libXinerama.so.1' by file ('usr/lib/cinelerra-gg/mplexlo')
cinelerra-gg-git W: Unused shared library '/usr/lib/libXfixes.so.3' by file ('usr/lib/cinelerra-gg/mplexlo')
cinelerra-gg-git W: Unused shared library '/usr/lib/libbz2.so.1.0' by file ('usr/lib/cinelerra-gg/mplexlo')
cinelerra-gg-git W: Unused shared library '/usr/lib/libfontconfig.so.1' by file ('usr/lib/cinelerra-gg/mplexlo')
cinelerra-gg-git W: Unused shared library '/usr/lib/libfreetype.so.6' by file ('usr/lib/cinelerra-gg/mplexlo')
cinelerra-gg-git W: Unused shared library '/usr/lib/liblzma.so.5' by file ('usr/lib/cinelerra-gg/mplexlo')
cinelerra-gg-git W: Unused shared library '/usr/lib/libpng16.so.16' by file ('usr/lib/cinelerra-gg/mplexlo')
cinelerra-gg-git W: Unused shared library '/usr/lib/libz.so.1' by file ('usr/lib/cinelerra-gg/mplexlo')
cinelerra-gg-git W: Unused shared library '/usr/lib/libjbig.so.2.1' by file ('usr/lib/cinelerra-gg/mplexlo')
cinelerra-gg-git W: Unused shared library '/usr/lib/libvdpau.so.1' by file ('usr/lib/cinelerra-gg/mplexlo')
cinelerra-gg-git W: Unused shared library '/usr/lib/libva.so.2' by file ('usr/lib/cinelerra-gg/mplexlo')
cinelerra-gg-git W: Unused shared library '/usr/lib/libva-x11.so.2' by file ('usr/lib/cinelerra-gg/mplexlo')
cinelerra-gg-git W: Unused shared library '/usr/lib/libva-drm.so.2' by file ('usr/lib/cinelerra-gg/mplexlo')
cinelerra-gg-git W: Unused shared library '/usr/lib/libGL.so.1' by file ('usr/lib/cinelerra-gg/mplexlo')
cinelerra-gg-git W: Unused shared library '/usr/lib/libGLU.so.1' by file ('usr/lib/cinelerra-gg/mplexlo')
cinelerra-gg-git W: Unused shared library '/usr/lib/libXv.so.1' by file ('usr/lib/cinelerra-gg/mplexlo')
cinelerra-gg-git W: Unused shared library '/usr/lib/libXft.so.2' by file ('usr/lib/cinelerra-gg/mplexlo')
cinelerra-gg-git W: Unused shared library '/usr/lib/libasound.so.2' by file ('usr/lib/cinelerra-gg/mplexlo')
cinelerra-gg-git W: Unused shared library '/usr/lib/libpulse-simple.so.0' by file ('usr/lib/cinelerra-gg/mplexlo')
cinelerra-gg-git W: Unused shared library '/usr/lib/libpulse.so.0' by file ('usr/lib/cinelerra-gg/mplexlo')
cinelerra-gg-git W: Unused shared library '/usr/lib/libusb-1.0.so.0' by file ('usr/lib/cinelerra-gg/mplexlo')
cinelerra-gg-git W: Unused shared library '/usr/lib/libnuma.so.1' by file ('usr/lib/cinelerra-gg/mplexlo')
cinelerra-gg-git W: Unused shared library '/usr/lib/libm.so.6' by file ('usr/lib/cinelerra-gg/plugins/audio/audioscope.plugin')
cinelerra-gg-git W: Unused shared library '/usr/lib/libm.so.6' by file ('usr/lib/cinelerra-gg/plugins/audio/cdripper.plugin')
cinelerra-gg-git W: Unused shared library '/usr/lib/libm.so.6' by file ('usr/lib/cinelerra-gg/plugins/audio/chorus.plugin')
cinelerra-gg-git W: Unused shared library '/usr/lib/libm.so.6' by file ('usr/lib/cinelerra-gg/plugins/audio/compressor.plugin')
cinelerra-gg-git W: Unused shared library '/usr/lib/libm.so.6' by file ('usr/lib/cinelerra-gg/plugins/audio/compressormulti.plugin')
cinelerra-gg-git W: Unused shared library '/usr/lib/libm.so.6' by file ('usr/lib/cinelerra-gg/plugins/audio/dcoffset.plugin')
cinelerra-gg-git W: Unused shared library '/usr/lib/libm.so.6' by file ('usr/lib/cinelerra-gg/plugins/audio/delayaudio.plugin')
cinelerra-gg-git W: Unused shared library '/usr/lib/libm.so.6' by file ('usr/lib/cinelerra-gg/plugins/audio/despike.plugin')
cinelerra-gg-git W: Unused shared library '/usr/lib/libm.so.6' by file ('usr/lib/cinelerra-gg/plugins/audio/echo.plugin')
cinelerra-gg-git W: Unused shared library '/usr/lib/libm.so.6' by file ('usr/lib/cinelerra-gg/plugins/audio/flanger.plugin')
cinelerra-gg-git W: Unused shared library '/usr/lib/libm.so.6' by file ('usr/lib/cinelerra-gg/plugins/audio/freeverb.plugin')
cinelerra-gg-git W: Unused shared library '/usr/lib/libm.so.6' by file ('usr/lib/cinelerra-gg/plugins/audio/gain.plugin')
cinelerra-gg-git W: Unused shared library '/usr/lib/libm.so.6' by file ('usr/lib/cinelerra-gg/plugins/audio/interpolateaudio.plugin')
cinelerra-gg-git W: Unused shared library '/usr/lib/libm.so.6' by file ('usr/lib/cinelerra-gg/plugins/audio/invertaudio.plugin')
cinelerra-gg-git W: Unused shared library '/usr/lib/libm.so.6' by file ('usr/lib/cinelerra-gg/plugins/audio/leveleffect.plugin')
cinelerra-gg-git W: Unused shared library '/usr/lib/libm.so.6' by file ('usr/lib/cinelerra-gg/plugins/audio/loopaudio.plugin')
cinelerra-gg-git W: Unused shared library '/usr/lib/libm.so.6' by file ('usr/lib/cinelerra-gg/plugins/audio/normalize.plugin')
cinelerra-gg-git W: Unused shared library '/usr/lib/libm.so.6' by file ('usr/lib/cinelerra-gg/plugins/audio/overlayaudio.plugin')
cinelerra-gg-git W: Unused shared library '/usr/lib/libm.so.6' by file ('usr/lib/cinelerra-gg/plugins/audio/pitch.plugin')
cinelerra-gg-git W: Unused shared library '/usr/lib/libm.so.6' by file ('usr/lib/cinelerra-gg/plugins/audio/removegaps.plugin')
cinelerra-gg-git W: Unused shared library '/usr/lib/libm.so.6' by file ('usr/lib/cinelerra-gg/plugins/audio/resample.plugin')
cinelerra-gg-git W: Unused shared library '/usr/lib/libm.so.6' by file ('usr/lib/cinelerra-gg/plugins/audio/resamplert.plugin')
cinelerra-gg-git W: Unused shared library '/usr/lib/libm.so.6' by file ('usr/lib/cinelerra-gg/plugins/audio/reverseaudio.plugin')
cinelerra-gg-git W: Unused shared library '/usr/lib/libm.so.6' by file ('usr/lib/cinelerra-gg/plugins/audio/timestretch.plugin')
cinelerra-gg-git W: Unused shared library '/usr/lib/libm.so.6' by file ('usr/lib/cinelerra-gg/plugins/audio/timestretchrt.plugin')
cinelerra-gg-git W: Unused shared library '/usr/lib/libm.so.6' by file ('usr/lib/cinelerra-gg/plugins/posterize.plugin')
cinelerra-gg-git W: Unused shared library '/usr/lib/libm.so.6' by file ('usr/lib/cinelerra-gg/plugins/themes/theme_blond.plugin')
cinelerra-gg-git W: Unused shared library '/usr/lib/libm.so.6' by file ('usr/lib/cinelerra-gg/plugins/themes/theme_blond_cv.plugin')
cinelerra-gg-git W: Unused shared library '/usr/lib/libm.so.6' by file ('usr/lib/cinelerra-gg/plugins/themes/theme_blue.plugin')
cinelerra-gg-git W: Unused shared library '/usr/lib/libm.so.6' by file ('usr/lib/cinelerra-gg/plugins/themes/theme_blue_dot.plugin')
cinelerra-gg-git W: Unused shared library '/usr/lib/libm.so.6' by file ('usr/lib/cinelerra-gg/plugins/themes/theme_bright.plugin')
cinelerra-gg-git W: Unused shared library '/usr/lib/libm.so.6' by file ('usr/lib/cinelerra-gg/plugins/themes/theme_cakewalk.plugin')
cinelerra-gg-git W: Unused shared library '/usr/lib/libm.so.6' by file ('usr/lib/cinelerra-gg/plugins/themes/theme_hulk.plugin')
cinelerra-gg-git W: Unused shared library '/usr/lib/libm.so.6' by file ('usr/lib/cinelerra-gg/plugins/themes/theme_neophyte.plugin')
cinelerra-gg-git W: Unused shared library '/usr/lib/libm.so.6' by file ('usr/lib/cinelerra-gg/plugins/themes/theme_pinklady.plugin')
cinelerra-gg-git W: Unused shared library '/usr/lib/libm.so.6' by file ('usr/lib/cinelerra-gg/plugins/themes/theme_suv.plugin')
cinelerra-gg-git W: Unused shared library '/usr/lib/libm.so.6' by file ('usr/lib/cinelerra-gg/plugins/themes/theme_unflat.plugin')
cinelerra-gg-git W: Unused shared library '/usr/lib/libm.so.6' by file ('usr/lib/cinelerra-gg/plugins/timelapsehelper.plugin')
cinelerra-gg-git W: Unused shared library '/usr/lib/libm.so.6' by file ('usr/lib/cinelerra-gg/plugins/video/1080to480.plugin')
cinelerra-gg-git W: Unused shared library '/usr/lib/libm.so.6' by file ('usr/lib/cinelerra-gg/plugins/video/1080to540.plugin')
cinelerra-gg-git W: Unused shared library '/usr/lib/libm.so.6' by file ('usr/lib/cinelerra-gg/plugins/video/720to480.plugin')
cinelerra-gg-git W: Unused shared library '/usr/lib/libm.so.6' by file ('usr/lib/cinelerra-gg/plugins/video/aging.plugin')
cinelerra-gg-git W: Unused shared library '/usr/lib/libm.so.6' by file ('usr/lib/cinelerra-gg/plugins/video/alpha.plugin')
cinelerra-gg-git W: Unused shared library '/usr/lib/libm.so.6' by file ('usr/lib/cinelerra-gg/plugins/video/bandslide.plugin')
cinelerra-gg-git W: Unused shared library '/usr/lib/libm.so.6' by file ('usr/lib/cinelerra-gg/plugins/video/bandwipe.plugin')
cinelerra-gg-git W: Unused shared library '/usr/lib/libm.so.6' by file ('usr/lib/cinelerra-gg/plugins/video/blendalgebra.plugin')
cinelerra-gg-git W: Unused shared library '/usr/lib/libm.so.6' by file ('usr/lib/cinelerra-gg/plugins/video/blendprogram.plugin')
cinelerra-gg-git W: Unused shared library '/usr/lib/libm.so.6' by file ('usr/lib/cinelerra-gg/plugins/video/boxblur.plugin')
cinelerra-gg-git W: Unused shared library '/usr/lib/libm.so.6' by file ('usr/lib/cinelerra-gg/plugins/video/brightness.plugin')
cinelerra-gg-git W: Unused shared library '/usr/lib/libm.so.6' by file ('usr/lib/cinelerra-gg/plugins/video/chromakey.plugin')
cinelerra-gg-git W: Unused shared library '/usr/lib/libm.so.6' by file ('usr/lib/cinelerra-gg/plugins/video/chromakeyhsv.plugin')
cinelerra-gg-git W: Unused shared library '/usr/lib/libm.so.6' by file ('usr/lib/cinelerra-gg/plugins/video/colorbalance.plugin')
cinelerra-gg-git W: Unused shared library '/usr/lib/libm.so.6' by file ('usr/lib/cinelerra-gg/plugins/video/colorspace.plugin')
cinelerra-gg-git W: Unused shared library '/usr/lib/libm.so.6' by file ('usr/lib/cinelerra-gg/plugins/video/crikey.plugin')
cinelerra-gg-git W: Unused shared library '/usr/lib/libm.so.6' by file ('usr/lib/cinelerra-gg/plugins/video/cropp.plugin')
cinelerra-gg-git W: Unused shared library '/usr/lib/libm.so.6' by file ('usr/lib/cinelerra-gg/plugins/video/crossfade.plugin')
cinelerra-gg-git W: Unused shared library '/usr/lib/libm.so.6' by file ('usr/lib/cinelerra-gg/plugins/video/deinterlace.plugin')
cinelerra-gg-git W: Unused shared library '/usr/lib/libm.so.6' by file ('usr/lib/cinelerra-gg/plugins/video/delayvideo.plugin')
cinelerra-gg-git W: Unused shared library '/usr/lib/libm.so.6' by file ('usr/lib/cinelerra-gg/plugins/video/denoisevideo.plugin')
cinelerra-gg-git W: Unused shared library '/usr/lib/libm.so.6' by file ('usr/lib/cinelerra-gg/plugins/video/diffkey.plugin')
cinelerra-gg-git W: Unused shared library '/usr/lib/libm.so.6' by file ('usr/lib/cinelerra-gg/plugins/video/dissolve.plugin')
cinelerra-gg-git W: Unused shared library '/usr/lib/libm.so.6' by file ('usr/lib/cinelerra-gg/plugins/video/dot.plugin')
cinelerra-gg-git W: Unused shared library '/usr/lib/libm.so.6' by file ('usr/lib/cinelerra-gg/plugins/video/downsample.plugin')
cinelerra-gg-git W: Unused shared library '/usr/lib/libm.so.6' by file ('usr/lib/cinelerra-gg/plugins/video/edge.plugin')
cinelerra-gg-git W: Unused shared library '/usr/lib/libm.so.6' by file ('usr/lib/cinelerra-gg/plugins/video/fieldframe.plugin')
cinelerra-gg-git W: Unused shared library '/usr/lib/libm.so.6' by file ('usr/lib/cinelerra-gg/plugins/video/flash.plugin')
cinelerra-gg-git W: Unused shared library '/usr/lib/libm.so.6' by file ('usr/lib/cinelerra-gg/plugins/video/flip.plugin')
cinelerra-gg-git W: Unused shared library '/usr/lib/libm.so.6' by file ('usr/lib/cinelerra-gg/plugins/video/foreground.plugin')
cinelerra-gg-git W: Unused shared library '/usr/lib/libm.so.6' by file ('usr/lib/cinelerra-gg/plugins/video/framefield.plugin')
cinelerra-gg-git W: Unused shared library '/usr/lib/libm.so.6' by file ('usr/lib/cinelerra-gg/plugins/video/freezeframe.plugin')
cinelerra-gg-git W: Unused shared library '/usr/lib/libm.so.6' by file ('usr/lib/cinelerra-gg/plugins/video/holo.plugin')
cinelerra-gg-git W: Unused shared library '/usr/lib/libm.so.6' by file ('usr/lib/cinelerra-gg/plugins/video/huesaturation.plugin')
cinelerra-gg-git W: Unused shared library '/usr/lib/libm.so.6' by file ('usr/lib/cinelerra-gg/plugins/video/interpolatepixels.plugin')
cinelerra-gg-git W: Unused shared library '/usr/lib/libm.so.6' by file ('usr/lib/cinelerra-gg/plugins/video/invertvideo.plugin')
cinelerra-gg-git W: Unused shared library '/usr/lib/libm.so.6' by file ('usr/lib/cinelerra-gg/plugins/video/irissquare.plugin')
cinelerra-gg-git W: Unused shared library '/usr/lib/libm.so.6' by file ('usr/lib/cinelerra-gg/plugins/video/ivtc.plugin')
cinelerra-gg-git W: Unused shared library '/usr/lib/libm.so.6' by file ('usr/lib/cinelerra-gg/plugins/video/liveaudio.plugin')
cinelerra-gg-git W: Unused shared library '/usr/lib/libm.so.6' by file ('usr/lib/cinelerra-gg/plugins/video/livevideo.plugin')
cinelerra-gg-git W: Unused shared library '/usr/lib/libm.so.6' by file ('usr/lib/cinelerra-gg/plugins/video/loopvideo.plugin')
cinelerra-gg-git W: Unused shared library '/usr/lib/libm.so.6' by file ('usr/lib/cinelerra-gg/plugins/video/motionblur.plugin')
cinelerra-gg-git W: Unused shared library '/usr/lib/libm.so.6' by file ('usr/lib/cinelerra-gg/plugins/video/oil.plugin')
cinelerra-gg-git W: Unused shared library '/usr/lib/libm.so.6' by file ('usr/lib/cinelerra-gg/plugins/video/overlay.plugin')
cinelerra-gg-git W: Unused shared library '/usr/lib/libm.so.6' by file ('usr/lib/cinelerra-gg/plugins/video/photoscale.plugin')
cinelerra-gg-git W: Unused shared library '/usr/lib/libm.so.6' by file ('usr/lib/cinelerra-gg/plugins/video/reframe.plugin')
cinelerra-gg-git W: Unused shared library '/usr/lib/libm.so.6' by file ('usr/lib/cinelerra-gg/plugins/video/reframert.plugin')
cinelerra-gg-git W: Unused shared library '/usr/lib/libm.so.6' by file ('usr/lib/cinelerra-gg/plugins/video/reroute.plugin')
cinelerra-gg-git W: Unused shared library '/usr/lib/libm.so.6' by file ('usr/lib/cinelerra-gg/plugins/video/reversevideo.plugin')
cinelerra-gg-git W: Unused shared library '/usr/lib/libm.so.6' by file ('usr/lib/cinelerra-gg/plugins/video/rgb601.plugin')
cinelerra-gg-git W: Unused shared library '/usr/lib/libm.so.6' by file ('usr/lib/cinelerra-gg/plugins/video/rgbshift.plugin')
cinelerra-gg-git W: Unused shared library '/usr/lib/libm.so.6' by file ('usr/lib/cinelerra-gg/plugins/video/rotate.plugin')
cinelerra-gg-git W: Unused shared library '/usr/lib/libm.so.6' by file ('usr/lib/cinelerra-gg/plugins/video/rumbler.plugin')
cinelerra-gg-git W: Unused shared library '/usr/lib/libm.so.6' by file ('usr/lib/cinelerra-gg/plugins/video/scale.plugin')
cinelerra-gg-git W: Unused shared library '/usr/lib/libm.so.6' by file ('usr/lib/cinelerra-gg/plugins/video/scaleratio.plugin')
cinelerra-gg-git W: Unused shared library '/usr/lib/libm.so.6' by file ('usr/lib/cinelerra-gg/plugins/video/seltempavg.plugin')
cinelerra-gg-git W: Unused shared library '/usr/lib/libm.so.6' by file ('usr/lib/cinelerra-gg/plugins/video/sharpen.plugin')
cinelerra-gg-git W: Unused shared library '/usr/lib/libm.so.6' by file ('usr/lib/cinelerra-gg/plugins/video/shiftinterlace.plugin')
cinelerra-gg-git W: Unused shared library '/usr/lib/libm.so.6' by file ('usr/lib/cinelerra-gg/plugins/video/slide.plugin')
cinelerra-gg-git W: Unused shared library '/usr/lib/libm.so.6' by file ('usr/lib/cinelerra-gg/plugins/video/speed_pc.plugin')
cinelerra-gg-git W: Unused shared library '/usr/lib/libm.so.6' by file ('usr/lib/cinelerra-gg/plugins/video/svg.plugin')
cinelerra-gg-git W: Unused shared library '/usr/lib/libm.so.6' by file ('usr/lib/cinelerra-gg/plugins/video/swapchannels.plugin')
cinelerra-gg-git W: Unused shared library '/usr/lib/libm.so.6' by file ('usr/lib/cinelerra-gg/plugins/video/swapframes.plugin')
cinelerra-gg-git W: Unused shared library '/usr/lib/libm.so.6' by file ('usr/lib/cinelerra-gg/plugins/video/threshold.plugin')
cinelerra-gg-git W: Unused shared library '/usr/lib/libm.so.6' by file ('usr/lib/cinelerra-gg/plugins/video/timeavg.plugin')
cinelerra-gg-git W: Unused shared library '/usr/lib/libm.so.6' by file ('usr/lib/cinelerra-gg/plugins/video/timeblur.plugin')
cinelerra-gg-git W: Unused shared library '/usr/lib/libm.so.6' by file ('usr/lib/cinelerra-gg/plugins/video/translate.plugin')
cinelerra-gg-git W: Unused shared library '/usr/lib/libm.so.6' by file ('usr/lib/cinelerra-gg/plugins/video/videoscope.plugin')
cinelerra-gg-git W: Unused shared library '/usr/lib/libm.so.6' by file ('usr/lib/cinelerra-gg/plugins/video/wipe.plugin')
cinelerra-gg-git W: Unused shared library '/usr/lib/libm.so.6' by file ('usr/lib/cinelerra-gg/plugins/video/yuv.plugin')
cinelerra-gg-git W: Unused shared library '/usr/lib/libm.so.6' by file ('usr/lib/cinelerra-gg/plugins/video/yuv411.plugin')
cinelerra-gg-git W: Unused shared library '/usr/lib/libm.so.6' by file ('usr/lib/cinelerra-gg/plugins/video/yuvshift.plugin')
cinelerra-gg-git W: Unused shared library '/usr/lib/libm.so.6' by file ('usr/lib/cinelerra-gg/plugins/video/zoom.plugin')
cinelerra-gg-git W: Unused shared library '/usr/lib/libm.so.6' by file ('usr/lib/cinelerra-gg/plugins/video/zoomblur.plugin')
cinelerra-gg-git W: Dependency bash detected and implicitly satisfied (programs ['bash'] needed in scripts ['usr/share/cinelerra-gg/doc/brender_tmp_delete.sh', 'usr/share/cinelerra-gg/doc/RenderMux.sh'])
