+ rm -f global_config configure Makefile Makefile.in
+ rm -f aclocal.m4 depcomp compile install-sh ltmain.sh
+ rm -f config.log config.guess config.h config.h.in config.sub config.status missing
+ rm -rf autom4te.cache m4
+ '[' '' = clean ']'
+ mkdir m4
+ autoreconf --install
libtoolize: putting auxiliary files in AC_CONFIG_AUX_DIR, 'm4'.
libtoolize: copying file 'm4/ltmain.sh'
libtoolize: putting macros in AC_CONFIG_MACRO_DIRS, 'm4'.
libtoolize: copying file 'm4/libtool.m4'
libtoolize: copying file 'm4/ltoptions.m4'
libtoolize: copying file 'm4/ltsugar.m4'
libtoolize: copying file 'm4/ltversion.m4'
libtoolize: copying file 'm4/lt~obsolete.m4'
configure.ac:10: installing 'm4/compile'
configure.ac:10: installing 'm4/config.guess'
configure.ac:10: installing 'm4/config.sub'
configure.ac:9: installing 'm4/install-sh'
configure.ac:9: installing 'm4/missing'
++ uname -o
+ '[' GNU/Linux = Android ']'
+ '[' -e /system/bin/app_process ']'
