Info: creating stash file /build/clamav-gui/src/clamav-gui-1.1.8/.qmake.stash
/usr/lib/qt6/uic ui/myframe.ui -o ui_myframe.h
/usr/lib/qt6/uic ui/clamdconfcomboboxoption.ui -o ui_clamdconfcomboboxoption.h
/usr/lib/qt6/uic ui/clamdconfspinboxoption.ui -o ui_clamdconfspinboxoption.h
/usr/lib/qt6/uic ui/clamdconfstringoption.ui -o ui_clamdconfstringoption.h
/usr/lib/qt6/uic ui/scanoption.ui -o ui_scanoption.h
/usr/lib/qt6/uic ui/scanoptionyn.ui -o ui_scanoptionyn.h
/usr/lib/qt6/uic ui/clamdmanager.ui -o ui_clamdmanager.h
/usr/lib/qt6/uic ui/setuptab.ui -o ui_setuptab.h
/usr/lib/qt6/uic ui/optionsdialog.ui -o ui_optionsdialog.h
/usr/lib/qt6/uic ui/scantab.ui -o ui_scantab.h
/usr/lib/qt6/uic ui/clamav_ctrl.ui -o ui_clamav_ctrl.h
/usr/lib/qt6/uic ui/scanlimitstab.ui -o ui_scanlimitstab.h
/usr/lib/qt6/uic ui/includeexcludeoptions.ui -o ui_includeexcludeoptions.h
/usr/lib/qt6/uic ui/freshclamsetter.ui -o ui_freshclamsetter.h
/usr/lib/qt6/uic ui/dragablepushbutton.ui -o ui_dragablepushbutton.h
/usr/lib/qt6/uic ui/scheduler.ui -o ui_scheduler.h
/usr/lib/qt6/uic ui/infodialog.ui -o ui_infodialog.h
/usr/lib/qt6/uic ui/schedulescanobject.ui -o ui_schedulescanobject.h
/usr/lib/qt6/uic ui/logviewobject.ui -o ui_logviewobject.h
/usr/lib/qt6/uic ui/partiallogobject.ui -o ui_partiallogobject.h
/usr/lib/qt6/uic ui/logviewerobject.ui -o ui_logviewerobject.h
/usr/lib/qt6/uic ui/progressdialog.ui -o ui_progressdialog.h
/usr/lib/qt6/uic ui/profilewizarddialog.ui -o ui_profilewizarddialog.h
/usr/lib/qt6/uic ui/profilemanager.ui -o ui_profilemanager.h
g++ -c -pipe -march=x86-64 -mtune=generic -O2 -pipe -fno-plt -fexceptions -Wp,-D_FORTIFY_SOURCE=3 -Wformat -Werror=format-security -fstack-clash-protection -fcf-protection -fno-omit-frame-pointer -mno-omit-leaf-frame-pointer -Wp,-D_GLIBCXX_ASSERTIONS -g -ffile-prefix-map=/build/clamav-gui/src=/usr/src/debug/clamav-gui -flto=auto -Wall -Wextra -mno-direct-extern-access -D_REENTRANT -DQT_NO_DEBUG -DQT_WIDGETS_LIB -DQT_GUI_LIB -DQT_NETWORK_LIB -DQT_CORE_LIB -I. -I/usr/include/qt6 -I/usr/include/qt6/QtWidgets -I/usr/include/qt6/QtGui -I/usr/include/qt6/QtNetwork -I/usr/include/qt6/QtCore -I. -I. -I/usr/lib/qt6/mkspecs/linux-g++ -o clamdconfcomboboxoption.o src/clamdconfcomboboxoption.cpp
g++ -c -pipe -march=x86-64 -mtune=generic -O2 -pipe -fno-plt -fexceptions -Wp,-D_FORTIFY_SOURCE=3 -Wformat -Werror=format-security -fstack-clash-protection -fcf-protection -fno-omit-frame-pointer -mno-omit-leaf-frame-pointer -Wp,-D_GLIBCXX_ASSERTIONS -g -ffile-prefix-map=/build/clamav-gui/src=/usr/src/debug/clamav-gui -flto=auto -Wall -Wextra -mno-direct-extern-access -D_REENTRANT -DQT_NO_DEBUG -DQT_WIDGETS_LIB -DQT_GUI_LIB -DQT_NETWORK_LIB -DQT_CORE_LIB -I. -I/usr/include/qt6 -I/usr/include/qt6/QtWidgets -I/usr/include/qt6/QtGui -I/usr/include/qt6/QtNetwork -I/usr/include/qt6/QtCore -I. -I. -I/usr/lib/qt6/mkspecs/linux-g++ -o clamdconfspinboxoption.o src/clamdconfspinboxoption.cpp
g++ -c -pipe -march=x86-64 -mtune=generic -O2 -pipe -fno-plt -fexceptions -Wp,-D_FORTIFY_SOURCE=3 -Wformat -Werror=format-security -fstack-clash-protection -fcf-protection -fno-omit-frame-pointer -mno-omit-leaf-frame-pointer -Wp,-D_GLIBCXX_ASSERTIONS -g -ffile-prefix-map=/build/clamav-gui/src=/usr/src/debug/clamav-gui -flto=auto -Wall -Wextra -mno-direct-extern-access -D_REENTRANT -DQT_NO_DEBUG -DQT_WIDGETS_LIB -DQT_GUI_LIB -DQT_NETWORK_LIB -DQT_CORE_LIB -I. -I/usr/include/qt6 -I/usr/include/qt6/QtWidgets -I/usr/include/qt6/QtGui -I/usr/include/qt6/QtNetwork -I/usr/include/qt6/QtCore -I. -I. -I/usr/lib/qt6/mkspecs/linux-g++ -o clamdconfstringoption.o src/clamdconfstringoption.cpp
g++ -c -pipe -march=x86-64 -mtune=generic -O2 -pipe -fno-plt -fexceptions -Wp,-D_FORTIFY_SOURCE=3 -Wformat -Werror=format-security -fstack-clash-protection -fcf-protection -fno-omit-frame-pointer -mno-omit-leaf-frame-pointer -Wp,-D_GLIBCXX_ASSERTIONS -g -ffile-prefix-map=/build/clamav-gui/src=/usr/src/debug/clamav-gui -flto=auto -Wall -Wextra -mno-direct-extern-access -D_REENTRANT -DQT_NO_DEBUG -DQT_WIDGETS_LIB -DQT_GUI_LIB -DQT_NETWORK_LIB -DQT_CORE_LIB -I. -I/usr/include/qt6 -I/usr/include/qt6/QtWidgets -I/usr/include/qt6/QtGui -I/usr/include/qt6/QtNetwork -I/usr/include/qt6/QtCore -I. -I. -I/usr/lib/qt6/mkspecs/linux-g++ -o myframe.o src/myframe.cpp
g++ -c -pipe -march=x86-64 -mtune=generic -O2 -pipe -fno-plt -fexceptions -Wp,-D_FORTIFY_SOURCE=3 -Wformat -Werror=format-security -fstack-clash-protection -fcf-protection -fno-omit-frame-pointer -mno-omit-leaf-frame-pointer -Wp,-D_GLIBCXX_ASSERTIONS -g -ffile-prefix-map=/build/clamav-gui/src=/usr/src/debug/clamav-gui -flto=auto -Wall -Wextra -mno-direct-extern-access -D_REENTRANT -DQT_NO_DEBUG -DQT_WIDGETS_LIB -DQT_GUI_LIB -DQT_NETWORK_LIB -DQT_CORE_LIB -I. -I/usr/include/qt6 -I/usr/include/qt6/QtWidgets -I/usr/include/qt6/QtGui -I/usr/include/qt6/QtNetwork -I/usr/include/qt6/QtCore -I. -I. -I/usr/lib/qt6/mkspecs/linux-g++ -o scanoption.o src/scanoption.cpp
g++ -c -pipe -march=x86-64 -mtune=generic -O2 -pipe -fno-plt -fexceptions -Wp,-D_FORTIFY_SOURCE=3 -Wformat -Werror=format-security -fstack-clash-protection -fcf-protection -fno-omit-frame-pointer -mno-omit-leaf-frame-pointer -Wp,-D_GLIBCXX_ASSERTIONS -g -ffile-prefix-map=/build/clamav-gui/src=/usr/src/debug/clamav-gui -flto=auto -Wall -Wextra -mno-direct-extern-access -D_REENTRANT -DQT_NO_DEBUG -DQT_WIDGETS_LIB -DQT_GUI_LIB -DQT_NETWORK_LIB -DQT_CORE_LIB -I. -I/usr/include/qt6 -I/usr/include/qt6/QtWidgets -I/usr/include/qt6/QtGui -I/usr/include/qt6/QtNetwork -I/usr/include/qt6/QtCore -I. -I. -I/usr/lib/qt6/mkspecs/linux-g++ -o scanoptionyn.o src/scanoptionyn.cpp
g++ -c -pipe -march=x86-64 -mtune=generic -O2 -pipe -fno-plt -fexceptions -Wp,-D_FORTIFY_SOURCE=3 -Wformat -Werror=format-security -fstack-clash-protection -fcf-protection -fno-omit-frame-pointer -mno-omit-leaf-frame-pointer -Wp,-D_GLIBCXX_ASSERTIONS -g -ffile-prefix-map=/build/clamav-gui/src=/usr/src/debug/clamav-gui -flto=auto -Wall -Wextra -mno-direct-extern-access -D_REENTRANT -DQT_NO_DEBUG -DQT_WIDGETS_LIB -DQT_GUI_LIB -DQT_NETWORK_LIB -DQT_CORE_LIB -I. -I/usr/include/qt6 -I/usr/include/qt6/QtWidgets -I/usr/include/qt6/QtGui -I/usr/include/qt6/QtNetwork -I/usr/include/qt6/QtCore -I. -I. -I/usr/lib/qt6/mkspecs/linux-g++ -o clamdmanager.o src/clamdmanager.cpp
g++ -c -pipe -march=x86-64 -mtune=generic -O2 -pipe -fno-plt -fexceptions -Wp,-D_FORTIFY_SOURCE=3 -Wformat -Werror=format-security -fstack-clash-protection -fcf-protection -fno-omit-frame-pointer -mno-omit-leaf-frame-pointer -Wp,-D_GLIBCXX_ASSERTIONS -g -ffile-prefix-map=/build/clamav-gui/src=/usr/src/debug/clamav-gui -flto=auto -Wall -Wextra -mno-direct-extern-access -D_REENTRANT -DQT_NO_DEBUG -DQT_WIDGETS_LIB -DQT_GUI_LIB -DQT_NETWORK_LIB -DQT_CORE_LIB -I. -I/usr/include/qt6 -I/usr/include/qt6/QtWidgets -I/usr/include/qt6/QtGui -I/usr/include/qt6/QtNetwork -I/usr/include/qt6/QtCore -I. -I. -I/usr/lib/qt6/mkspecs/linux-g++ -o cfilesystemmodel.o src/cfilesystemmodel.cpp
g++ -c -pipe -march=x86-64 -mtune=generic -O2 -pipe -fno-plt -fexceptions -Wp,-D_FORTIFY_SOURCE=3 -Wformat -Werror=format-security -fstack-clash-protection -fcf-protection -fno-omit-frame-pointer -mno-omit-leaf-frame-pointer -Wp,-D_GLIBCXX_ASSERTIONS -g -ffile-prefix-map=/build/clamav-gui/src=/usr/src/debug/clamav-gui -flto=auto -Wall -Wextra -mno-direct-extern-access -D_REENTRANT -DQT_NO_DEBUG -DQT_WIDGETS_LIB -DQT_GUI_LIB -DQT_NETWORK_LIB -DQT_CORE_LIB -I. -I/usr/include/qt6 -I/usr/include/qt6/QtWidgets -I/usr/include/qt6/QtGui -I/usr/include/qt6/QtNetwork -I/usr/include/qt6/QtCore -I. -I. -I/usr/lib/qt6/mkspecs/linux-g++ -o scantab.o src/scantab.cpp
g++ -c -pipe -march=x86-64 -mtune=generic -O2 -pipe -fno-plt -fexceptions -Wp,-D_FORTIFY_SOURCE=3 -Wformat -Werror=format-security -fstack-clash-protection -fcf-protection -fno-omit-frame-pointer -mno-omit-leaf-frame-pointer -Wp,-D_GLIBCXX_ASSERTIONS -g -ffile-prefix-map=/build/clamav-gui/src=/usr/src/debug/clamav-gui -flto=auto -Wall -Wextra -mno-direct-extern-access -D_REENTRANT -DQT_NO_DEBUG -DQT_WIDGETS_LIB -DQT_GUI_LIB -DQT_NETWORK_LIB -DQT_CORE_LIB -I. -I/usr/include/qt6 -I/usr/include/qt6/QtWidgets -I/usr/include/qt6/QtGui -I/usr/include/qt6/QtNetwork -I/usr/include/qt6/QtCore -I. -I. -I/usr/lib/qt6/mkspecs/linux-g++ -o setupfilehandler.o src/setupfilehandler.cpp
g++ -c -pipe -march=x86-64 -mtune=generic -O2 -pipe -fno-plt -fexceptions -Wp,-D_FORTIFY_SOURCE=3 -Wformat -Werror=format-security -fstack-clash-protection -fcf-protection -fno-omit-frame-pointer -mno-omit-leaf-frame-pointer -Wp,-D_GLIBCXX_ASSERTIONS -g -ffile-prefix-map=/build/clamav-gui/src=/usr/src/debug/clamav-gui -flto=auto -Wall -Wextra -mno-direct-extern-access -D_REENTRANT -DQT_NO_DEBUG -DQT_WIDGETS_LIB -DQT_GUI_LIB -DQT_NETWORK_LIB -DQT_CORE_LIB -I. -I/usr/include/qt6 -I/usr/include/qt6/QtWidgets -I/usr/include/qt6/QtGui -I/usr/include/qt6/QtNetwork -I/usr/include/qt6/QtCore -I. -I. -I/usr/lib/qt6/mkspecs/linux-g++ -o clamav_ctrl.o src/clamav_ctrl.cpp
g++ -c -pipe -march=x86-64 -mtune=generic -O2 -pipe -fno-plt -fexceptions -Wp,-D_FORTIFY_SOURCE=3 -Wformat -Werror=format-security -fstack-clash-protection -fcf-protection -fno-omit-frame-pointer -mno-omit-leaf-frame-pointer -Wp,-D_GLIBCXX_ASSERTIONS -g -ffile-prefix-map=/build/clamav-gui/src=/usr/src/debug/clamav-gui -flto=auto -Wall -Wextra -mno-direct-extern-access -D_REENTRANT -DQT_NO_DEBUG -DQT_WIDGETS_LIB -DQT_GUI_LIB -DQT_NETWORK_LIB -DQT_CORE_LIB -I. -I/usr/include/qt6 -I/usr/include/qt6/QtWidgets -I/usr/include/qt6/QtGui -I/usr/include/qt6/QtNetwork -I/usr/include/qt6/QtCore -I. -I. -I/usr/lib/qt6/mkspecs/linux-g++ -o includeexcludeoptions.o src/includeexcludeoptions.cpp
g++ -c -pipe -march=x86-64 -mtune=generic -O2 -pipe -fno-plt -fexceptions -Wp,-D_FORTIFY_SOURCE=3 -Wformat -Werror=format-security -fstack-clash-protection -fcf-protection -fno-omit-frame-pointer -mno-omit-leaf-frame-pointer -Wp,-D_GLIBCXX_ASSERTIONS -g -ffile-prefix-map=/build/clamav-gui/src=/usr/src/debug/clamav-gui -flto=auto -Wall -Wextra -mno-direct-extern-access -D_REENTRANT -DQT_NO_DEBUG -DQT_WIDGETS_LIB -DQT_GUI_LIB -DQT_NETWORK_LIB -DQT_CORE_LIB -I. -I/usr/include/qt6 -I/usr/include/qt6/QtWidgets -I/usr/include/qt6/QtGui -I/usr/include/qt6/QtNetwork -I/usr/include/qt6/QtCore -I. -I. -I/usr/lib/qt6/mkspecs/linux-g++ -o dragablepushbutton.o src/dragablepushbutton.cpp
g++ -c -pipe -march=x86-64 -mtune=generic -O2 -pipe -fno-plt -fexceptions -Wp,-D_FORTIFY_SOURCE=3 -Wformat -Werror=format-security -fstack-clash-protection -fcf-protection -fno-omit-frame-pointer -mno-omit-leaf-frame-pointer -Wp,-D_GLIBCXX_ASSERTIONS -g -ffile-prefix-map=/build/clamav-gui/src=/usr/src/debug/clamav-gui -flto=auto -Wall -Wextra -mno-direct-extern-access -D_REENTRANT -DQT_NO_DEBUG -DQT_WIDGETS_LIB -DQT_GUI_LIB -DQT_NETWORK_LIB -DQT_CORE_LIB -I. -I/usr/include/qt6 -I/usr/include/qt6/QtWidgets -I/usr/include/qt6/QtGui -I/usr/include/qt6/QtNetwork -I/usr/include/qt6/QtCore -I. -I. -I/usr/lib/qt6/mkspecs/linux-g++ -o scheduler.o src/scheduler.cpp
g++ -c -pipe -march=x86-64 -mtune=generic -O2 -pipe -fno-plt -fexceptions -Wp,-D_FORTIFY_SOURCE=3 -Wformat -Werror=format-security -fstack-clash-protection -fcf-protection -fno-omit-frame-pointer -mno-omit-leaf-frame-pointer -Wp,-D_GLIBCXX_ASSERTIONS -g -ffile-prefix-map=/build/clamav-gui/src=/usr/src/debug/clamav-gui -flto=auto -Wall -Wextra -mno-direct-extern-access -D_REENTRANT -DQT_NO_DEBUG -DQT_WIDGETS_LIB -DQT_GUI_LIB -DQT_NETWORK_LIB -DQT_CORE_LIB -I. -I/usr/include/qt6 -I/usr/include/qt6/QtWidgets -I/usr/include/qt6/QtGui -I/usr/include/qt6/QtNetwork -I/usr/include/qt6/QtCore -I. -I. -I/usr/lib/qt6/mkspecs/linux-g++ -o highlighter.o src/highlighter.cpp
g++ -c -pipe -march=x86-64 -mtune=generic -O2 -pipe -fno-plt -fexceptions -Wp,-D_FORTIFY_SOURCE=3 -Wformat -Werror=format-security -fstack-clash-protection -fcf-protection -fno-omit-frame-pointer -mno-omit-leaf-frame-pointer -Wp,-D_GLIBCXX_ASSERTIONS -g -ffile-prefix-map=/build/clamav-gui/src=/usr/src/debug/clamav-gui -flto=auto -Wall -Wextra -mno-direct-extern-access -D_REENTRANT -DQT_NO_DEBUG -DQT_WIDGETS_LIB -DQT_GUI_LIB -DQT_NETWORK_LIB -DQT_CORE_LIB -I. -I/usr/include/qt6 -I/usr/include/qt6/QtWidgets -I/usr/include/qt6/QtGui -I/usr/include/qt6/QtNetwork -I/usr/include/qt6/QtCore -I. -I. -I/usr/lib/qt6/mkspecs/linux-g++ -o infodialog.o src/infodialog.cpp
g++ -c -pipe -march=x86-64 -mtune=generic -O2 -pipe -fno-plt -fexceptions -Wp,-D_FORTIFY_SOURCE=3 -Wformat -Werror=format-security -fstack-clash-protection -fcf-protection -fno-omit-frame-pointer -mno-omit-leaf-frame-pointer -Wp,-D_GLIBCXX_ASSERTIONS -g -ffile-prefix-map=/build/clamav-gui/src=/usr/src/debug/clamav-gui -flto=auto -Wall -Wextra -mno-direct-extern-access -D_REENTRANT -DQT_NO_DEBUG -DQT_WIDGETS_LIB -DQT_GUI_LIB -DQT_NETWORK_LIB -DQT_CORE_LIB -I. -I/usr/include/qt6 -I/usr/include/qt6/QtWidgets -I/usr/include/qt6/QtGui -I/usr/include/qt6/QtNetwork -I/usr/include/qt6/QtCore -I. -I. -I/usr/lib/qt6/mkspecs/linux-g++ -o schedulescanobject.o src/schedulescanobject.cpp
g++ -c -pipe -march=x86-64 -mtune=generic -O2 -pipe -fno-plt -fexceptions -Wp,-D_FORTIFY_SOURCE=3 -Wformat -Werror=format-security -fstack-clash-protection -fcf-protection -fno-omit-frame-pointer -mno-omit-leaf-frame-pointer -Wp,-D_GLIBCXX_ASSERTIONS -g -ffile-prefix-map=/build/clamav-gui/src=/usr/src/debug/clamav-gui -flto=auto -Wall -Wextra -mno-direct-extern-access -D_REENTRANT -DQT_NO_DEBUG -DQT_WIDGETS_LIB -DQT_GUI_LIB -DQT_NETWORK_LIB -DQT_CORE_LIB -I. -I/usr/include/qt6 -I/usr/include/qt6/QtWidgets -I/usr/include/qt6/QtGui -I/usr/include/qt6/QtNetwork -I/usr/include/qt6/QtCore -I. -I. -I/usr/lib/qt6/mkspecs/linux-g++ -o logviewobject.o src/logviewobject.cpp
g++ -c -pipe -march=x86-64 -mtune=generic -O2 -pipe -fno-plt -fexceptions -Wp,-D_FORTIFY_SOURCE=3 -Wformat -Werror=format-security -fstack-clash-protection -fcf-protection -fno-omit-frame-pointer -mno-omit-leaf-frame-pointer -Wp,-D_GLIBCXX_ASSERTIONS -g -ffile-prefix-map=/build/clamav-gui/src=/usr/src/debug/clamav-gui -flto=auto -Wall -Wextra -mno-direct-extern-access -D_REENTRANT -DQT_NO_DEBUG -DQT_WIDGETS_LIB -DQT_GUI_LIB -DQT_NETWORK_LIB -DQT_CORE_LIB -I. -I/usr/include/qt6 -I/usr/include/qt6/QtWidgets -I/usr/include/qt6/QtGui -I/usr/include/qt6/QtNetwork -I/usr/include/qt6/QtCore -I. -I. -I/usr/lib/qt6/mkspecs/linux-g++ -o partiallogobject.o src/partiallogobject.cpp
g++ -c -pipe -march=x86-64 -mtune=generic -O2 -pipe -fno-plt -fexceptions -Wp,-D_FORTIFY_SOURCE=3 -Wformat -Werror=format-security -fstack-clash-protection -fcf-protection -fno-omit-frame-pointer -mno-omit-leaf-frame-pointer -Wp,-D_GLIBCXX_ASSERTIONS -g -ffile-prefix-map=/build/clamav-gui/src=/usr/src/debug/clamav-gui -flto=auto -Wall -Wextra -mno-direct-extern-access -D_REENTRANT -DQT_NO_DEBUG -DQT_WIDGETS_LIB -DQT_GUI_LIB -DQT_NETWORK_LIB -DQT_CORE_LIB -I. -I/usr/include/qt6 -I/usr/include/qt6/QtWidgets -I/usr/include/qt6/QtGui -I/usr/include/qt6/QtNetwork -I/usr/include/qt6/QtCore -I. -I. -I/usr/lib/qt6/mkspecs/linux-g++ -o logviewerobject.o src/logviewerobject.cpp
In file included from src/partiallogobject.h:28,
                 from src/logviewerobject.h:28,
                 from src/logviewerobject.cpp:1:
src/highlighter.h:26:10: fatal error: QRegExp: No such file or directory
   26 | #include <QRegExp>
      |          ^~~~~~~~~
compilation terminated.
make: *** [Makefile:1622: logviewerobject.o] Error 1
make: *** Waiting for unfinished jobs....
In file included from src/clamdmanager.h:7,
                 from src/clamdmanager.cpp:1:
src/highlighter.h:26:10: fatal error: QRegExp: No such file or directory
   26 | #include <QRegExp>
      |          ^~~~~~~~~
compilation terminated.
make: *** [Makefile:1460: clamdmanager.o] Error 1
In file included from src/highlighter.cpp:21:
src/highlighter.h:26:10: fatal error: QRegExp: No such file or directory
   26 | #include <QRegExp>
      |          ^~~~~~~~~
compilation terminated.
make: *** [Makefile:1590: highlighter.o] Error 1
In file included from src/schedulescanobject.h:25,
                 from src/schedulescanobject.cpp:1:
src/highlighter.h:26:10: fatal error: QRegExp: No such file or directory
   26 | #include <QRegExp>
      |          ^~~~~~~~~
compilation terminated.
In file included from src/partiallogobject.h:28,
                 from src/logviewobject.h:25,
                 from src/logviewobject.cpp:1:
src/highlighter.h:26:10: fatal error: QRegExp: No such file or directory
   26 | #include <QRegExp>
      |          ^~~~~~~~~
compilation terminated.
make: *** [Makefile:1601: schedulescanobject.o] Error 1
make: *** [Makefile:1609: logviewobject.o] Error 1
In file included from src/partiallogobject.h:28,
                 from src/partiallogobject.cpp:1:
src/highlighter.h:26:10: fatal error: QRegExp: No such file or directory
   26 | #include <QRegExp>
      |          ^~~~~~~~~
compilation terminated.
make: *** [Makefile:1614: partiallogobject.o] Error 1
In file included from src/scantab.h:28,
                 from src/scantab.cpp:1:
src/highlighter.h:26:10: fatal error: QRegExp: No such file or directory
   26 | #include <QRegExp>
      |          ^~~~~~~~~
compilation terminated.
make: *** [Makefile:1547: scantab.o] Error 1
In file included from src/partiallogobject.h:28,
                 from src/logviewobject.h:25,
                 from src/scheduler.h:34,
                 from src/scheduler.cpp:1:
src/highlighter.h:26:10: fatal error: QRegExp: No such file or directory
   26 | #include <QRegExp>
      |          ^~~~~~~~~
compilation terminated.
make: *** [Makefile:1587: scheduler.o] Error 1
In file included from src/includeexcludeoptions.cpp:1:
src/includeexcludeoptions.h: In constructor ‘includeExcludeOptions::includeExcludeOptions(QWidget*, setupFileHandler*)’:
src/includeexcludeoptions.h:41:27: warning: ‘includeExcludeOptions::m_setupFile’ will be initialized after [-Wreorder]
   41 |     setupFileHandler    * m_setupFile;
      |                           ^~~~~~~~~~~
src/includeexcludeoptions.h:40:32: warning:   ‘Ui::includeExcludeOptions* includeExcludeOptions::m_ui’ [-Wreorder]
   40 |     Ui::includeExcludeOptions *m_ui;
      |                                ^~~~
src/includeexcludeoptions.cpp:5:1: warning:   when initialized here [-Wreorder]
    5 | includeExcludeOptions::includeExcludeOptions(QWidget* parent, setupFileHandler* setupFile) : QWidget(parent), m_setupFile(setupFile), m_ui(new Ui::includeExcludeOptions)
      | ^~~~~~~~~~~~~~~~~~~~~
[1m[31m==> ERROR:(B[m[1m A failure occurred in build().(B[m
[1m    Aborting...(B[m
