commander-genius-git-debug W: Directory (usr/src/debug/commander-genius-git/Commander-Genius-build/src/engine/keen/galaxy/menu) is empty
commander-genius-git-debug W: Directory (usr/src/debug/commander-genius-git/Commander-Genius-build/src/engine/core/menu/widgets) is empty
commander-genius-git-debug W: Directory (usr/src/debug/commander-genius-git/Commander-Genius-build/GsKit/base/lua) is empty
commander-genius-git-debug W: Directory (usr/src/debug/commander-genius-git/Commander-Genius-build/src/dialog) is empty
commander-genius-git-debug W: Directory (usr/src/debug/commander-genius-git/Commander-Genius-build/GsKit/graphics) is empty
commander-genius-git-debug W: Directory (usr/src/debug/commander-genius-git/Commander-Genius-build/src/engine/keen/vorticon) is empty
commander-genius-git-debug W: Directory (usr/src/debug/commander-genius-git/Commander-Genius-build/GsKit/base/audio) is empty
commander-genius-git-debug W: Directory (usr/src/debug/commander-genius-git/Commander-Genius-build/src/engine/depklite) is empty
commander-genius-git-debug W: Directory (usr/src/debug/commander-genius-git/Commander-Genius-build/src/engine/keen/galaxy/ep6) is empty
commander-genius-git-debug W: Directory (usr/src/debug/commander-genius-git/Commander-Genius-build/src/engine/keen/galaxy/ep5) is empty
commander-genius-git-debug W: Directory (usr/src/debug/commander-genius-git/Commander-Genius-build/src/engine/refkeen/kdreams) is empty
commander-genius-git-debug W: Directory (usr/src/debug/commander-genius-git/Commander-Genius-build/GsKit/fileio) is empty
commander-genius-git-debug W: Directory (usr/src/debug/commander-genius-git/Commander-Genius-build/src/engine/keen/galaxy/ep4) is empty
commander-genius-git-debug W: Directory (usr/src/debug/commander-genius-git/Commander-Genius-build/GsKit/widgets) is empty
commander-genius-git-debug W: Directory (usr/src/debug/commander-genius-git/Commander-Genius-build/GsKit/base/interface) is empty
commander-genius-git-debug W: Directory (usr/src/debug/commander-genius-git/Commander-Genius-build/GsKit/base/video) is empty
commander-genius-git-debug W: Directory (usr/src/debug/commander-genius-git/Commander-Genius-build/src/fileio/compression) is empty
commander-genius-git-debug W: Directory (usr/src/debug/commander-genius-git/Commander-Genius-build/src/engine/keen/galaxy/common) is empty
commander-genius-git-debug W: Directory (usr/src/debug/commander-genius-git/Commander-Genius-build/src/engine/keen/dreams) is empty
commander-genius-git-debug W: Directory (usr/src/debug/commander-genius-git/Commander-Genius-build/src/engine/core/mode) is empty
commander-genius-git-debug W: Directory (usr/src/debug/commander-genius-git/Commander-Genius-build/src/engine/core/VGamepads) is empty
commander-genius-git-debug W: Directory (usr/src/debug/commander-genius-git/Commander-Genius-build/src/engine/keen/galaxy/res) is empty
