-- The C compiler identification is GNU 15.2.1
-- The CXX compiler identification is GNU 15.2.1
-- Detecting C compiler ABI info
-- Detecting C compiler ABI info - done
-- Check for working C compiler: /usr/bin/cc - skipped
-- Detecting C compile features
-- Detecting C compile features - done
-- Detecting CXX compiler ABI info
-- Detecting CXX compiler ABI info - done
-- Check for working CXX compiler: /usr/bin/c++ - skipped
-- Detecting CXX compile features
-- Detecting CXX compile features - done
-- Found Git (/usr/bin/git), executable will get SHA and branch used
-- GIT_SHA = bee00e478
-- GIT_BRANCH = master
-- Setting SYSTEM_DATA_DIR to /usr/share
-- Performing Test CMAKE_HAVE_LIBC_PTHREAD
-- Performing Test CMAKE_HAVE_LIBC_PTHREAD - Success
-- Found Threads: TRUE
-- Found SDL2: /usr/lib/libSDL2main.a;/usr/lib/libSDL2.so
-- Found SDL2_image: /usr/lib/libSDL2_image.so
-- Found SDL2_mixer: /usr/lib/libSDL2_mixer.so (found version "2.8.1")
-- Found SDL2_ttf: /usr/include/SDL2 (found version "2.24.0")
-- Using shared SDL Version 2 for GsKit_base_interface
-- SDL2_INCLUDE_DIRS =  
-- SDL2_INCLUDE_DIR =  /usr/include/SDL2
-- SDL2_MIXER_INCLUDE_DIRS =  /usr/include/SDL2
-- SDL2_IMAGE_INCLUDE_DIRS =  /usr/include/SDL2
-- SDL2_TTF_INCLUDE_DIRS =  /usr/include/SDL2
-- CMAKE_BUILD_TYPE = Release
-- Preparing the Build-System for Commander Genius
-- Internal Downloader: ON
-- Keen engine build enabled
-- Refkeen engine build enabled
-- Found PkgConfig: /usr/bin/pkg-config (found version "2.5.1")
-- Found ZLIB: /usr/lib/libz.so (found version "1.3.1")
-- Found CURL: /usr/lib/libcurl.so (found version "8.15.0")
-- Found curl version 8.15.0
-- CG_VERSION = 3.6.0-Release
-- CPACK_PACKAGE_VERSION = 3.6.0-Release
-- Build system is prepared. To Build the project just type "make"
-- If you want to create the installation package just type "make package" after you build the project
-- Configuring done (1.0s)
-- Generating done (0.1s)
-- Build files have been written to: /build/commander-genius-git/src/Commander-Genius-build
make: Entering directory '/build/commander-genius-git/src/Commander-Genius-build'
[  0%] Building C object src/engine/CMakeFiles/xxd.dir/xxd.c.o
[  0%] Building CXX object GsKit/base/interface/CMakeFiles/GsKit_base_interface.dir/Base64.cpp.o
[  0%] Building CXX object GsKit/base/interface/CMakeFiles/GsKit_base_interface.dir/ThreadPool.cpp.o
[  0%] Building C object src/engine/unzip/CMakeFiles/unzip.dir/unzip.c.o
[  0%] Building C object GsKit/base/lua/CMakeFiles/GsKit_base_lua.dir/ldump.c.o
[  0%] Building C object src/engine/unzip/CMakeFiles/unzip.dir/ioapi.c.o
[  1%] Building C object src/engine/unzip/CMakeFiles/unzip.dir/iowin32.c.o
[  1%] Building C object src/engine/unzip/CMakeFiles/unzip.dir/miniunz.c.o
[  1%] Building CXX object GsKit/base/interface/CMakeFiles/GsKit_base_interface.dir/CrashHandler.cpp.o
[  3%] Building C object GsKit/base/lua/CMakeFiles/GsKit_base_lua.dir/lapi.c.o
[  3%] Building CXX object GsKit/base/interface/CMakeFiles/GsKit_base_interface.dir/Geometry.cpp.o
[  3%] Building C object GsKit/base/lua/CMakeFiles/GsKit_base_lua.dir/lcorolib.c.o
[  3%] Building CXX object GsKit/base/interface/CMakeFiles/GsKit_base_interface.dir/Color.cpp.o
[  3%] Building CXX object GsKit/base/interface/CMakeFiles/GsKit_base_interface.dir/Debug.cpp.o
[  3%] Building CXX object GsKit/base/interface/CMakeFiles/GsKit_base_interface.dir/StringBuf.cpp.o
[  4%] Building C object GsKit/base/lua/CMakeFiles/GsKit_base_lua.dir/llex.c.o
[  4%] Building CXX object GsKit/base/interface/CMakeFiles/GsKit_base_interface.dir/Unicode.cpp.o
[  4%] Building C object GsKit/base/lua/CMakeFiles/GsKit_base_lua.dir/lopcodes.c.o
[  5%] Building C object GsKit/base/lua/CMakeFiles/GsKit_base_lua.dir/lstrlib.c.o
[  5%] Building CXX object GsKit/base/interface/CMakeFiles/GsKit_base_interface.dir/ConfigHandler.cpp.o
[  5%] Building C object GsKit/base/lua/CMakeFiles/GsKit_base_lua.dir/lauxlib.c.o
[  5%] Building C object GsKit/base/lua/CMakeFiles/GsKit_base_lua.dir/lctype.c.o
[  5%] Building C object GsKit/base/lua/CMakeFiles/GsKit_base_lua.dir/lfunc.c.o
[  6%] Building CXX object GsKit/base/interface/CMakeFiles/GsKit_base_interface.dir/FindFile.cpp.o
[  6%] Building C object GsKit/base/lua/CMakeFiles/GsKit_base_lua.dir/loslib.c.o
[  6%] Building C object GsKit/base/lua/CMakeFiles/GsKit_base_lua.dir/lmathlib.c.o
[  6%] Building C object GsKit/base/lua/CMakeFiles/GsKit_base_lua.dir/ltable.c.o
[  6%] Building C object GsKit/base/lua/CMakeFiles/GsKit_base_lua.dir/lundump.c.o
[  7%] Linking C executable xxd
[  7%] Building CXX object GsKit/base/interface/CMakeFiles/GsKit_base_interface.dir/StringUtils.cpp.o
[  7%] Building C object GsKit/base/lua/CMakeFiles/GsKit_base_lua.dir/lbaselib.c.o
[  7%] Linking C static library libunzip.a
[  8%] Building C object GsKit/base/lua/CMakeFiles/GsKit_base_lua.dir/ldblib.c.o
[  8%] Building CXX object GsKit/base/interface/CMakeFiles/GsKit_base_interface.dir/MathLib.cpp.o
[  8%] Building C object GsKit/base/lua/CMakeFiles/GsKit_base_lua.dir/lmem.c.o
[  8%] Building C object GsKit/base/lua/CMakeFiles/GsKit_base_lua.dir/lgc.c.o
[  8%] Building C object GsKit/base/lua/CMakeFiles/GsKit_base_lua.dir/lparser.c.o
[  9%] Building CXX object GsKit/base/interface/CMakeFiles/GsKit_base_interface.dir/property_tree/property_tree.cpp.o
[ 10%] Building C object GsKit/base/lua/CMakeFiles/GsKit_base_lua.dir/ltablib.c.o
[ 10%] Building C object GsKit/base/lua/CMakeFiles/GsKit_base_lua.dir/lutf8lib.c.o
[ 10%] Building C object GsKit/base/lua/CMakeFiles/GsKit_base_lua.dir/lbitlib.c.o
[ 10%] Built target unzip
[ 10%] Building CXX object GsKit/base/interface/CMakeFiles/GsKit_base_interface.dir/property_tree/xml_parser.cpp.o
[ 10%] Building C object GsKit/base/lua/CMakeFiles/GsKit_base_lua.dir/ldebug.c.o
[ 10%] Building C object GsKit/base/lua/CMakeFiles/GsKit_base_lua.dir/linit.c.o
[ 10%] Building CXX object GsKit/base/interface/CMakeFiles/GsKit_base_interface.dir/property_tree/tinyxml2.cpp.o
[ 11%] Building C object GsKit/base/lua/CMakeFiles/GsKit_base_lua.dir/loadlib.c.o
[ 11%] Building C object GsKit/base/lua/CMakeFiles/GsKit_base_lua.dir/lstate.c.o
[ 11%] Building C object GsKit/base/lua/CMakeFiles/GsKit_base_lua.dir/ltm.c.o
[ 11%] Building C object GsKit/base/lua/CMakeFiles/GsKit_base_lua.dir/lvm.c.o
[ 11%] Building C object GsKit/base/lua/CMakeFiles/GsKit_base_lua.dir/lcode.c.o
[ 12%] Building C object GsKit/base/lua/CMakeFiles/GsKit_base_lua.dir/ldo.c.o
[ 12%] Building C object GsKit/base/lua/CMakeFiles/GsKit_base_lua.dir/liolib.c.o
[ 12%] Building C object GsKit/base/lua/CMakeFiles/GsKit_base_lua.dir/lobject.c.o
[ 12%] Building C object GsKit/base/lua/CMakeFiles/GsKit_base_lua.dir/lstring.c.o
[ 13%] Building C object GsKit/base/lua/CMakeFiles/GsKit_base_lua.dir/lzio.c.o
[ 13%] Building C object GsKit/base/lua/CMakeFiles/GsKit_base_lua.dir/lua.c.o
[ 13%] Built target xxd
[ 13%] Linking C static library libGsKit_base_lua.a
[ 13%] Built target createGameLauncherMenu
[ 13%] Built target GsKit_base_lua
[ 13%] Linking CXX static library libGsKit_base_interface.a
[ 13%] Built target GsKit_base_interface
[ 13%] Building CXX object src/fileio/compression/CMakeFiles/fileio_compression.dir/CCarmack.cpp.o
[ 14%] Building CXX object src/dialog/CMakeFiles/cg_dialog.dir/CDlgFrame.cpp.o
[ 14%] Building CXX object GsKit/fileio/CMakeFiles/GsKit_fileio.dir/IniReader.cpp.o
[ 14%] Building CXX object GsKit/base/audio/CMakeFiles/GsKit_base_audio.dir/CAudioResources.cpp.o
[ 14%] Building CXX object GsKit/fileio/CMakeFiles/GsKit_fileio.dir/CConfiguration.cpp.o
[ 14%] Building CXX object GsKit/base/audio/CMakeFiles/GsKit_base_audio.dir/Audio.cpp.o
[ 15%] Building CXX object src/engine/keen/galaxy/menu/CMakeFiles/engine_keen_galaxy_menu.dir/GalaxyMenu.cpp.o
[ 15%] Building CXX object src/engine/keen/galaxy/menu/CMakeFiles/engine_keen_galaxy_menu.dir/ComputerWrist.cpp.o
[ 16%] Building CXX object GsKit/base/audio/CMakeFiles/GsKit_base_audio.dir/Mixer.cpp.o
[ 16%] Building CXX object src/dialog/CMakeFiles/cg_dialog.dir/CDlgOptionText.cpp.o
[ 16%] Building CXX object src/engine/depklite/CMakeFiles/depklite.dir/depklite.cpp.o
[ 16%] Building CXX object GsKit/fileio/CMakeFiles/GsKit_fileio.dir/fileio.cpp.o
[ 16%] Building CXX object GsKit/base/audio/CMakeFiles/GsKit_base_audio.dir/base/COPLEmulator.cpp.o
[ 16%] Building CXX object src/dialog/CMakeFiles/cg_dialog.dir/CTextViewer.cpp.o
[ 16%] Building CXX object src/fileio/compression/CMakeFiles/fileio_compression.dir/CRLE.cpp.o
[ 17%] Building CXX object GsKit/fileio/CMakeFiles/GsKit_fileio.dir/ResourceMgmt.cpp.o
[ 17%] Building CXX object src/fileio/compression/CMakeFiles/fileio_compression.dir/Cunlzexe.cpp.o
[ 17%] Building CXX object src/fileio/compression/CMakeFiles/fileio_compression.dir/CHuffman.cpp.o
[ 18%] Building CXX object GsKit/base/audio/CMakeFiles/GsKit_base_audio.dir/base/dbopl.cpp.o
[ 18%] Building CXX object src/dialog/CMakeFiles/cg_dialog.dir/CMessageBox.cpp.o
[ 18%] Building CXX object src/fileio/compression/CMakeFiles/fileio_compression.dir/sgrle.cpp.o
[ 19%] Building CXX object GsKit/base/audio/CMakeFiles/GsKit_base_audio.dir/base/Sampling.cpp.o
[ 19%] Building CXX object GsKit/base/audio/CMakeFiles/GsKit_base_audio.dir/music/CMusic.cpp.o
[ 20%] Linking CXX static library libdepklite.a
[ 20%] Built target depklite
[ 20%] Building CXX object GsKit/base/audio/CMakeFiles/GsKit_base_audio.dir/music/CIMFPlayer.cpp.o
[ 20%] Building CXX object GsKit/base/audio/CMakeFiles/GsKit_base_audio.dir/music/CMusicPlayer.cpp.o
[ 20%] Building CXX object GsKit/base/audio/CMakeFiles/GsKit_base_audio.dir/sound/CSoundChannel.cpp.o
[ 21%] Building CXX object GsKit/base/audio/CMakeFiles/GsKit_base_audio.dir/sound/CSoundSlot.cpp.o
[ 21%] Linking CXX static library libfileio_compression.a
[ 21%] Built target fileio_compression
[ 21%] Linking CXX static library libGsKit_fileio.a
[ 21%] Built target GsKit_fileio
[ 21%] Linking CXX static library libcg_dialog.a
[ 21%] Built target cg_dialog
[ 21%] Linking CXX static library libengine_keen_galaxy_menu.a
[ 21%] Built target engine_keen_galaxy_menu
[ 21%] Linking CXX static library libGsKit_base_audio.a
[ 21%] Built target GsKit_base_audio
[ 21%] Building CXX object GsKit/base/video/CMakeFiles/GsKit_base_video.dir/CVideoEngine.cpp.o
[ 21%] Building CXX object GsKit/base/video/CMakeFiles/GsKit_base_video.dir/scaler/CScaler.cpp.o
[ 21%] Building CXX object GsKit/base/video/CMakeFiles/GsKit_base_video.dir/COpenGL.cpp.o
[ 21%] Building CXX object GsKit/base/video/CMakeFiles/GsKit_base_video.dir/scaler/scalebit.cpp.o
[ 22%] Building CXX object GsKit/base/video/CMakeFiles/GsKit_base_video.dir/CVidConfig.cpp.o
[ 23%] Building CXX object GsKit/base/video/CMakeFiles/GsKit_base_video.dir/scaler/scale3x.cpp.o
[ 23%] Building CXX object GsKit/base/video/CMakeFiles/GsKit_base_video.dir/scaler/scale2x.cpp.o
[ 23%] Building CXX object GsKit/base/video/CMakeFiles/GsKit_base_video.dir/CSDLVideo.cpp.o
[ 23%] Building CXX object GsKit/base/video/CMakeFiles/GsKit_base_video.dir/CVideoDriver.cpp.o
[ 23%] Linking CXX static library libGsKit_base_video.a
[ 23%] Built target GsKit_base_video
[ 24%] Building CXX object GsKit/base/CMakeFiles/GsKit_base.dir/GsTimer.cpp.o
[ 24%] Building CXX object GsKit/base/CMakeFiles/GsKit_base.dir/CInput.cpp.o
[ 24%] Building CXX object GsKit/base/CMakeFiles/GsKit_base.dir/GsApp.cpp.o
[ 24%] Building CXX object GsKit/base/CMakeFiles/GsKit_base.dir/GsEngine.cpp.o
[ 25%] Building CXX object GsKit/base/CMakeFiles/GsKit_base.dir/GsTTFSystem.cpp.o
[ 25%] Building CXX object GsKit/base/CMakeFiles/GsKit_base.dir/GsLogging.cpp.o
[ 25%] Building CXX object GsKit/base/CMakeFiles/GsKit_base.dir/GsLua.cpp.o
[ 25%] Building CXX object GsKit/base/CMakeFiles/GsKit_base.dir/GsArguments.cpp.o
[ 25%] Building CXX object GsKit/base/CMakeFiles/GsKit_base.dir/GsEventContainer.cpp.o
[ 25%] Building CXX object GsKit/base/CMakeFiles/GsKit_base.dir/TypeDefinitions.cpp.o
[ 25%] Building CXX object GsKit/base/CMakeFiles/GsKit_base.dir/GsEvent.cpp.o
[ 25%] Linking CXX static library libGsKit_base.a
[ 25%] Built target GsKit_base
[ 26%] Building CXX object GsKit/widgets/CMakeFiles/GsKit_widgets.dir/GsSelectableText.cpp.o
[ 27%] Building CXX object GsKit/widgets/CMakeFiles/GsKit_widgets.dir/GsBanner.cpp.o
[ 27%] Building CXX object GsKit/widgets/CMakeFiles/GsKit_widgets.dir/GsScrollingFrame.cpp.o
[ 27%] Building CXX object GsKit/widgets/CMakeFiles/GsKit_widgets.dir/GsBitmapBox.cpp.o
[ 27%] Building CXX object GsKit/widgets/CMakeFiles/GsKit_widgets.dir/GsMenuController.cpp.o
[ 27%] Building CXX object GsKit/widgets/CMakeFiles/GsKit_widgets.dir/GsInputText.cpp.o
[ 27%] Building CXX object GsKit/widgets/CMakeFiles/GsKit_widgets.dir/GsBaseMenu.cpp.o
[ 27%] Building CXX object GsKit/widgets/CMakeFiles/GsKit_widgets.dir/GsText.cpp.o
[ 28%] Building CXX object GsKit/widgets/CMakeFiles/GsKit_widgets.dir/GsBitmapButton.cpp.o
[ 28%] Building CXX object GsKit/widgets/CMakeFiles/GsKit_widgets.dir/GsFrame.cpp.o
[ 28%] Building CXX object GsKit/widgets/CMakeFiles/GsKit_widgets.dir/GsMiniTextViewer.cpp.o
[ 28%] Building CXX object GsKit/widgets/CMakeFiles/GsKit_widgets.dir/GsProgressbar.cpp.o
[ 28%] Building CXX object GsKit/widgets/CMakeFiles/GsKit_widgets.dir/GsTextSelectionList.cpp.o
[ 29%] Building CXX object GsKit/widgets/CMakeFiles/GsKit_widgets.dir/GsNumberControl.cpp.o
[ 29%] Building CXX object GsKit/widgets/CMakeFiles/GsKit_widgets.dir/GsButton.cpp.o
[ 29%] Building CXX object GsKit/widgets/CMakeFiles/GsKit_widgets.dir/GsSelectionList.cpp.o
[ 29%] Building CXX object GsKit/widgets/CMakeFiles/GsKit_widgets.dir/GsWidget.cpp.o
[ 29%] Building CXX object GsKit/widgets/CMakeFiles/GsKit_widgets.dir/GsComboSelection.cpp.o
[ 29%] Building CXX object GsKit/widgets/CMakeFiles/GsKit_widgets.dir/GsWidgetsManager.cpp.o
[ 30%] Building CXX object GsKit/widgets/CMakeFiles/GsKit_widgets.dir/GsControl.cpp.o
[ 30%] Building CXX object GsKit/widgets/CMakeFiles/GsKit_widgets.dir/GsRegister.cpp.o
[ 30%] Building CXX object GsKit/widgets/CMakeFiles/GsKit_widgets.dir/GsDialog.cpp.o
[ 30%] Building CXX object GsKit/widgets/CMakeFiles/GsKit_widgets.dir/GsScrollbar.cpp.o
[ 31%] Building CXX object GsKit/widgets/CMakeFiles/GsKit_widgets.dir/GsSelectableChkboxItem.cpp.o
[ 31%] Building CXX object GsKit/widgets/CMakeFiles/GsKit_widgets.dir/GsCheckbox.cpp.o
[ 31%] Linking CXX static library libGsKit_widgets.a
[ 31%] Built target GsKit_widgets
[ 31%] Building CXX object GsKit/graphics/CMakeFiles/GsKit_graphics.dir/GsFontLegacy.cpp.o
[ 31%] Building CXX object GsKit/graphics/CMakeFiles/GsKit_graphics.dir/cgttf.cpp.o
[ 31%] Building CXX object GsKit/graphics/CMakeFiles/GsKit_graphics.dir/GsGametext.cpp.o
[ 32%] Building CXX object GsKit/graphics/CMakeFiles/GsKit_graphics.dir/GsTextureElem.cpp.o
[ 32%] Building CXX object GsKit/graphics/CMakeFiles/GsKit_graphics.dir/GsSprite.cpp.o
[ 32%] Building CXX object GsKit/graphics/CMakeFiles/GsKit_graphics.dir/GsCursor.cpp.o
[ 32%] Building CXX object GsKit/graphics/CMakeFiles/GsKit_graphics.dir/GsTrueTypeFont.cpp.o
[ 33%] Building CXX object GsKit/graphics/CMakeFiles/GsKit_graphics.dir/GsBitmap.cpp.o
[ 33%] Building CXX object GsKit/graphics/CMakeFiles/GsKit_graphics.dir/GsSurface.cpp.o
[ 33%] Building CXX object GsKit/graphics/CMakeFiles/GsKit_graphics.dir/GsGraphics.cpp.o
[ 33%] Building CXX object GsKit/graphics/CMakeFiles/GsKit_graphics.dir/GsFont.cpp.o
[ 33%] Building CXX object GsKit/graphics/CMakeFiles/GsKit_graphics.dir/GsPalette.cpp.o
[ 33%] Building CXX object GsKit/graphics/CMakeFiles/GsKit_graphics.dir/GsDynColor.cpp.o
[ 34%] Building CXX object GsKit/graphics/CMakeFiles/GsKit_graphics.dir/GsScrollsurface.cpp.o
[ 34%] Building CXX object GsKit/graphics/CMakeFiles/GsKit_graphics.dir/GsTexture.cpp.o
[ 35%] Building CXX object GsKit/graphics/CMakeFiles/GsKit_graphics.dir/GsTilemap.cpp.o
[ 35%] Building CXX object GsKit/graphics/CMakeFiles/GsKit_graphics.dir/CDimDark.cpp.o
[ 35%] Building CXX object GsKit/graphics/CMakeFiles/GsKit_graphics.dir/CPixelate.cpp.o
[ 35%] Building CXX object GsKit/graphics/CMakeFiles/GsKit_graphics.dir/CColorMerge.cpp.o
[ 36%] Building CXX object GsKit/graphics/CMakeFiles/GsKit_graphics.dir/CFlash.cpp.o
[ 36%] Building CXX object GsKit/graphics/CMakeFiles/GsKit_graphics.dir/CScrollEffect.cpp.o
[ 36%] Building CXX object GsKit/graphics/CMakeFiles/GsKit_graphics.dir/CVibrate.cpp.o
[ 36%] Linking CXX static library libGsKit_graphics.a
[ 36%] Built target GsKit_graphics
[ 36%] Building CXX object GsKit/CMakeFiles/GsKit.dir/null.cpp.o
[ 36%] Building CXX object src/engine/keen/galaxy/common/CMakeFiles/engine_keen_galaxy_common.dir/CStatusScreenGalaxy.cpp.o
[ 36%] Building CXX object src/engine/keen/galaxy/common/CMakeFiles/engine_keen_galaxy_common.dir/ai/CEnemyShot.cpp.o
[ 36%] Building CXX object src/engine/keen/galaxy/common/CMakeFiles/engine_keen_galaxy_common.dir/CGalaxySpriteObject.cpp.o
[ 36%] Building CXX object src/engine/keen/galaxy/common/CMakeFiles/engine_keen_galaxy_common.dir/CWorldMap.cpp.o
[ 36%] Building CXX object src/engine/keen/galaxy/common/CMakeFiles/engine_keen_galaxy_common.dir/ai/CGalaxyActionSpriteObject.cpp.o
[ 36%] Building CXX object src/engine/keen/galaxy/common/CMakeFiles/engine_keen_galaxy_common.dir/CMapLoaderGalaxy.cpp.o
[ 37%] Building CXX object src/engine/keen/galaxy/common/CMakeFiles/engine_keen_galaxy_common.dir/ai/CBullet.cpp.o
[ 37%] Building CXX object src/engine/keen/galaxy/common/CMakeFiles/engine_keen_galaxy_common.dir/achievements.cpp.o
[ 37%] Building CXX object src/engine/keen/galaxy/common/CMakeFiles/engine_keen_galaxy_common.dir/ai/Autogun.cpp.o
[ 37%] Building CXX object src/engine/keen/galaxy/common/CMakeFiles/engine_keen_galaxy_common.dir/ai/CFlag.cpp.o
[ 39%] Building CXX object src/engine/keen/galaxy/common/CMakeFiles/engine_keen_galaxy_common.dir/CInventory.cpp.o
[ 39%] Building CXX object src/engine/keen/galaxy/common/CMakeFiles/engine_keen_galaxy_common.dir/ai/CItemEffect.cpp.o
[ 39%] Building CXX object src/engine/keen/galaxy/common/CMakeFiles/engine_keen_galaxy_common.dir/ai/CMoveTarget.cpp.o
[ 39%] Building CXX object src/engine/keen/galaxy/common/CMakeFiles/engine_keen_galaxy_common.dir/ai/CPlayerLevel.cpp.o
[ 39%] Building CXX object src/engine/keen/galaxy/common/CMakeFiles/engine_keen_galaxy_common.dir/ai/CSpriteItem.cpp.o
[ 40%] Building CXX object src/engine/keen/galaxy/common/CMakeFiles/engine_keen_galaxy_common.dir/ai/CPlayerWM.cpp.o
[ 40%] Building CXX object src/engine/keen/galaxy/common/CMakeFiles/engine_keen_galaxy_common.dir/ai/CSecurityDoor.cpp.o
[ 40%] Building CXX object src/engine/keen/galaxy/common/CMakeFiles/engine_keen_galaxy_common.dir/ai/CStunnable.cpp.o
[ 40%] Building CXX object src/engine/keen/galaxy/common/CMakeFiles/engine_keen_galaxy_common.dir/ai/CPlayerBase.cpp.o
[ 41%] Linking CXX static library libGsKit.a
[ 41%] Built target GsKit
[ 41%] Building CXX object src/engine/keen/galaxy/common/CMakeFiles/engine_keen_galaxy_common.dir/ai/platform/CPlatform.cpp.o
[ 42%] Building CXX object src/engine/keen/galaxy/common/CMakeFiles/engine_keen_galaxy_common.dir/ai/platform/CPlatformDrop.cpp.o
[ 42%] Building CXX object src/engine/core/VGamepads/CMakeFiles/engine_core_vgamepad.dir/vgamepadsimple.cpp.o
[ 42%] Building CXX object src/engine/keen/galaxy/common/CMakeFiles/engine_keen_galaxy_common.dir/ai/platform/CPlatformHorizontal.cpp.o
[ 42%] Building CXX object src/engine/keen/galaxy/common/CMakeFiles/engine_keen_galaxy_common.dir/ai/platform/CPlatformMoveAway.cpp.o
[ 42%] Building CXX object src/engine/keen/galaxy/common/CMakeFiles/engine_keen_galaxy_common.dir/ai/platform/CPlatformSit.cpp.o
[ 42%] Building CXX object src/engine/core/menu/widgets/CMakeFiles/engine_core_menu_widgets.dir/BorderedButton.cpp.o
[ 43%] Building CXX object src/engine/keen/galaxy/common/CMakeFiles/engine_keen_galaxy_common.dir/ai/platform/CPlatformVertical.cpp.o
[ 43%] Building CXX object src/engine/core/mode/CMakeFiles/engine_core_mode.dir/Scene.cpp.o
[ 43%] Building CXX object src/engine/keen/galaxy/common/CMakeFiles/engine_keen_galaxy_common.dir/ai/platform/CVarPlatform.cpp.o
[ 43%] Building CXX object src/engine/keen/galaxy/common/CMakeFiles/engine_keen_galaxy_common.dir/dialog/CMessageBoxBitmapGalaxy.cpp.o
[ 43%] Building CXX object src/engine/keen/galaxy/common/CMakeFiles/engine_keen_galaxy_common.dir/dialog/CMessageBoxGalaxy.cpp.o
[ 43%] Building CXX object src/engine/keen/galaxy/common/CMakeFiles/engine_keen_galaxy_common.dir/dialog/CMessageBoxSelection.cpp.o
[ 44%] Building CXX object src/engine/core/menu/widgets/CMakeFiles/engine_core_menu_widgets.dir/Button.cpp.o
[ 44%] Building CXX object src/engine/core/menu/widgets/CMakeFiles/engine_core_menu_widgets.dir/ComboSelection.cpp.o
[ 44%] Building CXX object src/engine/core/menu/widgets/CMakeFiles/engine_core_menu_widgets.dir/InputText.cpp.o
[ 44%] Building CXX object src/fileio/CMakeFiles/fileio.dir/CExeFile.cpp.o
[ 44%] Building CXX object src/engine/core/mode/CMakeFiles/engine_core_mode.dir/CGamePlayMode.cpp.o
[ 44%] Building CXX object src/fileio/CMakeFiles/fileio.dir/CPatcher.cpp.o
[ 44%] Building CXX object src/fileio/CMakeFiles/fileio.dir/CPatcherUtils.cpp.o
[ 44%] Building CXX object src/engine/core/menu/widgets/CMakeFiles/engine_core_menu_widgets.dir/NumberControl.cpp.o
[ 44%] Building CXX object src/engine/core/mode/CMakeFiles/engine_core_mode.dir/CPlayGame.cpp.o
[ 45%] Building CXX object src/fileio/CMakeFiles/fileio.dir/crc.cpp.o
[ 45%] Linking CXX static library libengine_core_vgamepad.a
[ 45%] Building CXX object src/engine/keen/galaxy/res/CMakeFiles/engine_keen_galaxy_res.dir/CAudioGalaxy.cpp.o
[ 45%] Building CXX object src/engine/keen/galaxy/res/CMakeFiles/engine_keen_galaxy_res.dir/CEGAGraphicsGalaxy.cpp.o
[ 45%] Built target engine_core_vgamepad
[ 45%] Building CXX object src/engine/core/menu/widgets/CMakeFiles/engine_core_menu_widgets.dir/Switch.cpp.o
[ 45%] Building CXX object src/engine/refkeen/kdreams/CMakeFiles/refkeen_kdreams.dir/id_ca.cpp.o
[ 45%] Building CXX object src/engine/refkeen/kdreams/CMakeFiles/refkeen_kdreams.dir/id_in.cpp.o
[ 45%] Building CXX object src/engine/keen/galaxy/res/CMakeFiles/engine_keen_galaxy_res.dir/GraphicsIDs.cpp.o
[ 45%] Building CXX object src/engine/refkeen/kdreams/CMakeFiles/refkeen_kdreams.dir/id_mm.cpp.o
[ 45%] Building CXX object src/fileio/CMakeFiles/fileio.dir/CSaveGameController.cpp.o
[ 46%] Building CXX object src/engine/refkeen/kdreams/CMakeFiles/refkeen_kdreams.dir/id_rf_a.cpp.o
[ 46%] Building CXX object src/engine/refkeen/kdreams/CMakeFiles/refkeen_kdreams.dir/id_rf.cpp.o
[ 47%] Building CXX object src/engine/keen/galaxy/res/CMakeFiles/engine_keen_galaxy_res.dir/ItemsGalaxy.cpp.o
[ 47%] Building CXX object src/engine/refkeen/kdreams/CMakeFiles/refkeen_kdreams.dir/id_sd.cpp.o
[ 47%] Building CXX object src/fileio/CMakeFiles/fileio.dir/CTileLoader.cpp.o
[ 47%] Building CXX object src/engine/refkeen/kdreams/CMakeFiles/refkeen_kdreams.dir/id_us_a.cpp.o
[ 47%] Building CXX object src/fileio/CMakeFiles/fileio.dir/KeenFiles.cpp.o
[ 48%] Linking CXX static library libengine_keen_galaxy_common.a
[ 48%] Building CXX object src/fileio/CMakeFiles/fileio.dir/lz.cpp.o
[ 48%] Building CXX object src/engine/refkeen/kdreams/CMakeFiles/refkeen_kdreams.dir/id_us.cpp.o
[ 49%] Building CXX object src/engine/refkeen/kdreams/CMakeFiles/refkeen_kdreams.dir/id_vw_a.cpp.o
[ 49%] Built target engine_keen_galaxy_common
[ 49%] Building CXX object src/engine/refkeen/kdreams/CMakeFiles/refkeen_kdreams.dir/id_vw_ae.cpp.o
[ 49%] Building CXX object src/engine/refkeen/kdreams/CMakeFiles/refkeen_kdreams.dir/id_vw.cpp.o
[ 49%] Building CXX object src/engine/refkeen/kdreams/CMakeFiles/refkeen_kdreams.dir/kd_act1.cpp.o
[ 50%] Building CXX object src/engine/refkeen/kdreams/CMakeFiles/refkeen_kdreams.dir/kd_act2.cpp.o
[ 50%] Building CXX object src/engine/refkeen/kdreams/CMakeFiles/refkeen_kdreams.dir/kd_demo.cpp.o
[ 50%] Building CXX object src/engine/refkeen/kdreams/CMakeFiles/refkeen_kdreams.dir/kd_keen.cpp.o
[ 50%] Building CXX object src/engine/refkeen/kdreams/CMakeFiles/refkeen_kdreams.dir/kd_main.cpp.o
[ 50%] Building CXX object src/engine/refkeen/kdreams/CMakeFiles/refkeen_kdreams.dir/kd_play.cpp.o
[ 51%] Linking CXX static library libengine_core_mode.a
[ 51%] Built target engine_core_mode
[ 52%] Building CXX object src/engine/refkeen/kdreams/CMakeFiles/refkeen_kdreams.dir/statetype_ptr_conversion.cpp.o
[ 53%] Linking CXX static library libengine_core_menu_widgets.a
[ 53%] Building CXX object src/engine/refkeen/kdreams/CMakeFiles/refkeen_kdreams.dir/soft.cpp.o
[ 53%] Built target engine_core_menu_widgets
[ 53%] Building CXX object src/engine/core/menu/CMakeFiles/engine_core_menu.dir/AudioSettings.cpp.o
[ 53%] Building CXX object src/engine/refkeen/kdreams/CMakeFiles/refkeen_kdreams.dir/gelib.cpp.o
[ 53%] Building CXX object src/engine/refkeen/kdreams/CMakeFiles/refkeen_kdreams.dir/jam_io.cpp.o
[ 53%] Building CXX object src/engine/core/menu/CMakeFiles/engine_core_menu.dir/cheatsmenu.cpp.o
[ 54%] Building CXX object src/engine/refkeen/kdreams/CMakeFiles/refkeen_kdreams.dir/lscr/loadscn2.cpp.o
[ 54%] Building CXX object src/engine/refkeen/kdreams/CMakeFiles/refkeen_kdreams.dir/lzhuf.cpp.o
[ 55%] Building CXX object src/engine/core/menu/CMakeFiles/engine_core_menu.dir/ControlSettings.cpp.o
[ 55%] Building CXX object src/engine/core/menu/CMakeFiles/engine_core_menu.dir/CProfilesMenu.cpp.o
[ 55%] Building CXX object src/engine/core/menu/CMakeFiles/engine_core_menu.dir/GameSpecSettings.cpp.o
[ 55%] Building CXX object src/engine/core/menu/CMakeFiles/engine_core_menu.dir/CHelpMenu.cpp.o
[ 56%] Building CXX object src/engine/core/menu/CMakeFiles/engine_core_menu.dir/DisplaySettings.cpp.o
[ 56%] Building CXX object src/engine/core/menu/CMakeFiles/engine_core_menu.dir/GameMenu.cpp.o
[ 56%] Building CXX object src/engine/core/menu/CMakeFiles/engine_core_menu.dir/LoadMenu.cpp.o
[ 56%] Building CXX object src/engine/core/menu/CMakeFiles/engine_core_menu.dir/MainMenu.cpp.o
[ 56%] Building CXX object src/engine/core/menu/CMakeFiles/engine_core_menu.dir/QuitMenu.cpp.o
[ 57%] Building CXX object src/engine/core/menu/CMakeFiles/engine_core_menu.dir/Options.cpp.o
[ 57%] Building CXX object src/engine/core/menu/CMakeFiles/engine_core_menu.dir/SaveMenu.cpp.o
[ 57%] Linking CXX static library libengine_keen_galaxy_res.a
[ 57%] Building CXX object src/engine/core/menu/CMakeFiles/engine_core_menu.dir/selectionmenu.cpp.o
[ 58%] Linking CXX static library libfileio.a
[ 58%] Built target engine_keen_galaxy_res
[ 58%] Building CXX object src/engine/core/menu/CMakeFiles/engine_core_menu.dir/SettingsMenu.cpp.o
[ 58%] Building CXX object src/engine/keen/galaxy/ep4/CMakeFiles/engine_keen_galaxy_ep4.dir/CMapLoaderGalaxyEp4.cpp.o
[ 58%] Building CXX object src/engine/keen/galaxy/ep4/CMakeFiles/engine_keen_galaxy_ep4.dir/ai/CArachnut.cpp.o
[ 58%] Built target fileio
[ 59%] Building CXX object src/engine/core/menu/CMakeFiles/engine_core_menu.dir/OverlaySettings.cpp.o
[ 59%] Building CXX object src/engine/core/menu/CMakeFiles/engine_core_menu.dir/CameraSettings.cpp.o
[ 59%] Building CXX object src/engine/keen/galaxy/ep4/CMakeFiles/engine_keen_galaxy_ep4.dir/ai/CBerkeloid.cpp.o
[ 59%] Linking CXX static library librefkeen_kdreams.a
[ 59%] Built target refkeen_kdreams
[ 59%] Building CXX object src/engine/keen/galaxy/ep5/CMakeFiles/engine_keen_galaxy_ep5.dir/CMapLoaderGalaxyEp5.cpp.o
[ 59%] Building CXX object src/engine/keen/galaxy/ep5/CMakeFiles/engine_keen_galaxy_ep5.dir/ai/CAmpton.cpp.o
[ 60%] Building CXX object src/engine/keen/galaxy/ep5/CMakeFiles/engine_keen_galaxy_ep5.dir/ai/CFuse.cpp.o
[ 60%] Building CXX object src/engine/keen/galaxy/ep5/CMakeFiles/engine_keen_galaxy_ep5.dir/ai/CKorath.cpp.o
[ 61%] Building CXX object src/engine/keen/galaxy/ep4/CMakeFiles/engine_keen_galaxy_ep4.dir/ai/CBlueBird.cpp.o
[ 62%] Building CXX object src/engine/keen/galaxy/ep6/CMakeFiles/engine_keen_galaxy_ep6.dir/CMapLoaderGalaxyEp6.cpp.o
[ 62%] Building CXX object src/engine/keen/galaxy/ep5/CMakeFiles/engine_keen_galaxy_ep5.dir/ai/CMastersShot.cpp.o
[ 62%] Building CXX object src/engine/keen/galaxy/ep4/CMakeFiles/engine_keen_galaxy_ep4.dir/ai/CBounder.cpp.o
[ 62%] Building CXX object src/engine/refkeen/CMakeFiles/refkeen.dir/be_cross.cpp.o
[ 62%] Building CXX object src/engine/keen/galaxy/ep6/CMakeFiles/engine_keen_galaxy_ep6.dir/ai/CBabobba.cpp.o
[ 62%] Building CXX object src/engine/keen/galaxy/ep5/CMakeFiles/engine_keen_galaxy_ep5.dir/ai/CMastersSpark.cpp.o
[ 63%] Building C object src/engine/refkeen/CMakeFiles/refkeen.dir/be_cross_doszeroseg.c.o
[ 63%] Building CXX object src/engine/keen/galaxy/ep5/CMakeFiles/engine_keen_galaxy_ep5.dir/ai/CRedShot.cpp.o
[ 63%] Building CXX object src/engine/keen/galaxy/ep6/CMakeFiles/engine_keen_galaxy_ep6.dir/ai/CBip.cpp.o
[ 64%] Building CXX object src/engine/refkeen/CMakeFiles/refkeen.dir/be_cross_fs.cpp.o
[ 64%] Building CXX object src/engine/keen/galaxy/ep6/CMakeFiles/engine_keen_galaxy_ep6.dir/ai/CBipShip.cpp.o
[ 64%] Building CXX object src/engine/core/menu/CMakeFiles/engine_core_menu.dir/achievementmenu.cpp.o
[ 64%] Building CXX object src/engine/keen/galaxy/ep4/CMakeFiles/engine_keen_galaxy_ep4.dir/ai/CBubbles.cpp.o
[ 64%] Building CXX object src/engine/keen/galaxy/ep4/CMakeFiles/engine_keen_galaxy_ep4.dir/ai/CCouncilMember.cpp.o
[ 64%] Building CXX object src/engine/keen/galaxy/ep5/CMakeFiles/engine_keen_galaxy_ep5.dir/ai/CRoboRed.cpp.o
[ 64%] Building CXX object src/engine/keen/galaxy/ep4/CMakeFiles/engine_keen_galaxy_ep4.dir/ai/CDevilSprite.cpp.o
[ 64%] Building CXX object src/engine/refkeen/CMakeFiles/refkeen.dir/be_st_sdl.cpp.o
[ 64%] Building CXX object src/engine/keen/galaxy/ep6/CMakeFiles/engine_keen_galaxy_ep6.dir/ai/CBloog.cpp.o
[ 64%] Building CXX object src/engine/keen/galaxy/ep5/CMakeFiles/engine_keen_galaxy_ep5.dir/ai/CShelly.cpp.o
[ 64%] Building CXX object src/engine/keen/galaxy/ep5/CMakeFiles/engine_keen_galaxy_ep5.dir/ai/CShikadi.cpp.o
[ 64%] Building CXX object src/engine/keen/galaxy/ep5/CMakeFiles/engine_keen_galaxy_ep5.dir/ai/CShikadiMaster.cpp.o
[ 65%] Building CXX object src/engine/keen/galaxy/ep4/CMakeFiles/engine_keen_galaxy_ep4.dir/ai/CDiveSuit.cpp.o
[ 66%] Building CXX object src/engine/keen/galaxy/ep6/CMakeFiles/engine_keen_galaxy_ep6.dir/ai/CBlooglet.cpp.o
[ 66%] Building CXX object src/engine/refkeen/CMakeFiles/refkeen.dir/be_st_sdl_audio_timer.cpp.o
[ 66%] Building CXX object src/engine/keen/galaxy/ep4/CMakeFiles/engine_keen_galaxy_ep4.dir/ai/CDopeFish.cpp.o
[ 66%] Building CXX object src/engine/keen/galaxy/ep6/CMakeFiles/engine_keen_galaxy_ep6.dir/ai/CBlooguard.cpp.o
[ 66%] Linking CXX static library libengine_core_menu.a
[ 66%] Building CXX object src/engine/refkeen/CMakeFiles/refkeen.dir/be_st_sdl_graphics.cpp.o
[ 66%] Building CXX object src/engine/refkeen/CMakeFiles/refkeen.dir/be_textmode_fonts.cpp.o
[ 66%] Built target engine_core_menu
[ 66%] Building CXX object src/engine/keen/galaxy/ep6/CMakeFiles/engine_keen_galaxy_ep6.dir/ai/CBlorb.cpp.o
[ 67%] Building CXX object src/engine/keen/galaxy/ep5/CMakeFiles/engine_keen_galaxy_ep5.dir/ai/CShikadiMine.cpp.o
[ 67%] Building CXX object src/engine/keen/galaxy/ep5/CMakeFiles/engine_keen_galaxy_ep5.dir/ai/CShockshound.cpp.o
[ 67%] Building CXX object src/engine/core/CMakeFiles/engine_core.dir/ActionFormat.cpp.o
[ 67%] Building CXX object src/engine/keen/galaxy/ep4/CMakeFiles/engine_keen_galaxy_ep4.dir/ai/CEgg.cpp.o
[ 67%] Building CXX object src/engine/keen/galaxy/ep6/CMakeFiles/engine_keen_galaxy_ep6.dir/ai/CBobba.cpp.o
[ 67%] Building CXX object src/engine/core/CMakeFiles/engine_core.dir/CBehaviorEngine.cpp.o
[ 67%] Building CXX object src/engine/core/CMakeFiles/engine_core.dir/CCamera.cpp.o
[ 67%] Building CXX object src/engine/keen/galaxy/ep5/CMakeFiles/engine_keen_galaxy_ep5.dir/ai/CSlicestar.cpp.o
[ 68%] Building CXX object src/engine/keen/galaxy/ep6/CMakeFiles/engine_keen_galaxy_ep6.dir/ai/CCeilick.cpp.o
[ 69%] Building CXX object src/engine/core/CMakeFiles/engine_core.dir/CHUD.cpp.o
[ 69%] Building CXX object src/engine/keen/galaxy/ep6/CMakeFiles/engine_keen_galaxy_ep6.dir/ai/CFlect.cpp.o
[ 69%] Building CXX object src/engine/keen/galaxy/ep5/CMakeFiles/engine_keen_galaxy_ep5.dir/ai/CSparky.cpp.o
[ 69%] Building CXX object src/engine/core/CMakeFiles/engine_core.dir/CIntro.cpp.o
[ 69%] Building CXX object src/engine/keen/galaxy/ep6/CMakeFiles/engine_keen_galaxy_ep6.dir/ai/CFleex.cpp.o
[ 69%] Building CXX object src/engine/keen/galaxy/ep4/CMakeFiles/engine_keen_galaxy_ep4.dir/ai/CFoot.cpp.o
[ 70%] Linking CXX static library librefkeen.a
[ 70%] Built target refkeen
[ 70%] Building CXX object src/engine/keen/galaxy/ep5/CMakeFiles/engine_keen_galaxy_ep5.dir/ai/CSphereful.cpp.o
[ 70%] Building CXX object src/engine/keen/galaxy/ep4/CMakeFiles/engine_keen_galaxy_ep4.dir/ai/CInchWorm.cpp.o
[ 70%] Building CXX object src/engine/core/CMakeFiles/engine_core.dir/CMap.cpp.o
[ 71%] Building CXX object src/engine/keen/galaxy/ep5/CMakeFiles/engine_keen_galaxy_ep5.dir/ai/CSpindred.cpp.o
[ 71%] Building CXX object src/engine/keen/galaxy/ep6/CMakeFiles/engine_keen_galaxy_ep6.dir/ai/CGik.cpp.o
[ 71%] Building CXX object src/engine/keen/galaxy/ep6/CMakeFiles/engine_keen_galaxy_ep6.dir/ai/CGrabbiter.cpp.o
[ 71%] Building CXX object src/engine/core/CMakeFiles/engine_core.dir/CMessages.cpp.o
[ 72%] Building CXX object src/engine/keen/galaxy/ep4/CMakeFiles/engine_keen_galaxy_ep4.dir/ai/CLick.cpp.o
[ 73%] Building CXX object src/engine/keen/galaxy/ep6/CMakeFiles/engine_keen_galaxy_ep6.dir/ai/CMolly.cpp.o
[ 73%] Building CXX object src/engine/keen/galaxy/ep6/CMakeFiles/engine_keen_galaxy_ep6.dir/ai/CNospike.cpp.o
[ 73%] Building CXX object src/engine/keen/galaxy/ep5/CMakeFiles/engine_keen_galaxy_ep5.dir/ai/CSpirogrip.cpp.o
[ 73%] Building CXX object src/engine/keen/galaxy/ep4/CMakeFiles/engine_keen_galaxy_ep4.dir/ai/CLindsey.cpp.o
[ 73%] Building CXX object src/engine/core/CMakeFiles/engine_core.dir/CObjectCollision.cpp.o
[ 73%] Building CXX object src/engine/keen/galaxy/ep6/CMakeFiles/engine_keen_galaxy_ep6.dir/ai/COrbatrix.cpp.o
[ 73%] Building CXX object src/engine/keen/galaxy/ep6/CMakeFiles/engine_keen_galaxy_ep6.dir/ai/CRocket.cpp.o
[ 74%] Building CXX object src/engine/core/CMakeFiles/engine_core.dir/CPassive.cpp.o
[ 75%] Building CXX object src/engine/keen/galaxy/ep6/CMakeFiles/engine_keen_galaxy_ep6.dir/ai/CRope.cpp.o
[ 75%] Building CXX object src/engine/core/CMakeFiles/engine_core.dir/CPhysicsSettings.cpp.o
[ 75%] Building CXX object src/engine/keen/galaxy/ep5/CMakeFiles/engine_keen_galaxy_ep5.dir/ai/CVolteface.cpp.o
[ 75%] Building CXX object src/engine/keen/galaxy/ep4/CMakeFiles/engine_keen_galaxy_ep4.dir/ai/CMadMushroom.cpp.o
[ 75%] Building CXX object src/engine/core/CMakeFiles/engine_core.dir/CPlane.cpp.o
[ 75%] Building CXX object src/engine/keen/galaxy/ep6/CMakeFiles/engine_keen_galaxy_ep6.dir/ai/CSatelite.cpp.o
[ 75%] Building CXX object src/engine/core/CMakeFiles/engine_core.dir/CPlanes.cpp.o
[ 75%] Building CXX object src/engine/keen/galaxy/ep4/CMakeFiles/engine_keen_galaxy_ep4.dir/ai/CMimrock.cpp.o
[ 75%] Building CXX object src/engine/core/CMakeFiles/engine_core.dir/CResourceLoader.cpp.o
[ 76%] Building CXX object src/engine/keen/galaxy/ep4/CMakeFiles/engine_keen_galaxy_ep4.dir/ai/CMiragia.cpp.o
[ 76%] Building CXX object src/engine/keen/galaxy/ep6/CMakeFiles/engine_keen_galaxy_ep6.dir/ai/CSpecialItem.cpp.o
[ 77%] Building CXX object src/engine/core/CMakeFiles/engine_core.dir/CSettings.cpp.o
[ 77%] Building CXX object src/engine/keen/galaxy/ep4/CMakeFiles/engine_keen_galaxy_ep4.dir/ai/CPlayerDive.cpp.o
[ 77%] Building CXX object src/engine/core/CMakeFiles/engine_core.dir/CSpriteObject.cpp.o
[ 77%] Building CXX object src/engine/keen/galaxy/ep4/CMakeFiles/engine_keen_galaxy_ep4.dir/ai/CPoisonSlug.cpp.o
[ 77%] Building CXX object src/engine/keen/galaxy/ep4/CMakeFiles/engine_keen_galaxy_ep4.dir/ai/CSchoolFish.cpp.o
[ 77%] Building CXX object src/engine/core/CMakeFiles/engine_core.dir/GameEngine.cpp.o
[ 77%] Building CXX object src/engine/keen/galaxy/ep4/CMakeFiles/engine_keen_galaxy_ep4.dir/ai/CSkypest.cpp.o
[ 77%] Building CXX object src/engine/core/CMakeFiles/engine_core.dir/inventory.cpp.o
[ 78%] Building CXX object src/engine/core/CMakeFiles/engine_core.dir/textmode.cpp.o
[ 79%] Building CXX object src/engine/keen/galaxy/ep4/CMakeFiles/engine_keen_galaxy_ep4.dir/ai/CSlugSlime.cpp.o
[ 79%] Linking CXX static library libengine_keen_galaxy_ep5.a
[ 79%] Building CXX object src/engine/core/CMakeFiles/engine_core.dir/scrollingplane.cpp.o
[ 79%] Building CXX object src/engine/keen/galaxy/ep4/CMakeFiles/engine_keen_galaxy_ep4.dir/ai/CSmokePuff.cpp.o
[ 79%] Building CXX object src/engine/keen/galaxy/ep4/CMakeFiles/engine_keen_galaxy_ep4.dir/ai/CThunderCloud.cpp.o
[ 79%] Built target engine_keen_galaxy_ep5
[ 79%] Building CXX object src/engine/keen/galaxy/ep4/CMakeFiles/engine_keen_galaxy_ep4.dir/ai/CTreasureEater.cpp.o
[ 80%] Building CXX object src/engine/keen/galaxy/ep4/CMakeFiles/engine_keen_galaxy_ep4.dir/ai/CWaterMine.cpp.o
[ 80%] Building CXX object src/engine/keen/galaxy/ep4/CMakeFiles/engine_keen_galaxy_ep4.dir/ai/CWormmouth.cpp.o
[ 80%] Linking CXX static library libengine_keen_galaxy_ep6.a
[ 80%] Built target engine_keen_galaxy_ep6
[ 80%] Linking CXX static library libengine_core.a
[ 80%] Built target engine_core
[ 80%] Building CXX object src/engine/keen/CMakeFiles/engine_keen.dir/KeenEngine.cpp.o
[ 80%] Linking CXX static library libengine_keen_galaxy_ep4.a
[ 80%] Built target engine_keen_galaxy_ep4
[ 80%] Linking CXX static library libengine_keen.a
[ 80%] Built target engine_keen
[ 80%] Building CXX object src/engine/keen/galaxy/CMakeFiles/engine_keen_galaxy.dir/CLevelPlay.cpp.o
[ 81%] Building CXX object src/engine/keen/dreams/CMakeFiles/engine_keen_dreams.dir/dreamsdosintro.cpp.o
[ 81%] Building CXX object src/engine/keen/galaxy/CMakeFiles/engine_keen_galaxy.dir/CPlayGameGalaxy.cpp.o
[ 83%] Building CXX object src/engine/keen/galaxy/CMakeFiles/engine_keen_galaxy.dir/CMapPlayGalaxy.cpp.o
[ 83%] Building CXX object src/engine/keen/dreams/CMakeFiles/engine_keen_dreams.dir/dreamscontrolpanel.cpp.o
[ 83%] Building CXX object src/engine/keen/dreams/CMakeFiles/engine_keen_dreams.dir/dreamsengine.cpp.o
[ 83%] Building CXX object src/engine/keen/dreams/CMakeFiles/engine_keen_dreams.dir/dreamsintro.cpp.o
[ 83%] Building CXX object src/engine/keen/galaxy/CMakeFiles/engine_keen_galaxy.dir/CPassive.cpp.o
[ 83%] Building CXX object src/engine/keen/dreams/CMakeFiles/engine_keen_dreams.dir/dreamsgameplay.cpp.o
[ 83%] Building CXX object src/engine/keen/vorticon/CMakeFiles/engine_keen_vorticon.dir/CAbout.cpp.o
[ 83%] Building CXX object src/engine/keen/galaxy/CMakeFiles/engine_keen_galaxy.dir/GalaxyEngine.cpp.o
[ 84%] Building CXX object src/engine/keen/vorticon/CMakeFiles/engine_keen_vorticon.dir/CCredits.cpp.o
[ 84%] Building CXX object src/engine/keen/vorticon/CMakeFiles/engine_keen_vorticon.dir/CEGAGraphicsVort.cpp.o
[ 84%] Building CXX object src/engine/keen/vorticon/CMakeFiles/engine_keen_vorticon.dir/CAudioVorticon.cpp.o
[ 84%] Building CXX object src/engine/keen/vorticon/CMakeFiles/engine_keen_vorticon.dir/CEGALatch.cpp.o
[ 84%] Building CXX object src/engine/keen/vorticon/CMakeFiles/engine_keen_vorticon.dir/CEGASprit.cpp.o
[ 84%] Building CXX object src/engine/keen/vorticon/CMakeFiles/engine_keen_vorticon.dir/CHelp.cpp.o
[ 85%] Building CXX object src/engine/keen/vorticon/CMakeFiles/engine_keen_vorticon.dir/CHighScores.cpp.o
[ 85%] Building CXX object src/engine/keen/vorticon/CMakeFiles/engine_keen_vorticon.dir/CInfoScene.cpp.o
[ 85%] Building CXX object src/engine/keen/vorticon/CMakeFiles/engine_keen_vorticon.dir/COrderingInfo.cpp.o
[ 85%] Building CXX object src/engine/keen/vorticon/CMakeFiles/engine_keen_vorticon.dir/CPassiveVort.cpp.o
[ 86%] Building CXX object src/engine/keen/vorticon/CMakeFiles/engine_keen_vorticon.dir/CPlayerItems.cpp.o
[ 86%] Building CXX object src/engine/keen/vorticon/CMakeFiles/engine_keen_vorticon.dir/CPreviews.cpp.o
[ 86%] Building CXX object src/engine/keen/vorticon/CMakeFiles/engine_keen_vorticon.dir/CStatusScreen.cpp.o
[ 86%] Building CXX object src/engine/keen/vorticon/CMakeFiles/engine_keen_vorticon.dir/CStory.cpp.o
[ 86%] Building CXX object src/engine/keen/vorticon/CMakeFiles/engine_keen_vorticon.dir/CTitle.cpp.o
[ 87%] Building CXX object src/engine/keen/vorticon/CMakeFiles/engine_keen_vorticon.dir/CVorticonMapLoader.cpp.o
[ 87%] Building CXX object src/engine/keen/vorticon/CMakeFiles/engine_keen_vorticon.dir/CVorticonSpriteObject.cpp.o
[ 87%] Building CXX object src/engine/keen/vorticon/CMakeFiles/engine_keen_vorticon.dir/VorticonEngine.cpp.o
[ 87%] Building CXX object src/engine/keen/vorticon/CMakeFiles/engine_keen_vorticon.dir/ai/CAnkhShield.cpp.o
[ 88%] Building CXX object src/engine/keen/vorticon/CMakeFiles/engine_keen_vorticon.dir/ai/CAutoRay.cpp.o
[ 88%] Building CXX object src/engine/keen/vorticon/CMakeFiles/engine_keen_vorticon.dir/ai/CBallJack.cpp.o
[ 88%] Building CXX object src/engine/keen/vorticon/CMakeFiles/engine_keen_vorticon.dir/ai/CBridges.cpp.o
[ 88%] Building CXX object src/engine/keen/vorticon/CMakeFiles/engine_keen_vorticon.dir/ai/CButler.cpp.o
[ 88%] Building CXX object src/engine/keen/vorticon/CMakeFiles/engine_keen_vorticon.dir/ai/CCarrier.cpp.o
[ 89%] Building CXX object src/engine/keen/vorticon/CMakeFiles/engine_keen_vorticon.dir/ai/CDoor.cpp.o
[ 89%] Building CXX object src/engine/keen/vorticon/CMakeFiles/engine_keen_vorticon.dir/ai/CEarthChunk.cpp.o
[ 89%] Linking CXX static library libengine_keen_dreams.a
[ 89%] Building CXX object src/engine/keen/vorticon/CMakeFiles/engine_keen_vorticon.dir/ai/CEarthExplosion.cpp.o
[ 89%] Built target engine_keen_dreams
[ 89%] Building CXX object src/engine/keen/vorticon/CMakeFiles/engine_keen_vorticon.dir/ai/CEGABitmap.cpp.o
[ 89%] Building CXX object src/engine/keen/vorticon/CMakeFiles/engine_keen_vorticon.dir/ai/CFireBall.cpp.o
[ 90%] Building CXX object src/engine/keen/vorticon/CMakeFiles/engine_keen_vorticon.dir/ai/CFoob.cpp.o
[ 90%] Building CXX object src/engine/keen/vorticon/CMakeFiles/engine_keen_vorticon.dir/ai/CGarg.cpp.o
[ 90%] Linking CXX static library libengine_keen_galaxy.a
[ 90%] Built target engine_keen_galaxy
[ 90%] Building CXX object src/engine/keen/vorticon/CMakeFiles/engine_keen_vorticon.dir/ai/CGuardRobot.cpp.o
[ 90%] Building CXX object src/engine/keen/vorticon/CMakeFiles/engine_keen_vorticon.dir/ai/CIceCannon.cpp.o
[ 91%] Building CXX object src/engine/keen/vorticon/CMakeFiles/engine_keen_vorticon.dir/ai/CManglingMachine.cpp.o
[ 91%] Building CXX object src/engine/keen/vorticon/CMakeFiles/engine_keen_vorticon.dir/ai/CMeep.cpp.o
[ 91%] Building CXX object src/engine/keen/vorticon/CMakeFiles/engine_keen_vorticon.dir/ai/CMessie.cpp.o
[ 91%] Building CXX object src/engine/keen/vorticon/CMakeFiles/engine_keen_vorticon.dir/ai/CPlatform.cpp.o
[ 91%] Building CXX object src/engine/keen/vorticon/CMakeFiles/engine_keen_vorticon.dir/ai/CPlatformVert.cpp.o
[ 92%] Building CXX object src/engine/keen/vorticon/CMakeFiles/engine_keen_vorticon.dir/ai/CPlayer.cpp.o
[ 92%] Building CXX object src/engine/keen/vorticon/CMakeFiles/engine_keen_vorticon.dir/ai/CPlayerLevel.cpp.o
[ 92%] Building CXX object src/engine/keen/vorticon/CMakeFiles/engine_keen_vorticon.dir/ai/CPlayerWM.cpp.o
[ 92%] Building CXX object src/engine/keen/vorticon/CMakeFiles/engine_keen_vorticon.dir/ai/CRay.cpp.o
[ 93%] Building CXX object src/engine/keen/vorticon/CMakeFiles/engine_keen_vorticon.dir/ai/CRisingPoints.cpp.o
[ 93%] Building CXX object src/engine/keen/vorticon/CMakeFiles/engine_keen_vorticon.dir/ai/CRope.cpp.o
[ 93%] Building CXX object src/engine/keen/vorticon/CMakeFiles/engine_keen_vorticon.dir/ai/CScrub.cpp.o
[ 93%] Building CXX object src/engine/keen/vorticon/CMakeFiles/engine_keen_vorticon.dir/ai/CSpark.cpp.o
[ 93%] Building CXX object src/engine/keen/vorticon/CMakeFiles/engine_keen_vorticon.dir/ai/CSoundWave.cpp.o
[ 94%] Building CXX object src/engine/keen/vorticon/CMakeFiles/engine_keen_vorticon.dir/ai/CTank.cpp.o
[ 94%] Building CXX object src/engine/keen/vorticon/CMakeFiles/engine_keen_vorticon.dir/ai/CTeleporter.cpp.o
[ 94%] Building CXX object src/engine/keen/vorticon/CMakeFiles/engine_keen_vorticon.dir/ai/CVorticon.cpp.o
[ 94%] Building CXX object src/engine/keen/vorticon/CMakeFiles/engine_keen_vorticon.dir/ai/CVorticonElite.cpp.o
[ 95%] Building CXX object src/engine/keen/vorticon/CMakeFiles/engine_keen_vorticon.dir/ai/CVorticonSpriteObjectAI.cpp.o
[ 95%] Building CXX object src/engine/keen/vorticon/CMakeFiles/engine_keen_vorticon.dir/ai/CVortikid.cpp.o
[ 95%] Building CXX object src/engine/keen/vorticon/CMakeFiles/engine_keen_vorticon.dir/ai/CVortiMom.cpp.o
[ 95%] Building CXX object src/engine/keen/vorticon/CMakeFiles/engine_keen_vorticon.dir/ai/CVortiNinja.cpp.o
[ 95%] Building CXX object src/engine/keen/vorticon/CMakeFiles/engine_keen_vorticon.dir/ai/CYorp.cpp.o
[ 96%] Building CXX object src/engine/keen/vorticon/CMakeFiles/engine_keen_vorticon.dir/dialog/CMessageBoxVort.cpp.o
[ 96%] Building CXX object src/engine/keen/vorticon/CMakeFiles/engine_keen_vorticon.dir/finale/CEndingEp1.cpp.o
[ 96%] Building CXX object src/engine/keen/vorticon/CMakeFiles/engine_keen_vorticon.dir/finale/CEndingEp2.cpp.o
[ 96%] Building CXX object src/engine/keen/vorticon/CMakeFiles/engine_keen_vorticon.dir/finale/CEndingEp3.cpp.o
[ 96%] Building CXX object src/engine/keen/vorticon/CMakeFiles/engine_keen_vorticon.dir/finale/CFinale.cpp.o
[ 97%] Building CXX object src/engine/keen/vorticon/CMakeFiles/engine_keen_vorticon.dir/finale/CFinaleStaticScene.cpp.o
[ 97%] Building CXX object src/engine/keen/vorticon/CMakeFiles/engine_keen_vorticon.dir/finale/CShipFlySys.cpp.o
[ 97%] Building CXX object src/engine/keen/vorticon/CMakeFiles/engine_keen_vorticon.dir/finale/CTantalusRay.cpp.o
[ 97%] Building CXX object src/engine/keen/vorticon/CMakeFiles/engine_keen_vorticon.dir/finale/finale.cpp.o
[ 98%] Building CXX object src/engine/keen/vorticon/CMakeFiles/engine_keen_vorticon.dir/playgame/CPlayGameDialogs.cpp.o
[ 98%] Building CXX object src/engine/keen/vorticon/CMakeFiles/engine_keen_vorticon.dir/playgame/CPlayGameGameState.cpp.o
[ 98%] Building CXX object src/engine/keen/vorticon/CMakeFiles/engine_keen_vorticon.dir/playgame/CPlayGameLevel.cpp.o
[ 98%] Building CXX object src/engine/keen/vorticon/CMakeFiles/engine_keen_vorticon.dir/playgame/CPlayGameVorticon.cpp.o
[ 98%] Building CXX object src/engine/keen/vorticon/CMakeFiles/engine_keen_vorticon.dir/playgame/CPlayGameWorldMap.cpp.o
[ 99%] Linking CXX static library libengine_keen_vorticon.a
[ 99%] Built target engine_keen_vorticon
[ 99%] Building CXX object src/engine/CMakeFiles/engine.dir/gameselector.cpp.o
[ 99%] Building CXX object src/engine/CMakeFiles/engine.dir/CGameLauncher.cpp.o
[ 99%] Building CXX object src/engine/CMakeFiles/engine.dir/gamedownloader.cpp.o
[ 99%] Building CXX object src/engine/CMakeFiles/engine.dir/downloadgui.cpp.o
[100%] Linking CXX static library libengine.a
[100%] Built target engine
[100%] Building CXX object src/CMakeFiles/CGeniusExe.dir/CGenius.cpp.o
[100%] Building CXX object src/CMakeFiles/CGeniusExe.dir/misc.cpp.o
[100%] Linking CXX executable CGeniusExe
/usr/src/debug/commander-genius-git/Commander-Genius/src/engine/refkeen/kdreams/../be_st.h:72:6: warning: type of ‘BE_ST_SetTimer’ does not match original declaration [-Wlto-type-mismatch]
/usr/src/debug/commander-genius-git/Commander-Genius/src/engine/refkeen/be_st_sdl_audio_timer.cpp:755:6: note: type mismatch in parameter 2
/usr/src/debug/commander-genius-git/Commander-Genius/src/engine/refkeen/be_st_sdl_audio_timer.cpp:755:6: note: type ‘int’ should match type ‘bool’
/usr/src/debug/commander-genius-git/Commander-Genius/src/engine/refkeen/be_st_sdl_audio_timer.cpp:755:6: note: ‘BE_ST_SetTimer’ was previously declared here
/usr/src/debug/commander-genius-git/Commander-Genius/src/engine/refkeen/be_st_sdl_audio_timer.cpp:755:6: note: code may be misoptimized unless ‘-fno-strict-aliasing’ is used
[100%] Built target CGeniusExe
make: Leaving directory '/build/commander-genius-git/src/Commander-Genius-build'
