-- Install configuration: "None"
-- Installing: /build/cpr/pkg/cpr/usr/lib/libcpr.so.1.14.1
-- Installing: /build/cpr/pkg/cpr/usr/lib/libcpr.so.1
-- Installing: /build/cpr/pkg/cpr/usr/lib/libcpr.so
-- Installing: /build/cpr/pkg/cpr/usr/lib/cmake/cpr/cprConfig.cmake
-- Installing: /build/cpr/pkg/cpr/usr/lib/cmake/cpr/cprConfigVersion.cmake
-- Installing: /build/cpr/pkg/cpr/usr/lib/cmake/cpr/cprTargets.cmake
-- Installing: /build/cpr/pkg/cpr/usr/lib/cmake/cpr/cprTargets-none.cmake
-- Installing: /build/cpr/pkg/cpr/usr/include/cpr
-- Installing: /build/cpr/pkg/cpr/usr/include/cpr/callback.h
-- Installing: /build/cpr/pkg/cpr/usr/include/cpr/unix_socket.h
-- Installing: /build/cpr/pkg/cpr/usr/include/cpr/http_version.h
-- Installing: /build/cpr/pkg/cpr/usr/include/cpr/local_port.h
-- Installing: /build/cpr/pkg/cpr/usr/include/cpr/multiperform.h
-- Installing: /build/cpr/pkg/cpr/usr/include/cpr/connection_pool.h
-- Installing: /build/cpr/pkg/cpr/usr/include/cpr/ssl_options.h
-- Installing: /build/cpr/pkg/cpr/usr/include/cpr/body.h
-- Installing: /build/cpr/pkg/cpr/usr/include/cpr/cpr.h
-- Installing: /build/cpr/pkg/cpr/usr/include/cpr/curl_container.h
-- Installing: /build/cpr/pkg/cpr/usr/include/cpr/response.h
-- Installing: /build/cpr/pkg/cpr/usr/include/cpr/ssl_ctx.h
-- Installing: /build/cpr/pkg/cpr/usr/include/cpr/accept_encoding.h
-- Installing: /build/cpr/pkg/cpr/usr/include/cpr/bearer.h
-- Installing: /build/cpr/pkg/cpr/usr/include/cpr/low_speed.h
-- Installing: /build/cpr/pkg/cpr/usr/include/cpr/session.h
-- Installing: /build/cpr/pkg/cpr/usr/include/cpr/parameters.h
-- Installing: /build/cpr/pkg/cpr/usr/include/cpr/cookies.h
-- Installing: /build/cpr/pkg/cpr/usr/include/cpr/interface.h
-- Installing: /build/cpr/pkg/cpr/usr/include/cpr/payload.h
-- Installing: /build/cpr/pkg/cpr/usr/include/cpr/filesystem.h
-- Installing: /build/cpr/pkg/cpr/usr/include/cpr/curlholder.h
-- Installing: /build/cpr/pkg/cpr/usr/include/cpr/error.h
-- Installing: /build/cpr/pkg/cpr/usr/include/cpr/proxies.h
-- Installing: /build/cpr/pkg/cpr/usr/include/cpr/sse.h
-- Installing: /build/cpr/pkg/cpr/usr/include/cpr/curlmultiholder.h
-- Installing: /build/cpr/pkg/cpr/usr/include/cpr/resolve.h
-- Installing: /build/cpr/pkg/cpr/usr/include/cpr/verbose.h
-- Installing: /build/cpr/pkg/cpr/usr/include/cpr/util.h
-- Installing: /build/cpr/pkg/cpr/usr/include/cpr/singleton.h
-- Installing: /build/cpr/pkg/cpr/usr/include/cpr/auth.h
-- Installing: /build/cpr/pkg/cpr/usr/include/cpr/threadpool.h
-- Installing: /build/cpr/pkg/cpr/usr/include/cpr/async_wrapper.h
-- Installing: /build/cpr/pkg/cpr/usr/include/cpr/api.h
-- Installing: /build/cpr/pkg/cpr/usr/include/cpr/limit_rate.h
-- Installing: /build/cpr/pkg/cpr/usr/include/cpr/connect_timeout.h
-- Installing: /build/cpr/pkg/cpr/usr/include/cpr/interceptor.h
-- Installing: /build/cpr/pkg/cpr/usr/include/cpr/range.h
-- Installing: /build/cpr/pkg/cpr/usr/include/cpr/body_view.h
-- Installing: /build/cpr/pkg/cpr/usr/include/cpr/timeout.h
-- Installing: /build/cpr/pkg/cpr/usr/include/cpr/local_port_range.h
-- Installing: /build/cpr/pkg/cpr/usr/include/cpr/buffer.h
-- Installing: /build/cpr/pkg/cpr/usr/include/cpr/proxyauth.h
-- Installing: /build/cpr/pkg/cpr/usr/include/cpr/user_agent.h
-- Installing: /build/cpr/pkg/cpr/usr/include/cpr/cprtypes.h
-- Installing: /build/cpr/pkg/cpr/usr/include/cpr/reserve_size.h
-- Installing: /build/cpr/pkg/cpr/usr/include/cpr/secure_string.h
-- Installing: /build/cpr/pkg/cpr/usr/include/cpr/status_codes.h
-- Installing: /build/cpr/pkg/cpr/usr/include/cpr/redirect.h
-- Installing: /build/cpr/pkg/cpr/usr/include/cpr/multipart.h
-- Installing: /build/cpr/pkg/cpr/usr/include/cpr/cert_info.h
-- Installing: /build/cpr/pkg/cpr/usr/include/cpr/async.h
-- Installing: /build/cpr/pkg/cpr/usr/include/cpr/file.h
-- Up-to-date: /build/cpr/pkg/cpr/usr/include/cpr
-- Installing: /build/cpr/pkg/cpr/usr/include/cpr/cprver.h
