-- The CXX compiler identification is GNU 15.2.1
-- Detecting CXX compiler ABI info
-- Detecting CXX compiler ABI info - done
-- Check for working CXX compiler: /usr/bin/c++ - skipped
-- Detecting CXX compile features
-- Detecting CXX compile features - done
-- CXX standard: 17
-- C++ Requests CMake Options
-- =======================================================
--   CPR_GENERATE_COVERAGE: OFF
--   CPR_CURL_NOSIGNAL: OFF
--   CURL_VERBOSE_LOGGING: OFF
--   CPR_USE_SYSTEM_GTEST: ON
--   CPR_USE_SYSTEM_CURL: ON
--   CPR_USE_EXISTING_CURL_TARGET: OFF
--   CPR_CURL_USE_LIBPSL: ON
--   CPR_USE_SYSTEM_LIB_PSL: ON
--   CPR_ENABLE_CURL_HTTP_ONLY: ON
--   CPR_ENABLE_SSL: ON
--   CPR_FORCE_OPENSSL_BACKEND: OFF
--   CPR_FORCE_WINSSL_BACKEND: OFF
--   CPR_FORCE_DARWINSSL_BACKEND: OFF
--   CPR_FORCE_MBEDTLS_BACKEND: OFF
--   CPR_ENABLE_LINTING: OFF
--   CPR_ENABLE_CPPCHECK: OFF
--   CPR_BUILD_TESTS: ON
--   CPR_BUILD_TESTS_SSL: ON
--   CPR_BUILD_TESTS_PROXY: OFF
--   CPR_BUILD_VERSION_OUTPUT_ONLY: OFF
--   CPR_SKIP_CA_BUNDLE_SEARCH: OFF
--   CPR_USE_BOOST_FILESYSTEM: OFF
--   CPR_DEBUG_SANITIZER_FLAG_THREAD: OFF
--   CPR_DEBUG_SANITIZER_FLAG_ADDR: OFF
--   CPR_DEBUG_SANITIZER_FLAG_LEAK: OFF
--   CPR_DEBUG_SANITIZER_FLAG_UB: OFF
--   CPR_DEBUG_SANITIZER_FLAG_ALL: OFF
-- =======================================================
-- Automatically detecting SSL backend.
-- Detecting SSL backend...
-- Found OpenSSL: /usr/lib/libcrypto.so (found version "3.6.0")
-- SSL auto detect: Using OpenSSL.
-- Found CURL: /usr/lib/libcurl.so (found version "8.17.0") found components: HTTP HTTPS
-- Curl 8.17.0 found on this system.
-- Found GTest: /usr/lib/cmake/GTest/GTestConfig.cmake (found version "1.17.0")
-- Building mongoose project for test support.
-- Installing: /build/cpr/src/build/_deps/mongoose-src/mongoose.CMakeLists.txt
-- The C compiler identification is GNU 15.2.1
-- Detecting C compiler ABI info
-- Detecting C compiler ABI info - done
-- Check for working C compiler: /usr/bin/cc - skipped
-- Detecting C compile features
-- Detecting C compile features - done
-- Found Threads: TRUE
-- Installing: /build/cpr/src/build/test/data/data
-- Installing: /build/cpr/src/build/test/data/data/test_file.txt
-- Installing: /build/cpr/src/build/test/data/data/certificates
-- Installing: /build/cpr/src/build/test/data/data/certificates/sub-ca.crt
-- Installing: /build/cpr/src/build/test/data/data/certificates/client.crt
-- Installing: /build/cpr/src/build/test/data/data/certificates/ca-bundle.crt
-- Installing: /build/cpr/src/build/test/data/data/certificates/server.crt
-- Installing: /build/cpr/src/build/test/data/data/certificates/root-ca.crt
-- Installing: /build/cpr/src/build/test/data/data/test_file_hello_äüöp_2585.txt
-- Installing: /build/cpr/src/build/test/data/data/generate-certificates.sh
-- Installing: /build/cpr/src/build/test/data/data/client.cnf
-- Installing: /build/cpr/src/build/test/data/data/test_file_hello_äüöp_2585_你好.txt
-- Installing: /build/cpr/src/build/test/data/data/keys
-- Installing: /build/cpr/src/build/test/data/data/keys/root-ca.key
-- Installing: /build/cpr/src/build/test/data/data/keys/sub-ca.key
-- Installing: /build/cpr/src/build/test/data/data/keys/client.key
-- Installing: /build/cpr/src/build/test/data/data/keys/server.pub
-- Installing: /build/cpr/src/build/test/data/data/keys/server.key
-- Installing: /build/cpr/src/build/test/data/data/root-ca.cnf
-- Installing: /build/cpr/src/build/test/data/data/server.cnf
-- Installing: /build/cpr/src/build/test/data/data/sub-ca.cnf
-- Configuring done (3.1s)
-- Generating done (0.1s)
-- Build files have been written to: /build/cpr/src/build
[  1%] Building C object _deps/mongoose-build/CMakeFiles/mongoose.dir/mongoose.c.o
[  2%] Building CXX object cpr/CMakeFiles/cpr.dir/async.cpp.o
[  3%] Building CXX object cpr/CMakeFiles/cpr.dir/connection_pool.cpp.o
[  4%] Building CXX object cpr/CMakeFiles/cpr.dir/cert_info.cpp.o
[  7%] Building CXX object cpr/CMakeFiles/cpr.dir/accept_encoding.cpp.o
[  7%] Building CXX object cpr/CMakeFiles/cpr.dir/cookies.cpp.o
[  7%] Building CXX object cpr/CMakeFiles/cpr.dir/auth.cpp.o
[  9%] Building CXX object cpr/CMakeFiles/cpr.dir/cprtypes.cpp.o
[  9%] Building CXX object cpr/CMakeFiles/cpr.dir/callback.cpp.o
[ 11%] Building CXX object cpr/CMakeFiles/cpr.dir/curlholder.cpp.o
[ 11%] Building CXX object cpr/CMakeFiles/cpr.dir/curl_container.cpp.o
[ 12%] Building CXX object cpr/CMakeFiles/cpr.dir/error.cpp.o
[ 13%] Building CXX object cpr/CMakeFiles/cpr.dir/file.cpp.o
[ 14%] Building CXX object cpr/CMakeFiles/cpr.dir/parameters.cpp.o
[ 15%] Building CXX object cpr/CMakeFiles/cpr.dir/payload.cpp.o
[ 17%] Building CXX object cpr/CMakeFiles/cpr.dir/proxies.cpp.o
[ 17%] Building CXX object cpr/CMakeFiles/cpr.dir/multipart.cpp.o
[ 18%] Building CXX object cpr/CMakeFiles/cpr.dir/proxyauth.cpp.o
[ 19%] Building CXX object cpr/CMakeFiles/cpr.dir/session.cpp.o
[ 20%] Building CXX object cpr/CMakeFiles/cpr.dir/sse.cpp.o
[ 21%] Building CXX object cpr/CMakeFiles/cpr.dir/threadpool.cpp.o
[ 22%] Building CXX object cpr/CMakeFiles/cpr.dir/timeout.cpp.o
[ 23%] Building CXX object cpr/CMakeFiles/cpr.dir/unix_socket.cpp.o
[ 24%] Building CXX object cpr/CMakeFiles/cpr.dir/util.cpp.o
[ 25%] Building CXX object cpr/CMakeFiles/cpr.dir/response.cpp.o
[ 26%] Building CXX object cpr/CMakeFiles/cpr.dir/redirect.cpp.o
[ 27%] Building CXX object cpr/CMakeFiles/cpr.dir/interceptor.cpp.o
[ 28%] Building CXX object cpr/CMakeFiles/cpr.dir/ssl_ctx.cpp.o
[ 29%] Linking C static library ../../lib/libmongoose.a
[ 30%] Building CXX object cpr/CMakeFiles/cpr.dir/curlmultiholder.cpp.o
[ 31%] Building CXX object cpr/CMakeFiles/cpr.dir/multiperform.cpp.o
[ 31%] Built target mongoose
[ 32%] Linking CXX shared library ../lib/libcpr.so
[ 32%] Built target cpr
[ 34%] Building CXX object test/CMakeFiles/test_server.dir/httpServer.cpp.o
[ 34%] Building CXX object test/CMakeFiles/test_server.dir/abstractServer.cpp.o
[ 35%] Building CXX object test/CMakeFiles/test_server.dir/httpsServer.cpp.o
[ 36%] Building CXX object test/CMakeFiles/test_server.dir/testUtils.cpp.o
[ 37%] Linking CXX static library ../lib/libtest_server.a
[ 37%] Built target test_server
[ 39%] Building CXX object test/CMakeFiles/post_tests.dir/post_tests.cpp.o
[ 39%] Building CXX object test/CMakeFiles/put_tests.dir/put_tests.cpp.o
[ 40%] Building CXX object test/CMakeFiles/prepare_tests.dir/prepare_tests.cpp.o
[ 41%] Building CXX object test/CMakeFiles/util_tests.dir/util_tests.cpp.o
[ 43%] Building CXX object test/CMakeFiles/head_tests.dir/head_tests.cpp.o
[ 43%] Building CXX object test/CMakeFiles/delete_tests.dir/delete_tests.cpp.o
[ 45%] Building CXX object test/CMakeFiles/async_tests.dir/async_tests.cpp.o
[ 46%] Building CXX object test/CMakeFiles/get_tests.dir/get_tests.cpp.o
[ 46%] Building CXX object test/CMakeFiles/encoded_auth_tests.dir/encoded_auth_tests.cpp.o
[ 48%] Building CXX object test/CMakeFiles/callback_tests.dir/callback_tests.cpp.o
[ 48%] Building CXX object test/CMakeFiles/patch_tests.dir/patch_tests.cpp.o
[ 51%] Building CXX object test/CMakeFiles/version_tests.dir/version_tests.cpp.o
[ 51%] Building CXX object test/CMakeFiles/session_tests.dir/session_tests.cpp.o
[ 51%] Building CXX object test/CMakeFiles/error_tests.dir/error_tests.cpp.o
[ 52%] Building CXX object test/CMakeFiles/alternating_tests.dir/alternating_tests.cpp.o
[ 53%] Building CXX object test/CMakeFiles/structures_tests.dir/structures_tests.cpp.o
[ 54%] Building CXX object test/CMakeFiles/options_tests.dir/options_tests.cpp.o
[ 56%] Building CXX object test/CMakeFiles/interceptor_tests.dir/interceptor_tests.cpp.o
[ 56%] Building CXX object test/CMakeFiles/download_tests.dir/download_tests.cpp.o
[ 57%] Building CXX object test/CMakeFiles/raw_body_tests.dir/raw_body_tests.cpp.o
[ 58%] Linking CXX executable ../bin/structures_tests
[ 59%] Linking CXX executable ../bin/util_tests
[ 60%] Linking CXX executable ../bin/encoded_auth_tests
[ 61%] Linking CXX executable ../bin/version_tests
[ 62%] Linking CXX executable ../bin/error_tests
[ 62%] Built target encoded_auth_tests
[ 62%] Built target version_tests
[ 62%] Built target structures_tests
[ 63%] Building CXX object test/CMakeFiles/interceptor_multi_tests.dir/interceptor_multi_tests.cpp.o
[ 64%] Building CXX object test/CMakeFiles/multiperform_tests.dir/multiperform_tests.cpp.o
[ 65%] Linking CXX executable ../bin/raw_body_tests
[ 66%] Building CXX object test/CMakeFiles/resolve_tests.dir/resolve_tests.cpp.o
[ 67%] Linking CXX executable ../bin/alternating_tests
[ 68%] Linking CXX executable ../bin/download_tests
[ 69%] Linking CXX executable ../bin/prepare_tests
[ 70%] Linking CXX executable ../bin/async_tests
[ 71%] Linking CXX executable ../bin/options_tests
[ 72%] Linking CXX executable ../bin/head_tests
[ 73%] Linking CXX executable ../bin/interceptor_tests
[ 74%] Linking CXX executable ../bin/delete_tests
[ 74%] Built target util_tests
[ 75%] Linking CXX executable ../bin/patch_tests
[ 76%] Linking CXX executable ../bin/put_tests
[ 77%] Linking CXX executable ../bin/post_tests
[ 78%] Linking CXX executable ../bin/resolve_tests
[ 79%] Linking CXX executable ../bin/get_tests
[ 80%] Linking CXX executable ../bin/session_tests
[ 81%] Linking CXX executable ../bin/interceptor_multi_tests
[ 81%] Built target prepare_tests
[ 82%] Linking CXX executable ../bin/multiperform_tests
[ 83%] Building CXX object test/CMakeFiles/multiasync_tests.dir/multiasync_tests.cpp.o
[ 83%] Built target error_tests
[ 84%] Building CXX object test/CMakeFiles/file_upload_tests.dir/file_upload_tests.cpp.o
[ 84%] Built target alternating_tests
[ 85%] Building CXX object test/CMakeFiles/singleton_tests.dir/singleton_tests.cpp.o
[ 85%] Built target download_tests
[ 85%] Built target raw_body_tests
[ 86%] Building CXX object test/CMakeFiles/threadpool_tests.dir/threadpool_tests.cpp.o
[ 86%] Built target options_tests
[ 86%] Built target resolve_tests
[ 87%] Building CXX object test/CMakeFiles/testUtils_tests.dir/testUtils_tests.cpp.o
[ 87%] Built target interceptor_tests
[ 88%] Linking CXX executable ../bin/callback_tests
[ 88%] Built target async_tests
[ 89%] Building CXX object test/CMakeFiles/connection_pool_tests.dir/connection_pool_tests.cpp.o
[ 90%] Linking CXX executable ../bin/testUtils_tests
[ 91%] Linking CXX executable ../bin/singleton_tests
[ 92%] Linking CXX executable ../bin/threadpool_tests
[ 92%] Built target testUtils_tests
[ 92%] Built target singleton_tests
[ 93%] Linking CXX executable ../bin/file_upload_tests
[ 93%] Built target put_tests
[ 94%] Building CXX object test/CMakeFiles/sse_tests.dir/sse_tests.cpp.o
[ 94%] Built target delete_tests
[ 94%] Built target head_tests
[ 94%] Built target patch_tests
[ 95%] Building CXX object test/CMakeFiles/ssl_tests.dir/ssl_tests.cpp.o
[ 95%] Built target interceptor_multi_tests
[ 95%] Built target threadpool_tests
[ 96%] Linking CXX executable ../bin/multiasync_tests
[ 97%] Linking CXX executable ../bin/connection_pool_tests
[ 97%] Built target post_tests
[ 97%] Built target multiperform_tests
[ 98%] Linking CXX executable ../bin/sse_tests
[100%] Linking CXX executable ../bin/ssl_tests
[100%] Built target file_upload_tests
[100%] Built target callback_tests
[100%] Built target get_tests
[100%] Built target connection_pool_tests
[100%] Built target session_tests
[100%] Built target multiasync_tests
[100%] Built target sse_tests
[100%] Built target ssl_tests
