-- Install configuration: "None"
-- Installing: /build/cpr-git/pkg/cpr-git/usr/include
-- Installing: /build/cpr-git/pkg/cpr-git/usr/include/gmock
-- Installing: /build/cpr-git/pkg/cpr-git/usr/include/gmock/gmock-matchers.h
-- Installing: /build/cpr-git/pkg/cpr-git/usr/include/gmock/gmock-actions.h
-- Installing: /build/cpr-git/pkg/cpr-git/usr/include/gmock/internal
-- Installing: /build/cpr-git/pkg/cpr-git/usr/include/gmock/internal/custom
-- Installing: /build/cpr-git/pkg/cpr-git/usr/include/gmock/internal/custom/gmock-matchers.h
-- Installing: /build/cpr-git/pkg/cpr-git/usr/include/gmock/internal/custom/gmock-generated-actions.h
-- Installing: /build/cpr-git/pkg/cpr-git/usr/include/gmock/internal/custom/gmock-port.h
-- Installing: /build/cpr-git/pkg/cpr-git/usr/include/gmock/internal/custom/README.md
-- Installing: /build/cpr-git/pkg/cpr-git/usr/include/gmock/internal/gmock-port.h
-- Installing: /build/cpr-git/pkg/cpr-git/usr/include/gmock/internal/gmock-internal-utils.h
-- Installing: /build/cpr-git/pkg/cpr-git/usr/include/gmock/internal/gmock-pp.h
-- Installing: /build/cpr-git/pkg/cpr-git/usr/include/gmock/gmock-cardinalities.h
-- Installing: /build/cpr-git/pkg/cpr-git/usr/include/gmock/gmock.h
-- Installing: /build/cpr-git/pkg/cpr-git/usr/include/gmock/gmock-function-mocker.h
-- Installing: /build/cpr-git/pkg/cpr-git/usr/include/gmock/gmock-nice-strict.h
-- Installing: /build/cpr-git/pkg/cpr-git/usr/include/gmock/gmock-more-matchers.h
-- Installing: /build/cpr-git/pkg/cpr-git/usr/include/gmock/gmock-more-actions.h
-- Installing: /build/cpr-git/pkg/cpr-git/usr/include/gmock/gmock-spec-builders.h
-- Installing: /build/cpr-git/pkg/cpr-git/usr/lib/libgmock.so.1.14.0
-- Set non-toolchain portion of runtime path of "/build/cpr-git/pkg/cpr-git/usr/lib/libgmock.so.1.14.0" to ""
-- Installing: /build/cpr-git/pkg/cpr-git/usr/lib/libgmock.so
-- Installing: /build/cpr-git/pkg/cpr-git/usr/lib/libgmock_main.so.1.14.0
-- Set non-toolchain portion of runtime path of "/build/cpr-git/pkg/cpr-git/usr/lib/libgmock_main.so.1.14.0" to ""
-- Installing: /build/cpr-git/pkg/cpr-git/usr/lib/libgmock_main.so
-- Installing: /build/cpr-git/pkg/cpr-git/usr/lib/pkgconfig/gmock.pc
-- Installing: /build/cpr-git/pkg/cpr-git/usr/lib/pkgconfig/gmock_main.pc
-- Installing: /build/cpr-git/pkg/cpr-git/usr/lib/cmake/GTest/GTestTargets.cmake
-- Installing: /build/cpr-git/pkg/cpr-git/usr/lib/cmake/GTest/GTestTargets-none.cmake
-- Installing: /build/cpr-git/pkg/cpr-git/usr/lib/cmake/GTest/GTestConfigVersion.cmake
-- Installing: /build/cpr-git/pkg/cpr-git/usr/lib/cmake/GTest/GTestConfig.cmake
-- Up-to-date: /build/cpr-git/pkg/cpr-git/usr/include
-- Installing: /build/cpr-git/pkg/cpr-git/usr/include/gtest
-- Installing: /build/cpr-git/pkg/cpr-git/usr/include/gtest/gtest-spi.h
-- Installing: /build/cpr-git/pkg/cpr-git/usr/include/gtest/gtest_pred_impl.h
-- Installing: /build/cpr-git/pkg/cpr-git/usr/include/gtest/internal
-- Installing: /build/cpr-git/pkg/cpr-git/usr/include/gtest/internal/gtest-type-util.h
-- Installing: /build/cpr-git/pkg/cpr-git/usr/include/gtest/internal/gtest-filepath.h
-- Installing: /build/cpr-git/pkg/cpr-git/usr/include/gtest/internal/custom
-- Installing: /build/cpr-git/pkg/cpr-git/usr/include/gtest/internal/custom/gtest-port.h
-- Installing: /build/cpr-git/pkg/cpr-git/usr/include/gtest/internal/custom/README.md
-- Installing: /build/cpr-git/pkg/cpr-git/usr/include/gtest/internal/custom/gtest-printers.h
-- Installing: /build/cpr-git/pkg/cpr-git/usr/include/gtest/internal/custom/gtest.h
-- Installing: /build/cpr-git/pkg/cpr-git/usr/include/gtest/internal/gtest-port.h
-- Installing: /build/cpr-git/pkg/cpr-git/usr/include/gtest/internal/gtest-string.h
-- Installing: /build/cpr-git/pkg/cpr-git/usr/include/gtest/internal/gtest-death-test-internal.h
-- Installing: /build/cpr-git/pkg/cpr-git/usr/include/gtest/internal/gtest-internal.h
-- Installing: /build/cpr-git/pkg/cpr-git/usr/include/gtest/internal/gtest-param-util.h
-- Installing: /build/cpr-git/pkg/cpr-git/usr/include/gtest/internal/gtest-port-arch.h
-- Installing: /build/cpr-git/pkg/cpr-git/usr/include/gtest/gtest-param-test.h
-- Installing: /build/cpr-git/pkg/cpr-git/usr/include/gtest/gtest-message.h
-- Installing: /build/cpr-git/pkg/cpr-git/usr/include/gtest/gtest-typed-test.h
-- Installing: /build/cpr-git/pkg/cpr-git/usr/include/gtest/gtest-test-part.h
-- Installing: /build/cpr-git/pkg/cpr-git/usr/include/gtest/gtest_prod.h
-- Installing: /build/cpr-git/pkg/cpr-git/usr/include/gtest/gtest-death-test.h
-- Installing: /build/cpr-git/pkg/cpr-git/usr/include/gtest/gtest-matchers.h
-- Installing: /build/cpr-git/pkg/cpr-git/usr/include/gtest/gtest-printers.h
-- Installing: /build/cpr-git/pkg/cpr-git/usr/include/gtest/gtest.h
-- Installing: /build/cpr-git/pkg/cpr-git/usr/include/gtest/gtest-assertion-result.h
-- Installing: /build/cpr-git/pkg/cpr-git/usr/lib/libgtest.so.1.14.0
-- Installing: /build/cpr-git/pkg/cpr-git/usr/lib/libgtest.so
-- Installing: /build/cpr-git/pkg/cpr-git/usr/lib/libgtest_main.so.1.14.0
-- Set non-toolchain portion of runtime path of "/build/cpr-git/pkg/cpr-git/usr/lib/libgtest_main.so.1.14.0" to ""
-- Installing: /build/cpr-git/pkg/cpr-git/usr/lib/libgtest_main.so
-- Installing: /build/cpr-git/pkg/cpr-git/usr/lib/pkgconfig/gtest.pc
-- Installing: /build/cpr-git/pkg/cpr-git/usr/lib/pkgconfig/gtest_main.pc
-- Installing: /build/cpr-git/pkg/cpr-git/usr/lib/libcpr.so.1.14.1
-- Installing: /build/cpr-git/pkg/cpr-git/usr/lib/libcpr.so.1
-- Installing: /build/cpr-git/pkg/cpr-git/usr/lib/libcpr.so
-- Installing: /build/cpr-git/pkg/cpr-git/usr/lib/cmake/cpr/cprConfig.cmake
-- Installing: /build/cpr-git/pkg/cpr-git/usr/lib/cmake/cpr/cprConfigVersion.cmake
-- Installing: /build/cpr-git/pkg/cpr-git/usr/lib/cmake/cpr/cprTargets.cmake
-- Installing: /build/cpr-git/pkg/cpr-git/usr/lib/cmake/cpr/cprTargets-none.cmake
-- Installing: /build/cpr-git/pkg/cpr-git/usr/include/cpr
-- Installing: /build/cpr-git/pkg/cpr-git/usr/include/cpr/callback.h
-- Installing: /build/cpr-git/pkg/cpr-git/usr/include/cpr/unix_socket.h
-- Installing: /build/cpr-git/pkg/cpr-git/usr/include/cpr/http_version.h
-- Installing: /build/cpr-git/pkg/cpr-git/usr/include/cpr/local_port.h
-- Installing: /build/cpr-git/pkg/cpr-git/usr/include/cpr/multiperform.h
-- Installing: /build/cpr-git/pkg/cpr-git/usr/include/cpr/connection_pool.h
-- Installing: /build/cpr-git/pkg/cpr-git/usr/include/cpr/ssl_options.h
-- Installing: /build/cpr-git/pkg/cpr-git/usr/include/cpr/body.h
-- Installing: /build/cpr-git/pkg/cpr-git/usr/include/cpr/cpr.h
-- Installing: /build/cpr-git/pkg/cpr-git/usr/include/cpr/curl_container.h
-- Installing: /build/cpr-git/pkg/cpr-git/usr/include/cpr/response.h
-- Installing: /build/cpr-git/pkg/cpr-git/usr/include/cpr/ssl_ctx.h
-- Installing: /build/cpr-git/pkg/cpr-git/usr/include/cpr/accept_encoding.h
-- Installing: /build/cpr-git/pkg/cpr-git/usr/include/cpr/bearer.h
-- Installing: /build/cpr-git/pkg/cpr-git/usr/include/cpr/low_speed.h
-- Installing: /build/cpr-git/pkg/cpr-git/usr/include/cpr/session.h
-- Installing: /build/cpr-git/pkg/cpr-git/usr/include/cpr/parameters.h
-- Installing: /build/cpr-git/pkg/cpr-git/usr/include/cpr/cookies.h
-- Installing: /build/cpr-git/pkg/cpr-git/usr/include/cpr/interface.h
-- Installing: /build/cpr-git/pkg/cpr-git/usr/include/cpr/payload.h
-- Installing: /build/cpr-git/pkg/cpr-git/usr/include/cpr/filesystem.h
-- Installing: /build/cpr-git/pkg/cpr-git/usr/include/cpr/curlholder.h
-- Installing: /build/cpr-git/pkg/cpr-git/usr/include/cpr/error.h
-- Installing: /build/cpr-git/pkg/cpr-git/usr/include/cpr/proxies.h
-- Installing: /build/cpr-git/pkg/cpr-git/usr/include/cpr/sse.h
-- Installing: /build/cpr-git/pkg/cpr-git/usr/include/cpr/curlmultiholder.h
-- Installing: /build/cpr-git/pkg/cpr-git/usr/include/cpr/resolve.h
-- Installing: /build/cpr-git/pkg/cpr-git/usr/include/cpr/verbose.h
-- Installing: /build/cpr-git/pkg/cpr-git/usr/include/cpr/util.h
-- Installing: /build/cpr-git/pkg/cpr-git/usr/include/cpr/singleton.h
-- Installing: /build/cpr-git/pkg/cpr-git/usr/include/cpr/auth.h
-- Installing: /build/cpr-git/pkg/cpr-git/usr/include/cpr/threadpool.h
-- Installing: /build/cpr-git/pkg/cpr-git/usr/include/cpr/async_wrapper.h
-- Installing: /build/cpr-git/pkg/cpr-git/usr/include/cpr/api.h
-- Installing: /build/cpr-git/pkg/cpr-git/usr/include/cpr/limit_rate.h
-- Installing: /build/cpr-git/pkg/cpr-git/usr/include/cpr/connect_timeout.h
-- Installing: /build/cpr-git/pkg/cpr-git/usr/include/cpr/interceptor.h
-- Installing: /build/cpr-git/pkg/cpr-git/usr/include/cpr/range.h
-- Installing: /build/cpr-git/pkg/cpr-git/usr/include/cpr/body_view.h
-- Installing: /build/cpr-git/pkg/cpr-git/usr/include/cpr/timeout.h
-- Installing: /build/cpr-git/pkg/cpr-git/usr/include/cpr/local_port_range.h
-- Installing: /build/cpr-git/pkg/cpr-git/usr/include/cpr/buffer.h
-- Installing: /build/cpr-git/pkg/cpr-git/usr/include/cpr/proxyauth.h
-- Installing: /build/cpr-git/pkg/cpr-git/usr/include/cpr/user_agent.h
-- Installing: /build/cpr-git/pkg/cpr-git/usr/include/cpr/cprtypes.h
-- Installing: /build/cpr-git/pkg/cpr-git/usr/include/cpr/reserve_size.h
-- Installing: /build/cpr-git/pkg/cpr-git/usr/include/cpr/secure_string.h
-- Installing: /build/cpr-git/pkg/cpr-git/usr/include/cpr/status_codes.h
-- Installing: /build/cpr-git/pkg/cpr-git/usr/include/cpr/redirect.h
-- Installing: /build/cpr-git/pkg/cpr-git/usr/include/cpr/multipart.h
-- Installing: /build/cpr-git/pkg/cpr-git/usr/include/cpr/cert_info.h
-- Installing: /build/cpr-git/pkg/cpr-git/usr/include/cpr/async.h
-- Installing: /build/cpr-git/pkg/cpr-git/usr/include/cpr/file.h
-- Up-to-date: /build/cpr-git/pkg/cpr-git/usr/include/cpr
-- Installing: /build/cpr-git/pkg/cpr-git/usr/include/cpr/cprver.h
