Submodule 'external/apbuild' (https://github.com/DeaDBeeF-Player/apbuild.git) registered for path 'external/apbuild'
Submodule 'external/ddb_dsp_libretro' (https://github.com/DeaDBeeF-Player/ddb_dsp_libretro.git) registered for path 'external/ddb_dsp_libretro'
Submodule 'external/ddb_output_pw' (https://github.com/DeaDBeeF-Player/ddb_output_pw.git) registered for path 'external/ddb_output_pw'
Submodule 'external/googletest' (https://github.com/DeaDBeeF-Player/googletest.git) registered for path 'external/googletest'
Submodule 'external/mp4p' (https://github.com/DeaDBeeF-Player/mp4p.git) registered for path 'external/mp4p'
Submodule 'osx/deps' (https://github.com/DeaDBeeF-Player/deadbeef-osx-deps.git) registered for path 'osx/deps'
Skipping submodule 'external/apbuild'
Cloning into '/build/deadbeef-git/src/deadbeef/external/ddb_dsp_libretro'...
done.
Cloning into '/build/deadbeef-git/src/deadbeef/external/ddb_output_pw'...
done.
Cloning into '/build/deadbeef-git/src/deadbeef/external/googletest'...
done.
Cloning into '/build/deadbeef-git/src/deadbeef/external/mp4p'...
done.
Skipping submodule 'osx/deps'
From /build/deadbeef-git/src/ddb_dsp_libretro
 * branch            5dd81e9d9883be172c323e5927c94fbc848f20b3 -> FETCH_HEAD
Submodule path 'external/ddb_dsp_libretro': checked out '5dd81e9d9883be172c323e5927c94fbc848f20b3'
From /build/deadbeef-git/src/ddb_output_pw
 * branch            0b099d13ab0e89d9934aabdeb2872f0f66ea6960 -> FETCH_HEAD
Submodule path 'external/ddb_output_pw': checked out '0b099d13ab0e89d9934aabdeb2872f0f66ea6960'
Submodule path 'external/googletest': checked out '3fa7f983c69f780378b4d1ad44d36030ca951ba6'
Submodule path 'external/mp4p': checked out '156195ccb635f016dc34b89425bfbecf046c90d4'
Running autopoint...
Copying file config.rpath
Creating directory intl
Copying file intl/ChangeLog
Copying file intl/Makefile.in
Copying file intl/VERSION
Copying file intl/bindtextdom.c
Copying file intl/config.charset
Copying file intl/dcgettext.c
Copying file intl/dcigettext.c
Copying file intl/dcngettext.c
Copying file intl/dgettext.c
Copying file intl/dngettext.c
Copying file intl/eval-plural.h
Copying file intl/explodename.c
Copying file intl/export.h
Copying file intl/finddomain.c
Copying file intl/gettext.c
Copying file intl/gettextP.h
Copying file intl/gmo.h
Copying file intl/hash-string.c
Copying file intl/hash-string.h
Copying file intl/intl-compat.c
Copying file intl/intl-exports.c
Copying file intl/l10nflist.c
Copying file intl/langprefs.c
Copying file intl/libgnuintl.h.in
Copying file intl/libintl.rc
Copying file intl/loadinfo.h
Copying file intl/loadmsgcat.c
Copying file intl/localcharset.c
Copying file intl/localcharset.h
Copying file intl/locale.alias
Copying file intl/localealias.c
Copying file intl/localename.c
Copying file intl/lock.c
Copying file intl/lock.h
Copying file intl/log.c
Copying file intl/ngettext.c
Copying file intl/os2compat.c
Copying file intl/os2compat.h
Copying file intl/osdep.c
Copying file intl/plural-exp.c
Copying file intl/plural-exp.h
Copying file intl/plural.c
Copying file intl/plural.y
Copying file intl/printf-args.c
Copying file intl/printf-args.h
Copying file intl/printf-parse.c
Copying file intl/printf-parse.h
Copying file intl/printf.c
Copying file intl/ref-add.sin
Copying file intl/ref-del.sin
Copying file intl/relocatable.c
Copying file intl/relocatable.h
Copying file intl/setlocale.c
Copying file intl/textdomain.c
Copying file intl/threadlib.c
Copying file intl/tsearch.c
Copying file intl/tsearch.h
Copying file intl/vasnprintf.c
Copying file intl/vasnprintf.h
Copying file intl/vasnwprintf.h
Copying file intl/version.c
Copying file intl/wprintf-parse.h
Copying file intl/xsize.h
Creating directory m4
Copying file m4/codeset.m4
Copying file m4/fcntl-o.m4
Copying file m4/gettext.m4
Copying file m4/glibc2.m4
Copying file m4/glibc21.m4
Copying file m4/iconv.m4
Copying file m4/intdiv0.m4
Copying file m4/intl.m4
Copying file m4/intldir.m4
Copying file m4/intlmacosx.m4
Copying file m4/intmax.m4
Copying file m4/inttypes-pri.m4
Copying file m4/inttypes_h.m4
Copying file m4/lcmessage.m4
Copying file m4/lib-ld.m4
Copying file m4/lib-link.m4
Copying file m4/lib-prefix.m4
Copying file m4/lock.m4
Copying file m4/longlong.m4
Copying file m4/nls.m4
Copying file m4/po.m4
Copying file m4/printf-posix.m4
Copying file m4/progtest.m4
Copying file m4/size_max.m4
Copying file m4/stdint_h.m4
Copying file m4/threadlib.m4
Copying file m4/uintmax_t.m4
Copying file m4/visibility.m4
Copying file m4/wchar_t.m4
Copying file m4/wint_t.m4
Copying file m4/xsize.m4
Copying file po/Makefile.in.in
Copying file po/Makevars.template
Copying file po/Rules-quot
Copying file po/boldquot.sed
Copying file po/en@boldquot.header
Copying file po/en@quot.header
Copying file po/insert-header.sin
Copying file po/quot.sed
Copying file po/remove-potcdate.sin
Running aclocal...
Running autoheader...
Running autoconf...
configure.ac:4: warning: The macro 'AC_CONFIG_HEADER' is obsolete.
configure.ac:4: You should run autoupdate.
./lib/autoconf/status.m4:719: AC_CONFIG_HEADER is expanded from...
configure.ac:4: the top level
configure.ac:14: warning: The macro 'AC_STDC_HEADERS' is obsolete.
configure.ac:14: You should run autoupdate.
./lib/autoconf/oldnames.m4:75: AC_STDC_HEADERS is expanded from...
configure.ac:14: the top level
configure.ac:14: warning: The macro 'AC_HEADER_STDC' is obsolete.
configure.ac:14: You should run autoupdate.
./lib/autoconf/headers.m4:663: AC_HEADER_STDC is expanded from...
./lib/autoconf/oldnames.m4:75: AC_STDC_HEADERS is expanded from...
configure.ac:14: the top level
configure.ac:19: warning: Use of AM_GNU_GETTEXT without [external] argument is deprecated.
./lib/autoconf/general.m4:2434: AC_DIAGNOSE is expanded from...
m4/gettext.m4:57: AM_GNU_GETTEXT is expanded from...
configure.ac:19: the top level
configure.ac:19: warning: AM_PROG_MKDIR_P: this macro is deprecated, and will soon be removed.
configure.ac:19: You should use the Autoconf-provided 'AC_PROG_MKDIR_P' macro instead,
configure.ac:19: and use '$(MKDIR_P)' instead of '$(mkdir_p)'in your Makefile.am files.
./lib/autoconf/general.m4:2434: AC_DIAGNOSE is expanded from...
aclocal.m4:10426: AM_PROG_MKDIR_P is expanded from...
m4/po.m4:23: AM_PO_SUBDIRS is expanded from...
m4/gettext.m4:57: AM_GNU_GETTEXT is expanded from...
configure.ac:19: the top level
configure.ac:19: warning: The macro 'AC_TRY_COMPILE' is obsolete.
configure.ac:19: You should run autoupdate.
./lib/autoconf/general.m4:2845: AC_TRY_COMPILE is expanded from...
lib/m4sugar/m4sh.m4:690: _AS_IF_ELSE is expanded from...
lib/m4sugar/m4sh.m4:697: AS_IF is expanded from...
./lib/autoconf/general.m4:2249: AC_CACHE_VAL is expanded from...
m4/visibility.m4:23: gl_VISIBILITY is expanded from...
m4/intl.m4:25: AM_INTL_SUBDIR is expanded from...
m4/gettext.m4:57: AM_GNU_GETTEXT is expanded from...
configure.ac:19: the top level
configure.ac:19: warning: The macro 'AC_TRY_COMPILE' is obsolete.
configure.ac:19: You should run autoupdate.
./lib/autoconf/general.m4:2845: AC_TRY_COMPILE is expanded from...
lib/m4sugar/m4sh.m4:690: _AS_IF_ELSE is expanded from...
lib/m4sugar/m4sh.m4:697: AS_IF is expanded from...
./lib/autoconf/general.m4:2249: AC_CACHE_VAL is expanded from...
./lib/autoconf/general.m4:2270: AC_CACHE_CHECK is expanded from...
m4/stdint_h.m4:12: gl_AC_HEADER_STDINT_H is expanded from...
m4/intl.m4:211: gt_INTL_SUBDIR_CORE is expanded from...
m4/intl.m4:25: AM_INTL_SUBDIR is expanded from...
m4/gettext.m4:57: AM_GNU_GETTEXT is expanded from...
configure.ac:19: the top level
configure.ac:19: warning: The macro 'AC_TRY_RUN' is obsolete.
configure.ac:19: You should run autoupdate.
./lib/autoconf/general.m4:2995: AC_TRY_RUN is expanded from...
lib/m4sugar/m4sh.m4:690: _AS_IF_ELSE is expanded from...
lib/m4sugar/m4sh.m4:697: AS_IF is expanded from...
./lib/autoconf/general.m4:2249: AC_CACHE_VAL is expanded from...
./lib/autoconf/general.m4:2270: AC_CACHE_CHECK is expanded from...
m4/intdiv0.m4:9: gt_INTDIV0 is expanded from...
m4/intl.m4:211: gt_INTL_SUBDIR_CORE is expanded from...
m4/intl.m4:25: AM_INTL_SUBDIR is expanded from...
m4/gettext.m4:57: AM_GNU_GETTEXT is expanded from...
configure.ac:19: the top level
configure.ac:19: warning: The macro 'AC_TRY_COMPILE' is obsolete.
configure.ac:19: You should run autoupdate.
./lib/autoconf/general.m4:2845: AC_TRY_COMPILE is expanded from...
lib/m4sugar/m4sh.m4:690: _AS_IF_ELSE is expanded from...
lib/m4sugar/m4sh.m4:697: AS_IF is expanded from...
./lib/autoconf/general.m4:2249: AC_CACHE_VAL is expanded from...
./lib/autoconf/general.m4:2270: AC_CACHE_CHECK is expanded from...
m4/inttypes_h.m4:12: gl_AC_HEADER_INTTYPES_H is expanded from...
m4/uintmax_t.m4:14: gl_AC_TYPE_UINTMAX_T is expanded from...
m4/intl.m4:211: gt_INTL_SUBDIR_CORE is expanded from...
m4/intl.m4:25: AM_INTL_SUBDIR is expanded from...
m4/gettext.m4:57: AM_GNU_GETTEXT is expanded from...
configure.ac:19: the top level
configure.ac:19: warning: The macro 'AC_TRY_COMPILE' is obsolete.
configure.ac:19: You should run autoupdate.
./lib/autoconf/general.m4:2845: AC_TRY_COMPILE is expanded from...
lib/m4sugar/m4sh.m4:690: _AS_IF_ELSE is expanded from...
lib/m4sugar/m4sh.m4:697: AS_IF is expanded from...
./lib/autoconf/general.m4:2249: AC_CACHE_VAL is expanded from...
./lib/autoconf/general.m4:2270: AC_CACHE_CHECK is expanded from...
m4/inttypes-pri.m4:14: gt_INTTYPES_PRI is expanded from...
m4/intl.m4:211: gt_INTL_SUBDIR_CORE is expanded from...
m4/intl.m4:25: AM_INTL_SUBDIR is expanded from...
m4/gettext.m4:57: AM_GNU_GETTEXT is expanded from...
configure.ac:19: the top level
configure.ac:19: warning: The macro 'AC_HELP_STRING' is obsolete.
configure.ac:19: You should run autoupdate.
./lib/autoconf/general.m4:204: AC_HELP_STRING is expanded from...
m4/threadlib.m4:31: gl_THREADLIB_EARLY_BODY is expanded from...
m4/threadlib.m4:24: gl_THREADLIB_EARLY is expanded from...
m4/threadlib.m4:278: gl_THREADLIB is expanded from...
m4/lock.m4:9: gl_LOCK is expanded from...
m4/intl.m4:211: gt_INTL_SUBDIR_CORE is expanded from...
m4/intl.m4:25: AM_INTL_SUBDIR is expanded from...
m4/gettext.m4:57: AM_GNU_GETTEXT is expanded from...
configure.ac:19: the top level
configure.ac:19: warning: The macro 'AC_TRY_LINK' is obsolete.
configure.ac:19: You should run autoupdate.
./lib/autoconf/general.m4:2918: AC_TRY_LINK is expanded from...
lib/m4sugar/m4sh.m4:690: _AS_IF_ELSE is expanded from...
lib/m4sugar/m4sh.m4:697: AS_IF is expanded from...
./lib/autoconf/general.m4:2249: AC_CACHE_VAL is expanded from...
./lib/autoconf/general.m4:2270: AC_CACHE_CHECK is expanded from...
m4/threadlib.m4:100: gl_THREADLIB_BODY is expanded from...
m4/threadlib.m4:278: gl_THREADLIB is expanded from...
m4/lock.m4:9: gl_LOCK is expanded from...
m4/intl.m4:211: gt_INTL_SUBDIR_CORE is expanded from...
m4/intl.m4:25: AM_INTL_SUBDIR is expanded from...
m4/gettext.m4:57: AM_GNU_GETTEXT is expanded from...
configure.ac:19: the top level
configure.ac:19: warning: The macro 'AC_TRY_RUN' is obsolete.
configure.ac:19: You should run autoupdate.
./lib/autoconf/general.m4:2995: AC_TRY_RUN is expanded from...
lib/m4sugar/m4sh.m4:690: _AS_IF_ELSE is expanded from...
lib/m4sugar/m4sh.m4:697: AS_IF is expanded from...
./lib/autoconf/general.m4:2249: AC_CACHE_VAL is expanded from...
./lib/autoconf/general.m4:2270: AC_CACHE_CHECK is expanded from...
m4/threadlib.m4:100: gl_THREADLIB_BODY is expanded from...
m4/threadlib.m4:278: gl_THREADLIB is expanded from...
m4/lock.m4:9: gl_LOCK is expanded from...
m4/intl.m4:211: gt_INTL_SUBDIR_CORE is expanded from...
m4/intl.m4:25: AM_INTL_SUBDIR is expanded from...
m4/gettext.m4:57: AM_GNU_GETTEXT is expanded from...
configure.ac:19: the top level
configure.ac:19: warning: The macro 'AC_TRY_LINK' is obsolete.
configure.ac:19: You should run autoupdate.
./lib/autoconf/general.m4:2918: AC_TRY_LINK is expanded from...
m4/threadlib.m4:100: gl_THREADLIB_BODY is expanded from...
m4/threadlib.m4:278: gl_THREADLIB is expanded from...
m4/lock.m4:9: gl_LOCK is expanded from...
m4/intl.m4:211: gt_INTL_SUBDIR_CORE is expanded from...
m4/intl.m4:25: AM_INTL_SUBDIR is expanded from...
m4/gettext.m4:57: AM_GNU_GETTEXT is expanded from...
configure.ac:19: the top level
configure.ac:19: warning: The macro 'AC_TRY_COMPILE' is obsolete.
configure.ac:19: You should run autoupdate.
./lib/autoconf/general.m4:2845: AC_TRY_COMPILE is expanded from...
m4/lock.m4:9: gl_LOCK is expanded from...
m4/intl.m4:211: gt_INTL_SUBDIR_CORE is expanded from...
m4/intl.m4:25: AM_INTL_SUBDIR is expanded from...
m4/gettext.m4:57: AM_GNU_GETTEXT is expanded from...
configure.ac:19: the top level
configure.ac:19: warning: The macro 'AC_TRY_LINK' is obsolete.
configure.ac:19: You should run autoupdate.
./lib/autoconf/general.m4:2918: AC_TRY_LINK is expanded from...
m4/intl.m4:211: gt_INTL_SUBDIR_CORE is expanded from...
m4/intl.m4:25: AM_INTL_SUBDIR is expanded from...
m4/gettext.m4:57: AM_GNU_GETTEXT is expanded from...
configure.ac:19: the top level
configure.ac:19: warning: The macro 'AC_TRY_COMPILE' is obsolete.
configure.ac:19: You should run autoupdate.
./lib/autoconf/general.m4:2845: AC_TRY_COMPILE is expanded from...
lib/m4sugar/m4sh.m4:690: _AS_IF_ELSE is expanded from...
lib/m4sugar/m4sh.m4:697: AS_IF is expanded from...
./lib/autoconf/general.m4:2249: AC_CACHE_VAL is expanded from...
./lib/autoconf/general.m4:2270: AC_CACHE_CHECK is expanded from...
m4/intl.m4:279: gt_CHECK_DECL is expanded from...
m4/intl.m4:211: gt_INTL_SUBDIR_CORE is expanded from...
m4/intl.m4:25: AM_INTL_SUBDIR is expanded from...
m4/gettext.m4:57: AM_GNU_GETTEXT is expanded from...
configure.ac:19: the top level
configure.ac:19: warning: The macro 'AC_TRY_LINK' is obsolete.
configure.ac:19: You should run autoupdate.
./lib/autoconf/general.m4:2918: AC_TRY_LINK is expanded from...
lib/m4sugar/m4sh.m4:690: _AS_IF_ELSE is expanded from...
lib/m4sugar/m4sh.m4:697: AS_IF is expanded from...
./lib/autoconf/general.m4:2249: AC_CACHE_VAL is expanded from...
./lib/autoconf/general.m4:2270: AC_CACHE_CHECK is expanded from...
m4/iconv.m4:20: AM_ICONV_LINK is expanded from...
m4/iconv.m4:173: AM_ICONV is expanded from...
m4/intl.m4:211: gt_INTL_SUBDIR_CORE is expanded from...
m4/intl.m4:25: AM_INTL_SUBDIR is expanded from...
m4/gettext.m4:57: AM_GNU_GETTEXT is expanded from...
configure.ac:19: the top level
configure.ac:19: warning: The macro 'AC_TRY_RUN' is obsolete.
configure.ac:19: You should run autoupdate.
./lib/autoconf/general.m4:2995: AC_TRY_RUN is expanded from...
lib/m4sugar/m4sh.m4:690: _AS_IF_ELSE is expanded from...
lib/m4sugar/m4sh.m4:697: AS_IF is expanded from...
./lib/autoconf/general.m4:2249: AC_CACHE_VAL is expanded from...
./lib/autoconf/general.m4:2270: AC_CACHE_CHECK is expanded from...
m4/iconv.m4:20: AM_ICONV_LINK is expanded from...
m4/iconv.m4:173: AM_ICONV is expanded from...
m4/intl.m4:211: gt_INTL_SUBDIR_CORE is expanded from...
m4/intl.m4:25: AM_INTL_SUBDIR is expanded from...
m4/gettext.m4:57: AM_GNU_GETTEXT is expanded from...
configure.ac:19: the top level
configure.ac:19: warning: The macro 'AC_TRY_COMPILE' is obsolete.
configure.ac:19: You should run autoupdate.
./lib/autoconf/general.m4:2845: AC_TRY_COMPILE is expanded from...
lib/m4sugar/m4sh.m4:690: _AS_IF_ELSE is expanded from...
lib/m4sugar/m4sh.m4:697: AS_IF is expanded from...
./lib/autoconf/general.m4:2249: AC_CACHE_VAL is expanded from...
m4/iconv.m4:173: AM_ICONV is expanded from...
m4/intl.m4:211: gt_INTL_SUBDIR_CORE is expanded from...
m4/intl.m4:25: AM_INTL_SUBDIR is expanded from...
m4/gettext.m4:57: AM_GNU_GETTEXT is expanded from...
configure.ac:19: the top level
configure.ac:19: warning: The macro 'AC_TRY_COMPILE' is obsolete.
configure.ac:19: You should run autoupdate.
./lib/autoconf/general.m4:2845: AC_TRY_COMPILE is expanded from...
lib/m4sugar/m4sh.m4:690: _AS_IF_ELSE is expanded from...
lib/m4sugar/m4sh.m4:697: AS_IF is expanded from...
./lib/autoconf/general.m4:2249: AC_CACHE_VAL is expanded from...
./lib/autoconf/general.m4:2270: AC_CACHE_CHECK is expanded from...
m4/wchar_t.m4:11: gt_TYPE_WCHAR_T is expanded from...
m4/intl.m4:25: AM_INTL_SUBDIR is expanded from...
m4/gettext.m4:57: AM_GNU_GETTEXT is expanded from...
configure.ac:19: the top level
configure.ac:19: warning: The macro 'AC_TRY_COMPILE' is obsolete.
configure.ac:19: You should run autoupdate.
./lib/autoconf/general.m4:2845: AC_TRY_COMPILE is expanded from...
lib/m4sugar/m4sh.m4:690: _AS_IF_ELSE is expanded from...
lib/m4sugar/m4sh.m4:697: AS_IF is expanded from...
./lib/autoconf/general.m4:2249: AC_CACHE_VAL is expanded from...
./lib/autoconf/general.m4:2270: AC_CACHE_CHECK is expanded from...
m4/wint_t.m4:11: gt_TYPE_WINT_T is expanded from...
m4/intl.m4:25: AM_INTL_SUBDIR is expanded from...
m4/gettext.m4:57: AM_GNU_GETTEXT is expanded from...
configure.ac:19: the top level
configure.ac:19: warning: The macro 'AC_TRY_COMPILE' is obsolete.
configure.ac:19: You should run autoupdate.
./lib/autoconf/general.m4:2845: AC_TRY_COMPILE is expanded from...
lib/m4sugar/m4sh.m4:690: _AS_IF_ELSE is expanded from...
lib/m4sugar/m4sh.m4:697: AS_IF is expanded from...
./lib/autoconf/general.m4:2249: AC_CACHE_VAL is expanded from...
./lib/autoconf/general.m4:2270: AC_CACHE_CHECK is expanded from...
m4/intmax.m4:11: gt_TYPE_INTMAX_T is expanded from...
m4/intl.m4:25: AM_INTL_SUBDIR is expanded from...
m4/gettext.m4:57: AM_GNU_GETTEXT is expanded from...
configure.ac:19: the top level
configure.ac:19: warning: The macro 'AC_TRY_RUN' is obsolete.
configure.ac:19: You should run autoupdate.
./lib/autoconf/general.m4:2995: AC_TRY_RUN is expanded from...
lib/m4sugar/m4sh.m4:690: _AS_IF_ELSE is expanded from...
lib/m4sugar/m4sh.m4:697: AS_IF is expanded from...
./lib/autoconf/general.m4:2249: AC_CACHE_VAL is expanded from...
./lib/autoconf/general.m4:2270: AC_CACHE_CHECK is expanded from...
m4/printf-posix.m4:11: gt_PRINTF_POSIX is expanded from...
m4/intl.m4:25: AM_INTL_SUBDIR is expanded from...
m4/gettext.m4:57: AM_GNU_GETTEXT is expanded from...
configure.ac:19: the top level
configure.ac:19: warning: The macro 'AC_TRY_COMPILE' is obsolete.
configure.ac:19: You should run autoupdate.
./lib/autoconf/general.m4:2845: AC_TRY_COMPILE is expanded from...
lib/m4sugar/m4sh.m4:690: _AS_IF_ELSE is expanded from...
lib/m4sugar/m4sh.m4:697: AS_IF is expanded from...
./lib/autoconf/general.m4:2249: AC_CACHE_VAL is expanded from...
./lib/autoconf/general.m4:2270: AC_CACHE_CHECK is expanded from...
m4/size_max.m4:9: gl_SIZE_MAX is expanded from...
m4/xsize.m4:7: gl_XSIZE is expanded from...
m4/intl.m4:25: AM_INTL_SUBDIR is expanded from...
m4/gettext.m4:57: AM_GNU_GETTEXT is expanded from...
configure.ac:19: the top level
configure.ac:19: warning: The macro 'AC_TRY_LINK' is obsolete.
configure.ac:19: You should run autoupdate.
./lib/autoconf/general.m4:2918: AC_TRY_LINK is expanded from...
lib/m4sugar/m4sh.m4:690: _AS_IF_ELSE is expanded from...
lib/m4sugar/m4sh.m4:697: AS_IF is expanded from...
./lib/autoconf/general.m4:2249: AC_CACHE_VAL is expanded from...
./lib/autoconf/general.m4:2270: AC_CACHE_CHECK is expanded from...
m4/intlmacosx.m4:18: gt_INTL_MACOSX is expanded from...
m4/intl.m4:25: AM_INTL_SUBDIR is expanded from...
m4/gettext.m4:57: AM_GNU_GETTEXT is expanded from...
configure.ac:19: the top level
configure.ac:19: warning: The macro 'AC_TRY_COMPILE' is obsolete.
configure.ac:19: You should run autoupdate.
./lib/autoconf/general.m4:2845: AC_TRY_COMPILE is expanded from...
lib/m4sugar/m4sh.m4:690: _AS_IF_ELSE is expanded from...
lib/m4sugar/m4sh.m4:697: AS_IF is expanded from...
./lib/autoconf/general.m4:2249: AC_CACHE_VAL is expanded from...
./lib/autoconf/general.m4:2270: AC_CACHE_CHECK is expanded from...
m4/intl.m4:279: gt_CHECK_DECL is expanded from...
m4/intl.m4:25: AM_INTL_SUBDIR is expanded from...
m4/gettext.m4:57: AM_GNU_GETTEXT is expanded from...
configure.ac:19: the top level
configure.ac:19: warning: The macro 'AC_TRY_LINK' is obsolete.
configure.ac:19: You should run autoupdate.
./lib/autoconf/general.m4:2918: AC_TRY_LINK is expanded from...
lib/m4sugar/m4sh.m4:690: _AS_IF_ELSE is expanded from...
lib/m4sugar/m4sh.m4:697: AS_IF is expanded from...
./lib/autoconf/general.m4:2249: AC_CACHE_VAL is expanded from...
./lib/autoconf/general.m4:2270: AC_CACHE_CHECK is expanded from...
m4/codeset.m4:9: AM_LANGINFO_CODESET is expanded from...
m4/intl.m4:25: AM_INTL_SUBDIR is expanded from...
m4/gettext.m4:57: AM_GNU_GETTEXT is expanded from...
configure.ac:19: the top level
configure.ac:19: warning: The macro 'AC_TRY_LINK' is obsolete.
configure.ac:19: You should run autoupdate.
./lib/autoconf/general.m4:2918: AC_TRY_LINK is expanded from...
lib/m4sugar/m4sh.m4:690: _AS_IF_ELSE is expanded from...
lib/m4sugar/m4sh.m4:697: AS_IF is expanded from...
./lib/autoconf/general.m4:2249: AC_CACHE_VAL is expanded from...
./lib/autoconf/general.m4:2270: AC_CACHE_CHECK is expanded from...
m4/lcmessage.m4:22: gt_LC_MESSAGES is expanded from...
m4/intl.m4:25: AM_INTL_SUBDIR is expanded from...
m4/gettext.m4:57: AM_GNU_GETTEXT is expanded from...
configure.ac:19: the top level
configure.ac:19: warning: The macro 'AC_TRY_LINK' is obsolete.
configure.ac:19: You should run autoupdate.
./lib/autoconf/general.m4:2918: AC_TRY_LINK is expanded from...
lib/m4sugar/m4sh.m4:690: _AS_IF_ELSE is expanded from...
lib/m4sugar/m4sh.m4:697: AS_IF is expanded from...
./lib/autoconf/general.m4:2249: AC_CACHE_VAL is expanded from...
./lib/autoconf/general.m4:2270: AC_CACHE_CHECK is expanded from...
m4/intlmacosx.m4:18: gt_INTL_MACOSX is expanded from...
m4/gettext.m4:57: AM_GNU_GETTEXT is expanded from...
configure.ac:19: the top level
configure.ac:19: warning: The macro 'AC_TRY_LINK' is obsolete.
configure.ac:19: You should run autoupdate.
./lib/autoconf/general.m4:2918: AC_TRY_LINK is expanded from...
lib/m4sugar/m4sh.m4:690: _AS_IF_ELSE is expanded from...
lib/m4sugar/m4sh.m4:697: AS_IF is expanded from...
./lib/autoconf/general.m4:2249: AC_CACHE_VAL is expanded from...
./lib/autoconf/general.m4:2270: AC_CACHE_CHECK is expanded from...
m4/gettext.m4:57: AM_GNU_GETTEXT is expanded from...
configure.ac:19: the top level
configure.ac:23: warning: The macro 'AC_TRY_LINK' is obsolete.
configure.ac:23: You should run autoupdate.
./lib/autoconf/general.m4:2918: AC_TRY_LINK is expanded from...
lib/m4sugar/m4sh.m4:690: _AS_IF_ELSE is expanded from...
lib/m4sugar/m4sh.m4:697: AS_IF is expanded from...
./lib/autoconf/general.m4:2249: AC_CACHE_VAL is expanded from...
./lib/autoconf/general.m4:2270: AC_CACHE_CHECK is expanded from...
m4/iconv.m4:20: AM_ICONV_LINK is expanded from...
m4/iconv.m4:173: AM_ICONV is expanded from...
configure.ac:23: the top level
configure.ac:23: warning: The macro 'AC_TRY_RUN' is obsolete.
configure.ac:23: You should run autoupdate.
./lib/autoconf/general.m4:2995: AC_TRY_RUN is expanded from...
lib/m4sugar/m4sh.m4:690: _AS_IF_ELSE is expanded from...
lib/m4sugar/m4sh.m4:697: AS_IF is expanded from...
./lib/autoconf/general.m4:2249: AC_CACHE_VAL is expanded from...
./lib/autoconf/general.m4:2270: AC_CACHE_CHECK is expanded from...
m4/iconv.m4:20: AM_ICONV_LINK is expanded from...
m4/iconv.m4:173: AM_ICONV is expanded from...
configure.ac:23: the top level
configure.ac:23: warning: The macro 'AC_TRY_COMPILE' is obsolete.
configure.ac:23: You should run autoupdate.
./lib/autoconf/general.m4:2845: AC_TRY_COMPILE is expanded from...
lib/m4sugar/m4sh.m4:690: _AS_IF_ELSE is expanded from...
lib/m4sugar/m4sh.m4:697: AS_IF is expanded from...
./lib/autoconf/general.m4:2249: AC_CACHE_VAL is expanded from...
m4/iconv.m4:173: AM_ICONV is expanded from...
configure.ac:23: the top level
configure.ac:172: warning: The macro 'AC_TRY_LINK' is obsolete.
configure.ac:172: You should run autoupdate.
./lib/autoconf/general.m4:2918: AC_TRY_LINK is expanded from...
lib/m4sugar/m4sh.m4:690: _AS_IF_ELSE is expanded from...
lib/m4sugar/m4sh.m4:697: AS_IF is expanded from...
./lib/autoconf/general.m4:2249: AC_CACHE_VAL is expanded from...
./lib/autoconf/general.m4:2270: AC_CACHE_CHECK is expanded from...
configure.ac:172: the top level
Running libtoolize...
Running automake...
configure.ac:19: warning: The 'AM_PROG_MKDIR_P' macro is deprecated, and its use is discouraged.
configure.ac:19: You should use the Autoconf-provided 'AC_PROG_MKDIR_P' macro instead,
configure.ac:19: and use '$(MKDIR_P)' instead of '$(mkdir_p)'in your Makefile.am files.
configure.ac:9: installing './compile'
configure.ac:10: installing './config.guess'
configure.ac:10: installing './config.sub'
configure.ac:6: installing './install-sh'
configure.ac:6: installing './missing'
Makefile.am: installing './INSTALL'
Running intltoolize
