changed ownership of '/build/dvdae-bin/pkg/dvdae-bin/usr/bin/dvdae-gui' from builduser:1001 to root:root
changed ownership of '/build/dvdae-bin/pkg/dvdae-bin/usr/bin/dvdae' from builduser:1001 to root:root
changed ownership of '/build/dvdae-bin/pkg/dvdae-bin/usr/bin' from builduser:1001 to root:root
changed ownership of '/build/dvdae-bin/pkg/dvdae-bin/usr/share/dvdae/htmlhelp.zip' from builduser:1001 to root:root
changed ownership of '/build/dvdae-bin/pkg/dvdae-bin/usr/share/dvdae/icon.png' from builduser:1001 to root:root
changed ownership of '/build/dvdae-bin/pkg/dvdae-bin/usr/share/dvdae/notify.wav' from builduser:1001 to root:root
changed ownership of '/build/dvdae-bin/pkg/dvdae-bin/usr/share/dvdae' from builduser:1001 to root:root
changed ownership of '/build/dvdae-bin/pkg/dvdae-bin/usr/share/applications/dvdae.desktop' from builduser:1001 to root:root
changed ownership of '/build/dvdae-bin/pkg/dvdae-bin/usr/share/applications' from builduser:1001 to root:root
ownership of '/build/dvdae-bin/pkg/dvdae-bin/usr/share/licenses/dvdae-bin/license.htm' retained as root:root
ownership of '/build/dvdae-bin/pkg/dvdae-bin/usr/share/licenses/dvdae-bin' retained as root:root
ownership of '/build/dvdae-bin/pkg/dvdae-bin/usr/share/licenses' retained as root:root
changed ownership of '/build/dvdae-bin/pkg/dvdae-bin/usr/share' from builduser:1001 to root:root
changed ownership of '/build/dvdae-bin/pkg/dvdae-bin/usr' from builduser:1001 to root:root
changed ownership of '/build/dvdae-bin/pkg/dvdae-bin/' from builduser:1001 to root:root
mode of '/build/dvdae-bin/pkg/dvdae-bin/' retained as 0755 (rwxr-xr-x)
mode of '/build/dvdae-bin/pkg/dvdae-bin/usr' retained as 0755 (rwxr-xr-x)
mode of '/build/dvdae-bin/pkg/dvdae-bin/usr/bin' retained as 0755 (rwxr-xr-x)
mode of '/build/dvdae-bin/pkg/dvdae-bin/usr/bin/dvdae-gui' retained as 0755 (rwxr-xr-x)
mode of '/build/dvdae-bin/pkg/dvdae-bin/usr/bin/dvdae' retained as 0755 (rwxr-xr-x)
mode of '/build/dvdae-bin/pkg/dvdae-bin/usr/share' retained as 0755 (rwxr-xr-x)
mode of '/build/dvdae-bin/pkg/dvdae-bin/usr/share/dvdae' retained as 0755 (rwxr-xr-x)
mode of '/build/dvdae-bin/pkg/dvdae-bin/usr/share/dvdae/htmlhelp.zip' changed from 0644 (rw-r--r--) to 0755 (rwxr-xr-x)
mode of '/build/dvdae-bin/pkg/dvdae-bin/usr/share/dvdae/icon.png' changed from 0644 (rw-r--r--) to 0755 (rwxr-xr-x)
mode of '/build/dvdae-bin/pkg/dvdae-bin/usr/share/dvdae/notify.wav' changed from 0644 (rw-r--r--) to 0755 (rwxr-xr-x)
mode of '/build/dvdae-bin/pkg/dvdae-bin/usr/share/applications' retained as 0755 (rwxr-xr-x)
mode of '/build/dvdae-bin/pkg/dvdae-bin/usr/share/applications/dvdae.desktop' changed from 0644 (rw-r--r--) to 0755 (rwxr-xr-x)
mode of '/build/dvdae-bin/pkg/dvdae-bin/usr/share/licenses' retained as 0755 (rwxr-xr-x)
mode of '/build/dvdae-bin/pkg/dvdae-bin/usr/share/licenses/dvdae-bin' retained as 0755 (rwxr-xr-x)
mode of '/build/dvdae-bin/pkg/dvdae-bin/usr/share/licenses/dvdae-bin/license.htm' changed from 0644 (rw-r--r--) to 0755 (rwxr-xr-x)
	libFLAC.so.12 => /usr/lib/libFLAC.so.12 (0x00007f3ae56ac000)
