entangle W: Referenced python module 'gi.repository.Peas' is an uninstalled dependency (needed in files ['usr/lib/entangle/plugins/photobox/photobox.py', 'usr/lib/entangle/plugins/eclipse/eclipse.py', 'usr/lib/entangle/plugins/shooter/shooter.py'])
entangle W: Referenced python module 'gi.repository.GObject' is an uninstalled dependency (needed in files ['usr/lib/entangle/plugins/photobox/photobox.py', 'usr/lib/entangle/plugins/eclipse/eclipse.py', 'usr/lib/entangle/plugins/shooter/shooter.py'])
entangle W: Referenced python module 'gi.repository.PeasGtk' is an uninstalled dependency (needed in files ['usr/lib/entangle/plugins/photobox/photobox.py', 'usr/lib/entangle/plugins/eclipse/eclipse.py', 'usr/lib/entangle/plugins/shooter/shooter.py'])
entangle W: Referenced python module 'gi.repository.Gio' is an uninstalled dependency (needed in files ['usr/lib/entangle/plugins/photobox/photobox.py', 'usr/lib/entangle/plugins/eclipse/eclipse.py', 'usr/lib/entangle/plugins/shooter/shooter.py'])
entangle W: Referenced python module 'gi.repository.Gtk' is an uninstalled dependency (needed in files ['usr/lib/entangle/plugins/photobox/photobox.py', 'usr/lib/entangle/plugins/eclipse/eclipse.py', 'usr/lib/entangle/plugins/shooter/shooter.py'])
entangle W: Referenced python module 'gi.repository.Entangle' is an uninstalled dependency (needed in files ['usr/lib/entangle/plugins/photobox/photobox.py', 'usr/lib/entangle/plugins/eclipse/eclipse.py', 'usr/lib/entangle/plugins/shooter/shooter.py'])
entangle W: Referenced python module 'gi' is an uninstalled dependency (needed in files ['usr/lib/entangle/plugins/photobox/photobox.py', 'usr/lib/entangle/plugins/eclipse/eclipse.py', 'usr/lib/entangle/plugins/shooter/shooter.py'])
entangle W: Referenced python module 'gi.repository.GLib' is an uninstalled dependency (needed in files ['usr/lib/entangle/plugins/photobox/photobox.py', 'usr/lib/entangle/plugins/eclipse/eclipse.py', 'usr/lib/entangle/plugins/shooter/shooter.py'])
entangle W: Referenced python module 'gi.repository.Gdk' is an uninstalled dependency (needed in files ['usr/lib/entangle/plugins/photobox/photobox.py', 'usr/lib/entangle/plugins/eclipse/eclipse.py', 'usr/lib/entangle/plugins/shooter/shooter.py'])
entangle W: Dependency glibc detected and implicitly satisfied (libraries ['usr/lib/libm.so.6', 'usr/lib/libc.so.6'] needed in files ['usr/lib/libentangle_frontend.so.0.0.0', 'usr/lib/libentangle_backend.so.0.0.0', 'usr/bin/entangle'])
entangle W: Dependency python detected and implicitly satisfied (python modules ['datetime.datetime', 'time'] needed in files ['usr/lib/entangle/plugins/eclipse/eclipse.py', 'usr/lib/entangle/plugins/shooter/shooter.py'])
entangle W: Dependency libgirepository detected and implicitly satisfied (libraries ['usr/lib/libgirepository-1.0.so.1'] needed in files ['usr/bin/entangle', 'usr/lib/libentangle_frontend.so.0.0.0'])
entangle W: Dependency glib2 detected and implicitly satisfied (python modules ['gi.repository.GLib', 'gi.repository.Gio', 'gi.repository.GObject'] needed in files ['usr/lib/entangle/plugins/photobox/photobox.py', 'usr/lib/entangle/plugins/eclipse/eclipse.py', 'usr/lib/entangle/plugins/shooter/shooter.py'], libraries ['usr/lib/libglib-2.0.so.0', 'usr/lib/libgio-2.0.so.0', 'usr/lib/libgobject-2.0.so.0'] needed in files ['usr/bin/entangle', 'usr/lib/libentangle_backend.so.0.0.0', 'usr/lib/libentangle_frontend.so.0.0.0'])
entangle W: Dependency hicolor-icon-theme detected and implicitly satisfied (needed for hicolor theme hierarchy)
entangle W: Dependency dconf detected and implicitly satisfied (needed for glib schemas)
entangle W: Dependency cairo detected and implicitly satisfied (libraries ['usr/lib/libcairo.so.2'] needed in files ['usr/lib/libentangle_frontend.so.0.0.0'])
entangle W: Dependency pango detected and implicitly satisfied (libraries ['usr/lib/libpangocairo-1.0.so.0', 'usr/lib/libpango-1.0.so.0'] needed in files ['usr/lib/libentangle_frontend.so.0.0.0'])
entangle W: Dependency libxext detected and implicitly satisfied (libraries ['usr/lib/libXext.so.6'] needed in files ['usr/lib/libentangle_frontend.so.0.0.0'])
entangle W: Dependency included, but may not be needed ('dbus-glib')
entangle W: Dependency included, but may not be needed ('gobject-introspection')
entangle W: Dependency included, but may not be needed ('adwaita-icon-theme')
entangle W: Dependency included, but may not be needed ('itstool')
entangle W: Dependency included, but may not be needed ('gst-plugins-base-libs')
