patching file configure
patching file libavdevice/v4l2.c
patching file configure
Hunk #2 succeeded at 1877 (offset -17 lines).
Hunk #3 succeeded at 3721 (offset -60 lines).
Hunk #4 succeeded at 6865 (offset -93 lines).
patching file doc/indevs.texi
Hunk #1 succeeded at 1156 (offset 35 lines).
patching file doc/outdevs.texi
Hunk #1 succeeded at 340 with fuzz 2 (offset 39 lines).
patching file libavdevice/Makefile
Hunk #1 succeeded at 22 (offset 1 line).
Hunk #2 succeeded at 67 (offset 3 lines).
patching file libavdevice/alldevices.c
Hunk #1 succeeded at 36 (offset 1 line).
patching file libavdevice/libndi_newtek_common.h
patching file libavdevice/libndi_newtek_dec.c
patching file libavdevice/libndi_newtek_enc.c
Applied patch to 'libavformat/avformat.h' cleanly.
Applied patch to 'libavformat/mux_utils.c' cleanly.
Applied patch to 'libavcodec/libsvtav1.c' cleanly.
Auto-merging libavcodec/vaapi_encode.c
Auto-merging libavcodec/vaapi_encode.h
patching file configure
Hunk #1 succeeded at 6903 (offset -229 lines).
