checking for a BSD-compatible install... /usr/bin/install -c
checking whether build environment is sane... yes
checking for a race-free mkdir -p... /usr/bin/mkdir -p
checking for gawk... gawk
checking whether make sets $(MAKE)... yes
checking whether make supports nested variables... yes
checking whether UID '1000' is supported by ustar format... yes
checking whether GID '1000' is supported by ustar format... yes
checking how to create a ustar tar archive... gnutar
checking build system type... x86_64-pc-linux-gnu
checking host system type... x86_64-pc-linux-gnu
checking for g++... g++
checking whether the C++ compiler works... yes
checking for C++ compiler default output file name... a.out
checking for suffix of executables... 
checking whether we are cross compiling... no
checking for suffix of object files... o
checking whether the compiler supports GNU C++... yes
checking whether g++ accepts -g... yes
checking for g++ option to enable C++11 features... none needed
checking whether make supports the include directive... yes (GNU style)
checking dependency style of g++... gcc3
checking for g++... g++
checking whether the compiler supports GNU Objective C++... no
checking whether g++ accepts -g... no
checking dependency style of g++... gcc3
checking for gcc... gcc
checking whether the compiler supports GNU C... yes
checking whether gcc accepts -g... yes
checking for gcc option to enable C11 features... none needed
checking whether gcc understands -c and -o together... yes
checking dependency style of gcc... gcc3
checking for ar... ar
checking the archiver (ar) interface... ar
checking how to print strings... printf
checking for a sed that does not truncate output... /usr/bin/sed
checking for grep that handles long lines and -e... /usr/bin/grep
checking for egrep... /usr/bin/grep -E
checking for fgrep... /usr/bin/grep -F
checking for ld used by gcc... /usr/bin/ld
checking if the linker (/usr/bin/ld) is GNU ld... yes
checking for BSD- or MS-compatible name lister (nm)... /usr/bin/nm -B
checking the name lister (/usr/bin/nm -B) interface... BSD nm
checking whether ln -s works... yes
checking the maximum length of command line arguments... 1572864
checking how to convert x86_64-pc-linux-gnu file names to x86_64-pc-linux-gnu format... func_convert_file_noop
checking how to convert x86_64-pc-linux-gnu file names to toolchain format... func_convert_file_noop
checking for /usr/bin/ld option to reload object files... -r
checking for file... file
checking for objdump... objdump
checking how to recognize dependent libraries... pass_all
checking for dlltool... no
checking how to associate runtime and link libraries... printf %s\n
checking for archiver @FILE support... @
checking for strip... strip
checking for ranlib... ranlib
checking command to parse /usr/bin/nm -B output from gcc object... ok
checking for sysroot... no
checking for a working dd... /usr/bin/dd
checking how to truncate binary pipes... /usr/bin/dd bs=4096 count=1
checking for mt... no
checking if : is a manifest tool... no
checking for stdio.h... yes
checking for stdlib.h... yes
checking for string.h... yes
checking for inttypes.h... yes
checking for stdint.h... yes
checking for strings.h... yes
checking for sys/stat.h... yes
checking for sys/types.h... yes
checking for unistd.h... yes
checking for dlfcn.h... yes
checking for objdir... .libs
checking if gcc supports -fno-rtti -fno-exceptions... no
checking for gcc option to produce PIC... -fPIC -DPIC
checking if gcc PIC flag -fPIC -DPIC works... yes
checking if gcc static flag -static works... yes
checking if gcc supports -c -o file.o... yes
checking if gcc supports -c -o file.o... (cached) yes
checking whether the gcc linker (/usr/bin/ld -m elf_x86_64) supports shared libraries... yes
checking whether -lc should be explicitly linked in... no
checking dynamic linker characteristics... GNU/Linux ld.so
checking how to hardcode library paths into programs... immediate
checking whether stripping libraries is possible... yes
checking if libtool supports shared libraries... yes
checking whether to build shared libraries... yes
checking whether to build static libraries... yes
checking how to run the C++ preprocessor... g++ -E
checking for ld used by g++... /usr/bin/ld -m elf_x86_64
checking if the linker (/usr/bin/ld -m elf_x86_64) is GNU ld... yes
checking whether the g++ linker (/usr/bin/ld -m elf_x86_64) supports shared libraries... yes
/usr/bin/grep: warning: stray \ before -
checking for g++ option to produce PIC... -fPIC -DPIC
checking if g++ PIC flag -fPIC -DPIC works... yes
checking if g++ static flag -static works... yes
checking if g++ supports -c -o file.o... yes
checking if g++ supports -c -o file.o... (cached) yes
checking whether the g++ linker (/usr/bin/ld -m elf_x86_64) supports shared libraries... yes
checking dynamic linker characteristics... (cached) GNU/Linux ld.so
checking how to hardcode library paths into programs... immediate
checking which build type to use... official
checking for special C compiler options needed for large files... no
checking for _FILE_OFFSET_BITS value needed for large files... no
checking for objdump... (cached) objdump
checking for strip... (cached) strip
checking whether g++ supports C++17 features with -std=c++17... yes
checking for whether we need -stdlib=libc++... no
checking for pkg-config... /usr/bin/pkg-config
checking pkg-config is at least version 0.9.0... yes
checking for libfilezilla >= 0.50.0... yes
checking for CPU word size... 64 bits
checking for wx-config... /usr/bin/wx-config
checking for wxWidgets version >= 3.0.4 (--unicode=yes --universal=no)... yes (version 3.2.9)
checking for wxWidgets static library... no
checking positional printf argument support in wxWidgets... yes
checking GUI support in wxWidgets... yes
checking whether the linker accepts -Wl,--dynamicbase... no
checking whether the linker accepts -Wl,--high-entropy-va... no
checking whether the linker accepts -Wl,--nxcompat... no
checking for cppunit >= 1.13.0... no
checking for makensis... no
checking for dpkg-architecture... no
checking for dpkg-deb... no
checking whether we can build deb packages... no
configure: WARNING: Couldn't find the tools to build a debian package. This functionality will be disabled
checking whether to use windres... no
checking for pugixml.hpp... yes
checking for main in -lpugixml... yes
checking for pugixml >= 1.9... yes
checking whether pugixml has been compiled with long long support... yes
configure: Using system pugixml
checking that generated files are newer than configure... done
configure: creating ./config.status
config.status: creating Makefile
config.status: creating src/Makefile
config.status: creating src/filezilla/Makefile
config.status: creating src/filezilla/webui/app/Makefile
config.status: creating src/server/Makefile
config.status: creating src/gui/Makefile
config.status: creating src/tools/Makefile
config.status: creating src/tools/configconverter/Makefile
config.status: creating src/tools/crypt/Makefile
config.status: creating src/tools/impersonator/Makefile
config.status: creating res/Makefile
config.status: creating res/filezilla-server-gui.manifest.xml
config.status: creating res/filezilla-server-gui.version.rc
config.status: creating res/filezilla-server.version.rc
config.status: creating res/org.filezilla-project.filezilla-server.service.plist
config.status: creating res/share/Makefile
config.status: creating res/share/icons/Makefile
config.status: creating res/share/icons/hicolor/Makefile
config.status: creating pkg/Makefile
config.status: creating pkg/windows/Makefile
config.status: creating pkg/windows/install.nsi
config.status: creating pkg/unix/Makefile
config.status: creating pkg/unix/control
config.status: creating pkg/unix/templates
config.status: creating pkg/unix/filezilla-server-gui.desktop
config.status: creating pkg/unix/filezilla-server.service
config.status: creating pkg/mac/Makefile
config.status: creating pkg/mac/Info.plist
config.status: creating pkg/mac/server.dist
config.status: creating pkg/mac/component.plist
config.status: creating tests/Makefile
config.status: creating pkg/mac/scripts/service/postinstall
config.status: creating src/config.hpp
config.status: creating src/config_modules.hpp
config.status: executing depfiles commands
config.status: executing libtool commands
config.status: executing determine-execobjdir commands
checking Which directory are executables built in... .
config.status: executing determine-build-datetime commands
