npm warn deprecated @types/localforage@0.0.34: This is a stub types definition for localforage (https://github.com/localForage/localForage). localforage provides its own type definitions, so you don't need @types/localforage installed!
npm warn deprecated @xmldom/xmldom@0.7.13: this version has critical issues, please update to the latest version
npm warn deprecated vue-i18n@10.0.8: v9 and v10 no longer supported. please migrate to v11. about maintenance status, see https://vue-i18n.intlify.dev/guide/maintenance.html

added 508 packages, and audited 509 packages in 37s

103 packages are looking for funding
  run `npm fund` for details

3 high severity vulnerabilities

To address all issues (including breaking changes), run:
  npm audit fix --force

Run `npm audit` for details.
npm warn allow-scripts 4 packages have install scripts not yet covered by allowScripts:
npm warn allow-scripts   core-js@3.49.0 (postinstall: node -e "try{require('./postinstall')}catch(e){}")
npm warn allow-scripts   es5-ext@0.10.64 (postinstall:  node -e "try{require('./_postinstall')}catch(e){}" || exit 0)
npm warn allow-scripts   esbuild@0.28.0 (postinstall: node install.js)
npm warn allow-scripts   esbuild@0.25.12 (postinstall: node install.js)
npm warn allow-scripts
npm warn allow-scripts Run `npm approve-scripts --allow-scripts-pending` to review, or `npm approve-scripts <pkg>` to allow.
DONE NPM INSTALL
npm warn using --force Recommended protections disabled.

removed 2 packages, changed 2 packages, and audited 507 packages in 6s

103 packages are looking for funding
  run `npm fund` for details

3 high severity vulnerabilities

To address all issues (including breaking changes), run:
  npm audit fix --force

Run `npm audit` for details.
npm warn allow-scripts 3 packages have install scripts not yet covered by allowScripts:
npm warn allow-scripts   esbuild@0.25.12 (postinstall: node install.js)
npm warn allow-scripts   core-js@3.49.0 (postinstall: node -e "try{require('./postinstall')}catch(e){}")
npm warn allow-scripts   es5-ext@0.10.64 (postinstall:  node -e "try{require('./_postinstall')}catch(e){}" || exit 0)
npm warn allow-scripts
npm warn allow-scripts Run `npm approve-scripts --allow-scripts-pending` to review, or `npm approve-scripts <pkg>` to allow.
DONE NPM UPDATE

> filebrowser-frontend@3.0.0 build
> pnpm run typecheck && vite build


> filebrowser-frontend@3.0.0 typecheck /build/filebrowser/src/filebrowser/frontend
> vue-tsc -p ./tsconfig.app.json --noEmit

vite v8.0.16 building client environment for production...
[2Ktransforming...<script src="[{[ .ReCaptchaHost ]}]/recaptcha/api.js?render=explicit"> in "/public/index.html" can't be bundled without type="module" attribute

[{[ .StaticURL ]}]/custom.css doesn't exist at build time, it will remain unchanged to be resolved at runtime
✓ 1078 modules transformed.
rendering chunks...
computing gzip size...
dist/assets/rolldown-runtime-legacy-D9yEysrR.js.br      0.60 kB
dist/assets/hr-legacy-5ibrYeMj.js.br                    0.67 kB
dist/assets/rolldown-runtime-legacy-D9yEysrR.js.gz      0.70 kB
dist/assets/bg-legacy-B9omZ2Fw.js.br                    0.78 kB
dist/assets/hr-legacy-5ibrYeMj.js.gz                    0.79 kB
dist/assets/bg-legacy-B9omZ2Fw.js.gz                    1.01 kB
dist/assets/pt-PT-legacy-CGlpe5uz.js.br                 1.02 kB
dist/assets/pt-PT-legacy-CGlpe5uz.js.gz                 1.19 kB
dist/assets/en-legacy-7pqebKSR.js.br                    1.21 kB
dist/assets/en-legacy-7pqebKSR.js.gz                    1.51 kB
dist/assets/cs-legacy-9pfP4pTS.js.br                    1.64 kB
dist/assets/he-legacy-CfABNsYS.js.br                    1.66 kB
dist/assets/zh-CN-legacy-HfcQ_P53.js.br                 1.66 kB
dist/assets/pt-BR-legacy--3ZZuH1f.js.br                 1.67 kB
dist/assets/vi-legacy-BEKyi_v-.js.br                    1.68 kB
dist/assets/lv-legacy-Br35Nd73.js.br                    1.70 kB
dist/assets/it-legacy-BppBCrH5.js.br                    1.72 kB
dist/assets/sk-legacy-D0As6QHl.js.br                    1.74 kB
dist/assets/zh-TW-legacy-Ceq85BcF.js.br                 1.74 kB
dist/assets/ro-legacy-6WI0kBKa.js.br                    1.76 kB
dist/assets/nl-legacy-DdXDvuRy.js.br                    1.77 kB
dist/assets/hu-legacy-CpgmoOiv.js.br                    1.79 kB
dist/assets/tr-legacy-Bvx-qeaI.js.br                    1.81 kB
dist/assets/nb-legacy-B3e63roF.js.br                    1.81 kB
dist/assets/es-legacy-D_KjQtBc.js.br                    1.81 kB
dist/assets/ko-legacy-Dm6hi-ZK.js.br                    1.89 kB
dist/assets/uk-legacy-CyLorxu9.js.br                    1.90 kB
dist/assets/ar-legacy-xWNRHIxn.js.br                    1.90 kB
dist/assets/pl-legacy-_fpuJOH5.js.br                    1.91 kB
dist/assets/de-legacy-DYciqsql.js.br                    1.93 kB
dist/assets/fr-legacy-BIXuwY-c.js.br                    1.93 kB
dist/assets/cs-legacy-9pfP4pTS.js.gz                    1.94 kB
dist/assets/pt-BR-legacy--3ZZuH1f.js.gz                 1.97 kB
dist/assets/vi-legacy-BEKyi_v-.js.gz                    2.00 kB
dist/assets/ru-legacy-B8Vf2Dgm.js.br                    2.00 kB
dist/assets/ja-legacy-BKZ7_pf8.js.br                    2.01 kB
dist/assets/lv-legacy-Br35Nd73.js.gz                    2.01 kB
dist/assets/it-legacy-BppBCrH5.js.gz                    2.01 kB
dist/assets/ro-legacy-6WI0kBKa.js.gz                    2.05 kB
dist/assets/sk-legacy-D0As6QHl.js.gz                    2.05 kB
dist/assets/el-legacy-DV-tkMcm.js.br                    2.07 kB
dist/assets/nl-legacy-DdXDvuRy.js.gz                    2.07 kB
dist/assets/he-legacy-CfABNsYS.js.gz                    2.09 kB
dist/assets/hu-legacy-CpgmoOiv.js.gz                    2.12 kB
dist/assets/tr-legacy-Bvx-qeaI.js.gz                    2.12 kB
dist/assets/nb-legacy-B3e63roF.js.gz                    2.13 kB
dist/assets/es-legacy-D_KjQtBc.js.gz                    2.18 kB
dist/assets/zh-CN-legacy-HfcQ_P53.js.gz                 2.22 kB
dist/assets/pl-legacy-_fpuJOH5.js.gz                    2.23 kB
dist/assets/de-legacy-DYciqsql.js.gz                    2.24 kB
dist/assets/zh-TW-legacy-Ceq85BcF.js.gz                 2.25 kB
dist/assets/fr-legacy-BIXuwY-c.js.gz                    2.25 kB
dist/assets/ko-legacy-Dm6hi-ZK.js.gz                    2.36 kB
dist/assets/uk-legacy-CyLorxu9.js.gz                    2.37 kB
dist/assets/ar-legacy-xWNRHIxn.js.gz                    2.41 kB
dist/assets/ja-legacy-BKZ7_pf8.js.gz                    2.50 kB
dist/assets/ru-legacy-B8Vf2Dgm.js.gz                    2.55 kB
dist/assets/el-legacy-DV-tkMcm.js.gz                    2.58 kB
dist/assets/dayjs-legacy-BIl0pu9z.js.br                12.72 kB
dist/assets/dayjs-legacy-BIl0pu9z.js.gz                14.82 kB
dist/assets/polyfills-legacy-DCXHypE5.js.br            19.58 kB
dist/assets/polyfills-legacy-DCXHypE5.js.gz            22.02 kB
dist/assets/Editor-legacy-B-2cEUti.js.br              101.64 kB
dist/assets/Editor-legacy-B-2cEUti.js.gz              120.58 kB
dist/assets/i18n-legacy-BCEA54pO.js.br                152.37 kB
dist/assets/i18n-legacy-BCEA54pO.js.gz                189.03 kB
dist/assets/index-legacy-DWMEs1kF.js.br               200.81 kB
dist/assets/index-legacy-DWMEs1kF.js.gz               242.64 kB
dist/assets/Preview-legacy-Cgwys98f.js.br             297.15 kB
dist/assets/Preview-legacy-Cgwys98f.js.gz             387.78 kB
dist/assets/rolldown-runtime-legacy-D9yEysrR.js         1.31 kB │ gzip:   0.70 kB
dist/assets/hr-legacy-5ibrYeMj.js                       1.58 kB │ gzip:   0.80 kB
dist/assets/bg-legacy-B9omZ2Fw.js                       2.28 kB │ gzip:   1.02 kB
dist/assets/pt-PT-legacy-CGlpe5uz.js                    2.74 kB │ gzip:   1.18 kB
dist/assets/cs-legacy-9pfP4pTS.js                       4.40 kB │ gzip:   1.94 kB
dist/assets/zh-CN-legacy-HfcQ_P53.js                    4.54 kB │ gzip:   2.27 kB
dist/assets/sk-legacy-D0As6QHl.js                       4.63 kB │ gzip:   2.06 kB
dist/assets/zh-TW-legacy-Ceq85BcF.js                    4.64 kB │ gzip:   2.29 kB
dist/assets/pt-BR-legacy--3ZZuH1f.js                    4.68 kB │ gzip:   1.96 kB
dist/assets/vi-legacy-BEKyi_v-.js                       4.69 kB │ gzip:   2.01 kB
dist/assets/lv-legacy-Br35Nd73.js                       4.76 kB │ gzip:   2.01 kB
dist/assets/tr-legacy-Bvx-qeaI.js                       4.85 kB │ gzip:   2.12 kB
dist/assets/en-legacy-7pqebKSR.js                       4.87 kB │ gzip:   1.50 kB
dist/assets/ro-legacy-6WI0kBKa.js                       4.99 kB │ gzip:   2.05 kB
dist/assets/hu-legacy-CpgmoOiv.js                       4.99 kB │ gzip:   2.12 kB
dist/assets/it-legacy-BppBCrH5.js                       5.00 kB │ gzip:   2.01 kB
dist/assets/pl-legacy-_fpuJOH5.js                       5.16 kB │ gzip:   2.23 kB
dist/assets/nb-legacy-B3e63roF.js                       5.17 kB │ gzip:   2.12 kB
dist/assets/nl-legacy-DdXDvuRy.js                       5.19 kB │ gzip:   2.07 kB
dist/assets/he-legacy-CfABNsYS.js                       5.22 kB │ gzip:   2.12 kB
dist/assets/ko-legacy-Dm6hi-ZK.js                       5.23 kB │ gzip:   2.41 kB
dist/assets/de-legacy-DYciqsql.js                       5.41 kB │ gzip:   2.24 kB
dist/assets/es-legacy-D_KjQtBc.js                       5.48 kB │ gzip:   2.18 kB
dist/assets/fr-legacy-BIXuwY-c.js                       5.65 kB │ gzip:   2.24 kB
dist/assets/ja-legacy-BKZ7_pf8.js                       5.92 kB │ gzip:   2.55 kB
dist/assets/uk-legacy-CyLorxu9.js                       6.25 kB │ gzip:   2.40 kB
dist/assets/ar-legacy-xWNRHIxn.js                       6.32 kB │ gzip:   2.44 kB
dist/assets/ru-legacy-B8Vf2Dgm.js                       6.77 kB │ gzip:   2.57 kB
dist/assets/el-legacy-DV-tkMcm.js                       6.89 kB │ gzip:   2.61 kB
dist/assets/dayjs-legacy-BIl0pu9z.js                   57.77 kB │ gzip:  15.26 kB
dist/assets/polyfills-legacy-DCXHypE5.js               63.20 kB │ gzip:  22.32 kB
dist/assets/Editor-legacy-B-2cEUti.js                 400.71 kB │ gzip: 122.90 kB
dist/assets/i18n-legacy-BCEA54pO.js                   843.88 kB │ gzip: 194.71 kB
dist/assets/index-legacy-DWMEs1kF.js                  858.75 kB │ gzip: 246.28 kB
dist/assets/Preview-legacy-Cgwys98f.js              1,316.86 kB │ gzip: 393.37 kB

[31m[INVALID_ANNOTATION] [0mA comment "/* #__PURE__ */" in "node_modules/@vueuse/core/dist/index.js" contains an annotation that Rolldown cannot interpret due to the position of the comment.
      [38;5;246m╭[0m[38;5;246m─[0m[38;5;246m[[0m node_modules/@vueuse/core/dist/index.js:3362:1 [38;5;246m][0m
      [38;5;246m│[0m
 [38;5;246m3362 │[0m /* #__PURE__ */
 [38;5;240m     │[0m ───────┬───────  
 [38;5;240m     │[0m        ╰───────── comment ignored due to position
 [38;5;240m     │[0m 
 [38;5;240m     │[0m [38;5;115mHelp[0m: For more information on how to use pure annotations correctly, check the documentation: https://rolldown.rs/in-depth/dead-code-elimination#pure
[38;5;246m──────╯[0m

[plugin builtin:vite-reporter] 
(!) Some chunks are larger than 500 kB after minification. Consider:
- Using dynamic import() to code-split the application
- Use build.rolldownOptions.output.codeSplitting to improve chunking: https://rolldown.rs/reference/OutputOptions.codeSplitting
- Adjust chunk size limit for this warning via build.chunkSizeWarningLimit.
[31m[INVALID_ANNOTATION] [0mA comment "/* #__PURE__ */" in "node_modules/@vueuse/core/dist/index.js" contains an annotation that Rolldown cannot interpret due to the position of the comment.
      [38;5;246m╭[0m[38;5;246m─[0m[38;5;246m[[0m node_modules/@vueuse/core/dist/index.js:5780:23 [38;5;246m][0m
      [38;5;246m│[0m
 [38;5;246m5780 │[0m [38;5;249mc[0m[38;5;249mo[0m[38;5;249mn[0m[38;5;249ms[0m[38;5;249mt[0m[38;5;249m [0m[38;5;249md[0m[38;5;249me[0m[38;5;249mf[0m[38;5;249ma[0m[38;5;249mu[0m[38;5;249ml[0m[38;5;249mt[0m[38;5;249mS[0m[38;5;249mt[0m[38;5;249ma[0m[38;5;249mt[0m[38;5;249me[0m[38;5;249m [0m[38;5;249m=[0m[38;5;249m [0m[38;5;249m([0m/* #__PURE__ */[38;5;249m [0m[38;5;249m{[0m
 [38;5;240m     │[0m                       ───────┬───────  
 [38;5;240m     │[0m                              ╰───────── comment ignored due to position
 [38;5;240m     │[0m 
 [38;5;240m     │[0m [38;5;115mHelp[0m: For more information on how to use pure annotations correctly, check the documentation: https://rolldown.rs/in-depth/dead-code-elimination#pure
[38;5;246m──────╯[0m

[33m[PLUGIN_TIMINGS] [0mYour build spent significant time in plugins. Here is a breakdown:
  - vite:legacy-post-process (51%)
  - unplugin-vue-i18n:resource (26%)
  - vite:build-import-analysis (18%)
See https://rolldown.rs/options/checks#plugintimings for more details.

[2Ktransforming...<script src="[{[ .ReCaptchaHost ]}]/recaptcha/api.js?render=explicit"> in "/public/index.html" can't be bundled without type="module" attribute
✓ 1078 modules transformed.
rendering chunks...
computing gzip size...
dist/assets/rolldown-runtime-CMxvf4Kt.js.br         0.58 kB
dist/assets/rolldown-runtime-CMxvf4Kt.js.gz         0.67 kB
dist/assets/hr-ChAylhwd.js.br                       0.70 kB
dist/assets/bg-B022ViY8.js.br                       0.78 kB
dist/assets/hr-ChAylhwd.js.gz                       0.78 kB
dist/assets/bg-B022ViY8.js.gz                       0.99 kB
dist/assets/pt-PT-C1EF2ioZ.js.br                    1.04 kB
dist/assets/pt-PT-C1EF2ioZ.js.gz                    1.19 kB
dist/assets/en-bb0ipMhf.js.br                       1.38 kB
dist/assets/en-bb0ipMhf.js.gz                       1.63 kB
dist/assets/cs-Zccxo0rD.js.br                       1.74 kB
dist/assets/he-BkhUtftp.js.br                       1.75 kB
dist/assets/zh-CN-DewK6IbO.js.br                    1.77 kB
dist/assets/vi-CrdvwKB4.js.br                       1.78 kB
dist/assets/pt-BR-BCX7PhcU.js.br                    1.81 kB
dist/assets/lv-S6Uo4-eq.js.br                       1.82 kB
dist/assets/zh-TW-B7vYMuiR.js.br                    1.84 kB
dist/assets/it-4UJbeLao.js.br                       1.84 kB
dist/assets/sk-so1J4X1_.js.br                       1.85 kB
dist/assets/ro-DN02QGiH.js.br                       1.88 kB
dist/assets/hu-DbnJTZMd.js.br                       1.90 kB
dist/assets/tr-Dlw7UBd7.js.br                       1.91 kB
dist/assets/nl-BYTDyk6C.js.br                       1.91 kB
dist/assets/nb-BAvumF9L.js.br                       1.92 kB
dist/assets/es-CTP1_AVh.js.br                       1.96 kB
dist/assets/cs-Zccxo0rD.js.gz                       1.98 kB
dist/assets/ko-bEHR569G.js.br                       1.98 kB
dist/assets/uk-DLYUXzDI.js.br                       1.98 kB
dist/assets/ar-BP-fkP5e.js.br                       2.00 kB
dist/assets/pl-DrztdDxx.js.br                       2.03 kB
dist/assets/pt-BR-BCX7PhcU.js.gz                    2.03 kB
dist/assets/de-Zs-UxCCR.js.br                       2.05 kB
dist/assets/it-4UJbeLao.js.gz                       2.06 kB
dist/assets/fr-Bh8cPR-Q.js.br                       2.06 kB
dist/assets/vi-CrdvwKB4.js.gz                       2.06 kB
dist/assets/lv-S6Uo4-eq.js.gz                       2.06 kB
dist/assets/sk-so1J4X1_.js.gz                       2.08 kB
dist/assets/ru-Dy_p_ovJ.js.br                       2.10 kB
dist/assets/ja-BBkj0GYd.js.br                       2.10 kB
dist/assets/ro-DN02QGiH.js.gz                       2.11 kB
dist/assets/el-CzO-w5eX.js.br                       2.14 kB
dist/assets/nl-BYTDyk6C.js.gz                       2.14 kB
dist/assets/he-BkhUtftp.js.gz                       2.14 kB
dist/assets/hu-DbnJTZMd.js.gz                       2.17 kB
dist/assets/nb-BAvumF9L.js.gz                       2.17 kB
dist/assets/tr-Dlw7UBd7.js.gz                       2.17 kB
dist/assets/es-CTP1_AVh.js.gz                       2.25 kB
dist/assets/pl-DrztdDxx.js.gz                       2.27 kB
dist/assets/zh-CN-DewK6IbO.js.gz                    2.29 kB
dist/assets/de-Zs-UxCCR.js.gz                       2.29 kB
dist/assets/fr-Bh8cPR-Q.js.gz                       2.31 kB
dist/assets/zh-TW-B7vYMuiR.js.gz                    2.32 kB
dist/assets/uk-DLYUXzDI.js.gz                       2.40 kB
dist/assets/ko-bEHR569G.js.gz                       2.41 kB
dist/assets/ar-BP-fkP5e.js.gz                       2.46 kB
dist/assets/ja-BBkj0GYd.js.gz                       2.56 kB
dist/assets/ru-Dy_p_ovJ.js.gz                       2.58 kB
dist/assets/el-CzO-w5eX.js.gz                       2.60 kB
dist/assets/medium-vietnamese-CqtfC5E6.woff2        4.78 kB
dist/assets/normal-vietnamese-BFW_PrBQ.woff2        4.89 kB
dist/public/index.html                              5.90 kB │ gzip:   2.15 kB
dist/assets/medium-greek-CYrUg8_A.woff2             7.17 kB
dist/assets/bold-vietnamese-9GZUqT2t.woff2          7.20 kB
dist/assets/normal-greek-DzgR_hcO.woff2             7.20 kB
dist/assets/bold-greek-CZts-Xup.woff2               9.48 kB
dist/assets/normal-cyrillic-DIIsSwSF.woff2          9.99 kB
dist/assets/medium-cyrillic-CkXvmKJs.woff2         10.06 kB
dist/assets/bold-cyrillic--c625Tgp.woff2           11.67 kB
dist/assets/medium-latin-ext-BKjnCq26.woff2        11.91 kB
dist/assets/normal-latin-ext-vBxM5Tkz.woff2        12.00 kB
dist/assets/dayjs-RRSc3d1_.js.br                   12.80 kB
dist/assets/normal-latin-44DxGZCZ.woff2            14.58 kB
dist/assets/medium-latin-qoGZqeje.woff2            14.59 kB
dist/assets/dayjs-RRSc3d1_.js.gz                   14.97 kB
dist/assets/bold-latin-ext-TvF7z9v-.woff2          15.14 kB
dist/assets/medium-cyrillic-ext-Cs9Yeg2Z.woff2     15.29 kB
dist/assets/normal-cyrillic-ext-BmhtxWN4.woff2     15.83 kB
dist/assets/bold-cyrillic-ext-E0dvYyMz.woff2       17.17 kB
dist/assets/bold-latin-CiQBian2.woff2              18.12 kB
dist/assets/Editor-BJqyRZe_.js.br                 101.02 kB
dist/assets/Editor-BJqyRZe_.js.gz                 118.75 kB
dist/assets/material-icons-kAwBdRge.woff2         128.35 kB
dist/assets/i18n-CcVuguv1.js.br                   152.68 kB
dist/assets/material-icons-Dr0goTwe.woff          164.91 kB
dist/assets/index-BqoUzUPR.js.br                  184.46 kB
dist/assets/i18n-CcVuguv1.js.gz                   188.11 kB
dist/assets/index-BqoUzUPR.js.gz                  221.00 kB
dist/assets/Preview-Bg_moJDW.js.br                286.35 kB
dist/assets/Preview-Bg_moJDW.js.gz                372.21 kB
dist/assets/Editor-qZJ_8PxF.css                     0.51 kB │ gzip:   0.25 kB
dist/assets/Preview-D3v_iDY5.css                   58.23 kB │ gzip:  14.67 kB
dist/assets/index-DSncGhDs.css                     66.70 kB │ gzip:  18.61 kB
dist/assets/rolldown-runtime-CMxvf4Kt.js            1.21 kB │ gzip:   0.67 kB
dist/assets/hr-ChAylhwd.js                          1.43 kB │ gzip:   0.78 kB
dist/assets/bg-B022ViY8.js                          2.02 kB │ gzip:   1.00 kB
dist/assets/pt-PT-C1EF2ioZ.js                       2.55 kB │ gzip:   1.18 kB
dist/assets/cs-Zccxo0rD.js                          4.06 kB │ gzip:   1.98 kB
dist/assets/sk-so1J4X1_.js                          4.29 kB │ gzip:   2.10 kB
dist/assets/zh-CN-DewK6IbO.js                       4.29 kB │ gzip:   2.35 kB
dist/assets/vi-CrdvwKB4.js                          4.34 kB │ gzip:   2.08 kB
dist/assets/pt-BR-BCX7PhcU.js                       4.38 kB │ gzip:   2.03 kB
dist/assets/zh-TW-B7vYMuiR.js                       4.41 kB │ gzip:   2.38 kB
dist/assets/lv-S6Uo4-eq.js                          4.43 kB │ gzip:   2.08 kB
dist/assets/tr-Dlw7UBd7.js                          4.54 kB │ gzip:   2.18 kB
dist/assets/en-bb0ipMhf.js                          4.61 kB │ gzip:   1.63 kB
dist/assets/hu-DbnJTZMd.js                          4.66 kB │ gzip:   2.18 kB
dist/assets/ro-DN02QGiH.js                          4.68 kB │ gzip:   2.12 kB
dist/assets/it-4UJbeLao.js                          4.73 kB │ gzip:   2.06 kB
dist/assets/pl-DrztdDxx.js                          4.80 kB │ gzip:   2.29 kB
dist/assets/he-BkhUtftp.js                          4.81 kB │ gzip:   2.18 kB
dist/assets/nb-BAvumF9L.js                          4.84 kB │ gzip:   2.17 kB
dist/assets/nl-BYTDyk6C.js                          4.86 kB │ gzip:   2.14 kB
dist/assets/ko-bEHR569G.js                          4.86 kB │ gzip:   2.48 kB
dist/assets/de-Zs-UxCCR.js                          5.08 kB │ gzip:   2.29 kB
dist/assets/es-CTP1_AVh.js                          5.12 kB │ gzip:   2.25 kB
dist/assets/fr-Bh8cPR-Q.js                          5.31 kB │ gzip:   2.31 kB
dist/assets/ja-BBkj0GYd.js                          5.52 kB │ gzip:   2.61 kB
dist/assets/uk-DLYUXzDI.js                          5.64 kB │ gzip:   2.44 kB
dist/assets/ar-BP-fkP5e.js                          5.84 kB │ gzip:   2.50 kB
dist/assets/ru-Dy_p_ovJ.js                          6.12 kB │ gzip:   2.61 kB
dist/assets/el-CzO-w5eX.js                          6.30 kB │ gzip:   2.64 kB
dist/assets/dayjs-RRSc3d1_.js                      57.92 kB │ gzip:  15.42 kB
dist/assets/Editor-BJqyRZe_.js                    393.01 kB │ gzip: 120.86 kB
dist/assets/index-BqoUzUPR.js                     788.70 kB │ gzip: 224.29 kB
dist/assets/i18n-CcVuguv1.js                      844.31 kB │ gzip: 193.98 kB
dist/assets/Preview-Bg_moJDW.js                 1,258.95 kB │ gzip: 378.06 kB

[31m[INVALID_ANNOTATION] [0mA comment "/* #__PURE__ */" in "node_modules/@vueuse/core/dist/index.js" contains an annotation that Rolldown cannot interpret due to the position of the comment.
      [38;5;246m╭[0m[38;5;246m─[0m[38;5;246m[[0m node_modules/@vueuse/core/dist/index.js:3362:1 [38;5;246m][0m
      [38;5;246m│[0m
 [38;5;246m3362 │[0m /* #__PURE__ */
 [38;5;240m     │[0m ───────┬───────  
 [38;5;240m     │[0m        ╰───────── comment ignored due to position
 [38;5;240m     │[0m 
 [38;5;240m     │[0m [38;5;115mHelp[0m: For more information on how to use pure annotations correctly, check the documentation: https://rolldown.rs/in-depth/dead-code-elimination#pure
[38;5;246m──────╯[0m

[plugin builtin:vite-reporter] 
(!) Some chunks are larger than 500 kB after minification. Consider:
- Using dynamic import() to code-split the application
- Use build.rolldownOptions.output.codeSplitting to improve chunking: https://rolldown.rs/reference/OutputOptions.codeSplitting
- Adjust chunk size limit for this warning via build.chunkSizeWarningLimit.
[31m[INVALID_ANNOTATION] [0mA comment "/* #__PURE__ */" in "node_modules/@vueuse/core/dist/index.js" contains an annotation that Rolldown cannot interpret due to the position of the comment.
      [38;5;246m╭[0m[38;5;246m─[0m[38;5;246m[[0m node_modules/@vueuse/core/dist/index.js:5780:23 [38;5;246m][0m
      [38;5;246m│[0m
 [38;5;246m5780 │[0m [38;5;249mc[0m[38;5;249mo[0m[38;5;249mn[0m[38;5;249ms[0m[38;5;249mt[0m[38;5;249m [0m[38;5;249md[0m[38;5;249me[0m[38;5;249mf[0m[38;5;249ma[0m[38;5;249mu[0m[38;5;249ml[0m[38;5;249mt[0m[38;5;249mS[0m[38;5;249mt[0m[38;5;249ma[0m[38;5;249mt[0m[38;5;249me[0m[38;5;249m [0m[38;5;249m=[0m[38;5;249m [0m[38;5;249m([0m/* #__PURE__ */[38;5;249m [0m[38;5;249m{[0m
 [38;5;240m     │[0m                       ───────┬───────  
 [38;5;240m     │[0m                              ╰───────── comment ignored due to position
 [38;5;240m     │[0m 
 [38;5;240m     │[0m [38;5;115mHelp[0m: For more information on how to use pure annotations correctly, check the documentation: https://rolldown.rs/in-depth/dead-code-elimination#pure
[38;5;246m──────╯[0m

✓ built in 30.29s

DONE NPM RUN BUILD
2026/06/07 21:23:56 no calls to rice.FindBox() found
DONE rice embed-go
