Making install in res
make[1]: Entering directory '/build/filezilla-server/src/filezilla-server-1.11.1/res'
Making install in share
make[2]: Entering directory '/build/filezilla-server/src/filezilla-server-1.11.1/res/share'
Making install in icons
make[3]: Entering directory '/build/filezilla-server/src/filezilla-server-1.11.1/res/share/icons'
Making install in hicolor
make[4]: Entering directory '/build/filezilla-server/src/filezilla-server-1.11.1/res/share/icons/hicolor'
make[5]: Entering directory '/build/filezilla-server/src/filezilla-server-1.11.1/res/share/icons/hicolor'
make[5]: Nothing to be done for 'install-exec-am'.
 /usr/bin/mkdir -p '/build/filezilla-server/pkg/filezilla-server/usr/share/icons/hicolor'
 /usr/bin/mkdir -p '/build/filezilla-server/pkg/filezilla-server/usr/share/icons/hicolor'
 /usr/bin/mkdir -p '/build/filezilla-server/pkg/filezilla-server/usr/share/icons/hicolor'
 /usr/bin/mkdir -p '/build/filezilla-server/pkg/filezilla-server/usr/share/icons/hicolor'
 /usr/bin/mkdir -p '/build/filezilla-server/pkg/filezilla-server/usr/share/icons/hicolor'
 /usr/bin/mkdir -p '/build/filezilla-server/pkg/filezilla-server/usr/share/icons/hicolor'
 /usr/bin/mkdir -p '/build/filezilla-server/pkg/filezilla-server/usr/share/icons/hicolor'
 /usr/bin/mkdir -p '/build/filezilla-server/pkg/filezilla-server/usr/share/icons/hicolor'
 /usr/bin/mkdir -p '/build/filezilla-server/pkg/filezilla-server/usr/share/icons/hicolor'
 /usr/bin/mkdir -p '/build/filezilla-server/pkg/filezilla-server/usr/share/icons/hicolor/24x24/apps'
 /usr/bin/mkdir -p '/build/filezilla-server/pkg/filezilla-server/usr/share/icons/hicolor/128x128/apps'
 /usr/bin/mkdir -p '/build/filezilla-server/pkg/filezilla-server/usr/share/icons/hicolor/256x256/apps'
 /usr/bin/mkdir -p '/build/filezilla-server/pkg/filezilla-server/usr/share/icons/hicolor/20x20/apps'
 /usr/bin/install -c -m 644  24x24/apps/filezilla-server-gui.png '/build/filezilla-server/pkg/filezilla-server/usr/share/icons/hicolor/24x24/apps'
 /usr/bin/mkdir -p '/build/filezilla-server/pkg/filezilla-server/usr/share/icons/hicolor/32x32/apps'
 /usr/bin/mkdir -p '/build/filezilla-server/pkg/filezilla-server/usr/share/icons/hicolor/48x48/apps'
 /usr/bin/mkdir -p '/build/filezilla-server/pkg/filezilla-server/usr/share/icons/hicolor/16x16/apps'
 /usr/bin/mkdir -p '/build/filezilla-server/pkg/filezilla-server/usr/share/icons/hicolor/scalable/apps'
 /usr/bin/mkdir -p '/build/filezilla-server/pkg/filezilla-server/usr/share/icons/hicolor/64x64/apps'
 /usr/bin/install -c -m 644  256x256/apps/filezilla-server-gui.png '/build/filezilla-server/pkg/filezilla-server/usr/share/icons/hicolor/256x256/apps'
 /usr/bin/install -c -m 644  128x128/apps/filezilla-server-gui.png '/build/filezilla-server/pkg/filezilla-server/usr/share/icons/hicolor/128x128/apps'
 /usr/bin/install -c -m 644  20x20/apps/filezilla-server-gui.png '/build/filezilla-server/pkg/filezilla-server/usr/share/icons/hicolor/20x20/apps'
 /usr/bin/install -c -m 644  32x32/apps/filezilla-server-gui.png '/build/filezilla-server/pkg/filezilla-server/usr/share/icons/hicolor/32x32/apps'
 /usr/bin/install -c -m 644  48x48/apps/filezilla-server-gui.png '/build/filezilla-server/pkg/filezilla-server/usr/share/icons/hicolor/48x48/apps'
 /usr/bin/install -c -m 644  16x16/apps/filezilla-server-gui.png '/build/filezilla-server/pkg/filezilla-server/usr/share/icons/hicolor/16x16/apps'
 /usr/bin/install -c -m 644  64x64/apps/filezilla-server-gui.png '/build/filezilla-server/pkg/filezilla-server/usr/share/icons/hicolor/64x64/apps'
 /usr/bin/install -c -m 644  scalable/apps/filezilla-server-gui.svg '/build/filezilla-server/pkg/filezilla-server/usr/share/icons/hicolor/scalable/apps'
make[5]: Leaving directory '/build/filezilla-server/src/filezilla-server-1.11.1/res/share/icons/hicolor'
make[4]: Leaving directory '/build/filezilla-server/src/filezilla-server-1.11.1/res/share/icons/hicolor'
make[4]: Entering directory '/build/filezilla-server/src/filezilla-server-1.11.1/res/share/icons'
make[5]: Entering directory '/build/filezilla-server/src/filezilla-server-1.11.1/res/share/icons'
make[5]: Nothing to be done for 'install-exec-am'.
make[5]: Nothing to be done for 'install-data-am'.
make[5]: Leaving directory '/build/filezilla-server/src/filezilla-server-1.11.1/res/share/icons'
make[4]: Leaving directory '/build/filezilla-server/src/filezilla-server-1.11.1/res/share/icons'
make[3]: Leaving directory '/build/filezilla-server/src/filezilla-server-1.11.1/res/share/icons'
make[3]: Entering directory '/build/filezilla-server/src/filezilla-server-1.11.1/res/share'
make[4]: Entering directory '/build/filezilla-server/src/filezilla-server-1.11.1/res/share'
make[4]: Nothing to be done for 'install-exec-am'.
make[4]: Nothing to be done for 'install-data-am'.
make[4]: Leaving directory '/build/filezilla-server/src/filezilla-server-1.11.1/res/share'
make[3]: Leaving directory '/build/filezilla-server/src/filezilla-server-1.11.1/res/share'
make[2]: Leaving directory '/build/filezilla-server/src/filezilla-server-1.11.1/res/share'
make[2]: Entering directory '/build/filezilla-server/src/filezilla-server-1.11.1/res'
make[3]: Entering directory '/build/filezilla-server/src/filezilla-server-1.11.1/res'
make[3]: Nothing to be done for 'install-exec-am'.
make[3]: Nothing to be done for 'install-data-am'.
make[3]: Leaving directory '/build/filezilla-server/src/filezilla-server-1.11.1/res'
make[2]: Leaving directory '/build/filezilla-server/src/filezilla-server-1.11.1/res'
make[1]: Leaving directory '/build/filezilla-server/src/filezilla-server-1.11.1/res'
Making install in src
make[1]: Entering directory '/build/filezilla-server/src/filezilla-server-1.11.1/src'
Making install in filezilla
make[2]: Entering directory '/build/filezilla-server/src/filezilla-server-1.11.1/src/filezilla'
FZ_BUILD_IS_DIRTY=0; \
\
case "personal" in \
	official) \
		FZ_COMMIT_ID="official build";; \
	nightly) \
		FZ_COMMIT_ID="nightly build";; \
	*) \
		if test ! -d "../.."/.git; then \
			FZ_COMMIT_ID="built from tarball"; \
		else \
			FZ_COMMIT_ID=$(cd "../.." && git rev-parse --short HEAD 2>/dev/null); \
			FZ_BUILD_IS_DIRTY=$(cd "../.." && git diff --quiet 2>/dev/null && echo 0 || echo 1); \
			if test -z "$FZ_COMMIT_ID"; then \
				FZ_COMMIT_ID="unknown source"; \
			else \
				FZ_COMMIT_ID="commit $FZ_COMMIT_ID"; \
			fi; \
		fi;; \
esac; \
\
echo '#define FZ_COMMIT_ID "'"$FZ_COMMIT_ID"'"' > "build_info_gen.hpp.tmp"; \
echo "#define FZ_BUILD_IS_DIRTY $FZ_BUILD_IS_DIRTY" >> "build_info_gen.hpp.tmp"; \
echo "#define FZ_BUILD_DATE" $(date -u +'"%Y-%m-%d"') >> "build_info_gen.hpp.tmp"
if ! cmp "build_info_gen.hpp.tmp" "build_info_gen.hpp" 2>/dev/null; then \
	mv "build_info_gen.hpp.tmp" "build_info_gen.hpp"; \
fi
make  install-recursive
make[3]: Entering directory '/build/filezilla-server/src/filezilla-server-1.11.1/src/filezilla'
Making install in .
make[4]: Entering directory '/build/filezilla-server/src/filezilla-server-1.11.1/src/filezilla'
g++ -std=c++17 -DHAVE_CONFIG_H -I. -I../../src    -I/usr/include/p11-kit-1 -fno-exceptions  -march=x86-64 -mtune=generic -O2 -pipe -fno-plt -fexceptions         -Wp,-D_FORTIFY_SOURCE=3 -Wformat -Werror=format-security         -fstack-clash-protection -fcf-protection         -fno-omit-frame-pointer -mno-omit-leaf-frame-pointer -Wp,-D_GLIBCXX_ASSERTIONS -g -ffile-prefix-map=/build/filezilla-server/src=/usr/src/debug/filezilla-server -flto=auto -MT libfilezilla_common_a-build_info.o -MD -MP -MF .deps/libfilezilla_common_a-build_info.Tpo -c -o libfilezilla_common_a-build_info.o `test -f 'build_info.cpp' || echo './'`build_info.cpp
g++ -std=c++17 -DHAVE_CONFIG_H -I. -I../../src    -I/usr/include/p11-kit-1 -fno-exceptions  -march=x86-64 -mtune=generic -O2 -pipe -fno-plt -fexceptions         -Wp,-D_FORTIFY_SOURCE=3 -Wformat -Werror=format-security         -fstack-clash-protection -fcf-protection         -fno-omit-frame-pointer -mno-omit-leaf-frame-pointer -Wp,-D_GLIBCXX_ASSERTIONS -g -ffile-prefix-map=/build/filezilla-server/src=/usr/src/debug/filezilla-server -flto=auto -MT libfilezilla_common_a-event_loop_pool.o -MD -MP -MF .deps/libfilezilla_common_a-event_loop_pool.Tpo -c -o libfilezilla_common_a-event_loop_pool.o `test -f 'event_loop_pool.cpp' || echo './'`event_loop_pool.cpp
g++ -std=c++17 -DHAVE_CONFIG_H -I. -I../../src    -I/usr/include/p11-kit-1 -fno-exceptions  -march=x86-64 -mtune=generic -O2 -pipe -fno-plt -fexceptions         -Wp,-D_FORTIFY_SOURCE=3 -Wformat -Werror=format-security         -fstack-clash-protection -fcf-protection         -fno-omit-frame-pointer -mno-omit-leaf-frame-pointer -Wp,-D_GLIBCXX_ASSERTIONS -g -ffile-prefix-map=/build/filezilla-server/src=/usr/src/debug/filezilla-server -flto=auto -MT libfilezilla_common_a-hostaddress.o -MD -MP -MF .deps/libfilezilla_common_a-hostaddress.Tpo -c -o libfilezilla_common_a-hostaddress.o `test -f 'hostaddress.cpp' || echo './'`hostaddress.cpp
g++ -std=c++17 -DHAVE_CONFIG_H -I. -I../../src    -I/usr/include/p11-kit-1 -fno-exceptions  -march=x86-64 -mtune=generic -O2 -pipe -fno-plt -fexceptions         -Wp,-D_FORTIFY_SOURCE=3 -Wformat -Werror=format-security         -fstack-clash-protection -fcf-protection         -fno-omit-frame-pointer -mno-omit-leaf-frame-pointer -Wp,-D_GLIBCXX_ASSERTIONS -g -ffile-prefix-map=/build/filezilla-server/src=/usr/src/debug/filezilla-server -flto=auto -MT libfilezilla_common_a-port_randomizer.o -MD -MP -MF .deps/libfilezilla_common_a-port_randomizer.Tpo -c -o libfilezilla_common_a-port_randomizer.o `test -f 'port_randomizer.cpp' || echo './'`port_randomizer.cpp
g++ -std=c++17 -DHAVE_CONFIG_H -I. -I../../src    -I/usr/include/p11-kit-1 -fno-exceptions  -march=x86-64 -mtune=generic -O2 -pipe -fno-plt -fexceptions         -Wp,-D_FORTIFY_SOURCE=3 -Wformat -Werror=format-security         -fstack-clash-protection -fcf-protection         -fno-omit-frame-pointer -mno-omit-leaf-frame-pointer -Wp,-D_GLIBCXX_ASSERTIONS -g -ffile-prefix-map=/build/filezilla-server/src=/usr/src/debug/filezilla-server -flto=auto -MT libfilezilla_common_a-securable_socket.o -MD -MP -MF .deps/libfilezilla_common_a-securable_socket.Tpo -c -o libfilezilla_common_a-securable_socket.o `test -f 'securable_socket.cpp' || echo './'`securable_socket.cpp
g++ -std=c++17 -DHAVE_CONFIG_H -I. -I../../src    -I/usr/include/p11-kit-1 -fno-exceptions  -march=x86-64 -mtune=generic -O2 -pipe -fno-plt -fexceptions         -Wp,-D_FORTIFY_SOURCE=3 -Wformat -Werror=format-security         -fstack-clash-protection -fcf-protection         -fno-omit-frame-pointer -mno-omit-leaf-frame-pointer -Wp,-D_GLIBCXX_ASSERTIONS -g -ffile-prefix-map=/build/filezilla-server/src=/usr/src/debug/filezilla-server -flto=auto -MT libfilezilla_common_a-channel.o -MD -MP -MF .deps/libfilezilla_common_a-channel.Tpo -c -o libfilezilla_common_a-channel.o `test -f 'channel.cpp' || echo './'`channel.cpp
g++ -std=c++17 -DHAVE_CONFIG_H -I. -I../../src    -I/usr/include/p11-kit-1 -fno-exceptions  -march=x86-64 -mtune=generic -O2 -pipe -fno-plt -fexceptions         -Wp,-D_FORTIFY_SOURCE=3 -Wformat -Werror=format-security         -fstack-clash-protection -fcf-protection         -fno-omit-frame-pointer -mno-omit-leaf-frame-pointer -Wp,-D_GLIBCXX_ASSERTIONS -g -ffile-prefix-map=/build/filezilla-server/src=/usr/src/debug/filezilla-server -flto=auto -MT libfilezilla_common_a-strresult.o -MD -MP -MF .deps/libfilezilla_common_a-strresult.Tpo -c -o libfilezilla_common_a-strresult.o `test -f 'strresult.cpp' || echo './'`strresult.cpp
g++ -std=c++17 -DHAVE_CONFIG_H -I. -I../../src    -I/usr/include/p11-kit-1 -fno-exceptions  -march=x86-64 -mtune=generic -O2 -pipe -fno-plt -fexceptions         -Wp,-D_FORTIFY_SOURCE=3 -Wformat -Werror=format-security         -fstack-clash-protection -fcf-protection         -fno-omit-frame-pointer -mno-omit-leaf-frame-pointer -Wp,-D_GLIBCXX_ASSERTIONS -g -ffile-prefix-map=/build/filezilla-server/src=/usr/src/debug/filezilla-server -flto=auto -MT libfilezilla_common_a-strsyserror.o -MD -MP -MF .deps/libfilezilla_common_a-strsyserror.Tpo -c -o libfilezilla_common_a-strsyserror.o `test -f 'strsyserror.cpp' || echo './'`strsyserror.cpp
g++ -std=c++17 -DHAVE_CONFIG_H -I. -I../../src    -I/usr/include/p11-kit-1 -fno-exceptions  -march=x86-64 -mtune=generic -O2 -pipe -fno-plt -fexceptions         -Wp,-D_FORTIFY_SOURCE=3 -Wformat -Werror=format-security         -fstack-clash-protection -fcf-protection         -fno-omit-frame-pointer -mno-omit-leaf-frame-pointer -Wp,-D_GLIBCXX_ASSERTIONS -g -ffile-prefix-map=/build/filezilla-server/src=/usr/src/debug/filezilla-server -flto=auto -MT libfilezilla_common_a-sys_info.o -MD -MP -MF .deps/libfilezilla_common_a-sys_info.Tpo -c -o libfilezilla_common_a-sys_info.o `test -f 'sys_info.cpp' || echo './'`sys_info.cpp
g++ -std=c++17 -DHAVE_CONFIG_H -I. -I../../src    -I/usr/include/p11-kit-1 -fno-exceptions  -march=x86-64 -mtune=generic -O2 -pipe -fno-plt -fexceptions         -Wp,-D_FORTIFY_SOURCE=3 -Wformat -Werror=format-security         -fstack-clash-protection -fcf-protection         -fno-omit-frame-pointer -mno-omit-leaf-frame-pointer -Wp,-D_GLIBCXX_ASSERTIONS -g -ffile-prefix-map=/build/filezilla-server/src=/usr/src/debug/filezilla-server -flto=auto -MT libfilezilla_common_a-pipe.o -MD -MP -MF .deps/libfilezilla_common_a-pipe.Tpo -c -o libfilezilla_common_a-pipe.o `test -f 'pipe.cpp' || echo './'`pipe.cpp
g++ -std=c++17 -DHAVE_CONFIG_H -I. -I../../src    -I/usr/include/p11-kit-1 -fno-exceptions  -march=x86-64 -mtune=generic -O2 -pipe -fno-plt -fexceptions         -Wp,-D_FORTIFY_SOURCE=3 -Wformat -Werror=format-security         -fstack-clash-protection -fcf-protection         -fno-omit-frame-pointer -mno-omit-leaf-frame-pointer -Wp,-D_GLIBCXX_ASSERTIONS -g -ffile-prefix-map=/build/filezilla-server/src=/usr/src/debug/filezilla-server -flto=auto -MT libfilezilla_common_a-signal_notifier.o -MD -MP -MF .deps/libfilezilla_common_a-signal_notifier.Tpo -c -o libfilezilla_common_a-signal_notifier.o `test -f 'signal_notifier.cpp' || echo './'`signal_notifier.cpp
g++ -std=c++17 -DHAVE_CONFIG_H -I. -I../../src    -I/usr/include/p11-kit-1 -fno-exceptions  -march=x86-64 -mtune=generic -O2 -pipe -fno-plt -fexceptions         -Wp,-D_FORTIFY_SOURCE=3 -Wformat -Werror=format-security         -fstack-clash-protection -fcf-protection         -fno-omit-frame-pointer -mno-omit-leaf-frame-pointer -Wp,-D_GLIBCXX_ASSERTIONS -g -ffile-prefix-map=/build/filezilla-server/src=/usr/src/debug/filezilla-server -flto=auto -MT libfilezilla_common_a-known_paths.o -MD -MP -MF .deps/libfilezilla_common_a-known_paths.Tpo -c -o libfilezilla_common_a-known_paths.o `test -f 'known_paths.cpp' || echo './'`known_paths.cpp
g++ -std=c++17 -DHAVE_CONFIG_H -I. -I../../src    -I/usr/include/p11-kit-1 -fno-exceptions  -march=x86-64 -mtune=generic -O2 -pipe -fno-plt -fexceptions         -Wp,-D_FORTIFY_SOURCE=3 -Wformat -Werror=format-security         -fstack-clash-protection -fcf-protection         -fno-omit-frame-pointer -mno-omit-leaf-frame-pointer -Wp,-D_GLIBCXX_ASSERTIONS -g -ffile-prefix-map=/build/filezilla-server/src=/usr/src/debug/filezilla-server -flto=auto -MT acme/libfilezilla_common_a-cert_info.o -MD -MP -MF acme/.deps/libfilezilla_common_a-cert_info.Tpo -c -o acme/libfilezilla_common_a-cert_info.o `test -f 'acme/cert_info.cpp' || echo './'`acme/cert_info.cpp
g++ -std=c++17 -DHAVE_CONFIG_H -I. -I../../src    -I/usr/include/p11-kit-1 -fno-exceptions  -march=x86-64 -mtune=generic -O2 -pipe -fno-plt -fexceptions         -Wp,-D_FORTIFY_SOURCE=3 -Wformat -Werror=format-security         -fstack-clash-protection -fcf-protection         -fno-omit-frame-pointer -mno-omit-leaf-frame-pointer -Wp,-D_GLIBCXX_ASSERTIONS -g -ffile-prefix-map=/build/filezilla-server/src=/usr/src/debug/filezilla-server -flto=auto -MT acme/libfilezilla_common_a-client.o -MD -MP -MF acme/.deps/libfilezilla_common_a-client.Tpo -c -o acme/libfilezilla_common_a-client.o `test -f 'acme/client.cpp' || echo './'`acme/client.cpp
g++ -std=c++17 -DHAVE_CONFIG_H -I. -I../../src    -I/usr/include/p11-kit-1 -fno-exceptions  -march=x86-64 -mtune=generic -O2 -pipe -fno-plt -fexceptions         -Wp,-D_FORTIFY_SOURCE=3 -Wformat -Werror=format-security         -fstack-clash-protection -fcf-protection         -fno-omit-frame-pointer -mno-omit-leaf-frame-pointer -Wp,-D_GLIBCXX_ASSERTIONS -g -ffile-prefix-map=/build/filezilla-server/src=/usr/src/debug/filezilla-server -flto=auto -MT acme/client/libfilezilla_common_a-challenger.o -MD -MP -MF acme/client/.deps/libfilezilla_common_a-challenger.Tpo -c -o acme/client/libfilezilla_common_a-challenger.o `test -f 'acme/client/challenger.cpp' || echo './'`acme/client/challenger.cpp
g++ -std=c++17 -DHAVE_CONFIG_H -I. -I../../src    -I/usr/include/p11-kit-1 -fno-exceptions  -march=x86-64 -mtune=generic -O2 -pipe -fno-plt -fexceptions         -Wp,-D_FORTIFY_SOURCE=3 -Wformat -Werror=format-security         -fstack-clash-protection -fcf-protection         -fno-omit-frame-pointer -mno-omit-leaf-frame-pointer -Wp,-D_GLIBCXX_ASSERTIONS -g -ffile-prefix-map=/build/filezilla-server/src=/usr/src/debug/filezilla-server -flto=auto -MT acme/libfilezilla_common_a-daemon.o -MD -MP -MF acme/.deps/libfilezilla_common_a-daemon.Tpo -c -o acme/libfilezilla_common_a-daemon.o `test -f 'acme/daemon.cpp' || echo './'`acme/daemon.cpp
g++ -std=c++17 -DHAVE_CONFIG_H -I. -I../../src    -I/usr/include/p11-kit-1 -fno-exceptions  -march=x86-64 -mtune=generic -O2 -pipe -fno-plt -fexceptions         -Wp,-D_FORTIFY_SOURCE=3 -Wformat -Werror=format-security         -fstack-clash-protection -fcf-protection         -fno-omit-frame-pointer -mno-omit-leaf-frame-pointer -Wp,-D_GLIBCXX_ASSERTIONS -g -ffile-prefix-map=/build/filezilla-server/src=/usr/src/debug/filezilla-server -flto=auto -MT authentication/libfilezilla_common_a-authenticator.o -MD -MP -MF authentication/.deps/libfilezilla_common_a-authenticator.Tpo -c -o authentication/libfilezilla_common_a-authenticator.o `test -f 'authentication/authenticator.cpp' || echo './'`authentication/authenticator.cpp
g++ -std=c++17 -DHAVE_CONFIG_H -I. -I../../src    -I/usr/include/p11-kit-1 -fno-exceptions  -march=x86-64 -mtune=generic -O2 -pipe -fno-plt -fexceptions         -Wp,-D_FORTIFY_SOURCE=3 -Wformat -Werror=format-security         -fstack-clash-protection -fcf-protection         -fno-omit-frame-pointer -mno-omit-leaf-frame-pointer -Wp,-D_GLIBCXX_ASSERTIONS -g -ffile-prefix-map=/build/filezilla-server/src=/usr/src/debug/filezilla-server -flto=auto -MT authentication/libfilezilla_common_a-autobanner.o -MD -MP -MF authentication/.deps/libfilezilla_common_a-autobanner.Tpo -c -o authentication/libfilezilla_common_a-autobanner.o `test -f 'authentication/autobanner.cpp' || echo './'`authentication/autobanner.cpp
g++ -std=c++17 -DHAVE_CONFIG_H -I. -I../../src    -I/usr/include/p11-kit-1 -fno-exceptions  -march=x86-64 -mtune=generic -O2 -pipe -fno-plt -fexceptions         -Wp,-D_FORTIFY_SOURCE=3 -Wformat -Werror=format-security         -fstack-clash-protection -fcf-protection         -fno-omit-frame-pointer -mno-omit-leaf-frame-pointer -Wp,-D_GLIBCXX_ASSERTIONS -g -ffile-prefix-map=/build/filezilla-server/src=/usr/src/debug/filezilla-server -flto=auto -MT authentication/libfilezilla_common_a-credentials.o -MD -MP -MF authentication/.deps/libfilezilla_common_a-credentials.Tpo -c -o authentication/libfilezilla_common_a-credentials.o `test -f 'authentication/credentials.cpp' || echo './'`authentication/credentials.cpp
g++ -std=c++17 -DHAVE_CONFIG_H -I. -I../../src    -I/usr/include/p11-kit-1 -fno-exceptions  -march=x86-64 -mtune=generic -O2 -pipe -fno-plt -fexceptions         -Wp,-D_FORTIFY_SOURCE=3 -Wformat -Werror=format-security         -fstack-clash-protection -fcf-protection         -fno-omit-frame-pointer -mno-omit-leaf-frame-pointer -Wp,-D_GLIBCXX_ASSERTIONS -g -ffile-prefix-map=/build/filezilla-server/src=/usr/src/debug/filezilla-server -flto=auto -MT authentication/libfilezilla_common_a-file_based_authenticator.o -MD -MP -MF authentication/.deps/libfilezilla_common_a-file_based_authenticator.Tpo -c -o authentication/libfilezilla_common_a-file_based_authenticator.o `test -f 'authentication/file_based_authenticator.cpp' || echo './'`authentication/file_based_authenticator.cpp
mv -f .deps/libfilezilla_common_a-strresult.Tpo .deps/libfilezilla_common_a-strresult.Po
g++ -std=c++17 -DHAVE_CONFIG_H -I. -I../../src    -I/usr/include/p11-kit-1 -fno-exceptions  -march=x86-64 -mtune=generic -O2 -pipe -fno-plt -fexceptions         -Wp,-D_FORTIFY_SOURCE=3 -Wformat -Werror=format-security         -fstack-clash-protection -fcf-protection         -fno-omit-frame-pointer -mno-omit-leaf-frame-pointer -Wp,-D_GLIBCXX_ASSERTIONS -g -ffile-prefix-map=/build/filezilla-server/src=/usr/src/debug/filezilla-server -flto=auto -MT authentication/libfilezilla_common_a-file_based_authenticator_users_impersonator.o -MD -MP -MF authentication/.deps/libfilezilla_common_a-file_based_authenticator_users_impersonator.Tpo -c -o authentication/libfilezilla_common_a-file_based_authenticator_users_impersonator.o `test -f 'authentication/file_based_authenticator_users_impersonator.cpp' || echo './'`authentication/file_based_authenticator_users_impersonator.cpp
mv -f .deps/libfilezilla_common_a-strsyserror.Tpo .deps/libfilezilla_common_a-strsyserror.Po
g++ -std=c++17 -DHAVE_CONFIG_H -I. -I../../src    -I/usr/include/p11-kit-1 -fno-exceptions  -march=x86-64 -mtune=generic -O2 -pipe -fno-plt -fexceptions         -Wp,-D_FORTIFY_SOURCE=3 -Wformat -Werror=format-security         -fstack-clash-protection -fcf-protection         -fno-omit-frame-pointer -mno-omit-leaf-frame-pointer -Wp,-D_GLIBCXX_ASSERTIONS -g -ffile-prefix-map=/build/filezilla-server/src=/usr/src/debug/filezilla-server -flto=auto -MT authentication/libfilezilla_common_a-file_based_authenticator_static_load_and_save.o -MD -MP -MF authentication/.deps/libfilezilla_common_a-file_based_authenticator_static_load_and_save.Tpo -c -o authentication/libfilezilla_common_a-file_based_authenticator_static_load_and_save.o `test -f 'authentication/file_based_authenticator_static_load_and_save.cpp' || echo './'`authentication/file_based_authenticator_static_load_and_save.cpp
mv -f .deps/libfilezilla_common_a-sys_info.Tpo .deps/libfilezilla_common_a-sys_info.Po
g++ -std=c++17 -DHAVE_CONFIG_H -I. -I../../src    -I/usr/include/p11-kit-1 -fno-exceptions  -march=x86-64 -mtune=generic -O2 -pipe -fno-plt -fexceptions         -Wp,-D_FORTIFY_SOURCE=3 -Wformat -Werror=format-security         -fstack-clash-protection -fcf-protection         -fno-omit-frame-pointer -mno-omit-leaf-frame-pointer -Wp,-D_GLIBCXX_ASSERTIONS -g -ffile-prefix-map=/build/filezilla-server/src=/usr/src/debug/filezilla-server -flto=auto -MT authentication/libfilezilla_common_a-method.o -MD -MP -MF authentication/.deps/libfilezilla_common_a-method.Tpo -c -o authentication/libfilezilla_common_a-method.o `test -f 'authentication/method.cpp' || echo './'`authentication/method.cpp
mv -f .deps/libfilezilla_common_a-build_info.Tpo .deps/libfilezilla_common_a-build_info.Po
g++ -std=c++17 -DHAVE_CONFIG_H -I. -I../../src    -I/usr/include/p11-kit-1 -fno-exceptions  -march=x86-64 -mtune=generic -O2 -pipe -fno-plt -fexceptions         -Wp,-D_FORTIFY_SOURCE=3 -Wformat -Werror=format-security         -fstack-clash-protection -fcf-protection         -fno-omit-frame-pointer -mno-omit-leaf-frame-pointer -Wp,-D_GLIBCXX_ASSERTIONS -g -ffile-prefix-map=/build/filezilla-server/src=/usr/src/debug/filezilla-server -flto=auto -MT authentication/libfilezilla_common_a-password.o -MD -MP -MF authentication/.deps/libfilezilla_common_a-password.Tpo -c -o authentication/libfilezilla_common_a-password.o `test -f 'authentication/password.cpp' || echo './'`authentication/password.cpp
mv -f .deps/libfilezilla_common_a-port_randomizer.Tpo .deps/libfilezilla_common_a-port_randomizer.Po
g++ -std=c++17 -DHAVE_CONFIG_H -I. -I../../src    -I/usr/include/p11-kit-1 -fno-exceptions  -march=x86-64 -mtune=generic -O2 -pipe -fno-plt -fexceptions         -Wp,-D_FORTIFY_SOURCE=3 -Wformat -Werror=format-security         -fstack-clash-protection -fcf-protection         -fno-omit-frame-pointer -mno-omit-leaf-frame-pointer -Wp,-D_GLIBCXX_ASSERTIONS -g -ffile-prefix-map=/build/filezilla-server/src=/usr/src/debug/filezilla-server -flto=auto -MT authentication/libfilezilla_common_a-password_with_impersonation.o -MD -MP -MF authentication/.deps/libfilezilla_common_a-password_with_impersonation.Tpo -c -o authentication/libfilezilla_common_a-password_with_impersonation.o `test -f 'authentication/password_with_impersonation.cpp' || echo './'`authentication/password_with_impersonation.cpp
mv -f .deps/libfilezilla_common_a-event_loop_pool.Tpo .deps/libfilezilla_common_a-event_loop_pool.Po
g++ -std=c++17 -DHAVE_CONFIG_H -I. -I../../src    -I/usr/include/p11-kit-1 -fno-exceptions  -march=x86-64 -mtune=generic -O2 -pipe -fno-plt -fexceptions         -Wp,-D_FORTIFY_SOURCE=3 -Wformat -Werror=format-security         -fstack-clash-protection -fcf-protection         -fno-omit-frame-pointer -mno-omit-leaf-frame-pointer -Wp,-D_GLIBCXX_ASSERTIONS -g -ffile-prefix-map=/build/filezilla-server/src=/usr/src/debug/filezilla-server -flto=auto -MT authentication/libfilezilla_common_a-throttled_authenticator.o -MD -MP -MF authentication/.deps/libfilezilla_common_a-throttled_authenticator.Tpo -c -o authentication/libfilezilla_common_a-throttled_authenticator.o `test -f 'authentication/throttled_authenticator.cpp' || echo './'`authentication/throttled_authenticator.cpp
mv -f .deps/libfilezilla_common_a-hostaddress.Tpo .deps/libfilezilla_common_a-hostaddress.Po
g++ -std=c++17 -DHAVE_CONFIG_H -I. -I../../src    -I/usr/include/p11-kit-1 -fno-exceptions  -march=x86-64 -mtune=generic -O2 -pipe -fno-plt -fexceptions         -Wp,-D_FORTIFY_SOURCE=3 -Wformat -Werror=format-security         -fstack-clash-protection -fcf-protection         -fno-omit-frame-pointer -mno-omit-leaf-frame-pointer -Wp,-D_GLIBCXX_ASSERTIONS -g -ffile-prefix-map=/build/filezilla-server/src=/usr/src/debug/filezilla-server -flto=auto -MT authentication/libfilezilla_common_a-token_manager.o -MD -MP -MF authentication/.deps/libfilezilla_common_a-token_manager.Tpo -c -o authentication/libfilezilla_common_a-token_manager.o `test -f 'authentication/token_manager.cpp' || echo './'`authentication/token_manager.cpp
mv -f .deps/libfilezilla_common_a-channel.Tpo .deps/libfilezilla_common_a-channel.Po
g++ -std=c++17 -DHAVE_CONFIG_H -I. -I../../src    -I/usr/include/p11-kit-1 -fno-exceptions  -march=x86-64 -mtune=generic -O2 -pipe -fno-plt -fexceptions         -Wp,-D_FORTIFY_SOURCE=3 -Wformat -Werror=format-security         -fstack-clash-protection -fcf-protection         -fno-omit-frame-pointer -mno-omit-leaf-frame-pointer -Wp,-D_GLIBCXX_ASSERTIONS -g -ffile-prefix-map=/build/filezilla-server/src=/usr/src/debug/filezilla-server -flto=auto -MT authentication/libfilezilla_common_a-user.o -MD -MP -MF authentication/.deps/libfilezilla_common_a-user.Tpo -c -o authentication/libfilezilla_common_a-user.o `test -f 'authentication/user.cpp' || echo './'`authentication/user.cpp
mv -f .deps/libfilezilla_common_a-signal_notifier.Tpo .deps/libfilezilla_common_a-signal_notifier.Po
g++ -std=c++17 -DHAVE_CONFIG_H -I. -I../../src    -I/usr/include/p11-kit-1 -fno-exceptions  -march=x86-64 -mtune=generic -O2 -pipe -fno-plt -fexceptions         -Wp,-D_FORTIFY_SOURCE=3 -Wformat -Werror=format-security         -fstack-clash-protection -fcf-protection         -fno-omit-frame-pointer -mno-omit-leaf-frame-pointer -Wp,-D_GLIBCXX_ASSERTIONS -g -ffile-prefix-map=/build/filezilla-server/src=/usr/src/debug/filezilla-server -flto=auto -MT buffer_operator/libfilezilla_common_a-socket_adapter.o -MD -MP -MF buffer_operator/.deps/libfilezilla_common_a-socket_adapter.Tpo -c -o buffer_operator/libfilezilla_common_a-socket_adapter.o `test -f 'buffer_operator/socket_adapter.cpp' || echo './'`buffer_operator/socket_adapter.cpp
mv -f .deps/libfilezilla_common_a-known_paths.Tpo .deps/libfilezilla_common_a-known_paths.Po
g++ -std=c++17 -DHAVE_CONFIG_H -I. -I../../src    -I/usr/include/p11-kit-1 -fno-exceptions  -march=x86-64 -mtune=generic -O2 -pipe -fno-plt -fexceptions         -Wp,-D_FORTIFY_SOURCE=3 -Wformat -Werror=format-security         -fstack-clash-protection -fcf-protection         -fno-omit-frame-pointer -mno-omit-leaf-frame-pointer -Wp,-D_GLIBCXX_ASSERTIONS -g -ffile-prefix-map=/build/filezilla-server/src=/usr/src/debug/filezilla-server -flto=auto -MT buffer_operator/libfilezilla_common_a-tvfs_entries_lister.o -MD -MP -MF buffer_operator/.deps/libfilezilla_common_a-tvfs_entries_lister.Tpo -c -o buffer_operator/libfilezilla_common_a-tvfs_entries_lister.o `test -f 'buffer_operator/tvfs_entries_lister.cpp' || echo './'`buffer_operator/tvfs_entries_lister.cpp
mv -f authentication/.deps/libfilezilla_common_a-password.Tpo authentication/.deps/libfilezilla_common_a-password.Po
g++ -std=c++17 -DHAVE_CONFIG_H -I. -I../../src    -I/usr/include/p11-kit-1 -fno-exceptions  -march=x86-64 -mtune=generic -O2 -pipe -fno-plt -fexceptions         -Wp,-D_FORTIFY_SOURCE=3 -Wformat -Werror=format-security         -fstack-clash-protection -fcf-protection         -fno-omit-frame-pointer -mno-omit-leaf-frame-pointer -Wp,-D_GLIBCXX_ASSERTIONS -g -ffile-prefix-map=/build/filezilla-server/src=/usr/src/debug/filezilla-server -flto=auto -MT http/libfilezilla_common_a-client.o -MD -MP -MF http/.deps/libfilezilla_common_a-client.Tpo -c -o http/libfilezilla_common_a-client.o `test -f 'http/client.cpp' || echo './'`http/client.cpp
mv -f authentication/.deps/libfilezilla_common_a-autobanner.Tpo authentication/.deps/libfilezilla_common_a-autobanner.Po
g++ -std=c++17 -DHAVE_CONFIG_H -I. -I../../src    -I/usr/include/p11-kit-1 -fno-exceptions  -march=x86-64 -mtune=generic -O2 -pipe -fno-plt -fexceptions         -Wp,-D_FORTIFY_SOURCE=3 -Wformat -Werror=format-security         -fstack-clash-protection -fcf-protection         -fno-omit-frame-pointer -mno-omit-leaf-frame-pointer -Wp,-D_GLIBCXX_ASSERTIONS -g -ffile-prefix-map=/build/filezilla-server/src=/usr/src/debug/filezilla-server -flto=auto -MT http/libfilezilla_common_a-field.o -MD -MP -MF http/.deps/libfilezilla_common_a-field.Tpo -c -o http/libfilezilla_common_a-field.o `test -f 'http/field.cpp' || echo './'`http/field.cpp
mv -f .deps/libfilezilla_common_a-pipe.Tpo .deps/libfilezilla_common_a-pipe.Po
g++ -std=c++17 -DHAVE_CONFIG_H -I. -I../../src    -I/usr/include/p11-kit-1 -fno-exceptions  -march=x86-64 -mtune=generic -O2 -pipe -fno-plt -fexceptions         -Wp,-D_FORTIFY_SOURCE=3 -Wformat -Werror=format-security         -fstack-clash-protection -fcf-protection         -fno-omit-frame-pointer -mno-omit-leaf-frame-pointer -Wp,-D_GLIBCXX_ASSERTIONS -g -ffile-prefix-map=/build/filezilla-server/src=/usr/src/debug/filezilla-server -flto=auto -MT http/handlers/libfilezilla_common_a-authorizer.o -MD -MP -MF http/handlers/.deps/libfilezilla_common_a-authorizer.Tpo -c -o http/handlers/libfilezilla_common_a-authorizer.o `test -f 'http/handlers/authorizer.cpp' || echo './'`http/handlers/authorizer.cpp
mv -f acme/.deps/libfilezilla_common_a-cert_info.Tpo acme/.deps/libfilezilla_common_a-cert_info.Po
g++ -std=c++17 -DHAVE_CONFIG_H -I. -I../../src    -I/usr/include/p11-kit-1 -fno-exceptions  -march=x86-64 -mtune=generic -O2 -pipe -fno-plt -fexceptions         -Wp,-D_FORTIFY_SOURCE=3 -Wformat -Werror=format-security         -fstack-clash-protection -fcf-protection         -fno-omit-frame-pointer -mno-omit-leaf-frame-pointer -Wp,-D_GLIBCXX_ASSERTIONS -g -ffile-prefix-map=/build/filezilla-server/src=/usr/src/debug/filezilla-server -flto=auto -MT http/handlers/authorizer/libfilezilla_common_a-authorization.o -MD -MP -MF http/handlers/authorizer/.deps/libfilezilla_common_a-authorization.Tpo -c -o http/handlers/authorizer/libfilezilla_common_a-authorization.o `test -f 'http/handlers/authorizer/authorization.cpp' || echo './'`http/handlers/authorizer/authorization.cpp
mv -f authentication/.deps/libfilezilla_common_a-password_with_impersonation.Tpo authentication/.deps/libfilezilla_common_a-password_with_impersonation.Po
g++ -std=c++17 -DHAVE_CONFIG_H -I. -I../../src    -I/usr/include/p11-kit-1 -fno-exceptions  -march=x86-64 -mtune=generic -O2 -pipe -fno-plt -fexceptions         -Wp,-D_FORTIFY_SOURCE=3 -Wformat -Werror=format-security         -fstack-clash-protection -fcf-protection         -fno-omit-frame-pointer -mno-omit-leaf-frame-pointer -Wp,-D_GLIBCXX_ASSERTIONS -g -ffile-prefix-map=/build/filezilla-server/src=/usr/src/debug/filezilla-server -flto=auto -MT http/handlers/libfilezilla_common_a-authorized_file_server.o -MD -MP -MF http/handlers/.deps/libfilezilla_common_a-authorized_file_server.Tpo -c -o http/handlers/libfilezilla_common_a-authorized_file_server.o `test -f 'http/handlers/authorized_file_server.cpp' || echo './'`http/handlers/authorized_file_server.cpp
mv -f buffer_operator/.deps/libfilezilla_common_a-socket_adapter.Tpo buffer_operator/.deps/libfilezilla_common_a-socket_adapter.Po
g++ -std=c++17 -DHAVE_CONFIG_H -I. -I../../src    -I/usr/include/p11-kit-1 -fno-exceptions  -march=x86-64 -mtune=generic -O2 -pipe -fno-plt -fexceptions         -Wp,-D_FORTIFY_SOURCE=3 -Wformat -Werror=format-security         -fstack-clash-protection -fcf-protection         -fno-omit-frame-pointer -mno-omit-leaf-frame-pointer -Wp,-D_GLIBCXX_ASSERTIONS -g -ffile-prefix-map=/build/filezilla-server/src=/usr/src/debug/filezilla-server -flto=auto -MT http/handlers/libfilezilla_common_a-authorized_file_sharer.o -MD -MP -MF http/handlers/.deps/libfilezilla_common_a-authorized_file_sharer.Tpo -c -o http/handlers/libfilezilla_common_a-authorized_file_sharer.o `test -f 'http/handlers/authorized_file_sharer.cpp' || echo './'`http/handlers/authorized_file_sharer.cpp
mv -f http/.deps/libfilezilla_common_a-field.Tpo http/.deps/libfilezilla_common_a-field.Po
g++ -std=c++17 -DHAVE_CONFIG_H -I. -I../../src    -I/usr/include/p11-kit-1 -fno-exceptions  -march=x86-64 -mtune=generic -O2 -pipe -fno-plt -fexceptions         -Wp,-D_FORTIFY_SOURCE=3 -Wformat -Werror=format-security         -fstack-clash-protection -fcf-protection         -fno-omit-frame-pointer -mno-omit-leaf-frame-pointer -Wp,-D_GLIBCXX_ASSERTIONS -g -ffile-prefix-map=/build/filezilla-server/src=/usr/src/debug/filezilla-server -flto=auto -MT http/handlers/libfilezilla_common_a-file_server.o -MD -MP -MF http/handlers/.deps/libfilezilla_common_a-file_server.Tpo -c -o http/handlers/libfilezilla_common_a-file_server.o `test -f 'http/handlers/file_server.cpp' || echo './'`http/handlers/file_server.cpp
mv -f authentication/.deps/libfilezilla_common_a-credentials.Tpo authentication/.deps/libfilezilla_common_a-credentials.Po
g++ -std=c++17 -DHAVE_CONFIG_H -I. -I../../src    -I/usr/include/p11-kit-1 -fno-exceptions  -march=x86-64 -mtune=generic -O2 -pipe -fno-plt -fexceptions         -Wp,-D_FORTIFY_SOURCE=3 -Wformat -Werror=format-security         -fstack-clash-protection -fcf-protection         -fno-omit-frame-pointer -mno-omit-leaf-frame-pointer -Wp,-D_GLIBCXX_ASSERTIONS -g -ffile-prefix-map=/build/filezilla-server/src=/usr/src/debug/filezilla-server -flto=auto -MT http/handlers/libfilezilla_common_a-router.o -MD -MP -MF http/handlers/.deps/libfilezilla_common_a-router.Tpo -c -o http/handlers/libfilezilla_common_a-router.o `test -f 'http/handlers/router.cpp' || echo './'`http/handlers/router.cpp
mv -f buffer_operator/.deps/libfilezilla_common_a-tvfs_entries_lister.Tpo buffer_operator/.deps/libfilezilla_common_a-tvfs_entries_lister.Po
g++ -std=c++17 -DHAVE_CONFIG_H -I. -I../../src    -I/usr/include/p11-kit-1 -fno-exceptions  -march=x86-64 -mtune=generic -O2 -pipe -fno-plt -fexceptions         -Wp,-D_FORTIFY_SOURCE=3 -Wformat -Werror=format-security         -fstack-clash-protection -fcf-protection         -fno-omit-frame-pointer -mno-omit-leaf-frame-pointer -Wp,-D_GLIBCXX_ASSERTIONS -g -ffile-prefix-map=/build/filezilla-server/src=/usr/src/debug/filezilla-server -flto=auto -MT http/libfilezilla_common_a-headers.o -MD -MP -MF http/.deps/libfilezilla_common_a-headers.Tpo -c -o http/libfilezilla_common_a-headers.o `test -f 'http/headers.cpp' || echo './'`http/headers.cpp
mv -f authentication/.deps/libfilezilla_common_a-authenticator.Tpo authentication/.deps/libfilezilla_common_a-authenticator.Po
g++ -std=c++17 -DHAVE_CONFIG_H -I. -I../../src    -I/usr/include/p11-kit-1 -fno-exceptions  -march=x86-64 -mtune=generic -O2 -pipe -fno-plt -fexceptions         -Wp,-D_FORTIFY_SOURCE=3 -Wformat -Werror=format-security         -fstack-clash-protection -fcf-protection         -fno-omit-frame-pointer -mno-omit-leaf-frame-pointer -Wp,-D_GLIBCXX_ASSERTIONS -g -ffile-prefix-map=/build/filezilla-server/src=/usr/src/debug/filezilla-server -flto=auto -MT http/libfilezilla_common_a-message_consumer.o -MD -MP -MF http/.deps/libfilezilla_common_a-message_consumer.Tpo -c -o http/libfilezilla_common_a-message_consumer.o `test -f 'http/message_consumer.cpp' || echo './'`http/message_consumer.cpp
mv -f authentication/.deps/libfilezilla_common_a-user.Tpo authentication/.deps/libfilezilla_common_a-user.Po
g++ -std=c++17 -DHAVE_CONFIG_H -I. -I../../src    -I/usr/include/p11-kit-1 -fno-exceptions  -march=x86-64 -mtune=generic -O2 -pipe -fno-plt -fexceptions         -Wp,-D_FORTIFY_SOURCE=3 -Wformat -Werror=format-security         -fstack-clash-protection -fcf-protection         -fno-omit-frame-pointer -mno-omit-leaf-frame-pointer -Wp,-D_GLIBCXX_ASSERTIONS -g -ffile-prefix-map=/build/filezilla-server/src=/usr/src/debug/filezilla-server -flto=auto -MT http/libfilezilla_common_a-response.o -MD -MP -MF http/.deps/libfilezilla_common_a-response.Tpo -c -o http/libfilezilla_common_a-response.o `test -f 'http/response.cpp' || echo './'`http/response.cpp
mv -f authentication/.deps/libfilezilla_common_a-method.Tpo authentication/.deps/libfilezilla_common_a-method.Po
g++ -std=c++17 -DHAVE_CONFIG_H -I. -I../../src    -I/usr/include/p11-kit-1 -fno-exceptions  -march=x86-64 -mtune=generic -O2 -pipe -fno-plt -fexceptions         -Wp,-D_FORTIFY_SOURCE=3 -Wformat -Werror=format-security         -fstack-clash-protection -fcf-protection         -fno-omit-frame-pointer -mno-omit-leaf-frame-pointer -Wp,-D_GLIBCXX_ASSERTIONS -g -ffile-prefix-map=/build/filezilla-server/src=/usr/src/debug/filezilla-server -flto=auto -MT http/libfilezilla_common_a-server.o -MD -MP -MF http/.deps/libfilezilla_common_a-server.Tpo -c -o http/libfilezilla_common_a-server.o `test -f 'http/server.cpp' || echo './'`http/server.cpp
mv -f authentication/.deps/libfilezilla_common_a-token_manager.Tpo authentication/.deps/libfilezilla_common_a-token_manager.Po
g++ -std=c++17 -DHAVE_CONFIG_H -I. -I../../src    -I/usr/include/p11-kit-1 -fno-exceptions  -march=x86-64 -mtune=generic -O2 -pipe -fno-plt -fexceptions         -Wp,-D_FORTIFY_SOURCE=3 -Wformat -Werror=format-security         -fstack-clash-protection -fcf-protection         -fno-omit-frame-pointer -mno-omit-leaf-frame-pointer -Wp,-D_GLIBCXX_ASSERTIONS -g -ffile-prefix-map=/build/filezilla-server/src=/usr/src/debug/filezilla-server -flto=auto -MT http/server/libfilezilla_common_a-request.o -MD -MP -MF http/server/.deps/libfilezilla_common_a-request.Tpo -c -o http/server/libfilezilla_common_a-request.o `test -f 'http/server/request.cpp' || echo './'`http/server/request.cpp
mv -f acme/client/.deps/libfilezilla_common_a-challenger.Tpo acme/client/.deps/libfilezilla_common_a-challenger.Po
g++ -std=c++17 -DHAVE_CONFIG_H -I. -I../../src    -I/usr/include/p11-kit-1 -fno-exceptions  -march=x86-64 -mtune=generic -O2 -pipe -fno-plt -fexceptions         -Wp,-D_FORTIFY_SOURCE=3 -Wformat -Werror=format-security         -fstack-clash-protection -fcf-protection         -fno-omit-frame-pointer -mno-omit-leaf-frame-pointer -Wp,-D_GLIBCXX_ASSERTIONS -g -ffile-prefix-map=/build/filezilla-server/src=/usr/src/debug/filezilla-server -flto=auto -MT http/server/libfilezilla_common_a-session.o -MD -MP -MF http/server/.deps/libfilezilla_common_a-session.Tpo -c -o http/server/libfilezilla_common_a-session.o `test -f 'http/server/session.cpp' || echo './'`http/server/session.cpp
mv -f http/.deps/libfilezilla_common_a-headers.Tpo http/.deps/libfilezilla_common_a-headers.Po
g++ -std=c++17 -DHAVE_CONFIG_H -I. -I../../src    -I/usr/include/p11-kit-1 -fno-exceptions  -march=x86-64 -mtune=generic -O2 -pipe -fno-plt -fexceptions         -Wp,-D_FORTIFY_SOURCE=3 -Wformat -Werror=format-security         -fstack-clash-protection -fcf-protection         -fno-omit-frame-pointer -mno-omit-leaf-frame-pointer -Wp,-D_GLIBCXX_ASSERTIONS -g -ffile-prefix-map=/build/filezilla-server/src=/usr/src/debug/filezilla-server -flto=auto -MT http/server/session/libfilezilla_common_a-transaction.o -MD -MP -MF http/server/session/.deps/libfilezilla_common_a-transaction.Tpo -c -o http/server/session/libfilezilla_common_a-transaction.o `test -f 'http/server/session/transaction.cpp' || echo './'`http/server/session/transaction.cpp
mv -f authentication/.deps/libfilezilla_common_a-file_based_authenticator_users_impersonator.Tpo authentication/.deps/libfilezilla_common_a-file_based_authenticator_users_impersonator.Po
g++ -std=c++17 -DHAVE_CONFIG_H -I. -I../../src    -I/usr/include/p11-kit-1 -fno-exceptions  -march=x86-64 -mtune=generic -O2 -pipe -fno-plt -fexceptions         -Wp,-D_FORTIFY_SOURCE=3 -Wformat -Werror=format-security         -fstack-clash-protection -fcf-protection         -fno-omit-frame-pointer -mno-omit-leaf-frame-pointer -Wp,-D_GLIBCXX_ASSERTIONS -g -ffile-prefix-map=/build/filezilla-server/src=/usr/src/debug/filezilla-server -flto=auto -MT impersonator/libfilezilla_common_a-archives.o -MD -MP -MF impersonator/.deps/libfilezilla_common_a-archives.Tpo -c -o impersonator/libfilezilla_common_a-archives.o `test -f 'impersonator/archives.cpp' || echo './'`impersonator/archives.cpp
mv -f http/.deps/libfilezilla_common_a-response.Tpo http/.deps/libfilezilla_common_a-response.Po
g++ -std=c++17 -DHAVE_CONFIG_H -I. -I../../src    -I/usr/include/p11-kit-1 -fno-exceptions  -march=x86-64 -mtune=generic -O2 -pipe -fno-plt -fexceptions         -Wp,-D_FORTIFY_SOURCE=3 -Wformat -Werror=format-security         -fstack-clash-protection -fcf-protection         -fno-omit-frame-pointer -mno-omit-leaf-frame-pointer -Wp,-D_GLIBCXX_ASSERTIONS -g -ffile-prefix-map=/build/filezilla-server/src=/usr/src/debug/filezilla-server -flto=auto -MT impersonator/libfilezilla_common_a-channel.o -MD -MP -MF impersonator/.deps/libfilezilla_common_a-channel.Tpo -c -o impersonator/libfilezilla_common_a-channel.o `test -f 'impersonator/channel.cpp' || echo './'`impersonator/channel.cpp
mv -f http/.deps/libfilezilla_common_a-message_consumer.Tpo http/.deps/libfilezilla_common_a-message_consumer.Po
g++ -std=c++17 -DHAVE_CONFIG_H -I. -I../../src    -I/usr/include/p11-kit-1 -fno-exceptions  -march=x86-64 -mtune=generic -O2 -pipe -fno-plt -fexceptions         -Wp,-D_FORTIFY_SOURCE=3 -Wformat -Werror=format-security         -fstack-clash-protection -fcf-protection         -fno-omit-frame-pointer -mno-omit-leaf-frame-pointer -Wp,-D_GLIBCXX_ASSERTIONS -g -ffile-prefix-map=/build/filezilla-server/src=/usr/src/debug/filezilla-server -flto=auto -MT impersonator/libfilezilla_common_a-client.o -MD -MP -MF impersonator/.deps/libfilezilla_common_a-client.Tpo -c -o impersonator/libfilezilla_common_a-client.o `test -f 'impersonator/client.cpp' || echo './'`impersonator/client.cpp
mv -f .deps/libfilezilla_common_a-securable_socket.Tpo .deps/libfilezilla_common_a-securable_socket.Po
g++ -std=c++17 -DHAVE_CONFIG_H -I. -I../../src    -I/usr/include/p11-kit-1 -fno-exceptions  -march=x86-64 -mtune=generic -O2 -pipe -fno-plt -fexceptions         -Wp,-D_FORTIFY_SOURCE=3 -Wformat -Werror=format-security         -fstack-clash-protection -fcf-protection         -fno-omit-frame-pointer -mno-omit-leaf-frame-pointer -Wp,-D_GLIBCXX_ASSERTIONS -g -ffile-prefix-map=/build/filezilla-server/src=/usr/src/debug/filezilla-server -flto=auto -MT impersonator/libfilezilla_common_a-parent_proxy.o -MD -MP -MF impersonator/.deps/libfilezilla_common_a-parent_proxy.Tpo -c -o impersonator/libfilezilla_common_a-parent_proxy.o `test -f 'impersonator/parent_proxy.cpp' || echo './'`impersonator/parent_proxy.cpp
mv -f http/handlers/.deps/libfilezilla_common_a-router.Tpo http/handlers/.deps/libfilezilla_common_a-router.Po
g++ -std=c++17 -DHAVE_CONFIG_H -I. -I../../src    -I/usr/include/p11-kit-1 -fno-exceptions  -march=x86-64 -mtune=generic -O2 -pipe -fno-plt -fexceptions         -Wp,-D_FORTIFY_SOURCE=3 -Wformat -Werror=format-security         -fstack-clash-protection -fcf-protection         -fno-omit-frame-pointer -mno-omit-leaf-frame-pointer -Wp,-D_GLIBCXX_ASSERTIONS -g -ffile-prefix-map=/build/filezilla-server/src=/usr/src/debug/filezilla-server -flto=auto -MT impersonator/libfilezilla_common_a-process.o -MD -MP -MF impersonator/.deps/libfilezilla_common_a-process.Tpo -c -o impersonator/libfilezilla_common_a-process.o `test -f 'impersonator/process.cpp' || echo './'`impersonator/process.cpp
mv -f http/.deps/libfilezilla_common_a-client.Tpo http/.deps/libfilezilla_common_a-client.Po
g++ -std=c++17 -DHAVE_CONFIG_H -I. -I../../src    -I/usr/include/p11-kit-1 -fno-exceptions  -march=x86-64 -mtune=generic -O2 -pipe -fno-plt -fexceptions         -Wp,-D_FORTIFY_SOURCE=3 -Wformat -Werror=format-security         -fstack-clash-protection -fcf-protection         -fno-omit-frame-pointer -mno-omit-leaf-frame-pointer -Wp,-D_GLIBCXX_ASSERTIONS -g -ffile-prefix-map=/build/filezilla-server/src=/usr/src/debug/filezilla-server -flto=auto -MT impersonator/libfilezilla_common_a-server.o -MD -MP -MF impersonator/.deps/libfilezilla_common_a-server.Tpo -c -o impersonator/libfilezilla_common_a-server.o `test -f 'impersonator/server.cpp' || echo './'`impersonator/server.cpp
mv -f acme/.deps/libfilezilla_common_a-client.Tpo acme/.deps/libfilezilla_common_a-client.Po
g++ -std=c++17 -DHAVE_CONFIG_H -I. -I../../src    -I/usr/include/p11-kit-1 -fno-exceptions  -march=x86-64 -mtune=generic -O2 -pipe -fno-plt -fexceptions         -Wp,-D_FORTIFY_SOURCE=3 -Wformat -Werror=format-security         -fstack-clash-protection -fcf-protection         -fno-omit-frame-pointer -mno-omit-leaf-frame-pointer -Wp,-D_GLIBCXX_ASSERTIONS -g -ffile-prefix-map=/build/filezilla-server/src=/usr/src/debug/filezilla-server -flto=auto -MT impersonator/libfilezilla_common_a-util.o -MD -MP -MF impersonator/.deps/libfilezilla_common_a-util.Tpo -c -o impersonator/libfilezilla_common_a-util.o `test -f 'impersonator/util.cpp' || echo './'`impersonator/util.cpp
mv -f authentication/.deps/libfilezilla_common_a-throttled_authenticator.Tpo authentication/.deps/libfilezilla_common_a-throttled_authenticator.Po
g++ -std=c++17 -DHAVE_CONFIG_H -I. -I../../src    -I/usr/include/p11-kit-1 -fno-exceptions  -march=x86-64 -mtune=generic -O2 -pipe -fno-plt -fexceptions         -Wp,-D_FORTIFY_SOURCE=3 -Wformat -Werror=format-security         -fstack-clash-protection -fcf-protection         -fno-omit-frame-pointer -mno-omit-leaf-frame-pointer -Wp,-D_GLIBCXX_ASSERTIONS -g -ffile-prefix-map=/build/filezilla-server/src=/usr/src/debug/filezilla-server -flto=auto -MT logger/libfilezilla_common_a-file.o -MD -MP -MF logger/.deps/libfilezilla_common_a-file.Tpo -c -o logger/libfilezilla_common_a-file.o `test -f 'logger/file.cpp' || echo './'`logger/file.cpp
mv -f http/handlers/.deps/libfilezilla_common_a-authorized_file_server.Tpo http/handlers/.deps/libfilezilla_common_a-authorized_file_server.Po
g++ -std=c++17 -DHAVE_CONFIG_H -I. -I../../src    -I/usr/include/p11-kit-1 -fno-exceptions  -march=x86-64 -mtune=generic -O2 -pipe -fno-plt -fexceptions         -Wp,-D_FORTIFY_SOURCE=3 -Wformat -Werror=format-security         -fstack-clash-protection -fcf-protection         -fno-omit-frame-pointer -mno-omit-leaf-frame-pointer -Wp,-D_GLIBCXX_ASSERTIONS -g -ffile-prefix-map=/build/filezilla-server/src=/usr/src/debug/filezilla-server -flto=auto -MT logger/libfilezilla_common_a-hierarchical.o -MD -MP -MF logger/.deps/libfilezilla_common_a-hierarchical.Tpo -c -o logger/libfilezilla_common_a-hierarchical.o `test -f 'logger/hierarchical.cpp' || echo './'`logger/hierarchical.cpp
mv -f impersonator/.deps/libfilezilla_common_a-archives.Tpo impersonator/.deps/libfilezilla_common_a-archives.Po
g++ -std=c++17 -DHAVE_CONFIG_H -I. -I../../src    -I/usr/include/p11-kit-1 -fno-exceptions  -march=x86-64 -mtune=generic -O2 -pipe -fno-plt -fexceptions         -Wp,-D_FORTIFY_SOURCE=3 -Wformat -Werror=format-security         -fstack-clash-protection -fcf-protection         -fno-omit-frame-pointer -mno-omit-leaf-frame-pointer -Wp,-D_GLIBCXX_ASSERTIONS -g -ffile-prefix-map=/build/filezilla-server/src=/usr/src/debug/filezilla-server -flto=auto -MT logger/libfilezilla_common_a-modularized.o -MD -MP -MF logger/.deps/libfilezilla_common_a-modularized.Tpo -c -o logger/libfilezilla_common_a-modularized.o `test -f 'logger/modularized.cpp' || echo './'`logger/modularized.cpp
mv -f impersonator/.deps/libfilezilla_common_a-util.Tpo impersonator/.deps/libfilezilla_common_a-util.Po
g++ -std=c++17 -DHAVE_CONFIG_H -I. -I../../src    -I/usr/include/p11-kit-1 -fno-exceptions  -march=x86-64 -mtune=generic -O2 -pipe -fno-plt -fexceptions         -Wp,-D_FORTIFY_SOURCE=3 -Wformat -Werror=format-security         -fstack-clash-protection -fcf-protection         -fno-omit-frame-pointer -mno-omit-leaf-frame-pointer -Wp,-D_GLIBCXX_ASSERTIONS -g -ffile-prefix-map=/build/filezilla-server/src=/usr/src/debug/filezilla-server -flto=auto -MT logger/libfilezilla_common_a-null.o -MD -MP -MF logger/.deps/libfilezilla_common_a-null.Tpo -c -o logger/libfilezilla_common_a-null.o `test -f 'logger/null.cpp' || echo './'`logger/null.cpp
mv -f http/handlers/.deps/libfilezilla_common_a-file_server.Tpo http/handlers/.deps/libfilezilla_common_a-file_server.Po
g++ -std=c++17 -DHAVE_CONFIG_H -I. -I../../src    -I/usr/include/p11-kit-1 -fno-exceptions  -march=x86-64 -mtune=generic -O2 -pipe -fno-plt -fexceptions         -Wp,-D_FORTIFY_SOURCE=3 -Wformat -Werror=format-security         -fstack-clash-protection -fcf-protection         -fno-omit-frame-pointer -mno-omit-leaf-frame-pointer -Wp,-D_GLIBCXX_ASSERTIONS -g -ffile-prefix-map=/build/filezilla-server/src=/usr/src/debug/filezilla-server -flto=auto -MT logger/libfilezilla_common_a-splitter.o -MD -MP -MF logger/.deps/libfilezilla_common_a-splitter.Tpo -c -o logger/libfilezilla_common_a-splitter.o `test -f 'logger/splitter.cpp' || echo './'`logger/splitter.cpp
mv -f http/handlers/authorizer/.deps/libfilezilla_common_a-authorization.Tpo http/handlers/authorizer/.deps/libfilezilla_common_a-authorization.Po
g++ -std=c++17 -DHAVE_CONFIG_H -I. -I../../src    -I/usr/include/p11-kit-1 -fno-exceptions  -march=x86-64 -mtune=generic -O2 -pipe -fno-plt -fexceptions         -Wp,-D_FORTIFY_SOURCE=3 -Wformat -Werror=format-security         -fstack-clash-protection -fcf-protection         -fno-omit-frame-pointer -mno-omit-leaf-frame-pointer -Wp,-D_GLIBCXX_ASSERTIONS -g -ffile-prefix-map=/build/filezilla-server/src=/usr/src/debug/filezilla-server -flto=auto -MT logger/libfilezilla_common_a-stdio.o -MD -MP -MF logger/.deps/libfilezilla_common_a-stdio.Tpo -c -o logger/libfilezilla_common_a-stdio.o `test -f 'logger/stdio.cpp' || echo './'`logger/stdio.cpp
mv -f http/server/.deps/libfilezilla_common_a-request.Tpo http/server/.deps/libfilezilla_common_a-request.Po
g++ -std=c++17 -DHAVE_CONFIG_H -I. -I../../src    -I/usr/include/p11-kit-1 -fno-exceptions  -march=x86-64 -mtune=generic -O2 -pipe -fno-plt -fexceptions         -Wp,-D_FORTIFY_SOURCE=3 -Wformat -Werror=format-security         -fstack-clash-protection -fcf-protection         -fno-omit-frame-pointer -mno-omit-leaf-frame-pointer -Wp,-D_GLIBCXX_ASSERTIONS -g -ffile-prefix-map=/build/filezilla-server/src=/usr/src/debug/filezilla-server -flto=auto -MT receiver/libfilezilla_common_a-context.o -MD -MP -MF receiver/.deps/libfilezilla_common_a-context.Tpo -c -o receiver/libfilezilla_common_a-context.o `test -f 'receiver/context.cpp' || echo './'`receiver/context.cpp
mv -f acme/.deps/libfilezilla_common_a-daemon.Tpo acme/.deps/libfilezilla_common_a-daemon.Po
g++ -std=c++17 -DHAVE_CONFIG_H -I. -I../../src    -I/usr/include/p11-kit-1 -fno-exceptions  -march=x86-64 -mtune=generic -O2 -pipe -fno-plt -fexceptions         -Wp,-D_FORTIFY_SOURCE=3 -Wformat -Werror=format-security         -fstack-clash-protection -fcf-protection         -fno-omit-frame-pointer -mno-omit-leaf-frame-pointer -Wp,-D_GLIBCXX_ASSERTIONS -g -ffile-prefix-map=/build/filezilla-server/src=/usr/src/debug/filezilla-server -flto=auto -MT receiver/libfilezilla_common_a-enabled_for_receiving.o -MD -MP -MF receiver/.deps/libfilezilla_common_a-enabled_for_receiving.Tpo -c -o receiver/libfilezilla_common_a-enabled_for_receiving.o `test -f 'receiver/enabled_for_receiving.cpp' || echo './'`receiver/enabled_for_receiving.cpp
mv -f logger/.deps/libfilezilla_common_a-null.Tpo logger/.deps/libfilezilla_common_a-null.Po
g++ -std=c++17 -DHAVE_CONFIG_H -I. -I../../src    -I/usr/include/p11-kit-1 -fno-exceptions  -march=x86-64 -mtune=generic -O2 -pipe -fno-plt -fexceptions         -Wp,-D_FORTIFY_SOURCE=3 -Wformat -Werror=format-security         -fstack-clash-protection -fcf-protection         -fno-omit-frame-pointer -mno-omit-leaf-frame-pointer -Wp,-D_GLIBCXX_ASSERTIONS -g -ffile-prefix-map=/build/filezilla-server/src=/usr/src/debug/filezilla-server -flto=auto -MT receiver/libfilezilla_common_a-handle.o -MD -MP -MF receiver/.deps/libfilezilla_common_a-handle.Tpo -c -o receiver/libfilezilla_common_a-handle.o `test -f 'receiver/handle.cpp' || echo './'`receiver/handle.cpp
mv -f logger/.deps/libfilezilla_common_a-hierarchical.Tpo logger/.deps/libfilezilla_common_a-hierarchical.Po
g++ -std=c++17 -DHAVE_CONFIG_H -I. -I../../src    -I/usr/include/p11-kit-1 -fno-exceptions  -march=x86-64 -mtune=generic -O2 -pipe -fno-plt -fexceptions         -Wp,-D_FORTIFY_SOURCE=3 -Wformat -Werror=format-security         -fstack-clash-protection -fcf-protection         -fno-omit-frame-pointer -mno-omit-leaf-frame-pointer -Wp,-D_GLIBCXX_ASSERTIONS -g -ffile-prefix-map=/build/filezilla-server/src=/usr/src/debug/filezilla-server -flto=auto -MT ftp/libfilezilla_common_a-server.o -MD -MP -MF ftp/.deps/libfilezilla_common_a-server.Tpo -c -o ftp/libfilezilla_common_a-server.o `test -f 'ftp/server.cpp' || echo './'`ftp/server.cpp
mv -f impersonator/.deps/libfilezilla_common_a-parent_proxy.Tpo impersonator/.deps/libfilezilla_common_a-parent_proxy.Po
g++ -std=c++17 -DHAVE_CONFIG_H -I. -I../../src    -I/usr/include/p11-kit-1 -fno-exceptions  -march=x86-64 -mtune=generic -O2 -pipe -fno-plt -fexceptions         -Wp,-D_FORTIFY_SOURCE=3 -Wformat -Werror=format-security         -fstack-clash-protection -fcf-protection         -fno-omit-frame-pointer -mno-omit-leaf-frame-pointer -Wp,-D_GLIBCXX_ASSERTIONS -g -ffile-prefix-map=/build/filezilla-server/src=/usr/src/debug/filezilla-server -flto=auto -MT ftp/libfilezilla_common_a-session.o -MD -MP -MF ftp/.deps/libfilezilla_common_a-session.Tpo -c -o ftp/libfilezilla_common_a-session.o `test -f 'ftp/session.cpp' || echo './'`ftp/session.cpp
mv -f http/handlers/.deps/libfilezilla_common_a-authorizer.Tpo http/handlers/.deps/libfilezilla_common_a-authorizer.Po
g++ -std=c++17 -DHAVE_CONFIG_H -I. -I../../src    -I/usr/include/p11-kit-1 -fno-exceptions  -march=x86-64 -mtune=generic -O2 -pipe -fno-plt -fexceptions         -Wp,-D_FORTIFY_SOURCE=3 -Wformat -Werror=format-security         -fstack-clash-protection -fcf-protection         -fno-omit-frame-pointer -mno-omit-leaf-frame-pointer -Wp,-D_GLIBCXX_ASSERTIONS -g -ffile-prefix-map=/build/filezilla-server/src=/usr/src/debug/filezilla-server -flto=auto -MT ftp/libfilezilla_common_a-ascii_layer.o -MD -MP -MF ftp/.deps/libfilezilla_common_a-ascii_layer.Tpo -c -o ftp/libfilezilla_common_a-ascii_layer.o `test -f 'ftp/ascii_layer.cpp' || echo './'`ftp/ascii_layer.cpp
mv -f logger/.deps/libfilezilla_common_a-stdio.Tpo logger/.deps/libfilezilla_common_a-stdio.Po
mv -f receiver/.deps/libfilezilla_common_a-context.Tpo receiver/.deps/libfilezilla_common_a-context.Po
g++ -std=c++17 -DHAVE_CONFIG_H -I. -I../../src    -I/usr/include/p11-kit-1 -fno-exceptions  -march=x86-64 -mtune=generic -O2 -pipe -fno-plt -fexceptions         -Wp,-D_FORTIFY_SOURCE=3 -Wformat -Werror=format-security         -fstack-clash-protection -fcf-protection         -fno-omit-frame-pointer -mno-omit-leaf-frame-pointer -Wp,-D_GLIBCXX_ASSERTIONS -g -ffile-prefix-map=/build/filezilla-server/src=/usr/src/debug/filezilla-server -flto=auto -MT ftp/libfilezilla_common_a-commander.o -MD -MP -MF ftp/.deps/libfilezilla_common_a-commander.Tpo -c -o ftp/libfilezilla_common_a-commander.o `test -f 'ftp/commander.cpp' || echo './'`ftp/commander.cpp
g++ -std=c++17 -DHAVE_CONFIG_H -I. -I../../src    -I/usr/include/p11-kit-1 -fno-exceptions  -march=x86-64 -mtune=generic -O2 -pipe -fno-plt -fexceptions         -Wp,-D_FORTIFY_SOURCE=3 -Wformat -Werror=format-security         -fstack-clash-protection -fcf-protection         -fno-omit-frame-pointer -mno-omit-leaf-frame-pointer -Wp,-D_GLIBCXX_ASSERTIONS -g -ffile-prefix-map=/build/filezilla-server/src=/usr/src/debug/filezilla-server -flto=auto -MT ftp/libfilezilla_common_a-protocol_info.o -MD -MP -MF ftp/.deps/libfilezilla_common_a-protocol_info.Tpo -c -o ftp/libfilezilla_common_a-protocol_info.o `test -f 'ftp/protocol_info.cpp' || echo './'`ftp/protocol_info.cpp
mv -f receiver/.deps/libfilezilla_common_a-enabled_for_receiving.Tpo receiver/.deps/libfilezilla_common_a-enabled_for_receiving.Po
g++ -std=c++17 -DHAVE_CONFIG_H -I. -I../../src    -I/usr/include/p11-kit-1 -fno-exceptions  -march=x86-64 -mtune=generic -O2 -pipe -fno-plt -fexceptions         -Wp,-D_FORTIFY_SOURCE=3 -Wformat -Werror=format-security         -fstack-clash-protection -fcf-protection         -fno-omit-frame-pointer -mno-omit-leaf-frame-pointer -Wp,-D_GLIBCXX_ASSERTIONS -g -ffile-prefix-map=/build/filezilla-server/src=/usr/src/debug/filezilla-server -flto=auto -MT serialization/archives/libfilezilla_common_a-argv.o -MD -MP -MF serialization/archives/.deps/libfilezilla_common_a-argv.Tpo -c -o serialization/archives/libfilezilla_common_a-argv.o `test -f 'serialization/archives/argv.cpp' || echo './'`serialization/archives/argv.cpp
mv -f logger/.deps/libfilezilla_common_a-splitter.Tpo logger/.deps/libfilezilla_common_a-splitter.Po
g++ -std=c++17 -DHAVE_CONFIG_H -I. -I../../src    -I/usr/include/p11-kit-1 -fno-exceptions  -march=x86-64 -mtune=generic -O2 -pipe -fno-plt -fexceptions         -Wp,-D_FORTIFY_SOURCE=3 -Wformat -Werror=format-security         -fstack-clash-protection -fcf-protection         -fno-omit-frame-pointer -mno-omit-leaf-frame-pointer -Wp,-D_GLIBCXX_ASSERTIONS -g -ffile-prefix-map=/build/filezilla-server/src=/usr/src/debug/filezilla-server -flto=auto -MT serialization/archives/libfilezilla_common_a-xml.o -MD -MP -MF serialization/archives/.deps/libfilezilla_common_a-xml.Tpo -c -o serialization/archives/libfilezilla_common_a-xml.o `test -f 'serialization/archives/xml.cpp' || echo './'`serialization/archives/xml.cpp
mv -f logger/.deps/libfilezilla_common_a-modularized.Tpo logger/.deps/libfilezilla_common_a-modularized.Po
g++ -std=c++17 -DHAVE_CONFIG_H -I. -I../../src    -I/usr/include/p11-kit-1 -fno-exceptions  -march=x86-64 -mtune=generic -O2 -pipe -fno-plt -fexceptions         -Wp,-D_FORTIFY_SOURCE=3 -Wformat -Werror=format-security         -fstack-clash-protection -fcf-protection         -fno-omit-frame-pointer -mno-omit-leaf-frame-pointer -Wp,-D_GLIBCXX_ASSERTIONS -g -ffile-prefix-map=/build/filezilla-server/src=/usr/src/debug/filezilla-server -flto=auto -MT tcp/libfilezilla_common_a-client.o -MD -MP -MF tcp/.deps/libfilezilla_common_a-client.Tpo -c -o tcp/libfilezilla_common_a-client.o `test -f 'tcp/client.cpp' || echo './'`tcp/client.cpp
mv -f http/handlers/.deps/libfilezilla_common_a-authorized_file_sharer.Tpo http/handlers/.deps/libfilezilla_common_a-authorized_file_sharer.Po
g++ -std=c++17 -DHAVE_CONFIG_H -I. -I../../src    -I/usr/include/p11-kit-1 -fno-exceptions  -march=x86-64 -mtune=generic -O2 -pipe -fno-plt -fexceptions         -Wp,-D_FORTIFY_SOURCE=3 -Wformat -Werror=format-security         -fstack-clash-protection -fcf-protection         -fno-omit-frame-pointer -mno-omit-leaf-frame-pointer -Wp,-D_GLIBCXX_ASSERTIONS -g -ffile-prefix-map=/build/filezilla-server/src=/usr/src/debug/filezilla-server -flto=auto -MT tcp/libfilezilla_common_a-listener.o -MD -MP -MF tcp/.deps/libfilezilla_common_a-listener.Tpo -c -o tcp/libfilezilla_common_a-listener.o `test -f 'tcp/listener.cpp' || echo './'`tcp/listener.cpp
mv -f receiver/.deps/libfilezilla_common_a-handle.Tpo receiver/.deps/libfilezilla_common_a-handle.Po
mv -f logger/.deps/libfilezilla_common_a-file.Tpo logger/.deps/libfilezilla_common_a-file.Po
g++ -std=c++17 -DHAVE_CONFIG_H -I. -I../../src    -I/usr/include/p11-kit-1 -fno-exceptions  -march=x86-64 -mtune=generic -O2 -pipe -fno-plt -fexceptions         -Wp,-D_FORTIFY_SOURCE=3 -Wformat -Werror=format-security         -fstack-clash-protection -fcf-protection         -fno-omit-frame-pointer -mno-omit-leaf-frame-pointer -Wp,-D_GLIBCXX_ASSERTIONS -g -ffile-prefix-map=/build/filezilla-server/src=/usr/src/debug/filezilla-server -flto=auto -MT tcp/libfilezilla_common_a-proxy_layer.o -MD -MP -MF tcp/.deps/libfilezilla_common_a-proxy_layer.Tpo -c -o tcp/libfilezilla_common_a-proxy_layer.o `test -f 'tcp/proxy_layer.cpp' || echo './'`tcp/proxy_layer.cpp
g++ -std=c++17 -DHAVE_CONFIG_H -I. -I../../src    -I/usr/include/p11-kit-1 -fno-exceptions  -march=x86-64 -mtune=generic -O2 -pipe -fno-plt -fexceptions         -Wp,-D_FORTIFY_SOURCE=3 -Wformat -Werror=format-security         -fstack-clash-protection -fcf-protection         -fno-omit-frame-pointer -mno-omit-leaf-frame-pointer -Wp,-D_GLIBCXX_ASSERTIONS -g -ffile-prefix-map=/build/filezilla-server/src=/usr/src/debug/filezilla-server -flto=auto -MT tcp/libfilezilla_common_a-server.o -MD -MP -MF tcp/.deps/libfilezilla_common_a-server.Tpo -c -o tcp/libfilezilla_common_a-server.o `test -f 'tcp/server.cpp' || echo './'`tcp/server.cpp
mv -f impersonator/.deps/libfilezilla_common_a-process.Tpo impersonator/.deps/libfilezilla_common_a-process.Po
g++ -std=c++17 -DHAVE_CONFIG_H -I. -I../../src    -I/usr/include/p11-kit-1 -fno-exceptions  -march=x86-64 -mtune=generic -O2 -pipe -fno-plt -fexceptions         -Wp,-D_FORTIFY_SOURCE=3 -Wformat -Werror=format-security         -fstack-clash-protection -fcf-protection         -fno-omit-frame-pointer -mno-omit-leaf-frame-pointer -Wp,-D_GLIBCXX_ASSERTIONS -g -ffile-prefix-map=/build/filezilla-server/src=/usr/src/debug/filezilla-server -flto=auto -MT tcp/libfilezilla_common_a-session.o -MD -MP -MF tcp/.deps/libfilezilla_common_a-session.Tpo -c -o tcp/libfilezilla_common_a-session.o `test -f 'tcp/session.cpp' || echo './'`tcp/session.cpp
mv -f http/.deps/libfilezilla_common_a-server.Tpo http/.deps/libfilezilla_common_a-server.Po
g++ -std=c++17 -DHAVE_CONFIG_H -I. -I../../src    -I/usr/include/p11-kit-1 -fno-exceptions  -march=x86-64 -mtune=generic -O2 -pipe -fno-plt -fexceptions         -Wp,-D_FORTIFY_SOURCE=3 -Wformat -Werror=format-security         -fstack-clash-protection -fcf-protection         -fno-omit-frame-pointer -mno-omit-leaf-frame-pointer -Wp,-D_GLIBCXX_ASSERTIONS -g -ffile-prefix-map=/build/filezilla-server/src=/usr/src/debug/filezilla-server -flto=auto -MT tcp/libfilezilla_common_a-binary_address_list.o -MD -MP -MF tcp/.deps/libfilezilla_common_a-binary_address_list.Tpo -c -o tcp/libfilezilla_common_a-binary_address_list.o `test -f 'tcp/binary_address_list.cpp' || echo './'`tcp/binary_address_list.cpp
mv -f http/server/session/.deps/libfilezilla_common_a-transaction.Tpo http/server/session/.deps/libfilezilla_common_a-transaction.Po
g++ -std=c++17 -DHAVE_CONFIG_H -I. -I../../src    -I/usr/include/p11-kit-1 -fno-exceptions  -march=x86-64 -mtune=generic -O2 -pipe -fno-plt -fexceptions         -Wp,-D_FORTIFY_SOURCE=3 -Wformat -Werror=format-security         -fstack-clash-protection -fcf-protection         -fno-omit-frame-pointer -mno-omit-leaf-frame-pointer -Wp,-D_GLIBCXX_ASSERTIONS -g -ffile-prefix-map=/build/filezilla-server/src=/usr/src/debug/filezilla-server -flto=auto -MT tcp/libfilezilla_common_a-temporary_address_list.o -MD -MP -MF tcp/.deps/libfilezilla_common_a-temporary_address_list.Tpo -c -o tcp/libfilezilla_common_a-temporary_address_list.o `test -f 'tcp/temporary_address_list.cpp' || echo './'`tcp/temporary_address_list.cpp
mv -f ftp/.deps/libfilezilla_common_a-ascii_layer.Tpo ftp/.deps/libfilezilla_common_a-ascii_layer.Po
g++ -std=c++17 -DHAVE_CONFIG_H -I. -I../../src    -I/usr/include/p11-kit-1 -fno-exceptions  -march=x86-64 -mtune=generic -O2 -pipe -fno-plt -fexceptions         -Wp,-D_FORTIFY_SOURCE=3 -Wformat -Werror=format-security         -fstack-clash-protection -fcf-protection         -fno-omit-frame-pointer -mno-omit-leaf-frame-pointer -Wp,-D_GLIBCXX_ASSERTIONS -g -ffile-prefix-map=/build/filezilla-server/src=/usr/src/debug/filezilla-server -flto=auto -MT tcp/libfilezilla_common_a-automatically_serializable_binary_address_list.o -MD -MP -MF tcp/.deps/libfilezilla_common_a-automatically_serializable_binary_address_list.Tpo -c -o tcp/libfilezilla_common_a-automatically_serializable_binary_address_list.o `test -f 'tcp/automatically_serializable_binary_address_list.cpp' || echo './'`tcp/automatically_serializable_binary_address_list.cpp
mv -f tcp/.deps/libfilezilla_common_a-temporary_address_list.Tpo tcp/.deps/libfilezilla_common_a-temporary_address_list.Po
g++ -std=c++17 -DHAVE_CONFIG_H -I. -I../../src    -I/usr/include/p11-kit-1 -fno-exceptions  -march=x86-64 -mtune=generic -O2 -pipe -fno-plt -fexceptions         -Wp,-D_FORTIFY_SOURCE=3 -Wformat -Werror=format-security         -fstack-clash-protection -fcf-protection         -fno-omit-frame-pointer -mno-omit-leaf-frame-pointer -Wp,-D_GLIBCXX_ASSERTIONS -g -ffile-prefix-map=/build/filezilla-server/src=/usr/src/debug/filezilla-server -flto=auto -MT tvfs/libfilezilla_common_a-backend.o -MD -MP -MF tvfs/.deps/libfilezilla_common_a-backend.Tpo -c -o tvfs/libfilezilla_common_a-backend.o `test -f 'tvfs/backend.cpp' || echo './'`tvfs/backend.cpp
mv -f impersonator/.deps/libfilezilla_common_a-client.Tpo impersonator/.deps/libfilezilla_common_a-client.Po
g++ -std=c++17 -DHAVE_CONFIG_H -I. -I../../src    -I/usr/include/p11-kit-1 -fno-exceptions  -march=x86-64 -mtune=generic -O2 -pipe -fno-plt -fexceptions         -Wp,-D_FORTIFY_SOURCE=3 -Wformat -Werror=format-security         -fstack-clash-protection -fcf-protection         -fno-omit-frame-pointer -mno-omit-leaf-frame-pointer -Wp,-D_GLIBCXX_ASSERTIONS -g -ffile-prefix-map=/build/filezilla-server/src=/usr/src/debug/filezilla-server -flto=auto -MT tvfs/backends/libfilezilla_common_a-local_filesys.o -MD -MP -MF tvfs/backends/.deps/libfilezilla_common_a-local_filesys.Tpo -c -o tvfs/backends/libfilezilla_common_a-local_filesys.o `test -f 'tvfs/backends/local_filesys.cpp' || echo './'`tvfs/backends/local_filesys.cpp
mv -f tcp/.deps/libfilezilla_common_a-proxy_layer.Tpo tcp/.deps/libfilezilla_common_a-proxy_layer.Po
g++ -std=c++17 -DHAVE_CONFIG_H -I. -I../../src    -I/usr/include/p11-kit-1 -fno-exceptions  -march=x86-64 -mtune=generic -O2 -pipe -fno-plt -fexceptions         -Wp,-D_FORTIFY_SOURCE=3 -Wformat -Werror=format-security         -fstack-clash-protection -fcf-protection         -fno-omit-frame-pointer -mno-omit-leaf-frame-pointer -Wp,-D_GLIBCXX_ASSERTIONS -g -ffile-prefix-map=/build/filezilla-server/src=/usr/src/debug/filezilla-server -flto=auto -MT tvfs/libfilezilla_common_a-engine.o -MD -MP -MF tvfs/.deps/libfilezilla_common_a-engine.Tpo -c -o tvfs/libfilezilla_common_a-engine.o `test -f 'tvfs/engine.cpp' || echo './'`tvfs/engine.cpp
mv -f tcp/.deps/libfilezilla_common_a-client.Tpo tcp/.deps/libfilezilla_common_a-client.Po
g++ -std=c++17 -DHAVE_CONFIG_H -I. -I../../src    -I/usr/include/p11-kit-1 -fno-exceptions  -march=x86-64 -mtune=generic -O2 -pipe -fno-plt -fexceptions         -Wp,-D_FORTIFY_SOURCE=3 -Wformat -Werror=format-security         -fstack-clash-protection -fcf-protection         -fno-omit-frame-pointer -mno-omit-leaf-frame-pointer -Wp,-D_GLIBCXX_ASSERTIONS -g -ffile-prefix-map=/build/filezilla-server/src=/usr/src/debug/filezilla-server -flto=auto -MT tvfs/libfilezilla_common_a-entry.o -MD -MP -MF tvfs/.deps/libfilezilla_common_a-entry.Tpo -c -o tvfs/libfilezilla_common_a-entry.o `test -f 'tvfs/entry.cpp' || echo './'`tvfs/entry.cpp
mv -f tcp/.deps/libfilezilla_common_a-session.Tpo tcp/.deps/libfilezilla_common_a-session.Po
g++ -std=c++17 -DHAVE_CONFIG_H -I. -I../../src    -I/usr/include/p11-kit-1 -fno-exceptions  -march=x86-64 -mtune=generic -O2 -pipe -fno-plt -fexceptions         -Wp,-D_FORTIFY_SOURCE=3 -Wformat -Werror=format-security         -fstack-clash-protection -fcf-protection         -fno-omit-frame-pointer -mno-omit-leaf-frame-pointer -Wp,-D_GLIBCXX_ASSERTIONS -g -ffile-prefix-map=/build/filezilla-server/src=/usr/src/debug/filezilla-server -flto=auto -MT tvfs/libfilezilla_common_a-mount.o -MD -MP -MF tvfs/.deps/libfilezilla_common_a-mount.Tpo -c -o tvfs/libfilezilla_common_a-mount.o `test -f 'tvfs/mount.cpp' || echo './'`tvfs/mount.cpp
mv -f serialization/archives/.deps/libfilezilla_common_a-argv.Tpo serialization/archives/.deps/libfilezilla_common_a-argv.Po
g++ -std=c++17 -DHAVE_CONFIG_H -I. -I../../src    -I/usr/include/p11-kit-1 -fno-exceptions  -march=x86-64 -mtune=generic -O2 -pipe -fno-plt -fexceptions         -Wp,-D_FORTIFY_SOURCE=3 -Wformat -Werror=format-security         -fstack-clash-protection -fcf-protection         -fno-omit-frame-pointer -mno-omit-leaf-frame-pointer -Wp,-D_GLIBCXX_ASSERTIONS -g -ffile-prefix-map=/build/filezilla-server/src=/usr/src/debug/filezilla-server -flto=auto -MT tvfs/libfilezilla_common_a-placeholders.o -MD -MP -MF tvfs/.deps/libfilezilla_common_a-placeholders.Tpo -c -o tvfs/libfilezilla_common_a-placeholders.o `test -f 'tvfs/placeholders.cpp' || echo './'`tvfs/placeholders.cpp
mv -f tcp/.deps/libfilezilla_common_a-server.Tpo tcp/.deps/libfilezilla_common_a-server.Po
g++ -std=c++17 -DHAVE_CONFIG_H -I. -I../../src    -I/usr/include/p11-kit-1 -fno-exceptions  -march=x86-64 -mtune=generic -O2 -pipe -fno-plt -fexceptions         -Wp,-D_FORTIFY_SOURCE=3 -Wformat -Werror=format-security         -fstack-clash-protection -fcf-protection         -fno-omit-frame-pointer -mno-omit-leaf-frame-pointer -Wp,-D_GLIBCXX_ASSERTIONS -g -ffile-prefix-map=/build/filezilla-server/src=/usr/src/debug/filezilla-server -flto=auto -MT tvfs/libfilezilla_common_a-validation.o -MD -MP -MF tvfs/.deps/libfilezilla_common_a-validation.Tpo -c -o tvfs/libfilezilla_common_a-validation.o `test -f 'tvfs/validation.cpp' || echo './'`tvfs/validation.cpp
tvfs/mount.cpp:8:10: fatal error: ../with_last_view.hpp: No such file or directory
    8 | #include "../with_last_view.hpp"
      |          ^~~~~~~~~~~~~~~~~~~~~~~
compilation terminated.
make[4]: *** [Makefile:2697: tvfs/libfilezilla_common_a-mount.o] Error 1
make[4]: *** Waiting for unfinished jobs....
mv -f authentication/.deps/libfilezilla_common_a-file_based_authenticator.Tpo authentication/.deps/libfilezilla_common_a-file_based_authenticator.Po
mv -f impersonator/.deps/libfilezilla_common_a-server.Tpo impersonator/.deps/libfilezilla_common_a-server.Po
mv -f authentication/.deps/libfilezilla_common_a-file_based_authenticator_static_load_and_save.Tpo authentication/.deps/libfilezilla_common_a-file_based_authenticator_static_load_and_save.Po
mv -f tcp/.deps/libfilezilla_common_a-listener.Tpo tcp/.deps/libfilezilla_common_a-listener.Po
mv -f http/server/.deps/libfilezilla_common_a-session.Tpo http/server/.deps/libfilezilla_common_a-session.Po
mv -f tcp/.deps/libfilezilla_common_a-binary_address_list.Tpo tcp/.deps/libfilezilla_common_a-binary_address_list.Po
mv -f tvfs/.deps/libfilezilla_common_a-placeholders.Tpo tvfs/.deps/libfilezilla_common_a-placeholders.Po
mv -f serialization/archives/.deps/libfilezilla_common_a-xml.Tpo serialization/archives/.deps/libfilezilla_common_a-xml.Po
mv -f tvfs/.deps/libfilezilla_common_a-backend.Tpo tvfs/.deps/libfilezilla_common_a-backend.Po
mv -f tvfs/.deps/libfilezilla_common_a-validation.Tpo tvfs/.deps/libfilezilla_common_a-validation.Po
mv -f tcp/.deps/libfilezilla_common_a-automatically_serializable_binary_address_list.Tpo tcp/.deps/libfilezilla_common_a-automatically_serializable_binary_address_list.Po
mv -f ftp/.deps/libfilezilla_common_a-protocol_info.Tpo ftp/.deps/libfilezilla_common_a-protocol_info.Po
mv -f tvfs/backends/.deps/libfilezilla_common_a-local_filesys.Tpo tvfs/backends/.deps/libfilezilla_common_a-local_filesys.Po
mv -f ftp/.deps/libfilezilla_common_a-server.Tpo ftp/.deps/libfilezilla_common_a-server.Po
mv -f tvfs/.deps/libfilezilla_common_a-entry.Tpo tvfs/.deps/libfilezilla_common_a-entry.Po
mv -f tvfs/.deps/libfilezilla_common_a-engine.Tpo tvfs/.deps/libfilezilla_common_a-engine.Po
mv -f ftp/.deps/libfilezilla_common_a-session.Tpo ftp/.deps/libfilezilla_common_a-session.Po
mv -f ftp/.deps/libfilezilla_common_a-commander.Tpo ftp/.deps/libfilezilla_common_a-commander.Po
mv -f impersonator/.deps/libfilezilla_common_a-channel.Tpo impersonator/.deps/libfilezilla_common_a-channel.Po
make[4]: Leaving directory '/build/filezilla-server/src/filezilla-server-1.11.1/src/filezilla'
make[3]: *** [Makefile:3097: install-recursive] Error 1
make[3]: Leaving directory '/build/filezilla-server/src/filezilla-server-1.11.1/src/filezilla'
make[2]: *** [Makefile:3253: install] Error 2
make[2]: Leaving directory '/build/filezilla-server/src/filezilla-server-1.11.1/src/filezilla'
make[1]: *** [Makefile:444: install-recursive] Error 1
make[1]: Leaving directory '/build/filezilla-server/src/filezilla-server-1.11.1/src'
make: *** [Makefile:470: install-recursive] Error 1
[1m[31m==> ERROR:(B[m[1m A failure occurred in package().(B[m
[1m    Aborting...(B[m
