npm warn deprecated @xmldom/xmldom@0.7.13: this version is no longer supported, please update to at least 0.8.*
npm warn deprecated @types/localforage@0.0.34: This is a stub types definition for localforage (https://github.com/localForage/localForage). localforage provides its own type definitions, so you don't need @types/localforage installed!

added 480 packages, and audited 481 packages in 36s

92 packages are looking for funding
  run `npm fund` for details

found 0 vulnerabilities
npm notice
npm notice New minor version of npm available! 11.6.4 -> 11.7.0
npm notice Changelog: https://github.com/npm/cli/releases/tag/v11.7.0
npm notice To update run: npm install -g npm@11.7.0
npm notice
DONE NPM INSTALL
npm warn using --force Recommended protections disabled.

removed 1 package, and audited 480 packages in 5s

92 packages are looking for funding
  run `npm fund` for details

found 0 vulnerabilities
DONE NPM UPDATE

> filebrowser-frontend@3.0.0 build
> pnpm run typecheck && vite build


> filebrowser-frontend@3.0.0 typecheck /build/filebrowser/src/filebrowser/frontend
> vue-tsc -p ./tsconfig.app.json --noEmit

vite v7.2.7 building client environment for production...
<script src="[{[ .ReCaptchaHost ]}]/recaptcha/api.js?render=explicit"> in "/public/index.html" can't be bundled without type="module" attribute

[{[ .StaticURL ]}]/custom.css doesn't exist at build time, it will remain unchanged to be resolved at runtime
transforming...
✓ 1197 modules transformed.
rendering chunks...
dist/assets/pt-PT-legacy-CehJb7Kr.js.br        1.04 kB
dist/assets/pt-PT-legacy-CehJb7Kr.js.gz        1.21 kB
dist/assets/en-legacy-CTNrZoYe.js.br           1.30 kB
dist/assets/en-legacy-CTNrZoYe.js.gz           1.58 kB
dist/assets/he-legacy-CgGMqKt1.js.br           1.73 kB
dist/assets/zh-CN-legacy-D_dx2jQw.js.br        1.74 kB
dist/assets/pt-BR-legacy-OEbcDyBg.js.br        1.75 kB
dist/assets/it-legacy-Dll_jiPn.js.br           1.79 kB
dist/assets/sk-legacy-Clj5jYg5.js.br           1.82 kB
dist/assets/zh-TW-legacy-C5BtcxfX.js.br        1.82 kB
dist/assets/ro-legacy-4Hjvr1cp.js.br           1.83 kB
dist/assets/nl-legacy-D4bTSw5a.js.br           1.86 kB
dist/assets/hu-legacy-Bl6rHOH7.js.br           1.86 kB
dist/assets/tr-legacy-BTSL9KbT.js.br           1.88 kB
dist/assets/es-legacy-Dy7wflw5.js.br           1.90 kB
dist/assets/uk-legacy-BZSQjhnx.js.br           1.95 kB
dist/assets/ko-legacy-sEwo5wPi.js.br           1.96 kB
dist/assets/ar-legacy-DrNisG-b.js.br           1.97 kB
dist/assets/pl-legacy-Btxktbfr.js.br           1.99 kB
dist/assets/fr-legacy-CnW_EbdG.js.br           2.01 kB
dist/assets/de-legacy-wA-fqwe6.js.br           2.01 kB
dist/assets/pt-BR-legacy-OEbcDyBg.js.gz        2.01 kB
dist/assets/it-legacy-Dll_jiPn.js.gz           2.05 kB
dist/assets/ja-legacy-CQjecU0P.js.br           2.08 kB
dist/assets/ru-legacy-_ylcX7Wj.js.br           2.08 kB
dist/assets/sk-legacy-Clj5jYg5.js.gz           2.08 kB
dist/assets/ro-legacy-4Hjvr1cp.js.gz           2.10 kB
dist/assets/nl-legacy-D4bTSw5a.js.gz           2.12 kB
dist/assets/el-legacy-BdatVowj.js.br           2.12 kB
dist/assets/he-legacy-CgGMqKt1.js.gz           2.15 kB
dist/assets/hu-legacy-Bl6rHOH7.js.gz           2.16 kB
dist/assets/tr-legacy-BTSL9KbT.js.gz           2.16 kB
dist/assets/es-legacy-Dy7wflw5.js.gz           2.23 kB
dist/assets/pl-legacy-Btxktbfr.js.gz           2.26 kB
dist/assets/zh-CN-legacy-D_dx2jQw.js.gz        2.28 kB
dist/assets/de-legacy-wA-fqwe6.js.gz           2.29 kB
dist/assets/fr-legacy-CnW_EbdG.js.gz           2.29 kB
dist/assets/zh-TW-legacy-C5BtcxfX.js.gz        2.31 kB
dist/assets/uk-legacy-BZSQjhnx.js.gz           2.40 kB
dist/assets/ko-legacy-sEwo5wPi.js.gz           2.41 kB
dist/assets/ar-legacy-DrNisG-b.js.gz           2.46 kB
dist/assets/ja-legacy-CQjecU0P.js.gz           2.55 kB
dist/assets/ru-legacy-_ylcX7Wj.js.gz           2.58 kB
dist/assets/el-legacy-BdatVowj.js.gz           2.61 kB
dist/assets/dayjs-legacy-DHlQ0cCM.js.br       12.89 kB
dist/assets/dayjs-legacy-DHlQ0cCM.js.gz       15.26 kB
dist/assets/polyfills-legacy-DB6sxk6E.js.br   21.63 kB
dist/assets/polyfills-legacy-DB6sxk6E.js.gz   24.82 kB
dist/assets/Editor-legacy-DKguNp-y.js.br      36.95 kB
dist/assets/Editor-legacy-DKguNp-y.js.gz      41.16 kB
dist/assets/i18n-legacy-CmTG_dFN.js.br       130.32 kB
dist/assets/i18n-legacy-CmTG_dFN.js.gz       157.90 kB
dist/assets/index-legacy-C1MEGH9Z.js.br      204.00 kB
dist/assets/index-legacy-C1MEGH9Z.js.gz      244.78 kB
dist/assets/Preview-legacy-CqdVs7UO.js.br    276.26 kB
dist/assets/Preview-legacy-CqdVs7UO.js.gz    358.10 kB
computing gzip size...
dist/assets/pt-PT-Dpx0adZp.js.br                  1.05 kB
dist/assets/pt-PT-Dpx0adZp.js.gz                  1.19 kB
dist/assets/en-B9cUi7yp.js.br                     1.33 kB
dist/assets/en-B9cUi7yp.js.gz                     1.59 kB
dist/assets/he-CKoFb239.js.br                     1.76 kB
dist/assets/pt-BR-D2fgF9De.js.br                  1.79 kB
dist/assets/zh-CN-DH_OOwBr.js.br                  1.80 kB
dist/assets/it-_2pKjYFU.js.br                     1.83 kB
dist/assets/sk-LuNleX7X.js.br                     1.85 kB
dist/assets/ro-C5INmjZj.js.br                     1.87 kB
dist/assets/zh-TW-BuS31BG2.js.br                  1.87 kB
dist/assets/hu-DgScp7Vz.js.br                     1.89 kB
dist/assets/nl-Dm22rvoT.js.br                     1.90 kB
dist/assets/tr-DayNcc5h.js.br                     1.90 kB
dist/assets/es-BpQk-HGo.js.br                     1.94 kB
dist/assets/uk-C2gOFBkq.js.br                     1.98 kB
dist/assets/ar-grBMsqD0.js.br                     2.00 kB
dist/assets/pl-CE4mQrXb.js.br                     2.01 kB
dist/assets/ko-DKOY2mvq.js.br                     2.01 kB
dist/assets/pt-BR-D2fgF9De.js.gz                  2.03 kB
dist/assets/de-B_RdXGrw.js.br                     2.04 kB
dist/assets/fr-CI4UQ_Wr.js.br                     2.05 kB
dist/assets/it-_2pKjYFU.js.gz                     2.06 kB
dist/assets/sk-LuNleX7X.js.gz                     2.08 kB
dist/assets/ru-CuNPvaCT.js.br                     2.10 kB
dist/assets/ro-C5INmjZj.js.gz                     2.11 kB
dist/assets/ja-Ba2FCdJ4.js.br                     2.12 kB
dist/assets/nl-Dm22rvoT.js.gz                     2.14 kB
dist/assets/el-CqCURAvT.js.br                     2.14 kB
dist/assets/he-CKoFb239.js.gz                     2.15 kB
dist/assets/hu-DgScp7Vz.js.gz                     2.16 kB
dist/assets/tr-DayNcc5h.js.gz                     2.17 kB
dist/assets/es-BpQk-HGo.js.gz                     2.25 kB
dist/assets/pl-CE4mQrXb.js.gz                     2.27 kB
dist/assets/de-B_RdXGrw.js.gz                     2.30 kB
dist/assets/zh-CN-DH_OOwBr.js.gz                  2.31 kB
dist/assets/fr-CI4UQ_Wr.js.gz                     2.31 kB
dist/assets/zh-TW-BuS31BG2.js.gz                  2.34 kB
dist/assets/uk-C2gOFBkq.js.gz                     2.40 kB
dist/assets/ko-DKOY2mvq.js.gz                     2.44 kB
dist/assets/ar-grBMsqD0.js.gz                     2.46 kB
dist/assets/ja-Ba2FCdJ4.js.gz                     2.57 kB
dist/assets/ru-CuNPvaCT.js.gz                     2.58 kB
dist/assets/el-CqCURAvT.js.gz                     2.61 kB
dist/assets/medium-vietnamese-CqtfC5E6.woff2      4.78 kB
dist/assets/normal-vietnamese-BFW_PrBQ.woff2      4.90 kB
dist/public/index.html                            5.69 kB │ gzip:  2.09 kB
dist/assets/medium-greek-CYrUg8_A.woff2           7.18 kB
dist/assets/bold-vietnamese-9GZUqT2t.woff2        7.20 kB
dist/assets/normal-greek-DzgR_hcO.woff2           7.21 kB
dist/assets/bold-greek-CZts-Xup.woff2             9.49 kB
dist/assets/normal-cyrillic-DIIsSwSF.woff2       10.00 kB
dist/assets/medium-cyrillic-CkXvmKJs.woff2       10.06 kB
dist/assets/bold-cyrillic--c625Tgp.woff2         11.68 kB
dist/assets/medium-latin-ext-BKjnCq26.woff2      11.91 kB
dist/assets/normal-latin-ext-vBxM5Tkz.woff2      12.01 kB
dist/assets/dayjs-wHa7IWmd.js.br                 13.82 kB
dist/assets/normal-latin-44DxGZCZ.woff2          14.58 kB
dist/assets/medium-latin-qoGZqeje.woff2          14.60 kB
dist/assets/bold-latin-ext-TvF7z9v-.woff2        15.14 kB
dist/assets/medium-cyrillic-ext-Cs9Yeg2Z.woff2   15.29 kB
dist/assets/normal-cyrillic-ext-BmhtxWN4.woff2   15.83 kB
dist/assets/dayjs-wHa7IWmd.js.gz                 16.69 kB
dist/assets/bold-cyrillic-ext-E0dvYyMz.woff2     17.18 kB
dist/assets/bold-latin-CiQBian2.woff2            18.12 kB
dist/assets/Editor-CZUdgwKf.js.br                38.57 kB
dist/assets/Editor-CZUdgwKf.js.gz                42.68 kB
dist/assets/material-icons-kAwBdRge.woff2       128.35 kB
dist/assets/i18n-D9FI6Eqc.js.br                 132.83 kB
dist/assets/i18n-D9FI6Eqc.js.gz                 160.27 kB
dist/assets/material-icons-Dr0goTwe.woff        164.91 kB
dist/assets/index-CaYZ-czU.js.br                198.41 kB
dist/assets/index-CaYZ-czU.js.gz                236.51 kB
dist/assets/Preview-wn1QCc9d.js.br              279.23 kB
dist/assets/Preview-wn1QCc9d.js.gz              356.47 kB
dist/assets/Editor-CGDFt1j8.css                   0.07 kB │ gzip:  0.09 kB
dist/assets/Preview-CaTSY0R1.css                 57.45 kB │ gzip: 14.65 kB
dist/assets/index-B_RJrwuB.css                   66.25 kB │ gzip: 18.53 kB
✓ built in 27.98s

DONE NPM RUN BUILD
2025/12/13 10:27:44 no calls to rice.FindBox() found
DONE rice embed-go
