npm warn deprecated @xmldom/xmldom@0.7.13: this version is no longer supported, please update to at least 0.8.*
npm warn deprecated @types/localforage@0.0.34: This is a stub types definition for localforage (https://github.com/localForage/localForage). localforage provides its own type definitions, so you don't need @types/localforage installed!

added 480 packages, and audited 481 packages in 29s

92 packages are looking for funding
  run `npm fund` for details

found 0 vulnerabilities
npm notice
npm notice New minor version of npm available! 11.6.4 -> 11.7.0
npm notice Changelog: https://github.com/npm/cli/releases/tag/v11.7.0
npm notice To update run: npm install -g npm@11.7.0
npm notice
DONE NPM INSTALL
npm warn using --force Recommended protections disabled.

removed 1 package, and audited 480 packages in 5s

92 packages are looking for funding
  run `npm fund` for details

found 0 vulnerabilities
DONE NPM UPDATE

> filebrowser-frontend@3.0.0 build
> pnpm run typecheck && vite build


> filebrowser-frontend@3.0.0 typecheck /build/filebrowser/src/filebrowser/frontend
> vue-tsc -p ./tsconfig.app.json --noEmit

src/components/prompts/CreateFilePath.vue(21,42): error TS2440: Import declaration conflicts with local declaration of 'defineProps'.
 ELIFECYCLE  Command failed with exit code 2.
[1m[31m==> ERROR:(B[m[1m A failure occurred in build().(B[m
[1m    Aborting...(B[m
