CMake Warning (dev) at CMakeLists.txt:1 (Project):
  cmake_minimum_required() should be called prior to this top-level project()
  call.  Please see the cmake-commands(7) manual for usage documentation of
  both commands.
This warning is for project developers.  Use -Wno-dev to suppress it.

-- The C compiler identification is GNU 15.1.1
-- The CXX compiler identification is GNU 15.1.1
-- Detecting C compiler ABI info
-- Detecting C compiler ABI info - done
-- Check for working C compiler: /usr/bin/cc - skipped
-- Detecting C compile features
-- Detecting C compile features - done
-- Detecting CXX compiler ABI info
-- Detecting CXX compiler ABI info - done
-- Check for working CXX compiler: /usr/bin/c++ - skipped
-- Detecting CXX compile features
-- Detecting CXX compile features - done
CMake Deprecation Warning at CMakeLists.txt:2 (cmake_minimum_required):
  Compatibility with CMake < 3.10 will be removed from a future version of
  CMake.

  Update the VERSION argument <min> value.  Or, use the <min>...<max> syntax
  to tell CMake that the project requires at least <min> but has been updated
  to work with policies introduced by <max> or earlier.


-- Performing Test CMAKE_HAVE_LIBC_PTHREAD
-- Performing Test CMAKE_HAVE_LIBC_PTHREAD - Success
-- Found Threads: TRUE
-- Found SDL2: /usr/lib/libSDL2main.a;/usr/lib/libSDL2.so (found version "2.32.56")
-- Found SDL2_image: /usr/lib/libSDL2_image.so (found version "2.8.8")
-- Found SDL2_mixer: /usr/lib/libSDL2_mixer.so (found version "2.8.1")
-- Found SDL2_ttf: /usr/lib/libSDL2_ttf.so (found version "2.24.0")
-- Configuring done (0.6s)
-- Generating done (0.0s)
-- Build files have been written to: /build/flare-engine-git/src/flare-engine
[  0%] Building CXX object CMakeFiles/flare.dir/src/Animation.cpp.o
[  1%] Building CXX object CMakeFiles/flare.dir/src/AStarNode.cpp.o
[  2%] Building CXX object CMakeFiles/flare.dir/src/CursorManager.cpp.o
[  3%] Building CXX object CMakeFiles/flare.dir/src/AnimationMedia.cpp.o
[  5%] Building CXX object CMakeFiles/flare.dir/src/Camera.cpp.o
[  5%] Building CXX object CMakeFiles/flare.dir/src/DeviceList.cpp.o
[  6%] Building CXX object CMakeFiles/flare.dir/src/AnimationSet.cpp.o
[  8%] Building CXX object CMakeFiles/flare.dir/src/AStarContainer.cpp.o
[  9%] Building CXX object CMakeFiles/flare.dir/src/Avatar.cpp.o
[  9%] Building CXX object CMakeFiles/flare.dir/src/CampaignManager.cpp.o
[  7%] Building CXX object CMakeFiles/flare.dir/src/AnimationManager.cpp.o
[ 10%] Building CXX object CMakeFiles/flare.dir/src/CombatText.cpp.o
[ 11%] Building CXX object CMakeFiles/flare.dir/src/EffectManager.cpp.o
[ 12%] Building CXX object CMakeFiles/flare.dir/src/EnemyGroupManager.cpp.o
[ 13%] Building CXX object CMakeFiles/flare.dir/src/EngineSettings.cpp.o
[ 14%] Building CXX object CMakeFiles/flare.dir/src/EntityBehavior.cpp.o
[ 15%] Building CXX object CMakeFiles/flare.dir/src/FileParser.cpp.o
[ 14%] Building CXX object CMakeFiles/flare.dir/src/EntityManager.cpp.o
[ 16%] Building CXX object CMakeFiles/flare.dir/src/EventManager.cpp.o
[ 17%] Building CXX object CMakeFiles/flare.dir/src/Entity.cpp.o
[ 18%] Building CXX object CMakeFiles/flare.dir/src/FogOfWar.cpp.o
[ 19%] Building CXX object CMakeFiles/flare.dir/src/FontEngine.cpp.o
[ 20%] Building CXX object CMakeFiles/flare.dir/src/GameSlotPreview.cpp.o
[ 21%] Building CXX object CMakeFiles/flare.dir/src/GameState.cpp.o
[ 22%] Building CXX object CMakeFiles/flare.dir/src/GameStateConfig.cpp.o
[ 23%] Building CXX object CMakeFiles/flare.dir/src/GameStateCutscene.cpp.o
[ 23%] Building CXX object CMakeFiles/flare.dir/src/GameStateTitle.cpp.o
[ 24%] Building CXX object CMakeFiles/flare.dir/src/GameStateLoad.cpp.o
[ 25%] Building CXX object CMakeFiles/flare.dir/src/GameStatePlay.cpp.o
[ 26%] Building CXX object CMakeFiles/flare.dir/src/GameStateNew.cpp.o
[ 27%] Building CXX object CMakeFiles/flare.dir/src/GameSwitcher.cpp.o
[ 28%] Building CXX object CMakeFiles/flare.dir/src/GetText.cpp.o
[ 29%] Building CXX object CMakeFiles/flare.dir/src/Hazard.cpp.o
[ 30%] Building CXX object CMakeFiles/flare.dir/src/HazardManager.cpp.o
[ 30%] Building CXX object CMakeFiles/flare.dir/src/IconManager.cpp.o
[ 31%] Building CXX object CMakeFiles/flare.dir/src/InputState.cpp.o
[ 32%] Building CXX object CMakeFiles/flare.dir/src/ItemManager.cpp.o
[ 33%] Building CXX object CMakeFiles/flare.dir/src/ItemStorage.cpp.o
[ 34%] Building CXX object CMakeFiles/flare.dir/src/Loot.cpp.o
[ 35%] Building CXX object CMakeFiles/flare.dir/src/LootManager.cpp.o
[ 36%] Building CXX object CMakeFiles/flare.dir/src/Map.cpp.o
[ 37%] Building CXX object CMakeFiles/flare.dir/src/MapParallax.cpp.o
[ 38%] Building CXX object CMakeFiles/flare.dir/src/MapCollision.cpp.o
[ 38%] Building CXX object CMakeFiles/flare.dir/src/MapRenderer.cpp.o
[ 39%] Building CXX object CMakeFiles/flare.dir/src/Menu.cpp.o
[ 40%] Building CXX object CMakeFiles/flare.dir/src/MenuActionBar.cpp.o
[ 41%] Building CXX object CMakeFiles/flare.dir/src/MenuActiveEffects.cpp.o
[ 42%] Building CXX object CMakeFiles/flare.dir/src/MenuBook.cpp.o
[ 43%] Building CXX object CMakeFiles/flare.dir/src/MenuCharacter.cpp.o
[ 44%] Building CXX object CMakeFiles/flare.dir/src/MenuConfig.cpp.o
[ 45%] Building CXX object CMakeFiles/flare.dir/src/MenuConfirm.cpp.o
[ 46%] Building CXX object CMakeFiles/flare.dir/src/MenuDevConsole.cpp.o
[ 46%] Building CXX object CMakeFiles/flare.dir/src/MenuEnemy.cpp.o
[ 47%] Building CXX object CMakeFiles/flare.dir/src/MenuExit.cpp.o
[ 48%] Building CXX object CMakeFiles/flare.dir/src/MenuGameOver.cpp.o
[ 49%] Building CXX object CMakeFiles/flare.dir/src/MenuHUDLog.cpp.o
[ 50%] Building CXX object CMakeFiles/flare.dir/src/MenuInventory.cpp.o
[ 51%] Building CXX object CMakeFiles/flare.dir/src/MenuItemStorage.cpp.o
[ 52%] Building CXX object CMakeFiles/flare.dir/src/MenuLog.cpp.o
[ 53%] Building CXX object CMakeFiles/flare.dir/src/MenuManager.cpp.o
[ 53%] Building CXX object CMakeFiles/flare.dir/src/MenuMiniMap.cpp.o
[ 54%] Building CXX object CMakeFiles/flare.dir/src/MenuNumPicker.cpp.o
[ 55%] Building CXX object CMakeFiles/flare.dir/src/MenuPowers.cpp.o
[ 56%] Building CXX object CMakeFiles/flare.dir/src/MenuStash.cpp.o
[ 57%] Building CXX object CMakeFiles/flare.dir/src/MenuStatBar.cpp.o
[ 58%] Building CXX object CMakeFiles/flare.dir/src/MenuTalker.cpp.o
[ 59%] Building CXX object CMakeFiles/flare.dir/src/MenuTouchControls.cpp.o
[ 61%] Building CXX object CMakeFiles/flare.dir/src/MessageEngine.cpp.o
[ 61%] Building CXX object CMakeFiles/flare.dir/src/MenuVendor.cpp.o
[ 61%] Building CXX object CMakeFiles/flare.dir/src/ModManager.cpp.o
[ 62%] Building CXX object CMakeFiles/flare.dir/src/NPC.cpp.o
[ 63%] Building CXX object CMakeFiles/flare.dir/src/NPCManager.cpp.o
[ 64%] Building CXX object CMakeFiles/flare.dir/src/PowerManager.cpp.o
[ 65%] Building CXX object CMakeFiles/flare.dir/src/QuestLog.cpp.o
[ 66%] Building CXX object CMakeFiles/flare.dir/src/RenderDevice.cpp.o
[ 67%] Building CXX object CMakeFiles/flare.dir/src/SaveLoad.cpp.o
[ 68%] Building CXX object CMakeFiles/flare.dir/src/SDLInputState.cpp.o
[ 69%] Building CXX object CMakeFiles/flare.dir/src/SDLSoftwareRenderDevice.cpp.o
[ 69%] Building CXX object CMakeFiles/flare.dir/src/SDLSoundManager.cpp.o
[ 70%] Building CXX object CMakeFiles/flare.dir/src/SDLHardwareRenderDevice.cpp.o
[ 71%] Building CXX object CMakeFiles/flare.dir/src/SDLFontEngine.cpp.o
[ 72%] Building CXX object CMakeFiles/flare.dir/src/Settings.cpp.o
[ 73%] Building CXX object CMakeFiles/flare.dir/src/SharedGameResources.cpp.o
[ 74%] Building CXX object CMakeFiles/flare.dir/src/SharedResources.cpp.o
[ 75%] Building CXX object CMakeFiles/flare.dir/src/SoundManager.cpp.o
[ 76%] Building CXX object CMakeFiles/flare.dir/src/StatBlock.cpp.o
[ 76%] Building CXX object CMakeFiles/flare.dir/src/Stats.cpp.o
[ 77%] Building CXX object CMakeFiles/flare.dir/src/Subtitles.cpp.o
[ 78%] Building CXX object CMakeFiles/flare.dir/src/TileSet.cpp.o
[ 79%] Building CXX object CMakeFiles/flare.dir/src/TooltipData.cpp.o
[ 80%] Building CXX object CMakeFiles/flare.dir/src/TooltipManager.cpp.o
[ 81%] Building CXX object CMakeFiles/flare.dir/src/Utils.cpp.o
[ 82%] Building CXX object CMakeFiles/flare.dir/src/UtilsDebug.cpp.o
[ 83%] Building CXX object CMakeFiles/flare.dir/src/UtilsFileSystem.cpp.o
[ 84%] Building CXX object CMakeFiles/flare.dir/src/UtilsParsing.cpp.o
[ 84%] Building CXX object CMakeFiles/flare.dir/src/Version.cpp.o
[ 85%] Building CXX object CMakeFiles/flare.dir/src/WidgetCheckBox.cpp.o
[ 86%] Building CXX object CMakeFiles/flare.dir/src/Widget.cpp.o
[ 87%] Building CXX object CMakeFiles/flare.dir/src/WidgetButton.cpp.o
[ 88%] Building CXX object CMakeFiles/flare.dir/src/WidgetHorizontalList.cpp.o
[ 89%] Building CXX object CMakeFiles/flare.dir/src/WidgetInput.cpp.o
[ 90%] Building CXX object CMakeFiles/flare.dir/src/WidgetLabel.cpp.o
[ 91%] Building CXX object CMakeFiles/flare.dir/src/WidgetListBox.cpp.o
[ 92%] Building CXX object CMakeFiles/flare.dir/src/WidgetLog.cpp.o
[ 92%] Building CXX object CMakeFiles/flare.dir/src/WidgetScrollBar.cpp.o
[ 93%] Building CXX object CMakeFiles/flare.dir/src/WidgetScrollBox.cpp.o
[ 94%] Building CXX object CMakeFiles/flare.dir/src/WidgetSlider.cpp.o
[ 95%] Building CXX object CMakeFiles/flare.dir/src/WidgetSlot.cpp.o
[ 96%] Building CXX object CMakeFiles/flare.dir/src/WidgetTabControl.cpp.o
[ 97%] Building CXX object CMakeFiles/flare.dir/src/WidgetTooltip.cpp.o
[ 98%] Building CXX object CMakeFiles/flare.dir/src/XPScaling.cpp.o
[ 99%] Building CXX object CMakeFiles/flare.dir/src/main.cpp.o
[100%] Linking CXX executable flare
In member function ‘fillEquipmentSlots’,
    inlined from ‘applyPlayerData’ at /usr/src/debug/flare-engine-git/flare-engine/src/SaveLoad.cpp:651:31:
/usr/src/debug/flare-engine-git/flare-engine/src/MenuInventory.cpp:1472:53: warning: argument 1 value ‘18446744073709551615’ exceeds maximum object size 9223372036854775807 [-Walloc-size-larger-than=]
/usr/include/c++/15.1.1/new: In member function ‘applyPlayerData’:
/usr/include/c++/15.1.1/new:140:26: note: in a call to allocation function ‘operator new []’ declared here
  140 | _GLIBCXX_NODISCARD void* operator new[](std::size_t)
      |                          ^
/usr/src/debug/flare-engine-git/flare-engine/src/ItemStorage.cpp: In member function ‘init’:
/usr/src/debug/flare-engine-git/flare-engine/src/ItemStorage.cpp:45:37: warning: argument 1 value ‘18446744073709551615’ exceeds maximum object size 9223372036854775807 [-Walloc-size-larger-than=]
/usr/include/c++/15.1.1/new:140:26: note: in a call to allocation function ‘operator new []’ declared here
  140 | _GLIBCXX_NODISCARD void* operator new[](std::size_t)
      |                          ^
[100%] Built target flare
