+ exec meson setup --prefix /usr --libexecdir lib --sbindir bin --buildtype plain --auto-features enabled --wrap-mode nodownload -D b_pie=true -D python.bytecompile=1 Fragments build
The Meson build system
Version: 1.10.1
Source dir: /build/fragments-git/src/Fragments
Build dir: /build/fragments-git/src/build
Build type: native build
Project name: fragments
Project version: 3.0.1
Rust compiler for the host machine: rustc -C linker=cc (rustc 1.93.1 "1.93.1")
Rust linker for the host machine: cc ld.bfd 2.46
Host machine cpu family: x86_64
Host machine cpu: x86_64
Found pkg-config: YES (/usr/bin/pkg-config) 2.5.1
Run-time dependency dbus-1 found: YES 1.16.2
Run-time dependency openssl found: YES 3.6.1
Run-time dependency glib-2.0 found: YES 2.86.4
Run-time dependency gio-2.0 found: YES 2.86.4
Run-time dependency gtk4 found: YES 4.21.1
Run-time dependency libadwaita-1 found: YES 1.8.rc
Configuring de.haeckerfelix.Fragments.desktop.in using configuration
Program msgfmt found: YES (/usr/bin/msgfmt)
Program desktop-file-validate found: YES (/usr/bin/desktop-file-validate)
Configuring de.haeckerfelix.Fragments.metainfo.xml.in using configuration
Program appstreamcli found: YES (/usr/bin/appstreamcli)
Configuring de.haeckerfelix.Fragments.gschema.xml using configuration
Program glib-compile-schemas found: YES (/usr/bin/glib-compile-schemas)
Configuring de.haeckerfelix.Fragments.service using configuration
Configuring de.haeckerfelix.Fragments.gresource.xml using configuration
Dependency gio-2.0 found: YES 2.86.4 (cached)
Program /usr/bin/glib-compile-resources found: YES (/usr/bin/glib-compile-resources)
Dependency gio-2.0 found: YES 2.86.4 (cached)
Program /usr/bin/glib-compile-schemas found: YES (/usr/bin/glib-compile-schemas)
Program gtk4-update-icon-cache found: YES (/usr/bin/gtk4-update-icon-cache)
Program update-desktop-database found: YES (/usr/bin/update-desktop-database)
Program cargo found: YES (/usr/bin/cargo)
Message: Building in release mode
Program msginit found: YES (/usr/bin/msginit)
Program msgmerge found: YES (/usr/bin/msgmerge)
Program xgettext found: YES (/usr/bin/xgettext)
Build targets in project: 53

fragments 3.0.1

  User defined options
    auto_features     : enabled
    b_pie             : true
    buildtype         : plain
    libexecdir        : lib
    prefix            : /usr
    python.bytecompile: 1
    sbindir           : bin
    wrap_mode         : nodownload

Found ninja-1.13.2 at /usr/bin/ninja
Generating targets:   0%|          | 0/53 eta ?                                               Writing build.ninja:   0%|          | 0/85 eta ?                                                ninja: Entering directory `build'
[0/50] Generating src/cargo-build with a custom command
    Updating crates.io index
    Updating git repository `https://github.com/bilelmoussaoui/ashpd`
 Downloading crates ...
  Downloaded http-body v1.0.1
  Downloaded hex v0.4.3
  Downloaded async-compat v0.2.4
  Downloaded http-body-util v0.1.3
  Downloaded aho-corasick v1.1.3
  Downloaded enumflags2_derive v0.7.12
  Downloaded cfg-if v1.0.1
  Downloaded async-recursion v1.1.1
  Downloaded endi v1.1.0
  Downloaded async-channel v2.5.0
  Downloaded async-broadcast v0.7.2
  Downloaded async-process v2.4.0
  Downloaded async-executor v1.13.2
  Downloaded async-net v2.0.0
  Downloaded hyper-tls v0.6.0
  Downloaded human-sort v0.2.2
  Downloaded futures-sink v0.3.31
  Downloaded cfg_aliases v0.2.1
  Downloaded futures-macro v0.3.31
  Downloaded cpufeatures v0.2.17
  Downloaded block-padding v0.3.3
  Downloaded futures-core v0.3.31
  Downloaded ident_case v1.0.1
  Downloaded atomic-waker v1.1.2
  Downloaded dyn-clone v1.0.20
  Downloaded idna_adapter v1.2.1
  Downloaded crypto-common v0.1.6
  Downloaded foreign-types-shared v0.1.1
  Downloaded heck v0.5.0
  Downloaded event-listener-strategy v0.5.4
  Downloaded form_urlencoded v1.2.1
  Downloaded generic-array v0.14.7
  Downloaded futures-io v0.3.31
  Downloaded gettext-rs v0.7.2
  Downloaded fnv v1.0.7
  Downloaded httparse v1.10.1
  Downloaded equivalent v1.0.2
  Downloaded futures-task v0.3.31
  Downloaded fastrand v2.3.0
  Downloaded darling_macro v0.20.11
  Downloaded digest v0.10.7
  Downloaded async-trait v0.1.88
  Downloaded num-conv v0.1.0
  Downloaded byteorder v1.5.0
  Downloaded autocfg v1.5.0
  Downloaded enumflags2 v0.7.12
  Downloaded async-signal v0.2.12
  Downloaded async-lock v3.4.1
  Downloaded num-iter v0.1.45
  Downloaded foreign-types v0.3.2
  Downloaded block-buffer v0.10.4
  Downloaded errno v0.3.13
  Downloaded field-offset v0.3.6
  Downloaded blocking v1.6.2
  Downloaded itoa v1.0.15
  Downloaded is-terminal v0.4.16
  Downloaded potential_utf v0.1.2
  Downloaded futures-channel v0.3.31
  Downloaded futures-executor v0.3.31
  Downloaded concurrent-queue v2.5.0
  Downloaded displaydoc v0.2.5
  Downloaded async-io v2.5.0
  Downloaded anyhow v1.0.98
  Downloaded inout v0.1.4
  Downloaded cipher v0.4.4
  Downloaded gobject-sys v0.21.0
  Downloaded serde_urlencoded v0.7.1
  Downloaded serde_spanned v0.6.9
  Downloaded serde_repr v0.1.20
  Downloaded percent-encoding v2.3.1
  Downloaded stable_deref_trait v1.2.0
  Downloaded ref-cast-impl v1.0.24
  Downloaded rand_chacha v0.3.1
  Downloaded pbkdf2 v0.12.2
  Downloaded futures-lite v2.6.1
  Downloaded getrandom v0.2.16
  Downloaded event-listener v5.4.1
  Downloaded async-task v4.7.1
  Downloaded env_logger v0.10.2
  Downloaded cbc v0.1.2
  Downloaded semver v1.0.26
  Downloaded strum v0.27.2
  Downloaded sync_wrapper v1.0.2
  Downloaded subtle v2.6.1
  Downloaded serde_path_to_error v0.1.17
  Downloaded cfg-expr v0.20.2
  Downloaded signal-hook-registry v1.4.6
  Downloaded time-core v0.1.4
  Downloaded temp-dir v0.1.16
  Downloaded bitflags v2.9.1
  Downloaded piper v0.2.4
  Downloaded darling v0.20.11
  Downloaded slab v0.4.11
  Downloaded crossbeam-utils v0.8.21
  Downloaded shlex v1.3.0
  Downloaded deranged v0.4.0
  Downloaded bytes v1.10.1
  Downloaded openssl-probe v0.1.6
  Downloaded static_assertions v1.1.0
  Downloaded strum_macros v0.27.2
  Downloaded synstructure v0.13.2
  Downloaded system-deps v7.0.5
  Downloaded thiserror v2.0.12
  Downloaded tinystr v0.8.1
  Downloaded tower-layer v0.3.3
  Downloaded thiserror-impl v2.0.12
  Downloaded tokio-native-tls v0.3.1
  Downloaded time-macros v0.2.22
  Downloaded getrandom v0.3.3
  Downloaded ryu v1.0.20
  Downloaded darling_core v0.20.11
  Downloaded num v0.4.3
  Downloaded tower-service v0.3.3
  Downloaded version-compare v0.2.0
  Downloaded serde_derive v1.0.219
  Downloaded mime v0.3.17
  Downloaded version_check v0.9.5
  Downloaded want v0.3.1
  Downloaded parking v2.2.1
  Downloaded smallvec v1.15.1
  Downloaded humantime v2.2.0
  Downloaded ref-cast v1.0.24
  Downloaded zerofrom-derive v0.1.6
  Downloaded zerofrom v0.1.6
  Downloaded zeroize_derive v1.4.2
  Downloaded utf8_iter v1.0.4
  Downloaded lazy_static v1.5.0
  Downloaded toml_datetime v0.6.11
  Downloaded ashpd v0.11.0
  Downloaded zvariant_derive v5.6.0
  Downloaded zvariant_utils v3.2.0
  Downloaded powerfmt v0.2.0
  Downloaded tokio-rustls v0.26.2
  Downloaded openssl-macros v0.1.1
  Downloaded md-5 v0.10.6
  Downloaded target-lexicon v0.13.2
  Downloaded writeable v0.6.1
  Downloaded untrusted v0.9.0
  Downloaded socket2 v0.6.0
  Downloaded zbus_names v4.2.0
  Downloaded yoke v0.8.0
  Downloaded cc v1.2.32
  Downloaded zeroize v1.8.1
  Downloaded schemars v1.0.4
  Downloaded zerovec-derive v0.11.1
  Downloaded base64 v0.22.1
  Downloaded serde v1.0.219
  Downloaded toml v0.8.23
  Downloaded pretty_env_logger v0.5.0
  Downloaded hashbrown v0.12.3
  Downloaded strsim v0.11.1
  Downloaded gdk4-x11-sys v0.10.0
  Downloaded gdk4-x11 v0.10.0
  Downloaded gdk4-wayland v0.10.0
  Downloaded pin-utils v0.1.0
  Downloaded memoffset v0.9.1
  Downloaded gdk4-wayland-sys v0.10.0
  Downloaded graphene-sys v0.21.0
  Downloaded try-lock v0.2.5
  Downloaded typenum v1.18.0
  Downloaded yoke-derive v0.8.0
  Downloaded cairo-sys-rs v0.21.0
  Downloaded proc-macro-crate v3.3.0
  Downloaded aes v0.8.4
  Downloaded async-fs v2.1.3
  Downloaded hmac v0.12.1
  Downloaded gdk-pixbuf-sys v0.21.0
  Downloaded unicode-ident v1.0.18
  Downloaded url v2.5.4
  Downloaded uuid v1.17.0
  Downloaded pkg-config v0.3.32
  Downloaded locale_config v0.3.0
  Downloaded ordered-stream v0.2.0
  Downloaded hashbrown v0.15.5
  Downloaded rand_chacha v0.9.0
  Downloaded gsk4-sys v0.10.0
  Downloaded gdk-pixbuf v0.21.0
  Downloaded ipnet v2.11.0
  Downloaded gtk4-macros v0.10.0
  Downloaded tracing v0.1.41
  Downloaded gsk4 v0.10.0
  Downloaded graphene-rs v0.21.0
  Downloaded cairo-rs v0.21.0
  Downloaded time v0.3.41
  Downloaded futures-util v0.3.31
  Downloaded zerotrie v0.2.2
  Downloaded zvariant v5.6.0
  Downloaded tower v0.5.2
  Downloaded serde_json v1.0.142
  Downloaded glib-sys v0.21.0
  Downloaded rustc_version v0.4.1
  Downloaded h2 v0.4.12
  Downloaded gio-sys v0.21.0
  Downloaded glib-macros v0.21.0
  Downloaded rand_core v0.6.4
  Downloaded hyper-rustls v0.27.7
  Downloaded gdk4-sys v0.10.0
  Downloaded num_enum_derive v0.7.4
  Downloaded num-rational v0.4.2
  Downloaded iana-time-zone v0.1.63
  Downloaded tower-http v0.6.6
  Downloaded native-tls v0.2.14
  Downloaded zerovec v0.11.4
  Downloaded gdk4 v0.10.0
  Downloaded serde_with v3.14.0
  Downloaded num_enum v0.7.4
  Downloaded chrono v0.4.41
  Downloaded rustversion v1.0.21
  Downloaded num-integer v0.1.46
  Downloaded gtk4-sys v0.10.0
  Downloaded num-complex v0.4.6
  Downloaded pin-project-lite v0.2.16
  Downloaded winnow v0.7.12
  Downloaded termcolor v1.4.1
  Downloaded sha2 v0.10.9
  Downloaded syn v2.0.104
  Downloaded zerocopy v0.8.26
  Downloaded smol v2.0.2
  Downloaded gio v0.21.0
  Downloaded magnet-uri v0.2.1
  Downloaded litemap v0.8.0
  Downloaded libadwaita-sys v0.8.0
  Downloaded glib v0.21.0
  Downloaded rand_core v0.9.3
  Downloaded gtk4 v0.10.0
  Downloaded log v0.4.27
  Downloaded pango-sys v0.21.0
  Downloaded icu_provider v2.0.0
  Downloaded quote v1.0.40
  Downloaded tokio v1.47.1
  Downloaded ppv-lite86 v0.2.21
  Downloaded spin v0.9.8
  Downloaded serde_with_macros v3.14.0
  Downloaded icu_properties v2.0.1
  Downloaded proc-macro2 v1.0.95
  Downloaded indexmap v1.9.3
  Downloaded encoding_rs v0.8.35
  Downloaded zbus_macros v5.9.0
  Downloaded num-traits v0.2.19
  Downloaded once_cell v1.21.3
  Downloaded polling v3.10.0
  Downloaded tracing-attributes v0.1.30
  Downloaded icu_normalizer v2.0.0
  Downloaded rustls-pki-types v1.12.0
  Downloaded icu_locale_core v2.0.0
  Downloaded icu_normalizer_data v2.0.0
  Downloaded pango v0.21.0
  Downloaded oo7 v0.4.3
  Downloaded toml_edit v0.22.27
  Downloaded x11 v2.21.0
  Downloaded icu_collections v2.0.0
  Downloaded indexmap v2.10.0
  Downloaded rustls-webpki v0.103.4
  Downloaded memchr v2.7.5
  Downloaded tracing-core v0.1.34
  Downloaded rand v0.8.5
  Downloaded hyper-util v0.1.16
  Downloaded openssl-sys v0.9.109
  Downloaded schemars v0.9.0
  Downloaded http v1.3.1
  Downloaded num-bigint v0.4.6
  Downloaded rand v0.9.2
  Downloaded iri-string v0.7.8
  Downloaded libadwaita v0.8.0
  Downloaded mio v1.0.4
  Downloaded num-bigint-dig v0.8.4
  Downloaded idna v1.0.3
  Downloaded tokio-util v0.7.16
  Downloaded icu_properties_data v2.0.1
  Downloaded libm v0.2.15
  Downloaded hyper v1.6.0
  Downloaded hkdf v0.12.4
  Downloaded gettext-sys v0.22.5
  Downloaded zbus v5.9.0
  Downloaded reqwest v0.12.22
  Downloaded vcpkg v0.2.15
  Downloaded openssl v0.10.73
  Downloaded regex v1.11.1
  Downloaded regex-syntax v0.8.5
  Downloaded nix v0.30.1
  Downloaded rustls v0.23.31
  Downloaded rustix v1.0.8
  Downloaded regex-automata v0.4.9
  Downloaded libc v0.2.174
  Downloaded ring v0.17.14
  Downloaded linux-raw-sys v0.9.4
   Compiling proc-macro2 v1.0.95
   Compiling unicode-ident v1.0.18
   Compiling libc v0.2.174
   Compiling serde v1.0.219
   Compiling winnow v0.7.12
   Compiling equivalent v1.0.2
   Compiling hashbrown v0.15.5
   Compiling pkg-config v0.3.32
   Compiling target-lexicon v0.13.2
   Compiling heck v0.5.0
   Compiling smallvec v1.15.1
   Compiling version-compare v0.2.0
   Compiling pin-project-lite v0.2.16
   Compiling futures-core v0.3.31
   Compiling cfg-if v1.0.1
   Compiling futures-io v0.3.31
   Compiling slab v0.4.11
   Compiling memchr v2.7.5
   Compiling bitflags v2.9.1
   Compiling futures-task v0.3.31
   Compiling pin-utils v0.1.0
   Compiling stable_deref_trait v1.2.0
   Compiling autocfg v1.5.0
   Compiling crossbeam-utils v0.8.21
   Compiling parking v2.2.1
   Compiling once_cell v1.21.3
   Compiling futures-channel v0.3.31
   Compiling typenum v1.18.0
   Compiling shlex v1.3.0
   Compiling version_check v0.9.5
   Compiling bytes v1.10.1
   Compiling atomic-waker v1.1.2
   Compiling writeable v0.6.1
   Compiling litemap v0.8.0
   Compiling icu_properties_data v2.0.1
   Compiling cc v1.2.32
   Compiling itoa v1.0.15
   Compiling icu_normalizer_data v2.0.0
   Compiling percent-encoding v2.3.1
   Compiling fastrand v2.3.0
   Compiling tracing-core v0.1.34
   Compiling rustix v1.0.8
   Compiling gio v0.21.0
   Compiling form_urlencoded v1.2.1
   Compiling vcpkg v0.2.15
   Compiling zerocopy v0.8.26
   Compiling futures-lite v2.6.1
   Compiling indexmap v2.10.0
   Compiling static_assertions v1.1.0
   Compiling fnv v1.0.7
   Compiling generic-array v0.14.7
   Compiling utf8_iter v1.0.4
   Compiling linux-raw-sys v0.9.4
   Compiling async-task v4.7.1
   Compiling num-traits v0.2.19
   Compiling memoffset v0.9.1
   Compiling semver v1.0.26
   Compiling concurrent-queue v2.5.0
   Compiling quote v1.0.40
   Compiling cfg-expr v0.20.2
   Compiling http v1.3.1
   Compiling event-listener v5.4.1
   Compiling getrandom v0.3.3
   Compiling piper v0.2.4
   Compiling syn v2.0.104
   Compiling openssl v0.10.73
   Compiling foreign-types-shared v0.1.1
   Compiling futures-sink v0.3.31
   Compiling event-listener-strategy v0.5.4
   Compiling httparse v1.10.1
   Compiling log v0.4.27
   Compiling foreign-types v0.3.2
   Compiling async-lock v3.4.1
   Compiling async-channel v2.5.0
   Compiling native-tls v0.2.14
   Compiling endi v1.1.0
   Compiling subtle v2.6.1
   Compiling blocking v1.6.2
   Compiling ident_case v1.0.1
   Compiling cfg_aliases v0.2.1
   Compiling strsim v0.11.1
   Compiling try-lock v0.2.5
   Compiling tower-service v0.3.3
   Compiling want v0.3.1
   Compiling nix v0.30.1
   Compiling rustc_version v0.4.1
   Compiling aho-corasick v1.1.3
   Compiling http-body v1.0.1
   Compiling num-integer v0.1.46
   Compiling regex-syntax v0.8.5
   Compiling block-buffer v0.10.4
   Compiling ryu v1.0.20
   Compiling openssl-probe v0.1.6
   Compiling field-offset v0.3.6
   Compiling block-padding v0.3.3
   Compiling async-executor v1.13.2
   Compiling sync_wrapper v1.0.2
   Compiling tower-layer v0.3.3
   Compiling ipnet v2.11.0
   Compiling getrandom v0.2.16
   Compiling socket2 v0.6.0
   Compiling mio v1.0.4
   Compiling rand_core v0.6.4
   Compiling signal-hook-registry v1.4.6
   Compiling base64 v0.22.1
   Compiling spin v0.9.8
   Compiling crypto-common v0.1.6
   Compiling rand_core v0.9.3
   Compiling lazy_static v1.5.0
   Compiling inout v0.1.4
   Compiling tokio v1.47.1
   Compiling digest v0.10.7
   Compiling http-body-util v0.1.3
   Compiling async-fs v2.1.3
   Compiling openssl-sys v0.9.109
   Compiling async-broadcast v0.7.2
   Compiling x11 v2.21.0
   Compiling ordered-stream v0.2.0
   Compiling thiserror v2.0.12
   Compiling serde_json v1.0.142
   Compiling temp-dir v0.1.16
   Compiling libm v0.2.15
   Compiling iri-string v0.7.8
   Compiling rustversion v1.0.21
   Compiling hex v0.4.3
   Compiling ppv-lite86 v0.2.21
   Compiling gettext-sys v0.22.5
   Compiling hmac v0.12.1
   Compiling num-bigint v0.4.6
   Compiling num-iter v0.1.45
   Compiling encoding_rs v0.8.35
   Compiling cpufeatures v0.2.17
   Compiling num-bigint-dig v0.8.4
   Compiling mime v0.3.17
   Compiling rand_chacha v0.9.0
   Compiling rand_chacha v0.3.1
   Compiling is-terminal v0.4.16
   Compiling num-complex v0.4.6
   Compiling anyhow v1.0.98
   Compiling rand v0.9.2
   Compiling rand v0.8.5
   Compiling byteorder v1.5.0
   Compiling termcolor v1.4.1
   Compiling humantime v2.2.0
   Compiling sha2 v0.10.9
   Compiling regex-automata v0.4.9
   Compiling hkdf v0.12.4
   Compiling pbkdf2 v0.12.2
   Compiling md-5 v0.10.6
   Compiling uuid v1.17.0
   Compiling human-sort v0.2.2
   Compiling strum v0.27.2
   Compiling num-rational v0.4.2
   Compiling synstructure v0.13.2
   Compiling darling_core v0.20.11
   Compiling num v0.4.3
   Compiling polling v3.10.0
   Compiling async-io v2.5.0
   Compiling tokio-util v0.7.16
   Compiling async-compat v0.2.4
   Compiling async-signal v0.2.12
   Compiling regex v1.11.1
   Compiling async-net v2.0.0
   Compiling async-process v2.4.0
   Compiling serde_derive v1.0.219
   Compiling futures-macro v0.3.31
   Compiling zerofrom-derive v0.1.6
   Compiling yoke-derive v0.8.0
   Compiling zerovec-derive v0.11.1
   Compiling displaydoc v0.2.5
   Compiling tracing-attributes v0.1.30
   Compiling enumflags2_derive v0.7.12
   Compiling futures-util v0.3.31
   Compiling zeroize_derive v1.4.2
   Compiling openssl-macros v0.1.1
   Compiling serde_repr v0.1.20
   Compiling async-trait v0.1.88
   Compiling thiserror-impl v2.0.12
   Compiling env_logger v0.10.2
   Compiling locale_config v0.3.0
   Compiling smol v2.0.2
   Compiling darling_macro v0.20.11
   Compiling strum_macros v0.27.2
   Compiling async-recursion v1.1.1
   Compiling pretty_env_logger v0.5.0
   Compiling zeroize v1.8.1
   Compiling darling v0.20.11
   Compiling serde_with_macros v3.14.0
   Compiling rustls-pki-types v1.12.0
   Compiling zerofrom v0.1.6
   Compiling cipher v0.4.4
   Compiling yoke v0.8.0
   Compiling cbc v0.1.2
   Compiling aes v0.8.4
   Compiling zerovec v0.11.4
   Compiling zerotrie v0.2.2
   Compiling gettext-rs v0.7.2
   Compiling tracing v0.1.41
   Compiling h2 v0.4.12
   Compiling tinystr v0.8.1
   Compiling potential_utf v0.1.2
   Compiling icu_collections v2.0.0
   Compiling icu_locale_core v2.0.0
   Compiling futures-executor v0.3.31
   Compiling tower v0.5.2
   Compiling tower-http v0.6.6
   Compiling icu_provider v2.0.0
   Compiling icu_normalizer v2.0.0
   Compiling icu_properties v2.0.1
   Compiling tokio-native-tls v0.3.1
   Compiling idna_adapter v1.2.1
   Compiling idna v1.0.3
   Compiling hyper v1.6.0
   Compiling serde_spanned v0.6.9
   Compiling toml_datetime v0.6.11
   Compiling zvariant_utils v3.2.0
   Compiling enumflags2 v0.7.12
   Compiling hyper-util v0.1.16
   Compiling toml_edit v0.22.27
   Compiling url v2.5.4
   Compiling serde_urlencoded v0.7.1
   Compiling serde_with v3.14.0
   Compiling serde_path_to_error v0.1.17
   Compiling magnet-uri v0.2.1
   Compiling hyper-tls v0.6.0
   Compiling reqwest v0.12.22
   Compiling toml v0.8.23
   Compiling proc-macro-crate v3.3.0
   Compiling system-deps v7.0.5
   Compiling transmission-client v0.1.6 (/build/fragments-git/src/Fragments/crates/transmission-client)
   Compiling glib-macros v0.21.0
   Compiling zvariant_derive v5.6.0
   Compiling gtk4-macros v0.10.0
   Compiling num_enum_derive v0.7.4
   Compiling glib-sys v0.21.0
   Compiling gobject-sys v0.21.0
   Compiling gio-sys v0.21.0
   Compiling gdk-pixbuf-sys v0.21.0
   Compiling cairo-sys-rs v0.21.0
   Compiling pango-sys v0.21.0
   Compiling gdk4-sys v0.10.0
   Compiling graphene-sys v0.21.0
   Compiling gsk4-sys v0.10.0
   Compiling gtk4-sys v0.10.0
   Compiling gdk4-wayland-sys v0.10.0
   Compiling gdk4-x11-sys v0.10.0
   Compiling libadwaita-sys v0.8.0
   Compiling num_enum v0.7.4
   Compiling zvariant v5.6.0
   Compiling zbus_names v4.2.0
   Compiling glib v0.21.0
   Compiling zbus_macros v5.9.0
   Compiling zbus v5.9.0
   Compiling cairo-rs v0.21.0
   Compiling graphene-rs v0.21.0
   Compiling ashpd v0.11.0
   Compiling oo7 v0.4.3
   Compiling pango v0.21.0
   Compiling gdk-pixbuf v0.21.0
   Compiling transmission-gobject v0.1.7 (/build/fragments-git/src/Fragments/crates/transmission-gobject)
   Compiling gdk4 v0.10.0
   Compiling gsk4 v0.10.0
   Compiling gdk4-x11 v0.10.0
   Compiling gdk4-wayland v0.10.0
   Compiling gtk4 v0.10.0
   Compiling libadwaita v0.8.0
   Compiling ashpd v0.11.0 (https://github.com/bilelmoussaoui/ashpd#f154f5aa)
   Compiling fragments v0.0.0 (/build/fragments-git/src/Fragments)
    Finished `release` profile [optimized] target(s) in 2m 03s
warning: the following packages contain code that will be rejected by a future version of Rust: num-bigint-dig v0.8.4
note: to see what the problems were, use the option `--future-incompat-report`, or run `cargo report future-incompatibilities --id 1`
[49/50] Generating data/de.haeckerfelix.Fragments_gresource with a custom command
