-- The CXX compiler identification is GNU 15.2.1
-- Detecting CXX compiler ABI info
-- Detecting CXX compiler ABI info - done
-- Check for working CXX compiler: /usr/bin/c++ - skipped
-- Detecting CXX compile features
-- Detecting CXX compile features - done
-- Vulkan Header = /build/gfxreconstruct-git/src/gfxreconstruct/external/Vulkan-Headers/include/vulkan/vulkan_core.h
-- Detected Vulkan Version 1.4.328
-- OpenXR support disabled!
-- Found LZ4: /usr/lib/liblz4.so
-- Found ZSTD: /usr/lib/libzstd.so
-- Found nlohmann_json: /build/gfxreconstruct-git/src/gfxreconstruct/external/nlohmann-json/share/cmake/nlohmann_json/nlohmann_jsonConfig.cmake (found version "3.11.3")
-- Found XCB: /usr/lib/libxcb.so;/usr/lib/libxcb-keysyms.so;/usr/lib/libX11-xcb.so
-- Found WAYLAND: /usr/lib/libwayland-client.so
-- Found ZLIB: /usr/lib/libz.so (found version "1.3.1")
-- Found X11: /usr/include
-- Looking for XOpenDisplay in /usr/lib/libX11.so
-- Looking for XOpenDisplay in /usr/lib/libX11.so - found
-- Looking for gethostbyname
-- Looking for gethostbyname - found
-- Looking for connect
-- Looking for connect - found
-- Looking for remove
-- Looking for remove - found
-- Looking for shmat
-- Looking for shmat - found
-- The C compiler identification is GNU 15.2.1
-- Detecting C compiler ABI info
-- Detecting C compiler ABI info - done
-- Check for working C compiler: /usr/bin/cc - skipped
-- Detecting C compile features
-- Detecting C compile features - done
-- Looking for clock_gettime in c
-- Looking for clock_gettime in c - found
-- Performing Test CMAKE_HAVE_LIBC_PTHREAD
-- Performing Test CMAKE_HAVE_LIBC_PTHREAD - Success
-- Found Threads: TRUE
-- Configuring done (1.4s)
-- Generating done (0.1s)
-- Build files have been written to: /build/gfxreconstruct-git/src/build
[  1%] Building C object external/SPIRV-Reflect/CMakeFiles/spirv-reflect-static.dir/spirv_reflect.c.o
[  1%] Built target gfxrecon-capture.py
[  1%] Built target gfxrecon.py
[  1%] Built target gfxrecon-capture-vulkan.py
[  2%] Linking C static library libspirv-reflect-static.a
[  2%] Built target spirv-reflect-static
[  2%] Building CXX object framework/util/CMakeFiles/gfxrecon_util.dir/driver_info.cpp.o
[  3%] Building CXX object framework/util/CMakeFiles/gfxrecon_util.dir/image_writer.cpp.o
[  3%] Building CXX object framework/util/CMakeFiles/gfxrecon_util.dir/logging.cpp.o
[  3%] Building CXX object framework/util/CMakeFiles/gfxrecon_util.dir/argument_parser.cpp.o
[  5%] Building CXX object framework/util/CMakeFiles/gfxrecon_util.dir/buffer_writer.cpp.o
[  6%] Building CXX object framework/util/CMakeFiles/gfxrecon_util.dir/file_input_stream.cpp.o
[  6%] Building CXX object framework/util/CMakeFiles/gfxrecon_util.dir/date_time.cpp.o
[  6%] Building CXX object framework/util/CMakeFiles/gfxrecon_util.dir/lz4_compressor.cpp.o
[  7%] Building CXX object framework/util/CMakeFiles/gfxrecon_util.dir/file_output_stream.cpp.o
[  8%] Building CXX object framework/util/CMakeFiles/gfxrecon_util.dir/file_path.cpp.o
[  8%] Building CXX object framework/util/CMakeFiles/gfxrecon_util.dir/keyboard.cpp.o
[  9%] Building CXX object framework/util/CMakeFiles/gfxrecon_util.dir/json_util.cpp.o
[  9%] Building CXX object framework/util/CMakeFiles/gfxrecon_util.dir/zlib_compressor.cpp.o
[ 10%] Building CXX object framework/util/CMakeFiles/gfxrecon_util.dir/zstd_compressor.cpp.o
[ 10%] Building CXX object framework/util/CMakeFiles/gfxrecon_util.dir/memory_output_stream.cpp.o
[ 11%] Building CXX object framework/util/CMakeFiles/gfxrecon_util.dir/monotonic_allocator.cpp.o
[ 12%] Building CXX object framework/util/CMakeFiles/gfxrecon_util.dir/page_guard_manager_uffd.cpp.o
[ 13%] Building CXX object framework/util/CMakeFiles/gfxrecon_util.dir/settings_loader.cpp.o
[ 13%] Building CXX object framework/util/CMakeFiles/gfxrecon_util.dir/options.cpp.o
[ 13%] Building CXX object framework/util/CMakeFiles/gfxrecon_util.dir/page_guard_manager.cpp.o
[ 14%] Building CXX object framework/util/CMakeFiles/gfxrecon_util.dir/spirv_parsing_util.cpp.o
[ 14%] Building CXX object framework/util/CMakeFiles/gfxrecon_util.dir/strings.cpp.o
[ 15%] Building CXX object framework/util/CMakeFiles/gfxrecon_util.dir/to_string.cpp.o
[ 15%] Building CXX object framework/util/CMakeFiles/gfxrecon_util.dir/thread_data.cpp.o
[ 16%] Building CXX object framework/util/CMakeFiles/gfxrecon_util.dir/custom_common_to_string.cpp.o
[ 17%] Building CXX object framework/util/CMakeFiles/gfxrecon_util.dir/__/generated/generated_vulkan_enum_to_string.cpp.o
[ 17%] Building CXX object framework/util/CMakeFiles/gfxrecon_util.dir/xcb_loader.cpp.o
[ 18%] Building CXX object framework/util/CMakeFiles/gfxrecon_util.dir/xcb_keysyms_loader.cpp.o
[ 18%] Building CXX object framework/util/CMakeFiles/gfxrecon_util.dir/xlib_loader.cpp.o
[ 19%] Building CXX object framework/util/CMakeFiles/gfxrecon_util.dir/wayland_loader.cpp.o
[ 19%] Linking CXX static library libgfxrecon_util.a
[ 19%] Built target gfxrecon_util
[ 19%] Building CXX object framework/format/CMakeFiles/gfxrecon_format.dir/format_util.cpp.o
[ 21%] Building CXX object framework/graphics/CMakeFiles/gfxrecon_graphics.dir/vulkan_resources_util.cpp.o
[ 21%] Building CXX object framework/graphics/CMakeFiles/gfxrecon_graphics.dir/fps_info.cpp.o
[ 21%] Building CXX object framework/graphics/CMakeFiles/gfxrecon_graphics.dir/vulkan_util.cpp.o
[ 21%] Building CXX object framework/graphics/CMakeFiles/gfxrecon_graphics.dir/vulkan_check_buffer_references.cpp.o
[ 21%] Building CXX object framework/graphics/CMakeFiles/gfxrecon_graphics.dir/vulkan_struct_extract_handles.cpp.o
[ 22%] Building CXX object framework/graphics/CMakeFiles/gfxrecon_graphics.dir/vulkan_instance_util.cpp.o
[ 24%] Building CXX object framework/graphics/CMakeFiles/gfxrecon_graphics.dir/__/generated/generated_vulkan_struct_deep_copy_stype.cpp.o
[ 24%] Building CXX object framework/graphics/CMakeFiles/gfxrecon_graphics.dir/vulkan_feature_util.cpp.o
[ 24%] Building CXX object framework/graphics/CMakeFiles/gfxrecon_graphics.dir/vulkan_device_util.cpp.o
[ 24%] Building CXX object framework/graphics/CMakeFiles/gfxrecon_graphics.dir/__/generated/generated_vulkan_struct_deep_copy.cpp.o
[ 25%] Building CXX object framework/graphics/CMakeFiles/gfxrecon_graphics.dir/__/generated/generated_vulkan_feature_util.cpp.o
[ 26%] Linking CXX static library libgfxrecon_format.a
[ 26%] Built target gfxrecon_format
[ 27%] Linking CXX static library libgfxrecon_graphics.a
[ 27%] Built target gfxrecon_graphics
[ 28%] Building CXX object framework/encode/CMakeFiles/gfxrecon_encode.dir/custom_vulkan_command_buffer_util.cpp.o
[ 28%] Building CXX object framework/encode/CMakeFiles/gfxrecon_encode.dir/capture_manager.cpp.o
[ 28%] Building CXX object framework/encode/CMakeFiles/gfxrecon_encode.dir/capture_settings.cpp.o
[ 29%] Building CXX object framework/encode/CMakeFiles/gfxrecon_encode.dir/vulkan_capture_manager.cpp.o
[ 29%] Building CXX object framework/encode/CMakeFiles/gfxrecon_encode.dir/api_capture_manager.cpp.o
[ 30%] Building CXX object framework/encode/CMakeFiles/gfxrecon_encode.dir/vulkan_capture_common.cpp.o
[ 31%] Building CXX object framework/encode/CMakeFiles/gfxrecon_encode.dir/command_writer.cpp.o
[ 32%] Building CXX object framework/encode/CMakeFiles/gfxrecon_encode.dir/custom_vulkan_struct_encoders.cpp.o
[ 32%] Building CXX object framework/encode/CMakeFiles/gfxrecon_encode.dir/custom_vulkan_struct_handle_wrappers.cpp.o
[ 33%] Building CXX object framework/encode/CMakeFiles/gfxrecon_encode.dir/scoped_destroy_lock.cpp.o
[ 33%] Building CXX object framework/encode/CMakeFiles/gfxrecon_encode.dir/vulkan_capture_layer_settings.cpp.o
[ 35%] Building CXX object framework/encode/CMakeFiles/gfxrecon_encode.dir/vulkan_device_address_tracker.cpp.o
[ 35%] Building CXX object framework/encode/CMakeFiles/gfxrecon_encode.dir/custom_vulkan_api_call_encoders.cpp.o
[ 35%] Building CXX object framework/encode/CMakeFiles/gfxrecon_encode.dir/vulkan_entry_base.cpp.o
[ 36%] Building CXX object framework/decode/CMakeFiles/gfxrecon_decode.dir/custom_vulkan_struct_handle_mappers.cpp.o
[ 36%] Building CXX object framework/decode/CMakeFiles/gfxrecon_decode.dir/custom_vulkan_struct_decoders.cpp.o
[ 36%] Building CXX object framework/encode/CMakeFiles/gfxrecon_encode.dir/vulkan_handle_wrapper_util.cpp.o
[ 37%] Building CXX object framework/decode/CMakeFiles/gfxrecon_decode.dir/custom_vulkan_struct_to_json.cpp.o
[ 38%] Building CXX object framework/encode/CMakeFiles/gfxrecon_encode.dir/vulkan_state_tracker.cpp.o
[ 39%] Building CXX object framework/decode/CMakeFiles/gfxrecon_decode.dir/common_object_info_table.cpp.o
[ 39%] Building CXX object framework/encode/CMakeFiles/gfxrecon_encode.dir/vulkan_state_writer.cpp.o
[ 40%] Building CXX object framework/encode/CMakeFiles/gfxrecon_encode.dir/__/generated/generated_vulkan_api_call_encoders.cpp.o
[ 41%] Building CXX object framework/encode/CMakeFiles/gfxrecon_encode.dir/__/generated/generated_vulkan_command_buffer_util.cpp.o
[ 41%] Building CXX object framework/decode/CMakeFiles/gfxrecon_decode.dir/descriptor_update_template_decoder.cpp.o
[ 41%] Building CXX object framework/encode/CMakeFiles/gfxrecon_encode.dir/__/generated/generated_vulkan_pnext_struct_encoder.cpp.o
[ 42%] Building CXX object framework/decode/CMakeFiles/gfxrecon_decode.dir/decode_allocator.cpp.o
[ 42%] Building CXX object framework/decode/CMakeFiles/gfxrecon_decode.dir/decode_api_detection.cpp.o
[ 43%] Building CXX object framework/decode/CMakeFiles/gfxrecon_decode.dir/info_decoder.cpp.o
[ 43%] Building CXX object framework/decode/CMakeFiles/gfxrecon_decode.dir/file_processor.cpp.o
[ 44%] Building CXX object framework/decode/CMakeFiles/gfxrecon_decode.dir/preload_file_processor.cpp.o
[ 44%] Building CXX object framework/decode/CMakeFiles/gfxrecon_decode.dir/file_transformer.cpp.o
[ 45%] Building CXX object framework/encode/CMakeFiles/gfxrecon_encode.dir/__/generated/generated_vulkan_struct_encoders.cpp.o
[ 45%] Building CXX object framework/encode/CMakeFiles/gfxrecon_encode.dir/__/generated/generated_vulkan_struct_handle_wrappers.cpp.o
[ 46%] Building CXX object framework/decode/CMakeFiles/gfxrecon_decode.dir/json_writer.cpp.o
[ 47%] Building CXX object framework/decode/CMakeFiles/gfxrecon_decode.dir/decode_json_util.cpp.o
[ 47%] Building CXX object framework/decode/CMakeFiles/gfxrecon_decode.dir/mark_injected_commands.cpp.o
[ 48%] Building CXX object framework/decode/CMakeFiles/gfxrecon_decode.dir/portability.cpp.o
[ 48%] Building CXX object framework/decode/CMakeFiles/gfxrecon_decode.dir/referenced_resource_table.cpp.o
[ 49%] Building CXX object framework/decode/CMakeFiles/gfxrecon_decode.dir/referenced_object_table.cpp.o
[ 49%] Building CXX object framework/decode/CMakeFiles/gfxrecon_decode.dir/resource_util.cpp.o
[ 50%] Building CXX object framework/decode/CMakeFiles/gfxrecon_decode.dir/screenshot_handler.cpp.o
[ 51%] Building CXX object framework/decode/CMakeFiles/gfxrecon_decode.dir/screenshot_handler_base.cpp.o
[ 51%] Building CXX object framework/decode/CMakeFiles/gfxrecon_decode.dir/vulkan_cpp_consumer_base.cpp.o
[ 52%] Building CXX object framework/decode/CMakeFiles/gfxrecon_decode.dir/vulkan_cpp_loader_generator.cpp.o
[ 52%] Building CXX object framework/decode/CMakeFiles/gfxrecon_decode.dir/vulkan_cpp_structs.cpp.o
[ 53%] Building CXX object framework/decode/CMakeFiles/gfxrecon_decode.dir/vulkan_cpp_utilities.cpp.o
[ 53%] Building CXX object framework/decode/CMakeFiles/gfxrecon_decode.dir/vulkan_cpp_util_datapack.cpp.o
[ 54%] Building CXX object framework/decode/CMakeFiles/gfxrecon_decode.dir/stat_decoder_base.cpp.o
[ 55%] Building CXX object framework/decode/CMakeFiles/gfxrecon_decode.dir/vulkan_decoder_base.cpp.o
[ 55%] Building CXX object framework/decode/CMakeFiles/gfxrecon_decode.dir/vulkan_default_allocator.cpp.o
[ 56%] Building CXX object framework/decode/CMakeFiles/gfxrecon_decode.dir/vulkan_address_replacer.cpp.o
[ 56%] Building CXX object framework/decode/CMakeFiles/gfxrecon_decode.dir/vulkan_device_address_tracker.cpp.o
[ 57%] Building CXX object framework/decode/CMakeFiles/gfxrecon_decode.dir/vulkan_captured_swapchain.cpp.o
[ 57%] Building CXX object framework/decode/CMakeFiles/gfxrecon_decode.dir/vulkan_json_consumer_base.cpp.o
[ 58%] Building CXX object framework/decode/CMakeFiles/gfxrecon_decode.dir/vulkan_handle_mapping_util.cpp.o
[ 59%] Building CXX object framework/decode/CMakeFiles/gfxrecon_decode.dir/vulkan_object_cleanup_util.cpp.o
[ 59%] Building CXX object framework/decode/CMakeFiles/gfxrecon_decode.dir/vulkan_realign_allocator.cpp.o
[ 60%] Building CXX object framework/decode/CMakeFiles/gfxrecon_decode.dir/vulkan_rebind_allocator.cpp.o
[ 60%] Building CXX object framework/decode/CMakeFiles/gfxrecon_decode.dir/vulkan_referenced_resource_consumer_base.cpp.o
[ 61%] Building CXX object framework/decode/CMakeFiles/gfxrecon_decode.dir/vulkan_remap_allocator.cpp.o
[ 61%] Building CXX object framework/decode/CMakeFiles/gfxrecon_decode.dir/vulkan_replay_consumer_base.cpp.o
[ 62%] Building CXX object framework/decode/CMakeFiles/gfxrecon_decode.dir/vulkan_replay_dump_resources.cpp.o
[ 63%] Building CXX object framework/decode/CMakeFiles/gfxrecon_decode.dir/vulkan_replay_dump_resources_common.cpp.o
[ 63%] Building CXX object framework/decode/CMakeFiles/gfxrecon_decode.dir/vulkan_replay_dump_resources_draw_calls.cpp.o
[ 64%] Building CXX object framework/decode/CMakeFiles/gfxrecon_decode.dir/vulkan_replay_dump_resources_compute_ray_tracing.cpp.o
[ 64%] Building CXX object framework/decode/CMakeFiles/gfxrecon_decode.dir/vulkan_replay_dump_resources_delegate.cpp.o
[ 65%] Building CXX object framework/decode/CMakeFiles/gfxrecon_decode.dir/vulkan_replay_dump_resources_json.cpp.o
[ 65%] Building CXX object framework/decode/CMakeFiles/gfxrecon_decode.dir/vulkan_resource_initializer.cpp.o
[ 66%] Building CXX object framework/decode/CMakeFiles/gfxrecon_decode.dir/vulkan_resource_tracking_consumer.cpp.o
[ 67%] Building CXX object framework/decode/CMakeFiles/gfxrecon_decode.dir/vulkan_swapchain.cpp.o
[ 67%] Building CXX object framework/decode/CMakeFiles/gfxrecon_decode.dir/vulkan_tracked_object_info.cpp.o
[ 68%] Building CXX object framework/decode/CMakeFiles/gfxrecon_decode.dir/vulkan_tracked_object_info_table.cpp.o
[ 68%] Building CXX object framework/decode/CMakeFiles/gfxrecon_decode.dir/vulkan_virtual_swapchain.cpp.o
[ 69%] Building CXX object framework/decode/CMakeFiles/gfxrecon_decode.dir/vulkan_offscreen_swapchain.cpp.o
[ 69%] Building CXX object framework/decode/CMakeFiles/gfxrecon_decode.dir/__/generated/generated_vulkan_cpp_consumer.cpp.o
[ 70%] Building CXX object framework/decode/CMakeFiles/gfxrecon_decode.dir/__/generated/generated_vulkan_cpp_structs.cpp.o
[ 70%] Building CXX object framework/decode/CMakeFiles/gfxrecon_decode.dir/__/generated/generated_vulkan_cpp_consumer_extension.cpp.o
[ 71%] Building CXX object framework/decode/CMakeFiles/gfxrecon_decode.dir/__/generated/generated_vulkan_decoder.cpp.o
[ 72%] Building CXX object framework/decode/CMakeFiles/gfxrecon_decode.dir/__/generated/generated_vulkan_enum_to_json.cpp.o
[ 72%] Building CXX object framework/decode/CMakeFiles/gfxrecon_decode.dir/__/generated/generated_vulkan_json_consumer.cpp.o
[ 73%] Building CXX object framework/decode/CMakeFiles/gfxrecon_decode.dir/__/generated/generated_vulkan_pnext_struct_decoder.cpp.o
[ 73%] Building CXX object framework/decode/CMakeFiles/gfxrecon_decode.dir/__/generated/generated_vulkan_referenced_resource_consumer.cpp.o
[ 74%] Building CXX object framework/decode/CMakeFiles/gfxrecon_decode.dir/__/generated/generated_vulkan_replay_consumer.cpp.o
[ 74%] Building CXX object framework/decode/CMakeFiles/gfxrecon_decode.dir/__/generated/generated_vulkan_replay_dump_resources.cpp.o
[ 75%] Building CXX object framework/decode/CMakeFiles/gfxrecon_decode.dir/__/generated/generated_vulkan_struct_decoders.cpp.o
[ 76%] Building CXX object framework/decode/CMakeFiles/gfxrecon_decode.dir/__/generated/generated_vulkan_struct_handle_mappers.cpp.o
[ 76%] Building CXX object framework/decode/CMakeFiles/gfxrecon_decode.dir/__/generated/generated_vulkan_struct_to_json.cpp.o
[ 77%] Linking CXX static library libgfxrecon_encode.a
[ 77%] Built target gfxrecon_encode
[ 78%] Building CXX object layer/CMakeFiles/VkLayer_gfxreconstruct.dir/dll_main.cpp.o
[ 78%] Building CXX object layer/CMakeFiles/VkLayer_gfxreconstruct.dir/layer_vulkan_entry.cpp.o
[ 78%] Linking CXX shared library libVkLayer_gfxreconstruct.so
[ 78%] Built target VkLayer_gfxreconstruct
[ 78%] Built target VkLayer_gfxreconstruct_json-staging
[ 78%] Built target VkLayer_gfxreconstruct_json
[ 79%] Linking CXX static library libgfxrecon_decode.a
[ 79%] Built target gfxrecon_decode
[ 79%] Building CXX object framework/application/CMakeFiles/gfxrecon_application.dir/application.cpp.o
[ 80%] Building CXX object tools/compress/CMakeFiles/gfxrecon-compress.dir/main.cpp.o
[ 80%] Building CXX object tools/info/CMakeFiles/gfxrecon-info.dir/main.cpp.o
[ 82%] Building CXX object tools/compress/CMakeFiles/gfxrecon-compress.dir/__/platform_debug_helper.cpp.o
[ 82%] Building CXX object tools/convert/CMakeFiles/gfxrecon-convert.dir/__/platform_debug_helper.cpp.o
[ 83%] Building CXX object framework/application/CMakeFiles/gfxrecon_application.dir/wsi_context.cpp.o
[ 83%] Building CXX object tools/compress/CMakeFiles/gfxrecon-compress.dir/compression_converter.cpp.o
[ 83%] Building CXX object tools/tocpp/CMakeFiles/gfxrecon-tocpp.dir/main.cpp.o
[ 85%] Building CXX object tools/convert/CMakeFiles/gfxrecon-convert.dir/main.cpp.o
[ 85%] Building CXX object tools/extract/CMakeFiles/gfxrecon-extract.dir/main.cpp.o
[ 86%] Building CXX object framework/application/CMakeFiles/gfxrecon_application.dir/headless_context.cpp.o
[ 86%] Building CXX object tools/extract/CMakeFiles/gfxrecon-extract.dir/__/platform_debug_helper.cpp.o
[ 86%] Building CXX object framework/application/CMakeFiles/gfxrecon_application.dir/headless_window.cpp.o
[ 87%] Building CXX object tools/info/CMakeFiles/gfxrecon-info.dir/__/platform_debug_helper.cpp.o
[ 87%] Building CXX object framework/application/CMakeFiles/gfxrecon_application.dir/display_window.cpp.o
[ 88%] Building CXX object framework/application/CMakeFiles/gfxrecon_application.dir/display_context.cpp.o
[ 89%] Building CXX object framework/application/CMakeFiles/gfxrecon_application.dir/xcb_context.cpp.o
[ 89%] Building CXX object framework/application/CMakeFiles/gfxrecon_application.dir/xcb_window.cpp.o
[ 90%] Building CXX object framework/application/CMakeFiles/gfxrecon_application.dir/xlib_context.cpp.o
[ 91%] Building CXX object framework/application/CMakeFiles/gfxrecon_application.dir/xlib_window.cpp.o
[ 91%] Building CXX object framework/application/CMakeFiles/gfxrecon_application.dir/wayland_context.cpp.o
[ 92%] Building CXX object framework/application/CMakeFiles/gfxrecon_application.dir/wayland_window.cpp.o
[ 92%] Linking CXX executable gfxrecon-compress
[ 92%] Linking CXX static library libgfxrecon_application.a
[ 92%] Built target gfxrecon_application
[ 94%] Building CXX object tools/optimize/CMakeFiles/gfxrecon-optimize.dir/file_optimizer.cpp.o
[ 94%] Building CXX object tools/optimize/CMakeFiles/gfxrecon-optimize.dir/main.cpp.o
[ 94%] Building CXX object tools/replay/CMakeFiles/gfxrecon-replay.dir/__/platform_debug_helper.cpp.o
[ 95%] Building CXX object tools/replay/CMakeFiles/gfxrecon-replay.dir/recapture_vulkan_entry.cpp.o
[ 95%] Building CXX object tools/replay/CMakeFiles/gfxrecon-replay.dir/desktop_main.cpp.o
[ 95%] Building CXX object tools/replay/CMakeFiles/gfxrecon-replay.dir/parse_dump_resources_cli.cpp.o
[ 95%] Building CXX object tools/optimize/CMakeFiles/gfxrecon-optimize.dir/__/platform_debug_helper.cpp.o
[ 95%] Built target gfxrecon-compress
[ 96%] Linking CXX executable gfxrecon-extract
[ 97%] Linking CXX executable gfxrecon-tocpp
[ 98%] Linking CXX executable gfxrecon-optimize
[ 99%] Linking CXX executable gfxrecon-info
[ 99%] Linking CXX executable gfxrecon-convert
[100%] Linking CXX executable gfxrecon-replay
[100%] Built target gfxrecon-extract
[100%] Built target gfxrecon-optimize
[100%] Built target gfxrecon-info
[100%] Built target gfxrecon-convert
[100%] Built target gfxrecon-tocpp
[100%] Built target gfxrecon-replay
