-- The C compiler identification is GNU 15.2.1
-- The CXX compiler identification is GNU 15.2.1
-- Detecting C compiler ABI info
-- Detecting C compiler ABI info - done
-- Check for working C compiler: /usr/bin/cc - skipped
-- Detecting C compile features
-- Detecting C compile features - done
-- Detecting CXX compiler ABI info
-- Detecting CXX compiler ABI info - done
-- Check for working CXX compiler: /usr/bin/c++ - skipped
-- Detecting CXX compile features
-- Detecting CXX compile features - done
-- Found Git: /usr/bin/git (found version "2.50.1")
-- Found PkgConfig: /usr/bin/pkg-config (found version "2.5.1")
-- Checking for module 'libssh2'
--   Found libssh2, version 1.11.1
--   Resolved libraries: /usr/lib/libssh2.so
-- Performing Test CMAKE_HAVE_LIBC_PTHREAD
-- Performing Test CMAKE_HAVE_LIBC_PTHREAD - Success
-- Found Threads: TRUE
-- Performing Test HAVE_STDATOMIC
-- Performing Test HAVE_STDATOMIC - Success
-- Found WrapAtomic: TRUE
-- Found OpenGL: /usr/lib/libOpenGL.so
-- Found WrapOpenGL: TRUE
-- Could NOT find WrapVulkanHeaders (missing: Vulkan_INCLUDE_DIR) 
-- Found Cups: /usr/lib/libcups.so (found version "2.4.12")
-- Checking for module 'libssh2'
--   Found libssh2, version 1.11.1
-- Performing Test HAVE_STRUCT_STAT_ST_MTIM
-- Performing Test HAVE_STRUCT_STAT_ST_MTIM - Failed
-- Performing Test HAVE_STRUCT_STAT_ST_MTIMESPEC
-- Performing Test HAVE_STRUCT_STAT_ST_MTIMESPEC - Failed
-- Performing Test HAVE_STRUCT_STAT_MTIME_NSEC
-- Performing Test HAVE_STRUCT_STAT_MTIME_NSEC - Failed
-- Looking for futimens
-- Looking for futimens - found
-- Performing Test IS_WALL_SUPPORTED
-- Performing Test IS_WALL_SUPPORTED - Success
-- Performing Test IS_WEXTRA_SUPPORTED
-- Performing Test IS_WEXTRA_SUPPORTED - Success
-- Performing Test IS_WDOCUMENTATION_SUPPORTED
-- Performing Test IS_WDOCUMENTATION_SUPPORTED - Failed
-- Performing Test IS_WNO_DOCUMENTATION_DEPRECATED_SYNC_SUPPORTED
-- Performing Test IS_WNO_DOCUMENTATION_DEPRECATED_SYNC_SUPPORTED - Success
-- Performing Test IS_WNO_MISSING_FIELD_INITIALIZERS_SUPPORTED
-- Performing Test IS_WNO_MISSING_FIELD_INITIALIZERS_SUPPORTED - Success
-- Performing Test IS_WMISSING_DECLARATIONS_SUPPORTED
-- Performing Test IS_WMISSING_DECLARATIONS_SUPPORTED - Success
-- Performing Test IS_WSTRICT_ALIASING_SUPPORTED
-- Performing Test IS_WSTRICT_ALIASING_SUPPORTED - Success
-- Performing Test IS_WSTRICT_PROTOTYPES_SUPPORTED
-- Performing Test IS_WSTRICT_PROTOTYPES_SUPPORTED - Success
-- Performing Test IS_WDECLARATION_AFTER_STATEMENT_SUPPORTED
-- Performing Test IS_WDECLARATION_AFTER_STATEMENT_SUPPORTED - Success
-- Performing Test IS_WSHIFT_COUNT_OVERFLOW_SUPPORTED
-- Performing Test IS_WSHIFT_COUNT_OVERFLOW_SUPPORTED - Success
-- Performing Test IS_WUNUSED_CONST_VARIABLE_SUPPORTED
-- Performing Test IS_WUNUSED_CONST_VARIABLE_SUPPORTED - Success
-- Performing Test IS_WUNUSED_FUNCTION_SUPPORTED
-- Performing Test IS_WUNUSED_FUNCTION_SUPPORTED - Success
-- Performing Test IS_WINT_CONVERSION_SUPPORTED
-- Performing Test IS_WINT_CONVERSION_SUPPORTED - Success
-- Performing Test IS_WC11_EXTENSIONS_SUPPORTED
-- Performing Test IS_WC11_EXTENSIONS_SUPPORTED - Failed
-- Performing Test IS_WC99_C11_COMPAT_SUPPORTED
-- Performing Test IS_WC99_C11_COMPAT_SUPPORTED - Success
-- Performing Test IS_WFORMAT_SUPPORTED
-- Performing Test IS_WFORMAT_SUPPORTED - Success
-- Performing Test IS_WFORMAT_SECURITY_SUPPORTED
-- Performing Test IS_WFORMAT_SECURITY_SUPPORTED - Success
CMake Warning at dep/libgit2/libgit2/cmake/SelectNsec.cmake:15 (message):
  nanosecond timestamp precision was not detected
Call Stack (most recent call first):
  dep/libgit2/libgit2/src/CMakeLists.txt:40 (include)


-- Found OpenSSL: /usr/lib/libcrypto.so (found version "3.5.2")
-- Found PCRE: /usr/lib/libpcre.so
-- Looking for regcomp_l
-- Looking for regcomp_l - not found
-- Checking for module 'libssh2'
--   Found libssh2, version 1.11.1
--   Resolved libraries: /usr/lib/libssh2.so
-- Looking for libssh2_userauth_publickey_frommemory in /usr/lib/libssh2.so
-- Looking for libssh2_userauth_publickey_frommemory in /usr/lib/libssh2.so - found
-- Found ZLIB: /usr/lib/libz.so (found version "1.3.1")
-- Looking for iconv_open
-- Looking for iconv_open - found
-- Found Iconv: provided by libc
-- Performing Test IS_WNO_IMPLICIT_FALLTHROUGH_SUPPORTED
-- Performing Test IS_WNO_IMPLICIT_FALLTHROUGH_SUPPORTED - Success
-- Found GSSAPI: /usr/lib/libgssapi_krb5.so
-- Performing Test IS_WNO_UNUSED_FUNCTION_SUPPORTED
-- Performing Test IS_WNO_UNUSED_FUNCTION_SUPPORTED - Success
-- Performing Test IS_WNO_UNUSED_PARAMETER_SUPPORTED
-- Performing Test IS_WNO_UNUSED_PARAMETER_SUPPORTED - Success
-- Checking prototype qsort_r for GIT_QSORT_BSD
-- Checking prototype qsort_r for GIT_QSORT_BSD - False
-- Checking prototype qsort_r for GIT_QSORT_GNU
-- Checking prototype qsort_r for GIT_QSORT_GNU - True
-- Checking prototype qsort_s for GIT_QSORT_C11
-- Checking prototype qsort_s for GIT_QSORT_C11 - False
-- Checking prototype qsort_s for GIT_QSORT_MSC
-- Checking prototype qsort_s for GIT_QSORT_MSC - False
-- Looking for getentropy
-- Looking for getentropy - found
-- Looking for getloadavg
-- Looking for getloadavg - found
-- Looking for poll
-- Looking for poll - found
-- Looking for select
-- Looking for select - found
-- Looking for clock_gettime in rt
-- Looking for clock_gettime in rt - found
fatal: not a git repository (or any of the parent directories): .git
-- Enabled features:
 * Threads, using pthreads
 * HTTPS, using OpenSSL
 * SHA1, using bundled collision detection implementation
 * SHA256, using OpenSSL
 * HTTP Parser, using bundled parser
 * Regular expressions, using system PCRE
 * Xdiff, using bundled provider
 * SSH, using libssh2
 * Compression, using system zlib
 * NTLM authentication, using bundled ntlmclient
 * Negotiate authentication, using GSSAPI

-- Disabled features:
 * SHA256 API, experimental SHA256 APIs
 * Debug pool, debug-mode struct pool allocators
 * Debug alloc, debug-mode strict allocators
 * Debug open, strict path validation in open
 * Nanosecond support, Nanosecond timestamp resolution is disabled
 * Internationalization, internationalization support is disabled

-- Checking for module 'libcmark'
--   Found libcmark, version 0.31.1
-- Found Lua: /usr/lib/liblua5.4.so;/usr/lib/libm.so (found version "5.4.8")
-- Checking for module 'hunspell'
--   Found hunspell, version 1.7.2
-- Configuring done (4.2s)
-- Generating done (0.3s)
-- Build files have been written to: /build/gittyup-git/src/build
ninja: Entering directory `build'
[1/591] Automatic MOC for target gittyupUtil
[2/591] Building C object dep/libgit2/libgit2/deps/ntlmclient/CMakeFiles/ntlmclient.dir/util.c.o
[3/591] Building C object dep/libgit2/libgit2/deps/llhttp/CMakeFiles/llhttp.dir/http.c.o
[4/591] Building C object dep/libgit2/libgit2/src/libgit2/CMakeFiles/libgit2.dir/buf.c.o
[5/591] Building C object dep/libgit2/libgit2/deps/ntlmclient/CMakeFiles/ntlmclient.dir/crypt_openssl.c.o
[6/591] Building C object dep/libgit2/libgit2/deps/ntlmclient/CMakeFiles/ntlmclient.dir/unicode_builtin.c.o
[7/591] Building C object dep/libgit2/libgit2/src/libgit2/CMakeFiles/libgit2.dir/annotated_commit.c.o
[8/591] Building C object dep/libgit2/libgit2/deps/llhttp/CMakeFiles/llhttp.dir/api.c.o
[9/591] Building C object dep/libgit2/libgit2/deps/xdiff/CMakeFiles/xdiff.dir/xpatience.c.o
[10/591] Building C object dep/libgit2/libgit2/deps/xdiff/CMakeFiles/xdiff.dir/xhistogram.c.o
[11/591] Building C object dep/libgit2/libgit2/deps/xdiff/CMakeFiles/xdiff.dir/xprepare.c.o
[12/591] Building C object dep/libgit2/libgit2/src/libgit2/CMakeFiles/libgit2.dir/cherrypick.c.o
[13/591] Building C object dep/libgit2/libgit2/deps/xdiff/CMakeFiles/xdiff.dir/xemit.c.o
[14/591] Building C object dep/libgit2/libgit2/src/libgit2/CMakeFiles/libgit2.dir/blob.c.o
[15/591] Building C object dep/libgit2/libgit2/src/libgit2/CMakeFiles/libgit2.dir/config_cache.c.o
[16/591] Building C object dep/libgit2/libgit2/src/libgit2/CMakeFiles/libgit2.dir/blame.c.o
[17/591] Building C object dep/libgit2/libgit2/src/libgit2/CMakeFiles/libgit2.dir/commit_list.c.o
[18/591] Building C object dep/libgit2/libgit2/deps/xdiff/CMakeFiles/xdiff.dir/xutils.c.o
[19/591] Building C object dep/libgit2/libgit2/src/libgit2/CMakeFiles/libgit2.dir/config_mem.c.o
[20/591] Building C object dep/libgit2/libgit2/src/libgit2/CMakeFiles/libgit2.dir/branch.c.o
[21/591] Building C object dep/libgit2/libgit2/src/libgit2/CMakeFiles/libgit2.dir/clone.c.o
[22/591] Building C object dep/libgit2/libgit2/src/libgit2/CMakeFiles/libgit2.dir/config_snapshot.c.o
[23/591] Building C object dep/libgit2/libgit2/src/libgit2/CMakeFiles/libgit2.dir/blame_git.c.o
[24/591] Building C object dep/libgit2/libgit2/deps/xdiff/CMakeFiles/xdiff.dir/xmerge.c.o
[25/591] Building C object dep/libgit2/libgit2/src/libgit2/CMakeFiles/libgit2.dir/attr.c.o
[26/591] Building C object dep/libgit2/libgit2/src/libgit2/CMakeFiles/libgit2.dir/config_parse.c.o
[27/591] Building C object dep/libgit2/libgit2/deps/xdiff/CMakeFiles/xdiff.dir/xdiffi.c.o
[28/591] Building C object dep/libgit2/libgit2/src/libgit2/CMakeFiles/libgit2.dir/cache.c.o
[29/591] Building C object dep/libgit2/libgit2/src/libgit2/CMakeFiles/libgit2.dir/apply.c.o
[30/591] Building C object dep/libgit2/libgit2/src/libgit2/CMakeFiles/libgit2.dir/crlf.c.o
[31/591] Building C object dep/libgit2/libgit2/src/libgit2/CMakeFiles/libgit2.dir/attr_file.c.o
[32/591] Building C object dep/libgit2/libgit2/src/libgit2/CMakeFiles/libgit2.dir/attrcache.c.o
[33/591] Building C object dep/libgit2/libgit2/src/libgit2/CMakeFiles/libgit2.dir/delta.c.o
[34/591] Building C object dep/libgit2/libgit2/src/libgit2/CMakeFiles/libgit2.dir/diff_file.c.o
[35/591] Building C object dep/libgit2/libgit2/src/libgit2/CMakeFiles/libgit2.dir/email.c.o
[36/591] Building C object dep/libgit2/libgit2/src/libgit2/CMakeFiles/libgit2.dir/fetch.c.o
[37/591] Building C object dep/libgit2/libgit2/src/libgit2/CMakeFiles/libgit2.dir/diff_xdiff.c.o
[38/591] Building C object dep/libgit2/libgit2/src/libgit2/CMakeFiles/libgit2.dir/config_file.c.o
[39/591] Building C object dep/libgit2/libgit2/src/libgit2/CMakeFiles/libgit2.dir/diff_parse.c.o
[40/591] Building C object dep/libgit2/libgit2/src/libgit2/CMakeFiles/libgit2.dir/fetchhead.c.o
[41/591] Building C object dep/libgit2/libgit2/src/libgit2/CMakeFiles/libgit2.dir/config_list.c.o
[42/591] Building C object dep/libgit2/libgit2/src/libgit2/CMakeFiles/libgit2.dir/diff.c.o
[43/591] Building C object dep/libgit2/libgit2/src/libgit2/CMakeFiles/libgit2.dir/graph.c.o
[44/591] Building C object dep/libgit2/libgit2/src/libgit2/CMakeFiles/libgit2.dir/ident.c.o
[45/591] Building C object dep/libgit2/libgit2/src/libgit2/CMakeFiles/libgit2.dir/commit.c.o
[46/591] Building C object dep/libgit2/libgit2/src/libgit2/CMakeFiles/libgit2.dir/diff_print.c.o
[47/591] Building C object dep/libgit2/libgit2/src/libgit2/CMakeFiles/libgit2.dir/diff_stats.c.o
[48/591] Building C object dep/libgit2/libgit2/src/libgit2/CMakeFiles/libgit2.dir/config.c.o
/build/gittyup-git/src/Gittyup/dep/libgit2/libgit2/src/libgit2/config.c: In function ‘git_config_lookup_map_value’:
/build/gittyup-git/src/Gittyup/dep/libgit2/libgit2/src/libgit2/config.c:1450:59: warning: ‘%s’ directive argument is null [-Wformat-overflow=]
 1450 |         git_error_set(GIT_ERROR_CONFIG, "failed to parse '%s' as a boolean value", value);
      |                                                           ^~
At top level:
cc1: note: unrecognized command-line option ‘-Wno-documentation-deprecated-sync’ may have been intended to silence earlier diagnostics
[49/591] Building C object dep/libgit2/libgit2/src/libgit2/CMakeFiles/libgit2.dir/hashsig.c.o
[50/591] Building C object dep/libgit2/libgit2/src/libgit2/CMakeFiles/libgit2.dir/commit_graph.c.o
[51/591] Building C object dep/libgit2/libgit2/src/libgit2/CMakeFiles/libgit2.dir/message.c.o
[52/591] Building C object dep/libgit2/libgit2/src/libgit2/CMakeFiles/libgit2.dir/merge_file.c.o
[53/591] Building C object dep/libgit2/libgit2/deps/ntlmclient/CMakeFiles/ntlmclient.dir/ntlm.c.o
[54/591] Building C object dep/libgit2/libgit2/src/libgit2/CMakeFiles/libgit2.dir/describe.c.o
[55/591] Building C object dep/libgit2/libgit2/src/libgit2/CMakeFiles/libgit2.dir/merge_driver.c.o
[56/591] Building C object dep/libgit2/libgit2/src/libgit2/CMakeFiles/libgit2.dir/object_api.c.o
[57/591] Building C object dep/libgit2/libgit2/src/libgit2/CMakeFiles/libgit2.dir/mailmap.c.o
[58/591] Building C object dep/libgit2/libgit2/src/libgit2/CMakeFiles/libgit2.dir/grafts.c.o
[59/591] Building C object dep/libgit2/libgit2/src/libgit2/CMakeFiles/libgit2.dir/ignore.c.o
[60/591] Building C object dep/libgit2/libgit2/src/libgit2/CMakeFiles/libgit2.dir/libgit2.c.o
[61/591] Building C object dep/libgit2/libgit2/src/libgit2/CMakeFiles/libgit2.dir/filter.c.o
[62/591] Building C object dep/libgit2/libgit2/src/libgit2/CMakeFiles/libgit2.dir/diff_driver.c.o
In function ‘git_diff_driver_load’,
    inlined from ‘git_diff_driver_lookup’ at /build/gittyup-git/src/Gittyup/dep/libgit2/libgit2/src/libgit2/diff_driver.c:373:20:
/build/gittyup-git/src/Gittyup/dep/libgit2/libgit2/src/libgit2/diff_driver.c:343:17: warning: ‘drv’ may be used uninitialized [-Wmaybe-uninitialized]
  343 |         if (drv && drv != *out)
      |             ~~~~^~~~~~~~~~~~~~
/build/gittyup-git/src/Gittyup/dep/libgit2/libgit2/src/libgit2/diff_driver.c: In function ‘git_diff_driver_lookup’:
/build/gittyup-git/src/Gittyup/dep/libgit2/libgit2/src/libgit2/diff_driver.c:228:26: note: ‘drv’ was declared here
  228 |         git_diff_driver *drv;
      |                          ^~~
At top level:
cc1: note: unrecognized command-line option ‘-Wno-documentation-deprecated-sync’ may have been intended to silence earlier diagnostics
[63/591] Building C object dep/libgit2/libgit2/src/libgit2/CMakeFiles/libgit2.dir/oidarray.c.o
[64/591] Building C object dep/libgit2/libgit2/src/libgit2/CMakeFiles/libgit2.dir/parse.c.o
[65/591] Building C object dep/libgit2/libgit2/src/libgit2/CMakeFiles/libgit2.dir/object.c.o
[66/591] Building C object dep/libgit2/libgit2/src/libgit2/CMakeFiles/libgit2.dir/index_map.c.o
[67/591] Building C object dep/libgit2/libgit2/src/libgit2/CMakeFiles/libgit2.dir/midx.c.o
[68/591] Building C object dep/libgit2/libgit2/src/libgit2/CMakeFiles/libgit2.dir/diff_tform.c.o
[69/591] Building C object dep/libgit2/libgit2/src/libgit2/CMakeFiles/libgit2.dir/patch.c.o
[70/591] Building C object dep/libgit2/libgit2/src/libgit2/CMakeFiles/libgit2.dir/oid.c.o
[71/591] Building C object dep/libgit2/libgit2/src/libgit2/CMakeFiles/libgit2.dir/odb_mempack.c.o
[72/591] Building C object dep/libgit2/libgit2/src/libgit2/CMakeFiles/libgit2.dir/notes.c.o
[73/591] Building C object dep/libgit2/libgit2/src/libgit2/CMakeFiles/libgit2.dir/odb_pack.c.o
[74/591] Building C object dep/libgit2/libgit2/src/libgit2/CMakeFiles/libgit2.dir/mwindow.c.o
[75/591] Building C object dep/libgit2/libgit2/src/libgit2/CMakeFiles/libgit2.dir/proxy.c.o
[76/591] Building C object dep/libgit2/libgit2/src/libgit2/CMakeFiles/libgit2.dir/indexer.c.o
[77/591] Building C object dep/libgit2/libgit2/src/libgit2/CMakeFiles/libgit2.dir/odb_loose.c.o
[78/591] Building C object dep/libgit2/libgit2/src/libgit2/CMakeFiles/libgit2.dir/reader.c.o
[79/591] Building C object dep/libgit2/libgit2/src/libgit2/CMakeFiles/libgit2.dir/checkout.c.o
[80/591] Building C object dep/libgit2/libgit2/src/libgit2/CMakeFiles/libgit2.dir/push.c.o
[81/591] Building C object dep/libgit2/libgit2/src/libgit2/CMakeFiles/libgit2.dir/patch_generate.c.o
[82/591] Building C object dep/libgit2/libgit2/src/libgit2/CMakeFiles/libgit2.dir/reflog.c.o
[83/591] Building C object dep/libgit2/libgit2/src/libgit2/CMakeFiles/libgit2.dir/refspec.c.o
[84/591] Building C object dep/libgit2/libgit2/src/libgit2/CMakeFiles/libgit2.dir/iterator.c.o
[85/591] Building C object dep/libgit2/libgit2/src/libgit2/CMakeFiles/libgit2.dir/path.c.o
[86/591] Building C object dep/libgit2/libgit2/src/libgit2/CMakeFiles/libgit2.dir/reset.c.o
[87/591] Building C object dep/libgit2/libgit2/src/libgit2/CMakeFiles/libgit2.dir/revert.c.o
[88/591] Building C object dep/libgit2/libgit2/src/libgit2/CMakeFiles/libgit2.dir/refdb.c.o
[89/591] Building C object dep/libgit2/libgit2/src/libgit2/CMakeFiles/libgit2.dir/patch_parse.c.o
[90/591] Building C object dep/libgit2/libgit2/src/libgit2/CMakeFiles/libgit2.dir/diff_generate.c.o
[91/591] Building C object dep/libgit2/libgit2/src/libgit2/CMakeFiles/libgit2.dir/streams/schannel.c.o
[92/591] Building C object dep/libgit2/libgit2/src/libgit2/CMakeFiles/libgit2.dir/streams/mbedtls.c.o
[93/591] Building C object dep/libgit2/libgit2/src/libgit2/CMakeFiles/libgit2.dir/pathspec.c.o
[94/591] Building C object dep/libgit2/libgit2/src/libgit2/CMakeFiles/libgit2.dir/strarray.c.o
[95/591] Building C object dep/libgit2/libgit2/src/libgit2/CMakeFiles/libgit2.dir/streams/openssl_dynamic.c.o
[96/591] Building C object dep/libgit2/libgit2/src/libgit2/CMakeFiles/libgit2.dir/revparse.c.o
[97/591] Building C object dep/libgit2/libgit2/src/libgit2/CMakeFiles/libgit2.dir/signature.c.o
[98/591] Building C object dep/libgit2/libgit2/src/libgit2/CMakeFiles/libgit2.dir/streams/openssl_legacy.c.o
[99/591] Building C object dep/libgit2/libgit2/src/libgit2/CMakeFiles/libgit2.dir/streams/stransport.c.o
[100/591] Building C object dep/libgit2/libgit2/src/libgit2/CMakeFiles/libgit2.dir/settings.c.o
[101/591] Building C object dep/libgit2/libgit2/src/libgit2/CMakeFiles/libgit2.dir/status.c.o
[102/591] Building C object dep/libgit2/libgit2/src/libgit2/CMakeFiles/libgit2.dir/rebase.c.o
[103/591] Building C object dep/libgit2/libgit2/src/libgit2/CMakeFiles/libgit2.dir/odb.c.o
[104/591] Building C object dep/libgit2/libgit2/src/libgit2/CMakeFiles/libgit2.dir/streams/socket.c.o
[105/591] Building C object dep/libgit2/libgit2/src/libgit2/CMakeFiles/libgit2.dir/trace.c.o
[106/591] Building C object dep/libgit2/libgit2/src/libgit2/CMakeFiles/libgit2.dir/streams/registry.c.o
[107/591] Building C object dep/libgit2/libgit2/src/libgit2/CMakeFiles/libgit2.dir/streams/openssl.c.o
[108/591] Building C object dep/libgit2/libgit2/src/libgit2/CMakeFiles/libgit2.dir/transports/auth.c.o
[109/591] Building C object dep/libgit2/libgit2/src/libgit2/CMakeFiles/libgit2.dir/pack.c.o
[110/591] Building C object dep/libgit2/libgit2/src/libgit2/CMakeFiles/libgit2.dir/transport.c.o
[111/591] Building C object dep/libgit2/libgit2/src/libgit2/CMakeFiles/libgit2.dir/streams/tls.c.o
[112/591] Building C object dep/libgit2/libgit2/src/libgit2/CMakeFiles/libgit2.dir/refs.c.o
[113/591] Building C object dep/libgit2/libgit2/src/libgit2/CMakeFiles/libgit2.dir/transports/auth_ntlmclient.c.o
[114/591] Building C object dep/libgit2/libgit2/src/libgit2/CMakeFiles/libgit2.dir/transports/auth_gssapi.c.o
[115/591] Building C object dep/libgit2/libgit2/src/libgit2/CMakeFiles/libgit2.dir/sysdir.c.o
[116/591] Building C object dep/libgit2/libgit2/src/libgit2/CMakeFiles/libgit2.dir/transports/auth_sspi.c.o
[117/591] Building C object dep/libgit2/libgit2/src/libgit2/CMakeFiles/libgit2.dir/stash.c.o
[118/591] Building C object dep/libgit2/libgit2/src/libgit2/CMakeFiles/libgit2.dir/transports/credential_helpers.c.o
[119/591] Building C object dep/libgit2/libgit2/src/libgit2/CMakeFiles/libgit2.dir/transports/httpparser.c.o
[120/591] Building C object dep/libgit2/libgit2/src/libgit2/CMakeFiles/libgit2.dir/trailer.c.o
[121/591] Building C object dep/libgit2/libgit2/src/libgit2/CMakeFiles/libgit2.dir/transports/ssh.c.o
[122/591] Building C object dep/libgit2/libgit2/src/libgit2/CMakeFiles/libgit2.dir/tag.c.o
[123/591] Building C object dep/libgit2/libgit2/src/libgit2/CMakeFiles/libgit2.dir/transports/git.c.o
[124/591] Building C object dep/libgit2/libgit2/src/libgit2/CMakeFiles/libgit2.dir/transaction.c.o
[125/591] Building C object dep/libgit2/libgit2/src/libgit2/CMakeFiles/libgit2.dir/transports/ssh_exec.c.o
[126/591] Building C object dep/libgit2/libgit2/src/libgit2/CMakeFiles/libgit2.dir/revwalk.c.o
[127/591] Building C object dep/libgit2/libgit2/src/libgit2/CMakeFiles/libgit2.dir/transports/winhttp.c.o
[128/591] Building C object dep/libgit2/libgit2/src/libgit2/CMakeFiles/libgit2.dir/index.c.o
[129/591] Building C object dep/libgit2/libgit2/src/libgit2/CMakeFiles/libgit2.dir/pack-objects.c.o
[130/591] Building C object dep/libgit2/libgit2/src/libgit2/CMakeFiles/libgit2.dir/transports/credential.c.o
[131/591] Building C object dep/libgit2/libgit2/src/libgit2/CMakeFiles/libgit2.dir/transports/smart.c.o
[132/591] Building C object dep/libgit2/libgit2/src/libgit2/CMakeFiles/libgit2.dir/transports/http.c.o
[133/591] Building C object dep/libgit2/libgit2/src/util/CMakeFiles/util.dir/allocators/stdalloc.c.o
[134/591] Building C object dep/libgit2/libgit2/src/util/CMakeFiles/util.dir/allocators/failalloc.c.o
[135/591] Building C object dep/libgit2/libgit2/src/util/CMakeFiles/util.dir/allocators/win32_leakcheck.c.o
[136/591] Building C object dep/libgit2/libgit2/src/util/CMakeFiles/util.dir/alloc.c.o
[137/591] Building C object dep/libgit2/libgit2/src/libgit2/CMakeFiles/libgit2.dir/refdb_fs.c.o
[138/591] Building C object dep/libgit2/libgit2/src/util/CMakeFiles/util.dir/allocators/debugalloc.c.o
[139/591] Building C object dep/libgit2/libgit2/src/libgit2/CMakeFiles/libgit2.dir/transports/smart_pkt.c.o
[140/591] Building C object dep/libgit2/libgit2/src/libgit2/CMakeFiles/libgit2.dir/tree-cache.c.o
[141/591] Building C object dep/libgit2/libgit2/src/util/CMakeFiles/util.dir/hash.c.o
[142/591] Building C object dep/libgit2/libgit2/src/libgit2/CMakeFiles/libgit2.dir/merge.c.o
[143/591] Building C object dep/libgit2/libgit2/src/libgit2/CMakeFiles/libgit2.dir/transports/local.c.o
[144/591] Building C object dep/libgit2/libgit2/src/util/CMakeFiles/util.dir/posix.c.o
[145/591] Building C object dep/libgit2/libgit2/src/util/CMakeFiles/util.dir/runtime.c.o
[146/591] Building C object dep/libgit2/libgit2/src/util/CMakeFiles/util.dir/rand.c.o
[147/591] Building C object dep/libgit2/libgit2/src/util/CMakeFiles/util.dir/pqueue.c.o
[148/591] Building C object dep/libgit2/libgit2/src/util/CMakeFiles/util.dir/errors.c.o
[149/591] Building C object dep/libgit2/libgit2/src/util/CMakeFiles/util.dir/thread.c.o
[150/591] Building C object dep/libgit2/libgit2/src/util/CMakeFiles/util.dir/pool.c.o
[151/591] Building C object dep/libgit2/libgit2/src/util/CMakeFiles/util.dir/regexp.c.o
[152/591] Building C object dep/libgit2/libgit2/src/libgit2/CMakeFiles/libgit2.dir/worktree.c.o
[153/591] Building C object dep/libgit2/libgit2/src/util/CMakeFiles/util.dir/strlist.c.o
[154/591] Building C object dep/libgit2/libgit2/src/libgit2/CMakeFiles/libgit2.dir/transports/ssh_libssh2.c.o
[155/591] Building C object dep/libgit2/libgit2/src/util/CMakeFiles/util.dir/utf8.c.o
[156/591] Building C object dep/libgit2/libgit2/src/util/CMakeFiles/util.dir/filebuf.c.o
[157/591] Building C object dep/libgit2/libgit2/deps/llhttp/CMakeFiles/llhttp.dir/llhttp.c.o
[158/591] Building C object dep/libgit2/libgit2/src/util/CMakeFiles/util.dir/varint.c.o
[159/591] Building C object dep/libgit2/libgit2/src/util/CMakeFiles/util.dir/unix/realpath.c.o
[160/591] Building CXX object src/util/CMakeFiles/gittyupUtil.dir/gittyupUtil_autogen/mocs_compilation.cpp.o
[161/591] Building C object dep/libgit2/libgit2/src/libgit2/CMakeFiles/libgit2.dir/transports/httpclient.c.o
[162/591] Building C object dep/libgit2/libgit2/src/util/CMakeFiles/util.dir/unix/map.c.o
[163/591] Building C object dep/libgit2/libgit2/src/libgit2/CMakeFiles/libgit2.dir/transports/smart_protocol.c.o
[164/591] Building C object dep/libgit2/libgit2/src/util/CMakeFiles/util.dir/hash/collisiondetect.c.o
[165/591] Building C object dep/libgit2/libgit2/src/util/CMakeFiles/util.dir/hash/openssl.c.o
[166/591] Building C object dep/libgit2/libgit2/src/util/CMakeFiles/util.dir/zstream.c.o
[167/591] Building C object dep/lpeg/CMakeFiles/lpeg.dir/lpeg-1.1.0/lpprint.c.o
[168/591] Building C object dep/libgit2/libgit2/src/util/CMakeFiles/util.dir/vector.c.o
[169/591] Building C object dep/libgit2/libgit2/src/util/CMakeFiles/util.dir/tsort.c.o
[170/591] Building C object dep/libgit2/libgit2/src/util/CMakeFiles/util.dir/util.c.o
[171/591] Building C object dep/lpeg/CMakeFiles/lpeg.dir/lpeg-1.1.0/lpcset.c.o
[172/591] Building CXX object dep/scintilla/CMakeFiles/lexilla.dir/lexilla/lexlib/CharacterSet.cxx.o
[173/591] Building C object dep/libgit2/libgit2/src/libgit2/CMakeFiles/libgit2.dir/remote.c.o
/build/gittyup-git/src/Gittyup/dep/libgit2/libgit2/src/libgit2/remote.c: In function ‘git_remote_connect_ext’:
/build/gittyup-git/src/Gittyup/dep/libgit2/libgit2/src/libgit2/remote.c:966:5: warning: this ‘if’ clause does not guard... [-Wmisleading-indentation]
  966 |     if (given_opts && given_opts->callbacks.connected)
      |     ^~
/build/gittyup-git/src/Gittyup/dep/libgit2/libgit2/src/libgit2/remote.c:969:9: note: ...this statement, but the latter is misleadingly indented as if it were guarded by the ‘if’
  969 |         remote->transport = t;
      |         ^~~~~~
/build/gittyup-git/src/Gittyup/dep/libgit2/libgit2/src/libgit2/remote.c: In function ‘git_remote_disconnect’:
/build/gittyup-git/src/Gittyup/dep/libgit2/libgit2/src/libgit2/remote.c:2191:5: warning: this ‘if’ clause does not guard... [-Wmisleading-indentation]
 2191 |     if (cb && cb->about_to_disconnect)
      |     ^~
/build/gittyup-git/src/Gittyup/dep/libgit2/libgit2/src/libgit2/remote.c:2194:9: note: ...this statement, but the latter is misleadingly indented as if it were guarded by the ‘if’
 2194 |         if (git_remote_connected(remote))
      |         ^~
At top level:
cc1: note: unrecognized command-line option ‘-Wno-documentation-deprecated-sync’ may have been intended to silence earlier diagnostics
[174/591] Building CXX object dep/scintilla/CMakeFiles/lexilla.dir/lexilla/lexlib/Accessor.cxx.o
[175/591] Building C object dep/libgit2/libgit2/src/util/CMakeFiles/util.dir/sortedcache.c.o
[176/591] Building C object dep/libgit2/libgit2/src/util/CMakeFiles/util.dir/net.c.o
[177/591] Building C object dep/libgit2/libgit2/src/util/CMakeFiles/util.dir/date.c.o
[178/591] Building CXX object dep/scintilla/CMakeFiles/lexilla.dir/lexilla/lexlib/LexerBase.cxx.o
[179/591] Building C object dep/lpeg/CMakeFiles/lpeg.dir/lpeg-1.1.0/lpvm.c.o
[180/591] Building C object dep/lpeg/CMakeFiles/lpeg.dir/lpeg-1.1.0/lpcap.c.o
[181/591] Building C object dep/libgit2/libgit2/src/util/CMakeFiles/util.dir/futils.c.o
[182/591] Building C object dep/libgit2/libgit2/src/util/CMakeFiles/util.dir/fs_path.c.o
[183/591] Building C object dep/libgit2/libgit2/src/util/CMakeFiles/util.dir/wildmatch.c.o
[184/591] Generating ../../docs/changelog.html, ../../docs/acknowledgments.html, ../../docs/privacy.html, ../../docs/plugin.html
[185/591] Generating gittyup_de.qm
Updating '/build/gittyup-git/src/build/l10n/gittyup_de.qm'...
    Generated 886 translation(s) (860 finished and 26 unfinished)
    Ignored 165 untranslated source text(s)
[186/591] Building C object dep/libgit2/libgit2/src/util/CMakeFiles/util.dir/unix/process.c.o
[187/591] Generating gittyup_en.qm
Updating '/build/gittyup-git/src/build/l10n/gittyup_en.qm'...
    Generated 0 translation(s) (0 finished and 0 unfinished)
    Ignored 1051 untranslated source text(s)
[188/591] Building C object dep/libgit2/libgit2/src/libgit2/CMakeFiles/libgit2.dir/repository.c.o
[189/591] Generating gittyup_es.qm
Updating '/build/gittyup-git/src/build/l10n/gittyup_es.qm'...
    Generated 907 translation(s) (876 finished and 31 unfinished)
    Ignored 144 untranslated source text(s)
[190/591] Generating gittyup_pt.qm
Updating '/build/gittyup-git/src/build/l10n/gittyup_pt.qm'...
    Generated 883 translation(s) (851 finished and 32 unfinished)
    Ignored 168 untranslated source text(s)
[191/591] Building CXX object dep/scintilla/CMakeFiles/lexilla.dir/lexilla/lexlib/StyleContext.cxx.o
[192/591] Generating gittyup_ja.qm
Updating '/build/gittyup-git/src/build/l10n/gittyup_ja.qm'...
    Generated 895 translation(s) (864 finished and 31 unfinished)
    Ignored 156 untranslated source text(s)
[193/591] Generating gittyup_pt_BR.qm
Updating '/build/gittyup-git/src/build/l10n/gittyup_pt_BR.qm'...
    Generated 612 translation(s) (514 finished and 98 unfinished)
    Ignored 439 untranslated source text(s)
[194/591] Generating gittyup_zh_CN.qm
Updating '/build/gittyup-git/src/build/l10n/gittyup_zh_CN.qm'...
    Generated 904 translation(s) (876 finished and 28 unfinished)
    Ignored 147 untranslated source text(s)
[195/591] Generating gittyup_ru.qm
Updating '/build/gittyup-git/src/build/l10n/gittyup_ru.qm'...
    Generated 876 translation(s) (847 finished and 29 unfinished)
    Ignored 175 untranslated source text(s)
[196/591] Building C object dep/libgit2/libgit2/src/util/CMakeFiles/util.dir/hash/sha1dc/ubc_check.c.o
[197/591] Building C object dep/lpeg/CMakeFiles/lpeg.dir/lpeg-1.1.0/lpcode.c.o
[198/591] Building C object dep/libgit2/libgit2/src/cli/CMakeFiles/git2_cli.dir/cmd.c.o
[199/591] Building C object dep/libgit2/libgit2/src/cli/CMakeFiles/git2_cli.dir/cmd_cat_file.c.o
[200/591] Building C object dep/libgit2/libgit2/src/cli/CMakeFiles/git2_cli.dir/cmd_help.c.o
[201/591] Building C object dep/libgit2/libgit2/src/util/CMakeFiles/util.dir/hash/sha1dc/sha1.c.o
[202/591] Building C object dep/libgit2/libgit2/src/cli/CMakeFiles/git2_cli.dir/cmd_clone.c.o
[203/591] Building CXX object dep/scintilla/CMakeFiles/lexilla.dir/lexilla/lexlib/LexerModule.cxx.o
[204/591] Building CXX object dep/scintilla/CMakeFiles/lexilla.dir/lexilla/lexlib/LexerSimple.cxx.o
[205/591] Building C object dep/libgit2/libgit2/src/util/CMakeFiles/util.dir/str.c.o
[206/591] Building C object dep/libgit2/libgit2/src/cli/CMakeFiles/git2_cli.dir/cmd_hash_object.c.o
[207/591] Building C object dep/libgit2/libgit2/src/cli/CMakeFiles/git2_cli.dir/cmd_config.c.o
[208/591] Create appdata file
[209/591] Building C object dep/libgit2/libgit2/src/cli/CMakeFiles/git2_cli.dir/cmd_index_pack.c.o
[210/591] Building C object dep/libgit2/libgit2/src/cli/CMakeFiles/git2_cli.dir/cmd_init.c.o
[211/591] Building C object dep/libgit2/libgit2/src/cli/CMakeFiles/git2_cli.dir/common.c.o
[212/591] Building C object dep/libgit2/libgit2/src/cli/CMakeFiles/git2_cli.dir/cmd_version.c.o
[213/591] Building C object dep/libgit2/libgit2/src/cli/CMakeFiles/git2_cli.dir/unix/sighandler.c.o
[214/591] Building C object dep/libgit2/libgit2/src/libgit2/CMakeFiles/libgit2.dir/submodule.c.o
[215/591] Building C object dep/libgit2/libgit2/src/cli/CMakeFiles/git2_cli.dir/main.c.o
[216/591] Building C object dep/libgit2/libgit2/src/libgit2/CMakeFiles/libgit2.dir/tree.c.o
[217/591] Building CXX object dep/scintilla/CMakeFiles/lexilla.dir/lexilla/lexlib/CharacterCategory.cxx.o
[218/591] Building C object dep/libgit2/libgit2/src/cli/CMakeFiles/git2_cli.dir/opt_usage.c.o
/build/gittyup-git/src/Gittyup/dep/libgit2/libgit2/src/cli/opt_usage.c: In function ‘cli_opt_help_fprint’:
/build/gittyup-git/src/Gittyup/dep/libgit2/libgit2/src/cli/opt_usage.c:214:59: warning: ‘required’ may be used uninitialized [-Wmaybe-uninitialized]
  214 |                     ((spec->usage & CLI_OPT_USAGE_CHOICE) && required));
      |                     ~~~~~~~~~~~~~~~~~~~~~~~~~~~~~~~~~~~~~~^~~~~~~~~~~~
/build/gittyup-git/src/Gittyup/dep/libgit2/libgit2/src/cli/opt_usage.c:204:14: note: ‘required’ was declared here
  204 |         bool required;
      |              ^~~~~~~~
At top level:
cc1: note: unrecognized command-line option ‘-Wno-documentation-deprecated-sync’ may have been intended to silence earlier diagnostics
[219/591] Building CXX object dep/scintilla/CMakeFiles/lexilla.dir/lexilla/lexlib/WordList.cxx.o
[220/591] Building C object dep/libgit2/libgit2/src/cli/CMakeFiles/git2_cli.dir/cmd_blame.c.o
[221/591] Automatic MOC for target loglib
[222/591] Building C object dep/lpeg/CMakeFiles/lpeg.dir/lpeg-1.1.0/lptree.c.o
[223/591] Building C object dep/libgit2/libgit2/src/cli/CMakeFiles/git2_cli.dir/opt.c.o
[224/591] Building C object dep/libgit2/libgit2/src/cli/CMakeFiles/git2_cli.dir/progress.c.o
[225/591] Linking C static library dep/lpeg/liblpeg.a
[226/591] Linking C static library dep/libgit2/libgit2/libgit2.a
[227/591] Linking C executable dep/libgit2/libgit2/git2
[228/591] Building CXX object dep/scintilla/CMakeFiles/lexilla.dir/lexilla/lexlib/PropSetSimple.cxx.o
[229/591] Building CXX object src/util/CMakeFiles/gittyupUtil.dir/Path.cpp.o
[230/591] Linking CXX static library dep/scintilla/liblexilla.a
[231/591] Automatic MOC for target scintilla
[232/591] Building CXX object dep/scintilla/CMakeFiles/scintilla.dir/scintilla_autogen/mocs_compilation.cpp.o
[233/591] Building CXX object dep/scintilla/CMakeFiles/scintilla.dir/lexilla/src/CharClassify.cxx.o
[234/591] Building CXX object dep/scintilla/CMakeFiles/scintilla.dir/lexilla/src/CaseFolder.cxx.o
[235/591] Building CXX object l10n/CMakeFiles/translation.dir/languages.cpp.o
[236/591] Building CXX object dep/scintilla/CMakeFiles/scintilla.dir/lexilla/src/Catalogue.cxx.o
[237/591] Linking CXX static library l10n/libtranslation.a
[238/591] Building CXX object src/util/CMakeFiles/gittyupUtil.dir/Debug.cpp.o
[239/591] Linking CXX static library src/util/libgittyupUtil.a
[240/591] Building CXX object dep/scintilla/CMakeFiles/scintilla.dir/lexilla/src/ExternalLexer.cxx.o
[241/591] Building CXX object dep/scintilla/CMakeFiles/scintilla.dir/lexilla/src/KeyMap.cxx.o
[242/591] Building CXX object dep/scintilla/CMakeFiles/scintilla.dir/lexilla/src/Indicator.cxx.o
[243/591] Building CXX object dep/scintilla/CMakeFiles/scintilla.dir/lexilla/src/EditModel.cxx.o
[244/591] Building CXX object dep/scintilla/CMakeFiles/scintilla.dir/lexilla/src/CaseConvert.cxx.o
[245/591] Building CXX object dep/scintilla/CMakeFiles/scintilla.dir/lexilla/src/CallTip.cxx.o
[246/591] Building CXX object src/update/CMakeFiles/relauncher.dir/relauncher.cpp.o
[247/591] Building CXX object src/cli/CMakeFiles/cli.dir/Installer.cpp.o
[248/591] Building CXX object src/cli/CMakeFiles/cli.dir/Installer_linux.cpp.o
[249/591] Linking CXX static library src/cli/libcli.a
[250/591] Automatic MOC for target conf
[251/591] Automatic MOC for target git
[252/591] Building CXX object dep/scintilla/CMakeFiles/scintilla.dir/lexilla/src/AutoComplete.cxx.o
[253/591] Building CXX object dep/scintilla/CMakeFiles/scintilla.dir/lexilla/src/LineMarker.cxx.o
[254/591] Building CXX object dep/scintilla/CMakeFiles/scintilla.dir/lexilla/src/Decoration.cxx.o
[255/591] Building CXX object src/log/CMakeFiles/loglib.dir/LogEntry.cpp.o
[256/591] Building CXX object dep/scintilla/CMakeFiles/scintilla.dir/lexilla/src/Style.cxx.o
[257/591] Building CXX object dep/scintilla/CMakeFiles/scintilla.dir/lexilla/src/UniqueString.cxx.o
[258/591] Building CXX object dep/scintilla/CMakeFiles/scintilla.dir/lexilla/src/RESearch.cxx.o
[259/591] Building CXX object dep/scintilla/CMakeFiles/scintilla.dir/lexilla/src/UniConversion.cxx.o
[260/591] Building CXX object dep/scintilla/CMakeFiles/scintilla.dir/lexilla/src/MarginView.cxx.o
[261/591] Building CXX object dep/scintilla/CMakeFiles/scintilla.dir/lexilla/src/Selection.cxx.o
[262/591] Building CXX object src/git/CMakeFiles/git.dir/Buffer.cpp.o
[263/591] Building CXX object dep/scintilla/CMakeFiles/scintilla.dir/lexilla/src/ScintillaBase.cxx.o
[264/591] Building CXX object src/log/CMakeFiles/loglib.dir/LogModel.cpp.o
[265/591] Building CXX object src/log/CMakeFiles/loglib.dir/loglib_autogen/mocs_compilation.cpp.o
[266/591] Building CXX object src/conf/CMakeFiles/conf.dir/RecentRepository.cpp.o
[267/591] Building CXX object src/git/CMakeFiles/git.dir/Blob.cpp.o
[268/591] Building CXX object src/log/CMakeFiles/loglib.dir/LogDelegate.cpp.o
[269/591] Building CXX object src/git/CMakeFiles/git.dir/Blame.cpp.o
[270/591] Building CXX object src/conf/CMakeFiles/conf.dir/conf_autogen/mocs_compilation.cpp.o
[271/591] Building CXX object dep/scintilla/CMakeFiles/scintilla.dir/lexilla/src/PositionCache.cxx.o
[272/591] Building CXX object dep/scintilla/CMakeFiles/scintilla.dir/lexilla/src/EditView.cxx.o
[273/591] Building CXX object dep/scintilla/CMakeFiles/scintilla.dir/lexilla/src/PerLine.cxx.o
[274/591] Building CXX object src/log/CMakeFiles/loglib.dir/LogView.cpp.o
[275/591] Building CXX object src/conf/CMakeFiles/conf.dir/ConfFile.cpp.o
[276/591] Building C object test/dep/zip/CMakeFiles/zip.dir/src/zip.c.o
[277/591] Building CXX object dep/scintilla/CMakeFiles/scintilla.dir/lexilla/src/CellBuffer.cxx.o
[278/591] Building CXX object src/conf/CMakeFiles/conf.dir/Setting.cpp.o
[279/591] Building CXX object src/git/CMakeFiles/git.dir/AnnotatedCommit.cpp.o
[280/591] Building CXX object src/git/CMakeFiles/git.dir/FilterList.cpp.o
[281/591] Building CXX object src/git/CMakeFiles/git.dir/Command.cpp.o
[282/591] Building CXX object src/git/CMakeFiles/git.dir/git_autogen/mocs_compilation.cpp.o
[283/591] Building CXX object src/git/CMakeFiles/git.dir/Id.cpp.o
[284/591] Building CXX object src/git/CMakeFiles/git.dir/Branch.cpp.o
[285/591] Building CXX object src/conf/CMakeFiles/conf.dir/RecentRepositories.cpp.o
[286/591] Building CXX object dep/scintilla/CMakeFiles/scintilla.dir/lexilla/src/RunStyles.cxx.o
[287/591] Linking CXX static library src/log/libloglib.a
[288/591] Building CXX object dep/scintilla/CMakeFiles/scintilla.dir/lexilla/src/ContractionState.cxx.o
[289/591] Linking C static library test/dep/zip/libzip.a
[290/591] Building CXX object src/git/CMakeFiles/git.dir/Result.cpp.o
[291/591] Building CXX object src/git/CMakeFiles/git.dir/Config.cpp.o
[292/591] Linking CXX executable relauncher
[293/591] Building CXX object src/git/CMakeFiles/git.dir/Object.cpp.o
[294/591] Building CXX object src/git/CMakeFiles/git.dir/Tag.cpp.o
[295/591] Building CXX object src/git/CMakeFiles/git.dir/Rebase.cpp.o
[296/591] Building CXX object dep/scintilla/CMakeFiles/scintilla.dir/lexilla/src/XPM.cxx.o
[297/591] Building CXX object src/git/CMakeFiles/git.dir/Tree.cpp.o
[298/591] Building CXX object src/git/CMakeFiles/git.dir/Filter.cpp.o
[299/591] Building CXX object src/conf/CMakeFiles/conf.dir/Settings.cpp.o
[300/591] Linking CXX static library src/conf/libconf.a
[301/591] Building CXX object src/git/CMakeFiles/git.dir/Signature.cpp.o
/build/gittyup-git/src/Gittyup/src/git/Signature.cpp: In member function ‘QDateTime git::Signature::date() const’:
/build/gittyup-git/src/Gittyup/src/git/Signature.cpp:45:39: warning: ‘static QDateTime QDateTime::fromSecsSinceEpoch(qint64, Qt::TimeSpec, int)’ is deprecated: Pass QTimeZone instead of time-spec, offset [-Wdeprecated-declarations]
   45 |   return QDateTime::fromSecsSinceEpoch(d->when.time, Qt::OffsetFromUTC, offset);
      |          ~~~~~~~~~~~~~~~~~~~~~~~~~~~~~^~~~~~~~~~~~~~~~~~~~~~~~~~~~~~~~~~~~~~~~~
In file included from /usr/include/qt6/QtCore/QDateTime:1,
                 from /build/gittyup-git/src/Gittyup/src/git/Signature.cpp:12:
/usr/include/qt6/QtCore/qdatetime.h:491:22: note: declared here
  491 |     static QDateTime fromSecsSinceEpoch(qint64 secs, Qt::TimeSpec spec, int offsetFromUtc = 0);
      |                      ^~~~~~~~~~~~~~~~~~
[302/591] Building CXX object dep/scintilla/CMakeFiles/scintilla.dir/lexilla/src/ViewStyle.cxx.o
[303/591] Building CXX object src/git/CMakeFiles/git.dir/Reference.cpp.o
[304/591] Building CXX object src/git/CMakeFiles/git.dir/TagRef.cpp.o
[305/591] Building CXX object src/git/CMakeFiles/git.dir/RevWalk.cpp.o
[306/591] Building CXX object src/git/CMakeFiles/git.dir/Diff.cpp.o
[307/591] Building CXX object src/git/CMakeFiles/git.dir/Index.cpp.o
[308/591] Building CXX object src/git/CMakeFiles/git.dir/Submodule.cpp.o
[309/591] Building CXX object dep/scintilla/CMakeFiles/scintilla.dir/lexilla/src/Editor.cxx.o
[310/591] Building CXX object src/git/CMakeFiles/git.dir/Commit.cpp.o
[311/591] Building CXX object src/git/CMakeFiles/git.dir/Patch.cpp.o
[312/591] Building CXX object src/git/CMakeFiles/git.dir/Remote.cpp.o
[313/591] Building CXX object src/git/CMakeFiles/git.dir/Repository.cpp.o
[314/591] Linking CXX static library src/git/libgit.a
[315/591] Automatic MOC for target cred
[316/591] Building CXX object src/cred/CMakeFiles/cred.dir/cred_autogen/mocs_compilation.cpp.o
[317/591] Automatic MOC for target tools
[318/591] Automatic MOC for target plugins
[319/591] Automatic MOC for target watcher
[320/591] Building CXX object src/watcher/CMakeFiles/watcher.dir/watcher_autogen/mocs_compilation.cpp.o
[321/591] Automatic MOC for target update
[322/591] Automatic MOC for target index
[323/591] Building CXX object src/cred/CMakeFiles/cred.dir/Cache.cpp.o
[324/591] Building CXX object src/tools/CMakeFiles/tools.dir/tools_autogen/mocs_compilation.cpp.o
[325/591] Building CXX object src/index/CMakeFiles/index.dir/Lexer.cpp.o
[326/591] Building CXX object src/index/CMakeFiles/index.dir/MmapFileReader.cpp.o
[327/591] Building CXX object src/index/CMakeFiles/index.dir/GenericLexer.cpp.o
[328/591] Building CXX object src/cred/CMakeFiles/cred.dir/GitCredential.cpp.o
[329/591] Building CXX object src/watcher/CMakeFiles/watcher.dir/RepositoryWatcher.cpp.o
[330/591] Building CXX object dep/scintilla/CMakeFiles/scintilla.dir/lexilla/src/Document.cxx.o
/build/gittyup-git/src/Gittyup/dep/scintilla/lexilla/src/Document.cxx: In member function ‘int Scintilla::Document::LenChar(Sci::Position) const’:
/build/gittyup-git/src/Gittyup/dep/scintilla/lexilla/src/Document.cxx:644:38: warning: writing 1 byte into a region of size 0 [-Wstringop-overflow=]
  644 |                         charBytes[b] = cb.UCharAt(pos + b);
      |                         ~~~~~~~~~~~~~^~~~~~~~~~~~~~~~~~~~~
/build/gittyup-git/src/Gittyup/dep/scintilla/lexilla/src/Document.cxx:642:31: note: at offset 4 into destination object ‘charBytes’ of size 4
  642 |                 unsigned char charBytes[UTF8MaxBytes] = { leadByte, 0, 0, 0 };
      |                               ^~~~~~~~~
/build/gittyup-git/src/Gittyup/dep/scintilla/lexilla/src/Document.cxx: In member function ‘Sci::Position Scintilla::Document::NextPosition(Sci::Position, int) const’:
/build/gittyup-git/src/Gittyup/dep/scintilla/lexilla/src/Document.cxx:781:62: warning: writing 1 byte into a region of size 0 [-Wstringop-overflow=]
  781 |                                                 charBytes[b] = cb.CharAt(pos+b);
      |                                                 ~~~~~~~~~~~~~^~~~~~~~~~~~~~~~~~
/build/gittyup-git/src/Gittyup/dep/scintilla/lexilla/src/Document.cxx:779:55: note: at offset 4 into destination object ‘charBytes’ of size 4
  779 |                                         unsigned char charBytes[UTF8MaxBytes] = {leadByte,0,0,0};
      |                                                       ^~~~~~~~~
/build/gittyup-git/src/Gittyup/dep/scintilla/lexilla/src/Document.cxx: In member function ‘Scintilla::Document::CharacterExtracted Scintilla::Document::CharacterAfter(Sci::Position) const’:
/build/gittyup-git/src/Gittyup/dep/scintilla/lexilla/src/Document.cxx:863:38: warning: writing 1 byte into a region of size 0 [-Wstringop-overflow=]
  863 |                         charBytes[b] = cb.UCharAt(position + b);
      |                         ~~~~~~~~~~~~~^~~~~~~~~~~~~~~~~~~~~~~~~~
/build/gittyup-git/src/Gittyup/dep/scintilla/lexilla/src/Document.cxx:861:31: note: at offset 4 into destination object ‘charBytes’ of size 4
  861 |                 unsigned char charBytes[UTF8MaxBytes] = { leadByte, 0, 0, 0 };
      |                               ^~~~~~~~~
/build/gittyup-git/src/Gittyup/dep/scintilla/lexilla/src/Document.cxx: In member function ‘Scintilla::Document::CharacterExtracted Scintilla::Document::_ZNK9Scintilla8Document15CharacterBeforeEl.part.0(Sci::Position) const’:
/build/gittyup-git/src/Gittyup/dep/scintilla/lexilla/src/Document.cxx:902:54: warning: writing 1 byte into a region of size 0 [-Wstringop-overflow=]
  902 |                                         charBytes[b] = cb.UCharAt(startUTF + b);
      |                                         ~~~~~~~~~~~~~^~~~~~~~~~~~~~~~~~~~~~~~~~
/build/gittyup-git/src/Gittyup/dep/scintilla/lexilla/src/Document.cxx:900:47: note: at offset 4 into destination object ‘charBytes’ of size 4
  900 |                                 unsigned char charBytes[UTF8MaxBytes] = { 0, 0, 0, 0 };
      |                                               ^~~~~~~~~
/build/gittyup-git/src/Gittyup/dep/scintilla/lexilla/src/Document.cxx: In member function ‘virtual int Scintilla::Document::GetCharacterAndWidth(Sci_Position, Sci_Position*) const’:
/build/gittyup-git/src/Gittyup/dep/scintilla/lexilla/src/Document.cxx:975:54: warning: writing 1 byte into a region of size 0 [-Wstringop-overflow=]
  975 |                                         charBytes[b] = cb.UCharAt(position+b);
      |                                         ~~~~~~~~~~~~~^~~~~~~~~~~~~~~~~~~~~~~~
/build/gittyup-git/src/Gittyup/dep/scintilla/lexilla/src/Document.cxx:973:47: note: at offset 4 into destination object ‘charBytes’ of size 4
  973 |                                 unsigned char charBytes[UTF8MaxBytes] = {leadByte,0,0,0};
      |                                               ^~~~~~~~~
/build/gittyup-git/src/Gittyup/dep/scintilla/lexilla/src/Document.cxx: In function ‘Sci::Position Scintilla::Document::NextPosition(Sci::Position, int) const’:
/build/gittyup-git/src/Gittyup/dep/scintilla/lexilla/src/Document.cxx:781:62: warning: writing 1 byte into a region of size 0 [-Wstringop-overflow=]
  781 |                                                 charBytes[b] = cb.CharAt(pos+b);
      |                                                 ~~~~~~~~~~~~~^~~~~~~~~~~~~~~~~~
/build/gittyup-git/src/Gittyup/dep/scintilla/lexilla/src/Document.cxx:779:55: note: at offset 4 into destination object ‘charBytes’ of size 4
  779 |                                         unsigned char charBytes[UTF8MaxBytes] = {leadByte,0,0,0};
      |                                                       ^~~~~~~~~
/build/gittyup-git/src/Gittyup/dep/scintilla/lexilla/src/Document.cxx: In member function ‘virtual int Scintilla::Document::_ZThn8_NK9Scintilla8Document20GetCharacterAndWidthElPl(Sci_Position, Sci_Position*) const’:
/build/gittyup-git/src/Gittyup/dep/scintilla/lexilla/src/Document.cxx:975:54: warning: writing 1 byte into a region of size 0 [-Wstringop-overflow=]
  975 |                                         charBytes[b] = cb.UCharAt(position+b);
      |                                         ~~~~~~~~~~~~~^~~~~~~~~~~~~~~~~~~~~~~~
/build/gittyup-git/src/Gittyup/dep/scintilla/lexilla/src/Document.cxx:973:47: note: at offset 4 into destination object ‘charBytes’ of size 4
  973 |                                 unsigned char charBytes[UTF8MaxBytes] = {leadByte,0,0,0};
      |                                               ^~~~~~~~~
In member function ‘Sci::Position Scintilla::Document::NextPosition(Sci::Position, int) const’,
    inlined from ‘Sci::Position Scintilla::Document::CountCharacters(Sci::Position, Sci::Position) const’ at /build/gittyup-git/src/Gittyup/dep/scintilla/lexilla/src/Document.cxx:1569:19:
/build/gittyup-git/src/Gittyup/dep/scintilla/lexilla/src/Document.cxx:781:62: warning: writing 1 byte into a region of size 0 [-Wstringop-overflow=]
  781 |                                                 charBytes[b] = cb.CharAt(pos+b);
      |                                                 ~~~~~~~~~~~~~^~~~~~~~~~~~~~~~~~
/build/gittyup-git/src/Gittyup/dep/scintilla/lexilla/src/Document.cxx: In member function ‘Sci::Position Scintilla::Document::CountCharacters(Sci::Position, Sci::Position) const’:
/build/gittyup-git/src/Gittyup/dep/scintilla/lexilla/src/Document.cxx:779:55: note: at offset 4 into destination object ‘charBytes’ of size 4
  779 |                                         unsigned char charBytes[UTF8MaxBytes] = {leadByte,0,0,0};
      |                                                       ^~~~~~~~~
In member function ‘Sci::Position Scintilla::Document::NextPosition(Sci::Position, int) const’,
    inlined from ‘Sci::Position Scintilla::Document::CountUTF16(Sci::Position, Sci::Position) const’ at /build/gittyup-git/src/Gittyup/dep/scintilla/lexilla/src/Document.cxx:1581:42:
/build/gittyup-git/src/Gittyup/dep/scintilla/lexilla/src/Document.cxx:781:62: warning: writing 1 byte into a region of size 0 [-Wstringop-overflow=]
  781 |                                                 charBytes[b] = cb.CharAt(pos+b);
      |                                                 ~~~~~~~~~~~~~^~~~~~~~~~~~~~~~~~
/build/gittyup-git/src/Gittyup/dep/scintilla/lexilla/src/Document.cxx: In member function ‘Sci::Position Scintilla::Document::CountUTF16(Sci::Position, Sci::Position) const’:
/build/gittyup-git/src/Gittyup/dep/scintilla/lexilla/src/Document.cxx:779:55: note: at offset 4 into destination object ‘charBytes’ of size 4
  779 |                                         unsigned char charBytes[UTF8MaxBytes] = {leadByte,0,0,0};
      |                                                       ^~~~~~~~~
/build/gittyup-git/src/Gittyup/dep/scintilla/lexilla/src/Document.cxx: In member function ‘Scintilla::Document::CharacterExtracted Scintilla::Document::ExtractCharacter(Sci::Position) const’:
/build/gittyup-git/src/Gittyup/dep/scintilla/lexilla/src/Document.cxx:1986:30: warning: writing 1 byte into a region of size 0 [-Wstringop-overflow=]
 1986 |                 charBytes[b] = cb.UCharAt(position + b);
      |                 ~~~~~~~~~~~~~^~~~~~~~~~~~~~~~~~~~~~~~~~
/build/gittyup-git/src/Gittyup/dep/scintilla/lexilla/src/Document.cxx:1984:23: note: at offset 4 into destination object ‘charBytes’ of size 4
 1984 |         unsigned char charBytes[UTF8MaxBytes] = { leadByte, 0, 0, 0 };
      |                       ^~~~~~~~~
In member function ‘int Scintilla::Document::LenChar(Sci::Position) const’,
    inlined from ‘void Scintilla::Document::DelChar(Sci::Position)’ at /build/gittyup-git/src/Gittyup/dep/scintilla/lexilla/src/Document.cxx:1457:26:
/build/gittyup-git/src/Gittyup/dep/scintilla/lexilla/src/Document.cxx:644:38: warning: writing 1 byte into a region of size 0 [-Wstringop-overflow=]
  644 |                         charBytes[b] = cb.UCharAt(pos + b);
      |                         ~~~~~~~~~~~~~^~~~~~~~~~~~~~~~~~~~~
/build/gittyup-git/src/Gittyup/dep/scintilla/lexilla/src/Document.cxx: In member function ‘void Scintilla::Document::DelChar(Sci::Position)’:
/build/gittyup-git/src/Gittyup/dep/scintilla/lexilla/src/Document.cxx:642:31: note: at offset 4 into destination object ‘charBytes’ of size 4
  642 |                 unsigned char charBytes[UTF8MaxBytes] = { leadByte, 0, 0, 0 };
      |                               ^~~~~~~~~
/build/gittyup-git/src/Gittyup/dep/scintilla/lexilla/src/Document.cxx: In member function ‘Sci::Position Scintilla::Document::FindText(Sci::Position, Sci::Position, const char*, int, Sci::Position*)’:
/build/gittyup-git/src/Gittyup/dep/scintilla/lexilla/src/Document.cxx:2067:66: warning: writing 1 byte into a region of size 0 [-Wstringop-overflow=]
 2067 |                                                         bytes[b] = cb.CharAt(posIndexDocument+b);
      |                                                         ~~~~~~~~~^~~~~~~~~~~~~~~~~~~~~~~~~~~~~~~
/build/gittyup-git/src/Gittyup/dep/scintilla/lexilla/src/Document.cxx:2053:30: note: at offset 5 into destination object ‘bytes’ of size 5
 2053 |                         char bytes[UTF8MaxBytes + 1] = "";
      |                              ^~~~~
/build/gittyup-git/src/Gittyup/dep/scintilla/lexilla/src/Document.cxx:2067:66: warning: writing 1 byte into a region of size 0 [-Wstringop-overflow=]
 2067 |                                                         bytes[b] = cb.CharAt(posIndexDocument+b);
      |                                                         ~~~~~~~~~^~~~~~~~~~~~~~~~~~~~~~~~~~~~~~~
/build/gittyup-git/src/Gittyup/dep/scintilla/lexilla/src/Document.cxx:2053:30: note: at offset 5 into destination object ‘bytes’ of size 5
 2053 |                         char bytes[UTF8MaxBytes + 1] = "";
      |                              ^~~~~
[331/591] Building CXX object src/update/CMakeFiles/update.dir/UpToDateDialog.cpp.o
[332/591] Building CXX object src/cred/CMakeFiles/cred.dir/CredentialHelper.cpp.o
[333/591] Building CXX object src/index/CMakeFiles/index.dir/LPegLexer.cpp.o
[334/591] Linking CXX static library dep/scintilla/libscintilla.a
[335/591] Building CXX object src/tools/CMakeFiles/tools.dir/ShowTool.cpp.o
[336/591] Building CXX object src/cred/CMakeFiles/cred.dir/Store.cpp.o
[337/591] Linking CXX static library src/cred/libcred.a
[338/591] Building CXX object src/update/CMakeFiles/update.dir/DownloadDialog.cpp.o
[339/591] Building CXX object src/index/CMakeFiles/index.dir/index_autogen/mocs_compilation.cpp.o
[340/591] Building CXX object src/tools/CMakeFiles/tools.dir/MergeTool.cpp.o
[341/591] Building CXX object src/tools/CMakeFiles/tools.dir/EditTool.cpp.o
[342/591] Building CXX object src/update/CMakeFiles/update.dir/update_autogen/mocs_compilation.cpp.o
[343/591] Building CXX object src/tools/CMakeFiles/tools.dir/DiffTool.cpp.o
[344/591] Automatic MOC for target editor
[345/591] Automatic MOC for target host
[346/591] Building CXX object src/update/CMakeFiles/update.dir/UpdateDialog.cpp.o
[347/591] Building CXX object src/tools/CMakeFiles/tools.dir/ExternalTool.cpp.o
[348/591] Linking CXX static library src/tools/libtools.a
[349/591] Building CXX object src/index/CMakeFiles/index.dir/IndexModel.cpp.o
[350/591] Building CXX object src/watcher/CMakeFiles/watcher.dir/RepositoryWatcher_linux.cpp.o
[351/591] Linking CXX static library src/watcher/libwatcher.a
[352/591] Building CXX object src/index/CMakeFiles/lexer_test.dir/lexer_test.cpp.o
[353/591] Building CXX object src/update/CMakeFiles/update.dir/Updater.cpp.o
[354/591] Linking CXX static library src/update/libupdate.a
[355/591] Building CXX object src/index/CMakeFiles/index_test.dir/index_test.cpp.o
[356/591] Building CXX object src/host/CMakeFiles/host.dir/Repository.cpp.o
[357/591] Building CXX object src/host/CMakeFiles/host.dir/Beanstalk.cpp.o
[358/591] Building CXX object src/host/CMakeFiles/host.dir/Accounts.cpp.o
[359/591] Building CXX object src/host/CMakeFiles/host.dir/GitLab.cpp.o
[360/591] Building CXX object src/host/CMakeFiles/host.dir/Bitbucket.cpp.o
[361/591] Building CXX object src/index/CMakeFiles/index.dir/Query.cpp.o
[362/591] Building CXX object src/host/CMakeFiles/host.dir/host_autogen/mocs_compilation.cpp.o
[363/591] Building CXX object src/host/CMakeFiles/host.dir/Account.cpp.o
[364/591] Building CXX object src/host/CMakeFiles/host.dir/Gitea.cpp.o
[365/591] Building CXX object src/host/CMakeFiles/host.dir/GitHub.cpp.o
[366/591] Linking CXX static library src/host/libhost.a
[367/591] Building CXX object src/index/CMakeFiles/index.dir/Index.cpp.o
[368/591] Linking CXX static library src/index/libindex.a
[369/591] Linking CXX executable src/index/lexer_test
[370/591] Linking CXX executable src/index/index_test
[371/591] Building CXX object src/index/CMakeFiles/indexer.dir/indexer.cpp.o
/build/gittyup-git/src/Gittyup/src/index/indexer.cpp: In function ‘void {anonymous}::term(int)’:
/build/gittyup-git/src/Gittyup/src/index/indexer.cpp:101:8: warning: ignoring return value of ‘ssize_t write(int, const void*, size_t)’ declared with attribute ‘warn_unused_result’ [-Wunused-result]
  101 |   write(fds[0], &ch, sizeof(ch));
      |   ~~~~~^~~~~~~~~~~~~~~~~~~~~~~~~
/build/gittyup-git/src/Gittyup/src/index/indexer.cpp: In lambda function:
/build/gittyup-git/src/Gittyup/src/index/indexer.cpp:409:13: warning: ignoring return value of ‘ssize_t read(int, void*, size_t)’ declared with attribute ‘warn_unused_result’ [-Wunused-result]
  409 |         read(fds[1], &ch, sizeof(ch));
      |         ~~~~^~~~~~~~~~~~~~~~~~~~~~~~~
[372/591] Linking CXX executable indexer
[373/591] Automatic MOC for target dialogs
[374/591] Building CXX object src/dialogs/CMakeFiles/dialogs.dir/IconLabel.cpp.o
[375/591] Building CXX object src/dialogs/CMakeFiles/dialogs.dir/AddRemoteDialog.cpp.o
[376/591] Building CXX object src/dialogs/CMakeFiles/dialogs.dir/RebaseConflictDialog.cpp.o
[377/591] Building CXX object src/dialogs/CMakeFiles/dialogs.dir/RemoteTableModel.cpp.o
[378/591] Building CXX object src/dialogs/CMakeFiles/dialogs.dir/CommitDialog.cpp.o
[379/591] Building CXX object src/dialogs/CMakeFiles/dialogs.dir/BranchTableModel.cpp.o
[380/591] Building CXX object src/dialogs/CMakeFiles/dialogs.dir/AboutDialog.cpp.o
[381/591] Building CXX object src/dialogs/CMakeFiles/dialogs.dir/BranchDelegate.cpp.o
[382/591] Building CXX object src/dialogs/CMakeFiles/dialogs.dir/ExternalToolsDialog.cpp.o
[383/591] Building CXX object src/dialogs/CMakeFiles/dialogs.dir/CheckoutDialog.cpp.o
[384/591] Building CXX object src/dialogs/CMakeFiles/dialogs.dir/ExternalToolsModel.cpp.o
[385/591] Building CXX object src/dialogs/CMakeFiles/dialogs.dir/NewBranchDialog.cpp.o
[386/591] Building CXX object src/dialogs/CMakeFiles/dialogs.dir/AmendDialog.cpp.o
[387/591] Building CXX object src/dialogs/CMakeFiles/dialogs.dir/AccountDialog.cpp.o
[388/591] Building CXX object src/dialogs/CMakeFiles/dialogs.dir/MergeDialog.cpp.o
[389/591] Building CXX object src/dialogs/CMakeFiles/dialogs.dir/RenameBranchDialog.cpp.o
[390/591] Building CXX object src/dialogs/CMakeFiles/dialogs.dir/DiffPanel.cpp.o
[391/591] Building CXX object src/dialogs/CMakeFiles/dialogs.dir/PluginsPanel.cpp.o
[392/591] Building CXX object src/dialogs/CMakeFiles/dialogs.dir/HotkeysPanel.cpp.o
[393/591] Building CXX object src/dialogs/CMakeFiles/dialogs.dir/RemoteDialog.cpp.o
[394/591] Building CXX object src/dialogs/CMakeFiles/dialogs.dir/PullRequestDialog.cpp.o
[395/591] Building CXX object src/dialogs/CMakeFiles/dialogs.dir/dialogs_autogen/mocs_compilation.cpp.o
[396/591] Building CXX object src/dialogs/CMakeFiles/dialogs.dir/SubmoduleDelegate.cpp.o
[397/591] Building CXX object src/dialogs/CMakeFiles/dialogs.dir/SubmoduleTableModel.cpp.o
[398/591] Building CXX object src/dialogs/CMakeFiles/dialogs.dir/ThemeDialog.cpp.o
[399/591] Building CXX object src/dialogs/CMakeFiles/dialogs.dir/DeleteBranchDialog.cpp.o
[400/591] Building CXX object src/dialogs/CMakeFiles/dialogs.dir/TagDialog.cpp.o
[401/591] Building CXX object src/dialogs/CMakeFiles/dialogs.dir/DeleteTagDialog.cpp.o
[402/591] Building CXX object src/dialogs/CMakeFiles/dialogs.dir/UpdateSubmodulesDialog.cpp.o
[403/591] Building CXX object src/dialogs/CMakeFiles/dialogs.dir/CloneDialog.cpp.o
[404/591] Building CXX object src/dialogs/CMakeFiles/dialogs.dir/StartDialog.cpp.o
[405/591] Building CXX object src/dialogs/CMakeFiles/dialogs.dir/ConfigDialog.cpp.o
[406/591] Building CXX object src/dialogs/CMakeFiles/dialogs.dir/SettingsDialog.cpp.o
[407/591] Linking CXX static library src/dialogs/libdialogs.a
[408/591] Automatic MOC for target ui
[409/591] Building CXX object src/editor/CMakeFiles/editor.dir/LexLPeg.cpp.o
[410/591] Building CXX object src/ui/CMakeFiles/ui.dir/ExpandButton.cpp.o
[411/591] Building CXX object src/ui/CMakeFiles/ui.dir/ContextMenuButton.cpp.o
[412/591] Building CXX object src/editor/CMakeFiles/editor.dir/PlatQt.cpp.o
[413/591] Building CXX object src/ui/CMakeFiles/ui.dir/DiffView/Images.cpp.o
[414/591] Building CXX object src/ui/CMakeFiles/ui.dir/EditorWindow.cpp.o
[415/591] Building CXX object src/ui/CMakeFiles/ui.dir/DiffView/Comment.cpp.o
[416/591] Building CXX object src/editor/CMakeFiles/editor.dir/editor_autogen/mocs_compilation.cpp.o
[417/591] Building CXX object src/ui/CMakeFiles/ui.dir/Badge.cpp.o
[418/591] Building CXX object src/editor/CMakeFiles/editor.dir/ScintillaIFace.cpp.o
[419/591] Building CXX object src/ui/CMakeFiles/ui.dir/ColumnView.cpp.o
[420/591] Building CXX object src/ui/CMakeFiles/ui.dir/DiffView/EditButton.cpp.o
[421/591] Building CXX object src/editor/CMakeFiles/editor.dir/ScintillaQt.cpp.o
[422/591] Building CXX object src/ui/CMakeFiles/ui.dir/BlameMargin.cpp.o
[423/591] Building CXX object src/editor/CMakeFiles/editor.dir/TextEditor.cpp.o
[424/591] Building CXX object src/ui/CMakeFiles/ui.dir/DiffView/FileLabel.cpp.o
[425/591] Building CXX object src/ui/CMakeFiles/ui.dir/CommitToolBar.cpp.o
[426/591] Building CXX object src/ui/CMakeFiles/ui.dir/IgnoreDialog.cpp.o
[427/591] Building CXX object src/ui/CMakeFiles/ui.dir/Footer.cpp.o
[428/591] Building CXX object src/ui/CMakeFiles/ui.dir/ProgressIndicator.cpp.o
[429/591] Building CXX object src/ui/CMakeFiles/ui.dir/FindWidget.cpp.o
[430/591] Building CXX object src/ui/CMakeFiles/ui.dir/AdvancedSearchWidget.cpp.o
[431/591] Building CXX object src/ui/CMakeFiles/ui.dir/DoubleTreeWidget.cpp.o
[432/591] Building CXX object src/ui/CMakeFiles/ui.dir/HotkeyManager.cpp.o
[433/591] Building CXX object src/ui/CMakeFiles/ui.dir/BlameEditor.cpp.o
[434/591] Building CXX object src/ui/CMakeFiles/ui.dir/Location.cpp.o
[435/591] Building CXX object src/ui/CMakeFiles/ui.dir/DiffView/FileWidget.cpp.o
/build/gittyup-git/src/Gittyup/src/ui/DiffView/FileWidget.cpp: In constructor ‘FileWidget::FileWidget(DiffView*, const git::Diff&, const git::Patch&, const git::Patch&, QModelIndex, const QString&, const QString&, bool, QWidget*)’:
/build/gittyup-git/src/Gittyup/src/ui/DiffView/FileWidget.cpp:397:45: warning: ‘void QCheckBox::stateChanged(int)’ is deprecated: Use checkStateChanged() instead [-Wdeprecated-declarations]
  397 |       connect(mHeader->check(), &QCheckBox::stateChanged, [this](int state) {
      |                                             ^~~~~~~~~~~~
In file included from /usr/include/qt6/QtWidgets/QCheckBox:1,
                 from /build/gittyup-git/src/Gittyup/src/ui/DiffView/HunkWidget.h:5,
                 from /build/gittyup-git/src/Gittyup/src/ui/DiffView/FileWidget.cpp:8:
/usr/include/qt6/QtWidgets/qcheckbox.h:41:10: note: declared here
   41 |     void stateChanged(int);
      |          ^~~~~~~~~~~~
[436/591] Building CXX object src/ui/CMakeFiles/ui.dir/IndexCompleter.cpp.o
[437/591] Building CXX object src/ui/CMakeFiles/ui.dir/History.cpp.o
[438/591] Building CXX object src/ui/CMakeFiles/ui.dir/ReferenceList.cpp.o
[439/591] Building CXX object src/ui/CMakeFiles/ui.dir/PathspecWidget.cpp.o
[440/591] Building CXX object src/ui/CMakeFiles/ui.dir/DiffView/DiffView.cpp.o
[441/591] Building CXX object src/ui/CMakeFiles/ui.dir/CommitEditor.cpp.o
/build/gittyup-git/src/Gittyup/src/ui/CommitEditor.cpp: In constructor ‘CommitEditor::CommitEditor(const git::Repository&, QWidget*)’:
/build/gittyup-git/src/Gittyup/src/ui/CommitEditor.cpp:318:62: warning: ‘QLocale::Country QLocale::country() const’ is deprecated: Use territory() instead [-Wdeprecated-declarations]
  318 |     QString country = QLocale::countryToString(locale.country());
      |                                                ~~~~~~~~~~~~~~^~
In file included from /usr/include/qt6/QtCore/qcalendar.h:10,
                 from /usr/include/qt6/QtCore/qdatetime.h:8,
                 from /usr/include/qt6/QtCore/qdirlisting.h:12,
                 from /usr/include/qt6/QtCore/qdir.h:9,
                 from /usr/include/qt6/QtCore/QDir:1,
                 from /build/gittyup-git/src/Gittyup/src/git/Repository.h:25,
                 from /build/gittyup-git/src/Gittyup/src/ui/CommitEditor.h:4,
                 from /build/gittyup-git/src/Gittyup/src/ui/CommitEditor.cpp:1:
/usr/include/qt6/QtCore/qlocale.h:937:13: note: declared here
  937 |     Country country() const;
      |             ^~~~~~~
/build/gittyup-git/src/Gittyup/src/ui/CommitEditor.cpp:318:47: warning: ‘static QString QLocale::countryToString(Country)’ is deprecated: Use territoryToString(Territory) instead [-Wdeprecated-declarations]
  318 |     QString country = QLocale::countryToString(locale.country());
      |                       ~~~~~~~~~~~~~~~~~~~~~~~~^~~~~~~~~~~~~~~~~~
/usr/include/qt6/QtCore/qlocale.h:1144:20: note: declared here
 1144 |     static QString countryToString(Country country);
      |                    ^~~~~~~~~~~~~~~
[442/591] Building CXX object src/ui/CMakeFiles/ui.dir/StateAction.cpp.o
[443/591] Building CXX object src/ui/CMakeFiles/ui.dir/StatePushButton.cpp.o
[444/591] Building CXX object src/ui/CMakeFiles/ui.dir/ReferenceWidget.cpp.o
[445/591] Building CXX object src/ui/CMakeFiles/ui.dir/TabBar.cpp.o
[446/591] Linking CXX static library src/editor/libeditor.a
[447/591] Building CXX object src/ui/CMakeFiles/ui.dir/SearchField.cpp.o
[448/591] Building CXX object src/ui/CMakeFiles/ui.dir/SpellChecker.cpp.o
[449/591] Building CXX object src/ui/CMakeFiles/ui.dir/FileContextMenu.cpp.o
[450/591] Building CXX object src/ui/CMakeFiles/ui.dir/ui_autogen/mocs_compilation.cpp.o
[451/591] Building CXX object src/ui/CMakeFiles/ui.dir/ReferenceView.cpp.o
[452/591] Building CXX object src/ui/CMakeFiles/ui.dir/ReferenceModel.cpp.o
[453/591] Building CXX object src/ui/CMakeFiles/ui.dir/ConfigKeys.cpp.o
[454/591] Building CXX object src/ui/CMakeFiles/ui.dir/DetailView.cpp.o
[455/591] Building CXX object src/ui/CMakeFiles/ui.dir/DiffView/HunkWidget.cpp.o
[456/591] Building CXX object src/ui/CMakeFiles/ui.dir/TemplateButton.cpp.o
[457/591] Building CXX object src/ui/CMakeFiles/ui.dir/TreeProxy.cpp.o
[458/591] Building CXX object src/ui/CMakeFiles/ui.dir/MainWindow.cpp.o
[459/591] Building CXX object src/plugins/CMakeFiles/plugins.dir/plugins_autogen/mocs_compilation.cpp.o
[460/591] Building CXX object src/ui/CMakeFiles/ui.dir/TabWidget.cpp.o
[461/591] Building CXX object src/ui/CMakeFiles/ui.dir/TreeModel.cpp.o
[462/591] Building CXX object src/ui/CMakeFiles/ui.dir/TemplateDialog.cpp.o
[463/591] Building CXX object src/ui/CMakeFiles/ui.dir/RemoteCallbacks.cpp.o
[464/591] Building CXX object src/ui/CMakeFiles/ui.dir/ViewDelegate.cpp.o
[465/591] Building CXX object src/ui/CMakeFiles/ui.dir/MenuBar.cpp.o
[466/591] Building CXX object src/ui/CMakeFiles/ui.dir/TreeView.cpp.o
[467/591] Building CXX object src/ui/CMakeFiles/ui.dir/TreeWidget.cpp.o
[468/591] Building CXX object src/ui/CMakeFiles/ui.dir/DiffTreeModel.cpp.o
[469/591] Building CXX object src/ui/CMakeFiles/ui.dir/ToolBar.cpp.o
[470/591] Building CXX object src/ui/CMakeFiles/ui.dir/SideBar.cpp.o
[471/591] Building CXX object src/ui/CMakeFiles/ui.dir/CommitList.cpp.o
[472/591] Building CXX object src/plugins/CMakeFiles/plugins.dir/Plugin.cpp.o
[473/591] Building CXX object src/ui/CMakeFiles/ui.dir/RepoView.cpp.o
[474/591] Linking CXX static library src/ui/libui.a
[475/591] Linking CXX static library src/plugins/libplugins.a
[476/591] Automatic MOC for target app
[477/591] Generating qrc_resources.cpp
[478/591] Building CXX object src/app/CMakeFiles/app.dir/qrc_resources.cpp.o
[479/591] Building CXX object src/app/CMakeFiles/app.dir/app_autogen/mocs_compilation.cpp.o
[480/591] Building CXX object src/app/CMakeFiles/gittyup.dir/Gittyup.cpp.o
[481/591] Building CXX object src/app/CMakeFiles/app.dir/Theme.cpp.o
[482/591] Building CXX object src/app/CMakeFiles/app.dir/CustomTheme.cpp.o
[483/591] Building CXX object test/CMakeFiles/testlib.dir/Test.cpp.o
[484/591] Building CXX object src/app/CMakeFiles/app.dir/Application.cpp.o
[485/591] Linking CXX static library src/app/libapp.a
[486/591] Linking CXX static library test/libtestlib.a
[487/591] Automatic MOC for target test_Diff
[488/591] Automatic MOC for target test_CommitAuthorCommitter
[489/591] Building CXX object test/CMakeFiles/test_Diff.dir/test_Diff_autogen/mocs_compilation.cpp.o
[490/591] Automatic MOC for target test_store
[491/591] Automatic MOC for target test_referencelist
[492/591] Automatic MOC for target test_branches_panel
[493/591] Automatic MOC for target test_external_tools_dialog
[494/591] Automatic MOC for target test_SshConfig
[495/591] Automatic MOC for target test_line_endings
[496/591] Automatic MOC for target test_Setting
[497/591] Automatic MOC for target test_commitMessageTemplate
[498/591] Automatic MOC for target test_commitEditor
[499/591] Building CXX object test/CMakeFiles/test_CommitAuthorCommitter.dir/test_CommitAuthorCommitter_autogen/mocs_compilation.cpp.o
[500/591] Building CXX object test/CMakeFiles/test_branches_panel.dir/test_branches_panel_autogen/mocs_compilation.cpp.o
[501/591] Building CXX object test/CMakeFiles/test_line_endings.dir/test_line_endings_autogen/mocs_compilation.cpp.o
[502/591] Building CXX object test/CMakeFiles/test_external_tools_dialog.dir/test_external_tools_dialog_autogen/mocs_compilation.cpp.o
[503/591] Building CXX object test/CMakeFiles/test_store.dir/test_store_autogen/mocs_compilation.cpp.o
[504/591] Building CXX object test/CMakeFiles/test_referencelist.dir/test_referencelist_autogen/mocs_compilation.cpp.o
[505/591] Automatic MOC for target test_index
[506/591] Automatic MOC for target test_main_window
[507/591] Building CXX object test/CMakeFiles/test_SshConfig.dir/test_SshConfig_autogen/mocs_compilation.cpp.o
[508/591] Building CXX object test/CMakeFiles/test_Setting.dir/test_Setting_autogen/mocs_compilation.cpp.o
[509/591] Building CXX object test/CMakeFiles/test_index.dir/test_index_autogen/mocs_compilation.cpp.o
[510/591] Building CXX object test/CMakeFiles/test_main_window.dir/test_main_window_autogen/mocs_compilation.cpp.o
[511/591] Automatic MOC for target test_Submodule
[512/591] Building CXX object test/CMakeFiles/test_commitMessageTemplate.dir/test_commitMessageTemplate_autogen/mocs_compilation.cpp.o
[513/591] Automatic MOC for target test_new_branch_dialog
[514/591] Building CXX object test/CMakeFiles/test_Submodule.dir/test_Submodule_autogen/mocs_compilation.cpp.o
[515/591] Automatic MOC for target test_sanity
[516/591] Automatic MOC for target test_bare_repo
[517/591] Building CXX object test/CMakeFiles/test_new_branch_dialog.dir/test_new_branch_dialog_autogen/mocs_compilation.cpp.o
[518/591] Building CXX object test/CMakeFiles/test_bare_repo.dir/test_bare_repo_autogen/mocs_compilation.cpp.o
[519/591] Automatic MOC for target test_merge
[520/591] Building CXX object test/CMakeFiles/test_sanity.dir/test_sanity_autogen/mocs_compilation.cpp.o
[521/591] Building CXX object test/CMakeFiles/test_merge.dir/test_merge_autogen/mocs_compilation.cpp.o
[522/591] Automatic MOC for target test_fileContextMenu
[523/591] Automatic MOC for target test_EditorLineInfos
[524/591] Automatic MOC for target test_amend
[525/591] Building CXX object test/CMakeFiles/test_fileContextMenu.dir/test_fileContextMenu_autogen/mocs_compilation.cpp.o
[526/591] Automatic MOC for target test_editor
[527/591] Building CXX object test/CMakeFiles/test_EditorLineInfos.dir/test_EditorLineInfos_autogen/mocs_compilation.cpp.o
[528/591] Building CXX object test/CMakeFiles/test_editor.dir/test_editor_autogen/mocs_compilation.cpp.o
[529/591] Building CXX object test/CMakeFiles/test_amend.dir/test_amend_autogen/mocs_compilation.cpp.o
[530/591] Automatic MOC for target test_init_repo
[531/591] Building CXX object test/CMakeFiles/test_init_repo.dir/test_init_repo_autogen/mocs_compilation.cpp.o
[532/591] Automatic MOC for target test_log
[533/591] Automatic MOC for target test_rebase
[534/591] Building CXX object test/CMakeFiles/test_log.dir/test_log_autogen/mocs_compilation.cpp.o
[535/591] Building CXX object test/CMakeFiles/test_rebase.dir/test_rebase_autogen/mocs_compilation.cpp.o
[536/591] Automatic MOC for target test_TreeView
[537/591] Building CXX object test/CMakeFiles/test_TreeView.dir/test_TreeView_autogen/mocs_compilation.cpp.o
[538/591] Linking CXX executable gittyup
[539/591] Building CXX object test/CMakeFiles/test_commitEditor.dir/test_commitEditor_autogen/mocs_compilation.cpp.o
[540/591] Building CXX object test/CMakeFiles/test_Diff.dir/Diff.cpp.o
[541/591] Building CXX object test/CMakeFiles/test_main_window.dir/main_window.cpp.o
[542/591] Building CXX object test/CMakeFiles/test_line_endings.dir/line_endings.cpp.o
[543/591] Building CXX object test/CMakeFiles/test_sanity.dir/sanity.cpp.o
[544/591] Building CXX object test/CMakeFiles/test_external_tools_dialog.dir/external_tools_dialog.cpp.o
[545/591] Building CXX object test/CMakeFiles/test_branches_panel.dir/branches_panel.cpp.o
[546/591] Building CXX object test/CMakeFiles/test_bare_repo.dir/bare_repo.cpp.o
[547/591] Building CXX object test/CMakeFiles/test_store.dir/store.cpp.o
[548/591] Building CXX object test/CMakeFiles/test_editor.dir/editor.cpp.o
[549/591] Building CXX object test/CMakeFiles/test_new_branch_dialog.dir/new_branch_dialog.cpp.o
[550/591] Building CXX object test/CMakeFiles/test_commitMessageTemplate.dir/commitMessageTemplate.cpp.o
[551/591] Building CXX object test/CMakeFiles/test_CommitAuthorCommitter.dir/CommitAuthorCommitter.cpp.o
[552/591] Building CXX object test/CMakeFiles/test_referencelist.dir/referencelist.cpp.o
[553/591] Building CXX object test/CMakeFiles/test_index.dir/index.cpp.o
[554/591] Building CXX object test/CMakeFiles/test_Submodule.dir/Submodule.cpp.o
[555/591] Building CXX object test/CMakeFiles/test_SshConfig.dir/SshConfig.cpp.o
[556/591] Building CXX object test/CMakeFiles/test_log.dir/log.cpp.o
[557/591] Building CXX object test/CMakeFiles/test_Setting.dir/Setting.cpp.o
[558/591] Building CXX object test/CMakeFiles/test_init_repo.dir/init_repo.cpp.o
[559/591] Building CXX object test/CMakeFiles/test_merge.dir/merge.cpp.o
[560/591] Building CXX object test/CMakeFiles/test_commitEditor.dir/commitEditor.cpp.o
[561/591] Building CXX object test/CMakeFiles/test_amend.dir/amend.cpp.o
[562/591] Linking CXX executable test/Diff
[563/591] Linking CXX executable test/main_window
[564/591] Building CXX object test/CMakeFiles/test_TreeView.dir/TreeView.cpp.o
[565/591] Linking CXX executable test/line_endings
[566/591] Building CXX object test/CMakeFiles/test_fileContextMenu.dir/fileContextMenu.cpp.o
[567/591] Building CXX object test/CMakeFiles/test_rebase.dir/rebase.cpp.o
[568/591] Linking CXX executable test/sanity
[569/591] Linking CXX executable test/branches_panel
[570/591] Linking CXX executable test/store
[571/591] Linking CXX executable test/external_tools_dialog
[572/591] Linking CXX executable test/editor
[573/591] Linking CXX executable test/bare_repo
[574/591] Linking CXX executable test/commitMessageTemplate
[575/591] Linking CXX executable test/index
[576/591] Linking CXX executable test/referencelist
[577/591] Linking CXX executable test/new_branch_dialog
[578/591] Linking CXX executable test/Submodule
[579/591] Linking CXX executable test/log
[580/591] Linking CXX executable test/CommitAuthorCommitter
[581/591] Linking CXX executable test/SshConfig
[582/591] Linking CXX executable test/Setting
[583/591] Linking CXX executable test/init_repo
[584/591] Linking CXX executable test/merge
[585/591] Linking CXX executable test/amend
[586/591] Linking CXX executable test/commitEditor
[587/591] Linking CXX executable test/TreeView
[588/591] Linking CXX executable test/rebase
[589/591] Linking CXX executable test/fileContextMenu
[590/591] Building CXX object test/CMakeFiles/test_EditorLineInfos.dir/EditorLineInfos.cpp.o
[591/591] Linking CXX executable test/EditorLineInfos
