ninja: Entering directory `build'
[1/2] Create appdata file
[1/2] Install the project...
-- Install configuration: "Release"
-- Installing: /build/gittyup-git/pkg/gittyup-git/usr/lib/gittyup/lib/pkgconfig/libgit2.pc
-- Installing: /build/gittyup-git/pkg/gittyup-git/usr/lib/gittyup/lib/cmake/libgit2/libgit2Config.cmake
-- Installing: /build/gittyup-git/pkg/gittyup-git/usr/lib/gittyup/lib/cmake/libgit2/libgit2ConfigVersion.cmake
-- Installing: /build/gittyup-git/pkg/gittyup-git/usr/lib/gittyup/lib/cmake/libgit2/libgit2Targets.cmake
-- Installing: /build/gittyup-git/pkg/gittyup-git/usr/lib/gittyup/lib/cmake/libgit2/libgit2Targets-release.cmake
-- Installing: /build/gittyup-git/pkg/gittyup-git/usr/lib/gittyup/lib/libgit2.a
-- Installing: /build/gittyup-git/pkg/gittyup-git/usr/lib/gittyup/include/git2
-- Installing: /build/gittyup-git/pkg/gittyup-git/usr/lib/gittyup/include/git2/config.h
-- Installing: /build/gittyup-git/pkg/gittyup-git/usr/lib/gittyup/include/git2/sys
-- Installing: /build/gittyup-git/pkg/gittyup-git/usr/lib/gittyup/include/git2/sys/config.h
-- Installing: /build/gittyup-git/pkg/gittyup-git/usr/lib/gittyup/include/git2/sys/index.h
-- Installing: /build/gittyup-git/pkg/gittyup-git/usr/lib/gittyup/include/git2/sys/commit_graph.h
-- Installing: /build/gittyup-git/pkg/gittyup-git/usr/lib/gittyup/include/git2/sys/path.h
-- Installing: /build/gittyup-git/pkg/gittyup-git/usr/lib/gittyup/include/git2/sys/refs.h
-- Installing: /build/gittyup-git/pkg/gittyup-git/usr/lib/gittyup/include/git2/sys/commit.h
-- Installing: /build/gittyup-git/pkg/gittyup-git/usr/lib/gittyup/include/git2/sys/midx.h
-- Installing: /build/gittyup-git/pkg/gittyup-git/usr/lib/gittyup/include/git2/sys/credential.h
-- Installing: /build/gittyup-git/pkg/gittyup-git/usr/lib/gittyup/include/git2/sys/repository.h
-- Installing: /build/gittyup-git/pkg/gittyup-git/usr/lib/gittyup/include/git2/sys/filter.h
-- Installing: /build/gittyup-git/pkg/gittyup-git/usr/lib/gittyup/include/git2/sys/email.h
-- Installing: /build/gittyup-git/pkg/gittyup-git/usr/lib/gittyup/include/git2/sys/cred.h
-- Installing: /build/gittyup-git/pkg/gittyup-git/usr/lib/gittyup/include/git2/sys/odb_backend.h
-- Installing: /build/gittyup-git/pkg/gittyup-git/usr/lib/gittyup/include/git2/sys/errors.h
-- Installing: /build/gittyup-git/pkg/gittyup-git/usr/lib/gittyup/include/git2/sys/remote.h
-- Installing: /build/gittyup-git/pkg/gittyup-git/usr/lib/gittyup/include/git2/sys/stream.h
-- Installing: /build/gittyup-git/pkg/gittyup-git/usr/lib/gittyup/include/git2/sys/mempack.h
-- Installing: /build/gittyup-git/pkg/gittyup-git/usr/lib/gittyup/include/git2/sys/refdb_backend.h
-- Installing: /build/gittyup-git/pkg/gittyup-git/usr/lib/gittyup/include/git2/sys/hashsig.h
-- Installing: /build/gittyup-git/pkg/gittyup-git/usr/lib/gittyup/include/git2/sys/openssl.h
-- Installing: /build/gittyup-git/pkg/gittyup-git/usr/lib/gittyup/include/git2/sys/transport.h
-- Installing: /build/gittyup-git/pkg/gittyup-git/usr/lib/gittyup/include/git2/sys/diff.h
-- Installing: /build/gittyup-git/pkg/gittyup-git/usr/lib/gittyup/include/git2/sys/alloc.h
-- Installing: /build/gittyup-git/pkg/gittyup-git/usr/lib/gittyup/include/git2/sys/merge.h
-- Installing: /build/gittyup-git/pkg/gittyup-git/usr/lib/gittyup/include/git2/index.h
-- Installing: /build/gittyup-git/pkg/gittyup-git/usr/lib/gittyup/include/git2/signature.h
-- Installing: /build/gittyup-git/pkg/gittyup-git/usr/lib/gittyup/include/git2/proxy.h
-- Installing: /build/gittyup-git/pkg/gittyup-git/usr/lib/gittyup/include/git2/blob.h
-- Installing: /build/gittyup-git/pkg/gittyup-git/usr/lib/gittyup/include/git2/branch.h
-- Installing: /build/gittyup-git/pkg/gittyup-git/usr/lib/gittyup/include/git2/revert.h
-- Installing: /build/gittyup-git/pkg/gittyup-git/usr/lib/gittyup/include/git2/odb.h
-- Installing: /build/gittyup-git/pkg/gittyup-git/usr/lib/gittyup/include/git2/strarray.h
-- Installing: /build/gittyup-git/pkg/gittyup-git/usr/lib/gittyup/include/git2/common.h
-- Installing: /build/gittyup-git/pkg/gittyup-git/usr/lib/gittyup/include/git2/indexer.h
-- Installing: /build/gittyup-git/pkg/gittyup-git/usr/lib/gittyup/include/git2/refs.h
-- Installing: /build/gittyup-git/pkg/gittyup-git/usr/lib/gittyup/include/git2/transaction.h
-- Installing: /build/gittyup-git/pkg/gittyup-git/usr/lib/gittyup/include/git2/annotated_commit.h
-- Installing: /build/gittyup-git/pkg/gittyup-git/usr/lib/gittyup/include/git2/stash.h
-- Installing: /build/gittyup-git/pkg/gittyup-git/usr/lib/gittyup/include/git2/cert.h
-- Installing: /build/gittyup-git/pkg/gittyup-git/usr/lib/gittyup/include/git2/object.h
-- Installing: /build/gittyup-git/pkg/gittyup-git/usr/lib/gittyup/include/git2/revwalk.h
-- Installing: /build/gittyup-git/pkg/gittyup-git/usr/lib/gittyup/include/git2/commit.h
-- Installing: /build/gittyup-git/pkg/gittyup-git/usr/lib/gittyup/include/git2/mailmap.h
-- Installing: /build/gittyup-git/pkg/gittyup-git/usr/lib/gittyup/include/git2/status.h
-- Installing: /build/gittyup-git/pkg/gittyup-git/usr/lib/gittyup/include/git2/credential.h
-- Installing: /build/gittyup-git/pkg/gittyup-git/usr/lib/gittyup/include/git2/cherrypick.h
-- Installing: /build/gittyup-git/pkg/gittyup-git/usr/lib/gittyup/include/git2/patch.h
-- Installing: /build/gittyup-git/pkg/gittyup-git/usr/lib/gittyup/include/git2/pathspec.h
-- Installing: /build/gittyup-git/pkg/gittyup-git/usr/lib/gittyup/include/git2/cred_helpers.h
-- Installing: /build/gittyup-git/pkg/gittyup-git/usr/lib/gittyup/include/git2/graph.h
-- Installing: /build/gittyup-git/pkg/gittyup-git/usr/lib/gittyup/include/git2/trace.h
-- Installing: /build/gittyup-git/pkg/gittyup-git/usr/lib/gittyup/include/git2/oidarray.h
-- Installing: /build/gittyup-git/pkg/gittyup-git/usr/lib/gittyup/include/git2/credential_helpers.h
-- Installing: /build/gittyup-git/pkg/gittyup-git/usr/lib/gittyup/include/git2/repository.h
-- Installing: /build/gittyup-git/pkg/gittyup-git/usr/lib/gittyup/include/git2/filter.h
-- Installing: /build/gittyup-git/pkg/gittyup-git/usr/lib/gittyup/include/git2/email.h
-- Installing: /build/gittyup-git/pkg/gittyup-git/usr/lib/gittyup/include/git2/tree.h
-- Installing: /build/gittyup-git/pkg/gittyup-git/usr/lib/gittyup/include/git2/deprecated.h
-- Installing: /build/gittyup-git/pkg/gittyup-git/usr/lib/gittyup/include/git2/net.h
-- Installing: /build/gittyup-git/pkg/gittyup-git/usr/lib/gittyup/include/git2/odb_backend.h
-- Installing: /build/gittyup-git/pkg/gittyup-git/usr/lib/gittyup/include/git2/refdb.h
-- Installing: /build/gittyup-git/pkg/gittyup-git/usr/lib/gittyup/include/git2/experimental.h
-- Installing: /build/gittyup-git/pkg/gittyup-git/usr/lib/gittyup/include/git2/blame.h
-- Installing: /build/gittyup-git/pkg/gittyup-git/usr/lib/gittyup/include/git2/errors.h
-- Installing: /build/gittyup-git/pkg/gittyup-git/usr/lib/gittyup/include/git2/notes.h
-- Installing: /build/gittyup-git/pkg/gittyup-git/usr/lib/gittyup/include/git2/remote.h
-- Installing: /build/gittyup-git/pkg/gittyup-git/usr/lib/gittyup/include/git2/checkout.h
-- Installing: /build/gittyup-git/pkg/gittyup-git/usr/lib/gittyup/include/git2/ignore.h
-- Installing: /build/gittyup-git/pkg/gittyup-git/usr/lib/gittyup/include/git2/revparse.h
-- Installing: /build/gittyup-git/pkg/gittyup-git/usr/lib/gittyup/include/git2/oid.h
-- Installing: /build/gittyup-git/pkg/gittyup-git/usr/lib/gittyup/include/git2/rebase.h
-- Installing: /build/gittyup-git/pkg/gittyup-git/usr/lib/gittyup/include/git2/global.h
-- Installing: /build/gittyup-git/pkg/gittyup-git/usr/lib/gittyup/include/git2/message.h
-- Installing: /build/gittyup-git/pkg/gittyup-git/usr/lib/gittyup/include/git2/clone.h
-- Installing: /build/gittyup-git/pkg/gittyup-git/usr/lib/gittyup/include/git2/buffer.h
-- Installing: /build/gittyup-git/pkg/gittyup-git/usr/lib/gittyup/include/git2/stdint.h
-- Installing: /build/gittyup-git/pkg/gittyup-git/usr/lib/gittyup/include/git2/refspec.h
-- Installing: /build/gittyup-git/pkg/gittyup-git/usr/lib/gittyup/include/git2/reflog.h
-- Installing: /build/gittyup-git/pkg/gittyup-git/usr/lib/gittyup/include/git2/pack.h
-- Installing: /build/gittyup-git/pkg/gittyup-git/usr/lib/gittyup/include/git2/worktree.h
-- Installing: /build/gittyup-git/pkg/gittyup-git/usr/lib/gittyup/include/git2/transport.h
-- Installing: /build/gittyup-git/pkg/gittyup-git/usr/lib/gittyup/include/git2/describe.h
-- Installing: /build/gittyup-git/pkg/gittyup-git/usr/lib/gittyup/include/git2/reset.h
-- Installing: /build/gittyup-git/pkg/gittyup-git/usr/lib/gittyup/include/git2/submodule.h
-- Installing: /build/gittyup-git/pkg/gittyup-git/usr/lib/gittyup/include/git2/attr.h
-- Installing: /build/gittyup-git/pkg/gittyup-git/usr/lib/gittyup/include/git2/diff.h
-- Installing: /build/gittyup-git/pkg/gittyup-git/usr/lib/gittyup/include/git2/types.h
-- Installing: /build/gittyup-git/pkg/gittyup-git/usr/lib/gittyup/include/git2/tag.h
-- Installing: /build/gittyup-git/pkg/gittyup-git/usr/lib/gittyup/include/git2/version.h
-- Installing: /build/gittyup-git/pkg/gittyup-git/usr/lib/gittyup/include/git2/apply.h
-- Installing: /build/gittyup-git/pkg/gittyup-git/usr/lib/gittyup/include/git2/merge.h
-- Installing: /build/gittyup-git/pkg/gittyup-git/usr/lib/gittyup/include/git2/experimental.h
-- Installing: /build/gittyup-git/pkg/gittyup-git/usr/lib/gittyup/include/git2.h
-- Installing: /build/gittyup-git/pkg/gittyup-git/usr/lib/gittyup/git2
-- Installing: /build/gittyup-git/pkg/gittyup-git/usr/lib/gittyup/indexer
-- Set non-toolchain portion of runtime path of "/build/gittyup-git/pkg/gittyup-git/usr/lib/gittyup/indexer" to "$ORIGIN"
-- Installing: /build/gittyup-git/pkg/gittyup-git/usr/lib/gittyup/relauncher
-- Set non-toolchain portion of runtime path of "/build/gittyup-git/pkg/gittyup-git/usr/lib/gittyup/relauncher" to "$ORIGIN"
-- Installing: /build/gittyup-git/pkg/gittyup-git/usr/lib/gittyup/gittyup
-- Set non-toolchain portion of runtime path of "/build/gittyup-git/pkg/gittyup-git/usr/lib/gittyup/gittyup" to "$ORIGIN"
-- Installing: /build/gittyup-git/pkg/gittyup-git/usr/lib/applications/gittyup.desktop
-- Installing: /build/gittyup-git/pkg/gittyup-git/usr/lib/metainfo/gittyup.appdata.xml
-- Installing: /build/gittyup-git/pkg/gittyup-git/usr/lib/Gittyup/changelog.html
-- Installing: /build/gittyup-git/pkg/gittyup-git/usr/lib/Gittyup/acknowledgments.html
-- Installing: /build/gittyup-git/pkg/gittyup-git/usr/lib/Gittyup/privacy.html
-- Installing: /build/gittyup-git/pkg/gittyup-git/usr/lib/Gittyup/plugin.html
-- Installing: /build/gittyup-git/pkg/gittyup-git/usr/lib/Gittyup/emoji.json
-- Installing: /build/gittyup-git/pkg/gittyup-git/usr/lib/Gittyup/mergetools
-- Installing: /build/gittyup-git/pkg/gittyup-git/usr/lib/Gittyup/credential.lua
-- Installing: /build/gittyup-git/pkg/gittyup-git/usr/lib/Gittyup/editor.lua
-- Installing: /build/gittyup-git/pkg/gittyup-git/usr/lib/Gittyup/global.lua
-- Installing: /build/gittyup-git/pkg/gittyup-git/usr/lib/Gittyup/lexers.lua
-- Installing: /build/gittyup-git/pkg/gittyup-git/usr/lib/Gittyup/merge.lua
-- Installing: /build/gittyup-git/pkg/gittyup-git/usr/lib/Gittyup/terminal.lua
-- Installing: /build/gittyup-git/pkg/gittyup-git/usr/lib/Gittyup/update.lua
-- Installing: /build/gittyup-git/pkg/gittyup-git/usr/lib/Gittyup/window.lua
-- Installing: /build/gittyup-git/pkg/gittyup-git/usr/lib/Gittyup/dictionaries/Source.txt
-- Installing: /build/gittyup-git/pkg/gittyup-git/usr/lib/Gittyup/dictionaries/de_DE_frami.aff
-- Installing: /build/gittyup-git/pkg/gittyup-git/usr/lib/Gittyup/dictionaries/de_DE_frami.dic
-- Installing: /build/gittyup-git/pkg/gittyup-git/usr/lib/Gittyup/dictionaries/en_US.aff
-- Installing: /build/gittyup-git/pkg/gittyup-git/usr/lib/Gittyup/dictionaries/en_US.dic
-- Installing: /build/gittyup-git/pkg/gittyup-git/usr/lib/Gittyup/dictionaries/es_ANY.aff
-- Installing: /build/gittyup-git/pkg/gittyup-git/usr/lib/Gittyup/dictionaries/es_ANY.dic
-- Installing: /build/gittyup-git/pkg/gittyup-git/usr/lib/Gittyup/dictionaries/pt_BR.aff
-- Installing: /build/gittyup-git/pkg/gittyup-git/usr/lib/Gittyup/dictionaries/pt_BR.dic
-- Installing: /build/gittyup-git/pkg/gittyup-git/usr/lib/Gittyup/themes/Dark.lua
-- Installing: /build/gittyup-git/pkg/gittyup-git/usr/lib/Gittyup/themes/Default.lua
-- Installing: /build/gittyup-git/pkg/gittyup-git/usr/lib/Gittyup/themes/System.lua
-- Installing: /build/gittyup-git/pkg/gittyup-git/usr/lib/Gittyup/plugins/Banned.lua
-- Installing: /build/gittyup-git/pkg/gittyup-git/usr/lib/Gittyup/plugins/Comments.lua
-- Installing: /build/gittyup-git/pkg/gittyup-git/usr/lib/Gittyup/plugins/Line Length.lua
-- Installing: /build/gittyup-git/pkg/gittyup-git/usr/lib/Gittyup/plugins/Whitespace.lua
-- Installing: /build/gittyup-git/pkg/gittyup-git/usr/lib/Gittyup/plugins/banned.txt
-- Installing: /build/gittyup-git/pkg/gittyup-git/usr/lib/Gittyup/lexers/actionscript.lua
-- Installing: /build/gittyup-git/pkg/gittyup-git/usr/lib/Gittyup/lexers/ada.lua
-- Installing: /build/gittyup-git/pkg/gittyup-git/usr/lib/Gittyup/lexers/ansi_c.lua
-- Installing: /build/gittyup-git/pkg/gittyup-git/usr/lib/Gittyup/lexers/antlr.lua
-- Installing: /build/gittyup-git/pkg/gittyup-git/usr/lib/Gittyup/lexers/apdl.lua
-- Installing: /build/gittyup-git/pkg/gittyup-git/usr/lib/Gittyup/lexers/apl.lua
-- Installing: /build/gittyup-git/pkg/gittyup-git/usr/lib/Gittyup/lexers/applescript.lua
-- Installing: /build/gittyup-git/pkg/gittyup-git/usr/lib/Gittyup/lexers/asm.lua
-- Installing: /build/gittyup-git/pkg/gittyup-git/usr/lib/Gittyup/lexers/asp.lua
-- Installing: /build/gittyup-git/pkg/gittyup-git/usr/lib/Gittyup/lexers/autoit.lua
-- Installing: /build/gittyup-git/pkg/gittyup-git/usr/lib/Gittyup/lexers/awk.lua
-- Installing: /build/gittyup-git/pkg/gittyup-git/usr/lib/Gittyup/lexers/bash.lua
-- Installing: /build/gittyup-git/pkg/gittyup-git/usr/lib/Gittyup/lexers/batch.lua
-- Installing: /build/gittyup-git/pkg/gittyup-git/usr/lib/Gittyup/lexers/bibtex.lua
-- Installing: /build/gittyup-git/pkg/gittyup-git/usr/lib/Gittyup/lexers/boo.lua
-- Installing: /build/gittyup-git/pkg/gittyup-git/usr/lib/Gittyup/lexers/caml.lua
-- Installing: /build/gittyup-git/pkg/gittyup-git/usr/lib/Gittyup/lexers/chuck.lua
-- Installing: /build/gittyup-git/pkg/gittyup-git/usr/lib/Gittyup/lexers/clojure.lua
-- Installing: /build/gittyup-git/pkg/gittyup-git/usr/lib/Gittyup/lexers/cmake.lua
-- Installing: /build/gittyup-git/pkg/gittyup-git/usr/lib/Gittyup/lexers/coffeescript.lua
-- Installing: /build/gittyup-git/pkg/gittyup-git/usr/lib/Gittyup/lexers/container.lua
-- Installing: /build/gittyup-git/pkg/gittyup-git/usr/lib/Gittyup/lexers/context.lua
-- Installing: /build/gittyup-git/pkg/gittyup-git/usr/lib/Gittyup/lexers/cpp.lua
-- Installing: /build/gittyup-git/pkg/gittyup-git/usr/lib/Gittyup/lexers/crystal.lua
-- Installing: /build/gittyup-git/pkg/gittyup-git/usr/lib/Gittyup/lexers/csharp.lua
-- Installing: /build/gittyup-git/pkg/gittyup-git/usr/lib/Gittyup/lexers/css.lua
-- Installing: /build/gittyup-git/pkg/gittyup-git/usr/lib/Gittyup/lexers/cuda.lua
-- Installing: /build/gittyup-git/pkg/gittyup-git/usr/lib/Gittyup/lexers/dart.lua
-- Installing: /build/gittyup-git/pkg/gittyup-git/usr/lib/Gittyup/lexers/desktop.lua
-- Installing: /build/gittyup-git/pkg/gittyup-git/usr/lib/Gittyup/lexers/diff.lua
-- Installing: /build/gittyup-git/pkg/gittyup-git/usr/lib/Gittyup/lexers/django.lua
-- Installing: /build/gittyup-git/pkg/gittyup-git/usr/lib/Gittyup/lexers/dmd.lua
-- Installing: /build/gittyup-git/pkg/gittyup-git/usr/lib/Gittyup/lexers/dockerfile.lua
-- Installing: /build/gittyup-git/pkg/gittyup-git/usr/lib/Gittyup/lexers/dot.lua
-- Installing: /build/gittyup-git/pkg/gittyup-git/usr/lib/Gittyup/lexers/eiffel.lua
-- Installing: /build/gittyup-git/pkg/gittyup-git/usr/lib/Gittyup/lexers/elixir.lua
-- Installing: /build/gittyup-git/pkg/gittyup-git/usr/lib/Gittyup/lexers/elm.lua
-- Installing: /build/gittyup-git/pkg/gittyup-git/usr/lib/Gittyup/lexers/erlang.lua
-- Installing: /build/gittyup-git/pkg/gittyup-git/usr/lib/Gittyup/lexers/fantom.lua
-- Installing: /build/gittyup-git/pkg/gittyup-git/usr/lib/Gittyup/lexers/faust.lua
-- Installing: /build/gittyup-git/pkg/gittyup-git/usr/lib/Gittyup/lexers/fennel.lua
-- Installing: /build/gittyup-git/pkg/gittyup-git/usr/lib/Gittyup/lexers/fish.lua
-- Installing: /build/gittyup-git/pkg/gittyup-git/usr/lib/Gittyup/lexers/forth.lua
-- Installing: /build/gittyup-git/pkg/gittyup-git/usr/lib/Gittyup/lexers/fortran.lua
-- Installing: /build/gittyup-git/pkg/gittyup-git/usr/lib/Gittyup/lexers/fsharp.lua
-- Installing: /build/gittyup-git/pkg/gittyup-git/usr/lib/Gittyup/lexers/fstab.lua
-- Installing: /build/gittyup-git/pkg/gittyup-git/usr/lib/Gittyup/lexers/gap.lua
-- Installing: /build/gittyup-git/pkg/gittyup-git/usr/lib/Gittyup/lexers/gettext.lua
-- Installing: /build/gittyup-git/pkg/gittyup-git/usr/lib/Gittyup/lexers/gherkin.lua
-- Installing: /build/gittyup-git/pkg/gittyup-git/usr/lib/Gittyup/lexers/glsl.lua
-- Installing: /build/gittyup-git/pkg/gittyup-git/usr/lib/Gittyup/lexers/gnuplot.lua
-- Installing: /build/gittyup-git/pkg/gittyup-git/usr/lib/Gittyup/lexers/go.lua
-- Installing: /build/gittyup-git/pkg/gittyup-git/usr/lib/Gittyup/lexers/groovy.lua
-- Installing: /build/gittyup-git/pkg/gittyup-git/usr/lib/Gittyup/lexers/gtkrc.lua
-- Installing: /build/gittyup-git/pkg/gittyup-git/usr/lib/Gittyup/lexers/haskell.lua
-- Installing: /build/gittyup-git/pkg/gittyup-git/usr/lib/Gittyup/lexers/html.lua
-- Installing: /build/gittyup-git/pkg/gittyup-git/usr/lib/Gittyup/lexers/icon.lua
-- Installing: /build/gittyup-git/pkg/gittyup-git/usr/lib/Gittyup/lexers/idl.lua
-- Installing: /build/gittyup-git/pkg/gittyup-git/usr/lib/Gittyup/lexers/inform.lua
-- Installing: /build/gittyup-git/pkg/gittyup-git/usr/lib/Gittyup/lexers/ini.lua
-- Installing: /build/gittyup-git/pkg/gittyup-git/usr/lib/Gittyup/lexers/io_lang.lua
-- Installing: /build/gittyup-git/pkg/gittyup-git/usr/lib/Gittyup/lexers/java.lua
-- Installing: /build/gittyup-git/pkg/gittyup-git/usr/lib/Gittyup/lexers/javascript.lua
-- Installing: /build/gittyup-git/pkg/gittyup-git/usr/lib/Gittyup/lexers/jq.lua
-- Installing: /build/gittyup-git/pkg/gittyup-git/usr/lib/Gittyup/lexers/json.lua
-- Installing: /build/gittyup-git/pkg/gittyup-git/usr/lib/Gittyup/lexers/jsp.lua
-- Installing: /build/gittyup-git/pkg/gittyup-git/usr/lib/Gittyup/lexers/julia.lua
-- Installing: /build/gittyup-git/pkg/gittyup-git/usr/lib/Gittyup/lexers/latex.lua
-- Installing: /build/gittyup-git/pkg/gittyup-git/usr/lib/Gittyup/lexers/ledger.lua
-- Installing: /build/gittyup-git/pkg/gittyup-git/usr/lib/Gittyup/lexers/less.lua
-- Installing: /build/gittyup-git/pkg/gittyup-git/usr/lib/Gittyup/lexers/lexer.lua
-- Installing: /build/gittyup-git/pkg/gittyup-git/usr/lib/Gittyup/lexers/lilypond.lua
-- Installing: /build/gittyup-git/pkg/gittyup-git/usr/lib/Gittyup/lexers/lisp.lua
-- Installing: /build/gittyup-git/pkg/gittyup-git/usr/lib/Gittyup/lexers/litcoffee.lua
-- Installing: /build/gittyup-git/pkg/gittyup-git/usr/lib/Gittyup/lexers/logtalk.lua
-- Installing: /build/gittyup-git/pkg/gittyup-git/usr/lib/Gittyup/lexers/lua.lua
-- Installing: /build/gittyup-git/pkg/gittyup-git/usr/lib/Gittyup/lexers/makefile.lua
-- Installing: /build/gittyup-git/pkg/gittyup-git/usr/lib/Gittyup/lexers/man.lua
-- Installing: /build/gittyup-git/pkg/gittyup-git/usr/lib/Gittyup/lexers/markdown.lua
-- Installing: /build/gittyup-git/pkg/gittyup-git/usr/lib/Gittyup/lexers/matlab.lua
-- Installing: /build/gittyup-git/pkg/gittyup-git/usr/lib/Gittyup/lexers/mediawiki.lua
-- Installing: /build/gittyup-git/pkg/gittyup-git/usr/lib/Gittyup/lexers/meson.lua
-- Installing: /build/gittyup-git/pkg/gittyup-git/usr/lib/Gittyup/lexers/moonscript.lua
-- Installing: /build/gittyup-git/pkg/gittyup-git/usr/lib/Gittyup/lexers/myrddin.lua
-- Installing: /build/gittyup-git/pkg/gittyup-git/usr/lib/Gittyup/lexers/nemerle.lua
-- Installing: /build/gittyup-git/pkg/gittyup-git/usr/lib/Gittyup/lexers/networkd.lua
-- Installing: /build/gittyup-git/pkg/gittyup-git/usr/lib/Gittyup/lexers/nim.lua
-- Installing: /build/gittyup-git/pkg/gittyup-git/usr/lib/Gittyup/lexers/nsis.lua
-- Installing: /build/gittyup-git/pkg/gittyup-git/usr/lib/Gittyup/lexers/null.lua
-- Installing: /build/gittyup-git/pkg/gittyup-git/usr/lib/Gittyup/lexers/objective_c.lua
-- Installing: /build/gittyup-git/pkg/gittyup-git/usr/lib/Gittyup/lexers/pascal.lua
-- Installing: /build/gittyup-git/pkg/gittyup-git/usr/lib/Gittyup/lexers/perl.lua
-- Installing: /build/gittyup-git/pkg/gittyup-git/usr/lib/Gittyup/lexers/php.lua
-- Installing: /build/gittyup-git/pkg/gittyup-git/usr/lib/Gittyup/lexers/pico8.lua
-- Installing: /build/gittyup-git/pkg/gittyup-git/usr/lib/Gittyup/lexers/pike.lua
-- Installing: /build/gittyup-git/pkg/gittyup-git/usr/lib/Gittyup/lexers/pkgbuild.lua
-- Installing: /build/gittyup-git/pkg/gittyup-git/usr/lib/Gittyup/lexers/pony.lua
-- Installing: /build/gittyup-git/pkg/gittyup-git/usr/lib/Gittyup/lexers/powershell.lua
-- Installing: /build/gittyup-git/pkg/gittyup-git/usr/lib/Gittyup/lexers/prolog.lua
-- Installing: /build/gittyup-git/pkg/gittyup-git/usr/lib/Gittyup/lexers/props.lua
-- Installing: /build/gittyup-git/pkg/gittyup-git/usr/lib/Gittyup/lexers/protobuf.lua
-- Installing: /build/gittyup-git/pkg/gittyup-git/usr/lib/Gittyup/lexers/ps.lua
-- Installing: /build/gittyup-git/pkg/gittyup-git/usr/lib/Gittyup/lexers/pure.lua
-- Installing: /build/gittyup-git/pkg/gittyup-git/usr/lib/Gittyup/lexers/python.lua
-- Installing: /build/gittyup-git/pkg/gittyup-git/usr/lib/Gittyup/lexers/rails.lua
-- Installing: /build/gittyup-git/pkg/gittyup-git/usr/lib/Gittyup/lexers/rc.lua
-- Installing: /build/gittyup-git/pkg/gittyup-git/usr/lib/Gittyup/lexers/reason.lua
-- Installing: /build/gittyup-git/pkg/gittyup-git/usr/lib/Gittyup/lexers/rebol.lua
-- Installing: /build/gittyup-git/pkg/gittyup-git/usr/lib/Gittyup/lexers/rest.lua
-- Installing: /build/gittyup-git/pkg/gittyup-git/usr/lib/Gittyup/lexers/rexx.lua
-- Installing: /build/gittyup-git/pkg/gittyup-git/usr/lib/Gittyup/lexers/rhtml.lua
-- Installing: /build/gittyup-git/pkg/gittyup-git/usr/lib/Gittyup/lexers/routeros.lua
-- Installing: /build/gittyup-git/pkg/gittyup-git/usr/lib/Gittyup/lexers/rstats.lua
-- Installing: /build/gittyup-git/pkg/gittyup-git/usr/lib/Gittyup/lexers/ruby.lua
-- Installing: /build/gittyup-git/pkg/gittyup-git/usr/lib/Gittyup/lexers/rust.lua
-- Installing: /build/gittyup-git/pkg/gittyup-git/usr/lib/Gittyup/lexers/sass.lua
-- Installing: /build/gittyup-git/pkg/gittyup-git/usr/lib/Gittyup/lexers/scala.lua
-- Installing: /build/gittyup-git/pkg/gittyup-git/usr/lib/Gittyup/lexers/scheme.lua
-- Installing: /build/gittyup-git/pkg/gittyup-git/usr/lib/Gittyup/lexers/smalltalk.lua
-- Installing: /build/gittyup-git/pkg/gittyup-git/usr/lib/Gittyup/lexers/sml.lua
-- Installing: /build/gittyup-git/pkg/gittyup-git/usr/lib/Gittyup/lexers/snobol4.lua
-- Installing: /build/gittyup-git/pkg/gittyup-git/usr/lib/Gittyup/lexers/spin.lua
-- Installing: /build/gittyup-git/pkg/gittyup-git/usr/lib/Gittyup/lexers/sql.lua
-- Installing: /build/gittyup-git/pkg/gittyup-git/usr/lib/Gittyup/lexers/systemd.lua
-- Installing: /build/gittyup-git/pkg/gittyup-git/usr/lib/Gittyup/lexers/taskpaper.lua
-- Installing: /build/gittyup-git/pkg/gittyup-git/usr/lib/Gittyup/lexers/tcl.lua
-- Installing: /build/gittyup-git/pkg/gittyup-git/usr/lib/Gittyup/lexers/tex.lua
-- Installing: /build/gittyup-git/pkg/gittyup-git/usr/lib/Gittyup/lexers/texinfo.lua
-- Installing: /build/gittyup-git/pkg/gittyup-git/usr/lib/Gittyup/lexers/text.lua
-- Installing: /build/gittyup-git/pkg/gittyup-git/usr/lib/Gittyup/lexers/toml.lua
-- Installing: /build/gittyup-git/pkg/gittyup-git/usr/lib/Gittyup/lexers/txt2tags.lua
-- Installing: /build/gittyup-git/pkg/gittyup-git/usr/lib/Gittyup/lexers/vala.lua
-- Installing: /build/gittyup-git/pkg/gittyup-git/usr/lib/Gittyup/lexers/vb.lua
-- Installing: /build/gittyup-git/pkg/gittyup-git/usr/lib/Gittyup/lexers/vcard.lua
-- Installing: /build/gittyup-git/pkg/gittyup-git/usr/lib/Gittyup/lexers/verilog.lua
-- Installing: /build/gittyup-git/pkg/gittyup-git/usr/lib/Gittyup/lexers/vhdl.lua
-- Installing: /build/gittyup-git/pkg/gittyup-git/usr/lib/Gittyup/lexers/wsf.lua
-- Installing: /build/gittyup-git/pkg/gittyup-git/usr/lib/Gittyup/lexers/xml.lua
-- Installing: /build/gittyup-git/pkg/gittyup-git/usr/lib/Gittyup/lexers/xs.lua
-- Installing: /build/gittyup-git/pkg/gittyup-git/usr/lib/Gittyup/lexers/xtend.lua
-- Installing: /build/gittyup-git/pkg/gittyup-git/usr/lib/Gittyup/lexers/yaml.lua
-- Installing: /build/gittyup-git/pkg/gittyup-git/usr/lib/Gittyup/lexers/zig.lua
-- Installing: /build/gittyup-git/pkg/gittyup-git/usr/lib/gittyup/share/locale/Gittyup/gittyup_de.qm
-- Installing: /build/gittyup-git/pkg/gittyup-git/usr/lib/gittyup/share/locale/Gittyup/gittyup_ru.qm
-- Installing: /build/gittyup-git/pkg/gittyup-git/usr/lib/gittyup/share/locale/Gittyup/gittyup_en.qm
-- Installing: /build/gittyup-git/pkg/gittyup-git/usr/lib/gittyup/share/locale/Gittyup/gittyup_es.qm
-- Installing: /build/gittyup-git/pkg/gittyup-git/usr/lib/gittyup/share/locale/Gittyup/gittyup_ja.qm
-- Installing: /build/gittyup-git/pkg/gittyup-git/usr/lib/gittyup/share/locale/Gittyup/gittyup_pt.qm
-- Installing: /build/gittyup-git/pkg/gittyup-git/usr/lib/gittyup/share/locale/Gittyup/gittyup_pt_BR.qm
-- Installing: /build/gittyup-git/pkg/gittyup-git/usr/lib/gittyup/share/locale/Gittyup/gittyup_zh_CN.qm
-- Installing: /build/gittyup-git/pkg/gittyup-git/usr/lib/gittyup/lib/libQt6XcbQpa.so.6
-- Installing: /build/gittyup-git/pkg/gittyup-git/usr/lib/gittyup/share/icons/hicolor/16x16/apps/gittyup.png
-- Installing: /build/gittyup-git/pkg/gittyup-git/usr/lib/gittyup/share/icons/hicolor/32x32/apps/gittyup.png
-- Installing: /build/gittyup-git/pkg/gittyup-git/usr/lib/gittyup/share/icons/hicolor/64x64/apps/gittyup.png
-- Installing: /build/gittyup-git/pkg/gittyup-git/usr/lib/gittyup/share/icons/hicolor/128x128/apps/gittyup.png
-- Installing: /build/gittyup-git/pkg/gittyup-git/usr/lib/gittyup/share/icons/hicolor/256x256/apps/gittyup.png
-- Installing: /build/gittyup-git/pkg/gittyup-git/usr/lib/gittyup/share/icons/hicolor/512x512/apps/gittyup.png
-- Installing: /build/gittyup-git/pkg/gittyup-git/usr/lib/gittyup/share/icons/hicolor/scalable/apps/gittyup.svg
-- Installing: /build/gittyup-git/pkg/gittyup-git/usr/lib/licenses/Gittyup/LICENSE
-- Installing: /build/gittyup-git/pkg/gittyup-git/usr/lib/gittyup/lib/cmake/zip/zipConfig.cmake
-- Installing: /build/gittyup-git/pkg/gittyup-git/usr/lib/gittyup/lib/cmake/zip/zipConfigVersion.cmake
-- Installing: /build/gittyup-git/pkg/gittyup-git/usr/lib/gittyup/lib/cmake/zip/zipTargets.cmake
-- Installing: /build/gittyup-git/pkg/gittyup-git/usr/lib/gittyup/lib/cmake/zip/zipTargets-release.cmake
-- Installing: /build/gittyup-git/pkg/gittyup-git/usr/lib/gittyup/lib/libzip.a
-- Installing: /build/gittyup-git/pkg/gittyup-git/usr/lib/gittyup/include/zip/zip.h
