Submodule 'dep/cmark/cmark' (https://github.com/commonmark/cmark.git) registered for path 'dep/cmark/cmark'
Submodule 'dep/git/git' (https://github.com/git/git.git) registered for path 'dep/git/git'
Submodule 'dep/hunspell/hunspell' (https://github.com/hunspell/hunspell) registered for path 'dep/hunspell/hunspell'
Submodule 'dep/libgit2/libgit2' (https://github.com/Murmele/libgit2.git) registered for path 'dep/libgit2/libgit2'
Submodule 'dep/libssh2/libssh2' (https://github.com/libssh2/libssh2.git) registered for path 'dep/libssh2/libssh2'
Submodule 'dep/lua/lua' (https://github.com/lua/lua.git) registered for path 'dep/lua/lua'
Submodule 'dep/openssl/openssl' (https://github.com/openssl/openssl.git) registered for path 'dep/openssl/openssl'
Submodule 'dep/scintilla/lexilla' (https://github.com/ScintillaOrg/lexilla.git) registered for path 'dep/scintilla/lexilla'
Submodule 'dep/scintilla/scintillua' (https://github.com/orbitalquark/scintillua.git) registered for path 'dep/scintilla/scintillua'
Submodule 'test/dep/zip' (https://github.com/kuba--/zip.git) registered for path 'test/dep/zip'
Skipping submodule 'dep/cmark/cmark'
Skipping submodule 'dep/git/git'
Skipping submodule 'dep/hunspell/hunspell'
Cloning into '/build/gittyup-git/src/Gittyup/dep/libgit2/libgit2'...
done.
Skipping submodule 'dep/libssh2/libssh2'
Skipping submodule 'dep/lua/lua'
Skipping submodule 'dep/openssl/openssl'
Cloning into '/build/gittyup-git/src/Gittyup/dep/scintilla/lexilla'...
done.
Cloning into '/build/gittyup-git/src/Gittyup/dep/scintilla/scintillua'...
done.
Cloning into '/build/gittyup-git/src/Gittyup/test/dep/zip'...
done.
From /build/gittyup-git/src/gittyup-libgit2
 * branch                1d216661114e4072c8c35c852293774128083c82 -> FETCH_HEAD
Submodule path 'dep/libgit2/libgit2': checked out '1d216661114e4072c8c35c852293774128083c82'
Submodule path 'dep/scintilla/lexilla': checked out '82b21cd1348366a7dc25d57c6de532968da40541'
Submodule path 'dep/scintilla/scintillua': checked out '33d0e3433a2046c1077f6b33fc801caf6bfac7a9'
Submodule path 'test/dep/zip': checked out 'd7a2252a537926cbdef8512741a322a183fcfd09'
