-- The C compiler identification is GNU 15.2.1
-- The CXX compiler identification is GNU 15.2.1
-- Detecting C compiler ABI info
-- Detecting C compiler ABI info - done
-- Check for working C compiler: /usr/bin/cc - skipped
-- Detecting C compile features
-- Detecting C compile features - done
-- Detecting CXX compiler ABI info
-- Detecting CXX compiler ABI info - done
-- Check for working CXX compiler: /usr/bin/c++ - skipped
-- Detecting CXX compile features
-- Detecting CXX compile features - done
-- Found Git: /usr/bin/git (found version "2.52.0")
-- Found PkgConfig: /usr/bin/pkg-config (found version "2.5.1")
-- Checking for module 'libssh2'
--   Found libssh2, version 1.11.1
--   Resolved libraries: /usr/lib/libssh2.so
-- Performing Test CMAKE_HAVE_LIBC_PTHREAD
-- Performing Test CMAKE_HAVE_LIBC_PTHREAD - Success
-- Found Threads: TRUE
-- Performing Test HAVE_STDATOMIC
-- Performing Test HAVE_STDATOMIC - Success
-- Found WrapAtomic: TRUE
-- Found OpenGL: /usr/lib/libOpenGL.so
-- Found WrapOpenGL: TRUE
-- Could NOT find WrapVulkanHeaders (missing: Vulkan_INCLUDE_DIR) 
-- Found Cups: /usr/lib/libcups.so (found version "2.4.15")
-- Checking for module 'libssh2'
--   Found libssh2, version 1.11.1
-- Performing Test HAVE_STRUCT_STAT_ST_MTIM
-- Performing Test HAVE_STRUCT_STAT_ST_MTIM - Failed
-- Performing Test HAVE_STRUCT_STAT_ST_MTIMESPEC
-- Performing Test HAVE_STRUCT_STAT_ST_MTIMESPEC - Failed
-- Performing Test HAVE_STRUCT_STAT_MTIME_NSEC
-- Performing Test HAVE_STRUCT_STAT_MTIME_NSEC - Failed
-- Looking for futimens
-- Looking for futimens - found
-- Performing Test IS_WALL_SUPPORTED
-- Performing Test IS_WALL_SUPPORTED - Success
-- Performing Test IS_WEXTRA_SUPPORTED
-- Performing Test IS_WEXTRA_SUPPORTED - Success
-- Performing Test IS_WDOCUMENTATION_SUPPORTED
-- Performing Test IS_WDOCUMENTATION_SUPPORTED - Failed
-- Performing Test IS_WNO_DOCUMENTATION_DEPRECATED_SYNC_SUPPORTED
-- Performing Test IS_WNO_DOCUMENTATION_DEPRECATED_SYNC_SUPPORTED - Success
-- Performing Test IS_WNO_MISSING_FIELD_INITIALIZERS_SUPPORTED
-- Performing Test IS_WNO_MISSING_FIELD_INITIALIZERS_SUPPORTED - Success
-- Performing Test IS_WMISSING_DECLARATIONS_SUPPORTED
-- Performing Test IS_WMISSING_DECLARATIONS_SUPPORTED - Success
-- Performing Test IS_WSTRICT_ALIASING_SUPPORTED
-- Performing Test IS_WSTRICT_ALIASING_SUPPORTED - Success
-- Performing Test IS_WSTRICT_PROTOTYPES_SUPPORTED
-- Performing Test IS_WSTRICT_PROTOTYPES_SUPPORTED - Success
-- Performing Test IS_WDECLARATION_AFTER_STATEMENT_SUPPORTED
-- Performing Test IS_WDECLARATION_AFTER_STATEMENT_SUPPORTED - Success
-- Performing Test IS_WSHIFT_COUNT_OVERFLOW_SUPPORTED
-- Performing Test IS_WSHIFT_COUNT_OVERFLOW_SUPPORTED - Success
-- Performing Test IS_WUNUSED_CONST_VARIABLE_SUPPORTED
-- Performing Test IS_WUNUSED_CONST_VARIABLE_SUPPORTED - Success
-- Performing Test IS_WUNUSED_FUNCTION_SUPPORTED
-- Performing Test IS_WUNUSED_FUNCTION_SUPPORTED - Success
-- Performing Test IS_WINT_CONVERSION_SUPPORTED
-- Performing Test IS_WINT_CONVERSION_SUPPORTED - Success
-- Performing Test IS_WC11_EXTENSIONS_SUPPORTED
-- Performing Test IS_WC11_EXTENSIONS_SUPPORTED - Failed
-- Performing Test IS_WC99_C11_COMPAT_SUPPORTED
-- Performing Test IS_WC99_C11_COMPAT_SUPPORTED - Success
-- Performing Test IS_WFORMAT_SUPPORTED
-- Performing Test IS_WFORMAT_SUPPORTED - Success
-- Performing Test IS_WFORMAT_SECURITY_SUPPORTED
-- Performing Test IS_WFORMAT_SECURITY_SUPPORTED - Success
CMake Warning at dep/libgit2/libgit2/cmake/SelectNsec.cmake:15 (message):
  nanosecond timestamp precision was not detected
Call Stack (most recent call first):
  dep/libgit2/libgit2/src/CMakeLists.txt:40 (include)


-- Found OpenSSL: /usr/lib/libcrypto.so (found version "3.6.0")
-- Found PCRE: /usr/lib/libpcre.so
-- Looking for regcomp_l
-- Looking for regcomp_l - not found
-- Checking for module 'libssh2'
--   Found libssh2, version 1.11.1
--   Resolved libraries: /usr/lib/libssh2.so
-- Looking for libssh2_userauth_publickey_frommemory in /usr/lib/libssh2.so
-- Looking for libssh2_userauth_publickey_frommemory in /usr/lib/libssh2.so - found
-- Found ZLIB: /usr/lib/libz.so (found version "1.3.1")
-- Looking for iconv_open
-- Looking for iconv_open - found
-- Found Iconv: provided by libc
-- Performing Test IS_WNO_IMPLICIT_FALLTHROUGH_SUPPORTED
-- Performing Test IS_WNO_IMPLICIT_FALLTHROUGH_SUPPORTED - Success
-- Found GSSAPI: /usr/lib/libgssapi_krb5.so
-- Performing Test IS_WNO_UNUSED_FUNCTION_SUPPORTED
-- Performing Test IS_WNO_UNUSED_FUNCTION_SUPPORTED - Success
-- Performing Test IS_WNO_UNUSED_PARAMETER_SUPPORTED
-- Performing Test IS_WNO_UNUSED_PARAMETER_SUPPORTED - Success
-- Checking prototype qsort_r for GIT_QSORT_BSD
-- Checking prototype qsort_r for GIT_QSORT_BSD - False
-- Checking prototype qsort_r for GIT_QSORT_GNU
-- Checking prototype qsort_r for GIT_QSORT_GNU - True
-- Checking prototype qsort_s for GIT_QSORT_C11
-- Checking prototype qsort_s for GIT_QSORT_C11 - False
-- Checking prototype qsort_s for GIT_QSORT_MSC
-- Checking prototype qsort_s for GIT_QSORT_MSC - False
-- Looking for getentropy
-- Looking for getentropy - found
-- Looking for getloadavg
-- Looking for getloadavg - found
-- Looking for poll
-- Looking for poll - found
-- Looking for select
-- Looking for select - found
-- Looking for clock_gettime in rt
-- Looking for clock_gettime in rt - found
fatal: not a git repository (or any of the parent directories): .git
-- Enabled features:
 * Threads, using pthreads
 * HTTPS, using OpenSSL
 * SHA1, using bundled collision detection implementation
 * SHA256, using OpenSSL
 * HTTP Parser, using bundled parser
 * Regular expressions, using system PCRE
 * Xdiff, using bundled provider
 * SSH, using libssh2
 * Compression, using system zlib
 * NTLM authentication, using bundled ntlmclient
 * Negotiate authentication, using GSSAPI

-- Disabled features:
 * SHA256 API, experimental SHA256 APIs
 * Debug pool, debug-mode struct pool allocators
 * Debug alloc, debug-mode strict allocators
 * Debug open, strict path validation in open
 * Nanosecond support, Nanosecond timestamp resolution is disabled
 * Internationalization, internationalization support is disabled

-- Checking for module 'libcmark'
--   Found libcmark, version 0.31.1
-- Found Lua: /usr/lib/liblua5.4.so;/usr/lib/libm.so (found version "5.4.8")
-- Checking for module 'hunspell'
--   Found hunspell, version 1.7.2
-- Configuring done (4.1s)
-- Generating done (0.3s)
-- Build files have been written to: /build/gittyup-git/src/build
ninja: Entering directory `build'
[1/599] Building C object dep/libgit2/libgit2/deps/ntlmclient/CMakeFiles/ntlmclient.dir/util.c.o
[2/599] Automatic MOC for target gittyupUtil
[3/599] Building C object dep/libgit2/libgit2/deps/llhttp/CMakeFiles/llhttp.dir/http.c.o
[4/599] Building C object dep/libgit2/libgit2/src/libgit2/CMakeFiles/libgit2.dir/buf.c.o
[5/599] Building C object dep/libgit2/libgit2/deps/ntlmclient/CMakeFiles/ntlmclient.dir/crypt_openssl.c.o
[6/599] Building C object dep/libgit2/libgit2/src/libgit2/CMakeFiles/libgit2.dir/annotated_commit.c.o
[7/599] Building C object dep/libgit2/libgit2/deps/llhttp/CMakeFiles/llhttp.dir/api.c.o
[8/599] Building C object dep/libgit2/libgit2/deps/ntlmclient/CMakeFiles/ntlmclient.dir/unicode_builtin.c.o
[9/599] Building C object dep/libgit2/libgit2/deps/xdiff/CMakeFiles/xdiff.dir/xpatience.c.o
[10/599] Building C object dep/libgit2/libgit2/deps/xdiff/CMakeFiles/xdiff.dir/xhistogram.c.o
[11/599] Building C object dep/libgit2/libgit2/deps/xdiff/CMakeFiles/xdiff.dir/xprepare.c.o
[12/599] Building C object dep/libgit2/libgit2/src/libgit2/CMakeFiles/libgit2.dir/cherrypick.c.o
[13/599] Building C object dep/libgit2/libgit2/deps/xdiff/CMakeFiles/xdiff.dir/xemit.c.o
[14/599] Building C object dep/libgit2/libgit2/src/libgit2/CMakeFiles/libgit2.dir/blob.c.o
[15/599] Building C object dep/libgit2/libgit2/deps/xdiff/CMakeFiles/xdiff.dir/xutils.c.o
[16/599] Building C object dep/libgit2/libgit2/src/libgit2/CMakeFiles/libgit2.dir/commit_list.c.o
[17/599] Building C object dep/libgit2/libgit2/src/libgit2/CMakeFiles/libgit2.dir/config_cache.c.o
[18/599] Building C object dep/libgit2/libgit2/src/libgit2/CMakeFiles/libgit2.dir/blame.c.o
[19/599] Building C object dep/libgit2/libgit2/src/libgit2/CMakeFiles/libgit2.dir/clone.c.o
[20/599] Building C object dep/libgit2/libgit2/src/libgit2/CMakeFiles/libgit2.dir/branch.c.o
[21/599] Building C object dep/libgit2/libgit2/src/libgit2/CMakeFiles/libgit2.dir/config_mem.c.o
[22/599] Building C object dep/libgit2/libgit2/src/libgit2/CMakeFiles/libgit2.dir/blame_git.c.o
[23/599] Building C object dep/libgit2/libgit2/src/libgit2/CMakeFiles/libgit2.dir/config_snapshot.c.o
[24/599] Building C object dep/libgit2/libgit2/src/libgit2/CMakeFiles/libgit2.dir/attr.c.o
[25/599] Building C object dep/libgit2/libgit2/src/libgit2/CMakeFiles/libgit2.dir/attr_file.c.o
[26/599] Building C object dep/libgit2/libgit2/deps/xdiff/CMakeFiles/xdiff.dir/xdiffi.c.o
[27/599] Building C object dep/libgit2/libgit2/src/libgit2/CMakeFiles/libgit2.dir/crlf.c.o
[28/599] Building C object dep/libgit2/libgit2/src/libgit2/CMakeFiles/libgit2.dir/config_parse.c.o
[29/599] Building C object dep/libgit2/libgit2/deps/xdiff/CMakeFiles/xdiff.dir/xmerge.c.o
[30/599] Building C object dep/libgit2/libgit2/src/libgit2/CMakeFiles/libgit2.dir/cache.c.o
[31/599] Building C object dep/libgit2/libgit2/src/libgit2/CMakeFiles/libgit2.dir/apply.c.o
[32/599] Building C object dep/libgit2/libgit2/src/libgit2/CMakeFiles/libgit2.dir/diff_parse.c.o
[33/599] Building C object dep/libgit2/libgit2/src/libgit2/CMakeFiles/libgit2.dir/attrcache.c.o
[34/599] Building C object dep/libgit2/libgit2/src/libgit2/CMakeFiles/libgit2.dir/diff.c.o
[35/599] Building C object dep/libgit2/libgit2/src/libgit2/CMakeFiles/libgit2.dir/config_list.c.o
[36/599] Building C object dep/libgit2/libgit2/src/libgit2/CMakeFiles/libgit2.dir/diff_xdiff.c.o
[37/599] Building C object dep/libgit2/libgit2/src/libgit2/CMakeFiles/libgit2.dir/config_file.c.o
[38/599] Building C object dep/libgit2/libgit2/src/libgit2/CMakeFiles/libgit2.dir/fetch.c.o
[39/599] Building C object dep/libgit2/libgit2/src/libgit2/CMakeFiles/libgit2.dir/diff_stats.c.o
[40/599] Building C object dep/libgit2/libgit2/src/libgit2/CMakeFiles/libgit2.dir/diff_file.c.o
[41/599] Building C object dep/libgit2/libgit2/src/libgit2/CMakeFiles/libgit2.dir/graph.c.o
[42/599] Building C object dep/libgit2/libgit2/src/libgit2/CMakeFiles/libgit2.dir/email.c.o
[43/599] Building C object dep/libgit2/libgit2/src/libgit2/CMakeFiles/libgit2.dir/fetchhead.c.o
[44/599] Building C object dep/libgit2/libgit2/src/libgit2/CMakeFiles/libgit2.dir/delta.c.o
[45/599] Building C object dep/libgit2/libgit2/src/libgit2/CMakeFiles/libgit2.dir/ident.c.o
[46/599] Building C object dep/libgit2/libgit2/src/libgit2/CMakeFiles/libgit2.dir/commit.c.o
[47/599] Building C object dep/libgit2/libgit2/src/libgit2/CMakeFiles/libgit2.dir/describe.c.o
[48/599] Building C object dep/libgit2/libgit2/src/libgit2/CMakeFiles/libgit2.dir/hashsig.c.o
[49/599] Building C object dep/libgit2/libgit2/src/libgit2/CMakeFiles/libgit2.dir/diff_print.c.o
[50/599] Building C object dep/libgit2/libgit2/src/libgit2/CMakeFiles/libgit2.dir/config.c.o
/build/gittyup-git/src/Gittyup/dep/libgit2/libgit2/src/libgit2/config.c: In function ‘git_config_lookup_map_value’:
/build/gittyup-git/src/Gittyup/dep/libgit2/libgit2/src/libgit2/config.c:1450:59: warning: ‘%s’ directive argument is null [-Wformat-overflow=]
 1450 |         git_error_set(GIT_ERROR_CONFIG, "failed to parse '%s' as a boolean value", value);
      |                                                           ^~
At top level:
cc1: note: unrecognized command-line option ‘-Wno-documentation-deprecated-sync’ may have been intended to silence earlier diagnostics
[51/599] Building C object dep/libgit2/libgit2/src/libgit2/CMakeFiles/libgit2.dir/diff_driver.c.o
In function ‘git_diff_driver_load’,
    inlined from ‘git_diff_driver_lookup’ at /build/gittyup-git/src/Gittyup/dep/libgit2/libgit2/src/libgit2/diff_driver.c:373:20:
/build/gittyup-git/src/Gittyup/dep/libgit2/libgit2/src/libgit2/diff_driver.c:343:17: warning: ‘drv’ may be used uninitialized [-Wmaybe-uninitialized]
  343 |         if (drv && drv != *out)
      |             ~~~~^~~~~~~~~~~~~~
/build/gittyup-git/src/Gittyup/dep/libgit2/libgit2/src/libgit2/diff_driver.c: In function ‘git_diff_driver_lookup’:
/build/gittyup-git/src/Gittyup/dep/libgit2/libgit2/src/libgit2/diff_driver.c:228:26: note: ‘drv’ was declared here
  228 |         git_diff_driver *drv;
      |                          ^~~
At top level:
cc1: note: unrecognized command-line option ‘-Wno-documentation-deprecated-sync’ may have been intended to silence earlier diagnostics
[52/599] Building C object dep/libgit2/libgit2/src/libgit2/CMakeFiles/libgit2.dir/grafts.c.o
[53/599] Building C object dep/libgit2/libgit2/src/libgit2/CMakeFiles/libgit2.dir/message.c.o
[54/599] Building C object dep/libgit2/libgit2/src/libgit2/CMakeFiles/libgit2.dir/libgit2.c.o
[55/599] Building C object dep/libgit2/libgit2/src/libgit2/CMakeFiles/libgit2.dir/merge_driver.c.o
[56/599] Building C object dep/libgit2/libgit2/deps/ntlmclient/CMakeFiles/ntlmclient.dir/ntlm.c.o
[57/599] Building C object dep/libgit2/libgit2/src/libgit2/CMakeFiles/libgit2.dir/ignore.c.o
[58/599] Building C object dep/libgit2/libgit2/src/libgit2/CMakeFiles/libgit2.dir/filter.c.o
[59/599] Building C object dep/libgit2/libgit2/src/libgit2/CMakeFiles/libgit2.dir/merge_file.c.o
[60/599] Building C object dep/libgit2/libgit2/src/libgit2/CMakeFiles/libgit2.dir/mailmap.c.o
[61/599] Building C object dep/libgit2/libgit2/src/libgit2/CMakeFiles/libgit2.dir/commit_graph.c.o
[62/599] Building C object dep/libgit2/libgit2/src/libgit2/CMakeFiles/libgit2.dir/oidarray.c.o
[63/599] Building C object dep/libgit2/libgit2/src/libgit2/CMakeFiles/libgit2.dir/object_api.c.o
[64/599] Building C object dep/libgit2/libgit2/src/libgit2/CMakeFiles/libgit2.dir/parse.c.o
[65/599] Building C object dep/libgit2/libgit2/src/libgit2/CMakeFiles/libgit2.dir/patch.c.o
[66/599] Building C object dep/libgit2/libgit2/src/libgit2/CMakeFiles/libgit2.dir/midx.c.o
[67/599] Building C object dep/libgit2/libgit2/src/libgit2/CMakeFiles/libgit2.dir/index_map.c.o
[68/599] Building C object dep/libgit2/libgit2/src/libgit2/CMakeFiles/libgit2.dir/odb_pack.c.o
[69/599] Building C object dep/libgit2/libgit2/src/libgit2/CMakeFiles/libgit2.dir/oid.c.o
[70/599] Building C object dep/libgit2/libgit2/src/libgit2/CMakeFiles/libgit2.dir/proxy.c.o
[71/599] Building C object dep/libgit2/libgit2/src/libgit2/CMakeFiles/libgit2.dir/diff_tform.c.o
[72/599] Building C object dep/libgit2/libgit2/src/libgit2/CMakeFiles/libgit2.dir/object.c.o
[73/599] Building C object dep/libgit2/libgit2/src/libgit2/CMakeFiles/libgit2.dir/checkout.c.o
[74/599] Building C object dep/libgit2/libgit2/src/libgit2/CMakeFiles/libgit2.dir/odb_mempack.c.o
[75/599] Building C object dep/libgit2/libgit2/src/libgit2/CMakeFiles/libgit2.dir/diff_generate.c.o
[76/599] Building C object dep/libgit2/libgit2/src/libgit2/CMakeFiles/libgit2.dir/mwindow.c.o
[77/599] Building C object dep/libgit2/libgit2/src/libgit2/CMakeFiles/libgit2.dir/patch_generate.c.o
[78/599] Building C object dep/libgit2/libgit2/src/libgit2/CMakeFiles/libgit2.dir/notes.c.o
[79/599] Building C object dep/libgit2/libgit2/src/libgit2/CMakeFiles/libgit2.dir/indexer.c.o
[80/599] Building C object dep/libgit2/libgit2/src/libgit2/CMakeFiles/libgit2.dir/reader.c.o
[81/599] Building C object dep/libgit2/libgit2/src/libgit2/CMakeFiles/libgit2.dir/odb_loose.c.o
[82/599] Building C object dep/libgit2/libgit2/src/libgit2/CMakeFiles/libgit2.dir/path.c.o
[83/599] Building C object dep/libgit2/libgit2/src/libgit2/CMakeFiles/libgit2.dir/reflog.c.o
[84/599] Building C object dep/libgit2/libgit2/src/libgit2/CMakeFiles/libgit2.dir/push.c.o
[85/599] Building C object dep/libgit2/libgit2/src/libgit2/CMakeFiles/libgit2.dir/refdb.c.o
[86/599] Building C object dep/libgit2/libgit2/src/libgit2/CMakeFiles/libgit2.dir/revert.c.o
[87/599] Building C object dep/libgit2/libgit2/src/libgit2/CMakeFiles/libgit2.dir/reset.c.o
[88/599] Building C object dep/libgit2/libgit2/src/libgit2/CMakeFiles/libgit2.dir/iterator.c.o
[89/599] Building C object dep/libgit2/libgit2/src/libgit2/CMakeFiles/libgit2.dir/streams/mbedtls.c.o
[90/599] Building C object dep/libgit2/libgit2/src/libgit2/CMakeFiles/libgit2.dir/patch_parse.c.o
[91/599] Building C object dep/libgit2/libgit2/src/libgit2/CMakeFiles/libgit2.dir/refspec.c.o
[92/599] Building C object dep/libgit2/libgit2/src/libgit2/CMakeFiles/libgit2.dir/strarray.c.o
[93/599] Building C object dep/libgit2/libgit2/src/libgit2/CMakeFiles/libgit2.dir/settings.c.o
[94/599] Building C object dep/libgit2/libgit2/src/libgit2/CMakeFiles/libgit2.dir/signature.c.o
[95/599] Building C object dep/libgit2/libgit2/src/libgit2/CMakeFiles/libgit2.dir/pathspec.c.o
[96/599] Building C object dep/libgit2/libgit2/src/libgit2/CMakeFiles/libgit2.dir/streams/stransport.c.o
[97/599] Building C object dep/libgit2/libgit2/src/libgit2/CMakeFiles/libgit2.dir/odb.c.o
[98/599] Building C object dep/libgit2/libgit2/src/libgit2/CMakeFiles/libgit2.dir/revparse.c.o
[99/599] Building C object dep/libgit2/libgit2/src/libgit2/CMakeFiles/libgit2.dir/streams/openssl_legacy.c.o
[100/599] Building C object dep/libgit2/libgit2/src/libgit2/CMakeFiles/libgit2.dir/status.c.o
[101/599] Building C object dep/libgit2/libgit2/src/libgit2/CMakeFiles/libgit2.dir/streams/schannel.c.o
[102/599] Building C object dep/libgit2/libgit2/src/libgit2/CMakeFiles/libgit2.dir/streams/openssl_dynamic.c.o
[103/599] Building C object dep/libgit2/libgit2/src/libgit2/CMakeFiles/libgit2.dir/trace.c.o
[104/599] Building C object dep/libgit2/libgit2/src/libgit2/CMakeFiles/libgit2.dir/streams/tls.c.o
[105/599] Building C object dep/libgit2/libgit2/src/libgit2/CMakeFiles/libgit2.dir/streams/registry.c.o
[106/599] Building C object dep/libgit2/libgit2/src/libgit2/CMakeFiles/libgit2.dir/streams/socket.c.o
[107/599] Building C object dep/libgit2/libgit2/src/libgit2/CMakeFiles/libgit2.dir/streams/openssl.c.o
[108/599] Building C object dep/libgit2/libgit2/src/libgit2/CMakeFiles/libgit2.dir/stash.c.o
[109/599] Building C object dep/libgit2/libgit2/src/libgit2/CMakeFiles/libgit2.dir/rebase.c.o
[110/599] Building C object dep/libgit2/libgit2/src/libgit2/CMakeFiles/libgit2.dir/refs.c.o
[111/599] Building C object dep/libgit2/libgit2/src/libgit2/CMakeFiles/libgit2.dir/sysdir.c.o
[112/599] Building C object dep/libgit2/libgit2/src/libgit2/CMakeFiles/libgit2.dir/revwalk.c.o
[113/599] Building C object dep/libgit2/libgit2/src/libgit2/CMakeFiles/libgit2.dir/transport.c.o
[114/599] Building C object dep/libgit2/libgit2/src/libgit2/CMakeFiles/libgit2.dir/transports/auth.c.o
[115/599] Building C object dep/libgit2/libgit2/src/libgit2/CMakeFiles/libgit2.dir/transports/auth_ntlmclient.c.o
[116/599] Building C object dep/libgit2/libgit2/src/libgit2/CMakeFiles/libgit2.dir/transports/auth_sspi.c.o
[117/599] Building C object dep/libgit2/libgit2/src/libgit2/CMakeFiles/libgit2.dir/transports/credential_helpers.c.o
[118/599] Building C object dep/libgit2/libgit2/src/libgit2/CMakeFiles/libgit2.dir/pack.c.o
[119/599] Building C object dep/libgit2/libgit2/src/libgit2/CMakeFiles/libgit2.dir/trailer.c.o
[120/599] Building C object dep/libgit2/libgit2/src/libgit2/CMakeFiles/libgit2.dir/transports/httpparser.c.o
[121/599] Building C object dep/libgit2/libgit2/src/libgit2/CMakeFiles/libgit2.dir/tag.c.o
[122/599] Building C object dep/libgit2/libgit2/src/libgit2/CMakeFiles/libgit2.dir/transports/git.c.o
[123/599] Building C object dep/libgit2/libgit2/src/libgit2/CMakeFiles/libgit2.dir/transports/ssh.c.o
[124/599] Building C object dep/libgit2/libgit2/src/libgit2/CMakeFiles/libgit2.dir/transports/ssh_exec.c.o
[125/599] Building C object dep/libgit2/libgit2/src/libgit2/CMakeFiles/libgit2.dir/transports/auth_gssapi.c.o
[126/599] Building C object dep/libgit2/libgit2/src/libgit2/CMakeFiles/libgit2.dir/transports/winhttp.c.o
[127/599] Building C object dep/libgit2/libgit2/src/libgit2/CMakeFiles/libgit2.dir/refdb_fs.c.o
[128/599] Building C object dep/libgit2/libgit2/src/libgit2/CMakeFiles/libgit2.dir/transports/credential.c.o
[129/599] Building C object dep/libgit2/libgit2/src/libgit2/CMakeFiles/libgit2.dir/transports/http.c.o
[130/599] Building C object dep/libgit2/libgit2/src/util/CMakeFiles/util.dir/allocators/stdalloc.c.o
[131/599] Building C object dep/libgit2/libgit2/src/libgit2/CMakeFiles/libgit2.dir/pack-objects.c.o
[132/599] Building C object dep/libgit2/libgit2/src/util/CMakeFiles/util.dir/allocators/win32_leakcheck.c.o
[133/599] Building C object dep/libgit2/libgit2/src/util/CMakeFiles/util.dir/allocators/failalloc.c.o
[134/599] Building C object dep/libgit2/libgit2/src/libgit2/CMakeFiles/libgit2.dir/transaction.c.o
[135/599] Building C object dep/libgit2/libgit2/src/util/CMakeFiles/util.dir/alloc.c.o
[136/599] Building C object dep/libgit2/libgit2/src/util/CMakeFiles/util.dir/allocators/debugalloc.c.o
[137/599] Building C object dep/libgit2/libgit2/deps/llhttp/CMakeFiles/llhttp.dir/llhttp.c.o
[138/599] Building C object dep/libgit2/libgit2/src/libgit2/CMakeFiles/libgit2.dir/transports/smart.c.o
[139/599] Building C object dep/libgit2/libgit2/src/libgit2/CMakeFiles/libgit2.dir/transports/local.c.o
[140/599] Building C object dep/libgit2/libgit2/src/libgit2/CMakeFiles/libgit2.dir/tree-cache.c.o
[141/599] Building C object dep/libgit2/libgit2/src/libgit2/CMakeFiles/libgit2.dir/index.c.o
[142/599] Building C object dep/libgit2/libgit2/src/libgit2/CMakeFiles/libgit2.dir/transports/smart_pkt.c.o
[143/599] Building C object dep/libgit2/libgit2/src/util/CMakeFiles/util.dir/posix.c.o
[144/599] Building C object dep/libgit2/libgit2/src/util/CMakeFiles/util.dir/hash.c.o
[145/599] Building C object dep/libgit2/libgit2/src/util/CMakeFiles/util.dir/pqueue.c.o
[146/599] Building C object dep/libgit2/libgit2/src/util/CMakeFiles/util.dir/runtime.c.o
[147/599] Building C object dep/libgit2/libgit2/src/util/CMakeFiles/util.dir/regexp.c.o
[148/599] Building C object dep/libgit2/libgit2/src/util/CMakeFiles/util.dir/errors.c.o
[149/599] Building C object dep/libgit2/libgit2/src/util/CMakeFiles/util.dir/rand.c.o
[150/599] Building C object dep/libgit2/libgit2/src/util/CMakeFiles/util.dir/pool.c.o
[151/599] Building C object dep/libgit2/libgit2/src/util/CMakeFiles/util.dir/thread.c.o
[152/599] Building C object dep/libgit2/libgit2/src/libgit2/CMakeFiles/libgit2.dir/worktree.c.o
[153/599] Building C object dep/libgit2/libgit2/src/util/CMakeFiles/util.dir/filebuf.c.o
[154/599] Building C object dep/libgit2/libgit2/src/util/CMakeFiles/util.dir/strlist.c.o
[155/599] Building C object dep/libgit2/libgit2/src/libgit2/CMakeFiles/libgit2.dir/transports/ssh_libssh2.c.o
[156/599] Building C object dep/libgit2/libgit2/src/util/CMakeFiles/util.dir/utf8.c.o
[157/599] Building C object dep/libgit2/libgit2/src/util/CMakeFiles/util.dir/varint.c.o
[158/599] Building C object dep/libgit2/libgit2/src/libgit2/CMakeFiles/libgit2.dir/merge.c.o
[159/599] Building C object dep/libgit2/libgit2/src/libgit2/CMakeFiles/libgit2.dir/transports/smart_protocol.c.o
[160/599] Building CXX object src/util/CMakeFiles/gittyupUtil.dir/gittyupUtil_autogen/mocs_compilation.cpp.o
[161/599] Building C object dep/libgit2/libgit2/src/util/CMakeFiles/util.dir/unix/realpath.c.o
[162/599] Building C object dep/libgit2/libgit2/src/util/CMakeFiles/util.dir/hash/collisiondetect.c.o
[163/599] Building C object dep/libgit2/libgit2/src/util/CMakeFiles/util.dir/unix/map.c.o
[164/599] Building C object dep/libgit2/libgit2/src/libgit2/CMakeFiles/libgit2.dir/transports/httpclient.c.o
[165/599] Building C object dep/lpeg/CMakeFiles/lpeg.dir/lpeg-1.1.0/lpprint.c.o
[166/599] Building C object dep/libgit2/libgit2/src/util/CMakeFiles/util.dir/hash/openssl.c.o
[167/599] Building C object dep/libgit2/libgit2/src/util/CMakeFiles/util.dir/zstream.c.o
[168/599] Building C object dep/libgit2/libgit2/src/util/CMakeFiles/util.dir/vector.c.o
[169/599] Building C object dep/lpeg/CMakeFiles/lpeg.dir/lpeg-1.1.0/lpcset.c.o
[170/599] Building C object dep/libgit2/libgit2/src/util/CMakeFiles/util.dir/util.c.o
[171/599] Building C object dep/libgit2/libgit2/src/util/CMakeFiles/util.dir/net.c.o
[172/599] Building C object dep/libgit2/libgit2/src/util/CMakeFiles/util.dir/wildmatch.c.o
[173/599] Building C object dep/libgit2/libgit2/src/util/CMakeFiles/util.dir/sortedcache.c.o
[174/599] Building C object dep/libgit2/libgit2/src/util/CMakeFiles/util.dir/unix/process.c.o
[175/599] Building C object dep/libgit2/libgit2/src/util/CMakeFiles/util.dir/date.c.o
[176/599] Building CXX object dep/scintilla/CMakeFiles/lexilla.dir/lexilla/lexlib/CharacterSet.cxx.o
[177/599] Building C object dep/libgit2/libgit2/src/util/CMakeFiles/util.dir/tsort.c.o
[178/599] Building C object dep/libgit2/libgit2/src/libgit2/CMakeFiles/libgit2.dir/remote.c.o
/build/gittyup-git/src/Gittyup/dep/libgit2/libgit2/src/libgit2/remote.c: In function ‘git_remote_connect_ext’:
/build/gittyup-git/src/Gittyup/dep/libgit2/libgit2/src/libgit2/remote.c:966:5: warning: this ‘if’ clause does not guard... [-Wmisleading-indentation]
  966 |     if (given_opts && given_opts->callbacks.connected)
      |     ^~
/build/gittyup-git/src/Gittyup/dep/libgit2/libgit2/src/libgit2/remote.c:969:9: note: ...this statement, but the latter is misleadingly indented as if it were guarded by the ‘if’
  969 |         remote->transport = t;
      |         ^~~~~~
/build/gittyup-git/src/Gittyup/dep/libgit2/libgit2/src/libgit2/remote.c: In function ‘git_remote_disconnect’:
/build/gittyup-git/src/Gittyup/dep/libgit2/libgit2/src/libgit2/remote.c:2191:5: warning: this ‘if’ clause does not guard... [-Wmisleading-indentation]
 2191 |     if (cb && cb->about_to_disconnect)
      |     ^~
/build/gittyup-git/src/Gittyup/dep/libgit2/libgit2/src/libgit2/remote.c:2194:9: note: ...this statement, but the latter is misleadingly indented as if it were guarded by the ‘if’
 2194 |         if (git_remote_connected(remote))
      |         ^~
At top level:
cc1: note: unrecognized command-line option ‘-Wno-documentation-deprecated-sync’ may have been intended to silence earlier diagnostics
[179/599] Building CXX object dep/scintilla/CMakeFiles/lexilla.dir/lexilla/lexlib/Accessor.cxx.o
[180/599] Building CXX object dep/scintilla/CMakeFiles/lexilla.dir/lexilla/lexlib/LexerBase.cxx.o
[181/599] Building C object dep/lpeg/CMakeFiles/lpeg.dir/lpeg-1.1.0/lpvm.c.o
[182/599] Building C object dep/libgit2/libgit2/src/util/CMakeFiles/util.dir/futils.c.o
[183/599] Building C object dep/lpeg/CMakeFiles/lpeg.dir/lpeg-1.1.0/lpcap.c.o
[184/599] Generating ../../docs/changelog.html, ../../docs/acknowledgments.html, ../../docs/privacy.html, ../../docs/plugin.html
[185/599] Generating gittyup_de.qm
Updating '/build/gittyup-git/src/build/l10n/gittyup_de.qm'...
    Generated 886 translation(s) (860 finished and 26 unfinished)
    Ignored 165 untranslated source text(s)
[186/599] Generating gittyup_en.qm
Updating '/build/gittyup-git/src/build/l10n/gittyup_en.qm'...
    Generated 0 translation(s) (0 finished and 0 unfinished)
    Ignored 1051 untranslated source text(s)
[187/599] Generating gittyup_es.qm
Updating '/build/gittyup-git/src/build/l10n/gittyup_es.qm'...
    Generated 907 translation(s) (876 finished and 31 unfinished)
    Ignored 144 untranslated source text(s)
[188/599] Building C object dep/libgit2/libgit2/src/util/CMakeFiles/util.dir/fs_path.c.o
[189/599] Generating gittyup_pt_BR.qm
Updating '/build/gittyup-git/src/build/l10n/gittyup_pt_BR.qm'...
    Generated 612 translation(s) (514 finished and 98 unfinished)
    Ignored 439 untranslated source text(s)
[190/599] Building CXX object dep/scintilla/CMakeFiles/lexilla.dir/lexilla/lexlib/StyleContext.cxx.o
[191/599] Generating gittyup_ja.qm
Updating '/build/gittyup-git/src/build/l10n/gittyup_ja.qm'...
    Generated 895 translation(s) (864 finished and 31 unfinished)
    Ignored 156 untranslated source text(s)
[192/599] Generating gittyup_pt.qm
Updating '/build/gittyup-git/src/build/l10n/gittyup_pt.qm'...
    Generated 883 translation(s) (851 finished and 32 unfinished)
    Ignored 168 untranslated source text(s)
[193/599] Generating gittyup_ru.qm
Updating '/build/gittyup-git/src/build/l10n/gittyup_ru.qm'...
    Generated 876 translation(s) (847 finished and 29 unfinished)
    Ignored 175 untranslated source text(s)
[194/599] Generating gittyup_zh_CN.qm
Updating '/build/gittyup-git/src/build/l10n/gittyup_zh_CN.qm'...
    Generated 904 translation(s) (876 finished and 28 unfinished)
    Ignored 147 untranslated source text(s)
[195/599] Building C object dep/libgit2/libgit2/src/libgit2/CMakeFiles/libgit2.dir/repository.c.o
[196/599] Building C object dep/libgit2/libgit2/src/util/CMakeFiles/util.dir/hash/sha1dc/ubc_check.c.o
[197/599] Building C object dep/lpeg/CMakeFiles/lpeg.dir/lpeg-1.1.0/lpcode.c.o
[198/599] Building CXX object dep/scintilla/CMakeFiles/lexilla.dir/lexilla/lexlib/LexerModule.cxx.o
[199/599] Building C object dep/libgit2/libgit2/src/cli/CMakeFiles/git2_cli.dir/cmd.c.o
[200/599] Building C object dep/libgit2/libgit2/src/cli/CMakeFiles/git2_cli.dir/cmd_config.c.o
[201/599] Building C object dep/libgit2/libgit2/src/util/CMakeFiles/util.dir/str.c.o
[202/599] Building C object dep/libgit2/libgit2/src/cli/CMakeFiles/git2_cli.dir/cmd_cat_file.c.o
[203/599] Building CXX object dep/scintilla/CMakeFiles/lexilla.dir/lexilla/lexlib/LexerSimple.cxx.o
[204/599] Automatic MOC for target loglib
[205/599] Building C object dep/libgit2/libgit2/src/libgit2/CMakeFiles/libgit2.dir/tree.c.o
[206/599] Building C object dep/libgit2/libgit2/src/cli/CMakeFiles/git2_cli.dir/cmd_help.c.o
[207/599] Building C object dep/libgit2/libgit2/src/cli/CMakeFiles/git2_cli.dir/cmd_hash_object.c.o
[208/599] Building C object dep/libgit2/libgit2/src/cli/CMakeFiles/git2_cli.dir/cmd_index_pack.c.o
[209/599] Building C object dep/libgit2/libgit2/src/cli/CMakeFiles/git2_cli.dir/cmd_clone.c.o
[210/599] Building C object dep/libgit2/libgit2/src/cli/CMakeFiles/git2_cli.dir/cmd_init.c.o
[211/599] Building C object dep/libgit2/libgit2/src/cli/CMakeFiles/git2_cli.dir/cmd_version.c.o
[212/599] Create appdata file
[213/599] Building C object dep/libgit2/libgit2/src/util/CMakeFiles/util.dir/hash/sha1dc/sha1.c.o
[214/599] Building C object dep/libgit2/libgit2/src/cli/CMakeFiles/git2_cli.dir/common.c.o
[215/599] Building C object dep/libgit2/libgit2/src/libgit2/CMakeFiles/libgit2.dir/submodule.c.o
[216/599] Building C object dep/libgit2/libgit2/src/cli/CMakeFiles/git2_cli.dir/main.c.o
[217/599] Building CXX object dep/scintilla/CMakeFiles/lexilla.dir/lexilla/lexlib/WordList.cxx.o
[218/599] Building C object dep/libgit2/libgit2/src/cli/CMakeFiles/git2_cli.dir/unix/sighandler.c.o
[219/599] Building CXX object dep/scintilla/CMakeFiles/lexilla.dir/lexilla/lexlib/CharacterCategory.cxx.o
[220/599] Building C object dep/libgit2/libgit2/src/cli/CMakeFiles/git2_cli.dir/opt_usage.c.o
/build/gittyup-git/src/Gittyup/dep/libgit2/libgit2/src/cli/opt_usage.c: In function ‘cli_opt_help_fprint’:
/build/gittyup-git/src/Gittyup/dep/libgit2/libgit2/src/cli/opt_usage.c:214:59: warning: ‘required’ may be used uninitialized [-Wmaybe-uninitialized]
  214 |                     ((spec->usage & CLI_OPT_USAGE_CHOICE) && required));
      |                     ~~~~~~~~~~~~~~~~~~~~~~~~~~~~~~~~~~~~~~^~~~~~~~~~~~
/build/gittyup-git/src/Gittyup/dep/libgit2/libgit2/src/cli/opt_usage.c:204:14: note: ‘required’ was declared here
  204 |         bool required;
      |              ^~~~~~~~
At top level:
cc1: note: unrecognized command-line option ‘-Wno-documentation-deprecated-sync’ may have been intended to silence earlier diagnostics
[221/599] Building C object dep/lpeg/CMakeFiles/lpeg.dir/lpeg-1.1.0/lptree.c.o
[222/599] Building C object dep/libgit2/libgit2/src/cli/CMakeFiles/git2_cli.dir/cmd_blame.c.o
[223/599] Linking C static library dep/lpeg/liblpeg.a
[224/599] Building C object dep/libgit2/libgit2/src/cli/CMakeFiles/git2_cli.dir/opt.c.o
[225/599] Building C object dep/libgit2/libgit2/src/cli/CMakeFiles/git2_cli.dir/progress.c.o
[226/599] Linking C static library dep/libgit2/libgit2/libgit2.a
[227/599] Building CXX object dep/scintilla/CMakeFiles/lexilla.dir/lexilla/lexlib/PropSetSimple.cxx.o
[228/599] Linking CXX static library dep/scintilla/liblexilla.a
[229/599] Linking C executable dep/libgit2/libgit2/git2
[230/599] Automatic MOC for target scintilla
[231/599] Building CXX object dep/scintilla/CMakeFiles/scintilla.dir/scintilla_autogen/mocs_compilation.cpp.o
[232/599] Building CXX object src/util/CMakeFiles/gittyupUtil.dir/Path.cpp.o
[233/599] Building CXX object dep/scintilla/CMakeFiles/scintilla.dir/lexilla/src/CaseFolder.cxx.o
[234/599] Building CXX object dep/scintilla/CMakeFiles/scintilla.dir/lexilla/src/Catalogue.cxx.o
[235/599] Building CXX object dep/scintilla/CMakeFiles/scintilla.dir/lexilla/src/CharClassify.cxx.o
[236/599] Building CXX object l10n/CMakeFiles/translation.dir/languages.cpp.o
[237/599] Building CXX object src/util/CMakeFiles/gittyupUtil.dir/Debug.cpp.o
[238/599] Linking CXX static library l10n/libtranslation.a
[239/599] Linking CXX static library src/util/libgittyupUtil.a
[240/599] Building CXX object dep/scintilla/CMakeFiles/scintilla.dir/lexilla/src/ExternalLexer.cxx.o
[241/599] Building CXX object dep/scintilla/CMakeFiles/scintilla.dir/lexilla/src/Indicator.cxx.o
[242/599] Building CXX object dep/scintilla/CMakeFiles/scintilla.dir/lexilla/src/EditModel.cxx.o
[243/599] Building CXX object src/update/CMakeFiles/relauncher.dir/relauncher.cpp.o
[244/599] Building CXX object dep/scintilla/CMakeFiles/scintilla.dir/lexilla/src/CaseConvert.cxx.o
[245/599] Automatic MOC for target conf
[246/599] Building CXX object dep/scintilla/CMakeFiles/scintilla.dir/lexilla/src/KeyMap.cxx.o
[247/599] Building CXX object src/cli/CMakeFiles/cli.dir/Installer.cpp.o
[248/599] Building CXX object dep/scintilla/CMakeFiles/scintilla.dir/lexilla/src/CallTip.cxx.o
[249/599] Automatic MOC for target git
[250/599] Building CXX object src/cli/CMakeFiles/cli.dir/Installer_linux.cpp.o
[251/599] Building CXX object dep/scintilla/CMakeFiles/scintilla.dir/lexilla/src/Decoration.cxx.o
[252/599] Building CXX object dep/scintilla/CMakeFiles/scintilla.dir/lexilla/src/AutoComplete.cxx.o
[253/599] Building CXX object dep/scintilla/CMakeFiles/scintilla.dir/lexilla/src/LineMarker.cxx.o
[254/599] Building CXX object src/log/CMakeFiles/loglib.dir/LogEntry.cpp.o
[255/599] Building CXX object dep/scintilla/CMakeFiles/scintilla.dir/lexilla/src/RESearch.cxx.o
[256/599] Building CXX object dep/scintilla/CMakeFiles/scintilla.dir/lexilla/src/MarginView.cxx.o
[257/599] Building CXX object src/log/CMakeFiles/loglib.dir/LogModel.cpp.o
[258/599] Building CXX object src/git/CMakeFiles/git.dir/Buffer.cpp.o
[259/599] Building CXX object dep/scintilla/CMakeFiles/scintilla.dir/lexilla/src/ScintillaBase.cxx.o
[260/599] Building CXX object src/log/CMakeFiles/loglib.dir/loglib_autogen/mocs_compilation.cpp.o
[261/599] Building CXX object src/log/CMakeFiles/loglib.dir/LogDelegate.cpp.o
[262/599] Building CXX object src/git/CMakeFiles/git.dir/Blob.cpp.o
[263/599] Building CXX object src/conf/CMakeFiles/conf.dir/RecentRepository.cpp.o
[264/599] Building CXX object src/git/CMakeFiles/git.dir/Blame.cpp.o
[265/599] Building CXX object dep/scintilla/CMakeFiles/scintilla.dir/lexilla/src/PositionCache.cxx.o
[266/599] Building CXX object src/conf/CMakeFiles/conf.dir/ConfFile.cpp.o
[267/599] Building CXX object src/log/CMakeFiles/loglib.dir/LogView.cpp.o
[268/599] Building CXX object src/git/CMakeFiles/git.dir/AnnotatedCommit.cpp.o
[269/599] Building CXX object dep/scintilla/CMakeFiles/scintilla.dir/lexilla/src/PerLine.cxx.o
[270/599] Building C object test/dep/zip/CMakeFiles/zip.dir/src/zip.c.o
[271/599] Building CXX object src/conf/CMakeFiles/conf.dir/conf_autogen/mocs_compilation.cpp.o
[272/599] Building CXX object dep/scintilla/CMakeFiles/scintilla.dir/lexilla/src/EditView.cxx.o
[273/599] Building CXX object src/conf/CMakeFiles/conf.dir/Setting.cpp.o
[274/599] Building CXX object dep/scintilla/CMakeFiles/scintilla.dir/lexilla/src/CellBuffer.cxx.o
[275/599] Building CXX object src/git/CMakeFiles/git.dir/FilterList.cpp.o
[276/599] Building CXX object src/git/CMakeFiles/git.dir/Id.cpp.o
[277/599] Building CXX object dep/scintilla/CMakeFiles/scintilla.dir/lexilla/src/ContractionState.cxx.o
[278/599] Building CXX object src/git/CMakeFiles/git.dir/Command.cpp.o
[279/599] Building CXX object src/git/CMakeFiles/git.dir/Branch.cpp.o
[280/599] Building CXX object src/conf/CMakeFiles/conf.dir/RecentRepositories.cpp.o
[281/599] Linking CXX static library src/cli/libcli.a
[282/599] Building CXX object src/git/CMakeFiles/git.dir/git_autogen/mocs_compilation.cpp.o
[283/599] Building CXX object dep/scintilla/CMakeFiles/scintilla.dir/lexilla/src/RunStyles.cxx.o
[284/599] Building CXX object dep/scintilla/CMakeFiles/scintilla.dir/lexilla/src/Style.cxx.o
[285/599] Building CXX object src/git/CMakeFiles/git.dir/Result.cpp.o
[286/599] Building CXX object dep/scintilla/CMakeFiles/scintilla.dir/lexilla/src/UniqueString.cxx.o
[287/599] Building CXX object dep/scintilla/CMakeFiles/scintilla.dir/lexilla/src/UniConversion.cxx.o
[288/599] Linking CXX static library src/log/libloglib.a
[289/599] Linking C static library test/dep/zip/libzip.a
[290/599] Linking CXX executable relauncher
[291/599] Building CXX object src/git/CMakeFiles/git.dir/Config.cpp.o
[292/599] Building CXX object dep/scintilla/CMakeFiles/scintilla.dir/lexilla/src/Selection.cxx.o
[293/599] Building CXX object src/conf/CMakeFiles/conf.dir/Settings.cpp.o
[294/599] Linking CXX static library src/conf/libconf.a
[295/599] Building CXX object src/git/CMakeFiles/git.dir/Object.cpp.o
[296/599] Building CXX object src/git/CMakeFiles/git.dir/Tag.cpp.o
[297/599] Building CXX object src/git/CMakeFiles/git.dir/Tree.cpp.o
[298/599] Building CXX object src/git/CMakeFiles/git.dir/Rebase.cpp.o
[299/599] Building CXX object src/git/CMakeFiles/git.dir/Filter.cpp.o
[300/599] Building CXX object dep/scintilla/CMakeFiles/scintilla.dir/lexilla/src/XPM.cxx.o
[301/599] Building CXX object src/git/CMakeFiles/git.dir/Reference.cpp.o
[302/599] Building CXX object src/git/CMakeFiles/git.dir/Signature.cpp.o
/build/gittyup-git/src/Gittyup/src/git/Signature.cpp: In member function ‘QDateTime git::Signature::date() const’:
/build/gittyup-git/src/Gittyup/src/git/Signature.cpp:45:39: warning: ‘static QDateTime QDateTime::fromSecsSinceEpoch(qint64, Qt::TimeSpec, int)’ is deprecated: Pass QTimeZone instead of time-spec, offset [-Wdeprecated-declarations]
   45 |   return QDateTime::fromSecsSinceEpoch(d->when.time, Qt::OffsetFromUTC, offset);
      |          ~~~~~~~~~~~~~~~~~~~~~~~~~~~~~^~~~~~~~~~~~~~~~~~~~~~~~~~~~~~~~~~~~~~~~~
In file included from /usr/include/qt6/QtCore/QDateTime:1,
                 from /build/gittyup-git/src/Gittyup/src/git/Signature.cpp:12:
/usr/include/qt6/QtCore/qdatetime.h:491:22: note: declared here
  491 |     static QDateTime fromSecsSinceEpoch(qint64 secs, Qt::TimeSpec spec, int offsetFromUtc = 0);
      |                      ^~~~~~~~~~~~~~~~~~
[303/599] Building CXX object dep/scintilla/CMakeFiles/scintilla.dir/lexilla/src/ViewStyle.cxx.o
[304/599] Building CXX object src/git/CMakeFiles/git.dir/RevWalk.cpp.o
[305/599] Building CXX object src/git/CMakeFiles/git.dir/Submodule.cpp.o
[306/599] Building CXX object src/git/CMakeFiles/git.dir/TagRef.cpp.o
[307/599] Building CXX object src/git/CMakeFiles/git.dir/Diff.cpp.o
[308/599] Building CXX object dep/scintilla/CMakeFiles/scintilla.dir/lexilla/src/Editor.cxx.o
[309/599] Building CXX object src/git/CMakeFiles/git.dir/Index.cpp.o
[310/599] Building CXX object src/git/CMakeFiles/git.dir/Commit.cpp.o
[311/599] Building CXX object src/git/CMakeFiles/git.dir/Patch.cpp.o
[312/599] Building CXX object src/git/CMakeFiles/git.dir/Remote.cpp.o
[313/599] Building CXX object src/git/CMakeFiles/git.dir/Repository.cpp.o
[314/599] Linking CXX static library src/git/libgit.a
[315/599] Automatic MOC for target cred
[316/599] Building CXX object src/cred/CMakeFiles/cred.dir/cred_autogen/mocs_compilation.cpp.o
[317/599] Automatic MOC for target tools
[318/599] Automatic MOC for target plugins
[319/599] Automatic MOC for target update
[320/599] Automatic MOC for target watcher
[321/599] Automatic MOC for target index
[322/599] Building CXX object src/watcher/CMakeFiles/watcher.dir/watcher_autogen/mocs_compilation.cpp.o
[323/599] Building CXX object src/index/CMakeFiles/index.dir/MmapFileReader.cpp.o
[324/599] Building CXX object src/index/CMakeFiles/index.dir/Lexer.cpp.o
[325/599] Building CXX object src/tools/CMakeFiles/tools.dir/tools_autogen/mocs_compilation.cpp.o
[326/599] Building CXX object src/index/CMakeFiles/index.dir/GenericLexer.cpp.o
[327/599] Building CXX object src/cred/CMakeFiles/cred.dir/Cache.cpp.o
[328/599] Building CXX object src/update/CMakeFiles/update.dir/UpToDateDialog.cpp.o
[329/599] Building CXX object src/watcher/CMakeFiles/watcher.dir/RepositoryWatcher.cpp.o
[330/599] Building CXX object src/cred/CMakeFiles/cred.dir/GitCredential.cpp.o
[331/599] Building CXX object dep/scintilla/CMakeFiles/scintilla.dir/lexilla/src/Document.cxx.o
/build/gittyup-git/src/Gittyup/dep/scintilla/lexilla/src/Document.cxx: In member function ‘int Scintilla::Document::LenChar(Sci::Position) const’:
/build/gittyup-git/src/Gittyup/dep/scintilla/lexilla/src/Document.cxx:644:38: warning: writing 1 byte into a region of size 0 [-Wstringop-overflow=]
  644 |                         charBytes[b] = cb.UCharAt(pos + b);
      |                         ~~~~~~~~~~~~~^~~~~~~~~~~~~~~~~~~~~
/build/gittyup-git/src/Gittyup/dep/scintilla/lexilla/src/Document.cxx:642:31: note: at offset 4 into destination object ‘charBytes’ of size 4
  642 |                 unsigned char charBytes[UTF8MaxBytes] = { leadByte, 0, 0, 0 };
      |                               ^~~~~~~~~
/build/gittyup-git/src/Gittyup/dep/scintilla/lexilla/src/Document.cxx: In member function ‘Sci::Position Scintilla::Document::NextPosition(Sci::Position, int) const’:
/build/gittyup-git/src/Gittyup/dep/scintilla/lexilla/src/Document.cxx:781:62: warning: writing 1 byte into a region of size 0 [-Wstringop-overflow=]
  781 |                                                 charBytes[b] = cb.CharAt(pos+b);
      |                                                 ~~~~~~~~~~~~~^~~~~~~~~~~~~~~~~~
/build/gittyup-git/src/Gittyup/dep/scintilla/lexilla/src/Document.cxx:779:55: note: at offset 4 into destination object ‘charBytes’ of size 4
  779 |                                         unsigned char charBytes[UTF8MaxBytes] = {leadByte,0,0,0};
      |                                                       ^~~~~~~~~
/build/gittyup-git/src/Gittyup/dep/scintilla/lexilla/src/Document.cxx: In member function ‘Scintilla::Document::CharacterExtracted Scintilla::Document::CharacterAfter(Sci::Position) const’:
/build/gittyup-git/src/Gittyup/dep/scintilla/lexilla/src/Document.cxx:863:38: warning: writing 1 byte into a region of size 0 [-Wstringop-overflow=]
  863 |                         charBytes[b] = cb.UCharAt(position + b);
      |                         ~~~~~~~~~~~~~^~~~~~~~~~~~~~~~~~~~~~~~~~
/build/gittyup-git/src/Gittyup/dep/scintilla/lexilla/src/Document.cxx:861:31: note: at offset 4 into destination object ‘charBytes’ of size 4
  861 |                 unsigned char charBytes[UTF8MaxBytes] = { leadByte, 0, 0, 0 };
      |                               ^~~~~~~~~
/build/gittyup-git/src/Gittyup/dep/scintilla/lexilla/src/Document.cxx: In member function ‘Scintilla::Document::CharacterExtracted Scintilla::Document::_ZNK9Scintilla8Document15CharacterBeforeEl.part.0(Sci::Position) const’:
/build/gittyup-git/src/Gittyup/dep/scintilla/lexilla/src/Document.cxx:902:54: warning: writing 1 byte into a region of size 0 [-Wstringop-overflow=]
  902 |                                         charBytes[b] = cb.UCharAt(startUTF + b);
      |                                         ~~~~~~~~~~~~~^~~~~~~~~~~~~~~~~~~~~~~~~~
/build/gittyup-git/src/Gittyup/dep/scintilla/lexilla/src/Document.cxx:900:47: note: at offset 4 into destination object ‘charBytes’ of size 4
  900 |                                 unsigned char charBytes[UTF8MaxBytes] = { 0, 0, 0, 0 };
      |                                               ^~~~~~~~~
/build/gittyup-git/src/Gittyup/dep/scintilla/lexilla/src/Document.cxx: In member function ‘virtual int Scintilla::Document::GetCharacterAndWidth(Sci_Position, Sci_Position*) const’:
/build/gittyup-git/src/Gittyup/dep/scintilla/lexilla/src/Document.cxx:975:54: warning: writing 1 byte into a region of size 0 [-Wstringop-overflow=]
  975 |                                         charBytes[b] = cb.UCharAt(position+b);
      |                                         ~~~~~~~~~~~~~^~~~~~~~~~~~~~~~~~~~~~~~
/build/gittyup-git/src/Gittyup/dep/scintilla/lexilla/src/Document.cxx:973:47: note: at offset 4 into destination object ‘charBytes’ of size 4
  973 |                                 unsigned char charBytes[UTF8MaxBytes] = {leadByte,0,0,0};
      |                                               ^~~~~~~~~
/build/gittyup-git/src/Gittyup/dep/scintilla/lexilla/src/Document.cxx: In function ‘Sci::Position Scintilla::Document::NextPosition(Sci::Position, int) const’:
/build/gittyup-git/src/Gittyup/dep/scintilla/lexilla/src/Document.cxx:781:62: warning: writing 1 byte into a region of size 0 [-Wstringop-overflow=]
  781 |                                                 charBytes[b] = cb.CharAt(pos+b);
      |                                                 ~~~~~~~~~~~~~^~~~~~~~~~~~~~~~~~
/build/gittyup-git/src/Gittyup/dep/scintilla/lexilla/src/Document.cxx:779:55: note: at offset 4 into destination object ‘charBytes’ of size 4
  779 |                                         unsigned char charBytes[UTF8MaxBytes] = {leadByte,0,0,0};
      |                                                       ^~~~~~~~~
/build/gittyup-git/src/Gittyup/dep/scintilla/lexilla/src/Document.cxx: In member function ‘virtual int Scintilla::Document::_ZThn8_NK9Scintilla8Document20GetCharacterAndWidthElPl(Sci_Position, Sci_Position*) const’:
/build/gittyup-git/src/Gittyup/dep/scintilla/lexilla/src/Document.cxx:975:54: warning: writing 1 byte into a region of size 0 [-Wstringop-overflow=]
  975 |                                         charBytes[b] = cb.UCharAt(position+b);
      |                                         ~~~~~~~~~~~~~^~~~~~~~~~~~~~~~~~~~~~~~
/build/gittyup-git/src/Gittyup/dep/scintilla/lexilla/src/Document.cxx:973:47: note: at offset 4 into destination object ‘charBytes’ of size 4
  973 |                                 unsigned char charBytes[UTF8MaxBytes] = {leadByte,0,0,0};
      |                                               ^~~~~~~~~
In member function ‘Sci::Position Scintilla::Document::NextPosition(Sci::Position, int) const’,
    inlined from ‘Sci::Position Scintilla::Document::CountCharacters(Sci::Position, Sci::Position) const’ at /build/gittyup-git/src/Gittyup/dep/scintilla/lexilla/src/Document.cxx:1569:19:
/build/gittyup-git/src/Gittyup/dep/scintilla/lexilla/src/Document.cxx:781:62: warning: writing 1 byte into a region of size 0 [-Wstringop-overflow=]
  781 |                                                 charBytes[b] = cb.CharAt(pos+b);
      |                                                 ~~~~~~~~~~~~~^~~~~~~~~~~~~~~~~~
/build/gittyup-git/src/Gittyup/dep/scintilla/lexilla/src/Document.cxx: In member function ‘Sci::Position Scintilla::Document::CountCharacters(Sci::Position, Sci::Position) const’:
/build/gittyup-git/src/Gittyup/dep/scintilla/lexilla/src/Document.cxx:779:55: note: at offset 4 into destination object ‘charBytes’ of size 4
  779 |                                         unsigned char charBytes[UTF8MaxBytes] = {leadByte,0,0,0};
      |                                                       ^~~~~~~~~
In member function ‘Sci::Position Scintilla::Document::NextPosition(Sci::Position, int) const’,
    inlined from ‘Sci::Position Scintilla::Document::CountUTF16(Sci::Position, Sci::Position) const’ at /build/gittyup-git/src/Gittyup/dep/scintilla/lexilla/src/Document.cxx:1581:42:
/build/gittyup-git/src/Gittyup/dep/scintilla/lexilla/src/Document.cxx:781:62: warning: writing 1 byte into a region of size 0 [-Wstringop-overflow=]
  781 |                                                 charBytes[b] = cb.CharAt(pos+b);
      |                                                 ~~~~~~~~~~~~~^~~~~~~~~~~~~~~~~~
/build/gittyup-git/src/Gittyup/dep/scintilla/lexilla/src/Document.cxx: In member function ‘Sci::Position Scintilla::Document::CountUTF16(Sci::Position, Sci::Position) const’:
/build/gittyup-git/src/Gittyup/dep/scintilla/lexilla/src/Document.cxx:779:55: note: at offset 4 into destination object ‘charBytes’ of size 4
  779 |                                         unsigned char charBytes[UTF8MaxBytes] = {leadByte,0,0,0};
      |                                                       ^~~~~~~~~
/build/gittyup-git/src/Gittyup/dep/scintilla/lexilla/src/Document.cxx: In member function ‘Scintilla::Document::CharacterExtracted Scintilla::Document::ExtractCharacter(Sci::Position) const’:
/build/gittyup-git/src/Gittyup/dep/scintilla/lexilla/src/Document.cxx:1986:30: warning: writing 1 byte into a region of size 0 [-Wstringop-overflow=]
 1986 |                 charBytes[b] = cb.UCharAt(position + b);
      |                 ~~~~~~~~~~~~~^~~~~~~~~~~~~~~~~~~~~~~~~~
/build/gittyup-git/src/Gittyup/dep/scintilla/lexilla/src/Document.cxx:1984:23: note: at offset 4 into destination object ‘charBytes’ of size 4
 1984 |         unsigned char charBytes[UTF8MaxBytes] = { leadByte, 0, 0, 0 };
      |                       ^~~~~~~~~
In member function ‘int Scintilla::Document::LenChar(Sci::Position) const’,
    inlined from ‘void Scintilla::Document::DelChar(Sci::Position)’ at /build/gittyup-git/src/Gittyup/dep/scintilla/lexilla/src/Document.cxx:1457:26:
/build/gittyup-git/src/Gittyup/dep/scintilla/lexilla/src/Document.cxx:644:38: warning: writing 1 byte into a region of size 0 [-Wstringop-overflow=]
  644 |                         charBytes[b] = cb.UCharAt(pos + b);
      |                         ~~~~~~~~~~~~~^~~~~~~~~~~~~~~~~~~~~
/build/gittyup-git/src/Gittyup/dep/scintilla/lexilla/src/Document.cxx: In member function ‘void Scintilla::Document::DelChar(Sci::Position)’:
/build/gittyup-git/src/Gittyup/dep/scintilla/lexilla/src/Document.cxx:642:31: note: at offset 4 into destination object ‘charBytes’ of size 4
  642 |                 unsigned char charBytes[UTF8MaxBytes] = { leadByte, 0, 0, 0 };
      |                               ^~~~~~~~~
/build/gittyup-git/src/Gittyup/dep/scintilla/lexilla/src/Document.cxx: In member function ‘Sci::Position Scintilla::Document::FindText(Sci::Position, Sci::Position, const char*, int, Sci::Position*)’:
/build/gittyup-git/src/Gittyup/dep/scintilla/lexilla/src/Document.cxx:2067:66: warning: writing 1 byte into a region of size 0 [-Wstringop-overflow=]
 2067 |                                                         bytes[b] = cb.CharAt(posIndexDocument+b);
      |                                                         ~~~~~~~~~^~~~~~~~~~~~~~~~~~~~~~~~~~~~~~~
/build/gittyup-git/src/Gittyup/dep/scintilla/lexilla/src/Document.cxx:2053:30: note: at offset 5 into destination object ‘bytes’ of size 5
 2053 |                         char bytes[UTF8MaxBytes + 1] = "";
      |                              ^~~~~
/build/gittyup-git/src/Gittyup/dep/scintilla/lexilla/src/Document.cxx:2067:66: warning: writing 1 byte into a region of size 0 [-Wstringop-overflow=]
 2067 |                                                         bytes[b] = cb.CharAt(posIndexDocument+b);
      |                                                         ~~~~~~~~~^~~~~~~~~~~~~~~~~~~~~~~~~~~~~~~
/build/gittyup-git/src/Gittyup/dep/scintilla/lexilla/src/Document.cxx:2053:30: note: at offset 5 into destination object ‘bytes’ of size 5
 2053 |                         char bytes[UTF8MaxBytes + 1] = "";
      |                              ^~~~~
[332/599] Building CXX object src/index/CMakeFiles/index.dir/LPegLexer.cpp.o
[333/599] Building CXX object src/index/CMakeFiles/index.dir/index_autogen/mocs_compilation.cpp.o
[334/599] Building CXX object src/update/CMakeFiles/update.dir/DownloadDialog.cpp.o
[335/599] Building CXX object src/update/CMakeFiles/update.dir/update_autogen/mocs_compilation.cpp.o
[336/599] Linking CXX static library dep/scintilla/libscintilla.a
[337/599] Building CXX object src/cred/CMakeFiles/cred.dir/CredentialHelper.cpp.o
[338/599] Building CXX object src/tools/CMakeFiles/tools.dir/DiffTool.cpp.o
[339/599] Building CXX object src/tools/CMakeFiles/tools.dir/ShowTool.cpp.o
[340/599] Building CXX object src/tools/CMakeFiles/tools.dir/MergeTool.cpp.o
[341/599] Building CXX object src/index/CMakeFiles/index.dir/IndexModel.cpp.o
[342/599] Building CXX object src/cred/CMakeFiles/cred.dir/Store.cpp.o
[343/599] Automatic MOC for target editor
[344/599] Building CXX object src/tools/CMakeFiles/tools.dir/EditTool.cpp.o
[345/599] Linking CXX static library src/cred/libcred.a
[346/599] Building CXX object src/watcher/CMakeFiles/watcher.dir/RepositoryWatcher_linux.cpp.o
[347/599] Building CXX object src/update/CMakeFiles/update.dir/UpdateDialog.cpp.o
[348/599] Building CXX object src/tools/CMakeFiles/tools.dir/ExternalTool.cpp.o
[349/599] Linking CXX static library src/watcher/libwatcher.a
[350/599] Automatic MOC for target host
[351/599] Linking CXX static library src/tools/libtools.a
[352/599] Building CXX object src/index/Indexer/CMakeFiles/indexer.dir/diffgrabber.cpp.o
[353/599] Building CXX object src/index/Indexer/CMakeFiles/indexer.dir/common.cpp.o
[354/599] Building CXX object src/update/CMakeFiles/update.dir/Updater.cpp.o
[355/599] Linking CXX static library src/update/libupdate.a
[356/599] Building CXX object src/index/Indexer/CMakeFiles/indexer.dir/lexerpool.cpp.o
[357/599] Building CXX object src/index/Indexer/CMakeFiles/indexer.dir/resultwriter.cpp.o
[358/599] Building CXX object src/host/CMakeFiles/host.dir/Repository.cpp.o
[359/599] Building CXX object src/index/CMakeFiles/lexer_test.dir/lexer_test.cpp.o
[360/599] Building CXX object src/index/CMakeFiles/index_test.dir/index_test.cpp.o
[361/599] Building CXX object src/index/Indexer/CMakeFiles/indexer.dir/reduce.cpp.o
[362/599] Building CXX object src/index/Indexer/CMakeFiles/indexer.dir/idstorage.cpp.o
[363/599] Building CXX object src/index/Indexer/CMakeFiles/indexer.dir/indexer.cpp.o
/build/gittyup-git/src/Gittyup/src/index/Indexer/indexer.cpp: In function ‘void {anonymous}::term(int)’:
/build/gittyup-git/src/Gittyup/src/index/Indexer/indexer.cpp:71:8: warning: ignoring return value of ‘ssize_t write(int, const void*, size_t)’ declared with attribute ‘warn_unused_result’ [-Wunused-result]
   71 |   write(fds[0], &ch, sizeof(ch));
      |   ~~~~~^~~~~~~~~~~~~~~~~~~~~~~~~
/build/gittyup-git/src/Gittyup/src/index/Indexer/indexer.cpp: In lambda function:
/build/gittyup-git/src/Gittyup/src/index/Indexer/indexer.cpp:169:11: warning: ignoring return value of ‘ssize_t read(int, void*, size_t)’ declared with attribute ‘warn_unused_result’ [-Wunused-result]
  169 |       read(fds[1], &ch, sizeof(ch));
      |       ~~~~^~~~~~~~~~~~~~~~~~~~~~~~~
[364/599] Building CXX object src/host/CMakeFiles/host.dir/Beanstalk.cpp.o
[365/599] Building CXX object src/host/CMakeFiles/host.dir/Bitbucket.cpp.o
[366/599] Building CXX object src/host/CMakeFiles/host.dir/Accounts.cpp.o
[367/599] Building CXX object src/host/CMakeFiles/host.dir/GitLab.cpp.o
[368/599] Building CXX object src/index/Indexer/CMakeFiles/indexer.dir/map.cpp.o
[369/599] Building CXX object src/host/CMakeFiles/host.dir/Account.cpp.o
[370/599] Building CXX object src/index/CMakeFiles/index.dir/Query.cpp.o
[371/599] Building CXX object src/host/CMakeFiles/host.dir/host_autogen/mocs_compilation.cpp.o
[372/599] Building CXX object src/index/Indexer/CMakeFiles/indexer.dir/main.cpp.o
[373/599] Building CXX object src/host/CMakeFiles/host.dir/GitHub.cpp.o
[374/599] Building CXX object src/host/CMakeFiles/host.dir/Gitea.cpp.o
[375/599] Linking CXX static library src/host/libhost.a
[376/599] Building CXX object src/index/CMakeFiles/index.dir/Index.cpp.o
[377/599] Linking CXX static library src/index/libindex.a
[378/599] Linking CXX executable src/index/lexer_test
[379/599] Linking CXX executable indexer
[380/599] Automatic MOC for target dialogs
[381/599] Linking CXX executable src/index/index_test
[382/599] Building CXX object src/dialogs/CMakeFiles/dialogs.dir/IconLabel.cpp.o
[383/599] Building CXX object src/dialogs/CMakeFiles/dialogs.dir/RebaseConflictDialog.cpp.o
[384/599] Building CXX object src/dialogs/CMakeFiles/dialogs.dir/RemoteTableModel.cpp.o
[385/599] Building CXX object src/dialogs/CMakeFiles/dialogs.dir/AddRemoteDialog.cpp.o
[386/599] Building CXX object src/dialogs/CMakeFiles/dialogs.dir/AmendDialog.cpp.o
[387/599] Building CXX object src/dialogs/CMakeFiles/dialogs.dir/BranchDelegate.cpp.o
[388/599] Building CXX object src/dialogs/CMakeFiles/dialogs.dir/CheckoutDialog.cpp.o
[389/599] Building CXX object src/dialogs/CMakeFiles/dialogs.dir/AboutDialog.cpp.o
[390/599] Building CXX object src/dialogs/CMakeFiles/dialogs.dir/CommitDialog.cpp.o
[391/599] Building CXX object src/dialogs/CMakeFiles/dialogs.dir/ExternalToolsDialog.cpp.o
[392/599] Building CXX object src/dialogs/CMakeFiles/dialogs.dir/ExternalToolsModel.cpp.o
[393/599] Building CXX object src/dialogs/CMakeFiles/dialogs.dir/BranchTableModel.cpp.o
[394/599] Building CXX object src/dialogs/CMakeFiles/dialogs.dir/AccountDialog.cpp.o
[395/599] Building CXX object src/dialogs/CMakeFiles/dialogs.dir/MergeDialog.cpp.o
[396/599] Building CXX object src/dialogs/CMakeFiles/dialogs.dir/DiffPanel.cpp.o
[397/599] Building CXX object src/dialogs/CMakeFiles/dialogs.dir/RenameBranchDialog.cpp.o
[398/599] Building CXX object src/dialogs/CMakeFiles/dialogs.dir/NewBranchDialog.cpp.o
[399/599] Building CXX object src/dialogs/CMakeFiles/dialogs.dir/PluginsPanel.cpp.o
[400/599] Building CXX object src/dialogs/CMakeFiles/dialogs.dir/RemoteDialog.cpp.o
[401/599] Building CXX object src/dialogs/CMakeFiles/dialogs.dir/HotkeysPanel.cpp.o
[402/599] Building CXX object src/dialogs/CMakeFiles/dialogs.dir/dialogs_autogen/mocs_compilation.cpp.o
[403/599] Building CXX object src/dialogs/CMakeFiles/dialogs.dir/PullRequestDialog.cpp.o
[404/599] Building CXX object src/dialogs/CMakeFiles/dialogs.dir/SubmoduleTableModel.cpp.o
[405/599] Building CXX object src/dialogs/CMakeFiles/dialogs.dir/SubmoduleDelegate.cpp.o
[406/599] Building CXX object src/dialogs/CMakeFiles/dialogs.dir/ThemeDialog.cpp.o
[407/599] Building CXX object src/dialogs/CMakeFiles/dialogs.dir/DeleteTagDialog.cpp.o
[408/599] Building CXX object src/dialogs/CMakeFiles/dialogs.dir/DeleteBranchDialog.cpp.o
[409/599] Building CXX object src/dialogs/CMakeFiles/dialogs.dir/TagDialog.cpp.o
[410/599] Building CXX object src/dialogs/CMakeFiles/dialogs.dir/UpdateSubmodulesDialog.cpp.o
[411/599] Building CXX object src/dialogs/CMakeFiles/dialogs.dir/CloneDialog.cpp.o
[412/599] Building CXX object src/dialogs/CMakeFiles/dialogs.dir/StartDialog.cpp.o
[413/599] Building CXX object src/dialogs/CMakeFiles/dialogs.dir/ConfigDialog.cpp.o
[414/599] Building CXX object src/dialogs/CMakeFiles/dialogs.dir/SettingsDialog.cpp.o
[415/599] Linking CXX static library src/dialogs/libdialogs.a
[416/599] Automatic MOC for target ui
[417/599] Building CXX object src/editor/CMakeFiles/editor.dir/LexLPeg.cpp.o
[418/599] Building CXX object src/ui/CMakeFiles/ui.dir/ExpandButton.cpp.o
[419/599] Building CXX object src/ui/CMakeFiles/ui.dir/ContextMenuButton.cpp.o
[420/599] Building CXX object src/ui/CMakeFiles/ui.dir/DiffView/Images.cpp.o
[421/599] Building CXX object src/editor/CMakeFiles/editor.dir/editor_autogen/mocs_compilation.cpp.o
[422/599] Building CXX object src/editor/CMakeFiles/editor.dir/PlatQt.cpp.o
[423/599] Building CXX object src/ui/CMakeFiles/ui.dir/DiffView/Comment.cpp.o
[424/599] Building CXX object src/ui/CMakeFiles/ui.dir/EditorWindow.cpp.o
[425/599] Building CXX object src/ui/CMakeFiles/ui.dir/Badge.cpp.o
[426/599] Building CXX object src/ui/CMakeFiles/ui.dir/DiffView/EditButton.cpp.o
[427/599] Building CXX object src/ui/CMakeFiles/ui.dir/DiffView/FileLabel.cpp.o
[428/599] Building CXX object src/ui/CMakeFiles/ui.dir/ColumnView.cpp.o
[429/599] Building CXX object src/editor/CMakeFiles/editor.dir/ScintillaQt.cpp.o
[430/599] Building CXX object src/editor/CMakeFiles/editor.dir/TextEditor.cpp.o
[431/599] Building CXX object src/editor/CMakeFiles/editor.dir/ScintillaIFace.cpp.o
[432/599] Building CXX object src/ui/CMakeFiles/ui.dir/BlameMargin.cpp.o
[433/599] Building CXX object src/ui/CMakeFiles/ui.dir/CommitToolBar.cpp.o
[434/599] Building CXX object src/ui/CMakeFiles/ui.dir/Footer.cpp.o
[435/599] Building CXX object src/ui/CMakeFiles/ui.dir/IgnoreDialog.cpp.o
[436/599] Building CXX object src/ui/CMakeFiles/ui.dir/FindWidget.cpp.o
[437/599] Building CXX object src/ui/CMakeFiles/ui.dir/HotkeyManager.cpp.o
[438/599] Building CXX object src/ui/CMakeFiles/ui.dir/DoubleTreeWidget.cpp.o
[439/599] Building CXX object src/ui/CMakeFiles/ui.dir/ProgressIndicator.cpp.o
[440/599] Building CXX object src/ui/CMakeFiles/ui.dir/BlameEditor.cpp.o
[441/599] Building CXX object src/ui/CMakeFiles/ui.dir/Location.cpp.o
[442/599] Building CXX object src/ui/CMakeFiles/ui.dir/DiffView/FileWidget.cpp.o
/build/gittyup-git/src/Gittyup/src/ui/DiffView/FileWidget.cpp: In constructor ‘FileWidget::FileWidget(DiffView*, const git::Diff&, const git::Patch&, const git::Patch&, QModelIndex, const QString&, const QString&, bool, QWidget*)’:
/build/gittyup-git/src/Gittyup/src/ui/DiffView/FileWidget.cpp:397:45: warning: ‘void QCheckBox::stateChanged(int)’ is deprecated: Use checkStateChanged() instead [-Wdeprecated-declarations]
  397 |       connect(mHeader->check(), &QCheckBox::stateChanged, [this](int state) {
      |                                             ^~~~~~~~~~~~
In file included from /usr/include/qt6/QtWidgets/QCheckBox:1,
                 from /build/gittyup-git/src/Gittyup/src/ui/DiffView/HunkWidget.h:5,
                 from /build/gittyup-git/src/Gittyup/src/ui/DiffView/FileWidget.cpp:8:
/usr/include/qt6/QtWidgets/qcheckbox.h:42:10: note: declared here
   42 |     void stateChanged(int);
      |          ^~~~~~~~~~~~
[443/599] Building CXX object src/ui/CMakeFiles/ui.dir/AdvancedSearchWidget.cpp.o
[444/599] Building CXX object src/ui/CMakeFiles/ui.dir/History.cpp.o
[445/599] Building CXX object src/ui/CMakeFiles/ui.dir/IndexCompleter.cpp.o
[446/599] Building CXX object src/ui/CMakeFiles/ui.dir/CommitEditor.cpp.o
/build/gittyup-git/src/Gittyup/src/ui/CommitEditor.cpp: In constructor ‘CommitEditor::CommitEditor(const git::Repository&, QWidget*)’:
/build/gittyup-git/src/Gittyup/src/ui/CommitEditor.cpp:300:18: warning: ignoring return value of ‘virtual bool QFile::open(QIODeviceBase::OpenMode)’, declared with attribute ‘nodiscard’ [-Wunused-result]
  300 |     userDict.open(QIODevice::WriteOnly);
      |     ~~~~~~~~~~~~~^~~~~~~~~~~~~~~~~~~~~~
In file included from /usr/include/qt6/QtCore/qdir.h:11,
                 from /usr/include/qt6/QtCore/QDir:1,
                 from /build/gittyup-git/src/Gittyup/src/git/Repository.h:25,
                 from /build/gittyup-git/src/Gittyup/src/ui/CommitEditor.h:4,
                 from /build/gittyup-git/src/Gittyup/src/ui/CommitEditor.cpp:1:
/usr/include/qt6/QtCore/qfile.h:291:32: note: declared here
  291 |     QFILE_MAYBE_NODISCARD bool open(OpenMode flags) override;
      |                                ^~~~
/build/gittyup-git/src/Gittyup/src/ui/CommitEditor.cpp:318:62: warning: ‘QLocale::Country QLocale::country() const’ is deprecated: Use territory() instead [-Wdeprecated-declarations]
  318 |     QString country = QLocale::countryToString(locale.country());
      |                                                ~~~~~~~~~~~~~~^~
In file included from /usr/include/qt6/QtCore/qcalendar.h:10,
                 from /usr/include/qt6/QtCore/qdatetime.h:8,
                 from /usr/include/qt6/QtCore/qdirlisting.h:14,
                 from /usr/include/qt6/QtCore/qdir.h:10:
/usr/include/qt6/QtCore/qlocale.h:938:13: note: declared here
  938 |     Country country() const;
      |             ^~~~~~~
/build/gittyup-git/src/Gittyup/src/ui/CommitEditor.cpp:318:47: warning: ‘static QString QLocale::countryToString(Country)’ is deprecated: Use territoryToString(Territory) instead [-Wdeprecated-declarations]
  318 |     QString country = QLocale::countryToString(locale.country());
      |                       ~~~~~~~~~~~~~~~~~~~~~~~~^~~~~~~~~~~~~~~~~~
/usr/include/qt6/QtCore/qlocale.h:1160:20: note: declared here
 1160 |     static QString countryToString(Country country);
      |                    ^~~~~~~~~~~~~~~
[447/599] Building CXX object src/ui/CMakeFiles/ui.dir/StateAction.cpp.o
[448/599] Building CXX object src/ui/CMakeFiles/ui.dir/ReferenceList.cpp.o
[449/599] Building CXX object src/ui/CMakeFiles/ui.dir/DiffView/DiffView.cpp.o
[450/599] Building CXX object src/ui/CMakeFiles/ui.dir/PathspecWidget.cpp.o
[451/599] Building CXX object src/ui/CMakeFiles/ui.dir/StatePushButton.cpp.o
[452/599] Building CXX object src/ui/CMakeFiles/ui.dir/FileContextMenu.cpp.o
[453/599] Building CXX object src/ui/CMakeFiles/ui.dir/SearchField.cpp.o
[454/599] Linking CXX static library src/editor/libeditor.a
[455/599] Building CXX object src/ui/CMakeFiles/ui.dir/ReferenceWidget.cpp.o
[456/599] Building CXX object src/ui/CMakeFiles/ui.dir/TabBar.cpp.o
[457/599] Building CXX object src/ui/CMakeFiles/ui.dir/ReferenceView.cpp.o
[458/599] Building CXX object src/ui/CMakeFiles/ui.dir/SpellChecker.cpp.o
[459/599] Building CXX object src/ui/CMakeFiles/ui.dir/ui_autogen/mocs_compilation.cpp.o
[460/599] Building CXX object src/ui/CMakeFiles/ui.dir/ConfigKeys.cpp.o
[461/599] Building CXX object src/ui/CMakeFiles/ui.dir/ReferenceModel.cpp.o
[462/599] Building CXX object src/ui/CMakeFiles/ui.dir/DetailView.cpp.o
[463/599] Building CXX object src/ui/CMakeFiles/ui.dir/MainWindow.cpp.o
[464/599] Building CXX object src/ui/CMakeFiles/ui.dir/DiffView/HunkWidget.cpp.o
[465/599] Building CXX object src/ui/CMakeFiles/ui.dir/TemplateButton.cpp.o
[466/599] Building CXX object src/ui/CMakeFiles/ui.dir/TreeProxy.cpp.o
[467/599] Building CXX object src/ui/CMakeFiles/ui.dir/TabWidget.cpp.o
[468/599] Building CXX object src/ui/CMakeFiles/ui.dir/RemoteCallbacks.cpp.o
[469/599] Building CXX object src/ui/CMakeFiles/ui.dir/TreeModel.cpp.o
[470/599] Building CXX object src/plugins/CMakeFiles/plugins.dir/plugins_autogen/mocs_compilation.cpp.o
[471/599] Building CXX object src/ui/CMakeFiles/ui.dir/ViewDelegate.cpp.o
[472/599] Building CXX object src/ui/CMakeFiles/ui.dir/TemplateDialog.cpp.o
[473/599] Building CXX object src/ui/CMakeFiles/ui.dir/MenuBar.cpp.o
[474/599] Building CXX object src/ui/CMakeFiles/ui.dir/TreeView.cpp.o
[475/599] Building CXX object src/ui/CMakeFiles/ui.dir/TreeWidget.cpp.o
[476/599] Building CXX object src/ui/CMakeFiles/ui.dir/SideBar.cpp.o
[477/599] Building CXX object src/ui/CMakeFiles/ui.dir/DiffTreeModel.cpp.o
[478/599] Building CXX object src/ui/CMakeFiles/ui.dir/ToolBar.cpp.o
[479/599] Building CXX object src/ui/CMakeFiles/ui.dir/CommitList.cpp.o
[480/599] Building CXX object src/plugins/CMakeFiles/plugins.dir/Plugin.cpp.o
[481/599] Building CXX object src/ui/CMakeFiles/ui.dir/RepoView.cpp.o
[482/599] Linking CXX static library src/ui/libui.a
[483/599] Linking CXX static library src/plugins/libplugins.a
[484/599] Automatic MOC for target app
[485/599] Generating qrc_resources.cpp
[486/599] Building CXX object src/app/CMakeFiles/app.dir/qrc_resources.cpp.o
[487/599] Building CXX object src/app/CMakeFiles/app.dir/app_autogen/mocs_compilation.cpp.o
[488/599] Building CXX object src/app/CMakeFiles/gittyup.dir/Gittyup.cpp.o
[489/599] Building CXX object src/app/CMakeFiles/app.dir/Theme.cpp.o
[490/599] Building CXX object src/app/CMakeFiles/app.dir/CustomTheme.cpp.o
[491/599] Building CXX object test/CMakeFiles/testlib.dir/Test.cpp.o
[492/599] Building CXX object src/app/CMakeFiles/app.dir/Application.cpp.o
[493/599] Linking CXX static library src/app/libapp.a
[494/599] Linking CXX static library test/libtestlib.a
[495/599] Automatic MOC for target test_Diff
[496/599] Automatic MOC for target test_init_repo
[497/599] Building CXX object test/CMakeFiles/test_init_repo.dir/test_init_repo_autogen/mocs_compilation.cpp.o
[498/599] Automatic MOC for target test_bare_repo
[499/599] Automatic MOC for target test_new_branch_dialog
[500/599] Automatic MOC for target test_merge
[501/599] Automatic MOC for target test_sanity
[502/599] Building CXX object test/CMakeFiles/test_bare_repo.dir/test_bare_repo_autogen/mocs_compilation.cpp.o
[503/599] Automatic MOC for target test_branches_panel
[504/599] Automatic MOC for target test_referencelist
[505/599] Automatic MOC for target test_amend
[506/599] Automatic MOC for target test_Submodule
[507/599] Automatic MOC for target test_Setting
[508/599] Building CXX object test/CMakeFiles/test_new_branch_dialog.dir/test_new_branch_dialog_autogen/mocs_compilation.cpp.o
[509/599] Automatic MOC for target test_TreeView
[510/599] Building CXX object test/CMakeFiles/test_branches_panel.dir/test_branches_panel_autogen/mocs_compilation.cpp.o
[511/599] Automatic MOC for target test_store
[512/599] Building CXX object test/CMakeFiles/test_merge.dir/test_merge_autogen/mocs_compilation.cpp.o
[513/599] Building CXX object test/CMakeFiles/test_sanity.dir/test_sanity_autogen/mocs_compilation.cpp.o
[514/599] Automatic MOC for target test_SshConfig
[515/599] Automatic MOC for target test_log
[516/599] Automatic MOC for target test_rebase
[517/599] Automatic MOC for target test_main_window
[518/599] Building CXX object test/CMakeFiles/test_Diff.dir/test_Diff_autogen/mocs_compilation.cpp.o
[519/599] Automatic MOC for target test_EditorLineInfos
[520/599] Building CXX object test/CMakeFiles/test_TreeView.dir/test_TreeView_autogen/mocs_compilation.cpp.o
[521/599] Building CXX object test/CMakeFiles/test_referencelist.dir/test_referencelist_autogen/mocs_compilation.cpp.o
[522/599] Automatic MOC for target test_index
[523/599] Building CXX object test/CMakeFiles/test_Submodule.dir/test_Submodule_autogen/mocs_compilation.cpp.o
[524/599] Automatic MOC for target test_fileContextMenu
[525/599] Automatic MOC for target test_CommitAuthorCommitter
[526/599] Building CXX object test/CMakeFiles/test_log.dir/test_log_autogen/mocs_compilation.cpp.o
[527/599] Automatic MOC for target test_external_tools_dialog
[528/599] Building CXX object test/CMakeFiles/test_EditorLineInfos.dir/test_EditorLineInfos_autogen/mocs_compilation.cpp.o
[529/599] Building CXX object test/CMakeFiles/test_index.dir/test_index_autogen/mocs_compilation.cpp.o
[530/599] Building CXX object test/CMakeFiles/test_main_window.dir/test_main_window_autogen/mocs_compilation.cpp.o
[531/599] Building CXX object test/CMakeFiles/test_rebase.dir/test_rebase_autogen/mocs_compilation.cpp.o
[532/599] Automatic MOC for target test_commitMessageTemplate
[533/599] Building CXX object test/CMakeFiles/test_CommitAuthorCommitter.dir/test_CommitAuthorCommitter_autogen/mocs_compilation.cpp.o
[534/599] Building CXX object test/CMakeFiles/test_external_tools_dialog.dir/test_external_tools_dialog_autogen/mocs_compilation.cpp.o
[535/599] Building CXX object test/CMakeFiles/test_amend.dir/test_amend_autogen/mocs_compilation.cpp.o
[536/599] Building CXX object test/CMakeFiles/test_SshConfig.dir/test_SshConfig_autogen/mocs_compilation.cpp.o
[537/599] Building CXX object test/CMakeFiles/test_store.dir/test_store_autogen/mocs_compilation.cpp.o
[538/599] Automatic MOC for target test_line_endings
[539/599] Automatic MOC for target test_commitEditor
[540/599] Building CXX object test/CMakeFiles/test_fileContextMenu.dir/test_fileContextMenu_autogen/mocs_compilation.cpp.o
[541/599] Automatic MOC for target test_editor
[542/599] Building CXX object test/CMakeFiles/test_Setting.dir/test_Setting_autogen/mocs_compilation.cpp.o
[543/599] Building CXX object test/CMakeFiles/test_line_endings.dir/test_line_endings_autogen/mocs_compilation.cpp.o
[544/599] Building CXX object test/CMakeFiles/test_editor.dir/test_editor_autogen/mocs_compilation.cpp.o
[545/599] Building CXX object test/CMakeFiles/test_commitMessageTemplate.dir/test_commitMessageTemplate_autogen/mocs_compilation.cpp.o
[546/599] Linking CXX executable gittyup
[547/599] Building CXX object test/CMakeFiles/test_commitEditor.dir/test_commitEditor_autogen/mocs_compilation.cpp.o
[548/599] Building CXX object test/CMakeFiles/test_Diff.dir/Diff.cpp.o
[549/599] Building CXX object test/CMakeFiles/test_external_tools_dialog.dir/external_tools_dialog.cpp.o
[550/599] Building CXX object test/CMakeFiles/test_main_window.dir/main_window.cpp.o
[551/599] Building CXX object test/CMakeFiles/test_log.dir/log.cpp.o
[552/599] Building CXX object test/CMakeFiles/test_sanity.dir/sanity.cpp.o
[553/599] Building CXX object test/CMakeFiles/test_new_branch_dialog.dir/new_branch_dialog.cpp.o
[554/599] Building CXX object test/CMakeFiles/test_bare_repo.dir/bare_repo.cpp.o
[555/599] Building CXX object test/CMakeFiles/test_store.dir/store.cpp.o
[556/599] Building CXX object test/CMakeFiles/test_line_endings.dir/line_endings.cpp.o
[557/599] Building CXX object test/CMakeFiles/test_branches_panel.dir/branches_panel.cpp.o
[558/599] Building CXX object test/CMakeFiles/test_index.dir/index.cpp.o
[559/599] Building CXX object test/CMakeFiles/test_referencelist.dir/referencelist.cpp.o
[560/599] Building CXX object test/CMakeFiles/test_CommitAuthorCommitter.dir/CommitAuthorCommitter.cpp.o
[561/599] Building CXX object test/CMakeFiles/test_Submodule.dir/Submodule.cpp.o
[562/599] Building CXX object test/CMakeFiles/test_editor.dir/editor.cpp.o
[563/599] Building CXX object test/CMakeFiles/test_init_repo.dir/init_repo.cpp.o
[564/599] Building CXX object test/CMakeFiles/test_commitMessageTemplate.dir/commitMessageTemplate.cpp.o
[565/599] Building CXX object test/CMakeFiles/test_Setting.dir/Setting.cpp.o
[566/599] Building CXX object test/CMakeFiles/test_merge.dir/merge.cpp.o
[567/599] Building CXX object test/CMakeFiles/test_SshConfig.dir/SshConfig.cpp.o
[568/599] Building CXX object test/CMakeFiles/test_amend.dir/amend.cpp.o
[569/599] Building CXX object test/CMakeFiles/test_TreeView.dir/TreeView.cpp.o
[570/599] Linking CXX executable test/Diff
[571/599] Linking CXX executable test/external_tools_dialog
[572/599] Linking CXX executable test/main_window
[573/599] Linking CXX executable test/log
[574/599] Linking CXX executable test/sanity
[575/599] Building CXX object test/CMakeFiles/test_rebase.dir/rebase.cpp.o
[576/599] Building CXX object test/CMakeFiles/test_fileContextMenu.dir/fileContextMenu.cpp.o
[577/599] Linking CXX executable test/bare_repo
[578/599] Linking CXX executable test/line_endings
[579/599] Linking CXX executable test/store
[580/599] Linking CXX executable test/new_branch_dialog
[581/599] Building CXX object test/CMakeFiles/test_commitEditor.dir/commitEditor.cpp.o
[582/599] Linking CXX executable test/CommitAuthorCommitter
[583/599] Linking CXX executable test/referencelist
[584/599] Linking CXX executable test/branches_panel
[585/599] Linking CXX executable test/index
[586/599] Linking CXX executable test/Submodule
[587/599] Linking CXX executable test/editor
[588/599] Linking CXX executable test/commitMessageTemplate
[589/599] Linking CXX executable test/init_repo
[590/599] Linking CXX executable test/merge
[591/599] Linking CXX executable test/SshConfig
[592/599] Linking CXX executable test/amend
[593/599] Linking CXX executable test/Setting
[594/599] Linking CXX executable test/TreeView
[595/599] Linking CXX executable test/rebase
[596/599] Linking CXX executable test/fileContextMenu
[597/599] Linking CXX executable test/commitEditor
[598/599] Building CXX object test/CMakeFiles/test_EditorLineInfos.dir/EditorLineInfos.cpp.o
[599/599] Linking CXX executable test/EditorLineInfos
