+ exec meson setup --prefix /usr --libexecdir lib --sbindir bin --buildtype plain --auto-features enabled --wrap-mode nodownload -D b_pie=true -D python.bytecompile=1 gnome-firmware build
The Meson build system
Version: 1.8.3
Source dir: /build/gnome-firmware-git/src/gnome-firmware
Build dir: /build/gnome-firmware-git/src/build
Build type: native build
Project name: gnome-firmware
Project version: 48.alpha
C compiler for the host machine: cc (gcc 15.1.1 "cc (GCC) 15.1.1 20250729")
C linker for the host machine: cc ld.bfd 2.45.0
Host machine cpu family: x86_64
Host machine cpu: x86_64
Compiler for C supports arguments -Waggregate-return: YES 
Compiler for C supports arguments -Warray-bounds: YES 
Compiler for C supports arguments -Wcast-align: YES 
Compiler for C supports arguments -Wclobbered: YES 
Compiler for C supports arguments -Wdeclaration-after-statement: YES 
Compiler for C supports arguments -Wempty-body: YES 
Compiler for C supports arguments -Wextra: YES 
gnome-firmware/meson.build:60: WARNING: Consider using the built-in warning_level option instead of using "-Wextra".
Compiler for C supports arguments -Wformat=2: YES 
Compiler for C supports arguments -Wformat-security: YES 
Compiler for C supports arguments -Wformat-signedness: YES 
Compiler for C supports arguments -Wignored-qualifiers: YES 
Compiler for C supports arguments -Wimplicit-function-declaration: YES 
Compiler for C supports arguments -Winit-self: YES 
Compiler for C supports arguments -Wmissing-declarations: YES 
Compiler for C supports arguments -Wmissing-format-attribute: YES 
Compiler for C supports arguments -Wmissing-include-dirs: YES 
Compiler for C supports arguments -Wmissing-noreturn: YES 
Compiler for C supports arguments -Wmissing-parameter-type: YES 
Compiler for C supports arguments -Wmissing-prototypes: YES 
Compiler for C supports arguments -Wnested-externs: YES 
Compiler for C supports arguments -Wno-discarded-qualifiers: YES 
Compiler for C supports arguments -Wno-missing-field-initializers: YES 
Compiler for C supports arguments -Wno-strict-aliasing: YES 
Compiler for C supports arguments -Wno-suggest-attribute=format: YES 
Compiler for C supports arguments -Wno-unused-parameter: YES 
Compiler for C supports arguments -Wno-cast-function-type: YES 
Compiler for C supports arguments -Wold-style-definition: YES 
Compiler for C supports arguments -Wno-deprecated-declarations: YES 
Compiler for C supports arguments -Wno-format-nonliteral: YES 
Compiler for C supports arguments -Woverride-init: YES 
Compiler for C supports arguments -Wpacked: YES 
Compiler for C supports arguments -Wpointer-arith: YES 
Compiler for C supports arguments -Wredundant-decls: YES 
Compiler for C supports arguments -Wreturn-type: YES 
Compiler for C supports arguments -Wshadow: YES 
Compiler for C supports arguments -Wsign-compare: YES 
Compiler for C supports arguments -Wstrict-aliasing: YES 
Compiler for C supports arguments -Wstrict-prototypes: YES 
Compiler for C supports arguments -Wswitch-default: YES 
Compiler for C supports arguments -Wtype-limits: YES 
Compiler for C supports arguments -Wundef: YES 
Compiler for C supports arguments -Wuninitialized: YES 
Compiler for C supports arguments -Wunused-but-set-variable: YES 
Compiler for C supports arguments -Wwrite-strings: YES 
Compiler for C supports link arguments -Wl,-z,relro: YES 
Compiler for C supports link arguments -Wl,-z,now: YES 
Found pkg-config: YES (/usr/bin/pkg-config) 2.5.1
Run-time dependency gtk4 found: YES 4.18.6
Run-time dependency gio-2.0 found: YES 2.84.3
Run-time dependency fwupd found: YES 2.0.13
Run-time dependency xmlb found: YES 0.3.22
Run-time dependency libadwaita-1 found: YES 1.7.6
Configuring config.h using configuration
Dependency gio-2.0 found: YES 2.84.3 (cached)
Program /usr/bin/glib-compile-resources found: YES (/usr/bin/glib-compile-resources)
Program help2man found: YES (/usr/bin/help2man)
Program msgfmt found: YES (/usr/bin/msgfmt)
Program msginit found: YES (/usr/bin/msginit)
Program msgmerge found: YES (/usr/bin/msgmerge)
Program xgettext found: YES (/usr/bin/xgettext)
Program appstreamcli found: YES (/usr/bin/appstreamcli)
Dependency gio-2.0 found: YES 2.84.3 (cached)
Program /usr/bin/glib-compile-schemas found: YES (/usr/bin/glib-compile-schemas)
Configuring org.gnome.Firmware.service using configuration
Dependency gio-2.0 found: YES 2.84.3 (cached)
Program /usr/bin/glib-compile-schemas found: YES (/usr/bin/glib-compile-schemas)
Program gtk4-update-icon-cache found: YES (/usr/bin/gtk4-update-icon-cache)
Program update-desktop-database found: YES (/usr/bin/update-desktop-database)
Build targets in project: 43

gnome-firmware 48.alpha

  User defined options
    auto_features     : enabled
    b_pie             : true
    buildtype         : plain
    libexecdir        : lib
    prefix            : /usr
    python.bytecompile: 1
    sbindir           : bin
    wrap_mode         : nodownload

Found ninja-1.12.1 at /usr/bin/ninja
Generating targets:   0%|          | 0/43 eta ?                                               Writing build.ninja:   0%|          | 0/76 eta ?                                                ninja: Entering directory `build'
[1/45] Building translation po/da/LC_MESSAGES/gnome-firmware-da.mo
[2/45] Building translation po/de/LC_MESSAGES/gnome-firmware-de.mo
[3/45] Building translation po/en_GB/LC_MESSAGES/gnome-firmware-en_GB.mo
[4/45] Building translation po/bg/LC_MESSAGES/gnome-firmware-bg.mo
[5/45] Building translation po/ca/LC_MESSAGES/gnome-firmware-ca.mo
[6/45] Building translation po/cs/LC_MESSAGES/gnome-firmware-cs.mo
[7/45] Building translation po/eu/LC_MESSAGES/gnome-firmware-eu.mo
[8/45] Building translation po/es/LC_MESSAGES/gnome-firmware-es.mo
[9/45] Building translation po/fa/LC_MESSAGES/gnome-firmware-fa.mo
[10/45] Building translation po/fr/LC_MESSAGES/gnome-firmware-fr.mo
[11/45] Building translation po/fur/LC_MESSAGES/gnome-firmware-fur.mo
[12/45] Building translation po/gl/LC_MESSAGES/gnome-firmware-gl.mo
[13/45] Building translation po/he/LC_MESSAGES/gnome-firmware-he.mo
[14/45] Building translation po/hi/LC_MESSAGES/gnome-firmware-hi.mo
[15/45] Building translation po/hr/LC_MESSAGES/gnome-firmware-hr.mo
[16/45] Building translation po/hu/LC_MESSAGES/gnome-firmware-hu.mo
[17/45] Building translation po/nl/LC_MESSAGES/gnome-firmware-nl.mo
[18/45] Building translation po/fi/LC_MESSAGES/gnome-firmware-fi.mo
[19/45] Building translation po/id/LC_MESSAGES/gnome-firmware-id.mo
[20/45] Building translation po/ka/LC_MESSAGES/gnome-firmware-ka.mo
[21/45] Building translation po/pa/LC_MESSAGES/gnome-firmware-pa.mo
[22/45] Building translation po/it/LC_MESSAGES/gnome-firmware-it.mo
[23/45] Building translation po/pl/LC_MESSAGES/gnome-firmware-pl.mo
[24/45] Building translation po/sl/LC_MESSAGES/gnome-firmware-sl.mo
[25/45] Building translation po/sk/LC_MESSAGES/gnome-firmware-sk.mo
[26/45] Building translation po/pt_BR/LC_MESSAGES/gnome-firmware-pt_BR.mo
[27/45] Compiling gschemas data/gsettings-compile-data
[28/45] Building translation po/sv/LC_MESSAGES/gnome-firmware-sv.mo
[29/45] Building translation po/ru/LC_MESSAGES/gnome-firmware-ru.mo
[30/45] Building translation po/sr/LC_MESSAGES/gnome-firmware-sr.mo
[31/45] Building translation po/zh_TW/LC_MESSAGES/gnome-firmware-zh_TW.mo
[32/45] Building translation po/uk/LC_MESSAGES/gnome-firmware-uk.mo
[33/45] Building translation po/tr/LC_MESSAGES/gnome-firmware-tr.mo
[34/45] Building translation po/zh_CN/LC_MESSAGES/gnome-firmware-zh_CN.mo
[35/45] Generating src/gnome-firmware-resources_h with a custom command
[36/45] Generating src/gnome-firmware-resources_c with a custom command
[37/45] Merging translations for data/org.gnome.Firmware.desktop
[38/45] Merging translations for data/appdata/org.gnome.Firmware.metainfo.xml
[39/45] Compiling C object src/gnome-firmware.p/meson-generated_.._gnome-firmware-resources.c.o
[40/45] Compiling C object src/gnome-firmware.p/gfu-common.c.o
[41/45] Compiling C object src/gnome-firmware.p/gfu-device-row.c.o
[42/45] Compiling C object src/gnome-firmware.p/gfu-release-row.c.o
[43/45] Compiling C object src/gnome-firmware.p/gfu-main.c.o
[44/45] Linking target src/gnome-firmware
[45/45] Generating src/gnome-firmware-man with a custom command
