+ exec meson setup --prefix /usr --libexecdir lib --sbindir bin --buildtype plain --auto-features enabled --wrap-mode nodownload -D b_pie=true -D python.bytecompile=1 gnome-disk-utility build
The Meson build system
Version: 1.8.3
Source dir: /build/gnome-disk-utility-git/src/gnome-disk-utility
Build dir: /build/gnome-disk-utility-git/src/build
Build type: native build
Project name: gnome-disk-utility
Project version: 47.alpha
C compiler for the host machine: cc (gcc 15.1.1 "cc (GCC) 15.1.1 20250729")
C linker for the host machine: cc ld.bfd 2.45.0
Rust compiler for the host machine: rustc -C linker=cc (rustc 1.89.0 "1.89.0")
Rust linker for the host machine: rustc -C linker=cc ld.bfd 2.45.0
Host machine cpu family: x86_64
Host machine cpu: x86_64
Found pkg-config: YES (/usr/bin/pkg-config) 2.5.1
Run-time dependency dvdread found: YES 6.1.3
Run-time dependency gio-unix-2.0 found: YES 2.84.3
Run-time dependency gmodule-2.0 found: YES 2.84.3
Run-time dependency gtk4 found: YES 4.18.6
Dependency libadwaita-1 found: NO. Found 1.7.6 but need: '>= 1.8.alpha'
Did not find CMake 'cmake'
Found CMake: NO
Run-time dependency libadwaita-1 found: NO 

gnome-disk-utility/meson.build:85:17: ERROR: Dependency lookup for libadwaita-1 with method 'pkgconfig' failed: Invalid version, need 'libadwaita-1' ['>= 1.8.alpha'] found '1.7.6'.

A full log can be found at /build/gnome-disk-utility-git/src/build/meson-logs/meson-log.txt
[1m[31m==> ERROR:(B[m[1m A failure occurred in build().(B[m
[1m    Aborting...(B[m
