checking for a BSD-compatible install... /usr/bin/install -c
checking whether build environment is sane... yes
/bin/sh: /build/missing: No such file or directory
configure: WARNING: `missing' script is too old or missing
checking for a thread-safe mkdir -p... /usr/bin/mkdir -p
checking for gawk... gawk
checking whether make sets $(MAKE)... yes
checking for gcc... gcc
checking whether the C compiler works... yes
checking for C compiler default output file name... a.out
checking for suffix of executables... 
checking whether we are cross compiling... no
checking for suffix of object files... o
checking whether we are using the GNU C compiler... yes
checking whether gcc accepts -g... yes
checking for gcc option to accept ISO C89... none needed
checking for style of include used by make... GNU
checking dependency style of gcc... none
checking for g++... g++
checking whether we are using the GNU C++ compiler... yes
checking whether g++ accepts -g... yes
checking dependency style of g++... none
configure: creating ./config.status
config.status: creating Makefile
config.status: creating src/Makefile
config.status: creating doc/src/Makefile
config.status: creating config.h
config.status: executing depfiles commands
make  all-recursive
make[1]: Entering directory '/build/gnuclad/src/gnuclad-0.2.4.p1'
Making all in src
make[2]: Entering directory '/build/gnuclad/src/gnuclad-0.2.4.p1/src'
source='gnuclad-portability.cpp' object='gnuclad-gnuclad-portability.o' libtool=no \
DEPDIR=.deps depmode=none /bin/sh ../build-aux/depcomp \
g++ -DHAVE_CONFIG_H -I. -I..  -Wall -Wextra -Werror -pedantic-errors -ansi -O2   -march=x86-64 -mtune=generic -O2 -pipe -fno-plt -fexceptions         -Wp,-D_FORTIFY_SOURCE=3 -Wformat -Werror=format-security         -fstack-clash-protection -fcf-protection         -fno-omit-frame-pointer -mno-omit-leaf-frame-pointer -Wp,-D_GLIBCXX_ASSERTIONS -g -ffile-prefix-map=/build/gnuclad/src=/usr/src/debug/gnuclad -flto=auto -c -o gnuclad-gnuclad-portability.o `test -f 'gnuclad-portability.cpp' || echo './'`gnuclad-portability.cpp
source='gnuclad.cpp' object='gnuclad-gnuclad.o' libtool=no \
DEPDIR=.deps depmode=none /bin/sh ../build-aux/depcomp \
g++ -DHAVE_CONFIG_H -I. -I..  -Wall -Wextra -Werror -pedantic-errors -ansi -O2   -march=x86-64 -mtune=generic -O2 -pipe -fno-plt -fexceptions         -Wp,-D_FORTIFY_SOURCE=3 -Wformat -Werror=format-security         -fstack-clash-protection -fcf-protection         -fno-omit-frame-pointer -mno-omit-leaf-frame-pointer -Wp,-D_GLIBCXX_ASSERTIONS -g -ffile-prefix-map=/build/gnuclad/src=/usr/src/debug/gnuclad -flto=auto -c -o gnuclad-gnuclad.o `test -f 'gnuclad.cpp' || echo './'`gnuclad.cpp
source='gnuclad-cladogram.cpp' object='gnuclad-gnuclad-cladogram.o' libtool=no \
DEPDIR=.deps depmode=none /bin/sh ../build-aux/depcomp \
g++ -DHAVE_CONFIG_H -I. -I..  -Wall -Wextra -Werror -pedantic-errors -ansi -O2   -march=x86-64 -mtune=generic -O2 -pipe -fno-plt -fexceptions         -Wp,-D_FORTIFY_SOURCE=3 -Wformat -Werror=format-security         -fstack-clash-protection -fcf-protection         -fno-omit-frame-pointer -mno-omit-leaf-frame-pointer -Wp,-D_GLIBCXX_ASSERTIONS -g -ffile-prefix-map=/build/gnuclad/src=/usr/src/debug/gnuclad -flto=auto -c -o gnuclad-gnuclad-cladogram.o `test -f 'gnuclad-cladogram.cpp' || echo './'`gnuclad-cladogram.cpp
source='gnuclad-helpers.cpp' object='gnuclad-gnuclad-helpers.o' libtool=no \
DEPDIR=.deps depmode=none /bin/sh ../build-aux/depcomp \
g++ -DHAVE_CONFIG_H -I. -I..  -Wall -Wextra -Werror -pedantic-errors -ansi -O2   -march=x86-64 -mtune=generic -O2 -pipe -fno-plt -fexceptions         -Wp,-D_FORTIFY_SOURCE=3 -Wformat -Werror=format-security         -fstack-clash-protection -fcf-protection         -fno-omit-frame-pointer -mno-omit-leaf-frame-pointer -Wp,-D_GLIBCXX_ASSERTIONS -g -ffile-prefix-map=/build/gnuclad/src=/usr/src/debug/gnuclad -flto=auto -c -o gnuclad-gnuclad-helpers.o `test -f 'gnuclad-helpers.cpp' || echo './'`gnuclad-helpers.cpp
source='parser/csv.cpp' object='parser/gnuclad-csv.o' libtool=no \
DEPDIR=.deps depmode=none /bin/sh ../build-aux/depcomp \
g++ -DHAVE_CONFIG_H -I. -I..  -Wall -Wextra -Werror -pedantic-errors -ansi -O2   -march=x86-64 -mtune=generic -O2 -pipe -fno-plt -fexceptions         -Wp,-D_FORTIFY_SOURCE=3 -Wformat -Werror=format-security         -fstack-clash-protection -fcf-protection         -fno-omit-frame-pointer -mno-omit-leaf-frame-pointer -Wp,-D_GLIBCXX_ASSERTIONS -g -ffile-prefix-map=/build/gnuclad/src=/usr/src/debug/gnuclad -flto=auto -c -o parser/gnuclad-csv.o `test -f 'parser/csv.cpp' || echo './'`parser/csv.cpp
source='parser/dir.cpp' object='parser/gnuclad-dir.o' libtool=no \
DEPDIR=.deps depmode=none /bin/sh ../build-aux/depcomp \
g++ -DHAVE_CONFIG_H -I. -I..  -Wall -Wextra -Werror -pedantic-errors -ansi -O2   -march=x86-64 -mtune=generic -O2 -pipe -fno-plt -fexceptions         -Wp,-D_FORTIFY_SOURCE=3 -Wformat -Werror=format-security         -fstack-clash-protection -fcf-protection         -fno-omit-frame-pointer -mno-omit-leaf-frame-pointer -Wp,-D_GLIBCXX_ASSERTIONS -g -ffile-prefix-map=/build/gnuclad/src=/usr/src/debug/gnuclad -flto=auto -c -o parser/gnuclad-dir.o `test -f 'parser/dir.cpp' || echo './'`parser/dir.cpp
source='generator/csv.cpp' object='generator/gnuclad-csv.o' libtool=no \
DEPDIR=.deps depmode=none /bin/sh ../build-aux/depcomp \
g++ -DHAVE_CONFIG_H -I. -I..  -Wall -Wextra -Werror -pedantic-errors -ansi -O2   -march=x86-64 -mtune=generic -O2 -pipe -fno-plt -fexceptions         -Wp,-D_FORTIFY_SOURCE=3 -Wformat -Werror=format-security         -fstack-clash-protection -fcf-protection         -fno-omit-frame-pointer -mno-omit-leaf-frame-pointer -Wp,-D_GLIBCXX_ASSERTIONS -g -ffile-prefix-map=/build/gnuclad/src=/usr/src/debug/gnuclad -flto=auto -c -o generator/gnuclad-csv.o `test -f 'generator/csv.cpp' || echo './'`generator/csv.cpp
source='generator/svg.cpp' object='generator/gnuclad-svg.o' libtool=no \
DEPDIR=.deps depmode=none /bin/sh ../build-aux/depcomp \
g++ -DHAVE_CONFIG_H -I. -I..  -Wall -Wextra -Werror -pedantic-errors -ansi -O2   -march=x86-64 -mtune=generic -O2 -pipe -fno-plt -fexceptions         -Wp,-D_FORTIFY_SOURCE=3 -Wformat -Werror=format-security         -fstack-clash-protection -fcf-protection         -fno-omit-frame-pointer -mno-omit-leaf-frame-pointer -Wp,-D_GLIBCXX_ASSERTIONS -g -ffile-prefix-map=/build/gnuclad/src=/usr/src/debug/gnuclad -flto=auto -c -o generator/gnuclad-svg.o `test -f 'generator/svg.cpp' || echo './'`generator/svg.cpp
source='generator/conf.cpp' object='generator/gnuclad-conf.o' libtool=no \
DEPDIR=.deps depmode=none /bin/sh ../build-aux/depcomp \
g++ -DHAVE_CONFIG_H -I. -I..  -Wall -Wextra -Werror -pedantic-errors -ansi -O2   -march=x86-64 -mtune=generic -O2 -pipe -fno-plt -fexceptions         -Wp,-D_FORTIFY_SOURCE=3 -Wformat -Werror=format-security         -fstack-clash-protection -fcf-protection         -fno-omit-frame-pointer -mno-omit-leaf-frame-pointer -Wp,-D_GLIBCXX_ASSERTIONS -g -ffile-prefix-map=/build/gnuclad/src=/usr/src/debug/gnuclad -flto=auto -c -o generator/gnuclad-conf.o `test -f 'generator/conf.cpp' || echo './'`generator/conf.cpp
source='generator/png.cpp' object='generator/gnuclad-png.o' libtool=no \
DEPDIR=.deps depmode=none /bin/sh ../build-aux/depcomp \
g++ -DHAVE_CONFIG_H -I. -I..  -Wall -Wextra -Werror -pedantic-errors -ansi -O2   -march=x86-64 -mtune=generic -O2 -pipe -fno-plt -fexceptions         -Wp,-D_FORTIFY_SOURCE=3 -Wformat -Werror=format-security         -fstack-clash-protection -fcf-protection         -fno-omit-frame-pointer -mno-omit-leaf-frame-pointer -Wp,-D_GLIBCXX_ASSERTIONS -g -ffile-prefix-map=/build/gnuclad/src=/usr/src/debug/gnuclad -flto=auto -c -o generator/gnuclad-png.o `test -f 'generator/png.cpp' || echo './'`generator/png.cpp
g++  -march=x86-64 -mtune=generic -O2 -pipe -fno-plt -fexceptions         -Wp,-D_FORTIFY_SOURCE=3 -Wformat -Werror=format-security         -fstack-clash-protection -fcf-protection         -fno-omit-frame-pointer -mno-omit-leaf-frame-pointer -Wp,-D_GLIBCXX_ASSERTIONS -g -ffile-prefix-map=/build/gnuclad/src=/usr/src/debug/gnuclad -flto=auto  -Wl,-O1 -Wl,--sort-common -Wl,--as-needed -Wl,-z,relro -Wl,-z,now          -Wl,-z,pack-relative-relocs -flto=auto -o gnuclad gnuclad-gnuclad-portability.o gnuclad-gnuclad.o gnuclad-gnuclad-cladogram.o gnuclad-gnuclad-helpers.o parser/gnuclad-csv.o parser/gnuclad-dir.o generator/gnuclad-csv.o generator/gnuclad-svg.o generator/gnuclad-conf.o generator/gnuclad-png.o  
make[2]: Leaving directory '/build/gnuclad/src/gnuclad-0.2.4.p1/src'
Making all in doc/src
make[2]: Entering directory '/build/gnuclad/src/gnuclad-0.2.4.p1/doc/src'
make[2]: Nothing to be done for 'all'.
make[2]: Leaving directory '/build/gnuclad/src/gnuclad-0.2.4.p1/doc/src'
make[2]: Entering directory '/build/gnuclad/src/gnuclad-0.2.4.p1'
make[2]: Leaving directory '/build/gnuclad/src/gnuclad-0.2.4.p1'
make[1]: Leaving directory '/build/gnuclad/src/gnuclad-0.2.4.p1'
