The Meson build system
Version: 1.9.1
Source dir: /build/grimripper-git/src/GrimRipper
Build dir: /build/grimripper-git/src/GrimRipper/build
Build type: native build
Project name: GrimRipper
Project version: 3.0.2
C compiler for the host machine: cc (gcc 15.2.1 "cc (GCC) 15.2.1 20250813")
C linker for the host machine: cc ld.bfd 2.45.0
Host machine cpu family: x86_64
Host machine cpu: x86_64
Found pkg-config: YES (/usr/bin/pkg-config) 2.5.1
Run-time dependency gtk+-3.0 found: YES 3.24.50
Run-time dependency libcddb found: YES 1.3.2
Build-time dependency gio-2.0 found: YES 2.86.0
Program /usr/bin/glib-compile-resources found: YES (/usr/bin/glib-compile-resources)
Configuring config.h using configuration
Program msgfmt found: YES (/usr/bin/msgfmt)
Program msginit found: YES (/usr/bin/msginit)
Program msgmerge found: YES (/usr/bin/msgmerge)
Program xgettext found: YES (/usr/bin/xgettext)
Build targets in project: 109

GrimRipper 3.0.2

  User defined options
    prefix: /usr

Found ninja-1.12.1 at /usr/bin/ninja
Generating targets:   0%|          | 0/109 eta ?                                                Writing build.ninja:   0%|          | 0/147 eta ?                                                 WARNING: Running the setup command as `meson [options]` instead of `meson setup [options]` is ambiguous and deprecated.
ninja: Entering directory `build'
[1/116] Generating data/icons/icon_resources_c with a custom command
[2/116] Generating data/icons/icon_resources_h with a custom command
[3/116] Building translation po/an/LC_MESSAGES/GrimRipper-an.mo
[4/116] Building translation po/bn/LC_MESSAGES/GrimRipper-bn.mo
[5/116] Building translation po/br/LC_MESSAGES/GrimRipper-br.mo
[6/116] Building translation po/af/LC_MESSAGES/GrimRipper-af.mo
[7/116] Building translation po/am/LC_MESSAGES/GrimRipper-am.mo
[8/116] Building translation po/ar/LC_MESSAGES/GrimRipper-ar.mo
[9/116] Building translation po/as/LC_MESSAGES/GrimRipper-as.mo
[10/116] Building translation po/az/LC_MESSAGES/GrimRipper-az.mo
[11/116] Building translation po/be/LC_MESSAGES/GrimRipper-be.mo
[12/116] Building translation po/be@latin/LC_MESSAGES/GrimRipper-be@latin.mo
[13/116] Building translation po/bg/LC_MESSAGES/GrimRipper-bg.mo
[14/116] Building translation po/bn_IN/LC_MESSAGES/GrimRipper-bn_IN.mo
[15/116] Building translation po/bs_BA/LC_MESSAGES/GrimRipper-bs_BA.mo
[16/116] Building translation po/ca/LC_MESSAGES/GrimRipper-ca.mo
[17/116] Building translation po/cs/LC_MESSAGES/GrimRipper-cs.mo
[18/116] Building translation po/cy/LC_MESSAGES/GrimRipper-cy.mo
[19/116] Building translation po/da/LC_MESSAGES/GrimRipper-da.mo
[20/116] Building translation po/de/LC_MESSAGES/GrimRipper-de.mo
[21/116] Building translation po/dz/LC_MESSAGES/GrimRipper-dz.mo
[22/116] Building translation po/eo/LC_MESSAGES/GrimRipper-eo.mo
[23/116] Building translation po/el/LC_MESSAGES/GrimRipper-el.mo
[24/116] Building translation po/es/LC_MESSAGES/GrimRipper-es.mo
[25/116] Building translation po/eu/LC_MESSAGES/GrimRipper-eu.mo
[26/116] Building translation po/fa/LC_MESSAGES/GrimRipper-fa.mo
[27/116] Building translation po/ff/LC_MESSAGES/GrimRipper-ff.mo
[28/116] Building translation po/fi/LC_MESSAGES/GrimRipper-fi.mo
[29/116] Building translation po/fo/LC_MESSAGES/GrimRipper-fo.mo
[30/116] Building translation po/fr/LC_MESSAGES/GrimRipper-fr.mo
[31/116] Building translation po/gl/LC_MESSAGES/GrimRipper-gl.mo
[32/116] Building translation po/gu/LC_MESSAGES/GrimRipper-gu.mo
[33/116] Building translation po/fy/LC_MESSAGES/GrimRipper-fy.mo
[34/116] Building translation po/ga/LC_MESSAGES/GrimRipper-ga.mo
[35/116] Building translation po/he/LC_MESSAGES/GrimRipper-he.mo
[36/116] Building translation po/hi/LC_MESSAGES/GrimRipper-hi.mo
[37/116] Building translation po/hr/LC_MESSAGES/GrimRipper-hr.mo
[38/116] Building translation po/ht/LC_MESSAGES/GrimRipper-ht.mo
[39/116] Building translation po/hu/LC_MESSAGES/GrimRipper-hu.mo
[40/116] Building translation po/hy/LC_MESSAGES/GrimRipper-hy.mo
[41/116] Building translation po/ia/LC_MESSAGES/GrimRipper-ia.mo
[42/116] Building translation po/id/LC_MESSAGES/GrimRipper-id.mo
[43/116] Building translation po/is/LC_MESSAGES/GrimRipper-is.mo
[44/116] Building translation po/it/LC_MESSAGES/GrimRipper-it.mo
[45/116] Building translation po/ja/LC_MESSAGES/GrimRipper-ja.mo
[46/116] Building translation po/ka/LC_MESSAGES/GrimRipper-ka.mo
[47/116] Building translation po/kk/LC_MESSAGES/GrimRipper-kk.mo
[48/116] Building translation po/km/LC_MESSAGES/GrimRipper-km.mo
[49/116] Building translation po/ko/LC_MESSAGES/GrimRipper-ko.mo
[50/116] Building translation po/la/LC_MESSAGES/GrimRipper-la.mo
[51/116] Building translation po/ky/LC_MESSAGES/GrimRipper-ky.mo
[52/116] Building translation po/lb/LC_MESSAGES/GrimRipper-lb.mo
[53/116] Building translation po/ku/LC_MESSAGES/GrimRipper-ku.mo
[54/116] Building translation po/lg/LC_MESSAGES/GrimRipper-lg.mo
[55/116] Building translation po/lt/LC_MESSAGES/GrimRipper-lt.mo
[56/116] Building translation po/lv/LC_MESSAGES/GrimRipper-lv.mo
[57/116] Building translation po/mg/LC_MESSAGES/GrimRipper-mg.mo
[58/116] Building translation po/mk/LC_MESSAGES/GrimRipper-mk.mo
[59/116] Building translation po/ms/LC_MESSAGES/GrimRipper-ms.mo
[60/116] Building translation po/ml/LC_MESSAGES/GrimRipper-ml.mo
[61/116] Building translation po/mn/LC_MESSAGES/GrimRipper-mn.mo
[62/116] Building translation po/mr/LC_MESSAGES/GrimRipper-mr.mo
[63/116] Building translation po/my/LC_MESSAGES/GrimRipper-my.mo
[64/116] Building translation po/ne/LC_MESSAGES/GrimRipper-ne.mo
[65/116] Building translation po/nl/LC_MESSAGES/GrimRipper-nl.mo
[66/116] Building translation po/nn/LC_MESSAGES/GrimRipper-nn.mo
[67/116] Building translation po/oc/LC_MESSAGES/GrimRipper-oc.mo
[68/116] Building translation po/or/LC_MESSAGES/GrimRipper-or.mo
[69/116] Building translation po/pa/LC_MESSAGES/GrimRipper-pa.mo
[70/116] Building translation po/ps/LC_MESSAGES/GrimRipper-ps.mo
[71/116] Building translation po/nb/LC_MESSAGES/GrimRipper-nb.mo
[72/116] Building translation po/pl/LC_MESSAGES/GrimRipper-pl.mo
[73/116] Building translation po/pt/LC_MESSAGES/GrimRipper-pt.mo
[74/116] Building translation po/pt_BR/LC_MESSAGES/GrimRipper-pt_BR.mo
[75/116] Building translation po/ro/LC_MESSAGES/GrimRipper-ro.mo
[76/116] Building translation po/ru/LC_MESSAGES/GrimRipper-ru.mo
[77/116] Building translation po/rw/LC_MESSAGES/GrimRipper-rw.mo
[78/116] Building translation po/si/LC_MESSAGES/GrimRipper-si.mo
[79/116] Building translation po/sk/LC_MESSAGES/GrimRipper-sk.mo
[80/116] Building translation po/sl/LC_MESSAGES/GrimRipper-sl.mo
[81/116] Building translation po/sr/LC_MESSAGES/GrimRipper-sr.mo
[82/116] Building translation po/sq/LC_MESSAGES/GrimRipper-sq.mo
[83/116] Building translation po/sr@latin/LC_MESSAGES/GrimRipper-sr@latin.mo
[84/116] Building translation po/sv/LC_MESSAGES/GrimRipper-sv.mo
[85/116] Building translation po/ta/LC_MESSAGES/GrimRipper-ta.mo
[86/116] Building translation po/te/LC_MESSAGES/GrimRipper-te.mo
[87/116] Building translation po/tk/LC_MESSAGES/GrimRipper-tk.mo
[88/116] Building translation po/th/LC_MESSAGES/GrimRipper-th.mo
[89/116] Building translation po/tl/LC_MESSAGES/GrimRipper-tl.mo
[90/116] Building translation po/tr/LC_MESSAGES/GrimRipper-tr.mo
[91/116] Building translation po/tt/LC_MESSAGES/GrimRipper-tt.mo
[92/116] Building translation po/ug/LC_MESSAGES/GrimRipper-ug.mo
[93/116] Building translation po/uk/LC_MESSAGES/GrimRipper-uk.mo
[94/116] Building translation po/ur/LC_MESSAGES/GrimRipper-ur.mo
[95/116] Building translation po/uz/LC_MESSAGES/GrimRipper-uz.mo
[96/116] Building translation po/uz@cyrillic/LC_MESSAGES/GrimRipper-uz@cyrillic.mo
[97/116] Building translation po/ur_PK/LC_MESSAGES/GrimRipper-ur_PK.mo
[98/116] Building translation po/vi/LC_MESSAGES/GrimRipper-vi.mo
[99/116] Building translation po/wo/LC_MESSAGES/GrimRipper-wo.mo
[100/116] Building translation po/wa/LC_MESSAGES/GrimRipper-wa.mo
[101/116] Building translation po/xh/LC_MESSAGES/GrimRipper-xh.mo
[102/116] Building translation po/zh_TW/LC_MESSAGES/GrimRipper-zh_TW.mo
[103/116] Building translation po/zu/LC_MESSAGES/GrimRipper-zu.mo
[104/116] Building translation po/zh_CN/LC_MESSAGES/GrimRipper-zh_CN.mo
[105/116] Building translation po/yi/LC_MESSAGES/GrimRipper-yi.mo
[106/116] Compiling C object src/grimripper.p/meson-generated_.._.._data_icons_icon_resources.c.o
[107/116] Compiling C object src/grimripper.p/support.c.o
[108/116] Compiling C object src/grimripper.p/completion.c.o
[109/116] Compiling C object src/grimripper.p/prefs.c.o
[110/116] Compiling C object src/grimripper.p/callbacks.c.o
[111/116] Compiling C object src/grimripper.p/util.c.o
[112/116] Compiling C object src/grimripper.p/interface.c.o
[113/116] Compiling C object src/grimripper.p/main.c.o
[114/116] Compiling C object src/grimripper.p/threads.c.o
[115/116] Compiling C object src/grimripper.p/wrappers.c.o
[116/116] Linking target src/grimripper
