checking for a BSD-compatible install... /usr/bin/install -c
checking whether build environment is sane... yes
checking for a thread-safe mkdir -p... /usr/bin/mkdir -p
checking for gawk... gawk
checking whether make sets $(MAKE)... yes
checking whether to enable maintainer-specific portions of Makefiles... no
checking for gcc... gcc
checking whether the C compiler works... yes
checking for C compiler default output file name... a.out
checking for suffix of executables... 
checking whether we are cross compiling... no
checking for suffix of object files... o
checking whether we are using the GNU C compiler... yes
checking whether gcc accepts -g... yes
checking for gcc option to accept ISO C89... none needed
checking for style of include used by make... GNU
checking dependency style of gcc... gcc3
checking whether make sets $(MAKE)... (cached) yes
checking build system type... x86_64-unknown-linux-gnu
checking host system type... x86_64-unknown-linux-gnu
checking how to print strings... printf
checking for a sed that does not truncate output... /usr/bin/sed
checking for grep that handles long lines and -e... /usr/bin/grep
checking for egrep... /usr/bin/grep -E
checking for fgrep... /usr/bin/grep -F
checking for ld used by gcc... /usr/bin/ld
checking if the linker (/usr/bin/ld) is GNU ld... yes
checking for BSD- or MS-compatible name lister (nm)... /usr/bin/nm -B
checking the name lister (/usr/bin/nm -B) interface... BSD nm
checking whether ln -s works... yes
checking the maximum length of command line arguments... 1572864
checking whether the shell understands some XSI constructs... yes
checking whether the shell understands "+="... yes
checking how to convert x86_64-unknown-linux-gnu file names to x86_64-unknown-linux-gnu format... func_convert_file_noop
checking how to convert x86_64-unknown-linux-gnu file names to toolchain format... func_convert_file_noop
checking for /usr/bin/ld option to reload object files... -r
checking for objdump... objdump
checking how to recognize dependent libraries... pass_all
checking for dlltool... dlltool
checking how to associate runtime and link libraries... printf %s\n
checking for ar... ar
checking for archiver @FILE support... @
checking for strip... strip
checking for ranlib... ranlib
checking command to parse /usr/bin/nm -B output from gcc object... ok
checking for sysroot... no
checking for mt... no
checking if : is a manifest tool... no
checking how to run the C preprocessor... gcc -E
checking for ANSI C header files... yes
checking for sys/types.h... yes
checking for sys/stat.h... yes
checking for stdlib.h... yes
checking for string.h... yes
checking for memory.h... yes
checking for strings.h... yes
checking for inttypes.h... yes
checking for stdint.h... yes
checking for unistd.h... yes
checking for dlfcn.h... yes
checking for objdir... .libs
checking if gcc supports -fno-rtti -fno-exceptions... no
checking for gcc option to produce PIC... -fPIC -DPIC
checking if gcc PIC flag -fPIC -DPIC works... yes
checking if gcc static flag -static works... yes
checking if gcc supports -c -o file.o... yes
checking if gcc supports -c -o file.o... (cached) yes
checking whether the gcc linker (/usr/bin/ld -m elf_x86_64) supports shared libraries... yes
checking whether -lc should be explicitly linked in... no
checking dynamic linker characteristics... GNU/Linux ld.so
checking how to hardcode library paths into programs... immediate
checking whether stripping libraries is possible... yes
checking if libtool supports shared libraries... yes
checking whether to build shared libraries... yes
checking whether to build static libraries... no
checking whether NLS is requested... yes
checking for intltool >= 0.37.1... 0.51.0 found
checking for intltool-update... /usr/bin/intltool-update
checking for intltool-merge... /usr/bin/intltool-merge
checking for intltool-extract... /usr/bin/intltool-extract
checking for xgettext... /usr/bin/xgettext
checking for msgmerge... /usr/bin/msgmerge
checking for msgfmt... /usr/bin/msgfmt
checking for gmsgfmt... /usr/bin/msgfmt
checking for perl... /usr/bin/perl
checking for perl >= 5.8.1... 5.42.0
checking for XML::Parser... ok
checking locale.h usability... yes
checking locale.h presence... yes
checking for locale.h... yes
checking for LC_MESSAGES... yes
checking libintl.h usability... yes
checking libintl.h presence... yes
checking for libintl.h... yes
checking for ngettext in libc... yes
checking for dgettext in libc... yes
checking for bind_textdomain_codeset... yes
checking for msgfmt... (cached) /usr/bin/msgfmt
checking for dcgettext... yes
checking if msgfmt accepts -c... yes
checking for gmsgfmt... (cached) /usr/bin/msgfmt
checking for xgettext... (cached) /usr/bin/xgettext
checking for pkg-config... /usr/bin/pkg-config
checking pkg-config is at least version 0.9.0... yes
checking for GTK... yes
checking for pixman... yes
configure: creating ./config.status
config.status: creating Makefile
config.status: creating po/Makefile.in
config.status: creating schema/Makefile
config.status: creating schema/murrine.xml.in
config.status: creating murrine.pc
config.status: creating src/config.h
config.status: executing depfiles commands
config.status: executing libtool commands
config.status: executing default-1 commands
config.status: executing po/stamp-it commands

Now type 'make' to compile murrine.
Making all in schema
make[1]: Entering directory '/build/gtk-engine-murrine/src/murrine-0.98.2/schema'
LC_ALL=C /usr/bin/intltool-merge -x -u -c ../po/.intltool-merge-cache ../po murrine.xml.in murrine.xml
Generating and caching the translation database
Merging translations into murrine.xml.
CREATED murrine.xml
make[1]: Leaving directory '/build/gtk-engine-murrine/src/murrine-0.98.2/schema'
make[1]: Entering directory '/build/gtk-engine-murrine/src/murrine-0.98.2'
  CC     animation.lo
  CC     cairo-support.lo
  CC     support.lo
  CC     murrine_rc_style.lo
  CC     murrine_theme_main.lo
  CC     murrine_draw.lo
  CC     murrine_draw_rgba.lo
  CC     exponential-blur.lo
  CC     murrine_style.lo
  CC     gaussian-blur.lo
  CC     raico-blur.lo
  CC     stack-blur.lo
In file included from /usr/include/gtk-2.0/gtk/gtkobject.h:37,
                 from /usr/include/gtk-2.0/gtk/gtkwidget.h:36,
                 from /usr/include/gtk-2.0/gtk/gtkcontainer.h:35,
                 from /usr/include/gtk-2.0/gtk/gtkbin.h:35,
                 from /usr/include/gtk-2.0/gtk/gtkwindow.h:36,
                 from /usr/include/gtk-2.0/gtk/gtkdialog.h:35,
                 from /usr/include/gtk-2.0/gtk/gtkaboutdialog.h:32,
                 from /usr/include/gtk-2.0/gtk/gtk.h:33,
                 from ./src/support.h:24,
                 from ./src/support.c:21:
/usr/include/gtk-2.0/gtk/gtktypeutils.h:236:1: warning: 'GTypeDebugFlags' is deprecated [-Wdeprecated-declarations]
  236 | void            gtk_type_init   (GTypeDebugFlags    debug_flags);
      | ^~~~
In file included from /usr/include/glib-2.0/gobject/gobject.h:26,
                 from /usr/include/glib-2.0/gobject/gbinding.h:31,
                 from /usr/include/glib-2.0/glib-object.h:24,
                 from /usr/include/glib-2.0/gio/gioenums.h:30,
                 from /usr/include/glib-2.0/gio/giotypes.h:30,
                 from /usr/include/glib-2.0/gio/gio.h:28,
                 from /usr/include/gtk-2.0/gdk/gdkapplaunchcontext.h:30,
                 from /usr/include/gtk-2.0/gdk/gdk.h:32,
                 from /usr/include/gtk-2.0/gtk/gtk.h:32:
/usr/include/glib-2.0/gobject/gtype.h:725:1: note: declared here
  725 | {
      | ^
In file included from /usr/include/gtk-2.0/gtk/gtkobject.h:37,
                 from /usr/include/gtk-2.0/gtk/gtkwidget.h:36,
                 from /usr/include/gtk-2.0/gtk/gtkcontainer.h:35,
                 from /usr/include/gtk-2.0/gtk/gtkbin.h:35,
                 from /usr/include/gtk-2.0/gtk/gtkwindow.h:36,
                 from /usr/include/gtk-2.0/gtk/gtkdialog.h:35,
                 from /usr/include/gtk-2.0/gtk/gtkaboutdialog.h:32,
                 from /usr/include/gtk-2.0/gtk/gtk.h:33,
                 from ./src/animation.h:24,
                 from ./src/murrine_style.h:26,
                 from ./src/murrine_draw.h:24,
                 from ./src/murrine_draw_rgba.c:23:
/usr/include/gtk-2.0/gtk/gtktypeutils.h:236:1: warning: 'GTypeDebugFlags' is deprecated [-Wdeprecated-declarations]
  236 | void            gtk_type_init   (GTypeDebugFlags    debug_flags);
      | ^~~~
In file included from /usr/include/glib-2.0/gobject/gobject.h:26,
                 from /usr/include/glib-2.0/gobject/gbinding.h:31,
                 from /usr/include/glib-2.0/glib-object.h:24,
                 from /usr/include/glib-2.0/gio/gioenums.h:30,
                 from /usr/include/glib-2.0/gio/giotypes.h:30,
                 from /usr/include/glib-2.0/gio/gio.h:28,
                 from /usr/include/gtk-2.0/gdk/gdkapplaunchcontext.h:30,
                 from /usr/include/gtk-2.0/gdk/gdk.h:32,
                 from /usr/include/gtk-2.0/gtk/gtkstyle.h:35,
                 from ./src/murrine_style.h:21:
/usr/include/glib-2.0/gobject/gtype.h:725:1: note: declared here
  725 | {
      | ^
In file included from /usr/include/gtk-2.0/gtk/gtkobject.h:37,
                 from /usr/include/gtk-2.0/gtk/gtkwidget.h:36,
                 from /usr/include/gtk-2.0/gtk/gtkcontainer.h:35,
                 from /usr/include/gtk-2.0/gtk/gtkbin.h:35,
                 from /usr/include/gtk-2.0/gtk/gtkwindow.h:36,
                 from /usr/include/gtk-2.0/gtk/gtkdialog.h:35,
                 from /usr/include/gtk-2.0/gtk/gtkaboutdialog.h:32,
                 from /usr/include/gtk-2.0/gtk/gtk.h:33,
                 from ./src/animation.h:24,
                 from ./src/animation.c:21:
/usr/include/gtk-2.0/gtk/gtktypeutils.h:236:1: warning: 'GTypeDebugFlags' is deprecated [-Wdeprecated-declarations]
  236 | void            gtk_type_init   (GTypeDebugFlags    debug_flags);
      | ^~~~
In file included from /usr/include/glib-2.0/gobject/gobject.h:26,
                 from /usr/include/glib-2.0/gobject/gbinding.h:31,
                 from /usr/include/glib-2.0/glib-object.h:24,
                 from /usr/include/glib-2.0/gio/gioenums.h:30,
                 from /usr/include/glib-2.0/gio/giotypes.h:30,
                 from /usr/include/glib-2.0/gio/gio.h:28,
                 from /usr/include/gtk-2.0/gdk/gdkapplaunchcontext.h:30,
                 from /usr/include/gtk-2.0/gdk/gdk.h:32,
                 from /usr/include/gtk-2.0/gtk/gtk.h:32:
/usr/include/glib-2.0/gobject/gtype.h:725:1: note: declared here
  725 | {
      | ^
In file included from /usr/include/gtk-2.0/gtk/gtkobject.h:37,
                 from /usr/include/gtk-2.0/gtk/gtkwidget.h:36,
                 from /usr/include/gtk-2.0/gtk/gtkcontainer.h:35,
                 from /usr/include/gtk-2.0/gtk/gtkbin.h:35,
                 from /usr/include/gtk-2.0/gtk/gtkwindow.h:36,
                 from /usr/include/gtk-2.0/gtk/gtkdialog.h:35,
                 from /usr/include/gtk-2.0/gtk/gtkaboutdialog.h:32,
                 from /usr/include/gtk-2.0/gtk/gtk.h:33,
                 from ./src/animation.h:24,
                 from ./src/murrine_style.h:26,
                 from ./src/murrine_rc_style.c:21:
/usr/include/gtk-2.0/gtk/gtktypeutils.h:236:1: warning: 'GTypeDebugFlags' is deprecated [-Wdeprecated-declarations]
  236 | void            gtk_type_init   (GTypeDebugFlags    debug_flags);
      | ^~~~
In file included from /usr/include/glib-2.0/gobject/gobject.h:26,
                 from /usr/include/glib-2.0/gobject/gbinding.h:31,
                 from /usr/include/glib-2.0/glib-object.h:24,
                 from /usr/include/glib-2.0/gio/gioenums.h:30,
                 from /usr/include/glib-2.0/gio/giotypes.h:30,
                 from /usr/include/glib-2.0/gio/gio.h:28,
                 from /usr/include/gtk-2.0/gdk/gdkapplaunchcontext.h:30,
                 from /usr/include/gtk-2.0/gdk/gdk.h:32,
                 from /usr/include/gtk-2.0/gtk/gtkstyle.h:35,
                 from ./src/murrine_style.h:21:
/usr/include/glib-2.0/gobject/gtype.h:725:1: note: declared here
  725 | {
      | ^
In file included from /usr/include/gtk-2.0/gtk/gtkobject.h:37,
                 from /usr/include/gtk-2.0/gtk/gtkwidget.h:36,
                 from /usr/include/gtk-2.0/gtk/gtkcontainer.h:35,
                 from /usr/include/gtk-2.0/gtk/gtkbin.h:35,
                 from /usr/include/gtk-2.0/gtk/gtkwindow.h:36,
                 from /usr/include/gtk-2.0/gtk/gtkdialog.h:35,
                 from /usr/include/gtk-2.0/gtk/gtkaboutdialog.h:32,
                 from /usr/include/gtk-2.0/gtk/gtk.h:33,
                 from ./src/murrine_theme_main.c:22:
/usr/include/gtk-2.0/gtk/gtktypeutils.h:236:1: warning: 'GTypeDebugFlags' is deprecated [-Wdeprecated-declarations]
  236 | void            gtk_type_init   (GTypeDebugFlags    debug_flags);
      | ^~~~
In file included from /usr/include/glib-2.0/gobject/gobject.h:26,
                 from /usr/include/glib-2.0/gobject/gbinding.h:31,
                 from /usr/include/glib-2.0/glib-object.h:24,
                 from /usr/include/glib-2.0/gio/gioenums.h:30,
                 from /usr/include/glib-2.0/gio/giotypes.h:30,
                 from /usr/include/glib-2.0/gio/gio.h:28,
                 from /usr/include/gtk-2.0/gdk/gdkapplaunchcontext.h:30,
                 from /usr/include/gtk-2.0/gdk/gdk.h:32,
                 from /usr/include/gtk-2.0/gtk/gtk.h:32:
/usr/include/glib-2.0/gobject/gtype.h:725:1: note: declared here
  725 | {
      | ^
In file included from /usr/include/gtk-2.0/gtk/gtkobject.h:37,
                 from /usr/include/gtk-2.0/gtk/gtkwidget.h:36,
                 from /usr/include/gtk-2.0/gtk/gtkcontainer.h:35,
                 from /usr/include/gtk-2.0/gtk/gtkbin.h:35,
                 from /usr/include/gtk-2.0/gtk/gtkwindow.h:36,
                 from /usr/include/gtk-2.0/gtk/gtkdialog.h:35,
                 from /usr/include/gtk-2.0/gtk/gtkaboutdialog.h:32,
                 from /usr/include/gtk-2.0/gtk/gtk.h:33,
                 from ./src/animation.h:24,
                 from ./src/murrine_style.h:26,
                 from ./src/murrine_draw.h:24,
                 from ./src/murrine_draw.c:23:
/usr/include/gtk-2.0/gtk/gtktypeutils.h:236:1: warning: 'GTypeDebugFlags' is deprecated [-Wdeprecated-declarations]
  236 | void            gtk_type_init   (GTypeDebugFlags    debug_flags);
      | ^~~~
In file included from /usr/include/glib-2.0/gobject/gobject.h:26,
                 from /usr/include/glib-2.0/gobject/gbinding.h:31,
                 from /usr/include/glib-2.0/glib-object.h:24,
                 from /usr/include/glib-2.0/gio/gioenums.h:30,
                 from /usr/include/glib-2.0/gio/giotypes.h:30,
                 from /usr/include/glib-2.0/gio/gio.h:28,
                 from /usr/include/gtk-2.0/gdk/gdkapplaunchcontext.h:30,
                 from /usr/include/gtk-2.0/gdk/gdk.h:32,
                 from /usr/include/gtk-2.0/gtk/gtkstyle.h:35,
                 from ./src/murrine_style.h:21:
/usr/include/glib-2.0/gobject/gtype.h:725:1: note: declared here
  725 | {
      | ^
In file included from /usr/include/gtk-2.0/gtk/gtkobject.h:37,
                 from /usr/include/gtk-2.0/gtk/gtkwidget.h:36,
                 from /usr/include/gtk-2.0/gtk/gtkcontainer.h:35,
                 from /usr/include/gtk-2.0/gtk/gtkbin.h:35,
                 from /usr/include/gtk-2.0/gtk/gtkwindow.h:36,
                 from /usr/include/gtk-2.0/gtk/gtkdialog.h:35,
                 from /usr/include/gtk-2.0/gtk/gtkaboutdialog.h:32,
                 from /usr/include/gtk-2.0/gtk/gtk.h:33,
                 from ./src/murrine_style.c:21:
/usr/include/gtk-2.0/gtk/gtktypeutils.h:236:1: warning: 'GTypeDebugFlags' is deprecated [-Wdeprecated-declarations]
  236 | void            gtk_type_init   (GTypeDebugFlags    debug_flags);
      | ^~~~
In file included from /usr/include/glib-2.0/gobject/gobject.h:26,
                 from /usr/include/glib-2.0/gobject/gbinding.h:31,
                 from /usr/include/glib-2.0/glib-object.h:24,
                 from /usr/include/glib-2.0/gio/gioenums.h:30,
                 from /usr/include/glib-2.0/gio/giotypes.h:30,
                 from /usr/include/glib-2.0/gio/gio.h:28,
                 from /usr/include/gtk-2.0/gdk/gdkapplaunchcontext.h:30,
                 from /usr/include/gtk-2.0/gdk/gdk.h:32,
                 from /usr/include/gtk-2.0/gtk/gtk.h:32:
/usr/include/glib-2.0/gobject/gtype.h:725:1: note: declared here
  725 | {
      | ^
In file included from /usr/include/gtk-2.0/gtk/gtkobject.h:37,
                 from /usr/include/gtk-2.0/gtk/gtkwidget.h:36,
                 from /usr/include/gtk-2.0/gtk/gtkcontainer.h:35,
                 from /usr/include/gtk-2.0/gtk/gtkbin.h:35,
                 from /usr/include/gtk-2.0/gtk/gtkwindow.h:36,
                 from /usr/include/gtk-2.0/gtk/gtkdialog.h:35,
                 from /usr/include/gtk-2.0/gtk/gtkaboutdialog.h:32,
                 from /usr/include/gtk-2.0/gtk/gtk.h:33,
                 from ./src/cairo-support.h:21,
                 from ./src/cairo-support.c:23:
/usr/include/gtk-2.0/gtk/gtktypeutils.h:236:1: warning: 'GTypeDebugFlags' is deprecated [-Wdeprecated-declarations]
  236 | void            gtk_type_init   (GTypeDebugFlags    debug_flags);
      | ^~~~
In file included from /usr/include/glib-2.0/gobject/gobject.h:26,
                 from /usr/include/glib-2.0/gobject/gbinding.h:31,
                 from /usr/include/glib-2.0/glib-object.h:24,
                 from /usr/include/glib-2.0/gio/gioenums.h:30,
                 from /usr/include/glib-2.0/gio/giotypes.h:30,
                 from /usr/include/glib-2.0/gio/gio.h:28,
                 from /usr/include/gtk-2.0/gdk/gdkapplaunchcontext.h:30,
                 from /usr/include/gtk-2.0/gdk/gdk.h:32,
                 from /usr/include/gtk-2.0/gtk/gtk.h:32:
/usr/include/glib-2.0/gobject/gtype.h:725:1: note: declared here
  725 | {
      | ^
In file included from /usr/include/gtk-2.0/gtk/gtktoolitem.h:31,
                 from /usr/include/gtk-2.0/gtk/gtktoolbutton.h:30,
                 from /usr/include/gtk-2.0/gtk/gtkmenutoolbutton.h:30,
                 from /usr/include/gtk-2.0/gtk/gtk.h:126:
/usr/include/gtk-2.0/gtk/gtktooltips.h:73:3: warning: 'GTimeVal' is deprecated: Use 'GDateTime' instead [-Wdeprecated-declarations]
   73 |   GTimeVal last_popdown;
      |   ^~~~~~~~
In file included from /usr/include/glib-2.0/glib/galloca.h:34,
                 from /usr/include/glib-2.0/glib.h:32,
                 from /usr/include/glib-2.0/gobject/gbinding.h:30:
/usr/include/glib-2.0/glib/gtypes.h:580:8: note: declared here
  580 | struct _GTimeVal
      |        ^~~~~~~~~
In file included from /usr/include/gtk-2.0/gtk/gtktoolitem.h:31,
                 from /usr/include/gtk-2.0/gtk/gtktoolbutton.h:30,
                 from /usr/include/gtk-2.0/gtk/gtkmenutoolbutton.h:30,
                 from /usr/include/gtk-2.0/gtk/gtk.h:126:
/usr/include/gtk-2.0/gtk/gtktooltips.h:73:3: warning: 'GTimeVal' is deprecated: Use 'GDateTime' instead [-Wdeprecated-declarations]
   73 |   GTimeVal last_popdown;
      |   ^~~~~~~~
In file included from /usr/include/glib-2.0/glib/galloca.h:34,
                 from /usr/include/glib-2.0/glib.h:32,
                 from /usr/include/glib-2.0/gobject/gbinding.h:30:
/usr/include/glib-2.0/glib/gtypes.h:580:8: note: declared here
  580 | struct _GTimeVal
      |        ^~~~~~~~~
In file included from /usr/include/gtk-2.0/gtk/gtktoolitem.h:31,
                 from /usr/include/gtk-2.0/gtk/gtktoolbutton.h:30,
                 from /usr/include/gtk-2.0/gtk/gtkmenutoolbutton.h:30,
                 from /usr/include/gtk-2.0/gtk/gtk.h:126:
/usr/include/gtk-2.0/gtk/gtktooltips.h:73:3: warning: 'GTimeVal' is deprecated: Use 'GDateTime' instead [-Wdeprecated-declarations]
   73 |   GTimeVal last_popdown;
      |   ^~~~~~~~
In file included from /usr/include/glib-2.0/glib/galloca.h:34,
                 from /usr/include/glib-2.0/glib.h:32,
                 from /usr/include/glib-2.0/gobject/gbinding.h:30:
/usr/include/glib-2.0/glib/gtypes.h:580:8: note: declared here
  580 | struct _GTimeVal
      |        ^~~~~~~~~
In file included from /usr/include/gtk-2.0/gtk/gtktoolitem.h:31,
                 from /usr/include/gtk-2.0/gtk/gtktoolbutton.h:30,
                 from /usr/include/gtk-2.0/gtk/gtkmenutoolbutton.h:30,
                 from /usr/include/gtk-2.0/gtk/gtk.h:126:
/usr/include/gtk-2.0/gtk/gtktooltips.h:73:3: warning: 'GTimeVal' is deprecated: Use 'GDateTime' instead [-Wdeprecated-declarations]
   73 |   GTimeVal last_popdown;
      |   ^~~~~~~~
In file included from /usr/include/glib-2.0/glib/galloca.h:34,
                 from /usr/include/glib-2.0/glib.h:32,
                 from /usr/include/glib-2.0/gobject/gbinding.h:30:
/usr/include/glib-2.0/glib/gtypes.h:580:8: note: declared here
  580 | struct _GTimeVal
      |        ^~~~~~~~~
In file included from /usr/include/gtk-2.0/gtk/gtktoolitem.h:31,
                 from /usr/include/gtk-2.0/gtk/gtktoolbutton.h:30,
                 from /usr/include/gtk-2.0/gtk/gtkmenutoolbutton.h:30,
                 from /usr/include/gtk-2.0/gtk/gtk.h:126:
/usr/include/gtk-2.0/gtk/gtktooltips.h:73:3: warning: 'GTimeVal' is deprecated: Use 'GDateTime' instead [-Wdeprecated-declarations]
   73 |   GTimeVal last_popdown;
      |   ^~~~~~~~
In file included from /usr/include/glib-2.0/glib/galloca.h:34,
                 from /usr/include/glib-2.0/glib.h:32,
                 from /usr/include/glib-2.0/gobject/gbinding.h:30:
/usr/include/glib-2.0/glib/gtypes.h:580:8: note: declared here
  580 | struct _GTimeVal
      |        ^~~~~~~~~
In file included from /usr/include/gtk-2.0/gtk/gtktoolitem.h:31,
                 from /usr/include/gtk-2.0/gtk/gtktoolbutton.h:30,
                 from /usr/include/gtk-2.0/gtk/gtkmenutoolbutton.h:30,
                 from /usr/include/gtk-2.0/gtk/gtk.h:126:
/usr/include/gtk-2.0/gtk/gtktooltips.h:73:3: warning: 'GTimeVal' is deprecated: Use 'GDateTime' instead [-Wdeprecated-declarations]
   73 |   GTimeVal last_popdown;
      |   ^~~~~~~~
In file included from /usr/include/glib-2.0/glib/galloca.h:34,
                 from /usr/include/glib-2.0/glib.h:32,
                 from /usr/include/glib-2.0/gmodule.h:30,
                 from ./src/murrine_theme_main.c:21:
/usr/include/glib-2.0/glib/gtypes.h:580:8: note: declared here
  580 | struct _GTimeVal
      |        ^~~~~~~~~
In file included from /usr/include/gtk-2.0/gtk/gtktoolitem.h:31,
                 from /usr/include/gtk-2.0/gtk/gtktoolbutton.h:30,
                 from /usr/include/gtk-2.0/gtk/gtkmenutoolbutton.h:30,
                 from /usr/include/gtk-2.0/gtk/gtk.h:126:
/usr/include/gtk-2.0/gtk/gtktooltips.h:73:3: warning: 'GTimeVal' is deprecated: Use 'GDateTime' instead [-Wdeprecated-declarations]
   73 |   GTimeVal last_popdown;
      |   ^~~~~~~~
In file included from /usr/include/glib-2.0/glib/galloca.h:34,
                 from /usr/include/glib-2.0/glib.h:32,
                 from /usr/include/glib-2.0/gobject/gbinding.h:30:
/usr/include/glib-2.0/glib/gtypes.h:580:8: note: declared here
  580 | struct _GTimeVal
      |        ^~~~~~~~~
In file included from /usr/include/gtk-2.0/gtk/gtktoolitem.h:31,
                 from /usr/include/gtk-2.0/gtk/gtktoolbutton.h:30,
                 from /usr/include/gtk-2.0/gtk/gtkmenutoolbutton.h:30,
                 from /usr/include/gtk-2.0/gtk/gtk.h:126:
/usr/include/gtk-2.0/gtk/gtktooltips.h:73:3: warning: 'GTimeVal' is deprecated: Use 'GDateTime' instead [-Wdeprecated-declarations]
   73 |   GTimeVal last_popdown;
      |   ^~~~~~~~
In file included from /usr/include/glib-2.0/glib/galloca.h:34,
                 from /usr/include/glib-2.0/glib.h:32,
                 from /usr/include/glib-2.0/gobject/gbinding.h:30:
/usr/include/glib-2.0/glib/gtypes.h:580:8: note: declared here
  580 | struct _GTimeVal
      |        ^~~~~~~~~
In file included from /usr/lib/glib-2.0/include/glibconfig.h:9,
                 from /usr/include/glib-2.0/glib/gtypes.h:34:
./src/murrine_rc_style.c: In function 'murrine_rc_style_parse':
/usr/include/glib-2.0/glib/gmacros.h:1301:33: warning: Deprecated pre-processor symbol
 1301 | #define _GLIB_GNUC_DO_PRAGMA(x) _Pragma(G_STRINGIFY (x))
      |                                 ^~~~~~~
/usr/include/glib-2.0/glib/gmacros.h:1302:31: note: in expansion of macro '_GLIB_GNUC_DO_PRAGMA'
 1302 | #define GLIB_DEPRECATED_MACRO _GLIB_GNUC_DO_PRAGMA(GCC warning "Deprecated pre-processor symbol")
      |                               ^~~~~~~~~~~~~~~~~~~~
/usr/include/glib-2.0/glib/glib-visibility.h:39:39: note: in expansion of macro 'GLIB_DEPRECATED_MACRO'
   39 | #define GLIB_DEPRECATED_MACRO_IN_2_26 GLIB_DEPRECATED_MACRO
      |                                       ^~~~~~~~~~~~~~~~~~~~~
/usr/include/glib-2.0/glib/gscanner.h:296:58: note: in expansion of macro 'GLIB_DEPRECATED_MACRO_IN_2_26'
  296 | #define g_scanner_freeze_symbol_table(scanner) ((void)0) GLIB_DEPRECATED_MACRO_IN_2_26
      |                                                          ^~~~~~~~~~~~~~~~~~~~~~~~~~~~~
./src/murrine_rc_style.c:616:17: note: in expansion of macro 'g_scanner_freeze_symbol_table'
  616 |                 g_scanner_freeze_symbol_table(scanner);
      |                 ^~~~~~~~~~~~~~~~~~~~~~~~~~~~~
/usr/include/glib-2.0/glib/gmacros.h:1301:33: warning: Deprecated pre-processor symbol
 1301 | #define _GLIB_GNUC_DO_PRAGMA(x) _Pragma(G_STRINGIFY (x))
      |                                 ^~~~~~~
/usr/include/glib-2.0/glib/gmacros.h:1302:31: note: in expansion of macro '_GLIB_GNUC_DO_PRAGMA'
 1302 | #define GLIB_DEPRECATED_MACRO _GLIB_GNUC_DO_PRAGMA(GCC warning "Deprecated pre-processor symbol")
      |                               ^~~~~~~~~~~~~~~~~~~~
/usr/include/glib-2.0/glib/glib-visibility.h:39:39: note: in expansion of macro 'GLIB_DEPRECATED_MACRO'
   39 | #define GLIB_DEPRECATED_MACRO_IN_2_26 GLIB_DEPRECATED_MACRO
      |                                       ^~~~~~~~~~~~~~~~~~~~~
/usr/include/glib-2.0/glib/gscanner.h:297:56: note: in expansion of macro 'GLIB_DEPRECATED_MACRO_IN_2_26'
  297 | #define g_scanner_thaw_symbol_table(scanner) ((void)0) GLIB_DEPRECATED_MACRO_IN_2_26
      |                                                        ^~~~~~~~~~~~~~~~~~~~~~~~~~~~~
./src/murrine_rc_style.c:619:17: note: in expansion of macro 'g_scanner_thaw_symbol_table'
  619 |                 g_scanner_thaw_symbol_table(scanner);
      |                 ^~~~~~~~~~~~~~~~~~~~~~~~~~~
./src/murrine_rc_style.c:806:58: warning: too many arguments for format [-Wformat-extra-args]
  806 |                                 g_scanner_warn (scanner, "Murrine configuration option \"hilight_ratio\" will be deprecated in future releases. Please use \"highlight_shade\" instead.", "hilight_ratio");
      |                                                          ^~~~~~~~~~~~~~~~~~~~~~~~~~~~~~~~~~~~~~~~~~~~~~~~~~~~~~~~~~~~~~~~~~~~~~~~~~~~~~~~~~~~~~~~~~~~~~~~~~~~~~~~~~~~~~~~~~~~~~~~~~~~~~~
./src/murrine_rc_style.c:813:58: warning: too many arguments for format [-Wformat-extra-args]
  813 |                                 g_scanner_warn (scanner, "Murrine configuration option \"highlight_ratio\" will be deprecated in future releases. Please use \"highlight_shade\" instead.", "highlight_ratio");
      |                                                          ^~~~~~~~~~~~~~~~~~~~~~~~~~~~~~~~~~~~~~~~~~~~~~~~~~~~~~~~~~~~~~~~~~~~~~~~~~~~~~~~~~~~~~~~~~~~~~~~~~~~~~~~~~~~~~~~~~~~~~~~~~~~~~~~~
./src/murrine_rc_style.c:818:58: warning: too many arguments for format [-Wformat-extra-args]
  818 |                                 g_scanner_warn (scanner, "Murrine configuration option \"lightborder_ratio\" will be deprecated in future releases. Please use \"lightborder_shade\" instead.", "lightborder_ratio");
      |                                                          ^~~~~~~~~~~~~~~~~~~~~~~~~~~~~~~~~~~~~~~~~~~~~~~~~~~~~~~~~~~~~~~~~~~~~~~~~~~~~~~~~~~~~~~~~~~~~~~~~~~~~~~~~~~~~~~~~~~~~~~~~~~~~~~~~~~~~
./src/murrine_theme_main.c: In function 'theme_init':
./src/murrine_theme_main.c:31:9: error: implicit declaration of function 'murrine_rc_style_register_types'; did you mean 'murrine_rc_style_get_type'? [-Wimplicit-function-declaration]
   31 |         murrine_rc_style_register_types (module);
      |         ^~~~~~~~~~~~~~~~~~~~~~~~~~~~~~~
      |         murrine_rc_style_get_type
./src/murrine_style.c: In function 'murrine_set_widget_parameters':
./src/murrine_style.c:133:30: error: implicit declaration of function 'murrine_widget_is_ltr'; did you mean 'murrine_widget_is_rgba'? [-Wimplicit-function-declaration]
  133 |         params->ltr        = murrine_widget_is_ltr ((GtkWidget*)widget);
      |                              ^~~~~~~~~~~~~~~~~~~~~
      |                              murrine_widget_is_rgba
./src/murrine_theme_main.c:32:9: error: implicit declaration of function 'murrine_style_register_types'; did you mean 'murrine_style_get_type'? [-Wimplicit-function-declaration]
   32 |         murrine_style_register_types (module);
      |         ^~~~~~~~~~~~~~~~~~~~~~~~~~~~
      |         murrine_style_get_type
make[1]: *** [Makefile:528: murrine_theme_main.lo] Error 1
make[1]: *** Waiting for unfinished jobs....
In file included from ./src/murrine_style.c:30:
./src/support.h:79:50: error: implicit declaration of function 'murrine_object_is_a'; did you mean 'murrine_widget_is_rgba'? [-Wimplicit-function-declaration]
   79 | #define MRN_IS_PROGRESS_BAR(object) ((object) && murrine_object_is_a ((GObject*)(object), "GtkProgressBar"))
      |                                                  ^~~~~~~~~~~~~~~~~~~
./src/murrine_style.c:174:42: note: in expansion of macro 'MRN_IS_PROGRESS_BAR'
  174 |                 if (params->prelight && !MRN_IS_PROGRESS_BAR(widget)) //progressbar is prelight, no change in shade
      |                                          ^~~~~~~~~~~~~~~~~~~
make[1]: *** [Makefile:520: murrine_style.lo] Error 1
make[1]: Leaving directory '/build/gtk-engine-murrine/src/murrine-0.98.2'
make: *** [Makefile:599: all-recursive] Error 1
[1m[31m==> ERROR:(B[m[1m A failure occurred in build().(B[m
[1m    Aborting...(B[m
