autoreconf: export WARNINGS=all
autoreconf: Entering directory '.'
autoreconf: running: autopoint --force
Copying file ABOUT-NLS
Creating directory build-aux
Copying file build-aux/config.rpath
Creating directory m4
Copying file m4/codeset.m4
Copying file m4/extern-inline.m4
Copying file m4/fcntl-o.m4
Copying file m4/gettext.m4
Copying file m4/glibc2.m4
Copying file m4/glibc21.m4
Copying file m4/iconv.m4
Copying file m4/intdiv0.m4
Copying file m4/intl.m4
Copying file m4/intldir.m4
Copying file m4/intlmacosx.m4
Copying file m4/intmax.m4
Copying file m4/inttypes-pri.m4
Copying file m4/inttypes_h.m4
Copying file m4/lcmessage.m4
Copying file m4/lib-ld.m4
Copying file m4/lib-link.m4
Copying file m4/lib-prefix.m4
Copying file m4/lock.m4
Copying file m4/longlong.m4
Copying file m4/nls.m4
Copying file m4/po.m4
Copying file m4/printf-posix.m4
Copying file m4/progtest.m4
Copying file m4/size_max.m4
Copying file m4/stdint_h.m4
Copying file m4/threadlib.m4
Copying file m4/uintmax_t.m4
Copying file m4/visibility.m4
Copying file m4/wchar_t.m4
Copying file m4/wint_t.m4
Copying file m4/xsize.m4
Copying file po/Makefile.in.in
Copying file po/Makevars.template
Copying file po/Rules-quot
Copying file po/boldquot.sed
Copying file po/en@boldquot.header
Copying file po/en@quot.header
Copying file po/insert-header.sin
Copying file po/quot.sed
Copying file po/remove-potcdate.sin
autoreconf: running: aclocal --force -I m4 --install
aclocal: installing 'm4/gsettings.m4' from '/usr/share/aclocal/gsettings.m4'
aclocal: installing 'm4/libgcrypt.m4' from '/usr/share/aclocal/libgcrypt.m4'
aclocal: installing 'm4/libtool.m4' from '/usr/share/aclocal/libtool.m4'
aclocal: installing 'm4/ltoptions.m4' from '/usr/share/aclocal/ltoptions.m4'
aclocal: installing 'm4/ltsugar.m4' from '/usr/share/aclocal/ltsugar.m4'
aclocal: installing 'm4/ltversion.m4' from '/usr/share/aclocal/ltversion.m4'
aclocal: installing 'm4/lt~obsolete.m4' from '/usr/share/aclocal/lt~obsolete.m4'
aclocal: overwriting 'm4/nls.m4' with '/usr/share/aclocal/nls.m4'
aclocal: installing 'm4/pkg.m4' from '/usr/share/aclocal/pkg.m4'
autoreconf: configure.ac: tracing
autoreconf: running: libtoolize --copy --force
libtoolize: putting auxiliary files in AC_CONFIG_AUX_DIR, 'build-aux'.
libtoolize: copying file 'build-aux/ltmain.sh'
libtoolize: putting macros in AC_CONFIG_MACRO_DIRS, 'm4'.
libtoolize: copying file 'm4/libtool.m4'
libtoolize: copying file 'm4/ltoptions.m4'
libtoolize: copying file 'm4/ltsugar.m4'
libtoolize: copying file 'm4/ltversion.m4'
libtoolize: copying file 'm4/lt~obsolete.m4'
autoreconf: configure.ac: not using Intltool
autoreconf: configure.ac: not using Gtkdoc
autoreconf: configure.ac: not running autopoint a second time
autoreconf: running: aclocal --force -I m4 --install
autoreconf: running: /usr/bin/autoconf --force
configure.ac:11: warning: The macro 'AC_PROG_CC_C99' is obsolete.
configure.ac:11: You should run autoupdate.
./lib/autoconf/c.m4:1788: AC_PROG_CC_C99 is expanded from...
configure.ac:11: the top level
autoreconf: running: /usr/bin/autoheader --force
autoreconf: running: automake --add-missing --copy --force-missing
configure.ac:13: installing 'build-aux/ar-lib'
configure.ac:11: installing 'build-aux/compile'
configure.ac:14: installing 'build-aux/config.guess'
configure.ac:14: installing 'build-aux/config.sub'
configure.ac:8: installing 'build-aux/install-sh'
configure.ac:8: installing 'build-aux/missing'
data/Makefile.am:33: warning: '%'-style pattern rules are a GNU make extension
data/appdata/Makefile.am:34: warning: '%'-style pattern rules are a GNU make extension
data/caja/Makefile.am:10: warning: '%'-style pattern rules are a GNU make extension
data/icons/Makefile.am:34: warning: '%'-style pattern rules are a GNU make extension
src/Makefile.am:81: warning: '%'-style pattern rules are a GNU make extension
src/Makefile.am: installing 'build-aux/depcomp'
parallel-tests: installing 'build-aux/test-driver'
autoreconf: 'build-aux/config.sub' is updated
autoreconf: 'build-aux/config.guess' is updated
autoreconf: configure.ac: not running make: --make not given
autoreconf: Leaving directory '.'
