-- The C compiler identification is GNU 15.1.1
-- The CXX compiler identification is GNU 15.1.1
-- Detecting C compiler ABI info
-- Detecting C compiler ABI info - done
-- Check for working C compiler: /usr/bin/cc - skipped
-- Detecting C compile features
-- Detecting C compile features - done
-- Detecting CXX compiler ABI info
-- Detecting CXX compiler ABI info - done
-- Check for working CXX compiler: /usr/bin/c++ - skipped
-- Detecting CXX compile features
-- Detecting CXX compile features - done
-- Building through C++ 17 ...
-- Using install prefix /usr ...
-- Found PkgConfig: /usr/bin/pkg-config (found version "2.5.1")
-- Found wxWidgets: -lwx_baseu-3.2;-lwx_gtk3u_core-3.2;-lwx_baseu_net-3.2;-lwx_gtk3u_html-3.2;-lwx_baseu_xml-3.2;-lwx_gtk3u_aui-3.2;-lwx_gtk3u_qa-3.2 (found version "3.2.8.1")
-- Found ICU: /usr/include (found suitable version "76.1", minimum required is "60.0") found components: uc i18n
-- Checking for module 'gstreamer-1.0>=1.20'
--   Found gstreamer-1.0, version 1.26.5
-- Checking for module 'gstreamer-pbutils-1.0'
--   Found gstreamer-pbutils-1.0, version 1.26.5
-- Checking for module 'gstreamer-tag-1.0'
--   Found gstreamer-tag-1.0, version 1.26.5
-- Checking for module 'sqlite3'
--   Found sqlite3, version 3.50.4
-- Checking for module 'libcurl'
--   Found libcurl, version 8.15.0
-- Checking for module 'dbus-1'
--   Found dbus-1, version 1.16.2
-- Checking for module 'gdk-pixbuf-2.0'
--   Found gdk-pixbuf-2.0, version 2.42.12
-- Checking for module 'gio-2.0'
--   Found gio-2.0, version 2.84.3
-- Checking for module 'taglib>=1.6.4'
--   Found taglib, version 2.1.1
-- Checking for module 'wxsqlite3'
--   Found wxsqlite3, version 4.10.7
-- Checking for module 'jsoncpp'
--   Found jsoncpp, version 1.9.6
-- Checking for module 'libgpod-1.0'
--   Package 'libgpod-1.0' not found
 libgpod-dev not found! No iPod support!
-- Found Gettext: /usr/bin/msgmerge (found version "0.26")
-- Configuring done (1.4s)
-- Generating done (0.0s)
-- Build files have been written to: /build/guayadeque/src/build
[  1%] Generating guayadeque.mo
[  2%] Generating guayadeque.mo
[  3%] Generating guayadeque.mo
[  3%] Generating guayadeque.mo
[  3%] Generating guayadeque.mo
[  6%] Generating guayadeque.mo
[  6%] Generating guayadeque.mo
[  6%] Generating guayadeque.mo
[  6%] Generating guayadeque.mo
[  8%] Generating guayadeque.mo
[ 10%] Generating guayadeque.mo
[ 10%] Generating guayadeque.mo
[ 10%] Generating guayadeque.mo
[ 10%] Generating guayadeque.mo
[ 10%] Generating guayadeque.mo
[ 10%] Generating guayadeque.mo
[ 10%] Generating guayadeque.mo
[ 11%] Generating guayadeque.mo
[ 12%] Generating guayadeque.mo
[ 12%] Building CXX object src/CMakeFiles/guayadeque.dir/MainApp.cpp.o
[ 12%] Built target guayadeque.de.mo
[ 12%] Built target guayadeque.nb.mo
[ 12%] Built target guayadeque.hu.mo
[ 12%] Built target guayadeque.hr.mo
[ 12%] Built target guayadeque.pt.mo
[ 12%] Built target guayadeque.bg.mo
[ 12%] Built target guayadeque.ms.mo
[ 12%] Built target guayadeque.ca_ES.mo
[ 12%] Built target guayadeque.ja.mo
[ 12%] Built target guayadeque.cs.mo
[ 12%] Built target guayadeque.it.mo
[ 12%] Built target guayadeque.nl.mo
[ 12%] Built target guayadeque.es.mo
[ 12%] Built target guayadeque.pl.mo
[ 12%] Built target guayadeque.lt.mo
[ 12%] Built target guayadeque.da.mo
[ 12%] Built target guayadeque.is.mo
[ 12%] Built target guayadeque.el.mo
[ 12%] Built target guayadeque.fr.mo
[ 13%] Building CXX object src/CMakeFiles/guayadeque.dir/audio/FaderPlaybin.cpp.o
[ 13%] Building CXX object src/CMakeFiles/guayadeque.dir/audio/FaderTimeLine.cpp.o
[ 13%] Building CXX object src/CMakeFiles/guayadeque.dir/audio/MediaEvent.cpp.o
[ 14%] Building CXX object src/CMakeFiles/guayadeque.dir/audio/GstPipelineActuator.cpp.o
[ 16%] Building CXX object src/CMakeFiles/guayadeque.dir/audio/GstPipelineBuilder.cpp.o
[ 16%] Building CXX object src/CMakeFiles/guayadeque.dir/audio/MediaCtrl.cpp.o
[ 17%] Building CXX object src/CMakeFiles/guayadeque.dir/audio/GstUtils.cpp.o
[ 17%] Building CXX object src/CMakeFiles/guayadeque.dir/audio/GstTypeFinder.cpp.o
[ 18%] Building CXX object src/CMakeFiles/guayadeque.dir/audio/MediaRecordCtrl.cpp.o
[ 18%] Building CXX object src/CMakeFiles/guayadeque.dir/collections/Collections.cpp.o
[ 19%] Generating guayadeque.mo
[ 19%] Generating guayadeque.mo
[ 20%] Generating guayadeque.mo
[ 20%] Generating guayadeque.mo
[ 22%] Generating guayadeque.mo
[ 22%] Generating guayadeque.mo
[ 23%] Generating guayadeque.mo
[ 23%] Generating guayadeque.mo
[ 24%] Generating guayadeque.mo
[ 24%] Built target guayadeque.pt_BR.mo
[ 24%] Built target guayadeque.sk.mo
[ 24%] Built target guayadeque.sv.mo
[ 24%] Built target guayadeque.sr_latin.mo
[ 24%] Built target guayadeque.tr.mo
[ 24%] Built target guayadeque.uk.mo
[ 24%] Built target guayadeque.sr.mo
[ 24%] Built target guayadeque.th.mo
[ 24%] Built target guayadeque.ru.mo
[ 25%] Building CXX object src/CMakeFiles/guayadeque.dir/collections/LibUpdate.cpp.o
[ 26%] Building CXX object src/CMakeFiles/guayadeque.dir/config/Config.cpp.o
[ 26%] Building CXX object src/CMakeFiles/guayadeque.dir/copyto/CopyTo.cpp.o
[ 27%] Building CXX object src/CMakeFiles/guayadeque.dir/copyto/Transcode.cpp.o
[ 28%] Building CXX object src/CMakeFiles/guayadeque.dir/db/Db.cpp.o
[ 28%] Building CXX object src/CMakeFiles/guayadeque.dir/db/DbCache.cpp.o
[ 29%] Building CXX object src/CMakeFiles/guayadeque.dir/db/DbRadios.cpp.o
[ 30%] Building CXX object src/CMakeFiles/guayadeque.dir/db/DbLibrary.cpp.o
[ 30%] Building CXX object src/CMakeFiles/guayadeque.dir/db/DbListBox.cpp.o
[ 31%] Building CXX object src/CMakeFiles/guayadeque.dir/dbus/gsession.cpp.o
[ 31%] Building CXX object src/CMakeFiles/guayadeque.dir/dbus/gudbus.cpp.o
[ 32%] Building CXX object src/CMakeFiles/guayadeque.dir/dbus/mmkeys.cpp.o
[ 33%] Building CXX object src/CMakeFiles/guayadeque.dir/dbus/mpris.cpp.o
[ 33%] Building CXX object src/CMakeFiles/guayadeque.dir/dbus/mpris2.cpp.o
[ 34%] Building CXX object src/CMakeFiles/guayadeque.dir/dbus/notify.cpp.o
[ 34%] Building CXX object src/CMakeFiles/guayadeque.dir/images/Images.cpp.o
[ 35%] Building CXX object src/CMakeFiles/guayadeque.dir/info/audioscrobble/AudioScrobble.cpp.o
[ 36%] Building CXX object src/CMakeFiles/guayadeque.dir/info/lastfm/LastFM.cpp.o
[ 36%] Building CXX object src/CMakeFiles/guayadeque.dir/info/musicbrainz/AcousticId.cpp.o
[ 37%] Building CXX object src/CMakeFiles/guayadeque.dir/info/musicbrainz/MusicBrainz.cpp.o
[ 38%] Building CXX object src/CMakeFiles/guayadeque.dir/info/smartmode/SmartMode.cpp.o
[ 38%] Building CXX object src/CMakeFiles/guayadeque.dir/misc/Accelerators.cpp.o
[ 39%] Building CXX object src/CMakeFiles/guayadeque.dir/misc/ArrayStringArray.cpp.o
[ 39%] Building CXX object src/CMakeFiles/guayadeque.dir/misc/GIO_Volume.cpp.o
[ 40%] Building CXX object src/CMakeFiles/guayadeque.dir/misc/MD5.cpp.o
[ 41%] Building CXX object src/CMakeFiles/guayadeque.dir/misc/TimeLine.cpp.o
[ 41%] Building CXX object src/CMakeFiles/guayadeque.dir/misc/Utils.cpp.o
[ 42%] Building CXX object src/CMakeFiles/guayadeque.dir/network/Curl.cpp.o
[ 43%] Building CXX object src/CMakeFiles/guayadeque.dir/network/Http.cpp.o
[ 43%] Building CXX object src/CMakeFiles/guayadeque.dir/onlinelinks/OnlineLinks.cpp.o
[ 44%] Building CXX object src/CMakeFiles/guayadeque.dir/taginfo/TagInfo.cpp.o
[ 44%] Building CXX object src/CMakeFiles/guayadeque.dir/ui/MainFrame.cpp.o
[ 45%] Building CXX object src/CMakeFiles/guayadeque.dir/ui/aui/AuiDockArt.cpp.o
[ 46%] Building CXX object src/CMakeFiles/guayadeque.dir/ui/aui/AuiManagedPanel.cpp.o
[ 46%] Building CXX object src/CMakeFiles/guayadeque.dir/ui/aui/AuiManagerPanel.cpp.o
[ 47%] Building CXX object src/CMakeFiles/guayadeque.dir/ui/aui/AuiNotebook.cpp.o
[ 48%] Building CXX object src/CMakeFiles/guayadeque.dir/ui/autopulsegauge/AutoPulseGauge.cpp.o
[ 48%] Building CXX object src/CMakeFiles/guayadeque.dir/ui/autoscrolltext/AutoScrollText.cpp.o
[ 49%] Building CXX object src/CMakeFiles/guayadeque.dir/ui/confirmexit/ConfirmExit.cpp.o
[ 49%] Building CXX object src/CMakeFiles/guayadeque.dir/ui/cover/Apple.cpp.o
[ 50%] Building CXX object src/CMakeFiles/guayadeque.dir/ui/cover/CoverEdit.cpp.o
[ 51%] Building CXX object src/CMakeFiles/guayadeque.dir/ui/cover/CoverFetcher.cpp.o
[ 51%] Building CXX object src/CMakeFiles/guayadeque.dir/ui/cover/CoverFrame.cpp.o
[ 52%] Building CXX object src/CMakeFiles/guayadeque.dir/ui/cover/CoverPanel.cpp.o
[ 53%] Building CXX object src/CMakeFiles/guayadeque.dir/ui/cover/CoverWindow.cpp.o
[ 53%] Building CXX object src/CMakeFiles/guayadeque.dir/ui/cover/Discogs.cpp.o
[ 54%] Building CXX object src/CMakeFiles/guayadeque.dir/ui/cover/Google.cpp.o
[ 54%] Building CXX object src/CMakeFiles/guayadeque.dir/ui/cover/LastFMCovers.cpp.o
[ 55%] Building CXX object src/CMakeFiles/guayadeque.dir/ui/cover/SelCoverFile.cpp.o
[ 56%] Building CXX object src/CMakeFiles/guayadeque.dir/ui/cover/Yahoo.cpp.o
[ 56%] Building CXX object src/CMakeFiles/guayadeque.dir/ui/equalizer/Equalizer.cpp.o
[ 57%] Building CXX object src/CMakeFiles/guayadeque.dir/ui/filebrowser/FileBrowser.cpp.o
[ 58%] Building CXX object src/CMakeFiles/guayadeque.dir/ui/filebrowser/FileRenamer.cpp.o
[ 58%] Building CXX object src/CMakeFiles/guayadeque.dir/ui/itemlistbox/AccelListBox.cpp.o
[ 59%] Building CXX object src/CMakeFiles/guayadeque.dir/ui/itemlistbox/ItemListBox.cpp.o
[ 59%] Building CXX object src/CMakeFiles/guayadeque.dir/ui/itemlistbox/ListView.cpp.o
[ 60%] Building CXX object src/CMakeFiles/guayadeque.dir/ui/labeleditor/LabelEditor.cpp.o
[ 61%] Building CXX object src/CMakeFiles/guayadeque.dir/ui/lastfmpanel/LastFMPanel.cpp.o
[ 61%] Building CXX object src/CMakeFiles/guayadeque.dir/ui/lastfmpanel/ShowImage.cpp.o
[ 62%] Building CXX object src/CMakeFiles/guayadeque.dir/ui/locationpanel/LocationPanel.cpp.o
[ 63%] Building CXX object src/CMakeFiles/guayadeque.dir/ui/lyrics/LyricsPanel.cpp.o
[ 63%] Building CXX object src/CMakeFiles/guayadeque.dir/ui/magnatune/Magnatune.cpp.o
[ 64%] Building CXX object src/CMakeFiles/guayadeque.dir/ui/mediaviewer/MediaViewer.cpp.o
[ 64%] Building CXX object src/CMakeFiles/guayadeque.dir/ui/mediaviewer/MediaViewerLibrary.cpp.o
[ 65%] Building CXX object src/CMakeFiles/guayadeque.dir/ui/mediaviewer/albumbrowser/AlbumBrowser.cpp.o
[ 66%] Building CXX object src/CMakeFiles/guayadeque.dir/ui/mediaviewer/audiocd/AudioCdPanel.cpp.o
[ 66%] Building CXX object src/CMakeFiles/guayadeque.dir/ui/mediaviewer/importfiles/ImportFiles.cpp.o
[ 67%] Building CXX object src/CMakeFiles/guayadeque.dir/ui/mediaviewer/ipodmedia/iPodMedia.cpp.o
[ 68%] Building CXX object src/CMakeFiles/guayadeque.dir/ui/mediaviewer/library/AAListBox.cpp.o
[ 68%] Building CXX object src/CMakeFiles/guayadeque.dir/ui/mediaviewer/library/AlListBox.cpp.o
[ 69%] Building CXX object src/CMakeFiles/guayadeque.dir/ui/mediaviewer/library/ArListBox.cpp.o
[ 69%] Building CXX object src/CMakeFiles/guayadeque.dir/ui/mediaviewer/library/CoListBox.cpp.o
[ 70%] Building CXX object src/CMakeFiles/guayadeque.dir/ui/mediaviewer/library/DiBrowser.cpp.o
[ 71%] Building CXX object src/CMakeFiles/guayadeque.dir/ui/mediaviewer/library/EditWithOptions.cpp.o
[ 71%] Building CXX object src/CMakeFiles/guayadeque.dir/ui/mediaviewer/library/GeListBox.cpp.o
[ 72%] Building CXX object src/CMakeFiles/guayadeque.dir/ui/mediaviewer/library/LibPanel.cpp.o
[ 73%] Building CXX object src/CMakeFiles/guayadeque.dir/ui/mediaviewer/library/PcListBox.cpp.o
[ 73%] Building CXX object src/CMakeFiles/guayadeque.dir/ui/mediaviewer/library/RaListBox.cpp.o
[ 74%] Building CXX object src/CMakeFiles/guayadeque.dir/ui/mediaviewer/library/SoListBox.cpp.o
[ 74%] Building CXX object src/CMakeFiles/guayadeque.dir/ui/mediaviewer/library/TaListBox.cpp.o
[ 75%] Building CXX object src/CMakeFiles/guayadeque.dir/ui/mediaviewer/library/YeListBox.cpp.o
[ 76%] Building CXX object src/CMakeFiles/guayadeque.dir/ui/mediaviewer/playlists/DynamicPlayList.cpp.o
[ 76%] Building CXX object src/CMakeFiles/guayadeque.dir/ui/mediaviewer/playlists/PLSoListBox.cpp.o
[ 77%] Building CXX object src/CMakeFiles/guayadeque.dir/ui/mediaviewer/playlists/PlayListAppend.cpp.o
[ 78%] Building CXX object src/CMakeFiles/guayadeque.dir/ui/mediaviewer/playlists/PlayListFile.cpp.o
[ 78%] Building CXX object src/CMakeFiles/guayadeque.dir/ui/mediaviewer/playlists/PlayListPanel.cpp.o
[ 79%] Building CXX object src/CMakeFiles/guayadeque.dir/ui/mediaviewer/portablemedia/PortableMedia.cpp.o
[ 79%] Building CXX object src/CMakeFiles/guayadeque.dir/ui/mediaviewer/treeview/TVSoListBox.cpp.o
[ 80%] Building CXX object src/CMakeFiles/guayadeque.dir/ui/mediaviewer/treeview/TreePanel.cpp.o
[ 81%] Building CXX object src/CMakeFiles/guayadeque.dir/ui/mediaviewer/treeview/TreeViewFilter.cpp.o
[ 81%] Building CXX object src/CMakeFiles/guayadeque.dir/ui/mediaviewer/treeview/TreeViewFilterEditor.cpp.o
[ 82%] Building CXX object src/CMakeFiles/guayadeque.dir/ui/player/PlayList.cpp.o
[ 83%] Building CXX object src/CMakeFiles/guayadeque.dir/ui/player/PlayerFilters.cpp.o
[ 83%] Building CXX object src/CMakeFiles/guayadeque.dir/ui/player/PlayerPanel.cpp.o
[ 84%] Building CXX object src/CMakeFiles/guayadeque.dir/ui/player/TrackChangeInfo.cpp.o
[ 84%] Building CXX object src/CMakeFiles/guayadeque.dir/ui/podcasts/ChannelEditor.cpp.o
[ 85%] Building CXX object src/CMakeFiles/guayadeque.dir/ui/podcasts/NewChannel.cpp.o
[ 86%] Building CXX object src/CMakeFiles/guayadeque.dir/ui/podcasts/Podcasts.cpp.o
[ 86%] Building CXX object src/CMakeFiles/guayadeque.dir/ui/podcasts/PodcastsPanel.cpp.o
[ 87%] Building CXX object src/CMakeFiles/guayadeque.dir/ui/preferences/Preferences.cpp.o
[ 88%] Building CXX object src/CMakeFiles/guayadeque.dir/ui/radios/RadioEditor.cpp.o
[ 88%] Building CXX object src/CMakeFiles/guayadeque.dir/ui/radios/RadioGenreEditor.cpp.o
[ 89%] Building CXX object src/CMakeFiles/guayadeque.dir/ui/radios/RadioPanel.cpp.o
[ 89%] Building CXX object src/CMakeFiles/guayadeque.dir/ui/radios/RadioProvider.cpp.o
[ 91%] Building CXX object src/CMakeFiles/guayadeque.dir/ui/radios/Shoutcast.cpp.o
[ 91%] Building CXX object src/CMakeFiles/guayadeque.dir/ui/radios/ShoutcastRadio.cpp.o
[ 91%] Building CXX object src/CMakeFiles/guayadeque.dir/ui/radios/TuneInRadio.cpp.o
[ 92%] Building CXX object src/CMakeFiles/guayadeque.dir/ui/radios/UserRadio.cpp.o
[ 93%] Building CXX object src/CMakeFiles/guayadeque.dir/ui/ratingctrl/RatingCtrl.cpp.o
[ 93%] Building CXX object src/CMakeFiles/guayadeque.dir/ui/roundbutton/RoundButton.cpp.o
[ 94%] Building CXX object src/CMakeFiles/guayadeque.dir/ui/splash/SplashWin.cpp.o
[ 94%] Building CXX object src/CMakeFiles/guayadeque.dir/ui/staticbitmap/StaticBitmap.cpp.o
[ 95%] Building CXX object src/CMakeFiles/guayadeque.dir/ui/statusbar/StatusBar.cpp.o
[ 96%] Building CXX object src/CMakeFiles/guayadeque.dir/ui/taskbar/TaskBar.cpp.o
[ 96%] Building CXX object src/CMakeFiles/guayadeque.dir/ui/toggleroundbutton/ToggleRoundButton.cpp.o
[ 97%] Building CXX object src/CMakeFiles/guayadeque.dir/ui/trackedit/TrackEdit.cpp.o
[ 98%] Building CXX object src/CMakeFiles/guayadeque.dir/ui/volumeframe/VolumeFrame.cpp.o
[ 98%] Building CXX object src/CMakeFiles/guayadeque.dir/ui/vumeters/Vumeters.cpp.o
[ 99%] Building C object src/CMakeFiles/guayadeque.dir/hmac/hmac_sha2.c.o
[ 99%] Building C object src/CMakeFiles/guayadeque.dir/hmac/sha2.c.o
[100%] Linking CXX executable guayadeque
[100%] Built target guayadeque
