 1/10 gxml:xdocument     OK              0.04s
 2/10 gxml:xxpath        OK              0.03s
 3/10 gxml:xsd           OK              0.02s
 4/10 gxml:document      OK              0.02s
 5/10 gxml:element       OK              0.02s
 6/10 gxml:css           OK              0.01s
 7/10 gxml:htmlxdocument OK              0.05s
 8/10 gxml:html          OK              0.03s
 9/10 gxml:xelement      OK              0.09s
10/10 gxml:serialization FAIL            0.09s   killed by signal 6 SIGABRT
>>> MSAN_OPTIONS=halt_on_error=1:abort_on_error=1:print_summary=1:print_stacktrace=1 MESON_TEST_ITERATION=1 MALLOC_PERTURB_=39 ASAN_OPTIONS=halt_on_error=1:abort_on_error=1:print_summary=1 LD_LIBRARY_PATH=/build/gxml/src/build/gxml UBSAN_OPTIONS=halt_on_error=1:abort_on_error=1:print_summary=1:print_stacktrace=1 /build/gxml/src/build/test/serialization
――――――――――――――――――――――――――――――――――――― ✀  ―――――――――――――――――――――――――――――――――――――
Listing only the last 100 lines from a long log.
# <GomBasicTypes integer="0" realDouble="0" realFloat="0" unsignedInteger="0" Boolean="false"/>
# 
# MESSAGE: SerializationTest.vala:1459: <?xml version="1.0"?>
# <GomBasicTypes text="Text" integer="-1" realDouble="2.2000000000000002" realFloat="1.1" unsignedInteger="1" Boolean="false"/>
# 
# MESSAGE: SerializationTest.vala:1464: realFloat = 1.1
# MESSAGE: SerializationTest.vala:1466: unsignedInteger = 1
# MESSAGE: SerializationTest.vala:1472: 1
ok 3 /gxml/serialization/basic-types
ok 4 /gxml/serialization/attribute-gobject
# Start of write tests
ok 5 /gxml/serialization/write/properties
ok 6 /gxml/serialization/write/property-ignore
ok 7 /gxml/serialization/write/property-long-name
ok 8 /gxml/serialization/write/property-date
ok 9 /gxml/serialization/write/property-datetime
# MESSAGE: SerializationTest.vala:844: DOC:<?xml version="1.0"?>
# <BookStand Classification="Science"><BookRegister Year="2016"/><BookRegister Year="2010"/><Test/><BookRegister Year="2000"/><Dimension Length="1" Type="x"/></BookStand>
# 
# MESSAGE: SerializationTest.vala:853: DOC:<?xml version="1.0"?>
# <BookStand Classification="Science"><BookRegister Year="2016"/><BookRegister Year="2010"/><Test/><BookRegister Year="2000"/><Dimension Length="1" Type="x"/><Dimension Length="1" Type="y"/></BookStand>
# 
# MESSAGE: SerializationTest.vala:862: DOC:<?xml version="1.0"?>
# <BookStand Classification="Science"><BookRegister Year="2016"/><BookRegister Year="2010"/><Test/><BookRegister Year="2000"/><Dimension Length="1" Type="x"/><Dimension Length="1" Type="y"/><Dimension Length="1" Type="z"/></BookStand>
# 
ok 10 /gxml/serialization/write/property-arraylist
ok 11 /gxml/serialization/write/property-hashmap
ok 12 /gxml/serialization/write/mappeablepairedkey
# MESSAGE: SerializationTest.vala:993: 2017
# MESSAGE: SerializationTest.vala:995: Book1
# MESSAGE: SerializationTest.vala:997: SYSTEMS
ok 13 /gxml/serialization/write/mappeablethreekey
# MESSAGE: Error when transform from attribute string value to enum: text 'UnkNown' cannot be parsed to enumeration type: SerializationTestMotorTensionSupplyEnum
# MESSAGE: SerializationTest.vala:1066: <?xml version="1.0"?>
# <Motor On="false" Torque="0.0000" Speed="1.0000" TensionType="ac" TensionClassification="ONE"/>
# 
ok 14 /gxml/serialization/write/property
# End of write tests
# Start of read tests
# MESSAGE: SerializationTest.vala:742: DOC:<?xml version="1.0"?>
# <Taxes monthRate="0" TaxFree="false" Month="january" PayDate="2050-12-09"/>
# 
ok 15 /gxml/serialization/read/property-date
# MESSAGE: SerializationTest.vala:1106: Doc:<?xml version="1.0"?>
# <Book Name="Loco"/>
# 
# MESSAGE: SerializationTest.vala:1117: Doc:<?xml version="1.0"?>
# <Book Name="Loco"/>
# 
ok 16 /gxml/serialization/read/properties
ok 17 /gxml/serialization/read/bad-node-name
# MESSAGE: SerializationTest.vala:1155: doc:<?xml version="1.0"?>
# <BookRegister Year="0"><Book/></BookRegister>
# 
ok 18 /gxml/serialization/read/object-property
ok 19 /gxml/serialization/read/property
ok 20 /gxml/serialization/read/property-arraylist
# MESSAGE: SerializationTest.vala:1248: doc:<?xml version="1.0"?>
# <BookStand Classification="Science"><Book Name="Title1"/><Book Name="Title2"/><Test/><Book Name="Title3"/></BookStand>
# 
# MESSAGE: SerializationTest.vala:1249: Books: 3
ok 21 /gxml/serialization/read/property-hashmap
# End of read tests
# Start of collections tests
# Start of hashpairedmap tests
# MESSAGE: SerializationTest.vala:1376: <?xml version="1.0"?>
# <Operations><Operation ID="a1" Code="b1"/><Operation ID="a1" Code="b2"/><Operation ID="a2" Code="b1"/><Operation ID="a2" Code="b2"/></Operations>
# 
# MESSAGE: SerializationTest.vala:1379: a1
# MESSAGE: SerializationTest.vala:1379: a2
# MESSAGE: SerializationTest.vala:1381: b1
# MESSAGE: SerializationTest.vala:1381: b2
ok 22 /gxml/serialization/collections/hashpairedmap/keys
# End of hashpairedmap tests
# Start of hashthreemap tests
# MESSAGE: SerializationTest.vala:1433: <?xml version="1.0"?>
# <ThreeKeys><ThreeKey ID="a1" Code="b1" name="name1"/><ThreeKey ID="a1" Code="b2" name="name2"/><ThreeKey ID="a2" Code="b1" name="name3"/><ThreeKey ID="a2" Code="b2" name="name3"/></ThreeKeys>
# 
# MESSAGE: SerializationTest.vala:1436: a1
# MESSAGE: SerializationTest.vala:1436: a2
# MESSAGE: SerializationTest.vala:1438: b1
# MESSAGE: SerializationTest.vala:1438: b2
ok 23 /gxml/serialization/collections/hashthreemap/keys
# End of hashthreemap tests
# End of collections tests
# Start of collection tests
# MESSAGE: SerializationTest.vala:1503: <?xml version="1.0"?>
# <BookStore><Book Name="Title 1"/><Book Name="Title 2"/><Book Name="Title 3"/><Book Name="Title 4"/><Book Name="Title 5"/><Book Name="Title 6"/><Book Name="Title 7"/><Book Name="Title 8"/><Book Name="Title 9"/><Book Name="Title 10"/></BookStore>
# 
ok 24 /gxml/serialization/collection/iteration
# End of collection tests
# Start of collection-parent tests
# Start of list tests
# MESSAGE: SerializationTest.vala:1612: Found Type: StoreShelf
# MESSAGE: SerializationTest.vala:1616: Found Type: StoreShelf
not ok /gxml/serialization/collection-parent/list/read - ERROR:test/serialization.p/SerializationTest.c:13874:__lambda28_: assertion failed: (found_cpu)
Bail out!
stderr:
**
ERROR:test/serialization.p/SerializationTest.c:13874:__lambda28_: assertion failed: (found_cpu)
――――――――――――――――――――――――――――――――――――――――――――――――――――――――――――――――――――――――――――――


Summary of Failures:

10/10 gxml:serialization FAIL            0.09s   killed by signal 6 SIGABRT

Ok:                9   
Fail:              1   

Full log written to /build/gxml/src/build/meson-logs/testlog.txt
