Lockfile is up to date, resolution step is skipped
Packages: +1472
++++++++++++++++++++++++++++++++++++++++++++++++++++++++++++++++++++++++++++++++
Progress: resolved 0, reused 0, downloaded 1, added 0
Progress: resolved 0, reused 0, downloaded 76, added 62
Progress: resolved 0, reused 0, downloaded 164, added 139
 WARN  Tarball download average speed 22 KiB/s (size 26 KiB) is below 50 KiB/s: https://registry.npmjs.org/yargs-parser/-/yargs-parser-20.2.9.tgz (GET)
Progress: resolved 0, reused 0, downloaded 285, added 287
Progress: resolved 0, reused 0, downloaded 452, added 463
Progress: resolved 0, reused 0, downloaded 607, added 664
Progress: resolved 0, reused 0, downloaded 703, added 771
Progress: resolved 0, reused 0, downloaded 883, added 964
Progress: resolved 0, reused 0, downloaded 1017, added 1111
Progress: resolved 0, reused 0, downloaded 1230, added 1359
Progress: resolved 0, reused 0, downloaded 1323, added 1461
 WARN  Tarball download average speed 35 KiB/s (size 37 KiB) is below 50 KiB/s: https://registry.npmjs.org/underscore.string/-/underscore.string-3.3.6.tgz (GET)
Progress: resolved 0, reused 0, downloaded 1324, added 1462
Progress: resolved 0, reused 0, downloaded 1326, added 1465
Progress: resolved 0, reused 0, downloaded 1327, added 1466
Progress: resolved 0, reused 0, downloaded 1328, added 1467
Progress: resolved 0, reused 0, downloaded 1329, added 1468
Progress: resolved 0, reused 0, downloaded 1330, added 1468
Progress: resolved 0, reused 0, downloaded 1330, added 1469
Progress: resolved 0, reused 0, downloaded 1331, added 1469
Progress: resolved 0, reused 0, downloaded 1331, added 1471
Progress: resolved 0, reused 0, downloaded 1332, added 1471
Progress: resolved 0, reused 0, downloaded 1332, added 1472, done
node_modules/@swc/core postinstall$ node postinstall.js
node_modules/esbuild postinstall$ node install.js
node_modules/vite/node_modules/esbuild postinstall$ node install.js
node_modules/@swc/core postinstall: Done
node_modules/esbuild postinstall: Done
node_modules/electron postinstall$ node install.js
node_modules/unrs-resolver postinstall$ napi-postinstall unrs-resolver 1.9.1 check
node_modules/vite/node_modules/esbuild postinstall: Done
.../react-devtools/node_modules/electron postinstall$ node install.js
node_modules/unrs-resolver postinstall: Done
node_modules/electron postinstall: Done
.../react-devtools/node_modules/electron postinstall: Done

. prepare$ husky install
. prepare: husky - Git hooks installed
. prepare: Done
╭ Warning ─────────────────────────────────────────────────────────────────────╮
│                                                                              │
│   Ignored build scripts: @parcel/watcher@2.5.1.                              │
│   Run "pnpm approve-builds" to pick which dependencies should be allowed     │
│   to run scripts.                                                            │
│                                                                              │
╰──────────────────────────────────────────────────────────────────────────────╯
Done in 3m 16.2s using pnpm v10.28.0

> heroic@2.21.0 download-helper-binaries /build/heroic-games-launcher/src/HeroicGamesLauncher
> esbuild --bundle --platform=node --target=node21 meta/downloadHelperBinaries.ts | node

Downloading: [ 'legendary', 'gogdl', 'nile', 'comet', 'epic-integration' ]
Downloading legendary for linux x64 from https://github.com/Heroic-Games-Launcher/legendary/releases/download/0.20.43/legendary_linux_x86_64
Downloading legendary for darwin x64 from https://github.com/Heroic-Games-Launcher/legendary/releases/download/0.20.43/legendary_macOS_x86_64
Downloading legendary for win32 x64 from https://github.com/Heroic-Games-Launcher/legendary/releases/download/0.20.43/legendary_windows_x86_64.exe
Downloading legendary for linux arm64 from https://github.com/Heroic-Games-Launcher/legendary/releases/download/0.20.43/legendary_linux_arm64
Downloading legendary for darwin arm64 from https://github.com/Heroic-Games-Launcher/legendary/releases/download/0.20.43/legendary_macOS_arm64
Downloading legendary for win32 arm64 from https://github.com/Heroic-Games-Launcher/legendary/releases/download/0.20.43/legendary_windows_arm64.exe
Downloading gogdl for linux x64 from https://github.com/Heroic-Games-Launcher/heroic-gogdl/releases/download/v1.2.1/gogdl_linux_x86_64
Downloading gogdl for darwin x64 from https://github.com/Heroic-Games-Launcher/heroic-gogdl/releases/download/v1.2.1/gogdl_macOS_x86_64
Downloading gogdl for win32 x64 from https://github.com/Heroic-Games-Launcher/heroic-gogdl/releases/download/v1.2.1/gogdl_windows_x86_64.exe
Downloading gogdl for linux arm64 from https://github.com/Heroic-Games-Launcher/heroic-gogdl/releases/download/v1.2.1/gogdl_linux_arm64
Downloading gogdl for darwin arm64 from https://github.com/Heroic-Games-Launcher/heroic-gogdl/releases/download/v1.2.1/gogdl_macOS_arm64
Downloading gogdl for win32 arm64 from https://github.com/Heroic-Games-Launcher/heroic-gogdl/releases/download/v1.2.1/gogdl_windows_arm64.exe
Downloading nile for linux x64 from https://github.com/imLinguin/nile/releases/download/v1.1.2/nile_linux_x86_64
Downloading nile for darwin x64 from https://github.com/imLinguin/nile/releases/download/v1.1.2/nile_macOS_x86_64
Downloading nile for win32 x64 from https://github.com/imLinguin/nile/releases/download/v1.1.2/nile_windows_x86_64.exe
Downloading nile for linux arm64 from https://github.com/imLinguin/nile/releases/download/v1.1.2/nile_linux_arm64
Downloading nile for darwin arm64 from https://github.com/imLinguin/nile/releases/download/v1.1.2/nile_macOS_arm64
Downloading GalaxyCommunication for win32 x64 from https://github.com/imLinguin/comet/releases/download/v0.2.0/GalaxyCommunication-dummy.exe
Downloading comet for linux x64 from https://github.com/imLinguin/comet/releases/download/v0.2.0/comet-x86_64-unknown-linux-gnu
Downloading comet for darwin x64 from https://github.com/imLinguin/comet/releases/download/v0.2.0/comet-x86_64-apple-darwin
Downloading comet for win32 x64 from https://github.com/imLinguin/comet/releases/download/v0.2.0/comet-x86_64-pc-windows-msvc.exe
Downloading comet for darwin arm64 from https://github.com/imLinguin/comet/releases/download/v0.2.0/comet-aarch64-apple-darwin
Downloading comet for linux arm64 from https://github.com/imLinguin/comet/releases/download/v0.2.0/comet-aarch64-unknown-linux-gnu
Downloading comet for win32 arm64 from https://github.com/imLinguin/comet/releases/download/v0.2.0/comet-aarch64-pc-windows-msvc.exe
Downloading EpicGamesLauncher for win32 x64 from https://github.com/Etaash-mathamsetty/heroic-epic-integration/releases/download/v0.4/EpicGamesLauncher.exe
Done downloading GalaxyCommunication for win32 x64
Done downloading EpicGamesLauncher for win32 x64
Done downloading legendary for linux arm64
Done downloading legendary for linux x64
Done downloading nile for win32 x64
Done downloading nile for darwin x64
Done downloading nile for linux x64
Done downloading nile for darwin arm64
Done downloading comet for linux arm64
Done downloading comet for win32 arm64
Done downloading legendary for darwin x64
Done downloading comet for linux x64
Done downloading nile for linux arm64
Done downloading gogdl for linux x64
Done downloading gogdl for linux arm64
Done downloading gogdl for win32 arm64
Done downloading comet for darwin arm64
Done downloading gogdl for darwin x64
Done downloading gogdl for win32 x64
Done downloading gogdl for darwin arm64
Done downloading comet for darwin x64
Done downloading legendary for darwin arm64
Done downloading comet for win32 x64
Done downloading legendary for win32 x64
Done downloading legendary for win32 arm64
vite v6.3.5 building SSR bundle for production...
transforming...
✓ 150 modules transformed.
rendering chunks...
build/main/chunks/windows-C60IW2i5.js    0.24 kB
build/main/chunks/linux-CdwwgEv7.js      0.39 kB
build/main/chunks/index-nZ_NU6B5.js      0.49 kB
build/main/chunks/unix-C9Kk0WVU.js       0.58 kB
build/main/chunks/windows-DN-idZYC.js    0.60 kB
build/main/chunks/macos-CSyGfzok.js      0.72 kB
build/main/chunks/linux-iXPBjuNP.js      0.73 kB
build/main/chunks/windows-9czOjsNQ.js    1.22 kB
build/main/chunks/windows-DVOFs5XX.js    1.33 kB
build/main/chunks/linux-Byreule0.js      1.83 kB
build/main/main.js                     289.72 kB
✓ built in 1.78s
vite v6.3.5 building SSR bundle for production...
transforming...
✓ 12 modules transformed.
rendering chunks...
build/preload/index.js  10.65 kB
✓ built in 56ms
vite v6.3.5 building for production...
transforming...
✓ 12938 modules transformed.
Export "install" of module "src/frontend/helpers/library.ts" was reexported through module "src/frontend/helpers/index.ts" while both modules are dependencies of each other and will end up in different chunks by current Rollup settings. This scenario is not well supported at the moment as it will produce a circular dependency between chunks and will likely lead to broken execution order.
Either change the import in "src/frontend/screens/Library/components/GameCard/index.tsx" to point directly to the exporting module or reconfigure "output.manualChunks" to ensure these modules end up in the same chunk.
Export "launch" of module "src/frontend/helpers/library.ts" was reexported through module "src/frontend/helpers/index.ts" while both modules are dependencies of each other and will end up in different chunks by current Rollup settings. This scenario is not well supported at the moment as it will produce a circular dependency between chunks and will likely lead to broken execution order.
Either change the import in "src/frontend/screens/Library/components/GameCard/index.tsx" to point directly to the exporting module or reconfigure "output.manualChunks" to ensure these modules end up in the same chunk.
Export "repair" of module "src/frontend/helpers/library.ts" was reexported through module "src/frontend/helpers/index.ts" while both modules are dependencies of each other and will end up in different chunks by current Rollup settings. This scenario is not well supported at the moment as it will produce a circular dependency between chunks and will likely lead to broken execution order.
Either change the import in "src/frontend/screens/Game/GameSubMenu/index.tsx" to point directly to the exporting module or reconfigure "output.manualChunks" to ensure these modules end up in the same chunk.
Export "install" of module "src/frontend/helpers/library.ts" was reexported through module "src/frontend/helpers/index.ts" while both modules are dependencies of each other and will end up in different chunks by current Rollup settings. This scenario is not well supported at the moment as it will produce a circular dependency between chunks and will likely lead to broken execution order.
Either change the import in "src/frontend/components/UI/DLCList/DLC/index.tsx" to point directly to the exporting module or reconfigure "output.manualChunks" to ensure these modules end up in the same chunk.
Export "launch" of module "src/frontend/helpers/library.ts" was reexported through module "src/frontend/helpers/index.ts" while both modules are dependencies of each other and will end up in different chunks by current Rollup settings. This scenario is not well supported at the moment as it will produce a circular dependency between chunks and will likely lead to broken execution order.
Either change the import in "src/frontend/screens/Game/GamePage/index.tsx" to point directly to the exporting module or reconfigure "output.manualChunks" to ensure these modules end up in the same chunk.
Export "updateGame" of module "src/frontend/helpers/library.ts" was reexported through module "src/frontend/helpers/index.ts" while both modules are dependencies of each other and will end up in different chunks by current Rollup settings. This scenario is not well supported at the moment as it will produce a circular dependency between chunks and will likely lead to broken execution order.
Either change the import in "src/frontend/screens/Game/GamePage/index.tsx" to point directly to the exporting module or reconfigure "output.manualChunks" to ensure these modules end up in the same chunk.
Export "launch" of module "src/frontend/helpers/library.ts" was reexported through module "src/frontend/helpers/index.ts" while both modules are dependencies of each other and will end up in different chunks by current Rollup settings. This scenario is not well supported at the moment as it will produce a circular dependency between chunks and will likely lead to broken execution order.
Either change the import in "src/frontend/screens/ConsoleMode/index.tsx" to point directly to the exporting module or reconfigure "output.manualChunks" to ensure these modules end up in the same chunk.
rendering chunks...
[plugin vite:reporter] 
(!) /build/heroic-games-launcher/src/HeroicGamesLauncher/src/frontend/screens/Settings/index.tsx is dynamically imported by /build/heroic-games-launcher/src/HeroicGamesLauncher/src/frontend/App.tsx but also statically imported by /build/heroic-games-launcher/src/HeroicGamesLauncher/src/frontend/screens/Settings/components/AdvertiseAvxForRosetta.tsx, /build/heroic-games-launcher/src/HeroicGamesLauncher/src/frontend/screens/Settings/components/AutoDXVK.tsx, /build/heroic-games-launcher/src/HeroicGamesLauncher/src/frontend/screens/Settings/components/AutoDXVKNVAPI.tsx, /build/heroic-games-launcher/src/HeroicGamesLauncher/src/frontend/screens/Settings/components/AutoVKD3D.tsx, /build/heroic-games-launcher/src/HeroicGamesLauncher/src/frontend/screens/Settings/components/CrossoverBottle.tsx, /build/heroic-games-launcher/src/HeroicGamesLauncher/src/frontend/screens/Settings/components/DisableUMU.tsx, /build/heroic-games-launcher/src/HeroicGamesLauncher/src/frontend/screens/Settings/components/EnableDXVKFpsLimit.tsx, /build/heroic-games-launcher/src/HeroicGamesLauncher/src/frontend/screens/Settings/components/EnableMsync.tsx, /build/heroic-games-launcher/src/HeroicGamesLauncher/src/frontend/screens/Settings/components/PreferSystemLibs.tsx, /build/heroic-games-launcher/src/HeroicGamesLauncher/src/frontend/screens/Settings/components/SteamRuntime.tsx, /build/heroic-games-launcher/src/HeroicGamesLauncher/src/frontend/screens/Settings/components/WinePrefix.tsx, /build/heroic-games-launcher/src/HeroicGamesLauncher/src/frontend/screens/Settings/components/WineVersionSelector.tsx, /build/heroic-games-launcher/src/HeroicGamesLauncher/src/frontend/screens/Settings/sections/GamesSettings/index.tsx, /build/heroic-games-launcher/src/HeroicGamesLauncher/src/frontend/screens/Settings/sections/SyncSaves/index.tsx, dynamic import will not move module into another chunk.

build/index.html                                             0.56 kB
build/assets/SteamDeck_X-DwNz7cO3.png                        4.22 kB
build/assets/Switch_Left_Stick-CWpl1pz1.png                  4.30 kB
build/assets/PS5_Square-MF_dhaoW.png                         4.32 kB
build/assets/SteamDeck_R1-BpoU8NKQ.png                       4.32 kB
build/assets/rubik-hebrew-400-normal-DNObuXye.woff2          4.40 kB
build/assets/PS5_Cross-nKvb2zFH.png                          4.54 kB
build/assets/PS5_Triangle-D12MO93J.png                       4.72 kB
build/assets/PS5_Left_Stick-Boc4jN1F.png                     5.13 kB
build/assets/SteamDeck_Left_Stick-DJTqmJ0Q.png               5.18 kB
build/assets/XboxSeriesX_Left_Stick-Cji4AZEG.png             5.20 kB
build/assets/PS5_Circle-DCilCbz_.png                         5.36 kB
build/assets/PS5_Right_Stick-H1EufGXy.png                    5.43 kB
build/assets/XboxSeriesX_Right_Stick-Bs9FE3IW.png            5.51 kB
build/assets/SteamDeck_Right_Stick-CHgGJqZU.png              5.62 kB
build/assets/rubik-cyrillic-ext-400-normal-B_ISZE4R.woff2    5.83 kB
build/assets/PS5_Dpad-CUUVZ112.png                           6.14 kB
build/assets/rubik-cyrillic-400-normal-CFCITy_P.woff2        7.30 kB
build/assets/cabin-latin-ext-400-normal-CrIKaydt.woff2       8.32 kB
build/assets/rubik-latin-ext-400-normal-BvADScal.woff2       8.93 kB
build/assets/cabin-latin-400-normal-Csq5M_Nd.woff2          15.48 kB
build/assets/rubik-latin-400-normal-CRbIWQXK.woff2          17.42 kB
build/assets/cabin-all-400-normal-DslYAS_m.woff             35.50 kB
build/assets/rubik-all-400-normal-LeYnpOeC.woff             51.78 kB
build/assets/login-background-1536x864-CfEy_sdA.jpg        254.88 kB
build/assets/heroic_card-mjvSE_Ga.jpg                      747.21 kB
build/assets/NotoColorEmoji.subset-C9pS9TGB.ttf            847.88 kB
build/assets/index-BWpMcXOM.css                              0.61 kB
build/assets/index-BSLnMj59.css                              1.04 kB
build/assets/index-B4xQRPeW.css                              2.00 kB
build/assets/index-lagMOwZj.css                              2.01 kB
build/assets/index-CAPgwDuK.css                              3.51 kB
build/assets/index-CqrVUnvK.css                              4.78 kB
build/assets/index-BcMduF3p.css                              5.65 kB
build/assets/index-fUSy2ijE.css                             10.61 kB
build/assets/index-BinpuJoz.css                             15.28 kB
build/assets/index-DXf_DXvM.css                             15.39 kB
build/assets/App-V-9JuwMP.css                               41.26 kB
build/assets/index-BA1a5fj5.css                             94.41 kB
build/assets/index-D9lQPmac.css                             96.40 kB
build/assets/tiny-invariant-BaFNuDhB.js                      0.08 kB
build/assets/ExpandMore-Cc0emZUl.js                          0.15 kB
build/assets/play-icon-D0lljVbg.js                           0.32 kB
build/assets/stop-icon-D9Iljyky.js                           0.43 kB
build/assets/down-icon-CXfNi8SJ.js                           0.53 kB
build/assets/constants-DRwbeCO3.js                           0.70 kB
build/assets/index-kI-Zq_n6.js                               2.22 kB
build/assets/hasStatus-CXqSe8oy.js                           2.72 kB
build/assets/index-BTypYdTE.js                               4.27 kB
build/assets/Stack-de4VP58e.js                               4.75 kB
build/assets/zoom-logo-DBDi0GVr.js                           6.12 kB
build/assets/index-BO92VDfo.js                               7.52 kB
build/assets/index-Ce4OItyd.js                               7.79 kB
build/assets/index-D7fZXvoW.js                               8.56 kB
build/assets/index-BVVRz-Cv.js                               9.88 kB
build/assets/index-G4NPJ_4o.js                              11.38 kB
build/assets/index-D-A6GUQS.js                              54.50 kB
build/assets/index-BNuP1QD1.js                              92.78 kB
build/assets/index-BxtLKrDk.js                             347.33 kB
build/assets/index-B_vR7St_.js                             391.11 kB
build/assets/index-Bfvmu9Zo.js                             627.49 kB
build/assets/App-PgSkawqa.js                               881.84 kB

(!) Some chunks are larger than 500 kB after minification. Consider:
- Using dynamic import() to code-split the application
- Use build.rollupOptions.output.manualChunks to improve chunking: https://rollupjs.org/configuration-options/#output-manualchunks
- Adjust chunk size limit for this warning via build.chunkSizeWarningLimit.
✓ built in 21.91s
  • electron-builder  version=26.8.1 os=6.19.14-arch1-1
  • loaded configuration  file=/build/heroic-games-launcher/src/HeroicGamesLauncher/electron-builder.yml
  • detected workspace root for project using packageManager field  pm=pnpm config=pnpm@10.28.0 resolved=/build/heroic-games-launcher/src/HeroicGamesLauncher projectDir=/build/heroic-games-launcher/src/HeroicGamesLauncher
  • executing @electron/rebuild  electronVersion=39.8.9 arch=x64 buildFromSource=false workspaceRoot=/build/heroic-games-launcher/src/HeroicGamesLauncher projectDir=./ appDir=./
  • installing native dependencies  arch=x64
  • completed installing native dependencies
  • packaging       platform=linux arch=x64 electron=39.8.9 appOutDir=dist/linux-unpacked
  • using custom unpacked Electron distribution  electronDist=/usr/lib/electron39/
  • copying unpacked Electron  source=/usr/lib/electron39 destination=/build/heroic-games-launcher/src/HeroicGamesLauncher/dist/linux-unpacked
  • searching for node modules  pm=pnpm searchDir=/build/heroic-games-launcher/src/HeroicGamesLauncher
