Lockfile is up to date, resolution step is skipped
Packages: +1405
++++++++++++++++++++++++++++++++++++++++++++++++++++++++++++++++++++++++++++++++
Progress: resolved 0, reused 0, downloaded 1, added 0
Progress: resolved 0, reused 0, downloaded 31, added 26
Progress: resolved 0, reused 0, downloaded 83, added 63
 WARN  Tarball download average speed 19 KiB/s (size 22 KiB) is below 50 KiB/s: https://registry.npmjs.org/@xhayper/discord-rpc/-/discord-rpc-1.3.0.tgz (GET)
 WARN  Tarball download average speed 15 KiB/s (size 25 KiB) is below 50 KiB/s: https://registry.npmjs.org/aria-query/-/aria-query-5.3.2.tgz (GET)
Progress: resolved 0, reused 0, downloaded 165, added 161
Progress: resolved 0, reused 0, downloaded 215, added 219
 WARN  Tarball download average speed 4 KiB/s (size 7 KiB) is below 50 KiB/s: https://registry.npmjs.org/file-entry-cache/-/file-entry-cache-6.0.1.tgz (GET)
 WARN  Tarball download average speed 20 KiB/s (size 21 KiB) is below 50 KiB/s: https://registry.npmjs.org/cross-fetch/-/cross-fetch-4.0.0.tgz (GET)
Progress: resolved 0, reused 0, downloaded 341, added 350
Progress: resolved 0, reused 0, downloaded 528, added 556
Progress: resolved 0, reused 0, downloaded 609, added 645
Progress: resolved 0, reused 0, downloaded 685, added 728
 WARN  Tarball download average speed 8 KiB/s (size 9 KiB) is below 50 KiB/s: https://registry.npmjs.org/function-bind/-/function-bind-1.1.2.tgz (GET)
 WARN  Tarball download average speed 4 KiB/s (size 4 KiB) is below 50 KiB/s: https://registry.npmjs.org/es-shim-unscopables/-/es-shim-unscopables-1.1.0.tgz (GET)
Progress: resolved 0, reused 0, downloaded 844, added 900
Progress: resolved 0, reused 0, downloaded 1015, added 1080
Progress: resolved 0, reused 0, downloaded 1135, added 1225
Packages are hard linked from the content-addressable store to the virtual store.
  Content-addressable store is at: /build/heroic-games-launcher-git/src/.electron-gyp/.local/share/pnpm/store/v10
  Virtual store is at:             node_modules/.pnpm
Progress: resolved 0, reused 0, downloaded 1281, added 1390
Progress: resolved 0, reused 0, downloaded 1284, added 1394
Progress: resolved 0, reused 0, downloaded 1286, added 1396
Progress: resolved 0, reused 0, downloaded 1288, added 1399
Progress: resolved 0, reused 0, downloaded 1289, added 1400
Progress: resolved 0, reused 0, downloaded 1290, added 1400
Progress: resolved 0, reused 0, downloaded 1290, added 1401
Progress: resolved 0, reused 0, downloaded 1291, added 1401
Progress: resolved 0, reused 0, downloaded 1291, added 1402
Progress: resolved 0, reused 0, downloaded 1292, added 1402
Progress: resolved 0, reused 0, downloaded 1292, added 1404
Progress: resolved 0, reused 0, downloaded 1293, added 1404
Progress: resolved 0, reused 0, downloaded 1293, added 1405, done
node_modules/@swc/core postinstall$ node postinstall.js
node_modules/esbuild postinstall$ node install.js
node_modules/@swc/core postinstall: Done
.../react-devtools/node_modules/electron postinstall$ node install.js
node_modules/unrs-resolver postinstall$ napi-postinstall unrs-resolver 1.9.1 check
node_modules/esbuild postinstall: Done
node_modules/unrs-resolver postinstall: Done
.../react-devtools/node_modules/electron postinstall: Done
node_modules/electron postinstall$ node install.js
node_modules/electron postinstall: Done

. prepare$ husky install
. prepare: husky - Git hooks installed
. prepare: Done
╭ Warning ─────────────────────────────────────────────────────────────────────╮
│                                                                              │
│   Ignored build scripts: @parcel/watcher@2.5.1.                              │
│   Run "pnpm approve-builds" to pick which dependencies should be allowed     │
│   to run scripts.                                                            │
│                                                                              │
╰──────────────────────────────────────────────────────────────────────────────╯
Done in 1m 49.4s using pnpm v10.28.0

> heroic@2.19.1 download-helper-binaries /build/heroic-games-launcher-git/src/HeroicGamesLauncher
> esbuild --bundle --platform=node --target=node21 meta/downloadHelperBinaries.ts | node

Downloading: [ 'legendary', 'gogdl', 'nile', 'comet', 'epic-integration' ]
Downloading legendary for linux x64 from https://github.com/Heroic-Games-Launcher/legendary/releases/download/0.20.39/legendary_linux_x86_64
Downloading legendary for darwin x64 from https://github.com/Heroic-Games-Launcher/legendary/releases/download/0.20.39/legendary_macOS_x86_64
Downloading legendary for win32 x64 from https://github.com/Heroic-Games-Launcher/legendary/releases/download/0.20.39/legendary_windows_x86_64.exe
Downloading legendary for linux arm64 from https://github.com/Heroic-Games-Launcher/legendary/releases/download/0.20.39/legendary_linux_arm64
Downloading legendary for darwin arm64 from https://github.com/Heroic-Games-Launcher/legendary/releases/download/0.20.39/legendary_macOS_arm64
Downloading gogdl for linux x64 from https://github.com/Heroic-Games-Launcher/heroic-gogdl/releases/download/v1.2.0/gogdl_linux_x86_64
Downloading gogdl for darwin x64 from https://github.com/Heroic-Games-Launcher/heroic-gogdl/releases/download/v1.2.0/gogdl_macOS_x86_64
Downloading gogdl for win32 x64 from https://github.com/Heroic-Games-Launcher/heroic-gogdl/releases/download/v1.2.0/gogdl_windows_x86_64.exe
Downloading gogdl for linux arm64 from https://github.com/Heroic-Games-Launcher/heroic-gogdl/releases/download/v1.2.0/gogdl_linux_arm64
Downloading gogdl for darwin arm64 from https://github.com/Heroic-Games-Launcher/heroic-gogdl/releases/download/v1.2.0/gogdl_macOS_arm64
Downloading nile for linux x64 from https://github.com/imLinguin/nile/releases/download/v1.1.2/nile_linux_x86_64
Downloading nile for darwin x64 from https://github.com/imLinguin/nile/releases/download/v1.1.2/nile_macOS_x86_64
Downloading nile for win32 x64 from https://github.com/imLinguin/nile/releases/download/v1.1.2/nile_windows_x86_64.exe
Downloading nile for linux arm64 from https://github.com/imLinguin/nile/releases/download/v1.1.2/nile_linux_arm64
Downloading nile for darwin arm64 from https://github.com/imLinguin/nile/releases/download/v1.1.2/nile_macOS_arm64
Downloading GalaxyCommunication for win32 x64 from https://github.com/imLinguin/comet/releases/download/v0.2.0/GalaxyCommunication-dummy.exe
Downloading comet for linux x64 from https://github.com/imLinguin/comet/releases/download/v0.2.0/comet-x86_64-unknown-linux-gnu
Downloading comet for darwin x64 from https://github.com/imLinguin/comet/releases/download/v0.2.0/comet-x86_64-apple-darwin
Downloading comet for win32 x64 from https://github.com/imLinguin/comet/releases/download/v0.2.0/comet-x86_64-pc-windows-msvc.exe
Downloading comet for darwin arm64 from https://github.com/imLinguin/comet/releases/download/v0.2.0/comet-aarch64-apple-darwin
Downloading comet for linux arm64 from https://github.com/imLinguin/comet/releases/download/v0.2.0/comet-aarch64-unknown-linux-gnu
Downloading EpicGamesLauncher for win32 x64 from https://github.com/Etaash-mathamsetty/heroic-epic-integration/releases/download/v0.4/EpicGamesLauncher.exe
Done downloading GalaxyCommunication for win32 x64
Done downloading EpicGamesLauncher for win32 x64
Done downloading comet for linux arm64
Done downloading nile for darwin arm64
Done downloading nile for linux arm64
Done downloading nile for linux x64
Done downloading legendary for linux arm64
Done downloading legendary for darwin arm64
Done downloading nile for win32 x64
Done downloading gogdl for linux x64
Done downloading nile for darwin x64
Done downloading gogdl for darwin x64
Done downloading comet for darwin x64
Done downloading comet for darwin arm64
Done downloading legendary for win32 x64
Done downloading legendary for linux x64
Done downloading gogdl for linux arm64
Done downloading comet for win32 x64
Done downloading gogdl for darwin arm64
Done downloading legendary for darwin x64
Done downloading comet for linux x64
Done downloading gogdl for win32 x64
vite v6.3.5 building SSR bundle for production...
transforming...
✓ 145 modules transformed.
rendering chunks...
build/main/chunks/windows-C60IW2i5.js    0.24 kB
build/main/chunks/linux-CdwwgEv7.js      0.39 kB
build/main/chunks/index-nZ_NU6B5.js      0.49 kB
build/main/chunks/unix-C9Kk0WVU.js       0.58 kB
build/main/chunks/windows-DN-idZYC.js    0.60 kB
build/main/chunks/macos-CSyGfzok.js      0.72 kB
build/main/chunks/linux-iXPBjuNP.js      0.73 kB
build/main/chunks/windows-9czOjsNQ.js    1.22 kB
build/main/chunks/windows-DVOFs5XX.js    1.33 kB
build/main/chunks/linux-DmXUPQUH.js      1.84 kB
build/main/main.js                     277.51 kB
✓ built in 917ms
vite v6.3.5 building SSR bundle for production...
transforming...
✓ 12 modules transformed.
rendering chunks...
build/preload/index.js  10.21 kB
✓ built in 40ms
vite v6.3.5 building for production...
transforming...
✓ 12912 modules transformed.
Export "install" of module "src/frontend/helpers/library.ts" was reexported through module "src/frontend/helpers/index.ts" while both modules are dependencies of each other and will end up in different chunks by current Rollup settings. This scenario is not well supported at the moment as it will produce a circular dependency between chunks and will likely lead to broken execution order.
Either change the import in "src/frontend/screens/Library/components/GameCard/index.tsx" to point directly to the exporting module or reconfigure "output.manualChunks" to ensure these modules end up in the same chunk.
Export "launch" of module "src/frontend/helpers/library.ts" was reexported through module "src/frontend/helpers/index.ts" while both modules are dependencies of each other and will end up in different chunks by current Rollup settings. This scenario is not well supported at the moment as it will produce a circular dependency between chunks and will likely lead to broken execution order.
Either change the import in "src/frontend/screens/Library/components/GameCard/index.tsx" to point directly to the exporting module or reconfigure "output.manualChunks" to ensure these modules end up in the same chunk.
Export "repair" of module "src/frontend/helpers/library.ts" was reexported through module "src/frontend/helpers/index.ts" while both modules are dependencies of each other and will end up in different chunks by current Rollup settings. This scenario is not well supported at the moment as it will produce a circular dependency between chunks and will likely lead to broken execution order.
Either change the import in "src/frontend/screens/Game/GameSubMenu/index.tsx" to point directly to the exporting module or reconfigure "output.manualChunks" to ensure these modules end up in the same chunk.
Export "install" of module "src/frontend/helpers/library.ts" was reexported through module "src/frontend/helpers/index.ts" while both modules are dependencies of each other and will end up in different chunks by current Rollup settings. This scenario is not well supported at the moment as it will produce a circular dependency between chunks and will likely lead to broken execution order.
Either change the import in "src/frontend/components/UI/DLCList/DLC/index.tsx" to point directly to the exporting module or reconfigure "output.manualChunks" to ensure these modules end up in the same chunk.
Export "launch" of module "src/frontend/helpers/library.ts" was reexported through module "src/frontend/helpers/index.ts" while both modules are dependencies of each other and will end up in different chunks by current Rollup settings. This scenario is not well supported at the moment as it will produce a circular dependency between chunks and will likely lead to broken execution order.
Either change the import in "src/frontend/screens/Game/GamePage/index.tsx" to point directly to the exporting module or reconfigure "output.manualChunks" to ensure these modules end up in the same chunk.
Export "updateGame" of module "src/frontend/helpers/library.ts" was reexported through module "src/frontend/helpers/index.ts" while both modules are dependencies of each other and will end up in different chunks by current Rollup settings. This scenario is not well supported at the moment as it will produce a circular dependency between chunks and will likely lead to broken execution order.
Either change the import in "src/frontend/screens/Game/GamePage/index.tsx" to point directly to the exporting module or reconfigure "output.manualChunks" to ensure these modules end up in the same chunk.
rendering chunks...
[plugin vite:reporter] 
(!) /build/heroic-games-launcher-git/src/HeroicGamesLauncher/src/frontend/screens/Settings/index.tsx is dynamically imported by /build/heroic-games-launcher-git/src/HeroicGamesLauncher/src/frontend/App.tsx but also statically imported by /build/heroic-games-launcher-git/src/HeroicGamesLauncher/src/frontend/screens/Settings/components/AdvertiseAvxForRosetta.tsx, /build/heroic-games-launcher-git/src/HeroicGamesLauncher/src/frontend/screens/Settings/components/AutoDXVK.tsx, /build/heroic-games-launcher-git/src/HeroicGamesLauncher/src/frontend/screens/Settings/components/AutoDXVKNVAPI.tsx, /build/heroic-games-launcher-git/src/HeroicGamesLauncher/src/frontend/screens/Settings/components/AutoVKD3D.tsx, /build/heroic-games-launcher-git/src/HeroicGamesLauncher/src/frontend/screens/Settings/components/CrossoverBottle.tsx, /build/heroic-games-launcher-git/src/HeroicGamesLauncher/src/frontend/screens/Settings/components/DisableUMU.tsx, /build/heroic-games-launcher-git/src/HeroicGamesLauncher/src/frontend/screens/Settings/components/EnableDXVKFpsLimit.tsx, /build/heroic-games-launcher-git/src/HeroicGamesLauncher/src/frontend/screens/Settings/components/EnableMsync.tsx, /build/heroic-games-launcher-git/src/HeroicGamesLauncher/src/frontend/screens/Settings/components/PreferSystemLibs.tsx, /build/heroic-games-launcher-git/src/HeroicGamesLauncher/src/frontend/screens/Settings/components/SteamRuntime.tsx, /build/heroic-games-launcher-git/src/HeroicGamesLauncher/src/frontend/screens/Settings/components/WinePrefix.tsx, /build/heroic-games-launcher-git/src/HeroicGamesLauncher/src/frontend/screens/Settings/components/WineVersionSelector.tsx, /build/heroic-games-launcher-git/src/HeroicGamesLauncher/src/frontend/screens/Settings/sections/GamesSettings/index.tsx, /build/heroic-games-launcher-git/src/HeroicGamesLauncher/src/frontend/screens/Settings/sections/SyncSaves/index.tsx, dynamic import will not move module into another chunk.

build/index.html                                             0.56 kB
build/assets/SteamDeck_X-DwNz7cO3.png                        4.22 kB
build/assets/PS5_Square-MF_dhaoW.png                         4.32 kB
build/assets/rubik-hebrew-400-normal-DNObuXye.woff2          4.40 kB
build/assets/PS5_Cross-nKvb2zFH.png                          4.54 kB
build/assets/PS5_Triangle-D12MO93J.png                       4.72 kB
build/assets/PS5_Left_Stick-Boc4jN1F.png                     5.13 kB
build/assets/SteamDeck_Left_Stick-DJTqmJ0Q.png               5.18 kB
build/assets/XboxSeriesX_Left_Stick-Cji4AZEG.png             5.20 kB
build/assets/PS5_Circle-DCilCbz_.png                         5.36 kB
build/assets/PS5_Right_Stick-H1EufGXy.png                    5.43 kB
build/assets/XboxSeriesX_Right_Stick-Bs9FE3IW.png            5.51 kB
build/assets/SteamDeck_Right_Stick-CHgGJqZU.png              5.62 kB
build/assets/rubik-cyrillic-ext-400-normal-B_ISZE4R.woff2    5.83 kB
build/assets/PS5_Dpad-CUUVZ112.png                           6.14 kB
build/assets/rubik-cyrillic-400-normal-CFCITy_P.woff2        7.30 kB
build/assets/cabin-latin-ext-400-normal-CrIKaydt.woff2       8.32 kB
build/assets/rubik-latin-ext-400-normal-BvADScal.woff2       8.93 kB
build/assets/cabin-latin-400-normal-Csq5M_Nd.woff2          15.48 kB
build/assets/rubik-latin-400-normal-CRbIWQXK.woff2          17.42 kB
build/assets/cabin-all-400-normal-DslYAS_m.woff             35.50 kB
build/assets/rubik-all-400-normal-LeYnpOeC.woff             51.78 kB
build/assets/login-background-1536x864-CfEy_sdA.jpg        254.88 kB
build/assets/heroic_card-mjvSE_Ga.jpg                      747.21 kB
build/assets/NotoColorEmoji.subset-C9pS9TGB.ttf            847.88 kB
build/assets/index-BWpMcXOM.css                              0.61 kB
build/assets/index-atOWLXrx.css                              0.68 kB
build/assets/index-BSLnMj59.css                              1.04 kB
build/assets/index-B4xQRPeW.css                              2.00 kB
build/assets/index-DG85NW4O.css                              2.00 kB
build/assets/index-CqrVUnvK.css                              4.78 kB
build/assets/index--G1WeVxA.css                              5.65 kB
build/assets/index-iVvAVo3X.css                             14.48 kB
build/assets/index-CtPL4O6v.css                             14.85 kB
build/assets/App-UjLucA2J.css                               40.28 kB
build/assets/index-BB21sXnk.css                             92.92 kB
build/assets/tiny-invariant-BaFNuDhB.js                      0.08 kB
build/assets/play-icon-BnlzPaxk.js                           0.32 kB
build/assets/stop-icon-YGMsuLoL.js                           0.43 kB
build/assets/down-icon-D2uRQG84.js                           0.53 kB
build/assets/index-CNKUKYBA.js                               2.23 kB
build/assets/index-yce_NuQD.js                               3.54 kB
build/assets/index-Nq9DpM5W.js                               4.27 kB
build/assets/zoom-logo-Cgpp4cd6.js                           6.12 kB
build/assets/index-BfUhHghv.js                               9.83 kB
build/assets/index-CBko9wIT.js                              11.21 kB
build/assets/index-DORX8b5J.js                              12.49 kB
build/assets/index-nL_eg_nE.js                              54.95 kB
build/assets/index-CbCG8xuw.js                             346.04 kB
build/assets/index-WDxayKlX.js                             391.05 kB
build/assets/index-DZDwiZMl.js                             625.15 kB
build/assets/App-BeM9ia2X.js                               873.79 kB

(!) Some chunks are larger than 500 kB after minification. Consider:
- Using dynamic import() to code-split the application
- Use build.rollupOptions.output.manualChunks to improve chunking: https://rollupjs.org/configuration-options/#output-manualchunks
- Adjust chunk size limit for this warning via build.chunkSizeWarningLimit.
✓ built in 11.78s
  • electron-builder  version=26.0.12 os=6.18.9-arch1-2
  • loaded configuration  file=/build/heroic-games-launcher-git/src/HeroicGamesLauncher/electron-builder.yml
  • executing @electron/rebuild  electronVersion=39.5.2 arch=x64 buildFromSource=false appDir=./
  • installing native dependencies  arch=x64
  • completed installing native dependencies
  • packaging       platform=linux arch=x64 electron=39.5.2 appOutDir=dist/linux-unpacked
  • custom electronDist provided but no zip found; assuming unpacked electron directory.  electronDist=/usr/lib/electron39/ expectedFile=electron-v39.5.2-linux-x64.zip
  • copying Electron  source=/usr/lib/electron39 destination=/build/heroic-games-launcher-git/src/HeroicGamesLauncher/dist/linux-unpacked
