heroic-games-launcher W: ELF file ('usr/lib/heroic/app.asar.unpacked/build/bin/x64/linux/gogdl') lacks FULL RELRO, check LDFLAGS.
heroic-games-launcher W: ELF file ('usr/lib/heroic/app.asar.unpacked/build/bin/x64/linux/legendary') lacks FULL RELRO, check LDFLAGS.
heroic-games-launcher W: ELF file ('usr/lib/heroic/app.asar.unpacked/build/bin/x64/linux/nile') lacks FULL RELRO, check LDFLAGS.
heroic-games-launcher W: ELF file ('usr/lib/heroic/app.asar.unpacked/build/bin/x64/linux/gogdl') lacks PIE.
heroic-games-launcher W: ELF file ('usr/lib/heroic/app.asar.unpacked/build/bin/x64/linux/legendary') lacks PIE.
heroic-games-launcher W: ELF file ('usr/lib/heroic/app.asar.unpacked/build/bin/x64/linux/nile') lacks PIE.
heroic-games-launcher W: ELF file ('usr/lib/heroic/app.asar.unpacked/node_modules/register-scheme/build/Release/register-protocol-handler.node') lacks PIE.
heroic-games-launcher W: ELF file ('usr/lib/heroic/app.asar.unpacked/build/bin/x64/linux/comet') lacks GNU_PROPERTY_X86_FEATURE_1_SHSTK.
heroic-games-launcher W: ELF file ('usr/lib/heroic/app.asar.unpacked/build/bin/x64/linux/gogdl') lacks GNU_PROPERTY_X86_FEATURE_1_SHSTK.
heroic-games-launcher W: ELF file ('usr/lib/heroic/app.asar.unpacked/build/bin/x64/linux/legendary') lacks GNU_PROPERTY_X86_FEATURE_1_SHSTK.
heroic-games-launcher W: ELF file ('usr/lib/heroic/app.asar.unpacked/build/bin/x64/linux/nile') lacks GNU_PROPERTY_X86_FEATURE_1_SHSTK.
heroic-games-launcher W: ELF file ('usr/lib/heroic/app.asar.unpacked/build/bin/x64/linux/vulkan-helper') lacks GNU_PROPERTY_X86_FEATURE_1_SHSTK.
heroic-games-launcher W: Unused shared library '/usr/lib/libdl.so.2' by file ('usr/lib/heroic/app.asar.unpacked/build/bin/x64/linux/gogdl')
heroic-games-launcher W: Unused shared library '/usr/lib/libpthread.so.0' by file ('usr/lib/heroic/app.asar.unpacked/build/bin/x64/linux/gogdl')
heroic-games-launcher W: Unused shared library '/usr/lib/libdl.so.2' by file ('usr/lib/heroic/app.asar.unpacked/build/bin/x64/linux/legendary')
heroic-games-launcher W: Unused shared library '/usr/lib/libpthread.so.0' by file ('usr/lib/heroic/app.asar.unpacked/build/bin/x64/linux/legendary')
heroic-games-launcher W: Unused shared library '/usr/lib/libdl.so.2' by file ('usr/lib/heroic/app.asar.unpacked/build/bin/x64/linux/nile')
heroic-games-launcher W: Unused shared library '/usr/lib/libpthread.so.0' by file ('usr/lib/heroic/app.asar.unpacked/build/bin/x64/linux/nile')
heroic-games-launcher W: Unused shared library '/usr/lib/libdl.so.2' by file ('usr/lib/heroic/app.asar.unpacked/build/bin/x64/linux/vulkan-helper')
heroic-games-launcher W: Unused shared library '/usr/lib/libpthread.so.0' by file ('usr/lib/heroic/app.asar.unpacked/build/bin/x64/linux/vulkan-helper')
heroic-games-launcher W: Dependency bash detected and implicitly satisfied (programs ['bash'] needed in scripts ['usr/bin/heroic'])
heroic-games-launcher W: Dependency included, but may not be needed ('which')
heroic-games-launcher W: Dependency included, but may not be needed ('electron36')
