Lockfile is up to date, resolution step is skipped
Packages: +1407
++++++++++++++++++++++++++++++++++++++++++++++++++++++++++++++++++++++++++++++++
Progress: resolved 0, reused 0, downloaded 1, added 0
Progress: resolved 0, reused 0, downloaded 63, added 59
Progress: resolved 0, reused 0, downloaded 151, added 154
Packages are hard linked from the content-addressable store to the virtual store.
  Content-addressable store is at: /build/heroic-games-launcher-git/src/.electron-gyp/.local/share/pnpm/store/v10
  Virtual store is at:             node_modules/.pnpm
Progress: resolved 0, reused 0, downloaded 260, added 268
Progress: resolved 0, reused 0, downloaded 523, added 546
Progress: resolved 0, reused 0, downloaded 613, added 648
Progress: resolved 0, reused 0, downloaded 696, added 739
Progress: resolved 0, reused 0, downloaded 823, added 874
Progress: resolved 0, reused 0, downloaded 982, added 1042
Progress: resolved 0, reused 0, downloaded 1183, added 1271
Progress: resolved 0, reused 0, downloaded 1287, added 1401
Progress: resolved 0, reused 0, downloaded 1288, added 1402
Progress: resolved 0, reused 0, downloaded 1289, added 1403
Progress: resolved 0, reused 0, downloaded 1290, added 1403
Progress: resolved 0, reused 0, downloaded 1290, added 1404
Progress: resolved 0, reused 0, downloaded 1291, added 1404
Progress: resolved 0, reused 0, downloaded 1292, added 1407, done
node_modules/@swc/core postinstall$ node postinstall.js
node_modules/register-scheme install$ node-gyp rebuild
node_modules/@swc/core postinstall: Done
node_modules/esbuild postinstall$ node install.js
node_modules/register-scheme install: gyp info it worked if it ends with ok
node_modules/register-scheme install: gyp info using node-gyp@10.3.1
node_modules/register-scheme install: gyp info using node@22.19.0 | linux | x64
node_modules/unrs-resolver postinstall$ napi-postinstall unrs-resolver 1.9.1 check
node_modules/register-scheme install: gyp info find Python using Python version 3.13.7 found at "/usr/bin/python3"
node_modules/esbuild postinstall: Done
.../react-devtools/node_modules/electron postinstall$ node install.js
node_modules/unrs-resolver postinstall: Done
node_modules/register-scheme install: gyp http GET https://nodejs.org/download/release/v22.19.0/node-v22.19.0-headers.tar.gz
node_modules/register-scheme install: gyp http 200 https://nodejs.org/download/release/v22.19.0/node-v22.19.0-headers.tar.gz
node_modules/register-scheme install: gyp http GET https://nodejs.org/download/release/v22.19.0/SHASUMS256.txt
node_modules/register-scheme install: gyp http 200 https://nodejs.org/download/release/v22.19.0/SHASUMS256.txt
node_modules/register-scheme install: gyp info spawn /usr/bin/python3
node_modules/register-scheme install: gyp info spawn args [
node_modules/register-scheme install: gyp info spawn args '/build/heroic-games-launcher-git/src/HeroicGamesLauncher/node_modules/node-gyp/gyp/gyp_main.py',
node_modules/register-scheme install: gyp info spawn args 'binding.gyp',
node_modules/register-scheme install: gyp info spawn args '-f',
node_modules/register-scheme install: gyp info spawn args 'make',
node_modules/register-scheme install: gyp info spawn args '-I',
node_modules/register-scheme install: gyp info spawn args '/build/heroic-games-launcher-git/src/HeroicGamesLauncher/node_modules/register-scheme/build/config.gypi',
node_modules/register-scheme install: gyp info spawn args '-I',
node_modules/register-scheme install: gyp info spawn args '/build/heroic-games-launcher-git/src/HeroicGamesLauncher/node_modules/node-gyp/addon.gypi',
node_modules/register-scheme install: gyp info spawn args '-I',
node_modules/register-scheme install: gyp info spawn args '/build/heroic-games-launcher-git/src/.electron-gyp/.cache/node-gyp/22.19.0/include/node/common.gypi',
node_modules/register-scheme install: gyp info spawn args '-Dlibrary=shared_library',
node_modules/register-scheme install: gyp info spawn args '-Dvisibility=default',
node_modules/register-scheme install: gyp info spawn args '-Dnode_root_dir=/build/heroic-games-launcher-git/src/.electron-gyp/.cache/node-gyp/22.19.0',
node_modules/register-scheme install: gyp info spawn args '-Dnode_gyp_dir=/build/heroic-games-launcher-git/src/HeroicGamesLauncher/node_modules/node-gyp',
node_modules/register-scheme install: gyp info spawn args '-Dnode_lib_file=/build/heroic-games-launcher-git/src/.electron-gyp/.cache/node-gyp/22.19.0/<(target_arch)/node.lib',
node_modules/register-scheme install: gyp info spawn args '-Dmodule_root_dir=/build/heroic-games-launcher-git/src/HeroicGamesLauncher/node_modules/register-scheme',
node_modules/register-scheme install: gyp info spawn args '-Dnode_engine=v8',
node_modules/register-scheme install: gyp info spawn args '--depth=.',
node_modules/register-scheme install: gyp info spawn args '--no-parallel',
node_modules/register-scheme install: gyp info spawn args '--generator-output',
node_modules/register-scheme install: gyp info spawn args 'build',
node_modules/register-scheme install: gyp info spawn args '-Goutput_dir=.'
node_modules/register-scheme install: gyp info spawn args ]
node_modules/register-scheme install: gyp info spawn make
node_modules/register-scheme install: gyp info spawn args [ 'BUILDTYPE=Release', '-C', 'build' ]
node_modules/register-scheme install: make: Entering directory '/build/heroic-games-launcher-git/src/HeroicGamesLauncher/node_modules/register-scheme/build'
node_modules/register-scheme install:   CC(target) Release/obj.target/nothing/../node-addon-api/src/nothing.o
node_modules/register-scheme install: rm -f Release/obj.target/../node-addon-api/src/nothing.a Release/obj.target/../node-addon-api/src/nothing.a.ar-file-list; mkdir -p `dirname Release/obj.target/../node-addon-api/src/nothing.a`
node_modules/register-scheme install: ar crs Release/obj.target/../node-addon-api/src/nothing.a @Release/obj.target/../node-addon-api/src/nothing.a.ar-file-list
node_modules/register-scheme install:   COPY Release/nothing.a
node_modules/register-scheme install:   CXX(target) Release/obj.target/register-protocol-handler/src/addon.o
node_modules/register-scheme install:   CXX(target) Release/obj.target/register-protocol-handler/src/register_linux.o
node_modules/register-scheme install:   SOLINK_MODULE(target) Release/obj.target/register-protocol-handler.node
node_modules/register-scheme install:   COPY Release/register-protocol-handler.node
node_modules/register-scheme install: make: Leaving directory '/build/heroic-games-launcher-git/src/HeroicGamesLauncher/node_modules/register-scheme/build'
node_modules/register-scheme install: gyp info ok 
node_modules/register-scheme install: Done
.../react-devtools/node_modules/electron postinstall: Done
node_modules/electron postinstall$ node install.js
node_modules/electron postinstall: Done

╭ Warning ─────────────────────────────────────────────────────────────────────╮
│                                                                              │
│   Ignored build scripts: @parcel/watcher.                                    │
│   Run "pnpm approve-builds" to pick which dependencies should be allowed     │
│   to run scripts.                                                            │
│                                                                              │
╰──────────────────────────────────────────────────────────────────────────────╯

. prepare$ husky install
. prepare: husky - Git hooks installed
. prepare: Done
Done in 48.9s using pnpm v10.9.0

> heroic@2.18.1 download-helper-binaries /build/heroic-games-launcher-git/src/HeroicGamesLauncher
> esbuild --bundle --platform=node --target=node21 meta/downloadHelperBinaries.ts | node

Downloading: [ 'legendary', 'gogdl', 'nile', 'comet', 'epic-integration' ]
Downloading legendary for linux x64 from https://github.com/Heroic-Games-Launcher/legendary/releases/download/0.20.38/legendary_linux_x86_64
Downloading legendary for darwin x64 from https://github.com/Heroic-Games-Launcher/legendary/releases/download/0.20.38/legendary_macOS_x86_64
Downloading legendary for win32 x64 from https://github.com/Heroic-Games-Launcher/legendary/releases/download/0.20.38/legendary_windows_x86_64.exe
Downloading legendary for linux arm64 from https://github.com/Heroic-Games-Launcher/legendary/releases/download/0.20.38/legendary_linux_arm64
Downloading legendary for darwin arm64 from https://github.com/Heroic-Games-Launcher/legendary/releases/download/0.20.38/legendary_macOS_arm64
Downloading gogdl for linux x64 from https://github.com/Heroic-Games-Launcher/heroic-gogdl/releases/download/v1.1.2/gogdl_linux_x86_64
Downloading gogdl for darwin x64 from https://github.com/Heroic-Games-Launcher/heroic-gogdl/releases/download/v1.1.2/gogdl_macOS_x86_64
Downloading gogdl for win32 x64 from https://github.com/Heroic-Games-Launcher/heroic-gogdl/releases/download/v1.1.2/gogdl_windows_x86_64.exe
Downloading gogdl for linux arm64 from https://github.com/Heroic-Games-Launcher/heroic-gogdl/releases/download/v1.1.2/gogdl_linux_arm64
Downloading gogdl for darwin arm64 from https://github.com/Heroic-Games-Launcher/heroic-gogdl/releases/download/v1.1.2/gogdl_macOS_arm64
Downloading nile for linux x64 from https://github.com/imLinguin/nile/releases/download/v1.1.2/nile_linux_x86_64
Downloading nile for darwin x64 from https://github.com/imLinguin/nile/releases/download/v1.1.2/nile_macOS_x86_64
Downloading nile for win32 x64 from https://github.com/imLinguin/nile/releases/download/v1.1.2/nile_windows_x86_64.exe
Downloading nile for linux arm64 from https://github.com/imLinguin/nile/releases/download/v1.1.2/nile_linux_arm64
Downloading nile for darwin arm64 from https://github.com/imLinguin/nile/releases/download/v1.1.2/nile_macOS_arm64
Downloading GalaxyCommunication for win32 x64 from https://github.com/imLinguin/comet/releases/download/v0.2.0/GalaxyCommunication-dummy.exe
Downloading comet for linux x64 from https://github.com/imLinguin/comet/releases/download/v0.2.0/comet-x86_64-unknown-linux-gnu
Downloading comet for darwin x64 from https://github.com/imLinguin/comet/releases/download/v0.2.0/comet-x86_64-apple-darwin
Downloading comet for win32 x64 from https://github.com/imLinguin/comet/releases/download/v0.2.0/comet-x86_64-pc-windows-msvc.exe
Downloading comet for darwin arm64 from https://github.com/imLinguin/comet/releases/download/v0.2.0/comet-aarch64-apple-darwin
Downloading comet for linux arm64 from https://github.com/imLinguin/comet/releases/download/v0.2.0/comet-aarch64-unknown-linux-gnu
Downloading EpicGamesLauncher for win32 x64 from https://github.com/Etaash-mathamsetty/heroic-epic-integration/releases/download/v0.3/EpicGamesLauncher.exe
Done downloading GalaxyCommunication for win32 x64
Done downloading EpicGamesLauncher for win32 x64
Done downloading gogdl for darwin arm64
Done downloading gogdl for linux x64
Done downloading gogdl for win32 x64
Done downloading gogdl for darwin x64
Done downloading nile for win32 x64
Done downloading gogdl for linux arm64
Done downloading nile for linux x64
Done downloading legendary for linux x64
Done downloading comet for linux arm64
Done downloading nile for linux arm64
Done downloading nile for darwin x64
Done downloading nile for darwin arm64
Done downloading legendary for darwin arm64
Done downloading comet for linux x64
Done downloading legendary for win32 x64
Done downloading comet for darwin arm64
Done downloading legendary for linux arm64
Done downloading comet for darwin x64
Done downloading comet for win32 x64
Done downloading legendary for darwin x64
vite v6.3.5 building SSR bundle for production...
transforming...
✓ 139 modules transformed.
rendering chunks...
build/main/chunks/windows-C60IW2i5.js    0.24 kB
build/main/chunks/linux-CdwwgEv7.js      0.39 kB
build/main/chunks/index-nZ_NU6B5.js      0.49 kB
build/main/chunks/unix-C9Kk0WVU.js       0.58 kB
build/main/chunks/windows-DN-idZYC.js    0.60 kB
build/main/chunks/macos-CSyGfzok.js      0.72 kB
build/main/chunks/linux-iXPBjuNP.js      0.73 kB
build/main/chunks/windows-9czOjsNQ.js    1.22 kB
build/main/chunks/windows-DVOFs5XX.js    1.33 kB
build/main/chunks/linux-Da7lOg5t.js      1.81 kB
build/main/main.js                     257.18 kB
✓ built in 779ms
vite v6.3.5 building SSR bundle for production...
transforming...
✓ 11 modules transformed.
rendering chunks...
build/preload/index.js  9.83 kB
✓ built in 27ms
vite v6.3.5 building for production...
transforming...
✓ 12938 modules transformed.
Export "install" of module "src/frontend/helpers/library.ts" was reexported through module "src/frontend/helpers/index.ts" while both modules are dependencies of each other and will end up in different chunks by current Rollup settings. This scenario is not well supported at the moment as it will produce a circular dependency between chunks and will likely lead to broken execution order.
Either change the import in "src/frontend/screens/Library/components/GameCard/index.tsx" to point directly to the exporting module or reconfigure "output.manualChunks" to ensure these modules end up in the same chunk.
Export "launch" of module "src/frontend/helpers/library.ts" was reexported through module "src/frontend/helpers/index.ts" while both modules are dependencies of each other and will end up in different chunks by current Rollup settings. This scenario is not well supported at the moment as it will produce a circular dependency between chunks and will likely lead to broken execution order.
Either change the import in "src/frontend/screens/Library/components/GameCard/index.tsx" to point directly to the exporting module or reconfigure "output.manualChunks" to ensure these modules end up in the same chunk.
Export "launch" of module "src/frontend/helpers/library.ts" was reexported through module "src/frontend/helpers/index.ts" while both modules are dependencies of each other and will end up in different chunks by current Rollup settings. This scenario is not well supported at the moment as it will produce a circular dependency between chunks and will likely lead to broken execution order.
Either change the import in "src/frontend/screens/Library/components/SteamInstall/SteamInstallButton.tsx" to point directly to the exporting module or reconfigure "output.manualChunks" to ensure these modules end up in the same chunk.
Export "repair" of module "src/frontend/helpers/library.ts" was reexported through module "src/frontend/helpers/index.ts" while both modules are dependencies of each other and will end up in different chunks by current Rollup settings. This scenario is not well supported at the moment as it will produce a circular dependency between chunks and will likely lead to broken execution order.
Either change the import in "src/frontend/screens/Game/GameSubMenu/index.tsx" to point directly to the exporting module or reconfigure "output.manualChunks" to ensure these modules end up in the same chunk.
Export "install" of module "src/frontend/helpers/library.ts" was reexported through module "src/frontend/helpers/index.ts" while both modules are dependencies of each other and will end up in different chunks by current Rollup settings. This scenario is not well supported at the moment as it will produce a circular dependency between chunks and will likely lead to broken execution order.
Either change the import in "src/frontend/components/UI/DLCList/DLC/index.tsx" to point directly to the exporting module or reconfigure "output.manualChunks" to ensure these modules end up in the same chunk.
Export "launch" of module "src/frontend/helpers/library.ts" was reexported through module "src/frontend/helpers/index.ts" while both modules are dependencies of each other and will end up in different chunks by current Rollup settings. This scenario is not well supported at the moment as it will produce a circular dependency between chunks and will likely lead to broken execution order.
Either change the import in "src/frontend/screens/Game/GamePage/index.tsx" to point directly to the exporting module or reconfigure "output.manualChunks" to ensure these modules end up in the same chunk.
Export "updateGame" of module "src/frontend/helpers/library.ts" was reexported through module "src/frontend/helpers/index.ts" while both modules are dependencies of each other and will end up in different chunks by current Rollup settings. This scenario is not well supported at the moment as it will produce a circular dependency between chunks and will likely lead to broken execution order.
Either change the import in "src/frontend/screens/Game/GamePage/index.tsx" to point directly to the exporting module or reconfigure "output.manualChunks" to ensure these modules end up in the same chunk.
rendering chunks...
[plugin vite:reporter] 
(!) /build/heroic-games-launcher-git/src/HeroicGamesLauncher/src/frontend/screens/Settings/index.tsx is dynamically imported by /build/heroic-games-launcher-git/src/HeroicGamesLauncher/src/frontend/App.tsx but also statically imported by /build/heroic-games-launcher-git/src/HeroicGamesLauncher/src/frontend/screens/Settings/components/AdvertiseAvxForRosetta.tsx, /build/heroic-games-launcher-git/src/HeroicGamesLauncher/src/frontend/screens/Settings/components/AutoDXVK.tsx, /build/heroic-games-launcher-git/src/HeroicGamesLauncher/src/frontend/screens/Settings/components/AutoDXVKNVAPI.tsx, /build/heroic-games-launcher-git/src/HeroicGamesLauncher/src/frontend/screens/Settings/components/AutoVKD3D.tsx, /build/heroic-games-launcher-git/src/HeroicGamesLauncher/src/frontend/screens/Settings/components/CrossoverBottle.tsx, /build/heroic-games-launcher-git/src/HeroicGamesLauncher/src/frontend/screens/Settings/components/DisableUMU.tsx, /build/heroic-games-launcher-git/src/HeroicGamesLauncher/src/frontend/screens/Settings/components/EnableDXVKFpsLimit.tsx, /build/heroic-games-launcher-git/src/HeroicGamesLauncher/src/frontend/screens/Settings/components/PreferSystemLibs.tsx, /build/heroic-games-launcher-git/src/HeroicGamesLauncher/src/frontend/screens/Settings/components/SteamRuntime.tsx, /build/heroic-games-launcher-git/src/HeroicGamesLauncher/src/frontend/screens/Settings/components/WinePrefix.tsx, /build/heroic-games-launcher-git/src/HeroicGamesLauncher/src/frontend/screens/Settings/components/WineVersionSelector.tsx, /build/heroic-games-launcher-git/src/HeroicGamesLauncher/src/frontend/screens/Settings/sections/GamesSettings/index.tsx, /build/heroic-games-launcher-git/src/HeroicGamesLauncher/src/frontend/screens/Settings/sections/SyncSaves/index.tsx, dynamic import will not move module into another chunk.

build/index.html                                             0.56 kB
build/assets/SteamDeck_X-DwNz7cO3.png                        4.22 kB
build/assets/PS5_Square-MF_dhaoW.png                         4.32 kB
build/assets/rubik-hebrew-400-normal-DNObuXye.woff2          4.40 kB
build/assets/PS5_Cross-nKvb2zFH.png                          4.54 kB
build/assets/PS5_Triangle-D12MO93J.png                       4.72 kB
build/assets/PS5_Left_Stick-Boc4jN1F.png                     5.13 kB
build/assets/SteamDeck_Left_Stick-DJTqmJ0Q.png               5.18 kB
build/assets/XboxSeriesX_Left_Stick-Cji4AZEG.png             5.20 kB
build/assets/PS5_Circle-DCilCbz_.png                         5.36 kB
build/assets/PS5_Right_Stick-H1EufGXy.png                    5.43 kB
build/assets/XboxSeriesX_Right_Stick-Bs9FE3IW.png            5.51 kB
build/assets/SteamDeck_Right_Stick-CHgGJqZU.png              5.62 kB
build/assets/rubik-cyrillic-ext-400-normal-B_ISZE4R.woff2    5.83 kB
build/assets/PS5_Dpad-CUUVZ112.png                           6.14 kB
build/assets/rubik-cyrillic-400-normal-CFCITy_P.woff2        7.30 kB
build/assets/cabin-latin-ext-400-normal-CrIKaydt.woff2       8.32 kB
build/assets/rubik-latin-ext-400-normal-BvADScal.woff2       8.93 kB
build/assets/cabin-latin-400-normal-Csq5M_Nd.woff2          15.48 kB
build/assets/rubik-latin-400-normal-CRbIWQXK.woff2          17.42 kB
build/assets/cabin-all-400-normal-DslYAS_m.woff             35.50 kB
build/assets/rubik-all-400-normal-LeYnpOeC.woff             51.78 kB
build/assets/login-background-1536x864-CfEy_sdA.jpg        254.88 kB
build/assets/heroic_card-mjvSE_Ga.jpg                      747.21 kB
build/assets/NotoColorEmoji.subset-C9pS9TGB.ttf            847.88 kB
build/assets/index-BY-EMqiV.css                              0.58 kB
build/assets/index-BWpMcXOM.css                              0.61 kB
build/assets/index-BSLnMj59.css                              1.04 kB
build/assets/index-CxbHbmBi.css                              1.95 kB
build/assets/index-D-FOn-4l.css                              1.96 kB
build/assets/index-CqrVUnvK.css                              4.78 kB
build/assets/index--G1WeVxA.css                              5.65 kB
build/assets/index-__xW0QmD.css                             14.52 kB
build/assets/index-C3insM6n.css                             15.95 kB
build/assets/App-sMRy7A0c.css                               40.19 kB
build/assets/index-Dsn4I4SO.css                             92.65 kB
build/assets/tiny-invariant-BaFNuDhB.js                      0.08 kB
build/assets/play-icon-Bt9nOJRk.js                           0.32 kB
build/assets/stop-icon-5qhMN8iD.js                           0.43 kB
build/assets/down-icon-CBhGXgfF.js                           0.53 kB
build/assets/index-CBNJy_yl.js                               2.00 kB
build/assets/index-DR_sTEQm.js                               3.49 kB
build/assets/index-Dpw1Axz2.js                               4.26 kB
build/assets/amazon-logo-CQuDI_IL.js                         5.12 kB
build/assets/index-DCEM63rT.js                               9.13 kB
build/assets/index-BSvBM5Lx.js                              11.13 kB
build/assets/index-J3p_wwEP.js                              12.23 kB
build/assets/index-BydKEU4b.js                              59.62 kB
build/assets/index-0h5s280Y.js                             351.06 kB
build/assets/index-BpqLQW5K.js                             391.00 kB
build/assets/index-Yypm-RJp.js                             623.01 kB
build/assets/App-B83OHh8t.js                               868.63 kB

(!) Some chunks are larger than 500 kB after minification. Consider:
- Using dynamic import() to code-split the application
- Use build.rollupOptions.output.manualChunks to improve chunking: https://rollupjs.org/configuration-options/#output-manualchunks
- Adjust chunk size limit for this warning via build.chunkSizeWarningLimit.
✓ built in 10.74s
  • electron-builder  version=26.0.12 os=6.16.8-arch1-1
  • loaded configuration  file=/build/heroic-games-launcher-git/src/HeroicGamesLauncher/electron-builder.yml
  • executing @electron/rebuild  electronVersion=36.9.3 arch=x64 buildFromSource=false appDir=./
  • installing native dependencies  arch=x64
  • preparing       moduleName=register-scheme arch=x64
  • finished        moduleName=register-scheme arch=x64
  • completed installing native dependencies
  • packaging       platform=linux arch=x64 electron=36.9.3 appOutDir=dist/linux-unpacked
  • custom electronDist provided but no zip found; assuming unpacked electron directory.  electronDist=/usr/lib/electron36/ expectedFile=electron-v36.9.3-linux-x64.zip
  • copying Electron  source=/usr/lib/electron36 destination=/build/heroic-games-launcher-git/src/HeroicGamesLauncher/dist/linux-unpacked
