checking for gcc... gcc
checking whether the C compiler works... yes
checking for C compiler default output file name... a.out
checking for suffix of executables... 
checking whether we are cross compiling... no
checking for suffix of object files... o
checking whether the compiler supports GNU C... yes
checking whether gcc accepts -g... yes
checking for gcc option to enable C11 features... none needed
checking whether gcc understands -c and -o together... yes
checking for stdio.h... yes
checking for stdlib.h... yes
checking for string.h... yes
checking for inttypes.h... yes
checking for stdint.h... yes
checking for strings.h... yes
checking for sys/stat.h... yes
checking for sys/types.h... yes
checking for unistd.h... yes
checking for wchar.h... yes
checking for minix/config.h... no
checking whether it is safe to define __EXTENSIONS__... yes
checking whether _XOPEN_SOURCE should be defined... no
checking build system type... x86_64-pc-linux-gnu
checking host system type... x86_64-pc-linux-gnu
checking target system type... x86_64-pc-linux-gnu
checking for a BSD-compatible install... /usr/bin/install -c
checking whether sleep supports fractional seconds... yes
checking filesystem timestamp resolution... 0.01
checking whether build environment is sane... yes
checking for a race-free mkdir -p... /usr/bin/mkdir -p
checking for gawk... gawk
checking whether make sets $(MAKE)... yes
checking whether make supports the include directive... yes (GNU style)
checking whether make supports nested variables... yes
checking xargs -n works... yes
checking how to create a pax tar archive... gnutar
checking dependency style of gcc... gcc3
checking whether to enable maintainer-specific portions of Makefiles... no
checking for a sed that does not truncate output... /usr/bin/sed
checking for gawk... (cached) gawk
checking for gcc... (cached) gcc
checking whether the compiler supports GNU C... (cached) yes
checking whether gcc accepts -g... (cached) yes
checking for gcc option to enable C11 features... (cached) none needed
checking whether gcc understands -c and -o together... (cached) yes
checking for g++... g++
checking whether the compiler supports GNU C++... yes
checking whether g++ accepts -g... yes
checking for g++ option to enable C++11 features... none needed
checking dependency style of g++... gcc3
checking how to run the C preprocessor... gcc -E
checking whether ln -s works... yes
checking whether make sets $(MAKE)... (cached) yes
checking for ar... ar
checking the archiver (ar) interface... ar
checking for mkfontdir... mkfontdir
checking for markdown... no
checking for markdown_py... no
checking for discount-markdown... no
checking for Markdown.pl... no
checking for asciidoc... no
checking for asciidoctor... asciidoctor
checking for lynx... no
checking for links... no
checking for a sed that does not truncate output... (cached) /usr/bin/sed
checking for grep that handles long lines and -e... /usr/bin/grep
checking for egrep... /usr/bin/grep -E
checking for fgrep... /usr/bin/grep -F
checking how to print strings... printf
checking for ld used by gcc... /usr/bin/ld
checking if the linker (/usr/bin/ld) is GNU ld... yes
checking for BSD- or MS-compatible name lister (nm)... /usr/bin/nm -B
checking the name lister (/usr/bin/nm -B) interface... BSD nm
checking the maximum length of command line arguments... 1572864
checking how to convert x86_64-pc-linux-gnu file names to x86_64-pc-linux-gnu format... func_convert_file_noop
checking how to convert x86_64-pc-linux-gnu file names to toolchain format... func_convert_file_noop
checking for /usr/bin/ld option to reload object files... -r
checking for file... file
checking for objdump... objdump
checking how to recognize dependent libraries... pass_all
checking for dlltool... no
checking how to associate runtime and link libraries... printf %s\n
checking for ranlib... ranlib
checking for archiver @FILE support... @
checking for strip... strip
checking command to parse /usr/bin/nm -B output from gcc object... ok
checking for sysroot... no
checking for a working dd... /usr/bin/dd
checking how to truncate binary pipes... /usr/bin/dd bs=4096 count=1
checking for mt... no
checking if : is a manifest tool... no
checking for dlfcn.h... yes
checking which variant of shared library versioning to provide... (default) aix
checking for objdir... .libs
checking if gcc supports -fno-rtti -fno-exceptions... no
checking for gcc option to produce PIC... -fPIC -DPIC
checking if gcc PIC flag -fPIC -DPIC works... yes
checking if gcc static flag -static works... yes
checking if gcc supports -c -o file.o... yes
checking if gcc supports -c -o file.o... (cached) yes
checking whether the gcc linker (/usr/bin/ld -m elf_x86_64) supports shared libraries... yes
checking whether -lc should be explicitly linked in... no
checking dynamic linker characteristics... GNU/Linux ld.so
checking how to hardcode library paths into programs... immediate
checking for shl_load... no
checking for shl_load in -ldld... no
checking for dlopen... yes
checking whether a program can dlopen itself... yes
checking whether a statically linked program can dlopen itself... no
checking whether stripping libraries is possible... yes
checking if libtool supports shared libraries... yes
checking whether to build shared libraries... yes
checking whether to build static libraries... no
checking how to run the C++ preprocessor... g++ -E
checking for ld used by g++... /usr/bin/ld -m elf_x86_64
checking if the linker (/usr/bin/ld -m elf_x86_64) is GNU ld... yes
checking whether the g++ linker (/usr/bin/ld -m elf_x86_64) supports shared libraries... yes
checking for g++ option to produce PIC... -fPIC -DPIC
checking if g++ PIC flag -fPIC -DPIC works... yes
checking if g++ static flag -static works... yes
checking if g++ supports -c -o file.o... yes
checking if g++ supports -c -o file.o... (cached) yes
checking whether the g++ linker (/usr/bin/ld -m elf_x86_64) supports shared libraries... yes
checking dynamic linker characteristics... (cached) GNU/Linux ld.so
checking how to hardcode library paths into programs... immediate
checking whether NLS is requested... yes
checking for msgfmt... /usr/bin/msgfmt
checking for gmsgfmt... /usr/bin/msgfmt
checking for xgettext... /usr/bin/xgettext
checking for msgmerge... /usr/bin/msgmerge
checking for ld... /usr/bin/ld -m elf_x86_64
checking if the linker (/usr/bin/ld -m elf_x86_64) is GNU ld... yes
checking for shared library run path origin... done
checking 32-bit host C ABI... no
checking for egrep -e... (cached) /usr/bin/grep -E
checking for ELF binary format... yes
checking for the common suffixes of directories in the library search path... lib,lib,lib64
checking for CFPreferencesCopyAppValue... no
checking for CFLocaleCopyPreferredLanguages... no
checking for GNU gettext in libc... yes
checking whether to use NLS... yes
checking where the gettext function comes from... libc
checking for iconv... yes
checking for working iconv... yes
checking whether iconv is compatible with its POSIX signature... yes
checking for pkg-config... /usr/bin/pkg-config
checking pkg-config is at least version 0.9.0... yes
checking for clock_gettime... yes
## ------------ ##
## Header Files ##
## ------------ ##
checking for X... libraries , headers 
checking for gethostbyname... yes
checking for connect... yes
checking for remove... yes
checking for shmat... yes
checking for IceConnectionNumber in -lICE... yes
checking for execinfo.h... yes
checking for sched.h... yes
checking for sys/sched.h... no
checking for sys/soundcard.h... yes
checking for sys/sysctl.h... no
checking for uvm/uvm_param.h... no
## ------------------------------ ##
## Typedefs, Structures, Compiler ##
## ------------------------------ ##
checking for _Bool... no
checking for stdbool.h that conforms to C99 or later... yes
checking for inline... inline
checking for pid_t... yes
checking for size_t... yes
checking whether struct tm is in sys/time.h or time.h... time.h
checking size of char... 1
checking size of short... 2
checking size of int... 4
checking size of long... 8
checking for vfork.h... no
checking for sys/select.h... yes
checking for sys/socket.h... yes
checking for fork... yes
checking for vfork... yes
checking for working fork... yes
checking for working vfork... (cached) yes
checking for GNU libc compatible malloc... yes
checking for GNU libc compatible realloc... yes
checking for backtrace_symbols_fd... yes
checking for memrchr... yes
checking for sysctl... no
checking for sysctlbyname... no
checking for arc4random_uniform... yes
checking types of arguments for select... int,fd_set *,struct timeval *
checking for strlcpy... yes
checking for strlcat... yes
checking for C++11 by default... yes
checking for fontconfig xrender xcomposite
                          xcursor xdamage xfixes xext x11... yes
checking for XInternAtoms in -lX11... yes
checking for sm ice... yes
checking for xext... yes
checking for xrandr... yes
checking for xres >= 1.2... no
configure: Package XRES is required for X-resource extension.
checking for xft >= 2.0.0... yes
checking for sndfile alsa... yes
checking for xinerama... yes
checking for fribidi... yes
checking for gio-2.0 gio-unix-2.0... yes
checking for imlib2... yes
checking for librsvg-2.0... no
configure: WARNING: Package librsvg is missing. SVG is not supported.
checking that generated files are newer than configure... done
configure: creating ./config.status
config.status: creating Makefile
config.status: creating src/Makefile
config.status: creating po/Makefile.in
config.status: creating doc/Makefile
config.status: creating man/Makefile
config.status: creating lib/Makefile
config.status: creating lib/keys
config.status: creating lib/menu
config.status: creating lib/programs
config.status: creating lib/toolbar
config.status: creating lib/winoptions
config.status: creating config.h
config.status: executing depfiles commands
config.status: executing libtool commands
config.status: executing po-directories commands
config.status: creating po/Makefile

Applications: icewm icewm-session icesh icewmhint icewmbg icehelp icesound icewm-menu-fdo
Image library: imlib2
Audio support: ALSA
Features: i18n shape xrandr xfreetype xinerama fribidi
Paths: PREFIX: /usr
       BINDIR: /usr/bin
       LOCDIR: /usr/share/locale
       LIBDIR: /usr/share/icewm
       CFGDIR: /etc/icewm
       DOCDIR: /usr/share/doc/icewm
       MANDIR: /usr/share/man
       XTERMCMD: xterm

make  all-recursive
make[1]: Entering directory '/build/icewm-git/src/icewm'
Making all in src
make[2]: Entering directory '/build/icewm-git/src/icewm/src'
  CXX      objbutton.o
  CXX      ymsgbox.o
  CXX      ydialog.o
  CXX      yurl.o
  CXX      wmsession.o
  CXX      wmtaskbar.o
  CXX      wmwinmenu.o
  CXX      wmdialog.o
  CXX      wmwinlist.o
  CXX      wmabout.o
  CXX      wmswitch.o
  CXX      wmstatus.o
  CXX      wmoption.o
  CXX      wmcontainer.o
  CXX      wmclient.o
  CXX      wmdock.o
  CXX      wmmgr.o
  CXX      wmapp.o
  CXX      wmframe.o
  CXX      wmbutton.o
  CXX      wmminiicon.o
  CXX      wmtitle.o
  CXX      movesize.o
  CXX      themes.o
  CXX      theminst.o
  CXX      decorate.o
  CXX      browse.o
  CXX      wmmenu.o
  CXX      wmprog.o
  CXX      wmpref.o
  CXX      atasks.o
  CXX      aworkspaces.o
  CXX      amailbox.o
  CXX      akeyboard.o
  CXX      aclock.o
  CXX      acpustatus.o
  CXX      amemstatus.o
  CXX      applet.o
  CXX      apppstatus.o
  CXX      aaddressbar.o
  CXX      objbar.o
  CXX      aapm.o
  CXX      atray.o
  CXX      ysmapp.o
  CXX      yxtray.o
  CXX      bindkey.lo
  CXX      globit.lo
  CXX      wmconfig.lo
  CXX      wmsave.lo
  CXX      wpixres.lo
  CXX      ybutton.lo
  CXX      yicon.lo
  CXX      yinputline.lo
  CXX      ylabel.lo
  CXX      ylistbox.lo
  CXX      ymenu.lo
  CXX      ymenuitem.lo
  CXX      yscrollbar.lo
  CXX      yscrollview.lo
  CXX      keysyms.lo
  CXX      logevent.lo
  CXX      misc.lo
  CXX      mstring.lo
  CXX      objmenu.lo
  CXX      ref.lo
  CXX      udir.lo
  CXX      upath.lo
  CXX      wmkey.lo
  CXX      yapp.lo
  CXX      yarray.lo
  CXX      ycolor.lo
  CXX      yconfig.lo
  CXX      ycursor.lo
  CXX      yfileio.lo
  CXX      yfont.lo
  CXX      yfontcore.lo
  CXX      yfontxft.lo
  CXX      yimage2.lo
  CXX      yimage_gdk.lo
  CXX      ylocale.lo
  CXX      ypaint.lo
  CXX      ypipereader.lo
  CXX      ypixmap.lo
  CXX      ypopup.lo
  CXX      yprefs.lo
  CXX      ysocket.lo
  CXX      ystring.lo
  CXX      ysvg.lo
  CXX      ytime.lo
  CXX      ytimer.lo
  CXX      ytooltip.lo
  CXX      ywindow.lo
  CXX      yxapp.lo
  CXX      yxembed.lo
  CXX      yximage.lo
  CXX      icesm.o
  CXX      icesh.o
  CXX      icehelp.o
  CXX      icewmhint.o
  CXX      icewmbg.o
  CXX      icesound.o
  CXX      fdomenu.o
  CXX      icecursor.o
  CXX      genpref.o
  CXXLD    icecursor
  CXXLD    libice.la
  CXXLD    libitk.la
  CXXLD    icewm-session
  CXXLD    icewmhint
  CXXLD    icewmbg
  CXXLD    icesound
  CXXLD    genpref
fdomenu.cc: In member function ‘std::string AppEntry::TransWithSfx()’:
fdomenu.cc:613:17: warning: ‘template<class _Codecvt, class _Elem, class _Wide_alloc, class _Byte_alloc> class std::__cxx11::wstring_convert’ is deprecated [-Wdeprecated-declarations]
  613 |                 wstring_convert<codecvt_utf8_utf16<char16_t>, char16_t>{}
      |                 ^~~~~~~~~~~~~~~
In file included from /usr/include/c++/15.2.1/locale:47,
                 from fdomenu.cc:30:
/usr/include/c++/15.2.1/bits/locale_conv.h:262:33: note: declared here
  262 |     class _GLIBCXX17_DEPRECATED wstring_convert
      |                                 ^~~~~~~~~~~~~~~
fdomenu.cc:617:23: warning: ‘template<class _Codecvt, class _Elem, class _Wide_alloc, class _Byte_alloc> class std::__cxx11::wstring_convert’ is deprecated [-Wdeprecated-declarations]
  617 |                 ret = wstring_convert<codecvt_utf8_utf16<char16_t>, char16_t>{}
      |                       ^~~~~~~~~~~~~~~
/usr/include/c++/15.2.1/bits/locale_conv.h:262:33: note: declared here
  262 |     class _GLIBCXX17_DEPRECATED wstring_convert
      |                                 ^~~~~~~~~~~~~~~
  CXXLD    icehelp
  CXXLD    icewm
  CXXLD    icesh
  CXXLD    icewm-menu-fdo
In member function 'compareDesktopNames',
    inlined from 'readDesktopNames.constprop' at wmmgr.cc:2975:28:
wmmgr.cc:2986:59: warning: argument 1 value '18446744073709551615' exceeds maximum object size 9223372036854775807 [-Walloc-size-larger-than=]
 2986 |     asmart<csmart> oldWorkspaceNames(new csmart[list.count]);
      |                                                           ^
wmmgr.cc:2986:59: note: in a call to built-in allocation function 'operator new []'
  GEN      preferences
make[2]: Leaving directory '/build/icewm-git/src/icewm/src'
Making all in po
make[2]: Entering directory '/build/icewm-git/src/icewm/po'
test ! -f ./icewm.pot || \
  test -z "./ar.gmo ./ast.gmo ./be.gmo ./bg.gmo ./ca.gmo ./cs.gmo ./da.gmo ./de.gmo ./el.gmo ./en.gmo ./eo.gmo ./es.gmo ./fa.gmo ./fi.gmo ./fr.gmo ./he.gmo ./hi.gmo ./hr.gmo ./hu.gmo ./id.gmo ./ie.gmo ./it.gmo ./ja.gmo ./ka.gmo ./kk.gmo ./ko.gmo ./lt.gmo ./lv.gmo ./mk.gmo ./nb.gmo ./nl.gmo ./nn.gmo ./no.gmo ./pl.gmo ./pt.gmo ./pt_BR.gmo ./ro.gmo ./ru.gmo ./sk.gmo ./sl.gmo ./sr.gmo ./sv.gmo ./tr.gmo ./uk.gmo ./vi.gmo ./zh_CN.gmo ./zh_TW.gmo" || make ./ar.gmo ./ast.gmo ./be.gmo ./bg.gmo ./ca.gmo ./cs.gmo ./da.gmo ./de.gmo ./el.gmo ./en.gmo ./eo.gmo ./es.gmo ./fa.gmo ./fi.gmo ./fr.gmo ./he.gmo ./hi.gmo ./hr.gmo ./hu.gmo ./id.gmo ./ie.gmo ./it.gmo ./ja.gmo ./ka.gmo ./kk.gmo ./ko.gmo ./lt.gmo ./lv.gmo ./mk.gmo ./nb.gmo ./nl.gmo ./nn.gmo ./no.gmo ./pl.gmo ./pt.gmo ./pt_BR.gmo ./ro.gmo ./ru.gmo ./sk.gmo ./sl.gmo ./sr.gmo ./sv.gmo ./tr.gmo ./uk.gmo ./vi.gmo ./zh_CN.gmo ./zh_TW.gmo
make[3]: Entering directory '/build/icewm-git/src/icewm/po'
rm -f ar.gmo && /usr/bin/msgmerge --for-msgfmt -o ar.1po ar.po icewm.pot && /usr/bin/msgfmt -c --statistics --verbose -o ar.gmo ar.1po && rm -f ar.1po
ar.1po: 505 translated messages.
rm -f ast.gmo && /usr/bin/msgmerge --for-msgfmt -o ast.1po ast.po icewm.pot && /usr/bin/msgfmt -c --statistics --verbose -o ast.gmo ast.1po && rm -f ast.1po
ast.1po: 36 translated messages.
rm -f be.gmo && /usr/bin/msgmerge --for-msgfmt -o be.1po be.po icewm.pot && /usr/bin/msgfmt -c --statistics --verbose -o be.gmo be.1po && rm -f be.1po
be.1po: 156 translated messages.
rm -f bg.gmo && /usr/bin/msgmerge --for-msgfmt -o bg.1po bg.po icewm.pot && /usr/bin/msgfmt -c --statistics --verbose -o bg.gmo bg.1po && rm -f bg.1po
bg.1po: 174 translated messages.
rm -f ca.gmo && /usr/bin/msgmerge --for-msgfmt -o ca.1po ca.po icewm.pot && /usr/bin/msgfmt -c --statistics --verbose -o ca.gmo ca.1po && rm -f ca.1po
ca.1po: 525 translated messages.
rm -f cs.gmo && /usr/bin/msgmerge --for-msgfmt -o cs.1po cs.po icewm.pot && /usr/bin/msgfmt -c --statistics --verbose -o cs.gmo cs.1po && rm -f cs.1po
cs.1po: 523 translated messages.
rm -f da.gmo && /usr/bin/msgmerge --for-msgfmt -o da.1po da.po icewm.pot && /usr/bin/msgfmt -c --statistics --verbose -o da.gmo da.1po && rm -f da.1po
da.1po: 506 translated messages.
rm -f de.gmo && /usr/bin/msgmerge --for-msgfmt -o de.1po de.po icewm.pot && /usr/bin/msgfmt -c --statistics --verbose -o de.gmo de.1po && rm -f de.1po
de.1po: 523 translated messages.
rm -f el.gmo && /usr/bin/msgmerge --for-msgfmt -o el.1po el.po icewm.pot && /usr/bin/msgfmt -c --statistics --verbose -o el.gmo el.1po && rm -f el.1po
el.1po: 460 translated messages.
rm -f en.gmo && /usr/bin/msgmerge --for-msgfmt -o en.1po en.po icewm.pot && /usr/bin/msgfmt -c --statistics --verbose -o en.gmo en.1po && rm -f en.1po
en.1po: 1 translated message.
rm -f eo.gmo && /usr/bin/msgmerge --for-msgfmt -o eo.1po eo.po icewm.pot && /usr/bin/msgfmt -c --statistics --verbose -o eo.gmo eo.1po && rm -f eo.1po
eo.1po: 2 translated messages.
rm -f es.gmo && /usr/bin/msgmerge --for-msgfmt -o es.1po es.po icewm.pot && /usr/bin/msgfmt -c --statistics --verbose -o es.gmo es.1po && rm -f es.1po
es.1po: 523 translated messages.
rm -f fa.gmo && /usr/bin/msgmerge --for-msgfmt -o fa.1po fa.po icewm.pot && /usr/bin/msgfmt -c --statistics --verbose -o fa.gmo fa.1po && rm -f fa.1po
fa.1po: 37 translated messages.
rm -f fi.gmo && /usr/bin/msgmerge --for-msgfmt -o fi.1po fi.po icewm.pot && /usr/bin/msgfmt -c --statistics --verbose -o fi.gmo fi.1po && rm -f fi.1po
fi.1po: 442 translated messages.
rm -f fr.gmo && /usr/bin/msgmerge --for-msgfmt -o fr.1po fr.po icewm.pot && /usr/bin/msgfmt -c --statistics --verbose -o fr.gmo fr.1po && rm -f fr.1po
fr.1po: 523 translated messages.
rm -f he.gmo && /usr/bin/msgmerge --for-msgfmt -o he.1po he.po icewm.pot && /usr/bin/msgfmt -c --statistics --verbose -o he.gmo he.1po && rm -f he.1po
he.1po: 155 translated messages.
rm -f hi.gmo && /usr/bin/msgmerge --for-msgfmt -o hi.1po hi.po icewm.pot && /usr/bin/msgfmt -c --statistics --verbose -o hi.gmo hi.1po && rm -f hi.1po
hi.1po: 72 translated messages.
rm -f hr.gmo && /usr/bin/msgmerge --for-msgfmt -o hr.1po hr.po icewm.pot && /usr/bin/msgfmt -c --statistics --verbose -o hr.gmo hr.1po && rm -f hr.1po
hr.1po: 122 translated messages.
rm -f hu.gmo && /usr/bin/msgmerge --for-msgfmt -o hu.1po hu.po icewm.pot && /usr/bin/msgfmt -c --statistics --verbose -o hu.gmo hu.1po && rm -f hu.1po
hu.1po: 523 translated messages.
rm -f id.gmo && /usr/bin/msgmerge --for-msgfmt -o id.1po id.po icewm.pot && /usr/bin/msgfmt -c --statistics --verbose -o id.gmo id.1po && rm -f id.1po
id.1po: 525 translated messages.
rm -f ie.gmo && /usr/bin/msgmerge --for-msgfmt -o ie.1po ie.po icewm.pot && /usr/bin/msgfmt -c --statistics --verbose -o ie.gmo ie.1po && rm -f ie.1po
ie.1po: 325 translated messages.
rm -f it.gmo && /usr/bin/msgmerge --for-msgfmt -o it.1po it.po icewm.pot && /usr/bin/msgfmt -c --statistics --verbose -o it.gmo it.1po && rm -f it.1po
it.1po: 523 translated messages.
rm -f ja.gmo && /usr/bin/msgmerge --for-msgfmt -o ja.1po ja.po icewm.pot && /usr/bin/msgfmt -c --statistics --verbose -o ja.gmo ja.1po && rm -f ja.1po
ja.1po: 525 translated messages.
rm -f ka.gmo && /usr/bin/msgmerge --for-msgfmt -o ka.1po ka.po icewm.pot && /usr/bin/msgfmt -c --statistics --verbose -o ka.gmo ka.1po && rm -f ka.1po
ka.1po: 310 translated messages.
rm -f kk.gmo && /usr/bin/msgmerge --for-msgfmt -o kk.1po kk.po icewm.pot && /usr/bin/msgfmt -c --statistics --verbose -o kk.gmo kk.1po && rm -f kk.1po
kk.1po: 178 translated messages.
rm -f ko.gmo && /usr/bin/msgmerge --for-msgfmt -o ko.1po ko.po icewm.pot && /usr/bin/msgfmt -c --statistics --verbose -o ko.gmo ko.1po && rm -f ko.1po
ko.1po: 441 translated messages.
rm -f lt.gmo && /usr/bin/msgmerge --for-msgfmt -o lt.1po lt.po icewm.pot && /usr/bin/msgfmt -c --statistics --verbose -o lt.gmo lt.1po && rm -f lt.1po
lt.1po: 262 translated messages.
rm -f lv.gmo && /usr/bin/msgmerge --for-msgfmt -o lv.1po lv.po icewm.pot && /usr/bin/msgfmt -c --statistics --verbose -o lv.gmo lv.1po && rm -f lv.1po
lv.1po: 162 translated messages.
rm -f mk.gmo && /usr/bin/msgmerge --for-msgfmt -o mk.1po mk.po icewm.pot && /usr/bin/msgfmt -c --statistics --verbose -o mk.gmo mk.1po && rm -f mk.1po
mk.1po: 191 translated messages.
rm -f nb.gmo && /usr/bin/msgmerge --for-msgfmt -o nb.1po nb.po icewm.pot && /usr/bin/msgfmt -c --statistics --verbose -o nb.gmo nb.1po && rm -f nb.1po
nb.1po: 156 translated messages.
rm -f nl.gmo && /usr/bin/msgmerge --for-msgfmt -o nl.1po nl.po icewm.pot && /usr/bin/msgfmt -c --statistics --verbose -o nl.gmo nl.1po && rm -f nl.1po
nl.1po: 525 translated messages.
rm -f nn.gmo && /usr/bin/msgmerge --for-msgfmt -o nn.1po nn.po icewm.pot && /usr/bin/msgfmt -c --statistics --verbose -o nn.gmo nn.1po && rm -f nn.1po
nn.1po: 98 translated messages.
rm -f no.gmo && /usr/bin/msgmerge --for-msgfmt -o no.1po no.po icewm.pot && /usr/bin/msgfmt -c --statistics --verbose -o no.gmo no.1po && rm -f no.1po
no.1po: 157 translated messages.
rm -f pl.gmo && /usr/bin/msgmerge --for-msgfmt -o pl.1po pl.po icewm.pot && /usr/bin/msgfmt -c --statistics --verbose -o pl.gmo pl.1po && rm -f pl.1po
pl.1po: 496 translated messages.
rm -f pt.gmo && /usr/bin/msgmerge --for-msgfmt -o pt.1po pt.po icewm.pot && /usr/bin/msgfmt -c --statistics --verbose -o pt.gmo pt.1po && rm -f pt.1po
pt.1po: 525 translated messages.
rm -f pt_BR.gmo && /usr/bin/msgmerge --for-msgfmt -o pt_BR.1po pt_BR.po icewm.pot && /usr/bin/msgfmt -c --statistics --verbose -o pt_BR.gmo pt_BR.1po && rm -f pt_BR.1po
pt_BR.1po: 525 translated messages.
rm -f ro.gmo && /usr/bin/msgmerge --for-msgfmt -o ro.1po ro.po icewm.pot && /usr/bin/msgfmt -c --statistics --verbose -o ro.gmo ro.1po && rm -f ro.1po
ro.1po: 150 translated messages.
rm -f ru.gmo && /usr/bin/msgmerge --for-msgfmt -o ru.1po ru.po icewm.pot && /usr/bin/msgfmt -c --statistics --verbose -o ru.gmo ru.1po && rm -f ru.1po
ru.1po: 525 translated messages.
rm -f sk.gmo && /usr/bin/msgmerge --for-msgfmt -o sk.1po sk.po icewm.pot && /usr/bin/msgfmt -c --statistics --verbose -o sk.gmo sk.1po && rm -f sk.1po
sk.1po: 525 translated messages.
rm -f sl.gmo && /usr/bin/msgmerge --for-msgfmt -o sl.1po sl.po icewm.pot && /usr/bin/msgfmt -c --statistics --verbose -o sl.gmo sl.1po && rm -f sl.1po
sl.1po: 525 translated messages.
rm -f sr.gmo && /usr/bin/msgmerge --for-msgfmt -o sr.1po sr.po icewm.pot && /usr/bin/msgfmt -c --statistics --verbose -o sr.gmo sr.1po && rm -f sr.1po
sr.1po: 504 translated messages.
rm -f sv.gmo && /usr/bin/msgmerge --for-msgfmt -o sv.1po sv.po icewm.pot && /usr/bin/msgfmt -c --statistics --verbose -o sv.gmo sv.1po && rm -f sv.1po
sv.1po: 525 translated messages.
rm -f tr.gmo && /usr/bin/msgmerge --for-msgfmt -o tr.1po tr.po icewm.pot && /usr/bin/msgfmt -c --statistics --verbose -o tr.gmo tr.1po && rm -f tr.1po
tr.1po: 523 translated messages.
rm -f uk.gmo && /usr/bin/msgmerge --for-msgfmt -o uk.1po uk.po icewm.pot && /usr/bin/msgfmt -c --statistics --verbose -o uk.gmo uk.1po && rm -f uk.1po
uk.1po: 507 translated messages.
rm -f vi.gmo && /usr/bin/msgmerge --for-msgfmt -o vi.1po vi.po icewm.pot && /usr/bin/msgfmt -c --statistics --verbose -o vi.gmo vi.1po && rm -f vi.1po
vi.1po: 173 translated messages.
rm -f zh_CN.gmo && /usr/bin/msgmerge --for-msgfmt -o zh_CN.1po zh_CN.po icewm.pot && /usr/bin/msgfmt -c --statistics --verbose -o zh_CN.gmo zh_CN.1po && rm -f zh_CN.1po
zh_CN.1po: 523 translated messages.
rm -f zh_TW.gmo && /usr/bin/msgmerge --for-msgfmt -o zh_TW.1po zh_TW.po icewm.pot && /usr/bin/msgfmt -c --statistics --verbose -o zh_TW.gmo zh_TW.1po && rm -f zh_TW.1po
zh_TW.1po: 523 translated messages.
make[3]: Leaving directory '/build/icewm-git/src/icewm/po'
touch ./stamp-po
make[2]: Leaving directory '/build/icewm-git/src/icewm/po'
Making all in doc
make[2]: Entering directory '/build/icewm-git/src/icewm/doc'
  GEN      icewm.html
make[2]: Leaving directory '/build/icewm-git/src/icewm/doc'
Making all in man
make[2]: Entering directory '/build/icewm-git/src/icewm/man'
  GEN      icehelp.man
  GEN      icesh.man
  GEN      icewmbg.man
  GEN      icewmhint.man
  GEN      icewm.man
  GEN      icewm-menu-xrandr.man
  GEN      icewm-session.man
  GEN      icewm-set-gnomewm.man
  GEN      icesound.man
  GEN      icewm-menu-fdo.man
  GEN      icewm-env.man
  GEN      icewm-focus_mode.man
  GEN      icewm-keys.man
  GEN      icewm-menu.man
  GEN      icewm-preferences.man
  GEN      icewm-prefoverride.man
  GEN      icewm-programs.man
  GEN      icewm-shutdown.man
  GEN      icewm-startup.man
  GEN      icewm-theme.man
  GEN      icewm-toolbar.man
  GEN      icewm-winoptions.man
  GEN      icehelp.1.html
  GEN      icesh.1.html
  GEN      icewmbg.1.html
  GEN      icewmhint.1.html
  GEN      icewm.1.html
  GEN      icewm-menu-xrandr.1.html
  GEN      icewm-session.1.html
  GEN      icewm-set-gnomewm.1.html
  GEN      icesound.1.html
  GEN      icewm-menu-fdo.1.html
  GEN      icewm-env.5.html
  GEN      icewm-focus_mode.5.html
  GEN      icewm-keys.5.html
  GEN      icewm-menu.5.html
  GEN      icewm-preferences.5.html
  GEN      icewm-prefoverride.5.html
  GEN      icewm-programs.5.html
  GEN      icewm-shutdown.5.html
  GEN      icewm-startup.5.html
  GEN      icewm-theme.5.html
  GEN      icewm-toolbar.5.html
  GEN      icewm-winoptions.5.html
make[2]: Leaving directory '/build/icewm-git/src/icewm/man'
Making all in lib
make[2]: Entering directory '/build/icewm-git/src/icewm/lib'
make[2]: Nothing to be done for 'all'.
make[2]: Leaving directory '/build/icewm-git/src/icewm/lib'
make[2]: Entering directory '/build/icewm-git/src/icewm'
make[2]: Leaving directory '/build/icewm-git/src/icewm'
make[1]: Leaving directory '/build/icewm-git/src/icewm'
