-- The CXX compiler identification is GNU 15.2.1
-- The C compiler identification is GNU 15.2.1
-- Detecting CXX compiler ABI info
-- Detecting CXX compiler ABI info - done
-- Check for working CXX compiler: /usr/bin/c++ - skipped
-- Detecting CXX compile features
-- Detecting CXX compile features - done
-- Detecting C compiler ABI info
-- Detecting C compiler ABI info - done
-- Check for working C compiler: /usr/bin/cc - skipped
-- Detecting C compile features
-- Detecting C compile features - done
-- Performing Test HAVE_FLAG_Wall
-- Performing Test HAVE_FLAG_Wall - Success
-- Performing Test HAVE_FLAG_Wshorten_64_to_32
-- Performing Test HAVE_FLAG_Wshorten_64_to_32 - Failed
-- Performing Test HAVE_FLAG_fno_omit_frame_pointer
-- Performing Test HAVE_FLAG_fno_omit_frame_pointer - Success
-- Performing Test HAVE_FLAG_mmacosx_version_min=10.9
-- Performing Test HAVE_FLAG_mmacosx_version_min=10.9 - Failed
-- Performing Test HAVE_FLAG_/Oy_
-- Performing Test HAVE_FLAG_/Oy_ - Failed
-- Performing Test HAVE_FLAG_fvisibility_inlines_hidden
-- Performing Test HAVE_FLAG_fvisibility_inlines_hidden - Success
-- Performing Test HAVE_FLAG_/wd4244
-- Performing Test HAVE_FLAG_/wd4244 - Failed
-- Performing Test HAVE_FLAG_/wd4267
-- Performing Test HAVE_FLAG_/wd4267 - Failed
-- Performing Test HAVE_FLAG_flto
-- Performing Test HAVE_FLAG_flto - Success
-- Performing Test HAVE_FLAG_fuse_ld=gold
-- Performing Test HAVE_FLAG_fuse_ld=gold - Failed
-- Found PkgConfig: /usr/bin/pkg-config (found version "2.5.1")
-- Not using bundled deps
-- Performing Test CMAKE_HAVE_LIBC_PTHREAD
-- Performing Test CMAKE_HAVE_LIBC_PTHREAD - Success
-- Found Threads: TRUE
-- Found PythonInterp: /usr/bin/python (found version "3.13.7")
-- Qt root directory: build/qt
-- Performing Test HAVE_STDATOMIC
-- Performing Test HAVE_STDATOMIC - Success
-- Found WrapAtomic: TRUE
-- Found OpenGL: /usr/lib/libOpenGL.so
-- Found WrapOpenGL: TRUE
-- Could NOT find WrapVulkanHeaders (missing: Vulkan_INCLUDE_DIR) 
-- Could NOT find WrapVulkanHeaders (missing: Vulkan_INCLUDE_DIR) 
-- Qt version: 
-- Performing Test QT5_HAVE_OPTIMALORIENTATION
-- Performing Test QT5_HAVE_OPTIMALORIENTATION - Failed
-- Found MPV: /usr/include
-- build/qt
-- Found SDL2: /usr/include/SDL2
-- Performing Test ICONV_SECOND_ARGUMENT_IS_CONST
-- Performing Test ICONV_SECOND_ARGUMENT_IS_CONST - Failed
-- Found Iconv: /usr/lib/libc.so
-- Found CEC: /usr/lib/libcec.so
-- Enabled Inputs: SDL2 CEC LIRC
-- Found X11: /usr/include
-- Looking for XOpenDisplay in /usr/lib/libX11.so;/usr/lib/libXext.so
-- Looking for XOpenDisplay in /usr/lib/libX11.so;/usr/lib/libXext.so - found
-- Looking for gethostbyname
-- Looking for gethostbyname - found
-- Looking for connect
-- Looking for connect - found
-- Looking for remove
-- Looking for remove - found
-- Looking for shmat
-- Looking for shmat - found
-- Looking for IceConnectionNumber in ICE
-- Looking for IceConnectionNumber in ICE - found
-- Enabling D-Bus power management
-- Found XKB: /usr/lib/libxkbcommon.so (found suitable version "1.13.0", minimum required is "0.9.0")
CMake Warning at /usr/lib/cmake/Qt6/QtPublicDependencyHelpers.cmake:335 (message):
  This project is using headers of the GuiPrivate module and will therefore
  be tied to this specific Qt module build version.  Running this project
  against other versions of the Qt modules may crash at any arbitrary point.
  This is not a bug, but a result of using Qt internals.  You have been
  warned!

  You can disable this warning by setting QT_NO_PRIVATE_MODULE_WARNING to ON.
Call Stack (most recent call first):
  /usr/lib/cmake/Qt6GuiPrivate/Qt6GuiPrivateConfig.cmake:58 (_qt_internal_show_private_module_warning)
  /usr/lib/cmake/Qt6/Qt6Config.cmake:243 (find_package)
  src/shared/CMakeLists.txt:11 (find_package)


-- clang-tidy not enabled, pass -DCMAKE_EXPORT_COMPILE_COMMANDS=on to cmake to enable it
-- clang-tidy not enabled, pass -DCMAKE_EXPORT_COMPILE_COMMANDS=on to cmake to enable it
-- Found ZLIB: /usr/lib/libz.so (found version "1.3.1")
-- Using minizip
-- Configuring done (5.7s)
-- Generating done (0.1s)
-- Build files have been written to: /build/jellyfin-media-player-git/src/jellyfin-media-player/build
[  0%] Built target shared_autogen_timestamp_deps
[  2%] Automatic MOC for target shared
[  2%] Built target shared_autogen
[  4%] Building CXX object src/shared/CMakeFiles/shared.dir/LocalJsonClient.cpp.o
[  8%] Building CXX object src/shared/CMakeFiles/shared.dir/shared_autogen/mocs_compilation.cpp.o
[  8%] Building CXX object src/shared/CMakeFiles/shared.dir/__/core/Version.cpp.o
[ 12%] Building CXX object src/shared/CMakeFiles/shared.dir/Paths.cpp.o
[ 12%] Building CXX object src/shared/CMakeFiles/shared.dir/LocalJsonServer.cpp.o
[ 14%] Building CXX object src/shared/CMakeFiles/shared.dir/Names.cpp.o
[ 16%] Linking CXX static library libshared.a
[ 18%] Built target shared
[ 20%] Creating resources.qrc
[ 22%] Generating qrc_resources.cpp
[ 22%] Built target JellyfinMediaPlayer_autogen_timestamp_deps
[ 24%] Automatic MOC for target JellyfinMediaPlayer
[ 24%] Built target JellyfinMediaPlayer_autogen
[ 26%] Building CXX object src/CMakeFiles/JellyfinMediaPlayer.dir/main.cpp.o
[ 28%] Building CXX object src/CMakeFiles/JellyfinMediaPlayer.dir/JellyfinMediaPlayer_autogen/mocs_compilation.cpp.o
[ 30%] Building CXX object src/CMakeFiles/JellyfinMediaPlayer.dir/player/PlayerComponent.cpp.o
[ 34%] Building CXX object src/CMakeFiles/JellyfinMediaPlayer.dir/display/x11/DisplayManagerX11.cpp.o
[ 34%] Building CXX object src/CMakeFiles/JellyfinMediaPlayer.dir/display/dummy/DisplayManagerDummy.cpp.o
[ 38%] Building CXX object src/CMakeFiles/JellyfinMediaPlayer.dir/core/SignalManager.cpp.o
[ 36%] Building CXX object src/CMakeFiles/JellyfinMediaPlayer.dir/display/DisplayComponent.cpp.o
[ 48%] Building CXX object src/CMakeFiles/JellyfinMediaPlayer.dir/player/CodecsComponent.cpp.o
[ 48%] Building CXX object src/CMakeFiles/JellyfinMediaPlayer.dir/player/OpenGLDetect.cpp.o
[ 48%] Building CXX object src/CMakeFiles/JellyfinMediaPlayer.dir/player/PlayerQuickItem.cpp.o
[ 48%] Building CXX object src/CMakeFiles/JellyfinMediaPlayer.dir/display/DisplayManager.cpp.o
[ 48%] Building CXX object src/CMakeFiles/JellyfinMediaPlayer.dir/core/ComponentManager.cpp.o
[ 51%] Building CXX object src/CMakeFiles/JellyfinMediaPlayer.dir/core/Globals.cpp.o
[ 53%] Building CXX object src/CMakeFiles/JellyfinMediaPlayer.dir/utils/CachedRegexMatcher.cpp.o
[ 55%] Building CXX object src/CMakeFiles/JellyfinMediaPlayer.dir/utils/Utils.cpp.o
[ 57%] Building CXX object src/CMakeFiles/JellyfinMediaPlayer.dir/utils/Log.cpp.o
[ 59%] Building CXX object src/CMakeFiles/JellyfinMediaPlayer.dir/ui/KonvergoWindow.cpp.o
[ 61%] Building CXX object src/CMakeFiles/JellyfinMediaPlayer.dir/ui/ErrorMessage.cpp.o
[ 63%] Building CXX object src/CMakeFiles/JellyfinMediaPlayer.dir/input/InputComponent.cpp.o
[ 65%] Building CXX object src/CMakeFiles/JellyfinMediaPlayer.dir/ui/EventFilter.cpp.o
[ 67%] Building CXX object src/CMakeFiles/JellyfinMediaPlayer.dir/input/InputMapping.cpp.o
[ 69%] Building CXX object src/CMakeFiles/JellyfinMediaPlayer.dir/input/InputSocket.cpp.o
/build/jellyfin-media-player-git/src/jellyfin-media-player/src/core/SignalManager.cpp: In static member function ‘static void SignalManager::signalHandler(int)’:
/build/jellyfin-media-player-git/src/jellyfin-media-player/src/core/SignalManager.cpp:57:8: warning: ignoring return value of ‘ssize_t write(int, const void*, size_t)’ declared with attribute ‘warn_unused_result’ [-Wunused-result]
   57 |   write(g_sigtermFd[0], &a, sizeof(a));
      |   ~~~~~^~~~~~~~~~~~~~~~~~~~~~~~~~~~~~~
/build/jellyfin-media-player-git/src/jellyfin-media-player/src/core/SignalManager.cpp: In member function ‘void SignalManager::handleSignal()’:
/build/jellyfin-media-player-git/src/jellyfin-media-player/src/core/SignalManager.cpp:65:7: warning: ignoring return value of ‘ssize_t read(int, void*, size_t)’ declared with attribute ‘warn_unused_result’ [-Wunused-result]
   65 |   read(g_sigtermFd[1], &signalNumber, sizeof(signalNumber));
      |   ~~~~^~~~~~~~~~~~~~~~~~~~~~~~~~~~~~~~~~~~~~~~~~~~~~~~~~~~~
[ 71%] Building CXX object src/CMakeFiles/JellyfinMediaPlayer.dir/input/InputSDL.cpp.o
[ 73%] Building CXX object src/CMakeFiles/JellyfinMediaPlayer.dir/input/InputLIRC.cpp.o
[ 75%] Building CXX object src/CMakeFiles/JellyfinMediaPlayer.dir/input/InputCEC.cpp.o
[ 77%] Building CXX object src/CMakeFiles/JellyfinMediaPlayer.dir/system/SystemComponent.cpp.o
[ 79%] Building CXX object src/CMakeFiles/JellyfinMediaPlayer.dir/settings/AudioSettingsController.cpp.o
[ 81%] Building CXX object src/CMakeFiles/JellyfinMediaPlayer.dir/settings/SettingsComponent.cpp.o
[ 83%] Building CXX object src/CMakeFiles/JellyfinMediaPlayer.dir/settings/SettingsSection.cpp.o
[ 85%] Building CXX object src/CMakeFiles/JellyfinMediaPlayer.dir/power/PowerComponent.cpp.o
[ 87%] Building CXX object src/CMakeFiles/JellyfinMediaPlayer.dir/power/PowerComponentDBus.cpp.o
[ 89%] Building CXX object src/CMakeFiles/JellyfinMediaPlayer.dir/taskbar/TaskbarComponent.cpp.o
[ 91%] Building CXX object src/CMakeFiles/JellyfinMediaPlayer.dir/qrc_resources.cpp.o
/build/jellyfin-media-player-git/src/jellyfin-media-player/src/system/SystemComponent.cpp: In member function ‘QString SystemComponent::getNativeShellScript()’:
/build/jellyfin-media-player-git/src/jellyfin-media-player/src/system/SystemComponent.cpp:460:23: warning: ignoring return value of ‘virtual bool QFile::open(QIODeviceBase::OpenMode)’, declared with attribute ‘nodiscard’ [-Wunused-result]
  460 |     flatpakOsFile.open(QIODevice::ReadOnly);
      |     ~~~~~~~~~~~~~~~~~~^~~~~~~~~~~~~~~~~~~~~
In file included from /usr/include/qt6/QtCore/qdir.h:11,
                 from /usr/include/qt6/QtCore/QDir:1,
                 from /build/jellyfin-media-player-git/src/jellyfin-media-player/src/system/SystemComponent.cpp:7:
/usr/include/qt6/QtCore/qfile.h:291:32: note: declared here
  291 |     QFILE_MAYBE_NODISCARD bool open(OpenMode flags) override;
      |                                ^~~~
/build/jellyfin-media-player-git/src/jellyfin-media-player/src/settings/SettingsComponent.cpp: In function ‘void writeFile(const QString&, const QByteArray&)’:
/build/jellyfin-media-player-git/src/jellyfin-media-player/src/settings/SettingsComponent.cpp:181:12: warning: ignoring return value of ‘virtual bool QSaveFile::open(QIODeviceBase::OpenMode)’, declared with attribute ‘nodiscard’ [-Wunused-result]
  181 |   file.open(QIODevice::WriteOnly | QIODevice::Text);
      |   ~~~~~~~~~^~~~~~~~~~~~~~~~~~~~~~~~~~~~~~~~~~~~~~~~
In file included from /usr/include/qt6/QtCore/QSaveFile:1,
                 from /build/jellyfin-media-player-git/src/jellyfin-media-player/src/settings/SettingsComponent.cpp:11:
/usr/include/qt6/QtCore/qsavefile.h:43:32: note: declared here
   43 |     QFILE_MAYBE_NODISCARD bool open(OpenMode flags) override;
      |                                ^~~~
/build/jellyfin-media-player-git/src/jellyfin-media-player/src/main.cpp: In function ‘void ShowLicenseInfo()’:
/build/jellyfin-media-player-git/src/jellyfin-media-player/src/main.cpp:83:16: warning: ignoring return value of ‘virtual bool QFile::open(QIODeviceBase::OpenMode)’, declared with attribute ‘nodiscard’ [-Wunused-result]
   83 |   licenses.open(QIODevice::ReadOnly | QIODevice::Text);
      |   ~~~~~~~~~~~~~^~~~~~~~~~~~~~~~~~~~~~~~~~~~~~~~~~~~~~~
In file included from /usr/include/qt6/QtCore/qfileinfo.h:9,
                 from /usr/include/qt6/QtCore/QFileInfo:1,
                 from /build/jellyfin-media-player-git/src/jellyfin-media-player/src/main.cpp:5:
/usr/include/qt6/QtCore/qfile.h:291:32: note: declared here
  291 |     QFILE_MAYBE_NODISCARD bool open(OpenMode flags) override;
      |                                ^~~~
[ 93%] Linking CXX executable jellyfinmediaplayer
[100%] Built target JellyfinMediaPlayer
