[1/42] Generating wayland-xdg-shell-client-protocol.h ...
[2/42] Generating wayland-xdg-shell-client-protocol.c ...
[3/42] Generating wayland-viewporter-client-protocol.h ...
[4/42] Generating wayland-viewporter-client-protocol.c ...
[5/42] Generating wayland-relative-pointer-unstable-v1-client-protocol.h ...
[6/42] Generating wayland-relative-pointer-unstable-v1-client-protocol.c ...
[7/42] Generating wayland-pointer-constraints-unstable-v1-client-protocol.h ...
[8/42] Generating wayland-pointer-constraints-unstable-v1-client-protocol.c ...
[9/42] Generating wayland-xdg-decoration-unstable-v1-client-protocol.h ...
[10/42] Generating wayland-xdg-decoration-unstable-v1-client-protocol.c ...
[11/42] Generating wayland-primary-selection-unstable-v1-client-protocol.h ...
[12/42] Generating wayland-primary-selection-unstable-v1-client-protocol.c ...
[13/42] Generating wayland-text-input-unstable-v3-client-protocol.h ...
[14/42] Generating wayland-text-input-unstable-v3-client-protocol.c ...
[15/42] Generating wayland-xdg-activation-v1-client-protocol.h ...
[16/42] Generating wayland-xdg-activation-v1-client-protocol.c ...
[17/42] Generating wayland-tablet-unstable-v2-client-protocol.h ...
[18/42] Generating wayland-tablet-unstable-v2-client-protocol.c ...
[19/42] Generating wayland-cursor-shape-v1-client-protocol.h ...
[20/42] Generating wayland-cursor-shape-v1-client-protocol.c ...
[21/42] Generating wayland-fractional-scale-v1-client-protocol.h ...
[22/42] Generating wayland-fractional-scale-v1-client-protocol.c ...
[23/42] Generating wayland-single-pixel-buffer-v1-client-protocol.h ...
[24/42] Generating wayland-single-pixel-buffer-v1-client-protocol.c ...
[25/42] Generating wayland-idle-inhibit-unstable-v1-client-protocol.h ...
[26/42] Generating wayland-idle-inhibit-unstable-v1-client-protocol.c ...
[27/42] Generating wayland-keyboard-shortcuts-inhibit-unstable-v1-client-protocol.h ...
[28/42] Generating wayland-keyboard-shortcuts-inhibit-unstable-v1-client-protocol.c ...
[29/42] Generating wayland-xdg-toplevel-icon-v1-client-protocol.h ...
[30/42] Generating wayland-xdg-toplevel-icon-v1-client-protocol.c ...
[31/42] Generating wayland-xdg-system-bell-v1-client-protocol.h ...
[32/42] Generating wayland-xdg-system-bell-v1-client-protocol.c ...
[33/42] Generating wayland-xdg-toplevel-tag-v1-client-protocol.h ...
[34/42] Generating wayland-xdg-toplevel-tag-v1-client-protocol.c ...
[35/42] Generating wayland-ext-background-effect-v1-client-protocol.h ...
[36/42] Generating wayland-ext-background-effect-v1-client-protocol.c ...
[37/42] Generating wayland-xdg-toplevel-drag-v1-client-protocol.h ...
[38/42] Generating wayland-xdg-toplevel-drag-v1-client-protocol.c ...
[39/42] Generating wayland-kwin-blur-v1-client-protocol.h ...
[40/42] Generating wayland-kwin-blur-v1-client-protocol.c ...
[41/42] Generating wayland-wlr-layer-shell-unstable-v1-client-protocol.h ...
[42/42] Generating wayland-wlr-layer-shell-unstable-v1-client-protocol.c ...
 done
Copying 'Symbols NERD Font Mono' from /usr/share/fonts/TTF/SymbolsNerdFontMono-Regular.ttf
[1/138] Compiling kitty/screen.c ...
[2/138] Compiling [x11] glfw/x11_window.c ...
[3/138] Compiling [wayland] glfw/wl_window.c ...
[4/138] Compiling kitty/glfw.c ...
[5/138] Compiling kitty/fonts.c ...
[6/138] Compiling kitty/graphics.c ...
[7/138] Compiling kitty/child-monitor.c ...
[8/138] Compiling kitty/shaders.c ...
[9/138] Compiling kitty/decorations.c ...
[10/138] Compiling kitty/mouse.c ...
[11/138] Compiling kitty/state.c ...
[12/138] Compiling kitty/vt-parser.c ...
[13/138] Compiling kitty/vt-parser.c ...
[14/138] Compiling kitty/freetype.c ...
[15/138] Compiling [x11] glfw/input.c ...
[16/138] Compiling [wayland] glfw/input.c ...
[17/138] Compiling kitty/colors.c ...
[18/138] Compiling [x11] glfw/xkb_glfw.c ...
[19/138] Compiling [wayland] glfw/xkb_glfw.c ...
[20/138] Compiling kitty/line.c ...
[21/138] Compiling [wayland] glfw/wl_init.c ...
[22/138] Compiling [wayland] glfw/wl_client_side_decorations.c ...
[23/138] Compiling [x11] glfw/window.c ...
[24/138] Compiling [wayland] glfw/window.c ...
[25/138] Compiling kitty/glfw-wrapper.c ...
[26/138] Compiling kittens/transfer/algorithm.c ...
[27/138] Compiling kitty/data-types.c ...
[28/138] Compiling [x11] glfw/x11_init.c ...
[29/138] Compiling kitty/disk-cache.c ...
[30/138] Compiling kitty/freetype_render_ui_text.c ...
[31/138] Compiling [x11] glfw/egl_context.c ...
[32/138] Compiling [wayland] glfw/egl_context.c ...
[33/138] Compiling kitty/history.c ...
[34/138] Compiling kitty/fontconfig.c ...
[35/138] Compiling kitty/keys.c ...
[36/138] Compiling [x11] glfw/glx_context.c ...
[37/138] Compiling kitty/line-buf.c ...
[38/138] Compiling kitty/launcher/main.c ...
[39/138] Compiling [x11] glfw/x11_monitor.c ...
[40/138] Compiling kitty/crypto.c ...
[41/138] Compiling [x11] glfw/context.c ...
[42/138] Compiling [wayland] glfw/context.c ...
[43/138] Compiling [x11] glfw/ibus_glfw.c ...
[44/138] Compiling [wayland] glfw/ibus_glfw.c ...
[45/138] Compiling kitty/font-names.c ...
[46/138] Compiling kitty/gl.c ...
[47/138] Compiling kitty/key_encoding.c ...
[48/138] Compiling kitty/resize.c ...
[49/138] Compiling [x11] glfw/monitor.c ...
[50/138] Compiling [wayland] glfw/monitor.c ...
[51/138] Compiling [x11] glfw/backend_utils.c ...
[52/138] Compiling [wayland] glfw/backend_utils.c ...
[53/138] Compiling kitty/launcher/single-instance.c ...
[54/138] Compiling [x11] glfw/init.c ...
[55/138] Compiling [wayland] glfw/init.c ...
[56/138] Compiling kitty/charsets.c ...
[57/138] Compiling [x11] glfw/dbus_glfw.c ...
[58/138] Compiling [wayland] glfw/dbus_glfw.c ...
[59/138] Compiling [x11] glfw/linux_joystick.c ...
[60/138] Compiling [wayland] glfw/linux_joystick.c ...
[61/138] Compiling kitty/cursor.c ...
[62/138] Compiling [x11] glfw/vulkan.c ...
[63/138] Compiling [wayland] glfw/vulkan.c ...
[64/138] Compiling [x11] glfw/osmesa_context.c ...
[65/138] Compiling [wayland] glfw/osmesa_context.c ...
[66/138] Compiling [x11] glfw/linux_desktop_settings.c ...
[67/138] Compiling [wayland] glfw/linux_desktop_settings.c ...
[68/138] Compiling kitty/png-reader.c ...
[69/138] Compiling kitty/desktop.c ...
[70/138] Compiling kitty/animation.c ...
[71/138] Compiling kitty/loop-utils.c ...
[72/138] Compiling 3rdparty/ringbuf/ringbuf.c ...
[73/138] Compiling kitty/simd-string.c ...
[74/138] Compiling [x11] glfw/linux_notify.c ...
[75/138] Compiling [wayland] glfw/linux_notify.c ...
[76/138] Compiling kitty/child.c ...
[77/138] Compiling kitty/systemd.c ...
[78/138] Compiling [x11] glfw/momentum-scroll.c ...
[79/138] Compiling [wayland] glfw/momentum-scroll.c ...
[80/138] Compiling [wayland] glfw/wayland-tablet-unstable-v2-client-protocol.c ...
[81/138] Compiling [wayland] glfw/wl_monitor.c ...
[82/138] Compiling [wayland] glfw/wl_text_input.c ...
[83/138] Compiling kitty/kittens.c ...
[84/138] Compiling 3rdparty/base64/lib/codec_choose.c ...
[85/138] Compiling kitty/cursor_trail.c ...
[86/138] Compiling kitty/hyperlink.c ...
[87/138] Compiling [wayland] glfw/wayland-xdg-shell-client-protocol.c ...
[88/138] Compiling kitty/glyph-cache.c ...
[89/138] Compiling kitty/rowcolumn-diacritics.c ...
[90/138] Compiling kitty/text-cache.c ...
[91/138] Compiling [wayland] glfw/wayland-primary-selection-unstable-v1-client-protocol.c ...
[92/138] Compiling kitty/window_logo.c ...
[93/138] Compiling [wayland] glfw/wayland-pointer-constraints-unstable-v1-client-protocol.c ...
[94/138] Compiling kitty/wcswidth.c ...
[95/138] Compiling kitty/fast-file-copy.c ...
[96/138] Compiling [wayland] glfw/wayland-text-input-unstable-v3-client-protocol.c ...
[97/138] Compiling [wayland] glfw/wayland-wlr-layer-shell-unstable-v1-client-protocol.c ...
[98/138] Compiling 3rdparty/base64/lib/lib.c ...
[99/138] Compiling [x11] glfw/posix_thread.c ...
[100/138] Compiling [wayland] glfw/posix_thread.c ...
[101/138] Compiling kitty/shlex.c ...
[102/138] Compiling [wayland] glfw/wayland-xdg-activation-v1-client-protocol.c ...
[103/138] Compiling [wayland] glfw/wayland-xdg-toplevel-icon-v1-client-protocol.c ...
[104/138] Compiling [wayland] glfw/wayland-keyboard-shortcuts-inhibit-unstable-v1-client-protocol.c ...
[105/138] Compiling [wayland] glfw/wayland-ext-background-effect-v1-client-protocol.c ...
[106/138] Compiling [wayland] glfw/wayland-xdg-decoration-unstable-v1-client-protocol.c ...
[107/138] Compiling [wayland] glfw/wayland-relative-pointer-unstable-v1-client-protocol.c ...
[108/138] Compiling [wayland] glfw/wayland-cursor-shape-v1-client-protocol.c ...
[109/138] Compiling [wayland] glfw/wayland-fractional-scale-v1-client-protocol.c ...
[110/138] Compiling kitty/launcher/cmdline.c ...
[111/138] Compiling [wayland] glfw/wayland-xdg-toplevel-drag-v1-client-protocol.c ...
[112/138] Compiling kitty/logging.c ...
[113/138] Compiling [wayland] glfw/wayland-idle-inhibit-unstable-v1-client-protocol.c ...
[114/138] Compiling [wayland] glfw/wayland-viewporter-client-protocol.c ...
[115/138] Compiling 3rdparty/base64/lib/arch/neon64/codec.c ...
[116/138] Compiling [wayland] glfw/wayland-xdg-toplevel-tag-v1-client-protocol.c ...
[117/138] Compiling [wayland] glfw/wayland-single-pixel-buffer-v1-client-protocol.c ...
[118/138] Compiling 3rdparty/base64/lib/tables/tables.c ...
[119/138] Compiling [wayland] glfw/wayland-xdg-system-bell-v1-client-protocol.c ...
[120/138] Compiling [wayland] glfw/wl_cursors.c ...
[121/138] Compiling 3rdparty/base64/lib/arch/neon32/codec.c ...
[122/138] Compiling [wayland] glfw/wayland-kwin-blur-v1-client-protocol.c ...
[123/138] Compiling kitty/char-props.c ...
[124/138] Compiling 3rdparty/base64/lib/arch/avx/codec.c ...
[125/138] Compiling 3rdparty/base64/lib/arch/ssse3/codec.c ...
[126/138] Compiling 3rdparty/base64/lib/arch/sse42/codec.c ...
[127/138] Compiling 3rdparty/base64/lib/arch/sse41/codec.c ...
[128/138] Compiling 3rdparty/base64/lib/arch/avx2/codec.c ...
[129/138] Compiling kitty/utmp.c ...
[130/138] Compiling 3rdparty/base64/lib/arch/avx512/codec.c ...
[131/138] Compiling 3rdparty/base64/lib/arch/generic/codec.c ...
[132/138] Compiling kitty/cleanup.c ...
[133/138] Compiling [x11] glfw/monotonic.c ...
[134/138] Compiling [wayland] glfw/monotonic.c ...
[135/138] Compiling kitty/monotonic.c ...
[136/138] Compiling kitty/simd-string-128.c ...
[137/138] Compiling kitty/simd-string-256.c ...
[138/138] Compiling kitty/gl-wrapper.c ...
 done
[1/5] Linking kitty/fast_data_types ...
[2/5] Linking [x11] kitty/glfw-x11 ...
[3/5] Linking [wayland] kitty/glfw-wayland ...
[4/5] Linking kittens/transfer/rsync ...
[5/5] Linking launcher ...
 done
go: downloading golang.org/x/sys v0.41.0
go: downloading github.com/dlclark/regexp2 v1.11.5
go: downloading github.com/seancfoley/ipaddress-go v1.7.1
go: downloading github.com/google/go-cmp v0.7.0
go: downloading github.com/bmatcuk/doublestar/v4 v4.10.0
go: downloading github.com/kovidgoyal/go-shm v1.0.0
go: downloading github.com/hako/durafmt v0.0.0-20210608085754-5c1018a4e16b
go: downloading github.com/klauspost/compress v1.18.4
go: downloading github.com/kovidgoyal/go-parallel v1.1.1
go: downloading github.com/kovidgoyal/dbus v0.0.0-20250519011319-e811c41c0bc1
go: downloading github.com/kovidgoyal/imaging v1.8.20
go: downloading github.com/ALTree/bigfloat v0.2.0
go: downloading github.com/google/uuid v1.6.0
go: downloading github.com/shirou/gopsutil/v4 v4.26.1
go: downloading golang.org/x/exp v0.0.0-20230801115018-d63ba01acd4b
go: downloading golang.org/x/text v0.34.0
go: downloading howett.net/plist v1.0.1
go: downloading github.com/nwaples/rardecode/v2 v2.2.2
go: downloading github.com/ulikunitz/xz v0.5.15
go: downloading golang.org/x/image v0.36.0
go: downloading github.com/alecthomas/chroma/v2 v2.23.1
go: downloading github.com/zeebo/xxh3 v1.1.0
go: downloading github.com/tklauser/go-sysconf v0.3.16
go: downloading github.com/klauspost/cpuid/v2 v2.2.10
go: downloading github.com/seancfoley/bintree v1.3.1
go: downloading github.com/tklauser/numcpus v0.11.0
go: downloading github.com/rwcarlsen/goexif v0.0.0-20190401172101-9e8deecbddbd
container/list
crypto/internal/fips140deps/byteorder
internal/nettrace
github.com/seancfoley/ipaddress-go/ipaddr/addrerr
github.com/seancfoley/ipaddress-go/ipaddr/addrstr
github.com/shirou/gopsutil/v4/common
golang.org/x/exp/constraints
github.com/seancfoley/ipaddress-go/ipaddr/addrstrparam
unicode/utf16
vendor/golang.org/x/crypto/cryptobyte/asn1
vendor/golang.org/x/crypto/internal/alias
github.com/google/go-cmp/cmp/internal/flags
log/internal
image/color
crypto/internal/constanttime
encoding
crypto/internal/fips140/alias
github.com/klauspost/compress/internal/le
github.com/klauspost/compress/internal/cpuinfo
github.com/ulikunitz/xz/internal/hash
golang.org/x/exp/slices
crypto/internal/boring/sig
crypto/internal/fips140deps/cpu
github.com/klauspost/compress
crypto/internal/fips140/subtle
maps
hash
bufio
encoding/binary
crypto/internal/fips140deps/godebug
crypto/internal/impl
encoding/base32
math/rand/v2
encoding/base64
weak
crypto/internal/fips140deps/time
regexp/syntax
embed
github.com/google/go-cmp/cmp/internal/diff
vendor/golang.org/x/net/dns/dnsmessage
internal/singleflight
context
golang.org/x/text/internal/tag
unique
crypto/internal/fips140cache
crypto/internal/sysrand
crypto
hash/crc32
github.com/bmatcuk/doublestar/v4
crypto/internal/entropy/v1.0.0
crypto/subtle
crypto/internal/fips140
github.com/google/go-cmp/cmp/internal/value
flag
github.com/ALTree/bigfloat
encoding/hex
encoding/json
golang.org/x/text/internal/language
io/ioutil
crypto/internal/fips140/sha256
crypto/internal/fips140/sha3
crypto/internal/fips140/sha512
golang.org/x/sys/cpu
github.com/seancfoley/bintree/tree
internal/saferio
vendor/golang.org/x/sys/cpu
crypto/internal/randutil
encoding/pem
compress/flate
compress/bzip2
database/sql/driver
os/exec
encoding/xml
mime
encoding/asn1
vendor/golang.org/x/text/transform
net/netip
log
github.com/kovidgoyal/kitty/tools/simdstring
vendor/golang.org/x/net/http2/hpack
mime/quotedprintable
net/http/internal
net/http/internal/ascii
github.com/kovidgoyal/go-parallel
os/signal
hash/adler32
image
github.com/kovidgoyal/imaging/colorconv
compress/lzw
crypto/internal/fips140/hmac
crypto/sha3
vendor/golang.org/x/crypto/internal/poly1305
golang.org/x/sys/unix
vendor/golang.org/x/text/unicode/bidi
vendor/golang.org/x/text/unicode/norm
crypto/internal/fips140/check
regexp
github.com/rwcarlsen/goexif/tiff
github.com/kovidgoyal/imaging/prism/meta/icc
crypto/internal/fips140/aes
crypto/fips140
crypto/internal/fips140hash
crypto/internal/fips140/nistec/fiat
crypto/internal/fips140/edwards25519/field
crypto/internal/fips140/bigmod
crypto/internal/fips140/hkdf
crypto/internal/fips140/tls12
compress/gzip
crypto/tls/internal/fips140tls
archive/zip
crypto/internal/fips140/tls13
compress/zlib
image/color/palette
github.com/kovidgoyal/imaging/streams
golang.org/x/image/tiff/lzw
golang.org/x/image/riff
github.com/klauspost/compress/flate
vendor/golang.org/x/crypto/cryptobyte
crypto/x509/pkix
github.com/klauspost/compress/internal/godebug
golang.org/x/text/internal/language/compact
github.com/klauspost/compress/fse
github.com/klauspost/compress/internal/snapref
vendor/golang.org/x/text/secure/bidirule
github.com/klauspost/compress/zstd/internal/xxhash
runtime/debug
golang.org/x/text/transform
github.com/dlclark/regexp2/syntax
crypto/internal/fips140/edwards25519
github.com/kovidgoyal/kitty/tools/icons
github.com/ulikunitz/xz/internal/xlog
hash/crc64
golang.org/x/text/language
golang.org/x/text/unicode/norm
crypto/internal/fips140/drbg
image/internal/imageutil
golang.org/x/image/ccitt
golang.org/x/image/vp8
github.com/google/go-cmp/cmp/internal/function
net/url
golang.org/x/image/vp8l
golang.org/x/image/bmp
image/draw
crypto/internal/fips140/aes/gcm
crypto/internal/fips140only
crypto/internal/fips140/mlkem
os/user
crypto/md5
crypto/internal/fips140/ed25519
github.com/google/go-cmp/cmp
crypto/hkdf
crypto/rc4
crypto/internal/fips140/rsa
crypto/cipher
golang.org/x/image/tiff
image/jpeg
github.com/hako/durafmt
image/png
vendor/golang.org/x/net/idna
image/gif
github.com/klauspost/compress/huff0
github.com/kovidgoyal/imaging/webp
howett.net/plist
github.com/shirou/gopsutil/v4/internal/common
golang.org/x/image/webp
crypto/mlkem
github.com/ulikunitz/xz/lzma
golang.org/x/text/internal/catmsg
github.com/kovidgoyal/kitty
github.com/kovidgoyal/imaging/types
github.com/rwcarlsen/goexif/exif
github.com/klauspost/compress/gzip
github.com/klauspost/compress/zip
crypto/internal/boring
crypto/des
vendor/golang.org/x/crypto/chacha20
github.com/kovidgoyal/imaging/nrgb
golang.org/x/text/internal/stringset
golang.org/x/text/internal
crypto/hmac
crypto/sha1
crypto/internal/rand
crypto/sha256
crypto/aes
crypto/internal/boring/bbig
crypto/sha512
archive/tar
vendor/golang.org/x/crypto/chacha20poly1305
golang.org/x/text/message/catalog
golang.org/x/text/internal/number
golang.org/x/text/internal/format
github.com/klauspost/cpuid/v2
crypto/rand
crypto/dsa
github.com/kovidgoyal/imaging/prism/meta
github.com/kovidgoyal/imaging/nrgba
github.com/kovidgoyal/imaging/netpbm
github.com/kovidgoyal/imaging/apng
github.com/nwaples/rardecode/v2
crypto/ed25519
crypto/rsa
github.com/kovidgoyal/kitty/tools/utils/secrets
github.com/kovidgoyal/imaging/jpeg
github.com/kovidgoyal/imaging/prism/meta/tiffmeta
github.com/kovidgoyal/imaging/prism/meta/jpegmeta
github.com/kovidgoyal/imaging/prism/meta/pngmeta
github.com/kovidgoyal/imaging/prism/meta/gifmeta
github.com/kovidgoyal/imaging/prism/meta/webpmeta
github.com/dlclark/regexp2
crypto/internal/fips140/nistec
github.com/kovidgoyal/imaging/prism/meta/netpbmmeta
github.com/klauspost/compress/zstd
golang.org/x/text/feature/plural
github.com/ulikunitz/xz
github.com/kovidgoyal/imaging/prism/meta/autometa
github.com/zeebo/xxh3
net
golang.org/x/text/message
github.com/shirou/gopsutil/v4/mem
github.com/kovidgoyal/go-shm
github.com/tklauser/numcpus
github.com/alecthomas/chroma/v2
github.com/tklauser/go-sysconf
github.com/kovidgoyal/imaging/magick
github.com/shirou/gopsutil/v4/cpu
github.com/kovidgoyal/imaging
crypto/internal/fips140/ecdh
crypto/internal/fips140/ecdsa
crypto/elliptic
github.com/alecthomas/chroma/v2/styles
github.com/alecthomas/chroma/v2/lexers
crypto/ecdh
crypto/ecdsa
crypto/hpke
vendor/golang.org/x/net/http/httpproxy
net/textproto
github.com/google/uuid
github.com/shirou/gopsutil/v4/net
crypto/x509
github.com/kovidgoyal/dbus
github.com/seancfoley/ipaddress-go/ipaddr
vendor/golang.org/x/net/http/httpguts
mime/multipart
github.com/shirou/gopsutil/v4/process
crypto/tls
github.com/kovidgoyal/dbus/introspect
github.com/kovidgoyal/dbus/prop
net/http/httptrace
net/http/internal/httpcommon
net/http
github.com/kovidgoyal/kitty/tools/utils
github.com/kovidgoyal/kitty/tools/utils/paths
github.com/kovidgoyal/kitty/tools/tty
github.com/kovidgoyal/kitty/tools/utils/shlex
github.com/kovidgoyal/kitty/tools/wcswidth
github.com/kovidgoyal/kitty/tools/fzf
github.com/kovidgoyal/kitty/tools/utils/base85
github.com/kovidgoyal/kitty/tools/ignorefiles
github.com/kovidgoyal/kitty/tools/disk_cache
github.com/kovidgoyal/kitty/tools/highlight
github.com/kovidgoyal/kitty/tools/tui/subseq
github.com/kovidgoyal/kitty/tools/rsync
github.com/kovidgoyal/kitty/tools/crypto
github.com/kovidgoyal/kitty/tools/tui/shell_integration
github.com/kovidgoyal/kitty/tools/utils/humanize
github.com/kovidgoyal/kitty/tools/utils/style
github.com/kovidgoyal/kitty/tools/cli/markup
github.com/kovidgoyal/kitty/tools/tui/sgr
github.com/kovidgoyal/kitty/tools/tui/loop
github.com/kovidgoyal/kitty/tools/cmd/mouse_demo
github.com/kovidgoyal/kitty/tools/tui/shortcuts
github.com/kovidgoyal/kitty/tools/config
github.com/kovidgoyal/kitty/tools/cli
github.com/kovidgoyal/kitty/tools/themes
github.com/kovidgoyal/kitty/kittens/hyperlinked_grep
github.com/kovidgoyal/kitty/kittens/notify
github.com/kovidgoyal/kitty/kittens/panel
github.com/kovidgoyal/kitty/kittens/desktop_ui
github.com/kovidgoyal/kitty/tools/cmd/atexit
github.com/kovidgoyal/kitty/kittens/show_key
github.com/kovidgoyal/kitty/tools/tui
github.com/kovidgoyal/kitty/kittens/query_terminal
github.com/kovidgoyal/kitty/tools/tui/readline
github.com/kovidgoyal/kitty/tools/utils/images
github.com/kovidgoyal/kitty/kittens/quick_access_terminal
github.com/kovidgoyal/kitty/kittens/clipboard
github.com/kovidgoyal/kitty/tools/unicode_names
github.com/kovidgoyal/kitty/kittens/themes
github.com/kovidgoyal/kitty/tools/tui/graphics
github.com/kovidgoyal/kitty/kittens/unicode_input
github.com/kovidgoyal/kitty/kittens/command_palette
github.com/kovidgoyal/kitty/kittens/hints
github.com/kovidgoyal/kitty/kittens/ssh
github.com/kovidgoyal/kitty/tools/cmd/update_self
github.com/kovidgoyal/kitty/tools/cmd/edit_in_kitty
github.com/kovidgoyal/kitty/tools/cmd/show_error
github.com/kovidgoyal/kitty/tools/cmd/run_shell
github.com/kovidgoyal/kitty/tools/cmd/at
github.com/kovidgoyal/kitty/kittens/transfer
github.com/kovidgoyal/kitty/tools/cmd/benchmark
github.com/kovidgoyal/kitty/kittens/icat
github.com/kovidgoyal/kitty/kittens/choose_fonts
github.com/kovidgoyal/kitty/kittens/choose_files
github.com/kovidgoyal/kitty/tools/cmd/pytest
github.com/kovidgoyal/kitty/kittens/diff
github.com/kovidgoyal/kitty/kittens/ask
github.com/kovidgoyal/kitty/tools/cmd/tool
github.com/kovidgoyal/kitty/tools/cmd/completion
github.com/kovidgoyal/kitty/tools/cmd
make -C docs man
make -C docs html
make[1]: Entering directory '/build/kitty-git/src/kitty/docs'
sphinx-build -M man "." "_build" -n -q -j auto -T   
make[1]: Entering directory '/build/kitty-git/src/kitty/docs'
sphinx-build -M html "." "_build" -n -q -j auto -T   
make[1]: Leaving directory '/build/kitty-git/src/kitty/docs'
/usr/lib/python3.14/site-packages/sphinxext/opengraph/_social_cards.py:167: UserWarning: Glyph 10084 (\N{HEAVY BLACK HEART}) missing from font(s) Roboto Flex.
  fig.savefig(path, facecolor=None)
/usr/lib/python3.14/site-packages/sphinxext/opengraph/_social_cards.py:167: UserWarning: Glyph 65039 (\N{VARIATION SELECTOR-16}) missing from font(s) Roboto Flex.
  fig.savefig(path, facecolor=None)
make[1]: Leaving directory '/build/kitty-git/src/kitty/docs'
make docs
