kitty-git W: Referenced python module 'kitty.options.utils.to_cursor_shape' is an uninstalled dependency (needed in files ['usr/lib/kitty/kitty/options/parse.py'])
kitty-git W: Referenced python module 'kitty.colors.parse_colors' is an uninstalled dependency (needed in files ['usr/lib/kitty/kitty/rc/set_colors.py'])
kitty-git W: Referenced python module 'kitty.cli_stub.DisableLigaturesRCOptions' is an uninstalled dependency (needed in files ['usr/lib/kitty/kitty/rc/disable_ligatures.py'])
kitty-git W: Referenced python module 'kitty.options.utils.resize_debounce_time' is an uninstalled dependency (needed in files ['usr/lib/kitty/kitty/options/parse.py'])
kitty-git W: Referenced python module 'kitty.conf.utils.os_name' is an uninstalled dependency (needed in files ['usr/lib/kitty/kittens/query_terminal/main.py'])
kitty-git W: Referenced python module 'kitty.fonts.fontconfig.find_last_resort_text_font' is an uninstalled dependency (needed in files ['usr/lib/kitty/kitty/fonts/common.py'])
kitty-git W: Referenced python module 'kitty.cli_stub.SetUserVarsRCOptions' is an uninstalled dependency (needed in files ['usr/lib/kitty/kitty/rc/set_user_vars.py'])
kitty-git W: Referenced python module 'kitty.launch.options_spec' is an uninstalled dependency (needed in files ['usr/lib/kitty/kitty/rc/launch.py'])
kitty-git W: Referenced python module 'kittens.runner.list_kittens' is an uninstalled dependency (needed in files ['usr/lib/kitty/kitty/entry_points.py'])
kitty-git W: Referenced python module 'kitty.conf.utils.save_type_stub' is an uninstalled dependency (needed in files ['usr/lib/kitty/kittens/tui/operations_stub.py'])
kitty-git W: Referenced python module 'kitty.fast_data_types.FC_WEIGHT_REGULAR' is an uninstalled dependency (needed in files ['usr/lib/kitty/kitty/fonts/fontconfig.py'])
kitty-git W: Referenced python module 'kittens.transfer.utils.expand_home' is an uninstalled dependency (needed in files ['usr/lib/kitty/kitty/file_transmission.py'])
kitty-git W: Referenced python module 'kitty.fast_data_types.get_all_processes' is an uninstalled dependency (needed in files ['usr/lib/kitty/kitty/utils.py'])
kitty-git W: Referenced python module 'kitty.utils.resolve_abs_or_config_path' is an uninstalled dependency (needed in files ['usr/lib/kitty/kitty/rc/load_config.py', 'usr/lib/kitty/kittens/runner.py', 'usr/lib/kitty/kitty/options/utils.py'])
kitty-git W: Referenced python module 'kitty.cli_stub.FocusWindowRCOptions' is an uninstalled dependency (needed in files ['usr/lib/kitty/kitty/rc/focus_window.py'])
kitty-git W: Referenced python module 'kitty.launch.remote_control_password_docs' is an uninstalled dependency (needed in files ['usr/lib/kitty/kitty/rc/run.py'])
kitty-git W: Referenced python module 'kittens.runner.resolved_kitten' is an uninstalled dependency (needed in files ['usr/lib/kitty/kitty/conf/generate.py'])
kitty-git W: Referenced python module 'kitty.fast_data_types.truncate_point_for_length' is an uninstalled dependency (needed in files ['usr/lib/kitty/kittens/tui/line_edit.py'])
kitty-git W: Referenced python module 'kitty.typing_compat.LoopType' is an uninstalled dependency (needed in files ['usr/lib/kitty/kittens/tui/handler.py'])
kitty-git W: Referenced python module 'kittens.diff.main.OPTIONS' is an uninstalled dependency (needed in files ['usr/lib/kitty/kitty/cli_stub.py'])
kitty-git W: Referenced python module 'kitty.options.utils.cursor_text_color' is an uninstalled dependency (needed in files ['usr/lib/kitty/kitty/options/parse.py'])
kitty-git W: Referenced python module 'kitty.types.FloatEdges' is an uninstalled dependency (needed in files ['usr/lib/kitty/kitty/options/types.py', 'usr/lib/kitty/kitty/options/utils.py'])
kitty-git W: Referenced python module 'kitty.layout.interface.all_layouts' is an uninstalled dependency (needed in files ['usr/lib/kitty/kitty/rc/set_enabled_layouts.py', 'usr/lib/kitty/kitty/options/utils.py', 'usr/lib/kitty/kitty/rc/goto_layout.py'])
kitty-git W: Referenced python module 'kitty.cli_stub.DetachWindowRCOptions' is an uninstalled dependency (needed in files ['usr/lib/kitty/kitty/rc/detach_window.py'])
kitty-git W: Referenced python module 'kitty.rc.base.parse_subcommand_cli' is an uninstalled dependency (needed in files ['usr/lib/kitty/kitty/boss.py', 'usr/lib/kitty/kittens/resize_window/main.py'])
kitty-git W: Referenced python module 'kitty.options.utils.parse_marker_spec' is an uninstalled dependency (needed in files ['usr/lib/kitty/kitty/rc/create_marker.py'])
kitty-git W: Referenced python module 'kitty.fast_data_types.get_fallback_font' is an uninstalled dependency (needed in files ['usr/lib/kitty/kitty/fonts/render.py'])
kitty-git W: Referenced python module 'kitty.fast_data_types.parse_input_from_terminal' is an uninstalled dependency (needed in files ['usr/lib/kitty/kittens/tui/loop.py'])
kitty-git W: Referenced python module 'kitty.session.save_as_session_options' is an uninstalled dependency (needed in files ['usr/lib/kitty/kitty/cli_stub.py'])
kitty-git W: Referenced python module 'kitty.fast_data_types.sprite_idx_to_pos' is an uninstalled dependency (needed in files ['usr/lib/kitty/kitty/fonts/render.py'])
kitty-git W: Referenced python module 'kitty.fast_data_types.FC_SLANT_ROMAN' is an uninstalled dependency (needed in files ['usr/lib/kitty/kitty/fonts/fontconfig.py'])
kitty-git W: Referenced python module 'kitty.borders.BorderColor' is an uninstalled dependency (needed in files ['usr/lib/kitty/kitty/layout/splits.py', 'usr/lib/kitty/kitty/layout/base.py', 'usr/lib/kitty/kitty/layout/tall.py', 'usr/lib/kitty/kitty/layout/grid.py', 'usr/lib/kitty/kitty/layout/vertical.py'])
kitty-git W: Referenced python module 'kitty.utils.SSHConnectionData' is an uninstalled dependency (needed in files ['usr/lib/kitty/kittens/remote_file/main.py', 'usr/lib/kitty/kittens/ssh/utils.py'])
kitty-git W: Referenced python module 'kitty.options.utils.tab_bar_margin_height' is an uninstalled dependency (needed in files ['usr/lib/kitty/kitty/options/parse.py'])
kitty-git W: Referenced python module 'kitty.actions.groups' is an uninstalled dependency (needed in files ['usr/lib/kitty/kittens/command_palette/main.py'])
kitty-git W: Referenced python module 'kitty.fonts.core_text.all_fonts_map' is an uninstalled dependency (needed in files ['usr/lib/kitty/kitty/fonts/common.py'])
kitty-git W: Referenced python module 'kitty.cli.cached_parse_cmdline' is an uninstalled dependency (needed in files ['usr/lib/kitty/kitty/session.py'])
kitty-git W: Referenced python module 'kittens.ssh.utils.get_connection_data' is an uninstalled dependency (needed in files ['usr/lib/kitty/kitty/window.py'])
kitty-git W: Referenced python module 'kitty.cli_stub.BroadcastCLIOptions' is an uninstalled dependency (needed in files ['usr/lib/kitty/kittens/broadcast/main.py'])
kitty-git W: Referenced python module 'kitty.remote_control.encode_response_for_peer' is an uninstalled dependency (needed in files ['usr/lib/kitty/kitty/boss.py'])
kitty-git W: Referenced python module 'kitty.conf.utils.to_color' is an uninstalled dependency (needed in files ['usr/lib/kitty/kitty/options/parse.py', 'usr/lib/kitty/kittens/choose_fonts/backend.py', 'usr/lib/kitty/kitty/options/utils.py'])
kitty-git W: Referenced python module 'kitty.types.DecoratedFunc' is an uninstalled dependency (needed in files ['usr/lib/kitty/kittens/tui/handler.py'])
kitty-git W: Referenced python module 'kitty.conf.utils.KeyFuncWrapper' is an uninstalled dependency (needed in files ['usr/lib/kitty/kitty/options/utils.py'])
kitty-git W: Referenced python module 'kitty.constants.appname' is an uninstalled dependency (needed in files ['usr/lib/kitty/kitty/simple_cli_definitions.py', 'usr/lib/kitty/kitty/rc/load_config.py', 'usr/lib/kitty/kittens/choose_files/main.py', 'usr/lib/kitty/kitty/rc/ls.py', 'usr/lib/kitty/kittens/query_terminal/main.py', 'usr/lib/kitty/kittens/quick_access_terminal/main.py', 'usr/lib/kitty/kittens/diff/main.py'])
kitty-git W: Referenced python module 'kitty.options.utils.disable_ligatures' is an uninstalled dependency (needed in files ['usr/lib/kitty/kitty/options/parse.py'])
kitty-git W: Referenced python module 'kitty.cli.parse_args' is an uninstalled dependency (needed in files ['usr/lib/kitty/kitty/rc/base.py', 'usr/lib/kitty/kittens/resize_window/main.py', 'usr/lib/kitty/kittens/remote_file/main.py', 'usr/lib/kitty/kittens/hints/main.py', 'usr/lib/kitty/kittens/broadcast/main.py', 'usr/lib/kitty/kittens/panel/main.py'])
kitty-git W: Referenced python module 'kitty.options.utils.allow_hyperlinks' is an uninstalled dependency (needed in files ['usr/lib/kitty/kitty/options/parse.py'])
kitty-git W: Referenced python module 'kitty.cli_stub.LoadConfigRCOptions' is an uninstalled dependency (needed in files ['usr/lib/kitty/kitty/rc/load_config.py'])
kitty-git W: Referenced python module 'kittens.transfer.utils.ZlibCompressor' is an uninstalled dependency (needed in files ['usr/lib/kitty/kitty/file_transmission.py'])
kitty-git W: Referenced python module 'kitty.options.utils.MouseMapping' is an uninstalled dependency (needed in files ['usr/lib/kitty/kitty/options/types.py'])
kitty-git W: Referenced python module 'kitty.options.utils.deprecated_macos_show_window_title_in_menubar_alias' is an uninstalled dependency (needed in files ['usr/lib/kitty/kitty/options/parse.py'])
kitty-git W: Referenced python module 'kitty.fast_data_types.Screen' is an uninstalled dependency (needed in files ['usr/lib/kitty/kitty/fonts/render.py'])
kitty-git W: Referenced python module 'kitty.fast_data_types.CURSOR_HOLLOW' is an uninstalled dependency (needed in files ['usr/lib/kitty/kitty/options/utils.py'])
kitty-git W: Referenced python module 'kitty.launch.parse_remote_control_passwords' is an uninstalled dependency (needed in files ['usr/lib/kitty/kitty/rc/run.py'])
kitty-git W: Referenced python module 'kitty.conf.types.unset' is an uninstalled dependency (needed in files ['usr/lib/kitty/kitty/conf/generate.py'])
kitty-git W: Referenced python module 'kitty.types._T' is an uninstalled dependency (needed in files ['usr/lib/kitty/kitty/conf/generate.py', 'usr/lib/kitty/kitty/fonts/render.py'])
kitty-git W: Referenced python module 'kitty.fast_data_types.fc_list' is an uninstalled dependency (needed in files ['usr/lib/kitty/kitty/fonts/fontconfig.py'])
kitty-git W: Referenced python module 'kitty.key_encoding.ALT' is an uninstalled dependency (needed in files ['usr/lib/kitty/kittens/tui/loop.py'])
kitty-git W: Referenced python module 'kitty.fast_data_types.get_options' is an uninstalled dependency (needed in files ['usr/lib/kitty/kitty/rc/set_spacing.py', 'usr/lib/kitty/kittens/remote_file/main.py', 'usr/lib/kitty/kitty/rc/set_enabled_layouts.py', 'usr/lib/kitty/kittens/hints/main.py', 'usr/lib/kitty/kitty/layout/base.py', 'usr/lib/kitty/kitty/file_transmission.py', 'usr/lib/kitty/kittens/tui/utils.py', 'usr/lib/kitty/kittens/query_terminal/main.py', 'usr/lib/kitty/kitty/rc/get_colors.py', 'usr/lib/kitty/kitty/rc/set_background_opacity.py'])
kitty-git W: Referenced python module 'kitty.clipboard.set_primary_selection' is an uninstalled dependency (needed in files ['usr/lib/kitty/kittens/hints/main.py'])
kitty-git W: Referenced python module 'kitty.fonts.common.get_axis_map' is an uninstalled dependency (needed in files ['usr/lib/kitty/kittens/choose_fonts/backend.py'])
kitty-git W: Referenced python module 'kitty.cli_stub.SelectWindowRCOptions' is an uninstalled dependency (needed in files ['usr/lib/kitty/kitty/rc/select_window.py'])
kitty-git W: Referenced python module 'kitty.tabs.SpecialWindow' is an uninstalled dependency (needed in files ['usr/lib/kitty/kittens/panel/main.py', 'usr/lib/kitty/kitty/session.py'])
kitty-git W: Referenced python module 'kitty.fonts.FontSpec' is an uninstalled dependency (needed in files ['usr/lib/kitty/kitty/options/types.py', 'usr/lib/kitty/kitty/options/utils.py', 'usr/lib/kitty/kitty/fonts/common.py'])
kitty-git W: Referenced python module 'kitty.utils.open_cmd' is an uninstalled dependency (needed in files ['usr/lib/kitty/kittens/remote_file/main.py'])
kitty-git W: Referenced python module 'kitty.options.utils' is an uninstalled dependency (needed in files ['usr/lib/kitty/kitty/options/types.py'])
kitty-git W: Referenced python module 'kitty.conf.utils.to_color_or_none' is an uninstalled dependency (needed in files ['usr/lib/kitty/kitty/options/parse.py'])
kitty-git W: Referenced python module 'kittens.transfer.rsync' is an uninstalled dependency (needed in files ['usr/lib/kitty/kitty/file_transmission.py'])
kitty-git W: Referenced python module 'kitty.options.utils.KeyboardModeMap' is an uninstalled dependency (needed in files ['usr/lib/kitty/kitty/options/types.py'])
kitty-git W: Referenced python module 'kitty.cli_stub.FocusTabRCOptions' is an uninstalled dependency (needed in files ['usr/lib/kitty/kitty/rc/focus_tab.py'])
kitty-git W: Referenced python module 'kitty.cli_stub.SetBackgroundOpacityRCOptions' is an uninstalled dependency (needed in files ['usr/lib/kitty/kitty/rc/set_background_opacity.py'])
kitty-git W: Referenced python module 'kitty.typing_compat.AbstractEventLoop' is an uninstalled dependency (needed in files ['usr/lib/kitty/kittens/tui/handler.py'])
kitty-git W: Referenced python module 'kitty.typing_compat.KeyActionType' is an uninstalled dependency (needed in files ['usr/lib/kitty/kittens/tui/handler.py'])
kitty-git W: Referenced python module 'kitty.key_encoding.CTRL' is an uninstalled dependency (needed in files ['usr/lib/kitty/kittens/resize_window/main.py', 'usr/lib/kitty/kittens/tui/loop.py'])
kitty-git W: Referenced python module 'kitty.typing_compat.CompletedProcess' is an uninstalled dependency (needed in files ['usr/lib/kitty/kittens/tui/images.py'])
kitty-git W: Referenced python module 'kitty.fast_data_types.layer_shell_config_for_os_window' is an uninstalled dependency (needed in files ['usr/lib/kitty/kittens/panel/main.py', 'usr/lib/kitty/kitty/rc/resize_os_window.py'])
kitty-git W: Referenced python module 'kitty.fast_data_types.concat_cells' is an uninstalled dependency (needed in files ['usr/lib/kitty/kitty/fonts/render.py'])
kitty-git W: Referenced python module 'kitty.fonts.features.known_features' is an uninstalled dependency (needed in files ['usr/lib/kitty/kittens/choose_fonts/backend.py'])
kitty-git W: Referenced python module 'kitty.fonts.core_text.set_named_style' is an uninstalled dependency (needed in files ['usr/lib/kitty/kitty/fonts/common.py'])
kitty-git W: Referenced python module 'kitty.options.utils.mouse_hide_wait' is an uninstalled dependency (needed in files ['usr/lib/kitty/kitty/options/parse.py'])
kitty-git W: Referenced python module 'kitty.fonts.fontconfig.get_axis_values' is an uninstalled dependency (needed in files ['usr/lib/kitty/kitty/fonts/common.py'])
kitty-git W: Referenced python module 'kitty.fonts.common.get_named_style' is an uninstalled dependency (needed in files ['usr/lib/kitty/kittens/choose_fonts/backend.py'])
kitty-git W: Referenced python module 'kittens.panel.main.handle_single_instance_command' is an uninstalled dependency (needed in files ['usr/lib/kitty/kitty/boss.py'])
kitty-git W: Referenced python module 'kittens.panel.main.panel_kitten_options_spec' is an uninstalled dependency (needed in files ['usr/lib/kitty/kitty/cli_stub.py'])
kitty-git W: Referenced python module 'kitty.simple_cli_definitions.panel_options_spec' is an uninstalled dependency (needed in files ['usr/lib/kitty/kittens/panel/main.py', 'usr/lib/kitty/kittens/quick_access_terminal/main.py'])
kitty-git W: Referenced python module 'kitty.fast_data_types.FILE_TRANSFER_CODE' is an uninstalled dependency (needed in files ['usr/lib/kitty/kitty/file_transmission.py', 'usr/lib/kitty/kittens/tui/loop.py'])
kitty-git W: Referenced python module 'kitty.options.utils.tab_bar_min_tabs' is an uninstalled dependency (needed in files ['usr/lib/kitty/kitty/options/parse.py'])
kitty-git W: Referenced python module 'kittens.runner.CLIOnlyKitten' is an uninstalled dependency (needed in files ['usr/lib/kitty/kitty/boss.py'])
kitty-git W: Referenced python module 'kitty.cli_stub.CloseWindowRCOptions' is an uninstalled dependency (needed in files ['usr/lib/kitty/kitty/rc/close_window.py'])
kitty-git W: Referenced python module 'kitty.cli_stub.DetachTabRCOptions' is an uninstalled dependency (needed in files ['usr/lib/kitty/kitty/rc/detach_tab.py'])
kitty-git W: Referenced python module 'kitty.key_encoding.enter_key' is an uninstalled dependency (needed in files ['usr/lib/kitty/kittens/tui/loop.py'])
kitty-git W: Referenced python module 'kitty.types.WindowResizeDragData' is an uninstalled dependency (needed in files ['usr/lib/kitty/kitty/layout/base.py', 'usr/lib/kitty/kitty/layout/splits.py', 'usr/lib/kitty/kitty/layout/tall.py'])
kitty-git W: Referenced python module 'kitty.types.MouseEvent' is an uninstalled dependency (needed in files ['usr/lib/kitty/kitty/options/utils.py'])
kitty-git W: Referenced python module 'kitty.utils.expandvars' is an uninstalled dependency (needed in files ['usr/lib/kitty/kitty/rc/env.py', 'usr/lib/kitty/kitty/options/utils.py'])
kitty-git W: Referenced python module 'kittens.transfer.rsync.parse_ftc' is an uninstalled dependency (needed in files ['usr/lib/kitty/kitty/file_transmission.py'])
kitty-git W: Referenced python module 'kitty.fonts.core_text.set_axis_values' is an uninstalled dependency (needed in files ['usr/lib/kitty/kitty/fonts/common.py'])
kitty-git W: Referenced python module 'kitty.main.main' is an uninstalled dependency (needed in files ['usr/lib/kitty/kittens/panel/main.py', 'usr/lib/kitty/kitty/entry_points.py'])
kitty-git W: Referenced python module 'kitty.cli_stub.SendKeyRCOptions' is an uninstalled dependency (needed in files ['usr/lib/kitty/kitty/rc/send_key.py'])
kitty-git W: Referenced python module 'kitty.terminfo.names' is an uninstalled dependency (needed in files ['usr/lib/kitty/kittens/query_terminal/main.py'])
kitty-git W: Referenced python module 'kitty.fast_data_types.cmdline_of_process' is an uninstalled dependency (needed in files ['usr/lib/kitty/kitty/child.py'])
kitty-git W: Referenced python module 'kittens.icat.main.OPTIONS' is an uninstalled dependency (needed in files ['usr/lib/kitty/kitty/cli_stub.py'])
kitty-git W: Referenced python module 'kittens.ssh.utils.patch_cmdline' is an uninstalled dependency (needed in files ['usr/lib/kitty/kitty/launch.py'])
kitty-git W: Referenced python module 'kitty.launch.parse_launch_args' is an uninstalled dependency (needed in files ['usr/lib/kitty/kitty/boss.py', 'usr/lib/kitty/kitty/rc/launch.py'])
kitty-git W: Referenced python module 'kitty.options.utils.deprecated_hide_window_decorations_aliases' is an uninstalled dependency (needed in files ['usr/lib/kitty/kitty/options/parse.py'])
kitty-git W: Referenced python module 'kittens.resize_window.main.OPTIONS' is an uninstalled dependency (needed in files ['usr/lib/kitty/kitty/cli_stub.py'])
kitty-git W: Referenced python module 'kitty.options.utils.url_style' is an uninstalled dependency (needed in files ['usr/lib/kitty/kitty/options/parse.py'])
kitty-git W: Referenced python module 'kitty.fonts.FontModification' is an uninstalled dependency (needed in files ['usr/lib/kitty/kitty/options/utils.py'])
kitty-git W: Referenced python module 'kitty.fast_data_types.DecorationTypes' is an uninstalled dependency (needed in files ['usr/lib/kitty/kitty/fonts/render.py'])
kitty-git W: Referenced python module 'kitty.fast_data_types.GLFW_EDGE_CENTER_SIZED' is an uninstalled dependency (needed in files ['usr/lib/kitty/kittens/panel/main.py'])
kitty-git W: Referenced python module 'kitty.cli_stub.SendTextRCOptions' is an uninstalled dependency (needed in files ['usr/lib/kitty/kitty/rc/send_text.py'])
kitty-git W: Referenced python module 'kitty.typing_compat.UnderlineLiteral' is an uninstalled dependency (needed in files ['usr/lib/kitty/kittens/tui/operations.py'])
kitty-git W: Referenced python module 'kitty.fast_data_types.GLFW_LAYER_SHELL_PANEL' is an uninstalled dependency (needed in files ['usr/lib/kitty/kittens/panel/main.py'])
kitty-git W: Referenced python module 'kittens.show_key.main.OPTIONS' is an uninstalled dependency (needed in files ['usr/lib/kitty/kitty/cli_stub.py'])
kitty-git W: Referenced python module 'kitty.rc.base.command_for_name' is an uninstalled dependency (needed in files ['usr/lib/kitty/kitty/boss.py', 'usr/lib/kitty/kittens/resize_window/main.py', 'usr/lib/kitty/kitty/cli_stub.py'])
kitty-git W: Referenced python module 'kitty.options.utils.box_drawing_scale' is an uninstalled dependency (needed in files ['usr/lib/kitty/kitty/options/parse.py'])
kitty-git W: Referenced python module 'kitty.cli_stub.SetTabColorRCOptions' is an uninstalled dependency (needed in files ['usr/lib/kitty/kitty/rc/set_tab_color.py'])
kitty-git W: Referenced python module 'kittens.panel.main.parse_panel_args' is an uninstalled dependency (needed in files ['usr/lib/kitty/kitty/launch.py'])
kitty-git W: Referenced python module 'kitty.utils.TTYIO' is an uninstalled dependency (needed in files ['usr/lib/kitty/kitty/rc/send_text.py'])
kitty-git W: Referenced python module 'kitty.cli_stub.LaunchCLIOptions' is an uninstalled dependency (needed in files ['usr/lib/kitty/kitty/rc/launch.py'])
kitty-git W: Referenced python module 'kitty.options.utils.parse_layout_names' is an uninstalled dependency (needed in files ['usr/lib/kitty/kitty/rc/set_enabled_layouts.py'])
kitty-git W: Referenced python module 'kitty.fonts.common.spec_for_face' is an uninstalled dependency (needed in files ['usr/lib/kitty/kittens/choose_fonts/backend.py'])
kitty-git W: Referenced python module 'kitty.fast_data_types.GLFW_EDGE_CENTER' is an uninstalled dependency (needed in files ['usr/lib/kitty/kittens/panel/main.py'])
kitty-git W: Referenced python module 'kitty.fast_data_types.set_options' is an uninstalled dependency (needed in files ['usr/lib/kitty/kittens/runner.py', 'usr/lib/kitty/kitty/fonts/render.py', 'usr/lib/kitty/kittens/tui/utils.py'])
kitty-git W: Referenced python module 'kitty.fast_data_types' is an uninstalled dependency (needed in files ['usr/lib/kitty/kitty/constants.py', 'usr/lib/kitty/kitty/options/types.py', 'usr/lib/kitty/kitty/options/utils.py', 'usr/lib/kitty/kitty/child.py'])
kitty-git W: Referenced python module 'kitty.typing_compat.Debug' is an uninstalled dependency (needed in files ['usr/lib/kitty/kittens/tui/handler.py'])
kitty-git W: Referenced python module 'kitty.options.utils.to_layout_names' is an uninstalled dependency (needed in files ['usr/lib/kitty/kitty/options/parse.py'])
kitty-git W: Referenced python module 'kitty.fonts.core_text.is_monospace' is an uninstalled dependency (needed in files ['usr/lib/kitty/kitty/fonts/common.py'])
kitty-git W: Referenced python module 'kitty.options.utils.window_border_width' is an uninstalled dependency (needed in files ['usr/lib/kitty/kitty/options/parse.py'])
kitty-git W: Referenced python module 'kitty.key_encoding.encode_key_event' is an uninstalled dependency (needed in files ['usr/lib/kitty/kittens/broadcast/main.py'])
kitty-git W: Referenced python module 'kitty.typing_compat.TermManagerType' is an uninstalled dependency (needed in files ['usr/lib/kitty/kittens/tui/handler.py'])
kitty-git W: Referenced python module 'kitty.typing_compat.CoreTextFont' is an uninstalled dependency (needed in files ['usr/lib/kitty/kitty/fonts/render.py', 'usr/lib/kitty/kitty/fonts/core_text.py', 'usr/lib/kitty/kitty/fonts/__init__.py'])
kitty-git W: Referenced python module 'kittens.tui.operations.as_type_stub' is an uninstalled dependency (needed in files ['usr/lib/kitty/kittens/tui/operations_stub.py'])
kitty-git W: Referenced python module 'kitty.config.prepare_config_file_for_editing' is an uninstalled dependency (needed in files ['usr/lib/kitty/kitty/utils.py'])
kitty-git W: Referenced python module 'kitty.guess_mime_type.text_mimes' is an uninstalled dependency (needed in files ['usr/lib/kitty/kittens/diff/main.py'])
kitty-git W: Referenced python module 'kitty.typing_compat.BossType' is an uninstalled dependency (needed in files ['usr/lib/kitty/kittens/ask/main.py', 'usr/lib/kitty/kittens/remote_file/main.py', 'usr/lib/kitty/kittens/runner.py', 'usr/lib/kitty/kittens/choose_files/main.py', 'usr/lib/kitty/kittens/hints/main.py', 'usr/lib/kitty/kittens/tui/handler.py', 'usr/lib/kitty/kittens/command_palette/main.py', 'usr/lib/kitty/kittens/unicode_input/main.py', 'usr/lib/kitty/kittens/panel/main.py'])
kitty-git W: Referenced python module 'kitty.rc.base.all_command_names' is an uninstalled dependency (needed in files ['usr/lib/kitty/kitty/cli_stub.py'])
kitty-git W: Referenced python module 'kitty.fonts.core_text.get_axis_values' is an uninstalled dependency (needed in files ['usr/lib/kitty/kitty/fonts/common.py'])
kitty-git W: Referenced python module 'kitty.options.utils.pointer_shape_names' is an uninstalled dependency (needed in files ['usr/lib/kitty/kitty/options/definition.py'])
kitty-git W: Referenced python module 'kitty.key_names.functional_key_name_aliases' is an uninstalled dependency (needed in files ['usr/lib/kitty/kitty/options/utils.py'])
kitty-git W: Referenced python module 'kitty.boss.Boss' is an uninstalled dependency (needed in files ['usr/lib/kitty/kitty/rc/base.py'])
kitty-git W: Referenced python module 'kitty.typing_compat.GRT_f' is an uninstalled dependency (needed in files ['usr/lib/kitty/kittens/tui/images.py'])
kitty-git W: Referenced python module 'kitty.typing_compat.KeyEventType' is an uninstalled dependency (needed in files ['usr/lib/kitty/kittens/broadcast/main.py', 'usr/lib/kitty/kittens/tui/loop.py', 'usr/lib/kitty/kittens/tui/handler.py'])
kitty-git W: Referenced python module 'kitty.conf.utils.CurrentlyParsing' is an uninstalled dependency (needed in files ['usr/lib/kitty/kitty/options/utils.py'])
kitty-git W: Referenced python module 'kitty.fast_data_types.safe_pipe' is an uninstalled dependency (needed in files ['usr/lib/kitty/kittens/tui/handler.py'])
kitty-git W: Referenced python module 'kitty.fast_data_types.GLFW_EDGE_LEFT' is an uninstalled dependency (needed in files ['usr/lib/kitty/kittens/panel/main.py'])
kitty-git W: Referenced python module 'kittens.transfer.utils.home_path' is an uninstalled dependency (needed in files ['usr/lib/kitty/kitty/file_transmission.py'])
kitty-git W: Referenced python module 'kitty.options.utils.clear_all_mouse_actions' is an uninstalled dependency (needed in files ['usr/lib/kitty/kitty/options/parse.py'])
kitty-git W: Referenced python module 'kitty.typing_compat.MouseEvent' is an uninstalled dependency (needed in files ['usr/lib/kitty/kittens/tui/handler.py'])
kitty-git W: Referenced python module 'kitty.fast_data_types.LEFT_EDGE' is an uninstalled dependency (needed in files ['usr/lib/kitty/kitty/layout/splits.py'])
kitty-git W: Referenced python module 'kitty.options.utils.titlebar_color' is an uninstalled dependency (needed in files ['usr/lib/kitty/kitty/options/parse.py'])
kitty-git W: Referenced python module 'kitty.fast_data_types.GLFW_EDGE_TOP' is an uninstalled dependency (needed in files ['usr/lib/kitty/kittens/panel/main.py'])
kitty-git W: Referenced python module 'kitty.fast_data_types.shm_open' is an uninstalled dependency (needed in files ['usr/lib/kitty/kitty/shm.py'])
kitty-git W: Referenced python module 'kitty.cli_stub.SetTabTitleRCOptions' is an uninstalled dependency (needed in files ['usr/lib/kitty/kitty/rc/set_tab_title.py'])
kitty-git W: Referenced python module 'kitty.fast_data_types.specialize_font_descriptor' is an uninstalled dependency (needed in files ['usr/lib/kitty/kitty/fonts/common.py'])
kitty-git W: Referenced python module 'kitty.fonts.VariableData' is an uninstalled dependency (needed in files ['usr/lib/kitty/kitty/fonts/common.py'])
kitty-git W: Referenced python module 'kitty.cli_stub.HintsCLIOptions' is an uninstalled dependency (needed in files ['usr/lib/kitty/kittens/hints/main.py'])
kitty-git W: Referenced python module 'kitty.conf.utils.OSNames' is an uninstalled dependency (needed in files ['usr/lib/kitty/kittens/query_terminal/main.py'])
kitty-git W: Referenced python module 'kitty.options.utils.scrollback_pager_history_size' is an uninstalled dependency (needed in files ['usr/lib/kitty/kitty/options/parse.py'])
kitty-git W: Referenced python module 'kitty.cli_stub.NewWindowRCOptions' is an uninstalled dependency (needed in files ['usr/lib/kitty/kitty/rc/new_window.py'])
kitty-git W: Referenced python module 'kittens.hints.main.OPTIONS' is an uninstalled dependency (needed in files ['usr/lib/kitty/kitty/cli_stub.py'])
kitty-git W: Referenced python module 'kittens.panel.main.incrementally_update_layer_shell_config' is an uninstalled dependency (needed in files ['usr/lib/kitty/kitty/rc/resize_os_window.py'])
kitty-git W: Referenced python module 'kitty.options.types.Options' is an uninstalled dependency (needed in files ['usr/lib/kitty/kitty/rc/set_spacing.py', 'usr/lib/kitty/kitty/fonts/render.py', 'usr/lib/kitty/kitty/terminfo.py', 'usr/lib/kitty/kitty/layout/base.py', 'usr/lib/kitty/kittens/tui/utils.py', 'usr/lib/kitty/kittens/query_terminal/main.py', 'usr/lib/kitty/kitty/fonts/common.py', 'usr/lib/kitty/kittens/choose_fonts/backend.py'])
kitty-git W: Referenced python module 'kitty.remote_control.parse_rc_args' is an uninstalled dependency (needed in files ['usr/lib/kitty/kitty/boss.py', 'usr/lib/kitty/kittens/resize_window/main.py'])
kitty-git W: Referenced python module 'kittens.ssh.utils.set_single_env_var_in_cmdline' is an uninstalled dependency (needed in files ['usr/lib/kitty/kitty/window.py'])
kitty-git W: Referenced python module 'kittens.command_palette.main.collect_keys_data' is an uninstalled dependency (needed in files ['usr/lib/kitty/kitty/boss.py'])
kitty-git W: Referenced python module 'kitty.fast_data_types.get_boss' is an uninstalled dependency (needed in files ['usr/lib/kitty/kittens/ssh/utils.py', 'usr/lib/kitty/kitty/file_transmission.py', 'usr/lib/kitty/kittens/command_palette/main.py', 'usr/lib/kitty/kittens/query_terminal/main.py', 'usr/lib/kitty/kitty/rc/send_text.py'])
kitty-git W: Referenced python module 'kitty.options.utils.window_size' is an uninstalled dependency (needed in files ['usr/lib/kitty/kitty/options/parse.py'])
kitty-git W: Referenced python module 'kitty.options.utils.pointer_shape_when_dragging' is an uninstalled dependency (needed in files ['usr/lib/kitty/kitty/options/parse.py'])
kitty-git W: Referenced python module 'kitty.types.Edges' is an uninstalled dependency (needed in files ['usr/lib/kitty/kitty/layout/splits.py', 'usr/lib/kitty/kitty/layout/base.py', 'usr/lib/kitty/kitty/layout/tall.py', 'usr/lib/kitty/kitty/layout/grid.py', 'usr/lib/kitty/kitty/layout/vertical.py'])
kitty-git W: Referenced python module 'kittens.remote_file.main.is_ssh_kitten_sentinel' is an uninstalled dependency (needed in files ['usr/lib/kitty/kitty/window.py'])
kitty-git W: Referenced python module 'kitty.fast_data_types.monotonic' is an uninstalled dependency (needed in files ['usr/lib/kitty/kittens/tui/handler.py', 'usr/lib/kitty/kitty/file_transmission.py', 'usr/lib/kitty/kittens/tui/spinners.py'])
kitty-git W: Referenced python module 'kitty.fast_data_types.SingleKey' is an uninstalled dependency (needed in files ['usr/lib/kitty/kitty/types.py', 'usr/lib/kitty/kitty/options/types.py', 'usr/lib/kitty/kitty/options/utils.py'])
kitty-git W: Referenced python module 'kittens.tui.images.GraphicsCommand' is an uninstalled dependency (needed in files ['usr/lib/kitty/kitty/fonts/render.py'])
kitty-git W: Referenced python module 'kitty.options.utils.optional_edge_width' is an uninstalled dependency (needed in files ['usr/lib/kitty/kitty/options/parse.py'])
kitty-git W: Referenced python module 'kitty.key_encoding.EventType' is an uninstalled dependency (needed in files ['usr/lib/kitty/kittens/resize_window/main.py', 'usr/lib/kitty/kittens/tui/line_edit.py'])
kitty-git W: Referenced python module 'kitty.options.utils.underline_exclusion' is an uninstalled dependency (needed in files ['usr/lib/kitty/kitty/options/parse.py'])
kitty-git W: Referenced python module 'kitty.typing_compat.ImageManagerType' is an uninstalled dependency (needed in files ['usr/lib/kitty/kittens/tui/handler.py', 'usr/lib/kitty/kittens/tui/loop.py'])
kitty-git W: Referenced python module 'kitty.types.WindowMapper' is an uninstalled dependency (needed in files ['usr/lib/kitty/kitty/layout/splits.py', 'usr/lib/kitty/kitty/layout/base.py', 'usr/lib/kitty/kitty/layout/tall.py', 'usr/lib/kitty/kitty/layout/grid.py', 'usr/lib/kitty/kitty/layout/vertical.py'])
kitty-git W: Referenced python module 'kittens.panel.main.layer_shell_config' is an uninstalled dependency (needed in files ['usr/lib/kitty/kitty/launch.py'])
kitty-git W: Referenced python module 'kittens.ssh.utils.get_ssh_data' is an uninstalled dependency (needed in files ['usr/lib/kitty/kitty/window.py'])
kitty-git W: Referenced python module 'kitty.utils.which' is an uninstalled dependency (needed in files ['usr/lib/kitty/kittens/tui/images.py'])
kitty-git W: Referenced python module 'kitty.constants.standard_icon_names' is an uninstalled dependency (needed in files ['usr/lib/kitty/kittens/notify/main.py'])
kitty-git W: Referenced python module 'kitty.cli_stub.ResizeOSWindowRCOptions' is an uninstalled dependency (needed in files ['usr/lib/kitty/kitty/rc/resize_os_window.py'])
kitty-git W: Referenced python module 'kitty.fast_data_types.Face' is an uninstalled dependency (needed in files ['usr/lib/kitty/kitty/fonts/render.py', 'usr/lib/kitty/kitty/fonts/fontconfig.py', 'usr/lib/kitty/kitty/fonts/common.py'])
kitty-git W: Referenced python module 'kitty.options.utils.tab_font_style' is an uninstalled dependency (needed in files ['usr/lib/kitty/kitty/options/parse.py'])
kitty-git W: Referenced python module 'kitty.constants.website_url' is an uninstalled dependency (needed in files ['usr/lib/kitty/kitty/options/definition.py', 'usr/lib/kitty/kitty/conf/types.py', 'usr/lib/kitty/kittens/hints/main.py'])
kitty-git W: Referenced python module 'kitty.utils.get_editor' is an uninstalled dependency (needed in files ['usr/lib/kitty/kittens/remote_file/main.py', 'usr/lib/kitty/kittens/hints/main.py'])
kitty-git W: Referenced python module 'kitty.fast_data_types.environ_of_process' is an uninstalled dependency (needed in files ['usr/lib/kitty/kitty/child.py'])
kitty-git W: Referenced python module 'kitty.types' is an uninstalled dependency (needed in files ['usr/lib/kitty/kitty/options/types.py'])
kitty-git W: Referenced python module 'kitty.fast_data_types.normal_tty' is an uninstalled dependency (needed in files ['usr/lib/kitty/kittens/tui/loop.py'])
kitty-git W: Referenced python module 'kitty.fast_data_types.SHM_NAME_MAX' is an uninstalled dependency (needed in files ['usr/lib/kitty/kitty/shm.py'])
kitty-git W: Referenced python module 'kitty.key_encoding.SHIFT' is an uninstalled dependency (needed in files ['usr/lib/kitty/kittens/tui/loop.py'])
kitty-git W: Referenced python module 'kitty.conf.utils.KeyAction' is an uninstalled dependency (needed in files ['usr/lib/kitty/kitty/options/utils.py'])
kitty-git W: Referenced python module 'kitty.options.utils.config_or_absolute_path' is an uninstalled dependency (needed in files ['usr/lib/kitty/kitty/options/parse.py'])
kitty-git W: Referenced python module 'kitty.fast_data_types.cocoa_set_notification_activated_callback' is an uninstalled dependency (needed in files ['usr/lib/kitty/kitty/main.py'])
kitty-git W: Referenced python module 'kittens.panel.main.actual_main' is an uninstalled dependency (needed in files ['usr/lib/kitty/kittens/panel/main.py'])
kitty-git W: Referenced python module 'kittens.tui.loop.debug' is an uninstalled dependency (needed in files ['usr/lib/kitty/kittens/runner.py'])
kitty-git W: Referenced python module 'kitty.key_names.character_key_name_aliases' is an uninstalled dependency (needed in files ['usr/lib/kitty/kitty/options/utils.py'])
kitty-git W: Referenced python module 'kitty.key_encoding.parse_shortcut' is an uninstalled dependency (needed in files ['usr/lib/kitty/kittens/tui/handler.py'])
kitty-git W: Referenced python module 'kitty.rgb.color_as_int' is an uninstalled dependency (needed in files ['usr/lib/kitty/kitty/options/utils.py'])
kitty-git W: Referenced python module 'kitty.options.utils.parse_send_text_bytes' is an uninstalled dependency (needed in files ['usr/lib/kitty/kitty/rc/send_text.py'])
kitty-git W: Referenced python module 'kitty.fonts.DescriptorVar' is an uninstalled dependency (needed in files ['usr/lib/kitty/kitty/fonts/common.py'])
kitty-git W: Referenced python module 'kitty.cli_stub.LaunchRCOptions' is an uninstalled dependency (needed in files ['usr/lib/kitty/kitty/rc/launch.py'])
kitty-git W: Referenced python module 'kitty.fast_data_types.base64_encode' is an uninstalled dependency (needed in files ['usr/lib/kitty/kitty/file_transmission.py'])
kitty-git W: Referenced python module 'kitty.options.utils.narrow_symbols' is an uninstalled dependency (needed in files ['usr/lib/kitty/kitty/options/parse.py'])
kitty-git W: Referenced python module 'kitty.fonts.common.get_variable_data_for_descriptor' is an uninstalled dependency (needed in files ['usr/lib/kitty/kittens/choose_fonts/backend.py'])
kitty-git W: Referenced python module 'kittens.tui.handler.OpenUrlHandler' is an uninstalled dependency (needed in files ['usr/lib/kitty/kitty/window.py'])
kitty-git W: Referenced python module 'kitty.utils.resolve_custom_file' is an uninstalled dependency (needed in files ['usr/lib/kitty/kittens/hints/main.py'])
kitty-git W: Referenced python module 'kitty.rgb.color_as_sharp' is an uninstalled dependency (needed in files ['usr/lib/kitty/kittens/tui/operations.py', 'usr/lib/kitty/kitty/rc/get_colors.py'])
kitty-git W: Referenced python module 'kitty.utils.ScreenSize' is an uninstalled dependency (needed in files ['usr/lib/kitty/kittens/resize_window/main.py', 'usr/lib/kitty/kittens/tui/images.py', 'usr/lib/kitty/kittens/tui/loop.py', 'usr/lib/kitty/kittens/tui/path_completer.py'])
kitty-git W: Referenced python module 'kitty.cli_stub.GotoLayoutRCOptions' is an uninstalled dependency (needed in files ['usr/lib/kitty/kitty/rc/goto_layout.py'])
kitty-git W: Referenced python module 'kitty.fast_data_types.current_fonts' is an uninstalled dependency (needed in files ['usr/lib/kitty/kitty/fonts/render.py', 'usr/lib/kitty/kittens/query_terminal/main.py'])
kitty-git W: Referenced python module 'kitty.fast_data_types.toggle_os_window_visibility' is an uninstalled dependency (needed in files ['usr/lib/kitty/kittens/panel/main.py', 'usr/lib/kitty/kitty/rc/resize_os_window.py'])
kitty-git W: Referenced python module 'kitty.fast_data_types.fc_match' is an uninstalled dependency (needed in files ['usr/lib/kitty/kitty/fonts/fontconfig.py'])
kitty-git W: Referenced python module 'kittens.ssh.utils.set_cwd_in_cmdline' is an uninstalled dependency (needed in files ['usr/lib/kitty/kitty/launch.py', 'usr/lib/kitty/kitty/window.py'])
kitty-git W: Referenced python module 'kitty.fonts.core_text.find_best_match' is an uninstalled dependency (needed in files ['usr/lib/kitty/kitty/fonts/common.py'])
kitty-git W: Referenced python module 'kittens.ssh.utils.remove_env_var_from_cmdline' is an uninstalled dependency (needed in files ['usr/lib/kitty/kitty/window.py'])
kitty-git W: Referenced python module 'kitty.options.utils.KeyDefinition' is an uninstalled dependency (needed in files ['usr/lib/kitty/kittens/command_palette/main.py', 'usr/lib/kitty/kitty/options/types.py'])
kitty-git W: Referenced python module 'kitty.main.run_app' is an uninstalled dependency (needed in files ['usr/lib/kitty/kittens/panel/main.py'])
kitty-git W: Referenced python module 'kitty.options.utils.scrollback_lines' is an uninstalled dependency (needed in files ['usr/lib/kitty/kitty/options/parse.py'])
kitty-git W: Referenced python module 'kitty.fonts.render.display_bitmap' is an uninstalled dependency (needed in files ['usr/lib/kitty/kittens/choose_fonts/backend.py'])
kitty-git W: Referenced python module 'kitty.fast_data_types.GLFW_EDGE_RIGHT' is an uninstalled dependency (needed in files ['usr/lib/kitty/kittens/panel/main.py'])
kitty-git W: Referenced python module 'kitty.cli.get_defaults_from_seq' is an uninstalled dependency (needed in files ['usr/lib/kitty/kitty/rc/base.py'])
kitty-git W: Referenced python module 'kitty.fast_data_types.coretext_all_fonts' is an uninstalled dependency (needed in files ['usr/lib/kitty/kitty/fonts/core_text.py'])
kitty-git W: Referenced python module 'kitty.cli_stub.PanelCLIOptions' is an uninstalled dependency (needed in files ['usr/lib/kitty/kittens/panel/main.py'])
kitty-git W: Referenced python module 'kitty.cli_stub.RemoteFileCLIOptions' is an uninstalled dependency (needed in files ['usr/lib/kitty/kittens/remote_file/main.py'])
kitty-git W: Referenced python module 'kittens.tui.operations.styled' is an uninstalled dependency (needed in files ['usr/lib/kitty/kitty/boss.py', 'usr/lib/kitty/kitty/debug_config.py', 'usr/lib/kitty/kitty/clipboard.py', 'usr/lib/kitty/kitty/window.py'])
kitty-git W: Referenced python module 'kitty.shm.SharedMemory' is an uninstalled dependency (needed in files ['usr/lib/kitty/kittens/ssh/utils.py'])
kitty-git W: Referenced python module 'kitty.key_encoding.backspace_key' is an uninstalled dependency (needed in files ['usr/lib/kitty/kittens/tui/loop.py'])
kitty-git W: Referenced python module 'kitty.cli_stub.SetWindowTitleRCOptions' is an uninstalled dependency (needed in files ['usr/lib/kitty/kitty/rc/set_window_title.py'])
kitty-git W: Referenced python module 'kitty.conf.utils.currently_parsing' is an uninstalled dependency (needed in files ['usr/lib/kitty/kitty/options/utils.py'])
kitty-git W: Referenced python module 'kitty.window.Window' is an uninstalled dependency (needed in files ['usr/lib/kitty/kitty/rc/base.py'])
kitty-git W: Referenced python module 'kitty.conf.utils' is an uninstalled dependency (needed in files ['usr/lib/kitty/kitty/conf/types.py'])
kitty-git W: Referenced python module 'kitty.fonts.fontconfig.find_best_match' is an uninstalled dependency (needed in files ['usr/lib/kitty/kitty/fonts/common.py'])
kitty-git W: Referenced python module 'kitty.constants.version' is an uninstalled dependency (needed in files ['usr/lib/kitty/kittens/resize_window/main.py'])
kitty-git W: Referenced python module 'kitty.fast_data_types.RIGHT_EDGE' is an uninstalled dependency (needed in files ['usr/lib/kitty/kitty/layout/base.py', 'usr/lib/kitty/kitty/layout/splits.py', 'usr/lib/kitty/kitty/layout/tall.py'])
kitty-git W: Referenced python module 'kitty.options.utils.to_cursor_unfocused_shape' is an uninstalled dependency (needed in files ['usr/lib/kitty/kitty/options/parse.py'])
kitty-git W: Referenced python module 'kitty.options.utils.notify_on_cmd_finish' is an uninstalled dependency (needed in files ['usr/lib/kitty/kitty/options/parse.py'])
kitty-git W: Referenced python module 'kitty.utils.sanitize_for_bracketed_paste' is an uninstalled dependency (needed in files ['usr/lib/kitty/kitty/rc/send_text.py'])
kitty-git W: Referenced python module 'kitty.colors.patch_colors' is an uninstalled dependency (needed in files ['usr/lib/kitty/kitty/rc/set_colors.py'])
kitty-git W: Referenced python module 'kitty.typing_compat.TypedDict' is an uninstalled dependency (needed in files ['usr/lib/kitty/kittens/ask/main.py', 'usr/lib/kitty/kittens/tui/spinners.py'])
kitty-git W: Referenced python module 'kitty.options.utils.visual_window_select_characters' is an uninstalled dependency (needed in files ['usr/lib/kitty/kitty/options/parse.py'])
kitty-git W: Referenced python module 'kitty.constants.config_dir' is an uninstalled dependency (needed in files ['usr/lib/kitty/kittens/runner.py', 'usr/lib/kitty/kitty/conf/generate.py', 'usr/lib/kitty/kitty/guess_mime_type.py'])
kitty-git W: Referenced python module 'kittens.clipboard.main.OPTIONS' is an uninstalled dependency (needed in files ['usr/lib/kitty/kitty/cli_stub.py'])
kitty-git W: Referenced python module 'kitty.fonts.common.face_from_descriptor' is an uninstalled dependency (needed in files ['usr/lib/kitty/kittens/choose_fonts/backend.py'])
kitty-git W: Referenced python module 'kitty.fast_data_types.ParsedFontFeature' is an uninstalled dependency (needed in files ['usr/lib/kitty/kitty/fonts/__init__.py', 'usr/lib/kitty/kitty/fonts/common.py'])
kitty-git W: Referenced python module 'kittens.runner.path_to_custom_kitten' is an uninstalled dependency (needed in files ['usr/lib/kitty/kitty/conf/generate.py'])
kitty-git W: Referenced python module 'kitty.fast_data_types.GLFW_EDGE_NONE' is an uninstalled dependency (needed in files ['usr/lib/kitty/kittens/panel/main.py'])
kitty-git W: Referenced python module 'kitty.options.utils.deprecated_scrollback_indicator_opacity' is an uninstalled dependency (needed in files ['usr/lib/kitty/kitty/options/parse.py'])
kitty-git W: Referenced python module 'kitty.options.utils.visual_bell_duration' is an uninstalled dependency (needed in files ['usr/lib/kitty/kitty/options/parse.py'])
kitty-git W: Referenced python module 'kitty.fonts' is an uninstalled dependency (needed in files ['usr/lib/kitty/kitty/options/types.py'])
kitty-git W: Referenced python module 'kitty.conf.utils.to_cmdline' is an uninstalled dependency (needed in files ['usr/lib/kitty/kitty/options/parse.py', 'usr/lib/kitty/kitty/options/utils.py', 'usr/lib/kitty/kittens/hints/main.py'])
kitty-git W: Referenced python module 'kitty.options.types.option_names' is an uninstalled dependency (needed in files ['usr/lib/kitty/kitty/colors.py'])
kitty-git W: Referenced python module 'kitty.cli_stub.CreateMarkerRCOptions' is an uninstalled dependency (needed in files ['usr/lib/kitty/kitty/rc/create_marker.py'])
kitty-git W: Referenced python module 'kittens.remote_file.main.option_text' is an uninstalled dependency (needed in files ['usr/lib/kitty/kitty/cli_stub.py'])
kitty-git W: Referenced python module 'kitty.options.types.defaults' is an uninstalled dependency (needed in files ['usr/lib/kitty/kitty/colors.py', 'usr/lib/kitty/kitty/fonts/render.py'])
kitty-git W: Referenced python module 'kitty.options.utils.clone_source_strategies' is an uninstalled dependency (needed in files ['usr/lib/kitty/kitty/options/parse.py'])
kitty-git W: Referenced python module 'kitty.conf.types.Action' is an uninstalled dependency (needed in files ['usr/lib/kitty/kitty/options/definition.py'])
kitty-git W: Referenced python module 'kitty.options.utils.env' is an uninstalled dependency (needed in files ['usr/lib/kitty/kitty/options/parse.py', 'usr/lib/kitty/kitty/rc/run.py'])
kitty-git W: Referenced python module 'kitty.types.WindowGeometry' is an uninstalled dependency (needed in files ['usr/lib/kitty/kitty/layout/base.py', 'usr/lib/kitty/kitty/layout/splits.py'])
kitty-git W: Referenced python module 'kitty.fonts.VariableAxis' is an uninstalled dependency (needed in files ['usr/lib/kitty/kitty/fonts/common.py'])
kitty-git W: Referenced python module 'kitty.cli_stub.ActionRCOptions' is an uninstalled dependency (needed in files ['usr/lib/kitty/kitty/rc/action.py'])
kitty-git W: Referenced python module 'kitty.options.utils.paste_actions' is an uninstalled dependency (needed in files ['usr/lib/kitty/kitty/options/parse.py'])
kitty-git W: Referenced python module 'kitty.typing_compat.HandlerType' is an uninstalled dependency (needed in files ['usr/lib/kitty/kittens/tui/operations.py', 'usr/lib/kitty/kittens/tui/images.py'])
kitty-git W: Referenced python module 'kitty.fast_data_types.TOP_EDGE' is an uninstalled dependency (needed in files ['usr/lib/kitty/kitty/layout/splits.py'])
kitty-git W: Referenced python module 'kitty.fast_data_types.KeyEvent' is an uninstalled dependency (needed in files ['usr/lib/kitty/kitty/rc/send_text.py'])
kitty-git W: Referenced python module 'kitty.options.utils.MouseMap' is an uninstalled dependency (needed in files ['usr/lib/kitty/kitty/options/types.py'])
kitty-git W: Referenced python module 'kitty.typing_compat.WriteableBuffer' is an uninstalled dependency (needed in files ['usr/lib/kitty/kitty/file_transmission.py'])
kitty-git W: Referenced python module 'kitty.fast_data_types.FC_WEIGHT_SEMIBOLD' is an uninstalled dependency (needed in files ['usr/lib/kitty/kitty/fonts/fontconfig.py'])
kitty-git W: Referenced python module 'kitty.simple_cli_definitions.parse_option_spec' is an uninstalled dependency (needed in files ['usr/lib/kitty/kitty/rc/base.py', 'usr/lib/kitty/kittens/quick_access_terminal/main.py'])
kitty-git W: Referenced python module 'kitty.constants.cache_dir' is an uninstalled dependency (needed in files ['usr/lib/kitty/kittens/remote_file/main.py'])
kitty-git W: Referenced python module 'kitty.constants.kitty_exe' is an uninstalled dependency (needed in files ['usr/lib/kitty/kitty/fonts/list.py'])
kitty-git W: Referenced python module 'kitty.options.utils.to_font_size' is an uninstalled dependency (needed in files ['usr/lib/kitty/kitty/options/parse.py'])
kitty-git W: Referenced python module 'kitty.options.utils.macos_titlebar_color' is an uninstalled dependency (needed in files ['usr/lib/kitty/kitty/options/parse.py'])
kitty-git W: Referenced python module 'kitty.fast_data_types.FC_SLANT_ITALIC' is an uninstalled dependency (needed in files ['usr/lib/kitty/kitty/fonts/fontconfig.py'])
kitty-git W: Referenced python module 'kitty.options.utils.clear_all_shortcuts' is an uninstalled dependency (needed in files ['usr/lib/kitty/kitty/options/parse.py'])
kitty-git W: Referenced python module 'kitty.constants.kitten_exe' is an uninstalled dependency (needed in files ['usr/lib/kitty/kittens/choose_fonts/main.py', 'usr/lib/kitty/kittens/tui/handler.py', 'usr/lib/kitty/kitty/fonts/list.py', 'usr/lib/kitty/kittens/panel/main.py', 'usr/lib/kitty/kittens/choose_fonts/backend.py', 'usr/lib/kitty/kitty/entry_points.py'])
kitty-git W: Referenced python module 'kitty.options.utils.tab_fade' is an uninstalled dependency (needed in files ['usr/lib/kitty/kitty/options/parse.py'])
kitty-git W: Referenced python module 'kitty.fonts.DesignAxis' is an uninstalled dependency (needed in files ['usr/lib/kitty/kitty/fonts/common.py'])
kitty-git W: Referenced python module 'kitty.options.utils.edge_width' is an uninstalled dependency (needed in files ['usr/lib/kitty/kitty/options/parse.py'])
kitty-git W: Referenced python module 'kitty.conf.utils.to_bool' is an uninstalled dependency (needed in files ['usr/lib/kitty/kitty/options/parse.py', 'usr/lib/kitty/kitty/layout/tall.py', 'usr/lib/kitty/kitty/options/utils.py'])
kitty-git W: Referenced python module 'kitty.options.utils.font_features' is an uninstalled dependency (needed in files ['usr/lib/kitty/kitty/options/parse.py'])
kitty-git W: Referenced python module 'kitty.actions.get_all_actions' is an uninstalled dependency (needed in files ['usr/lib/kitty/kittens/command_palette/main.py'])
kitty-git W: Referenced python module 'kitty.fast_data_types.create_canvas' is an uninstalled dependency (needed in files ['usr/lib/kitty/kittens/tui/images.py'])
kitty-git W: Referenced python module 'kitty.typing_compat.GRT_o' is an uninstalled dependency (needed in files ['usr/lib/kitty/kittens/tui/images.py'])
kitty-git W: Referenced python module 'kitty.cli_stub.RCOptions' is an uninstalled dependency (needed in files ['usr/lib/kitty/kitty/rc/base.py', 'usr/lib/kitty/kittens/resize_window/main.py'])
kitty-git W: Referenced python module 'kitty.options.utils.tab_title_template' is an uninstalled dependency (needed in files ['usr/lib/kitty/kitty/options/parse.py'])
kitty-git W: Referenced python module 'kitty.fonts.fontconfig.set_named_style' is an uninstalled dependency (needed in files ['usr/lib/kitty/kitty/fonts/common.py'])
kitty-git W: Referenced python module '_typeshed.SupportsTrunc' is an uninstalled dependency (needed in files ['usr/lib/kitty/kitty/multiprocessing.py'])
kitty-git W: Referenced python module 'kitty.fast_data_types.sprite_map_set_limits' is an uninstalled dependency (needed in files ['usr/lib/kitty/kitty/fonts/render.py'])
kitty-git W: Referenced python module 'kitty.conf.utils.uniq' is an uninstalled dependency (needed in files ['usr/lib/kitty/kitty/options/utils.py'])
kitty-git W: Referenced python module 'kitty.cli_stub.LSRCOptions' is an uninstalled dependency (needed in files ['usr/lib/kitty/kitty/rc/ls.py'])
kitty-git W: Referenced python module 'kitty.fast_data_types.GLFW_EDGE_BOTTOM' is an uninstalled dependency (needed in files ['usr/lib/kitty/kittens/panel/main.py'])
kitty-git W: Referenced python module 'kittens.runner.KittenMetadata' is an uninstalled dependency (needed in files ['usr/lib/kitty/kitty/boss.py'])
kitty-git W: Referenced python module 'kitty.cli_stub.SetWindowLogoRCOptions' is an uninstalled dependency (needed in files ['usr/lib/kitty/kitty/rc/set_window_logo.py'])
kitty-git W: Referenced python module 'kitty.utils.fit_image' is an uninstalled dependency (needed in files ['usr/lib/kitty/kittens/tui/images.py'])
kitty-git W: Referenced python module 'kitty.launch.env_docs' is an uninstalled dependency (needed in files ['usr/lib/kitty/kitty/rc/run.py'])
kitty-git W: Referenced python module 'kitty.options.utils.DELETE_ENV_VAR' is an uninstalled dependency (needed in files ['usr/lib/kitty/kittens/ssh/utils.py', 'usr/lib/kitty/kitty/child.py'])
kitty-git W: Referenced python module 'kitty.fast_data_types.set_layer_shell_config' is an uninstalled dependency (needed in files ['usr/lib/kitty/kittens/panel/main.py', 'usr/lib/kitty/kitty/rc/resize_os_window.py'])
kitty-git W: Referenced python module 'kitty.types.NeighborsMap' is an uninstalled dependency (needed in files ['usr/lib/kitty/kitty/layout/splits.py', 'usr/lib/kitty/kitty/layout/stack.py', 'usr/lib/kitty/kitty/layout/base.py', 'usr/lib/kitty/kitty/layout/tall.py', 'usr/lib/kitty/kitty/layout/grid.py', 'usr/lib/kitty/kitty/layout/vertical.py'])
kitty-git W: Referenced python module 'kitty.options.utils.scrollbar_color' is an uninstalled dependency (needed in files ['usr/lib/kitty/kitty/options/parse.py'])
kitty-git W: Referenced python module 'kitty.config.load_config' is an uninstalled dependency (needed in files ['usr/lib/kitty/kittens/tui/utils.py'])
kitty-git W: Referenced python module 'kittens.transfer.utils.IdentityCompressor' is an uninstalled dependency (needed in files ['usr/lib/kitty/kitty/file_transmission.py'])
kitty-git W: Referenced python module 'kitty.constants.fonts_dir' is an uninstalled dependency (needed in files ['usr/lib/kitty/kitty/fonts/render.py'])
kitty-git W: Referenced python module 'kitty.fonts.common.get_font_files' is an uninstalled dependency (needed in files ['usr/lib/kitty/kittens/choose_fonts/backend.py'])
kitty-git W: Referenced python module 'kitty.types.run_once' is an uninstalled dependency (needed in files ['usr/lib/kitty/kitty/conf/types.py', 'usr/lib/kitty/kittens/runner.py', 'usr/lib/kitty/kittens/ssh/utils.py', 'usr/lib/kitty/kittens/ssh/main.py', 'usr/lib/kitty/kitty/file_transmission.py', 'usr/lib/kitty/kittens/tui/utils.py', 'usr/lib/kitty/kitty/fonts/__init__.py', 'usr/lib/kitty/kitty/xdg.py', 'usr/lib/kitty/kittens/panel/main.py'])
kitty-git W: Referenced python module 'kitty.entry_points.main' is an uninstalled dependency (needed in files ['usr/lib/kitty/__main__.py'])
kitty-git W: Referenced python module 'kitty.conf.utils.positive_float' is an uninstalled dependency (needed in files ['usr/lib/kitty/kitty/options/parse.py', 'usr/lib/kitty/kittens/tui/images.py', 'usr/lib/kitty/kitty/options/utils.py'])
kitty-git W: Referenced python module 'kitty.options.utils.to_modifiers' is an uninstalled dependency (needed in files ['usr/lib/kitty/kitty/options/parse.py'])
kitty-git W: Referenced python module 'kitty.options.utils.remote_control_password' is an uninstalled dependency (needed in files ['usr/lib/kitty/kitty/launch.py', 'usr/lib/kitty/kitty/options/parse.py'])
kitty-git W: Referenced python module 'kitty.options.utils.text_fg_override_threshold' is an uninstalled dependency (needed in files ['usr/lib/kitty/kitty/options/parse.py'])
kitty-git W: Referenced python module 'kitty.cli_stub.CloseTabRCOptions' is an uninstalled dependency (needed in files ['usr/lib/kitty/kitty/rc/close_tab.py'])
kitty-git W: Referenced python module 'kitty.cli_stub.ResizeWindowRCOptions' is an uninstalled dependency (needed in files ['usr/lib/kitty/kitty/rc/resize_window.py'])
kitty-git W: Referenced python module 'kitty.fast_data_types.set_send_sprite_to_gpu' is an uninstalled dependency (needed in files ['usr/lib/kitty/kitty/fonts/render.py'])
kitty-git W: Referenced python module 'kittens.runner.run_kitten' is an uninstalled dependency (needed in files ['usr/lib/kitty/kitty/entry_points.py'])
kitty-git W: Referenced python module 'kitty.cli_stub.GetTextRCOptions' is an uninstalled dependency (needed in files ['usr/lib/kitty/kitty/rc/get_text.py'])
kitty-git W: Referenced python module 'kitty.typing_compat.NotRequired' is an uninstalled dependency (needed in files ['usr/lib/kitty/kittens/choose_fonts/backend.py'])
kitty-git W: Referenced python module 'kitty.fast_data_types.create_test_font_group' is an uninstalled dependency (needed in files ['usr/lib/kitty/kitty/fonts/render.py'])
kitty-git W: Referenced python module 'kitty.fast_data_types.set_builtin_nerd_font' is an uninstalled dependency (needed in files ['usr/lib/kitty/kitty/fonts/render.py'])
kitty-git W: Referenced python module 'kitty.utils.is_png' is an uninstalled dependency (needed in files ['usr/lib/kitty/kitty/rc/set_background_image.py', 'usr/lib/kitty/kitty/rc/set_window_logo.py'])
kitty-git W: Referenced python module 'kitty.fast_data_types.GLFW_FOCUS_EXCLUSIVE' is an uninstalled dependency (needed in files ['usr/lib/kitty/kittens/panel/main.py'])
kitty-git W: Referenced python module 'kitty.utils.write_all' is an uninstalled dependency (needed in files ['usr/lib/kitty/kittens/tui/loop.py'])
kitty-git W: Referenced python module 'kitty.key_names.get_key_name_lookup' is an uninstalled dependency (needed in files ['usr/lib/kitty/kitty/options/utils.py'])
kitty-git W: Referenced python module 'kitty.types.Shortcut' is an uninstalled dependency (needed in files ['usr/lib/kitty/kittens/command_palette/main.py'])
kitty-git W: Referenced python module 'kitty.conf.utils.python_string' is an uninstalled dependency (needed in files ['usr/lib/kitty/kitty/options/parse.py', 'usr/lib/kitty/kitty/options/utils.py'])
kitty-git W: Referenced python module 'kitty.fonts.fontconfig.create_scorer' is an uninstalled dependency (needed in files ['usr/lib/kitty/kitty/fonts/common.py'])
kitty-git W: Referenced python module 'kitty.client.main' is an uninstalled dependency (needed in files ['usr/lib/kitty/kitty/main.py'])
kitty-git W: Referenced python module 'kitty.fast_data_types.GLFW_FOCUS_NOT_ALLOWED' is an uninstalled dependency (needed in files ['usr/lib/kitty/kittens/panel/main.py'])
kitty-git W: Referenced python module 'kitty.typing_compat.Protocol' is an uninstalled dependency (needed in files ['usr/lib/kitty/kittens/tui/loop.py'])
kitty-git W: Referenced python module 'kitty.fast_data_types.process_group_map' is an uninstalled dependency (needed in files ['usr/lib/kitty/kitty/child.py'])
kitty-git W: Referenced python module 'kitty.utils.shlex_split' is an uninstalled dependency (needed in files ['usr/lib/kitty/kitty/options/utils.py', 'usr/lib/kitty/kittens/choose_files/main.py', 'usr/lib/kitty/kitty/simple_cli_definitions.py', 'usr/lib/kitty/kitty/fonts/__init__.py'])
kitty-git W: Referenced python module 'kitty.fast_data_types.cwd_of_process' is an uninstalled dependency (needed in files ['usr/lib/kitty/kitty/child.py'])
kitty-git W: Referenced python module 'kitty.fast_data_types.add_timer' is an uninstalled dependency (needed in files ['usr/lib/kitty/kitty/file_transmission.py', 'usr/lib/kitty/kittens/command_palette/main.py'])
kitty-git W: Referenced python module 'kitty.options.utils.transparent_background_colors' is an uninstalled dependency (needed in files ['usr/lib/kitty/kitty/options/parse.py', 'usr/lib/kitty/kitty/rc/set_colors.py'])
kitty-git W: Referenced python module 'kitty.conf.utils.merge_dicts' is an uninstalled dependency (needed in files ['usr/lib/kitty/kitty/options/parse.py'])
kitty-git W: Referenced python module 'kittens.ssh.utils.set_env_in_cmdline' is an uninstalled dependency (needed in files ['usr/lib/kitty/kitty/launch.py', 'usr/lib/kitty/kitty/window.py'])
kitty-git W: Referenced python module 'kitty.conf.utils.number_with_unit' is an uninstalled dependency (needed in files ['usr/lib/kitty/kitty/options/utils.py'])
kitty-git W: Referenced python module 'kitty.window.CommandOutput' is an uninstalled dependency (needed in files ['usr/lib/kitty/kitty/rc/get_text.py'])
kitty-git W: Referenced python module 'kittens.tui.operations.colored' is an uninstalled dependency (needed in files ['usr/lib/kitty/kitty/debug_config.py'])
kitty-git W: Referenced python module 'kitty.fonts.core_text.is_variable' is an uninstalled dependency (needed in files ['usr/lib/kitty/kitty/fonts/common.py'])
kitty-git W: Referenced python module 'kitty.options.utils.modify_font' is an uninstalled dependency (needed in files ['usr/lib/kitty/kitty/options/parse.py'])
kitty-git W: Referenced python module 'kitty.conf.utils.unit_float' is an uninstalled dependency (needed in files ['usr/lib/kitty/kitty/options/parse.py', 'usr/lib/kitty/kitty/options/utils.py'])
kitty-git W: Referenced python module 'kitty.fast_data_types.Region' is an uninstalled dependency (needed in files ['usr/lib/kitty/kitty/layout/base.py'])
kitty-git W: Referenced python module 'kitty.cli.parse_override' is an uninstalled dependency (needed in files ['usr/lib/kitty/kittens/panel/main.py', 'usr/lib/kitty/kitty/rc/load_config.py'])
kitty-git W: Referenced python module 'kitty.typing_compat.ReadableBuffer' is an uninstalled dependency (needed in files ['usr/lib/kitty/kitty/file_transmission.py'])
kitty-git W: Referenced python module 'kitty.simple_cli_definitions.serialize_as_go_string' is an uninstalled dependency (needed in files ['usr/lib/kitty/kitty/conf/generate.py'])
kitty-git W: Referenced python module 'kitty.short_uuid.uuid4' is an uninstalled dependency (needed in files ['usr/lib/kitty/kittens/broadcast/main.py', 'usr/lib/kitty/kitty/clipboard.py', 'usr/lib/kitty/kitty/remote_control.py'])
kitty-git W: Referenced python module 'kitty.tabs.Tab' is an uninstalled dependency (needed in files ['usr/lib/kitty/kitty/rc/base.py', 'usr/lib/kitty/kitty/rc/select_window.py'])
kitty-git W: Referenced python module 'kitty.fonts.fontconfig.all_fonts_map' is an uninstalled dependency (needed in files ['usr/lib/kitty/kitty/fonts/common.py'])
kitty-git W: Referenced python module 'kitty.fast_data_types.GLFW_LAYER_SHELL_TOP' is an uninstalled dependency (needed in files ['usr/lib/kitty/kittens/panel/main.py'])
kitty-git W: Referenced python module 'kitty.fast_data_types.CURSOR_UNDERLINE' is an uninstalled dependency (needed in files ['usr/lib/kitty/kitty/options/utils.py'])
kitty-git W: Referenced python module 'kitty.conf.types.MultiOption' is an uninstalled dependency (needed in files ['usr/lib/kitty/kitty/conf/generate.py'])
kitty-git W: Referenced python module 'kitty.fonts.fontconfig.is_monospace' is an uninstalled dependency (needed in files ['usr/lib/kitty/kitty/fonts/common.py'])
kitty-git W: Referenced python module 'kitty.fast_data_types.CURSOR_BLOCK' is an uninstalled dependency (needed in files ['usr/lib/kitty/kitty/options/utils.py'])
kitty-git W: Referenced python module 'kitty.options.utils.cursor_blink_interval' is an uninstalled dependency (needed in files ['usr/lib/kitty/kitty/options/parse.py'])
kitty-git W: Referenced python module 'kitty.window_list.WindowList' is an uninstalled dependency (needed in files ['usr/lib/kitty/kitty/layout/splits.py', 'usr/lib/kitty/kitty/layout/stack.py', 'usr/lib/kitty/kitty/layout/base.py', 'usr/lib/kitty/kitty/layout/tall.py', 'usr/lib/kitty/kitty/layout/grid.py', 'usr/lib/kitty/kitty/layout/vertical.py'])
kitty-git W: Referenced python module 'kitty.types.WindowResizeDrag' is an uninstalled dependency (needed in files ['usr/lib/kitty/kitty/boss.py'])
kitty-git W: Referenced python module 'kitty.fonts.ModificationValue' is an uninstalled dependency (needed in files ['usr/lib/kitty/kitty/options/utils.py'])
kitty-git W: Referenced python module 'kitty.conf.types.Definition' is an uninstalled dependency (needed in files ['usr/lib/kitty/kitty/conf/generate.py', 'usr/lib/kitty/kittens/runner.py', 'usr/lib/kitty/kittens/choose_files/main.py', 'usr/lib/kitty/kittens/ssh/main.py', 'usr/lib/kitty/kittens/desktop_ui/main.py', 'usr/lib/kitty/kitty/options/definition.py', 'usr/lib/kitty/kittens/quick_access_terminal/main.py', 'usr/lib/kitty/kittens/diff/main.py'])
kitty-git W: Referenced python module 'kitty.fonts.common.get_variable_data_for_face' is an uninstalled dependency (needed in files ['usr/lib/kitty/kittens/choose_fonts/backend.py'])
kitty-git W: Referenced python module 'kitty.fast_data_types.GLFW_FOCUS_ON_DEMAND' is an uninstalled dependency (needed in files ['usr/lib/kitty/kittens/panel/main.py'])
kitty-git W: Referenced python module 'kitty.fast_data_types.FeatureData' is an uninstalled dependency (needed in files ['usr/lib/kitty/kittens/choose_fonts/backend.py'])
kitty-git W: Referenced python module 'kitty.options.utils.AliasMap' is an uninstalled dependency (needed in files ['usr/lib/kitty/kitty/options/types.py'])
kitty-git W: Referenced python module 'kitty.fonts.Scorer' is an uninstalled dependency (needed in files ['usr/lib/kitty/kitty/fonts/common.py'])
kitty-git W: Referenced python module 'kitty.fast_data_types.test_render_line' is an uninstalled dependency (needed in files ['usr/lib/kitty/kitty/fonts/render.py'])
kitty-git W: Referenced python module 'kitty.cli_stub.SignalChildRCOptions' is an uninstalled dependency (needed in files ['usr/lib/kitty/kitty/rc/signal_child.py'])
kitty-git W: Referenced python module 'kitty.options.utils.tab_bar_edge' is an uninstalled dependency (needed in files ['usr/lib/kitty/kitty/options/parse.py'])
kitty-git W: Referenced python module 'kitty.rc.base.MATCH_TAB_OPTION' is an uninstalled dependency (needed in files ['usr/lib/kitty/kittens/broadcast/main.py'])
kitty-git W: Referenced python module 'kitty.constants.is_macos' is an uninstalled dependency (needed in files ['usr/lib/kitty/kitty/fonts/render.py', 'usr/lib/kitty/kittens/tui/loop.py', 'usr/lib/kitty/kitty/options/types.py', 'usr/lib/kitty/kitty/options/utils.py', 'usr/lib/kitty/kitty/simple_cli_definitions.py', 'usr/lib/kitty/kitty/fonts/common.py', 'usr/lib/kitty/kittens/panel/main.py', 'usr/lib/kitty/kitty/fonts/list.py'])
kitty-git W: Referenced python module 'kitty.options.utils.deprecated_send_text' is an uninstalled dependency (needed in files ['usr/lib/kitty/kitty/options/parse.py'])
kitty-git W: Referenced python module 'kitty.fast_data_types.end_x11_startup_notification' is an uninstalled dependency (needed in files ['usr/lib/kitty/kitty/utils.py'])
kitty-git W: Referenced python module 'kittens.ssh.utils.is_kitten_cmdline' is an uninstalled dependency (needed in files ['usr/lib/kitty/kitty/window.py'])
kitty-git W: Referenced python module 'kittens.query_terminal.main.get_result' is an uninstalled dependency (needed in files ['usr/lib/kitty/kitty/terminfo.py'])
kitty-git W: Referenced python module 'kitty.options.utils.active_tab_title_template' is an uninstalled dependency (needed in files ['usr/lib/kitty/kitty/options/parse.py'])
kitty-git W: Referenced python module 'kitty.typing_compat.ScreenSize' is an uninstalled dependency (needed in files ['usr/lib/kitty/kittens/tui/operations.py', 'usr/lib/kitty/kittens/broadcast/main.py', 'usr/lib/kitty/kittens/tui/handler.py'])
kitty-git W: Referenced python module 'kitty.fast_data_types.BOTTOM_EDGE' is an uninstalled dependency (needed in files ['usr/lib/kitty/kitty/layout/base.py', 'usr/lib/kitty/kitty/layout/splits.py', 'usr/lib/kitty/kitty/layout/tall.py'])
kitty-git W: Referenced python module 'kitty.fast_data_types.set_active_window' is an uninstalled dependency (needed in files ['usr/lib/kitty/kitty/layout/base.py'])
kitty-git W: Referenced python module 'kitty.options.utils.TabBarMarginHeight' is an uninstalled dependency (needed in files ['usr/lib/kitty/kitty/options/types.py'])
kitty-git W: Referenced python module 'kitty.conf.utils.percent' is an uninstalled dependency (needed in files ['usr/lib/kitty/kitty/options/utils.py'])
kitty-git W: Referenced python module 'kitty.constants.running_in_kitty' is an uninstalled dependency (needed in files ['usr/lib/kitty/kitty/rc/base.py', 'usr/lib/kitty/kittens/tui/handler.py'])
kitty-git W: Referenced python module 'kitty.cli_stub.LastUsedLayoutRCOptions' is an uninstalled dependency (needed in files ['usr/lib/kitty/kitty/rc/last_used_layout.py'])
kitty-git W: Referenced python module 'kitty.fonts.ModificationType' is an uninstalled dependency (needed in files ['usr/lib/kitty/kitty/options/utils.py'])
kitty-git W: Referenced python module 'kitty.cli_stub.SetSpacingRCOptions' is an uninstalled dependency (needed in files ['usr/lib/kitty/kitty/rc/set_spacing.py'])
kitty-git W: Referenced python module 'kitty.fast_data_types.background_opacity_of' is an uninstalled dependency (needed in files ['usr/lib/kitty/kittens/query_terminal/main.py', 'usr/lib/kitty/kitty/rc/set_background_opacity.py'])
kitty-git W: Referenced python module 'kittens.transfer.main.option_text' is an uninstalled dependency (needed in files ['usr/lib/kitty/kitty/cli_stub.py'])
kitty-git W: Referenced python module 'kitty.rc.base.PayloadGetter' is an uninstalled dependency (needed in files ['usr/lib/kitty/kitty/boss.py'])
kitty-git W: Referenced python module 'kitty.child.set_default_env' is an uninstalled dependency (needed in files ['usr/lib/kitty/kitty/rc/env.py'])
kitty-git W: Referenced python module 'kitty.cli_stub.SetColorsRCOptions' is an uninstalled dependency (needed in files ['usr/lib/kitty/kitty/rc/set_colors.py'])
kitty-git W: Referenced python module 'kitty.cli_stub.RunRCOptions' is an uninstalled dependency (needed in files ['usr/lib/kitty/kitty/rc/run.py'])
kitty-git W: Referenced python module 'kitty.utils.command_for_open' is an uninstalled dependency (needed in files ['usr/lib/kitty/kittens/remote_file/main.py'])
kitty-git W: Referenced python module 'kitty.fast_data_types.FC_MONO' is an uninstalled dependency (needed in files ['usr/lib/kitty/kitty/fonts/fontconfig.py'])
kitty-git W: Referenced python module 'kitty.fonts.NamedStyle' is an uninstalled dependency (needed in files ['usr/lib/kitty/kitty/fonts/common.py'])
kitty-git W: Referenced python module 'kitty.fast_data_types.init_x11_startup_notification' is an uninstalled dependency (needed in files ['usr/lib/kitty/kitty/utils.py'])
kitty-git W: Referenced python module 'kitty.conf.utils.positive_int' is an uninstalled dependency (needed in files ['usr/lib/kitty/kitty/options/parse.py', 'usr/lib/kitty/kittens/tui/images.py', 'usr/lib/kitty/kitty/options/utils.py'])
kitty-git W: Referenced python module 'kitty.utils.screen_size_function' is an uninstalled dependency (needed in files ['usr/lib/kitty/kitty/cli.py', 'usr/lib/kitty/kittens/choose_fonts/backend.py', 'usr/lib/kitty/kittens/tui/loop.py', 'usr/lib/kitty/kittens/tui/path_completer.py'])
kitty-git W: Referenced python module 'kitty.cli_stub.GetColorsRCOptions' is an uninstalled dependency (needed in files ['usr/lib/kitty/kitty/rc/get_colors.py'])
kitty-git W: Referenced python module 'kitty.fonts.family_name_to_key' is an uninstalled dependency (needed in files ['usr/lib/kitty/kitty/fonts/common.py'])
kitty-git W: Referenced python module 'kitty.child.cmdline_of_pid' is an uninstalled dependency (needed in files ['usr/lib/kitty/kitty/utils.py', 'usr/lib/kitty/kittens/tui/utils.py'])
kitty-git W: Referenced python module 'kitty.fast_data_types.Color' is an uninstalled dependency (needed in files ['usr/lib/kitty/kitty/conf/generate.py', 'usr/lib/kitty/kitty/options/types.py', 'usr/lib/kitty/kitty/options/utils.py', 'usr/lib/kitty/kittens/tui/operations.py', 'usr/lib/kitty/kitty/rc/set_colors.py', 'usr/lib/kitty/kitty/rc/get_colors.py'])
kitty-git W: Referenced python module 'kitty.cli_stub.KittenRCOptions' is an uninstalled dependency (needed in files ['usr/lib/kitty/kitty/rc/kitten.py'])
kitty-git W: Referenced python module 'kitty.options.utils.shell_integration' is an uninstalled dependency (needed in files ['usr/lib/kitty/kitty/options/parse.py'])
kitty-git W: Referenced python module 'kitty.remote_control.send_response_to_client' is an uninstalled dependency (needed in files ['usr/lib/kitty/kitty/rc/base.py'])
kitty-git W: Referenced python module 'kittens.ssh.utils.set_server_args_in_cmdline' is an uninstalled dependency (needed in files ['usr/lib/kitty/kitty/window.py'])
kitty-git W: Referenced python module 'kitty.options.utils.NotifyOnCmdFinish' is an uninstalled dependency (needed in files ['usr/lib/kitty/kitty/options/types.py'])
kitty-git W: Referenced python module 'kitty.launch.layer_shell_config_from_panel_opts' is an uninstalled dependency (needed in files ['usr/lib/kitty/kitty/rc/resize_os_window.py'])
kitty-git W: Referenced python module 'kitty.options.utils.copy_on_select' is an uninstalled dependency (needed in files ['usr/lib/kitty/kitty/options/parse.py'])
kitty-git W: Referenced python module 'kitty.fonts.list.main' is an uninstalled dependency (needed in files ['usr/lib/kitty/kitty/entry_points.py'])
kitty-git W: Referenced python module 'kitty.remote_control.create_basic_command' is an uninstalled dependency (needed in files ['usr/lib/kitty/kittens/broadcast/main.py'])
kitty-git W: Referenced python module 'kitty.fast_data_types.raw_tty' is an uninstalled dependency (needed in files ['usr/lib/kitty/kittens/tui/loop.py'])
kitty-git W: Referenced python module 'kittens.broadcast.main.OPTIONS' is an uninstalled dependency (needed in files ['usr/lib/kitty/kitty/cli_stub.py'])
kitty-git W: Referenced python module 'kitty.options.utils.symbol_map' is an uninstalled dependency (needed in files ['usr/lib/kitty/kitty/options/parse.py'])
kitty-git W: Referenced python module 'kitty.fonts.ModificationUnit' is an uninstalled dependency (needed in files ['usr/lib/kitty/kitty/options/utils.py'])
kitty-git W: Referenced python module 'kitty.options.utils.filter_notification' is an uninstalled dependency (needed in files ['usr/lib/kitty/kitty/options/parse.py'])
kitty-git W: Referenced python module 'kittens.runner.create_kitten_handler' is an uninstalled dependency (needed in files ['usr/lib/kitty/kitty/boss.py'])
kitty-git W: Referenced python module 'kitty.key_encoding.decode_key_event' is an uninstalled dependency (needed in files ['usr/lib/kitty/kittens/tui/loop.py'])
kitty-git W: Referenced python module 'kitty.fast_data_types.base64_decode' is an uninstalled dependency (needed in files ['usr/lib/kitty/kitty/file_transmission.py'])
kitty-git W: Referenced python module 'kitty.fast_data_types.CURSOR_BEAM' is an uninstalled dependency (needed in files ['usr/lib/kitty/kitty/options/utils.py'])
kitty-git W: Referenced python module 'kitty.cli_stub.ScrollWindowRCOptions' is an uninstalled dependency (needed in files ['usr/lib/kitty/kitty/rc/scroll_window.py'])
kitty-git W: Referenced python module 'kitty.fonts.Descriptor' is an uninstalled dependency (needed in files ['usr/lib/kitty/kittens/choose_fonts/backend.py', 'usr/lib/kitty/kitty/fonts/common.py'])
kitty-git W: Referenced python module 'kitty.options.utils.store_multiple' is an uninstalled dependency (needed in files ['usr/lib/kitty/kitty/options/parse.py'])
kitty-git W: Referenced python module 'kitty.window_list.WindowGroup' is an uninstalled dependency (needed in files ['usr/lib/kitty/kitty/layout/splits.py', 'usr/lib/kitty/kitty/layout/base.py', 'usr/lib/kitty/kitty/layout/tall.py', 'usr/lib/kitty/kitty/layout/grid.py', 'usr/lib/kitty/kitty/layout/vertical.py'])
kitty-git W: Referenced python module 'kittens.transfer.rsync.xxh128_hash_with_seed' is an uninstalled dependency (needed in files ['usr/lib/kitty/kitty/notifications.py'])
kitty-git W: Referenced python module 'kitty.fast_data_types.GLFW_LAYER_SHELL_BACKGROUND' is an uninstalled dependency (needed in files ['usr/lib/kitty/kittens/panel/main.py'])
kitty-git W: Referenced python module 'kittens.transfer.utils.abspath' is an uninstalled dependency (needed in files ['usr/lib/kitty/kitty/file_transmission.py'])
kitty-git W: Referenced python module 'kitty.cli_stub.RemoveMarkerRCOptions' is an uninstalled dependency (needed in files ['usr/lib/kitty/kitty/rc/remove_marker.py'])
kitty-git W: Referenced python module 'kitty.fast_data_types.ESC_OSC' is an uninstalled dependency (needed in files ['usr/lib/kitty/kitty/file_transmission.py'])
kitty-git W: Referenced python module 'kitty.fast_data_types.NO_CURSOR_SHAPE' is an uninstalled dependency (needed in files ['usr/lib/kitty/kitty/options/utils.py'])
kitty-git W: Referenced python module 'kitty.fast_data_types.Shlex' is an uninstalled dependency (needed in files ['usr/lib/kitty/kitty/options/utils.py'])
kitty-git W: Referenced python module 'kitty.file_transmission.FileTransmissionCommand' is an uninstalled dependency (needed in files ['usr/lib/kitty/kittens/tui/handler.py', 'usr/lib/kitty/kittens/tui/loop.py'])
kitty-git W: Referenced python module 'kitty.simple_cli_definitions.get_option_maps' is an uninstalled dependency (needed in files ['usr/lib/kitty/kittens/quick_access_terminal/main.py'])
kitty-git W: Referenced python module 'kitty.options.utils.macos_option_as_alt' is an uninstalled dependency (needed in files ['usr/lib/kitty/kitty/options/parse.py'])
kitty-git W: Referenced python module 'kitty.simple_cli_definitions.CompletionSpec' is an uninstalled dependency (needed in files ['usr/lib/kitty/kitty/rc/base.py', 'usr/lib/kitty/kittens/clipboard/main.py', 'usr/lib/kitty/kittens/themes/main.py', 'usr/lib/kitty/kittens/pager/main.py', 'usr/lib/kitty/kittens/icat/main.py', 'usr/lib/kitty/kittens/choose_files/main.py', 'usr/lib/kitty/kittens/transfer/main.py', 'usr/lib/kitty/kittens/diff/main.py'])
kitty-git W: Referenced python module 'kitty.types.AsyncResponse' is an uninstalled dependency (needed in files ['usr/lib/kitty/kitty/rc/base.py', 'usr/lib/kitty/kitty/rc/set_background_image.py', 'usr/lib/kitty/kitty/rc/launch.py', 'usr/lib/kitty/kitty/rc/select_window.py', 'usr/lib/kitty/kitty/rc/set_window_logo.py', 'usr/lib/kitty/kitty/rc/run.py'])
kitty-git W: Referenced python module 'kitty.fast_data_types.toggle_fullscreen' is an uninstalled dependency (needed in files ['usr/lib/kitty/kitty/rc/resize_os_window.py'])
kitty-git W: Referenced python module 'kitty.options.utils.MouseHideWait' is an uninstalled dependency (needed in files ['usr/lib/kitty/kitty/options/types.py'])
kitty-git W: Referenced python module 'kitty.fonts.core_text.create_scorer' is an uninstalled dependency (needed in files ['usr/lib/kitty/kitty/fonts/common.py'])
kitty-git W: Referenced python module 'kitty.conf.types.ParserFuncType' is an uninstalled dependency (needed in files ['usr/lib/kitty/kitty/conf/generate.py'])
kitty-git W: Referenced python module 'kitty.options.utils.parse_font_spec' is an uninstalled dependency (needed in files ['usr/lib/kitty/kitty/options/parse.py', 'usr/lib/kitty/kittens/choose_fonts/backend.py', 'usr/lib/kitty/kitty/fonts/render.py', 'usr/lib/kitty/kitty/fonts/common.py'])
kitty-git W: Referenced python module 'kitty.options.utils.menu_map' is an uninstalled dependency (needed in files ['usr/lib/kitty/kitty/options/parse.py'])
kitty-git W: Referenced python module 'kitty.fonts.list.create_family_groups' is an uninstalled dependency (needed in files ['usr/lib/kitty/kittens/choose_fonts/backend.py'])
kitty-git W: Referenced python module 'kitty.clipboard.set_clipboard_string' is an uninstalled dependency (needed in files ['usr/lib/kitty/kittens/hints/main.py'])
kitty-git W: Referenced python module 'kitty.options.utils.deprecated_adjust_line_height' is an uninstalled dependency (needed in files ['usr/lib/kitty/kitty/options/parse.py'])
kitty-git W: Referenced python module 'kitty.options.utils.parse_map' is an uninstalled dependency (needed in files ['usr/lib/kitty/kitty/options/parse.py'])
kitty-git W: Referenced python module 'kitty.launch.launch' is an uninstalled dependency (needed in files ['usr/lib/kitty/kitty/boss.py', 'usr/lib/kitty/kitty/rc/launch.py'])
kitty-git W: Referenced python module 'kitty.typing_compat.WindowType' is an uninstalled dependency (needed in files ['usr/lib/kitty/kitty/layout/splits.py', 'usr/lib/kitty/kitty/layout/stack.py', 'usr/lib/kitty/kittens/runner.py', 'usr/lib/kitty/kittens/hints/main.py', 'usr/lib/kitty/kitty/layout/base.py', 'usr/lib/kitty/kittens/tui/handler.py', 'usr/lib/kitty/kitty/layout/tall.py', 'usr/lib/kitty/kitty/layout/grid.py', 'usr/lib/kitty/kitty/layout/vertical.py'])
kitty-git W: Referenced python module 'kitty.cli.emph' is an uninstalled dependency (needed in files ['usr/lib/kitty/kitty/rc/set_colors.py'])
kitty-git W: Referenced python module 'kitty.utils.suppress_error_logging' is an uninstalled dependency (needed in files ['usr/lib/kitty/kittens/tui/utils.py'])
kitty-git W: Referenced python module 'kitty.options.utils.cursor_trail_decay' is an uninstalled dependency (needed in files ['usr/lib/kitty/kitty/options/parse.py'])
kitty-git W: Referenced python module 'kitty.fast_data_types.set_font_data' is an uninstalled dependency (needed in files ['usr/lib/kitty/kitty/fonts/render.py'])
kitty-git W: Referenced python module 'kitty.fast_data_types.viewport_for_window' is an uninstalled dependency (needed in files ['usr/lib/kitty/kitty/layout/base.py'])
kitty-git W: Referenced python module 'kitty.utils.natsort_ints' is an uninstalled dependency (needed in files ['usr/lib/kitty/kitty/rc/get_colors.py'])
kitty-git W: Referenced python module 'kitty.cli_stub.SetEnabledLayoutsRCOptions' is an uninstalled dependency (needed in files ['usr/lib/kitty/kitty/rc/set_enabled_layouts.py'])
kitty-git W: Referenced python module 'kitty.typing_compat.FontConfigPattern' is an uninstalled dependency (needed in files ['usr/lib/kitty/kitty/fonts/render.py', 'usr/lib/kitty/kitty/fonts/fontconfig.py', 'usr/lib/kitty/kitty/fonts/__init__.py'])
kitty-git W: Referenced python module 'kitty.simple_cli_definitions.CONFIG_HELP' is an uninstalled dependency (needed in files ['usr/lib/kitty/kittens/quick_access_terminal/main.py', 'usr/lib/kitty/kittens/choose_files/main.py', 'usr/lib/kitty/kittens/diff/main.py'])
kitty-git W: Referenced python module 'bypy_importer.running_in_develop_mode' is an uninstalled dependency (needed in files ['usr/lib/kitty/kitty/constants.py'])
kitty-git W: Referenced python module 'kitty.typing_compat.MouseButton' is an uninstalled dependency (needed in files ['usr/lib/kitty/kittens/tui/handler.py'])
kitty-git W: Referenced python module 'kitty.fast_data_types.GLFW_LAYER_SHELL_OVERLAY' is an uninstalled dependency (needed in files ['usr/lib/kitty/kittens/panel/main.py'])
kitty-git W: Referenced python module 'kitty.key_encoding.decode_key_event_as_window_system_key' is an uninstalled dependency (needed in files ['usr/lib/kitty/kitty/rc/send_text.py'])
kitty-git W: Referenced python module 'kitty.cli_stub.SetBackgroundImageRCOptions' is an uninstalled dependency (needed in files ['usr/lib/kitty/kitty/rc/set_background_image.py'])
kitty-git W: Referenced python module 'kitty.fast_data_types.close_tty' is an uninstalled dependency (needed in files ['usr/lib/kitty/kittens/tui/loop.py'])
kitty-git W: Referenced python module 'kitty.fonts.fontconfig.is_variable' is an uninstalled dependency (needed in files ['usr/lib/kitty/kitty/fonts/common.py'])
kitty-git W: Referenced python module 'kitty.constants' is an uninstalled dependency (needed in files ['usr/lib/kitty/kitty/options/types.py'])
kitty-git W: Referenced python module 'kitty.options.utils.confirm_close' is an uninstalled dependency (needed in files ['usr/lib/kitty/kitty/options/parse.py'])
kitty-git W: Referenced python module 'kitty.cli_stub.SetFontSizeRCOptions' is an uninstalled dependency (needed in files ['usr/lib/kitty/kitty/rc/set_font_size.py'])
kitty-git W: Referenced python module 'kitty.fast_data_types.CTFace' is an uninstalled dependency (needed in files ['usr/lib/kitty/kitty/fonts/render.py', 'usr/lib/kitty/kitty/fonts/core_text.py', 'usr/lib/kitty/kitty/fonts/common.py'])
kitty-git W: Referenced python module 'kitty.fast_data_types.test_shape' is an uninstalled dependency (needed in files ['usr/lib/kitty/kitty/fonts/render.py'])
kitty-git W: Referenced python module 'kitty.options.utils.url_prefixes' is an uninstalled dependency (needed in files ['usr/lib/kitty/kitty/options/parse.py'])
kitty-git W: Referenced python module 'kitty.simple_cli_definitions.grab_keyboard_docs' is an uninstalled dependency (needed in files ['usr/lib/kitty/kittens/quick_access_terminal/main.py'])
kitty-git W: Referenced python module 'kitty.child.default_env' is an uninstalled dependency (needed in files ['usr/lib/kitty/kitty/rc/env.py'])
kitty-git W: Referenced python module 'kittens.themes.main.OPTIONS' is an uninstalled dependency (needed in files ['usr/lib/kitty/kitty/cli_stub.py'])
kitty-git W: Referenced python module 'kitty.typing_compat.EdgeLiteral' is an uninstalled dependency (needed in files ['usr/lib/kitty/kitty/layout/vertical.py', 'usr/lib/kitty/kitty/layout/tall.py', 'usr/lib/kitty/kitty/layout/splits.py'])
kitty-git W: Referenced python module 'kitty.fonts.core_text.find_last_resort_text_font' is an uninstalled dependency (needed in files ['usr/lib/kitty/kitty/fonts/common.py'])
kitty-git W: Referenced python module 'kitty.typing_compat.GraphicsCommandType' is an uninstalled dependency (needed in files ['usr/lib/kitty/kittens/tui/operations.py'])
kitty-git W: Referenced python module 'kitty.remote_control.encode_send' is an uninstalled dependency (needed in files ['usr/lib/kitty/kittens/broadcast/main.py', 'usr/lib/kitty/kittens/resize_window/main.py'])
kitty-git W: Referenced python module 'kitty.fast_data_types.shm_unlink' is an uninstalled dependency (needed in files ['usr/lib/kitty/kitty/shm.py'])
kitty-git W: Referenced python module 'kitty.cli_stub.ResizeCLIOptions' is an uninstalled dependency (needed in files ['usr/lib/kitty/kittens/resize_window/main.py'])
kitty-git W: Referenced python module 'kitty.fonts.common.is_variable' is an uninstalled dependency (needed in files ['usr/lib/kitty/kittens/choose_fonts/backend.py'])
kitty-git W: Referenced python module 'kitty.key_encoding.KeyEvent' is an uninstalled dependency (needed in files ['usr/lib/kitty/kittens/resize_window/main.py', 'usr/lib/kitty/kittens/tui/line_edit.py'])
kitty-git W: Referenced python module '_typeshed.ReadableBuffer' is an uninstalled dependency (needed in files ['usr/lib/kitty/kitty/multiprocessing.py'])
kitty-git W: Referenced python module 'kitty.options.utils.tab_activity_symbol' is an uninstalled dependency (needed in files ['usr/lib/kitty/kitty/options/parse.py'])
kitty-git W: Referenced python module 'kitty.fast_data_types.render_decoration' is an uninstalled dependency (needed in files ['usr/lib/kitty/kitty/fonts/render.py'])
kitty-git W: Referenced python module 'kitty.utils.ScreenSizeGetter' is an uninstalled dependency (needed in files ['usr/lib/kitty/kittens/tui/loop.py'])
kitty-git W: Referenced python module 'kitty.fast_data_types.FC_DUAL' is an uninstalled dependency (needed in files ['usr/lib/kitty/kitty/fonts/fontconfig.py'])
kitty-git W: Referenced python module 'kitty.rgb.color_from_int' is an uninstalled dependency (needed in files ['usr/lib/kitty/kitty/rc/get_colors.py'])
kitty-git W: Referenced python module 'kitty.options.utils.hide_window_decorations' is an uninstalled dependency (needed in files ['usr/lib/kitty/kitty/options/parse.py'])
kitty-git W: Referenced python module 'kitty.options.utils.action_alias' is an uninstalled dependency (needed in files ['usr/lib/kitty/kitty/options/parse.py'])
kitty-git W: Referenced python module 'kitty.session.goto_session_options' is an uninstalled dependency (needed in files ['usr/lib/kitty/kitty/cli_stub.py'])
kitty-git W: Referenced python module 'kitty.rc.base.MATCH_WINDOW_OPTION' is an uninstalled dependency (needed in files ['usr/lib/kitty/kittens/broadcast/main.py'])
kitty-git W: Referenced python module 'kitty.constants.str_version' is an uninstalled dependency (needed in files ['usr/lib/kitty/kittens/query_terminal/main.py'])
kitty-git W: Referenced python module 'kitty.fast_data_types.FC_WIDTH_NORMAL' is an uninstalled dependency (needed in files ['usr/lib/kitty/kitty/fonts/fontconfig.py'])
kitty-git W: Referenced python module 'kitty.utils.log_error' is an uninstalled dependency (needed in files ['usr/lib/kitty/kittens/panel/main.py', 'usr/lib/kitty/kitty/fonts/render.py', 'usr/lib/kitty/kitty/fonts/core_text.py', 'usr/lib/kitty/kitty/options/utils.py'])
kitty-git W: Referenced python module 'kitty.cli.create_default_opts' is an uninstalled dependency (needed in files ['usr/lib/kitty/kittens/choose_fonts/backend.py', 'usr/lib/kitty/kittens/tui/utils.py', 'usr/lib/kitty/kitty/debug_config.py'])
kitty-git W: Referenced python module 'kittens.transfer.rsync.Patcher' is an uninstalled dependency (needed in files ['usr/lib/kitty/kitty/file_transmission.py'])
kitty-git W: Referenced python module 'kitty.options.utils.bell_on_tab' is an uninstalled dependency (needed in files ['usr/lib/kitty/kitty/options/parse.py'])
kitty-git W: Referenced python module 'kitty.options.utils.tab_separator' is an uninstalled dependency (needed in files ['usr/lib/kitty/kitty/options/parse.py'])
kitty-git W: Referenced python module 'kitty.rgb.to_color' is an uninstalled dependency (needed in files ['usr/lib/kitty/kittens/tui/operations.py', 'usr/lib/kitty/kitty/rc/set_tab_color.py'])
kitty-git W: Referenced python module 'kittens.ask.main.option_text' is an uninstalled dependency (needed in files ['usr/lib/kitty/kitty/cli_stub.py'])
kitty-git W: Referenced python module 'kitty.fast_data_types.get_os_window_size' is an uninstalled dependency (needed in files ['usr/lib/kitty/kitty/rc/resize_os_window.py'])
kitty-git W: Referenced python module 'kitty.fast_data_types.open_tty' is an uninstalled dependency (needed in files ['usr/lib/kitty/kittens/tui/loop.py'])
kitty-git W: Referenced python module 'kitty.fonts.fontconfig.set_axis_values' is an uninstalled dependency (needed in files ['usr/lib/kitty/kitty/fonts/common.py'])
kitty-git W: Referenced python module 'kitty.fast_data_types.abspath_of_process' is an uninstalled dependency (needed in files ['usr/lib/kitty/kitty/child.py'])
kitty-git W: Referenced python module 'kitty.constants.list_kitty_resources' is an uninstalled dependency (needed in files ['usr/lib/kitty/kitty/rc/base.py', 'usr/lib/kitty/kittens/runner.py'])
kitty-git W: Referenced python module 'kittens.unicode_input.main.OPTIONS' is an uninstalled dependency (needed in files ['usr/lib/kitty/kitty/cli_stub.py'])
kitty-git W: Referenced python module 'kitty.types.ParsedShortcut' is an uninstalled dependency (needed in files ['usr/lib/kitty/kittens/tui/handler.py'])
kitty-git W: Referenced python module 'kitty.types.LayerShellConfig' is an uninstalled dependency (needed in files ['usr/lib/kitty/kittens/panel/main.py'])
kitty-git W: Referenced python module 'kitty.options.utils.parse_mouse_map' is an uninstalled dependency (needed in files ['usr/lib/kitty/kitty/options/parse.py'])
kitty-git W: Referenced python module 'kitty.options.utils.window_logo_scale' is an uninstalled dependency (needed in files ['usr/lib/kitty/kitty/options/parse.py'])
kitty-git W: Referenced python module 'kitty.conf.types.Option' is an uninstalled dependency (needed in files ['usr/lib/kitty/kitty/conf/generate.py'])
kitty-git W: Referenced python module 'kitty.options.utils.clipboard_control' is an uninstalled dependency (needed in files ['usr/lib/kitty/kitty/options/parse.py'])
kitty-git W: Referenced python module 'kitty.fast_data_types.AES256GCMDecrypt' is an uninstalled dependency (needed in files ['usr/lib/kitty/kitty/file_transmission.py'])
kitty-git W: Referenced python module 'kitty.fonts.features.Type' is an uninstalled dependency (needed in files ['usr/lib/kitty/kittens/choose_fonts/backend.py'])
kitty-git W: Referenced python module 'kitty.fast_data_types.wcswidth' is an uninstalled dependency (needed in files ['usr/lib/kitty/kittens/tui/line_edit.py', 'usr/lib/kitty/kittens/tui/path_completer.py'])
kitty-git W: Dependency libgcc detected and implicitly satisfied (libraries ['usr/lib/libgcc_s.so.1'] needed in files ['usr/lib/kitty/kitty/glfw-wayland.so', 'usr/lib/kitty/kitty/glfw-x11.so', 'usr/lib/kitty/kittens/transfer/rsync.so', 'usr/lib/kitty/kitty/fast_data_types.so', 'usr/bin/kitty'])
kitty-git W: Dependency included, but may not be needed ('freetype2')
kitty-git W: Dependency included, but may not be needed ('gcc-libs')
kitty-git W: Dependency included, but may not be needed ('kitty-terminfo-git')
kitty-git W: Dependency included, but may not be needed ('kitty-shell-integration-git')
