The Meson build system
Version: 1.8.3
Source dir: /build/launchar-git/src/launchar-git
Build dir: /build/launchar-git/src/launchar-git/build
Build type: native build
Project name: com.gitlab.abiosoft.launchar
Project version: 0.1.1
C compiler for the host machine: cc (gcc 15.1.1 "cc (GCC) 15.1.1 20250729")
C linker for the host machine: cc ld.bfd 2.45.0
Vala compiler for the host machine: valac (valac 0.56.18-dirty)
Host machine cpu family: x86_64
Host machine cpu: x86_64
Found pkg-config: YES (/usr/bin/pkg-config) 2.5.1
Build-time dependency gio-2.0 found: YES 2.84.3
Program /usr/bin/glib-compile-resources found: YES (/usr/bin/glib-compile-resources)
Run-time dependency gtk+-3.0 found: YES 3.24.50
Run-time dependency gee-0.8 found: YES 0.20.8
Build targets in project: 3

com.gitlab.abiosoft.launchar 0.1.1

  User defined options
    prefix: /usr

Found ninja-1.12.1 at /usr/bin/ninja
Generating targets:   0%|          | 0/3 eta ?                                              Writing build.ninja:   0%|          | 0/35 eta ?                                                WARNING: Running the setup command as `meson [options]` instead of `meson setup [options]` is ambiguous and deprecated.
