-- The C compiler identification is GNU 15.1.1
-- The CXX compiler identification is GNU 15.1.1
-- Detecting C compiler ABI info
-- Detecting C compiler ABI info - done
-- Check for working C compiler: /usr/bin/cc - skipped
-- Detecting C compile features
-- Detecting C compile features - done
-- Detecting CXX compiler ABI info
-- Detecting CXX compiler ABI info - done
-- Check for working CXX compiler: /usr/bin/c++ - skipped
-- Detecting CXX compile features
-- Detecting CXX compile features - done
-- Found CURL: /usr/lib/libcurl.so (found suitable version "8.15.0", minimum required is "7.55.0")
-- Found PkgConfig: /usr/bin/pkg-config (found version "2.5.1")
-- Checking for module 'jsoncpp'
--   Found jsoncpp, version 1.9.6
-- Checking for module 'tinyxml2'
--   Found tinyxml2, version 11.0.0
-- Performing Test CMAKE_HAVE_LIBC_PTHREAD
-- Performing Test CMAKE_HAVE_LIBC_PTHREAD - Success
-- Found Threads: TRUE
-- Found ZLIB: /usr/lib/libz.so (found version "1.3.1")
-- Checking for module 'tidy'
--   Found tidy, version 5.7.45
-- Found Git: /usr/bin/git (found version "2.50.1")
-- Configuring done (1.0s)
-- Generating done (0.0s)
-- Build files have been written to: /build/lgogdownloader-git/src/build
[  8%] Building CXX object CMakeFiles/lgogdownloader.dir/main.cpp.o
[ 25%] Building CXX object CMakeFiles/lgogdownloader.dir/src/blacklist.cpp.o
[ 25%] Building CXX object CMakeFiles/lgogdownloader.dir/src/gamedetails.cpp.o
[ 33%] Building CXX object CMakeFiles/lgogdownloader.dir/src/galaxyapi.cpp.o
[ 58%] Building CXX object CMakeFiles/lgogdownloader.dir/src/progressbar.cpp.o
[ 58%] Building CXX object CMakeFiles/lgogdownloader.dir/src/gamefile.cpp.o
[ 50%] Building CXX object CMakeFiles/lgogdownloader.dir/src/downloader.cpp.o
[ 66%] Building CXX object CMakeFiles/lgogdownloader.dir/src/website.cpp.o
[ 75%] Building CXX object CMakeFiles/lgogdownloader.dir/src/util.cpp.o
[ 83%] Building CXX object CMakeFiles/lgogdownloader.dir/src/ziputil.cpp.o
[ 91%] Linking CXX executable lgogdownloader
[ 91%] Built target lgogdownloader
[100%] Building man page
[100%] Built target manpage
