-- CMake version: 4.1.2
-- The CXX compiler identification is GNU 15.2.1
-- Detecting CXX compiler ABI info
-- Detecting CXX compiler ABI info - done
-- Check for working CXX compiler: /usr/bin/c++ - skipped
-- Detecting CXX compile features
-- Detecting CXX compile features - done
-- {fmt} version: 12.0.0
-- Build type: None
-- Target 'doc' disabled because doxygen not found
-- Performing Test CMAKE_HAVE_LIBC_PTHREAD
-- Performing Test CMAKE_HAVE_LIBC_PTHREAD - Success
-- Found Threads: TRUE
-- Looking for strptime
-- Looking for strptime - found
-- FMT_PEDANTIC: OFF
-- Configuring done (0.8s)
-- Generating done (0.0s)
-- Build files have been written to: /build/lib32-fmt/src/build
[1/76] Building CXX object test/CMakeFiles/test-main.dir/util.cc.o
[2/76] Building CXX object CMakeFiles/fmt.dir/src/os.cc.o
[3/76] Building CXX object test/CMakeFiles/format-impl-test.dir/test-main.cc.o
[4/76] Building CXX object test/CMakeFiles/test-main.dir/test-main.cc.o
[5/76] Building CXX object test/CMakeFiles/assert-test.dir/assert-test.cc.o
[6/76] Building CXX object test/CMakeFiles/compile-fp-test.dir/compile-fp-test.cc.o
[7/76] Building CXX object test/CMakeFiles/test-main.dir/gtest-extra.cc.o
[8/76] Building CXX object test/CMakeFiles/format-impl-test.dir/__/src/os.cc.o
[9/76] Building CXX object test/CMakeFiles/ranges-test.dir/ranges-odr-test.cc.o
[10/76] Building CXX object CMakeFiles/fmt.dir/src/format.cc.o
[11/76] Building CXX object test/CMakeFiles/format-impl-test.dir/util.cc.o
[12/76] Building CXX object test/CMakeFiles/no-builtin-types-test.dir/test-main.cc.o
[13/76] Building CXX object test/CMakeFiles/no-builtin-types-test.dir/no-builtin-types-test.cc.o
[14/76] Building CXX object test/CMakeFiles/color-test.dir/color-test.cc.o
[15/76] Building CXX object test/CMakeFiles/format-impl-test.dir/header-only-test.cc.o
[16/76] Building CXX object test/CMakeFiles/gtest-extra-test.dir/gtest-extra-test.cc.o
[17/76] Building CXX object test/CMakeFiles/format-impl-test.dir/gtest-extra.cc.o
[18/76] Building CXX object test/CMakeFiles/args-test.dir/args-test.cc.o
[19/76] Building CXX object test/CMakeFiles/no-builtin-types-test.dir/util.cc.o
[20/76] Building CXX object test/CMakeFiles/scan-test.dir/test-main.cc.o
[21/76] Building CXX object test/CMakeFiles/no-builtin-types-test.dir/__/src/os.cc.o
[22/76] Building CXX object test/CMakeFiles/no-builtin-types-test.dir/gtest-extra.cc.o
[23/76] Building CXX object test/CMakeFiles/unicode-test.dir/test-main.cc.o
[24/76] Building CXX object test/CMakeFiles/scan-test.dir/util.cc.o
[25/76] Building CXX object test/CMakeFiles/scan-test.dir/__/src/os.cc.o
[26/76] Building CXX object test/CMakeFiles/perf-sanity.dir/perf-sanity.cc.o
[27/76] Building CXX object test/CMakeFiles/format-impl-test.dir/format-impl-test.cc.o
[28/76] Building CXX object test/CMakeFiles/unicode-test.dir/util.cc.o
[29/76] Building CXX object test/CMakeFiles/posix-mock-test.dir/util.cc.o
[30/76] Building CXX object test/CMakeFiles/ostream-test.dir/ostream-test.cc.o
[31/76] Building CXX object test/CMakeFiles/scan-test.dir/gtest-extra.cc.o
[32/76] Building CXX object test/CMakeFiles/unicode-test.dir/__/src/os.cc.o
[33/76] Building CXX object test/CMakeFiles/posix-mock-test.dir/test-main.cc.o
[34/76] Building CXX object test/CMakeFiles/posix-mock-test.dir/__/src/format.cc.o
[35/76] Building CXX object test/CMakeFiles/unicode-test.dir/gtest-extra.cc.o
[36/76] Building CXX object test/CMakeFiles/scan-test.dir/scan-test.cc.o
[37/76] Building CXX object test/CMakeFiles/enforce-checks-test.dir/enforce-checks-test.cc.o
[38/76] Linking CXX shared library libfmt.so.12.0.0
[39/76] Creating library symlink libfmt.so.12 libfmt.so
[40/76] Building CXX object test/CMakeFiles/posix-mock-test.dir/posix-mock-test.cc.o
[41/76] Building CXX object test/CMakeFiles/compile-test.dir/compile-test.cc.o
[42/76] Building CXX object test/CMakeFiles/posix-mock-test.dir/gtest-extra.cc.o
[43/76] Linking CXX executable bin/perf-sanity
[44/76] Building CXX object test/CMakeFiles/unicode-test.dir/unicode-test.cc.o
[45/76] Building CXX object test/CMakeFiles/ranges-test.dir/ranges-test.cc.o
[46/76] Building CXX object test/CMakeFiles/os-test.dir/os-test.cc.o
[47/76] Building CXX object test/gtest/CMakeFiles/gtest.dir/gmock-gtest-all.cc.o
[48/76] Linking CXX static library test/gtest/libgtest.a
[49/76] Linking CXX static library test/libtest-main.a
[50/76] Building CXX object test/CMakeFiles/std-test.dir/std-test.cc.o
[51/76] Building CXX object test/CMakeFiles/chrono-test.dir/chrono-test.cc.o
[52/76] Building CXX object test/CMakeFiles/format-test.dir/format-test.cc.o
[53/76] Building CXX object test/CMakeFiles/base-test.dir/base-test.cc.o
[54/76] Building CXX object test/CMakeFiles/xchar-test.dir/xchar-test.cc.o
[55/76] Linking CXX executable bin/enforce-checks-test
[56/76] Linking CXX executable bin/std-test
[57/76] Linking CXX executable bin/compile-fp-test
[58/76] Linking CXX executable bin/ostream-test
[59/76] Linking CXX executable bin/os-test
[60/76] Linking CXX executable bin/scan-test
[61/76] Linking CXX executable bin/no-builtin-types-test
[62/76] Linking CXX executable bin/unicode-test
[63/76] Building CXX object test/CMakeFiles/printf-test.dir/printf-test.cc.o
[64/76] Linking CXX executable bin/gtest-extra-test
[65/76] Linking CXX executable bin/args-test
[66/76] Linking CXX executable bin/assert-test
[67/76] Linking CXX executable bin/color-test
[68/76] Linking CXX executable bin/ranges-test
[69/76] Linking CXX executable bin/format-impl-test
[70/76] Linking CXX executable bin/posix-mock-test
[71/76] Linking CXX executable bin/compile-test
[72/76] Linking CXX executable bin/format-test
[73/76] Linking CXX executable bin/base-test
[74/76] Linking CXX executable bin/xchar-test
[75/76] Linking CXX executable bin/chrono-test
[76/76] Linking CXX executable bin/printf-test
