[0/1] Install the project...
-- Install configuration: "None"
-- Installing: /build/lib32-fmt/pkg/lib32-fmt/usr/lib32/libfmt.so.12.0.0
-- Installing: /build/lib32-fmt/pkg/lib32-fmt/usr/lib32/libfmt.so.12
-- Installing: /build/lib32-fmt/pkg/lib32-fmt/usr/lib32/libfmt.so
-- Installing: /build/lib32-fmt/pkg/lib32-fmt/usr/include/fmt/args.h
-- Installing: /build/lib32-fmt/pkg/lib32-fmt/usr/include/fmt/base.h
-- Installing: /build/lib32-fmt/pkg/lib32-fmt/usr/include/fmt/chrono.h
-- Installing: /build/lib32-fmt/pkg/lib32-fmt/usr/include/fmt/color.h
-- Installing: /build/lib32-fmt/pkg/lib32-fmt/usr/include/fmt/compile.h
-- Installing: /build/lib32-fmt/pkg/lib32-fmt/usr/include/fmt/core.h
-- Installing: /build/lib32-fmt/pkg/lib32-fmt/usr/include/fmt/format.h
-- Installing: /build/lib32-fmt/pkg/lib32-fmt/usr/include/fmt/format-inl.h
-- Installing: /build/lib32-fmt/pkg/lib32-fmt/usr/include/fmt/os.h
-- Installing: /build/lib32-fmt/pkg/lib32-fmt/usr/include/fmt/ostream.h
-- Installing: /build/lib32-fmt/pkg/lib32-fmt/usr/include/fmt/printf.h
-- Installing: /build/lib32-fmt/pkg/lib32-fmt/usr/include/fmt/ranges.h
-- Installing: /build/lib32-fmt/pkg/lib32-fmt/usr/include/fmt/std.h
-- Installing: /build/lib32-fmt/pkg/lib32-fmt/usr/include/fmt/xchar.h
-- Installing: /build/lib32-fmt/pkg/lib32-fmt/usr/lib32/cmake/fmt/fmt-config.cmake
-- Installing: /build/lib32-fmt/pkg/lib32-fmt/usr/lib32/cmake/fmt/fmt-config-version.cmake
-- Installing: /build/lib32-fmt/pkg/lib32-fmt/usr/lib32/cmake/fmt/fmt-targets.cmake
-- Installing: /build/lib32-fmt/pkg/lib32-fmt/usr/lib32/cmake/fmt/fmt-targets-none.cmake
-- Installing: /build/lib32-fmt/pkg/lib32-fmt/usr/lib32/pkgconfig/fmt.pc
