Date: 2025-10-15 UTC
[17:48:00.314] weston 14.0.2
               https://wayland.freedesktop.org
               Bug reports to: https://gitlab.freedesktop.org/wayland/weston/issues/
               Build: 14.0.2
[17:48:00.314] Command line: weston --backend=headless-backend.so --socket=wayland-5 --idle-time=0
[17:48:00.314] OS: Linux, 6.17.1-arch1-1, #1 SMP PREEMPT_DYNAMIC Mon, 06 Oct 2025 18:48:29 +0000, x86_64
[17:48:00.314] Flight recorder: enabled
[17:48:00.314] Starting with no config file.
[17:48:00.314] Output repaint window is 7 ms maximum.
[17:48:00.314] Loading module '/usr/lib/libweston-14/headless-backend.so'
[17:48:00.317] Registered plugin API 'weston_windowed_output_api_headless_v2' of size 16
[17:48:00.317] Color manager: no-op
                 protocol support: no
[17:48:00.317] Output 'headless' attempts EOTF mode SDR and colorimetry mode default.
[17:48:00.317] Output 'headless' using color profile: stock sRGB color profile
[17:48:00.317] Output 'headless' enabled with head(s) headless
[17:48:00.317] Compositor capabilities:
               arbitrary surface rotation: no
               screen capture uses y-flip: no
               cursor planes: no
               arbitrary resolutions: no
               view mask clipping: no
               explicit sync: no
               color operations: no
               presentation clock: CLOCK_MONOTONIC_RAW, id 4
               presentation clock resolution: 0.000000001 s
[17:48:00.318] Loading module '/usr/lib/weston/desktop-shell.so'
[17:48:00.318] launching '/usr/lib/weston/weston-keyboard'
[17:48:00.318] launching '/usr/lib/weston/weston-desktop-shell'
could not load cursor 'dnd-move'
could not load cursor 'dnd-copy'
could not load cursor 'dnd-none'
could not load cursor 'dnd-move'
could not load cursor 'dnd-copy'
could not load cursor 'dnd-none'
ninja: Entering directory `/build/libadwaita-git/src/build'
ninja: no work to do.
 1/69 libadwaita:demo / Validate appstream file  OK              0.12s
 2/69 libadwaita / test-action-row               OK              0.14s
 3/69 libadwaita / test-accent-color             OK              0.15s
 4/69 libadwaita / test-alert-dialog             OK              0.15s
 5/69 libadwaita / test-application-window       OK              0.15s
 6/69 libadwaita / test-animation-target         OK              0.16s
 7/69 libadwaita / test-avatar                   OK              0.17s
 8/69 libadwaita / test-banner                   OK              0.17s
 9/69 libadwaita / test-bin                      OK              0.17s
10/69 libadwaita / test-bottom-sheet             OK              0.16s
11/69 libadwaita / test-animation                OK              0.19s
12/69 libadwaita / test-breakpoint               OK              0.16s
13/69 libadwaita / test-about-dialog             OK              0.23s
14/69 libadwaita / test-about-window             OK              0.24s
15/69 libadwaita / test-button-row               OK              0.19s
16/69 libadwaita / test-breakpoint-bin           OK              0.20s
17/69 libadwaita / test-carousel                 OK              0.19s
18/69 libadwaita / test-carousel-indicator-dots  OK              0.19s
19/69 libadwaita / test-carousel-indicator-lines OK              0.18s
20/69 libadwaita / test-dialog                   OK              0.19s
21/69 libadwaita / test-easing                   OK              0.18s
22/69 libadwaita / test-combo-row                OK              0.20s
23/69 libadwaita / test-entry-row                OK              0.20s
24/69 libadwaita / test-expander-row             OK              0.17s
25/69 libadwaita / test-flap                     OK              0.18s
26/69 libadwaita / test-inline-view-switcher     OK              0.16s
27/69 libadwaita / test-header-bar               OK              0.17s
28/69 libadwaita / test-leaflet                  OK              0.18s
29/69 libadwaita / test-navigation-split-view    OK              0.16s
30/69 libadwaita / test-button-content           OK              0.32s
31/69 libadwaita / test-message-dialog           OK              0.18s
32/69 libadwaita / test-multi-layout-view        OK              0.17s
33/69 libadwaita / test-navigation-view          OK              0.19s
34/69 libadwaita / test-password-entry-row       OK              0.18s
35/69 libadwaita / test-overlay-split-view       OK              0.19s
36/69 libadwaita / test-preferences-dialog       OK              0.18s
37/69 libadwaita / test-preferences-page         OK              0.17s
38/69 libadwaita / test-preferences-group        OK              0.19s
39/69 libadwaita / test-preferences-row          OK              0.19s
40/69 libadwaita / test-preferences-window       OK              0.19s
41/69 libadwaita / test-sidebar                  OK              0.19s
42/69 libadwaita / test-sidebar-item             OK              0.18s
43/69 libadwaita / test-sidebar-section          OK              0.18s
44/69 libadwaita / test-shortcut-label           OK              0.18s
45/69 libadwaita / test-back-button              OK              0.45s
46/69 libadwaita / test-spinner                  OK              0.19s
47/69 libadwaita / test-spinner-paintable        OK              0.18s
48/69 libadwaita / test-spin-row                 OK              0.17s
49/69 libadwaita / test-split-button             OK              0.16s
50/69 libadwaita / test-squeezer                 OK              0.16s
51/69 libadwaita / test-status-page              OK              0.15s
52/69 libadwaita / test-switch-row               OK              0.15s
53/69 libadwaita / test-tab-bar                  OK              0.15s
54/69 libadwaita / test-tab-button               OK              0.17s
55/69 libadwaita / test-tab-view                 OK              0.16s
56/69 libadwaita / test-timed-animation          OK              0.16s
57/69 libadwaita / test-toggle-group             OK              0.14s
58/69 libadwaita / test-toast                    OK              0.16s
59/69 libadwaita / test-toolbar-view             OK              0.14s
60/69 libadwaita / test-tab-overview             OK              0.18s
61/69 libadwaita / test-toast-overlay            OK              0.16s
62/69 libadwaita / test-view-switcher            OK              0.13s
63/69 libadwaita / test-view-switcher-bar        OK              0.14s
64/69 libadwaita / test-window                   OK              0.13s
65/69 libadwaita / test-view-switcher-sidebar    OK              0.14s
66/69 libadwaita / test-window-title             OK              0.13s
67/69 libadwaita / test-wrap-layout              OK              0.14s
68/69 libadwaita / test-style-manager            OK              0.56s
69/69 libadwaita:doc / Validate docs             OK              2.55s

Ok:                69  
Fail:              0   

Full log written to /build/libadwaita-git/src/build/meson-logs/testlog.txt
[17:48:03.602] caught signal 15
[17:48:03.602] no-op renderer SHM seed: 2
