+ exec meson setup --prefix /usr --libexecdir lib --sbindir bin --buildtype plain --auto-features enabled --wrap-mode nodownload -D b_pie=true -D python.bytecompile=1 libadwaita build -D gtk_doc=true
The Meson build system
Version: 1.9.1
Source dir: /build/libadwaita-git/src/libadwaita
Build dir: /build/libadwaita-git/src/build
Build type: native build
DEPRECATION: Option "gtk_doc" is replaced by 'documentation'
Project name: libadwaita
Project version: 1.9.alpha
C compiler for the host machine: cc (gcc 15.2.1 "cc (GCC) 15.2.1 20250813")
C linker for the host machine: cc ld.bfd 2.45.0
Host machine cpu family: x86_64
Host machine cpu: x86_64
Found pkg-config: YES (/usr/bin/pkg-config) 2.5.1
Run-time dependency glib-2.0 found: YES 2.86.0
Run-time dependency gio-2.0 found: YES 2.86.0
Run-time dependency gtk4 found: YES 4.21.1
Run-time dependency fribidi found: YES 1.0.16
Run-time dependency appstream found: YES 1.1.1
Program g-ir-scanner found: YES (/usr/bin/g-ir-scanner)
Compiler for C supports arguments -Wcast-align: YES 
Compiler for C supports arguments -Wdate-time: YES 
Compiler for C supports arguments -Werror=format-security -Werror=format=2: YES 
Compiler for C supports arguments -Wendif-labels: YES 
Compiler for C supports arguments -Werror=incompatible-pointer-types: YES 
Compiler for C supports arguments -Werror=missing-declarations: YES 
Compiler for C supports arguments -Werror=overflow: YES 
Compiler for C supports arguments -Werror=return-type: YES 
Compiler for C supports arguments -Werror=shift-count-overflow: YES 
Compiler for C supports arguments -Werror=shift-overflow=2: YES 
Compiler for C supports arguments -Werror=implicit-fallthrough=3: YES 
Compiler for C supports arguments -Wformat-nonliteral: YES 
Compiler for C supports arguments -Wformat-security: YES 
Compiler for C supports arguments -Winit-self: YES 
Compiler for C supports arguments -Wmaybe-uninitialized: YES 
Compiler for C supports arguments -Wmissing-field-initializers: YES 
Compiler for C supports arguments -Wmissing-include-dirs: YES 
Compiler for C supports arguments -Wmissing-noreturn: YES 
Compiler for C supports arguments -Wnested-externs: YES 
Compiler for C supports arguments -Wno-missing-field-initializers: YES 
Compiler for C supports arguments -Wno-sign-compare: YES 
Compiler for C supports arguments -Wno-strict-aliasing: YES 
Compiler for C supports arguments -Wno-unused-parameter: YES 
Compiler for C supports arguments -Wold-style-definition: YES 
Compiler for C supports arguments -Wpointer-arith: YES 
Compiler for C supports arguments -Wredundant-decls: YES 
Compiler for C supports arguments -Wshadow: YES 
Compiler for C supports arguments -Wstrict-prototypes: YES 
Compiler for C supports arguments -Wswitch-default: YES 
Compiler for C supports arguments -Wswitch-enum: YES 
Compiler for C supports arguments -Wtype-limits: YES 
Compiler for C supports arguments -Wundef: YES 
Compiler for C supports arguments -Wunused-function: YES 
Compiler for C supports arguments -Wfloat-equal: YES 
Program sassc found: YES (/usr/bin/sassc)
Dependency gio-2.0 found: YES 2.86.0 (cached)
Program /usr/bin/glib-compile-resources found: YES (/usr/bin/glib-compile-resources)
Dependency gio-2.0 found: YES 2.86.0 (cached)
Program /usr/bin/glib-compile-resources found: YES (/usr/bin/glib-compile-resources)
Configuring adw-version.h using configuration
Dependency glib-2.0 found: YES 2.86.0 (cached)
Program /usr/bin/glib-mkenums found: YES (/usr/bin/glib-mkenums)
Dependency glib-2.0 found: YES 2.86.0 (cached)
Program /usr/bin/glib-mkenums found: YES (/usr/bin/glib-mkenums)
Dependency glib-2.0 found: YES 2.86.0 (cached)
Program /usr/bin/glib-mkenums found: YES (/usr/bin/glib-mkenums)
Dependency glib-2.0 found: YES 2.86.0 (cached)
Program /usr/bin/glib-mkenums found: YES (/usr/bin/glib-mkenums)
Dependency glib-2.0 found: YES 2.86.0 (cached)
Program /usr/bin/glib-genmarshal found: YES (/usr/bin/glib-genmarshal)
Program gen-public-types.py found: YES (/usr/bin/python /build/libadwaita-git/src/libadwaita/src/gen-public-types.py)
Library m found: YES
Configuring config.h using configuration
Checking if "ld_supports_version_script" links: YES 
Run-time dependency gobject-introspection-1.0 found: YES 1.86.0
Dependency gobject-introspection-1.0 found: YES 1.86.0 (cached)
Program /usr/bin/g-ir-scanner found: YES (/usr/bin/g-ir-scanner)
Dependency gobject-introspection-1.0 found: YES 1.86.0 (cached)
Program /usr/bin/g-ir-compiler found: YES (/usr/bin/g-ir-compiler)
Program vapigen found: YES (/usr/bin/vapigen)
Program msgfmt found: YES (/usr/bin/msgfmt)
Program msginit found: YES (/usr/bin/msginit)
Program msgmerge found: YES (/usr/bin/msgmerge)
Program xgettext found: YES (/usr/bin/xgettext)
Program desktop-file-validate found: NO
Program date found: YES (/usr/bin/date)
Program sh found: YES (/usr/bin/sh)
Configuring org.gnome.Adwaita1.Demo.metainfo.xml.in using configuration
Program appstreamcli found: YES (/usr/bin/appstreamcli)
Configuring config.h.in using configuration
Found git repository at /build/libadwaita-git/src/libadwaita
Dependency gio-2.0 found: YES 2.86.0 (cached)
Program /usr/bin/glib-compile-resources found: YES (/usr/bin/glib-compile-resources)
Dependency gtk4 found: YES 4.21.1 (cached)
Dependency libadwaita-1 found: YES 1.9.alpha (overridden)
Dependency gio-2.0 found: YES 2.86.0 (cached)
Program /usr/bin/glib-compile-resources found: YES (/usr/bin/glib-compile-resources)
Dependency gio-2.0 found: YES 2.86.0 (cached)
Program /usr/bin/glib-compile-resources found: YES (/usr/bin/glib-compile-resources)
Dependency gio-2.0 found: YES 2.86.0 (cached)
Program /usr/bin/glib-compile-resources found: YES (/usr/bin/glib-compile-resources)
Configuring libadwaita.toml using configuration
Build-time dependency gi-docgen found: YES 2025.5
Program gi-docgen found: YES (/usr/bin/gi-docgen)
Configuring run using configuration
Build targets in project: 169

libadwaita 1.9.alpha

  Options
    Tests             : true
    Examples          : true
    Documentation     : true
    Introspection     : true
    Vapi              : true

  User defined options
    auto_features     : enabled
    b_pie             : true
    buildtype         : plain
    gtk_doc           : true
    libexecdir        : lib
    prefix            : /usr
    python.bytecompile: 1
    sbindir           : bin
    wrap_mode         : nodownload

Found ninja-1.12.1 at /usr/bin/ninja
Generating targets:   0%|          | 0/169 eta ?Generating targets:  70%|██████▉   | 118/169 eta 00:00                                                      Writing build.ninja:   0%|          | 0/637 eta ?                                                 ninja: Entering directory `/build/libadwaita-git/src/build'
[1/605] Generating tests/adwaita-test-resources_c with a custom command
[2/605] Generating tests/adwaita-test-resources_h with a custom command
[3/605] Building translation po/ab/LC_MESSAGES/libadwaita-ab.mo
[4/605] Building translation po/ca/LC_MESSAGES/libadwaita-ca.mo
[5/605] Building translation po/cs/LC_MESSAGES/libadwaita-cs.mo
[6/605] Generating tests/manual/adwaita-manual-test-resources_h with a custom command
[7/605] Generating doc/tools/screenshot-resources_c with a custom command
[8/605] Generating doc/tools/screenshot-resources_h with a custom command
[9/605] Building translation po/be/LC_MESSAGES/libadwaita-be.mo
[10/605] Building translation po/bg/LC_MESSAGES/libadwaita-bg.mo
[11/605] Building translation po/da/LC_MESSAGES/libadwaita-da.mo
[12/605] Generating tests/manual/adwaita-manual-test-resources_c with a custom command
[13/605] Building translation po/de/LC_MESSAGES/libadwaita-de.mo
[14/605] Building translation po/el/LC_MESSAGES/libadwaita-el.mo
[15/605] Building translation po/en_GB/LC_MESSAGES/libadwaita-en_GB.mo
[16/605] Building translation po/eo/LC_MESSAGES/libadwaita-eo.mo
[17/605] Building translation po/es/LC_MESSAGES/libadwaita-es.mo
[18/605] Building translation po/eu/LC_MESSAGES/libadwaita-eu.mo
[19/605] Building translation po/fa/LC_MESSAGES/libadwaita-fa.mo
[20/605] Building translation po/fil/LC_MESSAGES/libadwaita-fil.mo
[21/605] Building translation po/fr/LC_MESSAGES/libadwaita-fr.mo
[22/605] Building translation po/fi/LC_MESSAGES/libadwaita-fi.mo
[23/605] Building translation po/fur/LC_MESSAGES/libadwaita-fur.mo
[24/605] Building translation po/gl/LC_MESSAGES/libadwaita-gl.mo
[25/605] Building translation po/he/LC_MESSAGES/libadwaita-he.mo
[26/605] Building translation po/hi/LC_MESSAGES/libadwaita-hi.mo
[27/605] Building translation po/hr/LC_MESSAGES/libadwaita-hr.mo
[28/605] Building translation po/hu/LC_MESSAGES/libadwaita-hu.mo
[29/605] Building translation po/ia/LC_MESSAGES/libadwaita-ia.mo
[30/605] Building translation po/id/LC_MESSAGES/libadwaita-id.mo
[31/605] Building translation po/it/LC_MESSAGES/libadwaita-it.mo
[32/605] Building translation po/ja/LC_MESSAGES/libadwaita-ja.mo
[33/605] Building translation po/ka/LC_MESSAGES/libadwaita-ka.mo
[34/605] Building translation po/kab/LC_MESSAGES/libadwaita-kab.mo
[35/605] Building translation po/kk/LC_MESSAGES/libadwaita-kk.mo
[36/605] Building translation po/ko/LC_MESSAGES/libadwaita-ko.mo
[37/605] Building translation po/lt/LC_MESSAGES/libadwaita-lt.mo
[38/605] Building translation po/lv/LC_MESSAGES/libadwaita-lv.mo
[39/605] Building translation po/nb/LC_MESSAGES/libadwaita-nb.mo
[40/605] Building translation po/ne/LC_MESSAGES/libadwaita-ne.mo
[41/605] Building translation po/nl/LC_MESSAGES/libadwaita-nl.mo
[42/605] Building translation po/oc/LC_MESSAGES/libadwaita-oc.mo
[43/605] Building translation po/pa/LC_MESSAGES/libadwaita-pa.mo
[44/605] Building translation po/pl/LC_MESSAGES/libadwaita-pl.mo
[45/605] Building translation po/pt/LC_MESSAGES/libadwaita-pt.mo
[46/605] Building translation po/ro/LC_MESSAGES/libadwaita-ro.mo
[47/605] Building translation po/ru/LC_MESSAGES/libadwaita-ru.mo
[48/605] Building translation po/sk/LC_MESSAGES/libadwaita-sk.mo
[49/605] Building translation po/sl/LC_MESSAGES/libadwaita-sl.mo
[50/605] Building translation po/pt_BR/LC_MESSAGES/libadwaita-pt_BR.mo
[51/605] Building translation po/sr/LC_MESSAGES/libadwaita-sr.mo
[52/605] Building translation po/th/LC_MESSAGES/libadwaita-th.mo
[53/605] Building translation po/vi/LC_MESSAGES/libadwaita-vi.mo
[54/605] Building translation po/uz/LC_MESSAGES/libadwaita-uz.mo
[55/605] Building translation po/sv/LC_MESSAGES/libadwaita-sv.mo
[56/605] Building translation po/uk/LC_MESSAGES/libadwaita-uk.mo
[57/605] Building translation po/ug/LC_MESSAGES/libadwaita-ug.mo
[58/605] Building translation po/tr/LC_MESSAGES/libadwaita-tr.mo
[59/605] Building translation po/zh_CN/LC_MESSAGES/libadwaita-zh_CN.mo
[60/605] Generating glib marshaller header src/adw-marshalers_h
[61/605] Building translation po/zh_TW/LC_MESSAGES/libadwaita-zh_TW.mo
[62/605] Generating glib marshaller source src/adw-marshalers_c
[63/605] Generating GObject enum file src/adw-enums-private.c (wrapped by meson because command contains newlines, to capture output)
[64/605] Generating GObject enum file src/adw-enums-private.h (wrapped by meson because command contains newlines, to capture output)
[65/605] Generating demo/config.h with a custom command
[66/605] Generating GObject enum file src/adw-enums.h (wrapped by meson because command contains newlines, to capture output)
[67/605] Generating GObject enum file src/adw-enums.c (wrapped by meson because command contains newlines, to capture output)
[68/605] Generating src/adw-resources_h with a custom command
[69/605] Generating src/adw-resources_c with a custom command
[70/605] Merging translations for demo/data/org.gnome.Adwaita1.Demo.metainfo.xml
[71/605] Merging translations for demo/data/org.gnome.Adwaita1.Demo.desktop
[72/605] Generating src/adw-public-types.c with a custom command (wrapped by meson to capture output)
[73/605] Generating src/stylesheet/default.scss with a custom command
[74/605] Generating src/stylesheet/high-contrast.scss with a custom command
[75/605] Compiling C object tests/manual/test-navigation.p/meson-generated_.._adwaita-manual-test-resources.c.o
[76/605] Compiling C object tests/manual/test-button-states.p/meson-generated_.._adwaita-manual-test-resources.c.o
[77/605] Compiling C object tests/manual/test-shortcut-labels.p/meson-generated_.._adwaita-manual-test-resources.c.o
[78/605] Generating src/stylesheet/adwaita-stylesheet-resources_h with a custom command
[79/605] Compiling C object tests/manual/test-alert-dialogs.p/meson-generated_.._adwaita-manual-test-resources.c.o
[80/605] Compiling C object tests/manual/test-shortcuts-dialogs.p/meson-generated_.._adwaita-manual-test-resources.c.o
[81/605] Generating src/stylesheet/adwaita-stylesheet-resources_c with a custom command
[82/605] Compiling C object tests/manual/test-split-views.p/meson-generated_.._adwaita-manual-test-resources.c.o
[83/605] Compiling C object tests/manual/test-toolbars.p/meson-generated_.._adwaita-manual-test-resources.c.o
[84/605] Compiling C object tests/manual/test-toggle-groups.p/meson-generated_.._adwaita-manual-test-resources.c.o
[85/605] Compiling C object tests/manual/test-avatar-colors.p/meson-generated_.._adwaita-manual-test-resources.c.o
[86/605] Compiling C object tests/manual/test-breakpoints.p/meson-generated_.._adwaita-manual-test-resources.c.o
[87/605] Compiling C object tests/manual/test-view-switcher-bars.p/meson-generated_.._adwaita-manual-test-resources.c.o
[88/605] Compiling C object src/libadwaita-1.so.0.p/meson-generated_.._adw-marshalers.c.o
[89/605] Compiling C object tests/manual/test-view-switchers.p/meson-generated_.._adwaita-manual-test-resources.c.o
[90/605] Compiling C object src/libadwaita-1.so.0.p/meson-generated_.._adw-resources.c.o
[91/605] Compiling C object src/libadwaita-1.so.0.p/meson-generated_.._stylesheet_adwaita-stylesheet-resources.c.o
[92/605] Compiling C object examples/hello-world/hello.p/hello.c.o
[93/605] Generating demo/adwaita-demo-resources_c with a custom command
[94/605] Compiling C object tests/manual/test-toggle-groups.p/test-toggle-groups.c.o
[95/605] Compiling C object tests/manual/test-toolbars.p/test-toolbars.c.o
[96/605] Compiling C object tests/manual/test-alert-dialogs.p/test-alert-dialogs.c.o
[97/605] Generating demo/adwaita-demo-resources_h with a custom command
[98/605] Compiling C object tests/manual/test-split-views.p/test-split-views.c.o
[99/605] Compiling C object tests/manual/test-avatar-colors.p/test-avatar-colors.c.o
[100/605] Compiling C object tests/manual/test-breakpoints.p/test-breakpoints.c.o
[101/605] Compiling C object tests/manual/test-navigation.p/test-navigation.c.o
[102/605] Compiling C object tests/manual/test-button-states.p/test-button-states.c.o
[103/605] Compiling C object tests/manual/test-shortcuts-dialogs.p/test-shortcuts-dialogs.c.o
[104/605] Compiling C object tests/manual/test-shortcut-labels.p/test-shortcut-labels.c.o
[105/605] Compiling C object src/libadwaita-1.so.0.p/meson-generated_.._adw-enums-private.c.o
[106/605] Compiling C object tests/manual/test-view-switcher-bars.p/test-view-switcher-bars.c.o
[107/605] Compiling C object tests/manual/test-view-switchers.p/test-view-switchers.c.o
[108/605] Compiling C object src/libadwaita-1.so.0.p/meson-generated_.._adw-enums.c.o
[109/605] Compiling C object src/libadwaita-1.so.0.p/meson-generated_.._adw-public-types.c.o
[110/605] Compiling C object src/libadwaita-1.so.0.p/adw-action-row.c.o
[111/605] Compiling C object src/libadwaita-1.so.0.p/adw-accent-color.c.o
[112/605] Compiling C object src/libadwaita-1.so.0.p/adw-animation.c.o
[113/605] Compiling C object src/libadwaita-1.so.0.p/adw-about-window.c.o
[114/605] Compiling C object src/libadwaita-1.so.0.p/adw-animation-target.c.o
[115/605] Compiling C object src/libadwaita-1.so.0.p/adw-animation-util.c.o
[116/605] Compiling C object src/libadwaita-1.so.0.p/adw-alert-dialog.c.o
[117/605] Compiling C object src/libadwaita-1.so.0.p/adw-easing.c.o
[118/605] Compiling C object src/libadwaita-1.so.0.p/adw-about-dialog.c.o
[119/605] Compiling C object src/libadwaita-1.so.0.p/adw-application.c.o
[120/605] Compiling C object src/libadwaita-1.so.0.p/adw-application-window.c.o
[121/605] Compiling C object src/libadwaita-1.so.0.p/adw-banner.c.o
[122/605] Compiling C object src/libadwaita-1.so.0.p/adw-bin.c.o
[123/605] Compiling C object src/libadwaita-1.so.0.p/adw-avatar.c.o
[124/605] Compiling C object src/libadwaita-1.so.0.p/adw-button-content.c.o
[125/605] Compiling C object src/libadwaita-1.so.0.p/adw-breakpoint-bin.c.o
[126/605] Compiling C object src/libadwaita-1.so.0.p/adw-fold-threshold-policy.c.o
[127/605] Compiling C object src/libadwaita-1.so.0.p/adw-clamp-layout.c.o
[128/605] Compiling C object src/libadwaita-1.so.0.p/adw-carousel-indicator-dots.c.o
[129/605] Compiling C object src/libadwaita-1.so.0.p/adw-breakpoint.c.o
[130/605] Compiling C object src/libadwaita-1.so.0.p/adw-button-row.c.o
[131/605] Compiling C object src/libadwaita-1.so.0.p/adw-clamp.c.o
[132/605] Compiling C object src/libadwaita-1.so.0.p/adw-carousel.c.o
[133/605] Compiling C object src/libadwaita-1.so.0.p/adw-bottom-sheet.c.o
[134/605] Compiling C object src/libadwaita-1.so.0.p/adw-carousel-indicator-lines.c.o
[135/605] Compiling C object src/libadwaita-1.so.0.p/adw-clamp-scrollable.c.o
[136/605] Compiling C object src/libadwaita-1.so.0.p/adw-navigation-direction.c.o
[137/605] Compiling C object src/libadwaita-1.so.0.p/adw-combo-row.c.o
[138/605] Compiling C object src/libadwaita-1.so.0.p/adw-entry-row.c.o
[139/605] Compiling C object src/libadwaita-1.so.0.p/adw-dialog.c.o
[140/605] Compiling C object src/libadwaita-1.so.0.p/adw-enum-list-model.c.o
[141/605] Compiling C object src/libadwaita-1.so.0.p/adw-inline-view-switcher.c.o
[142/605] Compiling C object src/libadwaita-1.so.0.p/adw-layout.c.o
[143/605] Compiling C object src/libadwaita-1.so.0.p/adw-flap.c.o
[144/605] Compiling C object src/libadwaita-1.so.0.p/adw-length-unit.c.o
[145/605] Compiling C object src/libadwaita-1.so.0.p/adw-expander-row.c.o
[146/605] Compiling C object src/libadwaita-1.so.0.p/adw-header-bar.c.o
[147/605] Compiling C object src/libadwaita-1.so.0.p/adw-main.c.o
[148/605] Compiling C object src/libadwaita-1.so.0.p/adw-layout-slot.c.o
[149/605] Compiling C object src/libadwaita-1.so.0.p/adw-multi-layout-view.c.o
[150/605] Compiling C object src/libadwaita-1.so.0.p/adw-password-entry-row.c.o
[151/605] Compiling C object src/libadwaita-1.so.0.p/adw-shortcut-label.c.o
[152/605] Compiling C object src/libadwaita-1.so.0.p/adw-message-dialog.c.o
[153/605] Compiling C object src/libadwaita-1.so.0.p/adw-navigation-split-view.c.o
[154/605] Compiling C object src/libadwaita-1.so.0.p/adw-preferences-group.c.o
[155/605] Compiling C object src/libadwaita-1.so.0.p/adw-preferences-row.c.o
[156/605] Compiling C object src/libadwaita-1.so.0.p/adw-overlay-split-view.c.o
[157/605] Compiling C object src/libadwaita-1.so.0.p/adw-preferences-page.c.o
[158/605] Compiling C object src/libadwaita-1.so.0.p/adw-preferences-window.c.o
[159/605] Compiling C object src/libadwaita-1.so.0.p/adw-shortcuts-item.c.o
[160/605] Compiling C object src/libadwaita-1.so.0.p/adw-leaflet.c.o
[161/605] Compiling C object src/libadwaita-1.so.0.p/adw-spring-params.c.o
[162/605] Compiling C object src/libadwaita-1.so.0.p/adw-navigation-view.c.o
[163/605] Compiling C object src/libadwaita-1.so.0.p/adw-shortcuts-dialog.c.o
[164/605] Compiling C object src/libadwaita-1.so.0.p/adw-preferences-dialog.c.o
[165/605] Compiling C object src/libadwaita-1.so.0.p/adw-version.c.o
[166/605] Compiling C object src/libadwaita-1.so.0.p/adw-shortcuts-section.c.o
[167/605] Compiling C object src/libadwaita-1.so.0.p/adw-sidebar-item.c.o
[168/605] Compiling C object src/libadwaita-1.so.0.p/adw-sidebar.c.o
[169/605] Compiling C object src/libadwaita-1.so.0.p/adw-spinner.c.o
[170/605] Compiling C object src/libadwaita-1.so.0.p/adw-sidebar-section.c.o
[171/605] Compiling C object src/libadwaita-1.so.0.p/adw-spin-row.c.o
[172/605] Compiling C object src/libadwaita-1.so.0.p/adw-spinner-paintable.c.o
[173/605] Compiling C object src/libadwaita-1.so.0.p/adw-spring-animation.c.o
[174/605] Compiling C object src/libadwaita-1.so.0.p/adw-split-button.c.o
[175/605] Compiling C object src/libadwaita-1.so.0.p/adw-squeezer.c.o
[176/605] Compiling C object src/libadwaita-1.so.0.p/adw-swipeable.c.o
[177/605] Compiling C object src/libadwaita-1.so.0.p/adw-status-page.c.o
[178/605] Compiling C object src/libadwaita-1.so.0.p/adw-switch-row.c.o
[179/605] Compiling C object src/libadwaita-1.so.0.p/adw-swipe-tracker.c.o
[180/605] Compiling C object src/libadwaita-1.so.0.p/adw-tab-button.c.o
[181/605] Compiling C object src/libadwaita-1.so.0.p/adw-style-manager.c.o
[182/605] Compiling C object src/libadwaita-1.so.0.p/adw-tab-bar.c.o
[183/605] Compiling C object src/libadwaita-1.so.0.p/adw-toast-overlay.c.o
[184/605] Compiling C object src/libadwaita-1.so.0.p/adw-tab-overview.c.o
[185/605] Compiling C object src/libadwaita-1.so.0.p/adw-bidi.c.o
[186/605] Compiling C object src/libadwaita-1.so.0.p/adw-view-stack.c.o
[187/605] Compiling C object src/libadwaita-1.so.0.p/adw-toolbar-view.c.o
[188/605] Compiling C object src/libadwaita-1.so.0.p/adw-view-switcher.c.o
[189/605] Compiling C object src/libadwaita-1.so.0.p/adw-timed-animation.c.o
[190/605] Compiling C object src/libadwaita-1.so.0.p/adw-toggle-group.c.o
[191/605] Compiling C object src/libadwaita-1.so.0.p/adw-toast.c.o
[192/605] Compiling C object src/libadwaita-1.so.0.p/adw-tab-view.c.o
[193/605] Compiling C object src/libadwaita-1.so.0.p/adw-view-switcher-title.c.o
[194/605] Compiling C object src/libadwaita-1.so.0.p/adw-view-switcher-bar.c.o
[195/605] Compiling C object src/libadwaita-1.so.0.p/adw-view-switcher-sidebar.c.o
[196/605] Compiling C object src/libadwaita-1.so.0.p/adw-window-title.c.o
[197/605] Compiling C object src/libadwaita-1.so.0.p/adw-window.c.o
[198/605] Compiling C object src/libadwaita-1.so.0.p/adw-adaptive-preview.c.o
[199/605] Compiling C object src/libadwaita-1.so.0.p/adw-wrap-box.c.o
[200/605] Compiling C object src/libadwaita-1.so.0.p/adw-color-utils.c.o
[201/605] Compiling C object src/libadwaita-1.so.0.p/adw-back-button.c.o
[202/605] Compiling C object src/libadwaita-1.so.0.p/adw-fading-label.c.o
[203/605] Compiling C object src/libadwaita-1.so.0.p/adw-wrap-layout.c.o
[204/605] Compiling C object src/libadwaita-1.so.0.p/adw-gtkbuilder-utils.c.o
[205/605] Compiling C object src/libadwaita-1.so.0.p/adw-gizmo.c.o
[206/605] Compiling C object src/libadwaita-1.so.0.p/adw-floating-sheet.c.o
[207/605] Compiling C object src/libadwaita-1.so.0.p/adw-dialog-host.c.o
[208/605] Compiling C object src/libadwaita-1.so.0.p/adw-indicator-bin.c.o
[209/605] Compiling C object src/libadwaita-1-internal.a.p/meson-generated_.._adw-marshalers.c.o
[210/605] Compiling C object src/libadwaita-1.so.0.p/adw-settings-impl-gsettings.c.o
[211/605] Compiling C object src/libadwaita-1-internal.a.p/meson-generated_.._stylesheet_adwaita-stylesheet-resources.c.o
[212/605] Compiling C object src/libadwaita-1.so.0.p/adw-settings-impl-legacy.c.o
[213/605] Compiling C object src/libadwaita-1.so.0.p/adw-settings.c.o
[214/605] Compiling C object src/libadwaita-1-internal.a.p/meson-generated_.._adw-resources.c.o
[215/605] Compiling C object src/libadwaita-1.so.0.p/adw-inspector-page.c.o
[216/605] Compiling C object src/libadwaita-1.so.0.p/adw-shortcut-row.c.o
[217/605] Compiling C object src/libadwaita-1.so.0.p/adw-settings-impl.c.o
[218/605] Compiling C object src/libadwaita-1.so.0.p/adw-tab.c.o
[219/605] Compiling C object src/libadwaita-1.so.0.p/adw-shadow-helper.c.o
[220/605] Compiling C object src/libadwaita-1.so.0.p/adw-sheet-controls.c.o
[221/605] Compiling C object src/libadwaita-1-internal.a.p/meson-generated_.._adw-enums-private.c.o
[222/605] Compiling C object src/libadwaita-1.so.0.p/adw-tab-thumbnail.c.o
[223/605] Compiling C object src/libadwaita-1.so.0.p/adw-settings-impl-portal.c.o
[224/605] Compiling C object src/libadwaita-1.so.0.p/adw-toast-widget.c.o
[225/605] Compiling C object src/libadwaita-1.so.0.p/adw-view-switcher-button.c.o
[226/605] Compiling C object src/libadwaita-1.so.0.p/adw-tab-box.c.o
[227/605] Compiling C object src/libadwaita-1.so.0.p/adw-tab-grid.c.o
[228/605] Compiling C object src/libadwaita-1-internal.a.p/adw-accent-color.c.o
[229/605] Compiling C object src/libadwaita-1.so.0.p/adw-widget-utils.c.o
[230/605] Compiling C object src/libadwaita-1-internal.a.p/meson-generated_.._adw-enums.c.o
[231/605] Compiling C object src/libadwaita-1-internal.a.p/meson-generated_.._adw-public-types.c.o
[232/605] Compiling C object src/libadwaita-1-internal.a.p/adw-animation-util.c.o
[233/605] Compiling C object src/libadwaita-1-internal.a.p/adw-action-row.c.o
[234/605] Compiling C object src/libadwaita-1-internal.a.p/adw-application.c.o
[235/605] Compiling C object src/libadwaita-1-internal.a.p/adw-animation-target.c.o
[236/605] Compiling C object src/libadwaita-1-internal.a.p/adw-animation.c.o
[237/605] Compiling C object src/libadwaita-1-internal.a.p/adw-alert-dialog.c.o
[238/605] Compiling C object src/libadwaita-1-internal.a.p/adw-about-dialog.c.o
[239/605] Compiling C object src/libadwaita-1-internal.a.p/adw-bin.c.o
[240/605] Compiling C object src/libadwaita-1-internal.a.p/adw-avatar.c.o
[241/605] Compiling C object src/libadwaita-1-internal.a.p/adw-banner.c.o
[242/605] Compiling C object src/libadwaita-1-internal.a.p/adw-about-window.c.o
[243/605] Compiling C object src/libadwaita-1-internal.a.p/adw-easing.c.o
[244/605] Compiling C object src/libadwaita-1-internal.a.p/adw-application-window.c.o
[245/605] Compiling C object src/libadwaita-1-internal.a.p/adw-fold-threshold-policy.c.o
[246/605] Compiling C object src/libadwaita-1-internal.a.p/adw-bottom-sheet.c.o
[247/605] Compiling C object src/libadwaita-1-internal.a.p/adw-button-content.c.o
[248/605] Compiling C object src/libadwaita-1-internal.a.p/adw-breakpoint.c.o
[249/605] Compiling C object src/libadwaita-1-internal.a.p/adw-breakpoint-bin.c.o
[250/605] Compiling C object src/libadwaita-1-internal.a.p/adw-navigation-direction.c.o
[251/605] Compiling C object src/libadwaita-1-internal.a.p/adw-carousel-indicator-dots.c.o
[252/605] Compiling C object src/libadwaita-1-internal.a.p/adw-button-row.c.o
[253/605] Compiling C object src/libadwaita-1-internal.a.p/adw-carousel-indicator-lines.c.o
[254/605] Compiling C object src/libadwaita-1-internal.a.p/adw-carousel.c.o
[255/605] Compiling C object src/libadwaita-1-internal.a.p/adw-clamp-scrollable.c.o
[256/605] Compiling C object src/libadwaita-1-internal.a.p/adw-clamp-layout.c.o
[257/605] Compiling C object src/libadwaita-1-internal.a.p/adw-clamp.c.o
[258/605] Compiling C object src/libadwaita-1-internal.a.p/adw-combo-row.c.o
[259/605] Compiling C object src/libadwaita-1-internal.a.p/adw-enum-list-model.c.o
[260/605] Compiling C object src/libadwaita-1-internal.a.p/adw-expander-row.c.o
[261/605] Compiling C object src/libadwaita-1-internal.a.p/adw-entry-row.c.o
[262/605] Compiling C object src/libadwaita-1-internal.a.p/adw-main.c.o
[263/605] Compiling C object src/libadwaita-1-internal.a.p/adw-flap.c.o
[264/605] Compiling C object src/libadwaita-1-internal.a.p/adw-length-unit.c.o
[265/605] Compiling C object src/libadwaita-1-internal.a.p/adw-layout-slot.c.o
[266/605] Compiling C object src/libadwaita-1-internal.a.p/adw-layout.c.o
[267/605] Compiling C object src/libadwaita-1-internal.a.p/adw-inline-view-switcher.c.o
[268/605] Compiling C object src/libadwaita-1-internal.a.p/adw-dialog.c.o
[269/605] Compiling C object src/libadwaita-1-internal.a.p/adw-multi-layout-view.c.o
[270/605] Compiling C object src/libadwaita-1-internal.a.p/adw-header-bar.c.o
[271/605] Compiling C object src/libadwaita-1-internal.a.p/adw-leaflet.c.o
[272/605] Compiling C object src/libadwaita-1-internal.a.p/adw-message-dialog.c.o
[273/605] Compiling C object src/libadwaita-1-internal.a.p/adw-password-entry-row.c.o
[274/605] Compiling C object src/libadwaita-1-internal.a.p/adw-navigation-split-view.c.o
[275/605] Compiling C object src/libadwaita-1-internal.a.p/adw-preferences-group.c.o
[276/605] Compiling C object src/libadwaita-1-internal.a.p/adw-spring-params.c.o
[277/605] Compiling C object src/libadwaita-1-internal.a.p/adw-overlay-split-view.c.o
[278/605] Compiling C object src/libadwaita-1-internal.a.p/adw-navigation-view.c.o
[279/605] Compiling C object src/libadwaita-1-internal.a.p/adw-preferences-dialog.c.o
[280/605] Compiling C object src/libadwaita-1-internal.a.p/adw-preferences-page.c.o
[281/605] Compiling C object src/libadwaita-1-internal.a.p/adw-shortcut-label.c.o
[282/605] Compiling C object src/libadwaita-1-internal.a.p/adw-shortcuts-item.c.o
[283/605] Compiling C object src/libadwaita-1-internal.a.p/adw-preferences-window.c.o
[284/605] Compiling C object src/libadwaita-1-internal.a.p/adw-preferences-row.c.o
[285/605] Compiling C object src/libadwaita-1-internal.a.p/adw-shortcuts-section.c.o
[286/605] Compiling C object src/libadwaita-1-internal.a.p/adw-shortcuts-dialog.c.o
[287/605] Compiling C object src/libadwaita-1-internal.a.p/adw-sidebar-item.c.o
[288/605] Compiling C object src/libadwaita-1-internal.a.p/adw-sidebar-section.c.o
[289/605] Compiling C object src/libadwaita-1-internal.a.p/adw-spinner.c.o
[290/605] Compiling C object src/libadwaita-1-internal.a.p/adw-spinner-paintable.c.o
[291/605] Compiling C object src/libadwaita-1-internal.a.p/adw-version.c.o
[292/605] Compiling C object src/libadwaita-1-internal.a.p/adw-split-button.c.o
[293/605] Compiling C object src/libadwaita-1-internal.a.p/adw-swipe-tracker.c.o
[294/605] Compiling C object src/libadwaita-1-internal.a.p/adw-squeezer.c.o
[295/605] Compiling C object src/libadwaita-1-internal.a.p/adw-spring-animation.c.o
[296/605] Compiling C object src/libadwaita-1-internal.a.p/adw-sidebar.c.o
[297/605] Compiling C object src/libadwaita-1-internal.a.p/adw-swipeable.c.o
[298/605] Compiling C object src/libadwaita-1-internal.a.p/adw-style-manager.c.o
[299/605] Compiling C object src/libadwaita-1-internal.a.p/adw-spin-row.c.o
[300/605] Compiling C object src/libadwaita-1-internal.a.p/adw-switch-row.c.o
[301/605] Compiling C object src/libadwaita-1-internal.a.p/adw-view-switcher.c.o
[302/605] Compiling C object src/libadwaita-1-internal.a.p/adw-toggle-group.c.o
[303/605] Compiling C object src/libadwaita-1-internal.a.p/adw-tab-overview.c.o
[304/605] Compiling C object src/libadwaita-1-internal.a.p/adw-tab-bar.c.o
[305/605] Compiling C object src/libadwaita-1-internal.a.p/adw-toast.c.o
[306/605] Compiling C object src/libadwaita-1-internal.a.p/adw-window-title.c.o
[307/605] Compiling C object src/libadwaita-1-internal.a.p/adw-status-page.c.o
[308/605] Compiling C object src/libadwaita-1-internal.a.p/adw-tab-view.c.o
[309/605] Compiling C object src/libadwaita-1-internal.a.p/adw-bidi.c.o
[310/605] Compiling C object src/libadwaita-1-internal.a.p/adw-color-utils.c.o
[311/605] Compiling C object src/libadwaita-1-internal.a.p/adw-toast-overlay.c.o
[312/605] Compiling C object src/libadwaita-1-internal.a.p/adw-tab-button.c.o
[313/605] Compiling C object src/libadwaita-1-internal.a.p/adw-adaptive-preview.c.o
[314/605] Compiling C object src/libadwaita-1-internal.a.p/adw-fading-label.c.o
[315/605] Compiling C object src/libadwaita-1-internal.a.p/adw-view-stack.c.o
[316/605] Compiling C object src/libadwaita-1-internal.a.p/adw-back-button.c.o
[317/605] Compiling C object src/libadwaita-1-internal.a.p/adw-timed-animation.c.o
[318/605] Compiling C object src/libadwaita-1-internal.a.p/adw-view-switcher-bar.c.o
[319/605] Compiling C object src/libadwaita-1-internal.a.p/adw-wrap-layout.c.o
[320/605] Compiling C object src/libadwaita-1-internal.a.p/adw-toolbar-view.c.o
[321/605] Compiling C object src/libadwaita-1-internal.a.p/adw-dialog-host.c.o
[322/605] Compiling C object src/libadwaita-1-internal.a.p/adw-gizmo.c.o
[323/605] Compiling C object src/libadwaita-1-internal.a.p/adw-gtkbuilder-utils.c.o
[324/605] Compiling C object src/libadwaita-1-internal.a.p/adw-wrap-box.c.o
[325/605] Compiling C object src/libadwaita-1-internal.a.p/adw-sheet-controls.c.o
[326/605] Compiling C object src/libadwaita-1-internal.a.p/adw-inspector-page.c.o
[327/605] Compiling C object src/libadwaita-1-internal.a.p/adw-floating-sheet.c.o
[328/605] Compiling C object src/libadwaita-1-internal.a.p/adw-shortcut-row.c.o
[329/605] Compiling C object src/libadwaita-1-internal.a.p/adw-indicator-bin.c.o
[330/605] Compiling C object src/libadwaita-1-internal.a.p/adw-shadow-helper.c.o
[331/605] Compiling C object src/libadwaita-1-internal.a.p/adw-view-switcher-title.c.o
[332/605] Compiling C object src/libadwaita-1-internal.a.p/adw-tab.c.o
[333/605] Compiling C object src/libadwaita-1-internal.a.p/adw-view-switcher-sidebar.c.o
[334/605] Compiling C object src/libadwaita-1-internal.a.p/adw-window.c.o
[335/605] Compiling C object src/libadwaita-1-internal.a.p/adw-settings-impl.c.o
[336/605] Compiling C object demo/adwaita-1-demo.p/meson-generated_.._adwaita-demo-resources.c.o
[337/605] Compiling C object src/libadwaita-1-internal.a.p/adw-view-switcher-button.c.o
[338/605] Compiling C object src/libadwaita-1-internal.a.p/adw-settings-impl-portal.c.o
[339/605] Compiling C object src/libadwaita-1-internal.a.p/adw-settings.c.o
[340/605] Compiling C object src/libadwaita-1-internal.a.p/adw-settings-impl-gsettings.c.o
[341/605] Compiling C object src/libadwaita-1-internal.a.p/adw-widget-utils.c.o
[342/605] Compiling C object demo/adwaita-1-demo.p/pages_about_adw-demo-page-about.c.o
[343/605] Compiling C object src/libadwaita-1-internal.a.p/adw-tab-box.c.o
[344/605] Compiling C object src/libadwaita-1-internal.a.p/adw-toast-widget.c.o
[345/605] Compiling C object src/libadwaita-1-internal.a.p/adw-settings-impl-legacy.c.o
[346/605] Compiling C object demo/adwaita-1-demo.p/pages_lists_adw-demo-page-lists.c.o
[347/605] Compiling C object demo/adwaita-1-demo.p/pages_alerts_adw-demo-page-alerts.c.o
[348/605] Compiling C object demo/adwaita-1-demo.p/pages_clamp_adw-demo-page-clamp.c.o
[349/605] Compiling C object demo/adwaita-1-demo.p/pages_avatar_adw-demo-page-avatar.c.o
[350/605] Compiling C object src/libadwaita-1-internal.a.p/adw-tab-thumbnail.c.o
[351/605] Compiling C object demo/adwaita-1-demo.p/pages_carousel_adw-demo-page-carousel.c.o
[352/605] Compiling C object demo/adwaita-1-demo.p/pages_spinner_adw-demo-page-spinner.c.o
[353/605] Compiling C object demo/adwaita-1-demo.p/pages_split-views_adw-demo-page-split-views.c.o
[354/605] Compiling C object demo/adwaita-1-demo.p/pages_banners_adw-demo-page-banners.c.o
[355/605] Compiling C object demo/adwaita-1-demo.p/pages_multi-layout_adw-multi-layout-demo-dialog.c.o
[356/605] Compiling C object demo/adwaita-1-demo.p/pages_animations_adw-demo-page-animations.c.o
[357/605] Compiling C object demo/adwaita-1-demo.p/pages_navigation-view_adw-navigation-view-demo-dialog.c.o
[358/605] Compiling C object src/libadwaita-1-internal.a.p/adw-tab-grid.c.o
[359/605] Compiling C object demo/adwaita-1-demo.p/pages_buttons_adw-demo-page-buttons.c.o
[360/605] Linking static target src/libadwaita-1-internal.a
[361/605] Compiling C object demo/adwaita-1-demo.p/pages_split-views_adw-navigation-split-view-demo-dialog.c.o
[362/605] Compiling C object demo/adwaita-1-demo.p/pages_bottom-sheets_adw-demo-page-bottom-sheets.c.o
[363/605] Compiling C object tests/test-about-dialog.p/meson-generated_.._adwaita-test-resources.c.o
[364/605] Compiling C object tests/test-about-window.p/meson-generated_.._adwaita-test-resources.c.o
[365/605] Compiling C object demo/adwaita-1-demo.p/pages_split-views_adw-overlay-split-view-demo-dialog.c.o
[366/605] Compiling C object demo/adwaita-1-demo.p/pages_tab-view_adw-demo-page-tab-view.c.o
[367/605] Compiling C object demo/adwaita-1-demo.p/pages_tab-view_adw-tab-view-demo-page.c.o
[368/605] Compiling C object demo/adwaita-1-demo.p/pages_styles_adw-style-demo-dialog.c.o
[369/605] Compiling C object demo/adwaita-1-demo.p/pages_navigation-view_adw-demo-page-navigation-view.c.o
[370/605] Compiling C object demo/adwaita-1-demo.p/pages_multi-layout_adw-demo-page-multi-layout.c.o
[371/605] Compiling C object demo/adwaita-1-demo.p/pages_tab-view_adw-tab-view-demo-window.c.o
[372/605] Compiling C object demo/adwaita-1-demo.p/pages_toasts_adw-demo-page-toasts.c.o
[373/605] Compiling C object tests/test-action-row.p/meson-generated_.._adwaita-test-resources.c.o
[374/605] Compiling C object tests/test-accent-color.p/meson-generated_.._adwaita-test-resources.c.o
[375/605] Compiling C object demo/adwaita-1-demo.p/pages_styles_adw-demo-page-styles.c.o
[376/605] Compiling C object tests/test-alert-dialog.p/meson-generated_.._adwaita-test-resources.c.o
[377/605] Compiling C object tests/test-animation.p/meson-generated_.._adwaita-test-resources.c.o
[378/605] Compiling C object demo/adwaita-1-demo.p/pages_view-switcher_adw-demo-page-view-switcher.c.o
[379/605] Compiling C object demo/adwaita-1-demo.p/pages_wrap-box_adw-demo-page-wrap-box.c.o
[380/605] Compiling C object demo/adwaita-1-demo.p/pages_toggles_adw-demo-page-toggles.c.o
[381/605] Compiling C object tests/test-animation-target.p/meson-generated_.._adwaita-test-resources.c.o
[382/605] Compiling C object demo/adwaita-1-demo.p/pages_view-switcher_adw-view-switcher-demo-dialog.c.o
[383/605] Compiling C object tests/test-application-window.p/meson-generated_.._adwaita-test-resources.c.o
[384/605] Compiling C object tests/test-avatar.p/meson-generated_.._adwaita-test-resources.c.o
[385/605] Linking target src/libadwaita-1.so.0
[386/605] Compiling C object demo/adwaita-1-demo.p/pages_welcome_adw-demo-page-welcome.c.o
[387/605] Compiling C object demo/adwaita-1-demo.p/adwaita-demo.c.o
[388/605] Compiling C object demo/adwaita-1-demo.p/adw-demo-preferences-dialog.c.o
[389/605] Compiling C object demo/adwaita-1-demo.p/adw-demo-window.c.o
[390/605] Compiling C object tests/test-back-button.p/meson-generated_.._adwaita-test-resources.c.o
[391/605] Compiling C object demo/adwaita-1-demo.p/adw-demo-debug-info.c.o
[392/605] Compiling C object tests/test-banner.p/meson-generated_.._adwaita-test-resources.c.o
[393/605] Compiling C object demo/adwaita-1-demo.p/adw-demo-sidebar-item.c.o
[394/605] Compiling C object tests/test-about-dialog.p/test-about-dialog.c.o
[395/605] Compiling C object tests/test-bottom-sheet.p/meson-generated_.._adwaita-test-resources.c.o
[396/605] Compiling C object tests/test-bin.p/meson-generated_.._adwaita-test-resources.c.o
[397/605] Compiling C object tests/test-about-window.p/test-about-window.c.o
[398/605] Compiling C object tests/test-breakpoint.p/meson-generated_.._adwaita-test-resources.c.o
[399/605] Generating symbol file src/libadwaita-1.so.0.p/libadwaita-1.so.0.symbols
[400/605] Compiling C object tests/test-breakpoint-bin.p/meson-generated_.._adwaita-test-resources.c.o
[401/605] Compiling C object tests/test-button-row.p/meson-generated_.._adwaita-test-resources.c.o
[402/605] Compiling C object tests/test-carousel.p/meson-generated_.._adwaita-test-resources.c.o
[403/605] Compiling C object tests/test-button-content.p/meson-generated_.._adwaita-test-resources.c.o
[404/605] Compiling C object tests/test-accent-color.p/test-accent-color.c.o
[405/605] Compiling C object tests/test-action-row.p/test-action-row.c.o
[406/605] Compiling C object tests/test-animation.p/test-animation.c.o
[407/605] Compiling C object tests/test-carousel-indicator-dots.p/meson-generated_.._adwaita-test-resources.c.o
[408/605] Compiling C object tests/test-carousel-indicator-lines.p/meson-generated_.._adwaita-test-resources.c.o
[409/605] Compiling C object tests/test-animation-target.p/test-animation-target.c.o
[410/605] Compiling C object tests/test-alert-dialog.p/test-alert-dialog.c.o
[411/605] Compiling C object tests/test-combo-row.p/meson-generated_.._adwaita-test-resources.c.o
[412/605] Compiling C object tests/test-application-window.p/test-application-window.c.o
[413/605] Compiling C object tests/test-avatar.p/test-avatar.c.o
[414/605] Compiling C object tests/test-back-button.p/test-back-button.c.o
[415/605] Compiling C object tests/test-easing.p/meson-generated_.._adwaita-test-resources.c.o
[416/605] Compiling C object tests/test-banner.p/test-banner.c.o
[417/605] Compiling C object tests/test-dialog.p/meson-generated_.._adwaita-test-resources.c.o
[418/605] Compiling C object tests/test-entry-row.p/meson-generated_.._adwaita-test-resources.c.o
[419/605] Compiling C object tests/test-expander-row.p/meson-generated_.._adwaita-test-resources.c.o
[420/605] Compiling C object tests/test-bin.p/test-bin.c.o
[421/605] Compiling C object tests/test-flap.p/meson-generated_.._adwaita-test-resources.c.o
[422/605] Compiling C object tests/test-bottom-sheet.p/test-bottom-sheet.c.o
[423/605] Compiling C object tests/test-inline-view-switcher.p/meson-generated_.._adwaita-test-resources.c.o
[424/605] Compiling C object tests/test-breakpoint.p/test-breakpoint.c.o
[425/605] Compiling C object tests/test-leaflet.p/meson-generated_.._adwaita-test-resources.c.o
[426/605] Compiling C object tests/test-header-bar.p/meson-generated_.._adwaita-test-resources.c.o
[427/605] Compiling C object tests/test-button-content.p/test-button-content.c.o
[428/605] Compiling C object tests/test-breakpoint-bin.p/test-breakpoint-bin.c.o
[429/605] Compiling C object tests/test-message-dialog.p/meson-generated_.._adwaita-test-resources.c.o
[430/605] Compiling C object tests/test-button-row.p/test-button-row.c.o
[431/605] Compiling C object tests/test-multi-layout-view.p/meson-generated_.._adwaita-test-resources.c.o
[432/605] Compiling C object tests/test-carousel-indicator-dots.p/test-carousel-indicator-dots.c.o
[433/605] Compiling C object tests/test-navigation-split-view.p/meson-generated_.._adwaita-test-resources.c.o
[434/605] Compiling C object tests/test-carousel.p/test-carousel.c.o
[435/605] Compiling C object tests/test-navigation-view.p/meson-generated_.._adwaita-test-resources.c.o
[436/605] Compiling C object tests/test-carousel-indicator-lines.p/test-carousel-indicator-lines.c.o
[437/605] Compiling C object tests/test-password-entry-row.p/meson-generated_.._adwaita-test-resources.c.o
[438/605] Compiling C object tests/test-combo-row.p/test-combo-row.c.o
[439/605] Compiling C object tests/test-overlay-split-view.p/meson-generated_.._adwaita-test-resources.c.o
[440/605] Compiling C object tests/test-preferences-dialog.p/meson-generated_.._adwaita-test-resources.c.o
[441/605] Compiling C object tests/test-easing.p/test-easing.c.o
[442/605] Compiling C object tests/test-preferences-group.p/meson-generated_.._adwaita-test-resources.c.o
[443/605] Compiling C object tests/test-entry-row.p/test-entry-row.c.o
[444/605] Compiling C object tests/test-dialog.p/test-dialog.c.o
[445/605] Compiling C object tests/test-expander-row.p/test-expander-row.c.o
[446/605] Compiling C object tests/test-preferences-page.p/meson-generated_.._adwaita-test-resources.c.o
[447/605] Compiling C object tests/test-preferences-window.p/meson-generated_.._adwaita-test-resources.c.o
[448/605] Compiling C object tests/test-header-bar.p/test-header-bar.c.o
[449/605] Compiling C object tests/test-inline-view-switcher.p/test-inline-view-switcher.c.o
[450/605] Compiling C object tests/test-preferences-row.p/meson-generated_.._adwaita-test-resources.c.o
[451/605] Compiling C object tests/test-flap.p/test-flap.c.o
[452/605] Compiling C object tests/test-sidebar-item.p/meson-generated_.._adwaita-test-resources.c.o
[453/605] Compiling C object tests/test-sidebar-section.p/meson-generated_.._adwaita-test-resources.c.o
[454/605] Compiling C object tests/test-sidebar.p/meson-generated_.._adwaita-test-resources.c.o
[455/605] Compiling C object tests/test-shortcut-label.p/meson-generated_.._adwaita-test-resources.c.o
[456/605] Compiling C object tests/test-message-dialog.p/test-message-dialog.c.o
[457/605] Compiling C object tests/test-multi-layout-view.p/test-multi-layout-view.c.o
[458/605] Compiling C object tests/test-leaflet.p/test-leaflet.c.o
[459/605] Compiling C object tests/test-navigation-split-view.p/test-navigation-split-view.c.o
[460/605] Compiling C object tests/test-spinner.p/meson-generated_.._adwaita-test-resources.c.o
[461/605] Compiling C object tests/test-spinner-paintable.p/meson-generated_.._adwaita-test-resources.c.o
[462/605] Compiling C object tests/test-spin-row.p/meson-generated_.._adwaita-test-resources.c.o
[463/605] Compiling C object tests/test-split-button.p/meson-generated_.._adwaita-test-resources.c.o
[464/605] Compiling C object tests/test-password-entry-row.p/test-password-entry-row.c.o
[465/605] Compiling C object tests/test-overlay-split-view.p/test-overlay-split-view.c.o
[466/605] Compiling C object tests/test-status-page.p/meson-generated_.._adwaita-test-resources.c.o
[467/605] Compiling C object tests/test-preferences-dialog.p/test-preferences-dialog.c.o
[468/605] Compiling C object tests/test-preferences-group.p/test-preferences-group.c.o
[469/605] Compiling C object tests/test-squeezer.p/meson-generated_.._adwaita-test-resources.c.o
[470/605] Compiling C object tests/test-style-manager.p/meson-generated_.._adwaita-test-resources.c.o
[471/605] Compiling C object tests/test-preferences-page.p/test-preferences-page.c.o
[472/605] Compiling C object tests/test-navigation-view.p/test-navigation-view.c.o
[473/605] Compiling C object tests/test-preferences-row.p/test-preferences-row.c.o
[474/605] Compiling C object tests/test-tab-bar.p/meson-generated_.._adwaita-test-resources.c.o
[475/605] Compiling C object tests/test-preferences-window.p/test-preferences-window.c.o
[476/605] Compiling C object tests/test-switch-row.p/meson-generated_.._adwaita-test-resources.c.o
[477/605] Compiling C object tests/test-sidebar.p/test-sidebar.c.o
[478/605] Compiling C object tests/test-sidebar-section.p/test-sidebar-section.c.o
[479/605] Compiling C object tests/test-tab-button.p/meson-generated_.._adwaita-test-resources.c.o
[480/605] Compiling C object tests/test-tab-overview.p/meson-generated_.._adwaita-test-resources.c.o
[481/605] Compiling C object tests/test-tab-view.p/meson-generated_.._adwaita-test-resources.c.o
[482/605] Compiling C object tests/test-sidebar-item.p/test-sidebar-item.c.o
[483/605] Compiling C object tests/test-timed-animation.p/meson-generated_.._adwaita-test-resources.c.o
[484/605] Compiling C object tests/test-shortcut-label.p/test-shortcut-label.c.o
[485/605] Compiling C object tests/test-toast.p/meson-generated_.._adwaita-test-resources.c.o
[486/605] Compiling C object tests/test-toggle-group.p/meson-generated_.._adwaita-test-resources.c.o
[487/605] Compiling C object tests/test-toast-overlay.p/meson-generated_.._adwaita-test-resources.c.o
[488/605] Compiling C object tests/test-spinner-paintable.p/test-spinner-paintable.c.o
[489/605] Compiling C object tests/test-spinner.p/test-spinner.c.o
[490/605] Compiling C object tests/test-toolbar-view.p/meson-generated_.._adwaita-test-resources.c.o
[491/605] Compiling C object tests/test-split-button.p/test-split-button.c.o
[492/605] Compiling C object tests/test-spin-row.p/test-spin-row.c.o
[493/605] Compiling C object tests/test-squeezer.p/test-squeezer.c.o
[494/605] Compiling C object tests/test-view-switcher.p/meson-generated_.._adwaita-test-resources.c.o
[495/605] Compiling C object tests/test-view-switcher-bar.p/meson-generated_.._adwaita-test-resources.c.o
[496/605] Compiling C object tests/test-style-manager.p/test-style-manager.c.o
[497/605] Compiling C object tests/test-status-page.p/test-status-page.c.o
[498/605] Compiling C object tests/test-view-switcher-sidebar.p/meson-generated_.._adwaita-test-resources.c.o
[499/605] Compiling C object tests/test-switch-row.p/test-switch-row.c.o
[500/605] Compiling C object tests/test-window-title.p/meson-generated_.._adwaita-test-resources.c.o
[501/605] Compiling C object tests/test-window.p/meson-generated_.._adwaita-test-resources.c.o
[502/605] Compiling C object tests/test-tab-bar.p/test-tab-bar.c.o
[503/605] Compiling C object tests/test-wrap-layout.p/meson-generated_.._adwaita-test-resources.c.o
[504/605] Compiling C object tests/test-tab-button.p/test-tab-button.c.o
[505/605] Compiling C object tests/test-tab-overview.p/test-tab-overview.c.o
[506/605] Compiling C object doc/tools/screenshot.p/meson-generated_.._screenshot-resources.c.o
[507/605] Compiling C object tests/test-timed-animation.p/test-timed-animation.c.o
[508/605] Compiling C object tests/test-toast.p/test-toast.c.o
[509/605] Compiling C object tests/test-toast-overlay.p/test-toast-overlay.c.o
[510/605] Compiling C object tests/test-toolbar-view.p/test-toolbar-view.c.o
[511/605] Compiling C object tests/test-tab-view.p/test-tab-view.c.o
[512/605] Compiling C object tests/test-view-switcher-bar.p/test-view-switcher-bar.c.o
[513/605] Compiling C object tests/test-view-switcher.p/test-view-switcher.c.o
[514/605] Compiling C object tests/test-view-switcher-sidebar.p/test-view-switcher-sidebar.c.o
[515/605] Compiling C object tests/test-window-title.p/test-window-title.c.o
[516/605] Compiling C object tests/test-toggle-group.p/test-toggle-group.c.o
[517/605] Compiling C object tests/test-window.p/test-window.c.o
[518/605] Compiling C object tests/test-wrap-layout.p/test-wrap-layout.c.o
[519/605] Compiling C object doc/tools/screenshot.p/screenshot.c.o
[520/605] Linking target examples/hello-world/hello
[521/605] Linking target tests/manual/test-avatar-colors
[522/605] Linking target tests/manual/test-breakpoints
[523/605] Linking target tests/manual/test-toggle-groups
[524/605] Linking target tests/manual/test-shortcut-labels
[525/605] Linking target tests/manual/test-button-states
[526/605] Linking target tests/manual/test-alert-dialogs
[527/605] Linking target tests/manual/test-shortcuts-dialogs
[528/605] Linking target tests/manual/test-navigation
[529/605] Linking target tests/manual/test-toolbars
[530/605] Linking target tests/manual/test-view-switchers
[531/605] Linking target tests/manual/test-view-switcher-bars
[532/605] Linking target tests/manual/test-split-views
[533/605] Linking target demo/adwaita-1-demo
[534/605] Generating src/Adw-1.gir with a custom command (wrapped by meson to set env)
[535/605] Generating src/Adw-1.typelib with a custom command
[536/605] Generating src/libadwaita-1.vapi with a custom command
[537/605] Linking target tests/test-avatar
[538/605] Linking target tests/test-about-dialog
[539/605] Linking target tests/test-action-row
[540/605] Linking target tests/test-alert-dialog
[541/605] Linking target tests/test-bin
[542/605] Linking target tests/test-animation
[543/605] Linking target tests/test-accent-color
[544/605] Linking target tests/test-application-window
[545/605] Linking target tests/test-about-window
[546/605] Linking target tests/test-breakpoint
[547/605] Linking target tests/test-banner
[548/605] Linking target tests/test-back-button
[549/605] Linking target tests/test-carousel
[550/605] Linking target tests/test-carousel-indicator-dots
[551/605] Linking target tests/test-animation-target
[552/605] Linking target tests/test-combo-row
[553/605] Linking target tests/test-button-row
[554/605] Linking target tests/test-bottom-sheet
[555/605] Linking target tests/test-breakpoint-bin
[556/605] Linking target tests/test-entry-row
[557/605] Linking target tests/test-easing
[558/605] Linking target tests/test-carousel-indicator-lines
[559/605] Linking target tests/test-dialog
[560/605] Linking target tests/test-button-content
[561/605] Linking target tests/test-expander-row
[562/605] Linking target tests/test-flap
[563/605] Linking target tests/test-leaflet
[564/605] Linking target tests/test-header-bar
[565/605] Linking target tests/test-inline-view-switcher
[566/605] Linking target tests/test-preferences-row
[567/605] Linking target tests/test-multi-layout-view
[568/605] Linking target tests/test-navigation-view
[569/605] Linking target tests/test-sidebar-item
[570/605] Linking target tests/test-sidebar
[571/605] Linking target tests/test-navigation-split-view
[572/605] Linking target tests/test-preferences-window
[573/605] Linking target tests/test-overlay-split-view
[574/605] Linking target tests/test-preferences-page
[575/605] Linking target tests/test-message-dialog
[576/605] Linking target tests/test-preferences-group
[577/605] Linking target tests/test-status-page
[578/605] Linking target tests/test-sidebar-section
[579/605] Linking target tests/test-password-entry-row
[580/605] Linking target tests/test-preferences-dialog
[581/605] Linking target tests/test-spin-row
[582/605] Linking target tests/test-squeezer
[583/605] Linking target tests/test-shortcut-label
[584/605] Linking target tests/test-spinner
[585/605] Linking target tests/test-spinner-paintable
[586/605] Linking target tests/test-switch-row
[587/605] Linking target tests/test-split-button
[588/605] Linking target doc/tools/screenshot
[589/605] Linking target tests/test-style-manager
[590/605] Linking target tests/test-tab-button
[591/605] Linking target tests/test-tab-overview
[592/605] Linking target tests/test-timed-animation
[593/605] Linking target tests/test-tab-bar
[594/605] Linking target tests/test-toast
[595/605] Linking target tests/test-window
[596/605] Linking target tests/test-toggle-group
[597/605] Linking target tests/test-tab-view
[598/605] Linking target tests/test-toolbar-view
[599/605] Linking target tests/test-view-switcher-bar
[600/605] Linking target tests/test-view-switcher
[601/605] Linking target tests/test-view-switcher-sidebar
[602/605] Linking target tests/test-toast-overlay
[603/605] Linking target tests/test-wrap-layout
[604/605] Linking target tests/test-window-title
[605/605] Generating doc/libadwaita-doc with a custom command
INFO: autodetecting backend as ninja
INFO: calculating backend command to run: /usr/bin/ninja -C /build/libadwaita-git/src/build
