logitechmediaserver-bin E: ELF files outside of a valid path ('opt/').
logitechmediaserver-bin W: ELF file ('opt/logitechmediaserver-bin/Bin/x86_64-linux/mac') has executable stack.
logitechmediaserver-bin W: ELF file ('opt/logitechmediaserver-bin/Bin/x86_64-linux/faad') lacks FULL RELRO, check LDFLAGS.
logitechmediaserver-bin W: ELF file ('opt/logitechmediaserver-bin/Bin/x86_64-linux/flac') lacks FULL RELRO, check LDFLAGS.
logitechmediaserver-bin W: ELF file ('opt/logitechmediaserver-bin/Bin/x86_64-linux/mac') lacks FULL RELRO, check LDFLAGS.
logitechmediaserver-bin W: ELF file ('opt/logitechmediaserver-bin/Bin/x86_64-linux/sox') lacks FULL RELRO, check LDFLAGS.
logitechmediaserver-bin W: ELF file ('opt/logitechmediaserver-bin/Bin/x86_64-linux/wvunpack') lacks FULL RELRO, check LDFLAGS.
logitechmediaserver-bin W: ELF file ('opt/logitechmediaserver-bin/CPAN/arch/5.40/x86_64-linux-thread-multi/auto/Audio/Scan/Scan.so') lacks FULL RELRO, check LDFLAGS.
logitechmediaserver-bin W: ELF file ('opt/logitechmediaserver-bin/CPAN/arch/5.40/x86_64-linux-thread-multi/auto/Class/XSAccessor/XSAccessor.so') lacks FULL RELRO, check LDFLAGS.
logitechmediaserver-bin W: ELF file ('opt/logitechmediaserver-bin/CPAN/arch/5.40/x86_64-linux-thread-multi/auto/DBD/SQLite/SQLite.so') lacks FULL RELRO, check LDFLAGS.
logitechmediaserver-bin W: ELF file ('opt/logitechmediaserver-bin/CPAN/arch/5.40/x86_64-linux-thread-multi/auto/DBI/DBI.so') lacks FULL RELRO, check LDFLAGS.
logitechmediaserver-bin W: ELF file ('opt/logitechmediaserver-bin/CPAN/arch/5.40/x86_64-linux-thread-multi/auto/Digest/SHA1/SHA1.so') lacks FULL RELRO, check LDFLAGS.
logitechmediaserver-bin W: ELF file ('opt/logitechmediaserver-bin/CPAN/arch/5.40/x86_64-linux-thread-multi/auto/EV/EV.so') lacks FULL RELRO, check LDFLAGS.
logitechmediaserver-bin W: ELF file ('opt/logitechmediaserver-bin/CPAN/arch/5.40/x86_64-linux-thread-multi/auto/Encode/Detect/Detector/Detector.so') lacks FULL RELRO, check LDFLAGS.
logitechmediaserver-bin W: ELF file ('opt/logitechmediaserver-bin/CPAN/arch/5.40/x86_64-linux-thread-multi/auto/HTML/Parser/Parser.so') lacks FULL RELRO, check LDFLAGS.
logitechmediaserver-bin W: ELF file ('opt/logitechmediaserver-bin/CPAN/arch/5.40/x86_64-linux-thread-multi/auto/IO/AIO/AIO.so') lacks FULL RELRO, check LDFLAGS.
logitechmediaserver-bin W: ELF file ('opt/logitechmediaserver-bin/CPAN/arch/5.40/x86_64-linux-thread-multi/auto/IO/Interface/Interface.so') lacks FULL RELRO, check LDFLAGS.
logitechmediaserver-bin W: ELF file ('opt/logitechmediaserver-bin/CPAN/arch/5.40/x86_64-linux-thread-multi/auto/Image/Scale/Scale.so') lacks FULL RELRO, check LDFLAGS.
logitechmediaserver-bin W: ELF file ('opt/logitechmediaserver-bin/CPAN/arch/5.40/x86_64-linux-thread-multi/auto/JSON/XS/XS.so') lacks FULL RELRO, check LDFLAGS.
logitechmediaserver-bin W: ELF file ('opt/logitechmediaserver-bin/CPAN/arch/5.40/x86_64-linux-thread-multi/auto/Linux/Inotify2/Inotify2.so') lacks FULL RELRO, check LDFLAGS.
logitechmediaserver-bin W: ELF file ('opt/logitechmediaserver-bin/CPAN/arch/5.40/x86_64-linux-thread-multi/auto/MP3/Cut/Gapless/Gapless.so') lacks FULL RELRO, check LDFLAGS.
logitechmediaserver-bin W: ELF file ('opt/logitechmediaserver-bin/CPAN/arch/5.40/x86_64-linux-thread-multi/auto/Sub/Name/Name.so') lacks FULL RELRO, check LDFLAGS.
logitechmediaserver-bin W: ELF file ('opt/logitechmediaserver-bin/CPAN/arch/5.40/x86_64-linux-thread-multi/auto/Template/Stash/XS/XS.so') lacks FULL RELRO, check LDFLAGS.
logitechmediaserver-bin W: ELF file ('opt/logitechmediaserver-bin/CPAN/arch/5.40/x86_64-linux-thread-multi/auto/XML/Parser/Expat/Expat.so') lacks FULL RELRO, check LDFLAGS.
logitechmediaserver-bin W: ELF file ('opt/logitechmediaserver-bin/CPAN/arch/5.40/x86_64-linux-thread-multi/auto/YAML/XS/LibYAML/LibYAML.so') lacks FULL RELRO, check LDFLAGS.
logitechmediaserver-bin W: ELF file ('opt/logitechmediaserver-bin/Bin/x86_64-linux/faad') lacks PIE.
logitechmediaserver-bin W: ELF file ('opt/logitechmediaserver-bin/Bin/x86_64-linux/mac') lacks PIE.
logitechmediaserver-bin W: ELF file ('opt/logitechmediaserver-bin/Bin/x86_64-linux/sox') lacks PIE.
logitechmediaserver-bin W: ELF file ('opt/logitechmediaserver-bin/Bin/x86_64-linux/faad') lacks GNU_PROPERTY_X86_FEATURE_1_SHSTK.
logitechmediaserver-bin W: ELF file ('opt/logitechmediaserver-bin/Bin/x86_64-linux/flac') lacks GNU_PROPERTY_X86_FEATURE_1_SHSTK.
logitechmediaserver-bin W: ELF file ('opt/logitechmediaserver-bin/Bin/x86_64-linux/mac') lacks GNU_PROPERTY_X86_FEATURE_1_SHSTK.
logitechmediaserver-bin W: ELF file ('opt/logitechmediaserver-bin/Bin/x86_64-linux/sox') lacks GNU_PROPERTY_X86_FEATURE_1_SHSTK.
logitechmediaserver-bin W: ELF file ('opt/logitechmediaserver-bin/Bin/x86_64-linux/wvunpack') lacks GNU_PROPERTY_X86_FEATURE_1_SHSTK.
logitechmediaserver-bin W: ELF file ('opt/logitechmediaserver-bin/CPAN/arch/5.40/x86_64-linux-thread-multi/auto/Audio/Scan/Scan.so') lacks GNU_PROPERTY_X86_FEATURE_1_SHSTK.
logitechmediaserver-bin W: ELF file ('opt/logitechmediaserver-bin/CPAN/arch/5.40/x86_64-linux-thread-multi/auto/Class/XSAccessor/XSAccessor.so') lacks GNU_PROPERTY_X86_FEATURE_1_SHSTK.
logitechmediaserver-bin W: ELF file ('opt/logitechmediaserver-bin/CPAN/arch/5.40/x86_64-linux-thread-multi/auto/DBD/SQLite/SQLite.so') lacks GNU_PROPERTY_X86_FEATURE_1_SHSTK.
logitechmediaserver-bin W: ELF file ('opt/logitechmediaserver-bin/CPAN/arch/5.40/x86_64-linux-thread-multi/auto/DBI/DBI.so') lacks GNU_PROPERTY_X86_FEATURE_1_SHSTK.
logitechmediaserver-bin W: ELF file ('opt/logitechmediaserver-bin/CPAN/arch/5.40/x86_64-linux-thread-multi/auto/Digest/SHA1/SHA1.so') lacks GNU_PROPERTY_X86_FEATURE_1_SHSTK.
logitechmediaserver-bin W: ELF file ('opt/logitechmediaserver-bin/CPAN/arch/5.40/x86_64-linux-thread-multi/auto/EV/EV.so') lacks GNU_PROPERTY_X86_FEATURE_1_SHSTK.
logitechmediaserver-bin W: ELF file ('opt/logitechmediaserver-bin/CPAN/arch/5.40/x86_64-linux-thread-multi/auto/Encode/Detect/Detector/Detector.so') lacks GNU_PROPERTY_X86_FEATURE_1_SHSTK.
logitechmediaserver-bin W: ELF file ('opt/logitechmediaserver-bin/CPAN/arch/5.40/x86_64-linux-thread-multi/auto/HTML/Parser/Parser.so') lacks GNU_PROPERTY_X86_FEATURE_1_SHSTK.
logitechmediaserver-bin W: ELF file ('opt/logitechmediaserver-bin/CPAN/arch/5.40/x86_64-linux-thread-multi/auto/IO/AIO/AIO.so') lacks GNU_PROPERTY_X86_FEATURE_1_SHSTK.
logitechmediaserver-bin W: ELF file ('opt/logitechmediaserver-bin/CPAN/arch/5.40/x86_64-linux-thread-multi/auto/IO/Interface/Interface.so') lacks GNU_PROPERTY_X86_FEATURE_1_SHSTK.
logitechmediaserver-bin W: ELF file ('opt/logitechmediaserver-bin/CPAN/arch/5.40/x86_64-linux-thread-multi/auto/Image/Scale/Scale.so') lacks GNU_PROPERTY_X86_FEATURE_1_SHSTK.
logitechmediaserver-bin W: ELF file ('opt/logitechmediaserver-bin/CPAN/arch/5.40/x86_64-linux-thread-multi/auto/JSON/XS/XS.so') lacks GNU_PROPERTY_X86_FEATURE_1_SHSTK.
logitechmediaserver-bin W: ELF file ('opt/logitechmediaserver-bin/CPAN/arch/5.40/x86_64-linux-thread-multi/auto/Linux/Inotify2/Inotify2.so') lacks GNU_PROPERTY_X86_FEATURE_1_SHSTK.
logitechmediaserver-bin W: ELF file ('opt/logitechmediaserver-bin/CPAN/arch/5.40/x86_64-linux-thread-multi/auto/MP3/Cut/Gapless/Gapless.so') lacks GNU_PROPERTY_X86_FEATURE_1_SHSTK.
logitechmediaserver-bin W: ELF file ('opt/logitechmediaserver-bin/CPAN/arch/5.40/x86_64-linux-thread-multi/auto/Sub/Name/Name.so') lacks GNU_PROPERTY_X86_FEATURE_1_SHSTK.
logitechmediaserver-bin W: ELF file ('opt/logitechmediaserver-bin/CPAN/arch/5.40/x86_64-linux-thread-multi/auto/Template/Stash/XS/XS.so') lacks GNU_PROPERTY_X86_FEATURE_1_SHSTK.
logitechmediaserver-bin W: ELF file ('opt/logitechmediaserver-bin/CPAN/arch/5.40/x86_64-linux-thread-multi/auto/XML/Parser/Expat/Expat.so') lacks GNU_PROPERTY_X86_FEATURE_1_SHSTK.
logitechmediaserver-bin W: ELF file ('opt/logitechmediaserver-bin/CPAN/arch/5.40/x86_64-linux-thread-multi/auto/YAML/XS/LibYAML/LibYAML.so') lacks GNU_PROPERTY_X86_FEATURE_1_SHSTK.
logitechmediaserver-bin W: Directory (opt/logitechmediaserver-bin/cache) is empty
logitechmediaserver-bin W: Directory (opt/logitechmediaserver-bin/Plugins) is empty
logitechmediaserver-bin W: Directory (opt/logitechmediaserver-bin/Logs) is empty
logitechmediaserver-bin W: Directory (opt/logitechmediaserver-bin/prefs/plugin) is empty
logitechmediaserver-bin W: Directory (usr/src/debug/logitechmediaserver-bin) is empty
logitechmediaserver-bin E: GPL is not a valid SPDX license identifier. See https://spdx.org/licenses/ for valid identifiers, or prefix the identifier with 'LicenseRef-', if it is custom.
logitechmediaserver-bin E: custom is not a valid SPDX license identifier. See https://spdx.org/licenses/ for valid identifiers, or prefix the identifier with 'LicenseRef-', if it is custom.
logitechmediaserver-bin E: Dependency zlib detected and not included (libraries ['usr/lib/libz.so.1'] needed in files ['opt/logitechmediaserver-bin/CPAN/arch/5.40/x86_64-linux-thread-multi/auto/Image/Scale/Scale.so', 'opt/logitechmediaserver-bin/CPAN/arch/5.40/x86_64-linux-thread-multi/auto/Audio/Scan/Scan.so'])
logitechmediaserver-bin W: Dependency gcc-libs detected and implicitly satisfied (libraries ['usr/lib/libgcc_s.so.1', 'usr/lib/libstdc++.so.6'] needed in files ['opt/logitechmediaserver-bin/Bin/x86_64-linux/mac', 'opt/logitechmediaserver-bin/CPAN/arch/5.40/x86_64-linux-thread-multi/auto/DBD/SQLite/SQLite.so', 'opt/logitechmediaserver-bin/CPAN/arch/5.40/x86_64-linux-thread-multi/auto/Encode/Detect/Detector/Detector.so'])
logitechmediaserver-bin W: Dependency glibc detected and implicitly satisfied (libraries ['usr/lib/libc.so.6', 'usr/lib/ld-linux-x86-64.so.2', 'usr/lib/libm.so.6'] needed in files ['opt/logitechmediaserver-bin/CPAN/arch/5.40/x86_64-linux-thread-multi/auto/HTML/Parser/Parser.so', 'opt/logitechmediaserver-bin/Bin/x86_64-linux/faad', 'opt/logitechmediaserver-bin/CPAN/arch/5.40/x86_64-linux-thread-multi/auto/DBD/SQLite/SQLite.so', 'opt/logitechmediaserver-bin/CPAN/arch/5.40/x86_64-linux-thread-multi/auto/Digest/SHA1/SHA1.so', 'opt/logitechmediaserver-bin/CPAN/arch/5.40/x86_64-linux-thread-multi/auto/Audio/Scan/Scan.so', 'opt/logitechmediaserver-bin/Bin/x86_64-linux/flac', 'opt/logitechmediaserver-bin/CPAN/arch/5.40/x86_64-linux-thread-multi/auto/DBI/DBI.so', 'opt/logitechmediaserver-bin/Bin/x86_64-linux/sox', 'opt/logitechmediaserver-bin/CPAN/arch/5.40/x86_64-linux-thread-multi/auto/EV/EV.so', 'opt/logitechmediaserver-bin/Bin/x86_64-linux/mac', 'opt/logitechmediaserver-bin/CPAN/arch/5.40/x86_64-linux-thread-multi/auto/XML/Parser/Expat/Expat.so', 'opt/logitechmediaserver-bin/CPAN/arch/5.40/x86_64-linux-thread-multi/auto/MP3/Cut/Gapless/Gapless.so', 'opt/logitechmediaserver-bin/CPAN/arch/5.40/x86_64-linux-thread-multi/auto/IO/Interface/Interface.so', 'opt/logitechmediaserver-bin/CPAN/arch/5.40/x86_64-linux-thread-multi/auto/IO/AIO/AIO.so', 'opt/logitechmediaserver-bin/Bin/x86_64-linux/wvunpack', 'opt/logitechmediaserver-bin/CPAN/arch/5.40/x86_64-linux-thread-multi/auto/Linux/Inotify2/Inotify2.so', 'opt/logitechmediaserver-bin/CPAN/arch/5.40/x86_64-linux-thread-multi/auto/Sub/Name/Name.so', 'opt/logitechmediaserver-bin/CPAN/arch/5.40/x86_64-linux-thread-multi/auto/Image/Scale/Scale.so', 'opt/logitechmediaserver-bin/CPAN/arch/5.40/x86_64-linux-thread-multi/auto/Class/XSAccessor/XSAccessor.so', 'opt/logitechmediaserver-bin/CPAN/arch/5.40/x86_64-linux-thread-multi/auto/YAML/XS/LibYAML/LibYAML.so', 'opt/logitechmediaserver-bin/CPAN/arch/5.40/x86_64-linux-thread-multi/auto/Template/Stash/XS/XS.so', 'opt/logitechmediaserver-bin/CPAN/arch/5.40/x86_64-linux-thread-multi/auto/Encode/Detect/Detector/Detector.so', 'opt/logitechmediaserver-bin/CPAN/arch/5.40/x86_64-linux-thread-multi/auto/JSON/XS/XS.so'])
