logitechmediaserver E: ELF files outside of a valid path ('opt/').
logitechmediaserver W: ELF file ('opt/logitechmediaserver/Bin/i386-linux/mac') has executable stack.
logitechmediaserver W: ELF file ('opt/logitechmediaserver/Bin/x86_64-linux/mac') has executable stack.
logitechmediaserver W: ELF file ('opt/logitechmediaserver/Bin/i386-linux/faad') lacks FULL RELRO, check LDFLAGS.
logitechmediaserver W: ELF file ('opt/logitechmediaserver/Bin/i386-linux/flac') lacks FULL RELRO, check LDFLAGS.
logitechmediaserver W: ELF file ('opt/logitechmediaserver/Bin/i386-linux/mac') lacks FULL RELRO, check LDFLAGS.
logitechmediaserver W: ELF file ('opt/logitechmediaserver/Bin/i386-linux/mppdec') lacks FULL RELRO, check LDFLAGS.
logitechmediaserver W: ELF file ('opt/logitechmediaserver/Bin/i386-linux/sls') lacks FULL RELRO, check LDFLAGS.
logitechmediaserver W: ELF file ('opt/logitechmediaserver/Bin/i386-linux/sox') lacks FULL RELRO, check LDFLAGS.
logitechmediaserver W: ELF file ('opt/logitechmediaserver/Bin/i386-linux/wvunpack') lacks FULL RELRO, check LDFLAGS.
logitechmediaserver W: ELF file ('opt/logitechmediaserver/Bin/x86_64-linux/faad') lacks FULL RELRO, check LDFLAGS.
logitechmediaserver W: ELF file ('opt/logitechmediaserver/Bin/x86_64-linux/flac') lacks FULL RELRO, check LDFLAGS.
logitechmediaserver W: ELF file ('opt/logitechmediaserver/Bin/x86_64-linux/mac') lacks FULL RELRO, check LDFLAGS.
logitechmediaserver W: ELF file ('opt/logitechmediaserver/Bin/x86_64-linux/sox') lacks FULL RELRO, check LDFLAGS.
logitechmediaserver W: ELF file ('opt/logitechmediaserver/Bin/x86_64-linux/wvunpack') lacks FULL RELRO, check LDFLAGS.
logitechmediaserver W: ELF file ('opt/logitechmediaserver/Bin/i386-linux/faad') lacks PIE.
logitechmediaserver W: ELF file ('opt/logitechmediaserver/Bin/i386-linux/mac') lacks PIE.
logitechmediaserver W: ELF file ('opt/logitechmediaserver/Bin/i386-linux/mppdec') lacks PIE.
logitechmediaserver W: ELF file ('opt/logitechmediaserver/Bin/i386-linux/sls') lacks PIE.
logitechmediaserver W: ELF file ('opt/logitechmediaserver/Bin/i386-linux/sox') lacks PIE.
logitechmediaserver W: ELF file ('opt/logitechmediaserver/Bin/i386-linux/wvunpack') lacks PIE.
logitechmediaserver W: ELF file ('opt/logitechmediaserver/Bin/x86_64-linux/faad') lacks PIE.
logitechmediaserver W: ELF file ('opt/logitechmediaserver/Bin/x86_64-linux/mac') lacks PIE.
logitechmediaserver W: ELF file ('opt/logitechmediaserver/Bin/x86_64-linux/sox') lacks PIE.
logitechmediaserver W: ELF file ('opt/logitechmediaserver/Bin/i386-linux/faad') lacks GNU_PROPERTY_X86_FEATURE_1_SHSTK.
logitechmediaserver W: ELF file ('opt/logitechmediaserver/Bin/i386-linux/flac') lacks GNU_PROPERTY_X86_FEATURE_1_SHSTK.
logitechmediaserver W: ELF file ('opt/logitechmediaserver/Bin/i386-linux/mac') lacks GNU_PROPERTY_X86_FEATURE_1_SHSTK.
logitechmediaserver W: ELF file ('opt/logitechmediaserver/Bin/i386-linux/mppdec') lacks GNU_PROPERTY_X86_FEATURE_1_SHSTK.
logitechmediaserver W: ELF file ('opt/logitechmediaserver/Bin/i386-linux/sls') lacks GNU_PROPERTY_X86_FEATURE_1_SHSTK.
logitechmediaserver W: ELF file ('opt/logitechmediaserver/Bin/i386-linux/sox') lacks GNU_PROPERTY_X86_FEATURE_1_SHSTK.
logitechmediaserver W: ELF file ('opt/logitechmediaserver/Bin/i386-linux/wvunpack') lacks GNU_PROPERTY_X86_FEATURE_1_SHSTK.
logitechmediaserver W: ELF file ('opt/logitechmediaserver/Bin/x86_64-linux/faad') lacks GNU_PROPERTY_X86_FEATURE_1_SHSTK.
logitechmediaserver W: ELF file ('opt/logitechmediaserver/Bin/x86_64-linux/flac') lacks GNU_PROPERTY_X86_FEATURE_1_SHSTK.
logitechmediaserver W: ELF file ('opt/logitechmediaserver/Bin/x86_64-linux/mac') lacks GNU_PROPERTY_X86_FEATURE_1_SHSTK.
logitechmediaserver W: ELF file ('opt/logitechmediaserver/Bin/x86_64-linux/sox') lacks GNU_PROPERTY_X86_FEATURE_1_SHSTK.
logitechmediaserver W: ELF file ('opt/logitechmediaserver/Bin/x86_64-linux/wvunpack') lacks GNU_PROPERTY_X86_FEATURE_1_SHSTK.
logitechmediaserver W: Directory (opt/logitechmediaserver/CPAN/auto/Sub/Uplevel) is empty
logitechmediaserver W: Directory (opt/logitechmediaserver/CPAN/auto/Test/Warn) is empty
logitechmediaserver W: Directory (opt/logitechmediaserver/CPAN/auto/Tree/DAG_Node) is empty
logitechmediaserver E: custom is not a valid SPDX license identifier. See https://spdx.org/licenses/ for valid identifiers, or prefix the identifier with 'LicenseRef-', if it is custom.
logitechmediaserver E: GPL is not a valid SPDX license identifier. See https://spdx.org/licenses/ for valid identifiers, or prefix the identifier with 'LicenseRef-', if it is custom.
logitechmediaserver W: Referenced library 'libgcc_s.so.1' is an uninstalled dependency (needed in files ['opt/logitechmediaserver/Bin/i386-linux/sls', 'opt/logitechmediaserver/Bin/i386-linux/mac'])
logitechmediaserver W: Referenced library 'libm.so.6' is an uninstalled dependency (needed in files ['opt/logitechmediaserver/Bin/i386-linux/sls', 'opt/logitechmediaserver/Bin/i386-linux/faad', 'opt/logitechmediaserver/Bin/i386-linux/mac', 'opt/logitechmediaserver/Bin/i386-linux/sox', 'opt/logitechmediaserver/Bin/i386-linux/wvunpack', 'opt/logitechmediaserver/Bin/i386-linux/flac'])
logitechmediaserver W: Referenced library 'libstdc++.so.6' is an uninstalled dependency (needed in files ['opt/logitechmediaserver/Bin/i386-linux/sls', 'opt/logitechmediaserver/Bin/i386-linux/mac'])
logitechmediaserver W: Referenced library 'libc.so.6' is an uninstalled dependency (needed in files ['opt/logitechmediaserver/Bin/i386-linux/sls', 'opt/logitechmediaserver/Bin/i386-linux/faad', 'opt/logitechmediaserver/Bin/i386-linux/mac', 'opt/logitechmediaserver/Bin/i386-linux/sox', 'opt/logitechmediaserver/Bin/i386-linux/wvunpack', 'opt/logitechmediaserver/Bin/i386-linux/flac'])
logitechmediaserver W: Dependency bash detected and implicitly satisfied (programs ['bash'] needed in scripts ['opt/logitechmediaserver/t/00_smoketest.sh'])
logitechmediaserver W: Dependency glibc detected and implicitly satisfied (libraries ['usr/lib/libc.so.6', 'usr/lib/ld-linux-x86-64.so.2', 'usr/lib/libm.so.6'] needed in files ['opt/logitechmediaserver/Bin/x86_64-linux/sox', 'opt/logitechmediaserver/Bin/x86_64-linux/faad', 'opt/logitechmediaserver/Bin/x86_64-linux/mac', 'opt/logitechmediaserver/Bin/x86_64-linux/wvunpack', 'opt/logitechmediaserver/Bin/x86_64-linux/flac'])
logitechmediaserver W: Dependency gcc-libs detected and implicitly satisfied (libraries ['usr/lib/libgcc_s.so.1'] needed in files ['opt/logitechmediaserver/Bin/x86_64-linux/mac'])
logitechmediaserver W: Dependency included, but may not be needed ('perl-io-socket-ssl')
