libtoolize: putting auxiliary files in AC_CONFIG_AUX_DIR, 'config'.
libtoolize: copying file 'config/ltmain.sh'
libtoolize: putting macros in AC_CONFIG_MACRO_DIRS, 'm4'.
libtoolize: copying file 'm4/libtool.m4'
libtoolize: copying file 'm4/ltoptions.m4'
libtoolize: copying file 'm4/ltsugar.m4'
libtoolize: copying file 'm4/ltversion.m4'
libtoolize: copying file 'm4/lt~obsolete.m4'
configure.ac:14: warning: AC_LANG_CONFTEST: no AC_LANG_SOURCE call detected in body
./lib/autoconf/lang.m4:199: AC_LANG_CONFTEST is expanded from...
./lib/autoconf/general.m4:2821: _AC_COMPILE_IFELSE is expanded from...
./lib/autoconf/general.m4:2837: AC_COMPILE_IFELSE is expanded from...
lib/m4sugar/m4sh.m4:690: _AS_IF_ELSE is expanded from...
lib/m4sugar/m4sh.m4:697: AS_IF is expanded from...
./lib/autoconf/general.m4:2249: AC_CACHE_VAL is expanded from...
m4/attributes.m4:38: CC_CHECK_CFLAGS_SILENT is expanded from...
m4/attributes.m4:67: CC_CHECK_CFLAG_APPEND is expanded from...
m4/attributes.m4:78: CC_CHECK_CFLAGS_APPEND is expanded from...
configure.ac:14: the top level
configure.ac:15: warning: AC_LANG_CONFTEST: no AC_LANG_SOURCE call detected in body
./lib/autoconf/lang.m4:199: AC_LANG_CONFTEST is expanded from...
./lib/autoconf/general.m4:2892: _AC_LINK_IFELSE is expanded from...
./lib/autoconf/general.m4:2909: AC_LINK_IFELSE is expanded from...
lib/m4sugar/m4sh.m4:690: _AS_IF_ELSE is expanded from...
lib/m4sugar/m4sh.m4:697: AS_IF is expanded from...
./lib/autoconf/general.m4:2249: AC_CACHE_VAL is expanded from...
./lib/autoconf/general.m4:2270: AC_CACHE_CHECK is expanded from...
m4/attributes.m4:87: CC_CHECK_LDFLAGS is expanded from...
m4/attributes.m4:104: CC_NOUNDEFINED is expanded from...
configure.ac:15: the top level
configure.ac:16: warning: The macro 'AC_PROG_CC_C99' is obsolete.
configure.ac:16: You should run autoupdate.
./lib/autoconf/c.m4:1662: AC_PROG_CC_C99 is expanded from...
configure.ac:16: the top level
configure.ac:28: warning: The macro 'AC_ERROR' is obsolete.
configure.ac:28: You should run autoupdate.
./lib/autoconf/oldnames.m4:34: AC_ERROR is expanded from...
lib/m4sugar/m4sh.m4:697: AS_IF is expanded from...
configure.ac:28: the top level
configure.ac:36: warning: The macro 'AC_ERROR' is obsolete.
configure.ac:36: You should run autoupdate.
./lib/autoconf/oldnames.m4:34: AC_ERROR is expanded from...
lib/m4sugar/m4sh.m4:697: AS_IF is expanded from...
configure.ac:36: the top level
configure.ac:5: installing 'config/ar-lib'
configure.ac:5: installing 'config/compile'
configure.ac:6: installing 'config/config.guess'
configure.ac:6: installing 'config/config.sub'
configure.ac:7: installing 'config/install-sh'
configure.ac:7: installing 'config/missing'
Makefile.am: installing 'config/depcomp'
parallel-tests: installing 'config/test-driver'
checking for gcc... gcc
checking whether the C compiler works... yes
checking for C compiler default output file name... a.out
checking for suffix of executables... 
checking whether we are cross compiling... no
checking for suffix of object files... o
checking whether the compiler supports GNU C... yes
checking whether gcc accepts -g... yes
checking for gcc option to enable C11 features... none needed
checking whether gcc understands -c and -o together... yes
checking for ar... ar
checking the archiver (ar) interface... ar
checking build system type... x86_64-pc-linux-gnu
checking host system type... x86_64-pc-linux-gnu
checking how to print strings... printf
checking for a sed that does not truncate output... /usr/bin/sed
checking for grep that handles long lines and -e... /usr/bin/grep
checking for egrep... /usr/bin/grep -E
checking for fgrep... /usr/bin/grep -F
checking for ld used by gcc... /usr/bin/ld
checking if the linker (/usr/bin/ld) is GNU ld... yes
checking for BSD- or MS-compatible name lister (nm)... /usr/bin/nm -B
checking the name lister (/usr/bin/nm -B) interface... BSD nm
checking whether ln -s works... yes
checking the maximum length of command line arguments... 1572864
checking how to convert x86_64-pc-linux-gnu file names to x86_64-pc-linux-gnu format... func_convert_file_noop
checking how to convert x86_64-pc-linux-gnu file names to toolchain format... func_convert_file_noop
checking for /usr/bin/ld option to reload object files... -r
checking for file... file
checking for objdump... objdump
checking how to recognize dependent libraries... pass_all
checking for dlltool... no
checking how to associate runtime and link libraries... printf %s\n
checking for ranlib... ranlib
checking for archiver @FILE support... @
checking for strip... strip
checking for gawk... gawk
checking command to parse /usr/bin/nm -B output from gcc object... ok
checking for sysroot... no
checking for a working dd... /usr/bin/dd
checking how to truncate binary pipes... /usr/bin/dd bs=4096 count=1
checking for mt... no
checking if : is a manifest tool... no
checking for stdio.h... yes
checking for stdlib.h... yes
checking for string.h... yes
checking for inttypes.h... yes
checking for stdint.h... yes
checking for strings.h... yes
checking for sys/stat.h... yes
checking for sys/types.h... yes
checking for unistd.h... yes
checking for dlfcn.h... yes
checking which variant of shared library versioning to provide... (default) aix
checking for objdir... .libs
checking if gcc supports -fno-rtti -fno-exceptions... no
checking for gcc option to produce PIC... -fPIC -DPIC
checking if gcc PIC flag -fPIC -DPIC works... yes
checking if gcc static flag -static works... yes
checking if gcc supports -c -o file.o... yes
checking if gcc supports -c -o file.o... (cached) yes
checking whether the gcc linker (/usr/bin/ld -m elf_x86_64) supports shared libraries... yes
checking whether -lc should be explicitly linked in... no
checking dynamic linker characteristics... GNU/Linux ld.so
checking how to hardcode library paths into programs... immediate
checking whether stripping libraries is possible... yes
checking if libtool supports shared libraries... yes
checking whether to build shared libraries... yes
checking whether to build static libraries... no
checking for a BSD-compatible install... /usr/bin/install -c
checking whether sleep supports fractional seconds... yes
checking filesystem timestamp resolution... 0.01
checking whether build environment is sane... yes
checking for a race-free mkdir -p... /usr/bin/mkdir -p
checking whether make sets $(MAKE)... yes
checking whether make supports the include directive... yes (GNU style)
checking whether make supports nested variables... yes
checking xargs -n works... yes
checking whether UID '1000' is supported by ustar format... yes
checking whether GID '1000' is supported by ustar format... yes
checking how to create a ustar tar archive... gnutar
checking dependency style of gcc... gcc3
checking if gcc supports -Wall flag... yes
checking if gcc supports -Wextra flag... yes
checking if gcc supports -Wcast-align flag... yes
checking if gcc supports -Wmissing-declarations flag... yes
checking if gcc supports -Winit-self flag... yes
checking if gcc supports -Wundef flag... yes
checking if gcc supports -Wredundant-decls flag... yes
checking if gcc supports -Wwrite-strings flag... yes
checking if gcc supports -Wformat=2 flag... yes
checking if gcc supports -Wlogical-op flag... yes
checking if gcc supports -Wmissing-include-dirs flag... yes
checking if gcc supports -Wformat-nonliteral flag... yes
checking if gcc supports -Wformat-security flag... yes
checking if gcc supports -Wunused flag... yes
checking if gcc supports -Wmissing-format-attribute flag... yes
checking if gcc supports -Wstrict-aliasing flag... yes
checking if gcc supports -pedantic flag... yes
checking if gcc supports -Wl,--no-undefined flag... yes
checking for pkg-config... /usr/bin/pkg-config
checking pkg-config is at least version 0.9.0... yes
checking for lua... lua
checking whether ln -s works... yes
checking for pod2man... /usr/bin/core_perl/pod2man
checking for lua cairo... yes
checking lua library dir... /usr/lib/lua/5.4
checking that generated files are newer than configure... done
configure: creating ./config.status
config.status: creating Makefile
config.status: creating oocairo.pc
config.status: creating oocairo-uninstalled.pc
config.status: executing libtool commands
config.status: executing depfiles commands
/bin/sh ./libtool  --tag=CC   --mode=compile gcc -DPACKAGE_NAME=\"oocairo\" -DPACKAGE_TARNAME=\"oocairo\" -DPACKAGE_VERSION=\"1.5\" -DPACKAGE_STRING=\"oocairo\ 1.5\" -DPACKAGE_BUGREPORT=\"psychon@znc.in\" -DPACKAGE_URL=\"\" -DHAVE_STDIO_H=1 -DHAVE_STDLIB_H=1 -DHAVE_STRING_H=1 -DHAVE_INTTYPES_H=1 -DHAVE_STDINT_H=1 -DHAVE_STRINGS_H=1 -DHAVE_SYS_STAT_H=1 -DHAVE_SYS_TYPES_H=1 -DHAVE_UNISTD_H=1 -DSTDC_HEADERS=1 -DHAVE_DLFCN_H=1 -DLT_OBJDIR=\".libs/\" -DPACKAGE=\"oocairo\" -DVERSION=\"1.5\" -I.  -I/usr/include/cairo -I/usr/include/freetype2 -I/usr/include/libpng16 -I/usr/include/harfbuzz -I/usr/include/glib-2.0 -I/usr/lib/glib-2.0/include -I/usr/include/sysprof-6 -pthread -I/usr/include/pixman-1   -march=x86-64 -mtune=generic -O2 -pipe -fno-plt -fexceptions         -Wp,-D_FORTIFY_SOURCE=3 -Wformat -Werror=format-security         -fstack-clash-protection -fcf-protection         -fno-omit-frame-pointer -mno-omit-leaf-frame-pointer -g -ffile-prefix-map=/build/lua-oocairo/src=/usr/src/debug/lua-oocairo -flto=auto -Wall -Wextra -Wcast-align -Wmissing-declarations -Winit-self -Wundef -Wredundant-decls -Wwrite-strings -Wformat=2 -Wlogical-op -Wmissing-include-dirs -Wformat-nonliteral -Wformat-security -Wunused -Wmissing-format-attribute -Wstrict-aliasing -pedantic -MT oocairo.lo -MD -MP -MF .deps/oocairo.Tpo -c -o oocairo.lo oocairo.c
/usr/bin/core_perl/pod2man --section=3 --center="Lua OO Cairo binding" --release="1.5" doc/lua-oocairo.pod doc/lua-oocairo.3
/usr/bin/core_perl/pod2man --section=3 --center="Lua OO Cairo binding" --release="1.5" doc/lua-oocairo-context.pod doc/lua-oocairo-context.3
/usr/bin/core_perl/pod2man --section=3 --center="Lua OO Cairo binding" --release="1.5" doc/lua-oocairo-fontface.pod doc/lua-oocairo-fontface.3
/usr/bin/core_perl/pod2man --section=3 --center="Lua OO Cairo binding" --release="1.5" doc/lua-oocairo-fontopt.pod doc/lua-oocairo-fontopt.3
/usr/bin/core_perl/pod2man --section=3 --center="Lua OO Cairo binding" --release="1.5" doc/lua-oocairo-matrix.pod doc/lua-oocairo-matrix.3
/usr/bin/core_perl/pod2man --section=3 --center="Lua OO Cairo binding" --release="1.5" doc/lua-oocairo-path.pod doc/lua-oocairo-path.3
/usr/bin/core_perl/pod2man --section=3 --center="Lua OO Cairo binding" --release="1.5" doc/lua-oocairo-userfont.pod doc/lua-oocairo-userfont.3
/usr/bin/core_perl/pod2man --section=3 --center="Lua OO Cairo binding" --release="1.5" doc/lua-oocairo-pattern.pod doc/lua-oocairo-pattern.3
/usr/bin/core_perl/pod2man --section=3 --center="Lua OO Cairo binding" --release="1.5" doc/lua-oocairo-scaledfont.pod doc/lua-oocairo-scaledfont.3
/usr/bin/core_perl/pod2man --section=3 --center="Lua OO Cairo binding" --release="1.5" doc/lua-oocairo-surface.pod doc/lua-oocairo-surface.3
libtool: compile:  gcc -DPACKAGE_NAME=\"oocairo\" -DPACKAGE_TARNAME=\"oocairo\" -DPACKAGE_VERSION=\"1.5\" "-DPACKAGE_STRING=\"oocairo 1.5\"" -DPACKAGE_BUGREPORT=\"psychon@znc.in\" -DPACKAGE_URL=\"\" -DHAVE_STDIO_H=1 -DHAVE_STDLIB_H=1 -DHAVE_STRING_H=1 -DHAVE_INTTYPES_H=1 -DHAVE_STDINT_H=1 -DHAVE_STRINGS_H=1 -DHAVE_SYS_STAT_H=1 -DHAVE_SYS_TYPES_H=1 -DHAVE_UNISTD_H=1 -DSTDC_HEADERS=1 -DHAVE_DLFCN_H=1 -DLT_OBJDIR=\".libs/\" -DPACKAGE=\"oocairo\" -DVERSION=\"1.5\" -I. -I/usr/include/cairo -I/usr/include/freetype2 -I/usr/include/libpng16 -I/usr/include/harfbuzz -I/usr/include/glib-2.0 -I/usr/lib/glib-2.0/include -I/usr/include/sysprof-6 -pthread -I/usr/include/pixman-1 -march=x86-64 -mtune=generic -O2 -pipe -fno-plt -fexceptions -Wp,-D_FORTIFY_SOURCE=3 -Wformat -Werror=format-security -fstack-clash-protection -fcf-protection -fno-omit-frame-pointer -mno-omit-leaf-frame-pointer -g -ffile-prefix-map=/build/lua-oocairo/src=/usr/src/debug/lua-oocairo -flto=auto -Wall -Wextra -Wcast-align -Wmissing-declarations -Winit-self -Wundef -Wredundant-decls -Wwrite-strings -Wformat=2 -Wlogical-op -Wmissing-include-dirs -Wformat-nonliteral -Wformat-security -Wunused -Wmissing-format-attribute -Wstrict-aliasing -pedantic -MT oocairo.lo -MD -MP -MF .deps/oocairo.Tpo -c oocairo.c  -fPIC -DPIC -o .libs/oocairo.o
In file included from oocairo.c:846:
obj_font_face.c:174:15: warning: cast between incompatible function types from 'cairo_status_t (*)(cairo_scaled_font_t *, cairo_t *, cairo_font_extents_t *)' {aka 'enum _cairo_status (*)(struct _cairo_scaled_font *, struct _cairo *, cairo_font_extents_t *)'} to 'cairo_status_t (*)(void)' {aka 'enum _cairo_status (*)(void)'} [-Wcast-function-type]
  174 |     { "init", (UserFontCallbackFunc) user_font_init,
      |               ^
obj_font_face.c:177:23: warning: cast between incompatible function types from 'cairo_status_t (*)(cairo_scaled_font_t *, long unsigned int,  cairo_t *, cairo_text_extents_t *)' {aka 'enum _cairo_status (*)(struct _cairo_scaled_font *, long unsigned int,  struct _cairo *, cairo_text_extents_t *)'} to 'cairo_status_t (*)(void)' {aka 'enum _cairo_status (*)(void)'} [-Wcast-function-type]
  177 |     { "render_glyph", (UserFontCallbackFunc) user_font_render_glyph,
      |                       ^
obj_font_face.c:180:25: warning: cast between incompatible function types from 'cairo_status_t (*)(cairo_scaled_font_t *, const char *, int,  cairo_glyph_t **, int *, cairo_text_cluster_t **, int *, cairo_text_cluster_flags_t *)' {aka 'enum _cairo_status (*)(struct _cairo_scaled_font *, const char *, int,  cairo_glyph_t **, int *, cairo_text_cluster_t **, int *, enum _cairo_text_cluster_flags *)'} to 'cairo_status_t (*)(void)' {aka 'enum _cairo_status (*)(void)'} [-Wcast-function-type]
  180 |     { "text_to_glyphs", (UserFontCallbackFunc) user_font_text_to_glyphs,
      |                         ^
obj_font_face.c:183:27: warning: cast between incompatible function types from 'cairo_status_t (*)(cairo_scaled_font_t *, long unsigned int,  long unsigned int *)' {aka 'enum _cairo_status (*)(struct _cairo_scaled_font *, long unsigned int,  long unsigned int *)'} to 'cairo_status_t (*)(void)' {aka 'enum _cairo_status (*)(void)'} [-Wcast-function-type]
  183 |     { "unicode_to_glyph", (UserFontCallbackFunc) user_font_unicode_to_glyph,
      |                           ^
mv -f .deps/oocairo.Tpo .deps/oocairo.Plo
/bin/sh ./libtool  --tag=CC   --mode=link gcc  -march=x86-64 -mtune=generic -O2 -pipe -fno-plt -fexceptions         -Wp,-D_FORTIFY_SOURCE=3 -Wformat -Werror=format-security         -fstack-clash-protection -fcf-protection         -fno-omit-frame-pointer -mno-omit-leaf-frame-pointer -g -ffile-prefix-map=/build/lua-oocairo/src=/usr/src/debug/lua-oocairo -flto=auto -Wall -Wextra -Wcast-align -Wmissing-declarations -Winit-self -Wundef -Wredundant-decls -Wwrite-strings -Wformat=2 -Wlogical-op -Wmissing-include-dirs -Wformat-nonliteral -Wformat-security -Wunused -Wmissing-format-attribute -Wstrict-aliasing -pedantic -version 0:0:0 -no-undefined -Wl,-O1 -Wl,--sort-common -Wl,--as-needed -Wl,-z,relro -Wl,-z,now          -Wl,-z,pack-relative-relocs -flto=auto -Wl,--no-undefined -o liboocairo.la -rpath /usr/lib oocairo.lo -llua -lm -lcairo 
libtool: link: gcc -shared  -fPIC -DPIC  .libs/oocairo.o   -llua -lm -lcairo  -march=x86-64 -mtune=generic -O2 -Werror=format-security -mno-omit-leaf-frame-pointer -g -ffile-prefix-map=/build/lua-oocairo/src=/usr/src/debug/lua-oocairo -flto=auto -Wl,-O1 -Wl,--sort-common -Wl,--as-needed -Wl,-z -Wl,relro -Wl,-z -Wl,now -Wl,-z -Wl,pack-relative-relocs -flto=auto -Wl,--no-undefined   -Wl,-soname -Wl,liboocairo.so.0 -o .libs/liboocairo.so.0.0.0
libtool: link: (cd ".libs" && rm -f "liboocairo.so.0" && ln -s "liboocairo.so.0.0.0" "liboocairo.so.0")
libtool: link: (cd ".libs" && rm -f "liboocairo.so" && ln -s "liboocairo.so.0.0.0" "liboocairo.so")
libtool: link: ( cd ".libs" && rm -f "liboocairo.la" && ln -s "../liboocairo.la" "liboocairo.la" )
