Info: creating stash file /build/lumina-desktop-utils/src/lumina/src-qt5/desktop-utils/lumina-screenshot/.qmake.stash
Project MESSAGE: Build OS Info: Linux, x86_64, #1 SMP PREEMPT_DYNAMIC Tue, 29 Jul 2025 15:05:00 +0000
Project MESSAGE:  - Detected Qt Version: 5.15.17
Project MESSAGE: Build Settings Loaded: Linux -
/usr/bin/uic MainUI.ui -o .build/ui/ui_MainUI.h
g++ -c -pipe -march=x86-64 -mtune=generic -O2 -pipe -fno-plt -fexceptions -Wp,-D_FORTIFY_SOURCE=3 -Wformat -Werror=format-security -fstack-clash-protection -fcf-protection -fno-omit-frame-pointer -mno-omit-leaf-frame-pointer -Wp,-D_GLIBCXX_ASSERTIONS -g -ffile-prefix-map=/build/lumina-desktop-utils/src=/usr/src/debug/lumina-desktop-utils -flto=auto -std=gnu++11 -flto -fno-fat-lto-objects -Wall -Wextra -D_REENTRANT -fPIC -DPREFIX=QString\(\"/usr\"\) -DL_ETCDIR=QString\(\"/etc\"\) -DL_SHAREDIR=QString\(\"/usr/share\"\) -DGIT_VERSION="\"92360ecb\"" -DQT_NO_DEBUG -DQT_SVG_LIB -DQT_WIDGETS_LIB -DQT_X11EXTRAS_LIB -DQT_MULTIMEDIA_LIB -DQT_GUI_LIB -DQT_NETWORK_LIB -DQT_CONCURRENT_LIB -DQT_CORE_LIB -I. -I../../core/libLumina -I/usr/include/qt -I/usr -I/usr/include -I/build/lumina-desktop-utils/src/lumina/src-qt5/desktop-utils/lumina-screenshot -I/usr/include/qt/QtSvg -I/usr/include/qt/QtWidgets -I/usr/include/qt/QtX11Extras -I/usr/include/qt/QtMultimedia -I/usr/include/qt/QtGui -I/usr/include/qt/QtNetwork -I/usr/include/qt/QtConcurrent -I/usr/include/qt/QtCore -I.build/moc -I.build/ui -I/usr/lib/qt/mkspecs/linux-g++ -o .build/obj/LuminaOS-Linux.o ../../core/libLumina/LuminaOS-Linux.cpp
g++ -c -pipe -march=x86-64 -mtune=generic -O2 -pipe -fno-plt -fexceptions -Wp,-D_FORTIFY_SOURCE=3 -Wformat -Werror=format-security -fstack-clash-protection -fcf-protection -fno-omit-frame-pointer -mno-omit-leaf-frame-pointer -Wp,-D_GLIBCXX_ASSERTIONS -g -ffile-prefix-map=/build/lumina-desktop-utils/src=/usr/src/debug/lumina-desktop-utils -flto=auto -std=gnu++11 -flto -fno-fat-lto-objects -Wall -Wextra -D_REENTRANT -fPIC -DPREFIX=QString\(\"/usr\"\) -DL_ETCDIR=QString\(\"/etc\"\) -DL_SHAREDIR=QString\(\"/usr/share\"\) -DGIT_VERSION="\"92360ecb\"" -DQT_NO_DEBUG -DQT_SVG_LIB -DQT_WIDGETS_LIB -DQT_X11EXTRAS_LIB -DQT_MULTIMEDIA_LIB -DQT_GUI_LIB -DQT_NETWORK_LIB -DQT_CONCURRENT_LIB -DQT_CORE_LIB -I. -I../../core/libLumina -I/usr/include/qt -I/usr -I/usr/include -I/build/lumina-desktop-utils/src/lumina/src-qt5/desktop-utils/lumina-screenshot -I/usr/include/qt/QtSvg -I/usr/include/qt/QtWidgets -I/usr/include/qt/QtX11Extras -I/usr/include/qt/QtMultimedia -I/usr/include/qt/QtGui -I/usr/include/qt/QtNetwork -I/usr/include/qt/QtConcurrent -I/usr/include/qt/QtCore -I.build/moc -I.build/ui -I/usr/lib/qt/mkspecs/linux-g++ -o .build/obj/LUtils.o ../../core/libLumina/LUtils.cpp
g++ -c -pipe -march=x86-64 -mtune=generic -O2 -pipe -fno-plt -fexceptions -Wp,-D_FORTIFY_SOURCE=3 -Wformat -Werror=format-security -fstack-clash-protection -fcf-protection -fno-omit-frame-pointer -mno-omit-leaf-frame-pointer -Wp,-D_GLIBCXX_ASSERTIONS -g -ffile-prefix-map=/build/lumina-desktop-utils/src=/usr/src/debug/lumina-desktop-utils -flto=auto -std=gnu++11 -flto -fno-fat-lto-objects -Wall -Wextra -D_REENTRANT -fPIC -DPREFIX=QString\(\"/usr\"\) -DL_ETCDIR=QString\(\"/etc\"\) -DL_SHAREDIR=QString\(\"/usr/share\"\) -DGIT_VERSION="\"92360ecb\"" -DQT_NO_DEBUG -DQT_SVG_LIB -DQT_WIDGETS_LIB -DQT_X11EXTRAS_LIB -DQT_MULTIMEDIA_LIB -DQT_GUI_LIB -DQT_NETWORK_LIB -DQT_CONCURRENT_LIB -DQT_CORE_LIB -I. -I../../core/libLumina -I/usr/include/qt -I/usr -I/usr/include -I/build/lumina-desktop-utils/src/lumina/src-qt5/desktop-utils/lumina-screenshot -I/usr/include/qt/QtSvg -I/usr/include/qt/QtWidgets -I/usr/include/qt/QtX11Extras -I/usr/include/qt/QtMultimedia -I/usr/include/qt/QtGui -I/usr/include/qt/QtNetwork -I/usr/include/qt/QtConcurrent -I/usr/include/qt/QtCore -I.build/moc -I.build/ui -I/usr/lib/qt/mkspecs/linux-g++ -o .build/obj/LuminaXDG.o ../../core/libLumina/LuminaXDG.cpp
g++ -c -pipe -march=x86-64 -mtune=generic -O2 -pipe -fno-plt -fexceptions -Wp,-D_FORTIFY_SOURCE=3 -Wformat -Werror=format-security -fstack-clash-protection -fcf-protection -fno-omit-frame-pointer -mno-omit-leaf-frame-pointer -Wp,-D_GLIBCXX_ASSERTIONS -g -ffile-prefix-map=/build/lumina-desktop-utils/src=/usr/src/debug/lumina-desktop-utils -flto=auto -std=gnu++11 -flto -fno-fat-lto-objects -Wall -Wextra -D_REENTRANT -fPIC -DPREFIX=QString\(\"/usr\"\) -DL_ETCDIR=QString\(\"/etc\"\) -DL_SHAREDIR=QString\(\"/usr/share\"\) -DGIT_VERSION="\"92360ecb\"" -DQT_NO_DEBUG -DQT_SVG_LIB -DQT_WIDGETS_LIB -DQT_X11EXTRAS_LIB -DQT_MULTIMEDIA_LIB -DQT_GUI_LIB -DQT_NETWORK_LIB -DQT_CONCURRENT_LIB -DQT_CORE_LIB -I. -I../../core/libLumina -I/usr/include/qt -I/usr -I/usr/include -I/build/lumina-desktop-utils/src/lumina/src-qt5/desktop-utils/lumina-screenshot -I/usr/include/qt/QtSvg -I/usr/include/qt/QtWidgets -I/usr/include/qt/QtX11Extras -I/usr/include/qt/QtMultimedia -I/usr/include/qt/QtGui -I/usr/include/qt/QtNetwork -I/usr/include/qt/QtConcurrent -I/usr/include/qt/QtCore -I.build/moc -I.build/ui -I/usr/lib/qt/mkspecs/linux-g++ -o .build/obj/LFileInfo.o ../../core/libLumina/LFileInfo.cpp
g++ -c -pipe -march=x86-64 -mtune=generic -O2 -pipe -fno-plt -fexceptions -Wp,-D_FORTIFY_SOURCE=3 -Wformat -Werror=format-security -fstack-clash-protection -fcf-protection -fno-omit-frame-pointer -mno-omit-leaf-frame-pointer -Wp,-D_GLIBCXX_ASSERTIONS -g -ffile-prefix-map=/build/lumina-desktop-utils/src=/usr/src/debug/lumina-desktop-utils -flto=auto -std=gnu++11 -flto -fno-fat-lto-objects -Wall -Wextra -D_REENTRANT -fPIC -DPREFIX=QString\(\"/usr\"\) -DL_ETCDIR=QString\(\"/etc\"\) -DL_SHAREDIR=QString\(\"/usr/share\"\) -DGIT_VERSION="\"92360ecb\"" -DQT_NO_DEBUG -DQT_SVG_LIB -DQT_WIDGETS_LIB -DQT_X11EXTRAS_LIB -DQT_MULTIMEDIA_LIB -DQT_GUI_LIB -DQT_NETWORK_LIB -DQT_CONCURRENT_LIB -DQT_CORE_LIB -I. -I../../core/libLumina -I/usr/include/qt -I/usr -I/usr/include -I/build/lumina-desktop-utils/src/lumina/src-qt5/desktop-utils/lumina-screenshot -I/usr/include/qt/QtSvg -I/usr/include/qt/QtWidgets -I/usr/include/qt/QtX11Extras -I/usr/include/qt/QtMultimedia -I/usr/include/qt/QtGui -I/usr/include/qt/QtNetwork -I/usr/include/qt/QtConcurrent -I/usr/include/qt/QtCore -I.build/moc -I.build/ui -I/usr/lib/qt/mkspecs/linux-g++ -o .build/obj/LuminaSingleApplication.o ../../core/libLumina/LuminaSingleApplication.cpp
g++ -c -pipe -march=x86-64 -mtune=generic -O2 -pipe -fno-plt -fexceptions -Wp,-D_FORTIFY_SOURCE=3 -Wformat -Werror=format-security -fstack-clash-protection -fcf-protection -fno-omit-frame-pointer -mno-omit-leaf-frame-pointer -Wp,-D_GLIBCXX_ASSERTIONS -g -ffile-prefix-map=/build/lumina-desktop-utils/src=/usr/src/debug/lumina-desktop-utils -flto=auto -std=gnu++11 -flto -fno-fat-lto-objects -Wall -Wextra -D_REENTRANT -fPIC -DPREFIX=QString\(\"/usr\"\) -DL_ETCDIR=QString\(\"/etc\"\) -DL_SHAREDIR=QString\(\"/usr/share\"\) -DGIT_VERSION="\"92360ecb\"" -DQT_NO_DEBUG -DQT_SVG_LIB -DQT_WIDGETS_LIB -DQT_X11EXTRAS_LIB -DQT_MULTIMEDIA_LIB -DQT_GUI_LIB -DQT_NETWORK_LIB -DQT_CONCURRENT_LIB -DQT_CORE_LIB -I. -I../../core/libLumina -I/usr/include/qt -I/usr -I/usr/include -I/build/lumina-desktop-utils/src/lumina/src-qt5/desktop-utils/lumina-screenshot -I/usr/include/qt/QtSvg -I/usr/include/qt/QtWidgets -I/usr/include/qt/QtX11Extras -I/usr/include/qt/QtMultimedia -I/usr/include/qt/QtGui -I/usr/include/qt/QtNetwork -I/usr/include/qt/QtConcurrent -I/usr/include/qt/QtCore -I.build/moc -I.build/ui -I/usr/lib/qt/mkspecs/linux-g++ -o .build/obj/LuminaThemes.o ../../core/libLumina/LuminaThemes.cpp
g++ -c -pipe -march=x86-64 -mtune=generic -O2 -pipe -fno-plt -fexceptions -Wp,-D_FORTIFY_SOURCE=3 -Wformat -Werror=format-security -fstack-clash-protection -fcf-protection -fno-omit-frame-pointer -mno-omit-leaf-frame-pointer -Wp,-D_GLIBCXX_ASSERTIONS -g -ffile-prefix-map=/build/lumina-desktop-utils/src=/usr/src/debug/lumina-desktop-utils -flto=auto -std=gnu++11 -flto -fno-fat-lto-objects -Wall -Wextra -D_REENTRANT -fPIC -DPREFIX=QString\(\"/usr\"\) -DL_ETCDIR=QString\(\"/etc\"\) -DL_SHAREDIR=QString\(\"/usr/share\"\) -DGIT_VERSION="\"92360ecb\"" -DQT_NO_DEBUG -DQT_SVG_LIB -DQT_WIDGETS_LIB -DQT_X11EXTRAS_LIB -DQT_MULTIMEDIA_LIB -DQT_GUI_LIB -DQT_NETWORK_LIB -DQT_CONCURRENT_LIB -DQT_CORE_LIB -I. -I../../core/libLumina -I/usr/include/qt -I/usr -I/usr/include -I/build/lumina-desktop-utils/src/lumina/src-qt5/desktop-utils/lumina-screenshot -I/usr/include/qt/QtSvg -I/usr/include/qt/QtWidgets -I/usr/include/qt/QtX11Extras -I/usr/include/qt/QtMultimedia -I/usr/include/qt/QtGui -I/usr/include/qt/QtNetwork -I/usr/include/qt/QtConcurrent -I/usr/include/qt/QtCore -I.build/moc -I.build/ui -I/usr/lib/qt/mkspecs/linux-g++ -o .build/obj/LuminaX11.o ../../core/libLumina/LuminaX11.cpp
g++ -c -pipe -march=x86-64 -mtune=generic -O2 -pipe -fno-plt -fexceptions -Wp,-D_FORTIFY_SOURCE=3 -Wformat -Werror=format-security -fstack-clash-protection -fcf-protection -fno-omit-frame-pointer -mno-omit-leaf-frame-pointer -Wp,-D_GLIBCXX_ASSERTIONS -g -ffile-prefix-map=/build/lumina-desktop-utils/src=/usr/src/debug/lumina-desktop-utils -flto=auto -std=gnu++11 -flto -fno-fat-lto-objects -Wall -Wextra -D_REENTRANT -fPIC -DPREFIX=QString\(\"/usr\"\) -DL_ETCDIR=QString\(\"/etc\"\) -DL_SHAREDIR=QString\(\"/usr/share\"\) -DGIT_VERSION="\"92360ecb\"" -DQT_NO_DEBUG -DQT_SVG_LIB -DQT_WIDGETS_LIB -DQT_X11EXTRAS_LIB -DQT_MULTIMEDIA_LIB -DQT_GUI_LIB -DQT_NETWORK_LIB -DQT_CONCURRENT_LIB -DQT_CORE_LIB -I. -I../../core/libLumina -I/usr/include/qt -I/usr -I/usr/include -I/build/lumina-desktop-utils/src/lumina/src-qt5/desktop-utils/lumina-screenshot -I/usr/include/qt/QtSvg -I/usr/include/qt/QtWidgets -I/usr/include/qt/QtX11Extras -I/usr/include/qt/QtMultimedia -I/usr/include/qt/QtGui -I/usr/include/qt/QtNetwork -I/usr/include/qt/QtConcurrent -I/usr/include/qt/QtCore -I.build/moc -I.build/ui -I/usr/lib/qt/mkspecs/linux-g++ -o .build/obj/main.o main.cpp
g++ -c -pipe -march=x86-64 -mtune=generic -O2 -pipe -fno-plt -fexceptions -Wp,-D_FORTIFY_SOURCE=3 -Wformat -Werror=format-security -fstack-clash-protection -fcf-protection -fno-omit-frame-pointer -mno-omit-leaf-frame-pointer -Wp,-D_GLIBCXX_ASSERTIONS -g -ffile-prefix-map=/build/lumina-desktop-utils/src=/usr/src/debug/lumina-desktop-utils -flto=auto -std=gnu++11 -flto -fno-fat-lto-objects -Wall -Wextra -D_REENTRANT -fPIC -DPREFIX=QString\(\"/usr\"\) -DL_ETCDIR=QString\(\"/etc\"\) -DL_SHAREDIR=QString\(\"/usr/share\"\) -DGIT_VERSION="\"92360ecb\"" -DQT_NO_DEBUG -DQT_SVG_LIB -DQT_WIDGETS_LIB -DQT_X11EXTRAS_LIB -DQT_MULTIMEDIA_LIB -DQT_GUI_LIB -DQT_NETWORK_LIB -DQT_CONCURRENT_LIB -DQT_CORE_LIB -I. -I../../core/libLumina -I/usr/include/qt -I/usr -I/usr/include -I/build/lumina-desktop-utils/src/lumina/src-qt5/desktop-utils/lumina-screenshot -I/usr/include/qt/QtSvg -I/usr/include/qt/QtWidgets -I/usr/include/qt/QtX11Extras -I/usr/include/qt/QtMultimedia -I/usr/include/qt/QtGui -I/usr/include/qt/QtNetwork -I/usr/include/qt/QtConcurrent -I/usr/include/qt/QtCore -I.build/moc -I.build/ui -I/usr/lib/qt/mkspecs/linux-g++ -o .build/obj/ImageEditor.o ImageEditor.cpp
g++ -pipe -march=x86-64 -mtune=generic -O2 -pipe -fno-plt -fexceptions -Wp,-D_FORTIFY_SOURCE=3 -Wformat -Werror=format-security -fstack-clash-protection -fcf-protection -fno-omit-frame-pointer -mno-omit-leaf-frame-pointer -Wp,-D_GLIBCXX_ASSERTIONS -g -ffile-prefix-map=/build/lumina-desktop-utils/src=/usr/src/debug/lumina-desktop-utils -flto=auto -std=gnu++11 -flto -fno-fat-lto-objects -Wall -Wextra -dM -E -o .build/moc/moc_predefs.h /usr/lib/qt/mkspecs/features/data/dummy.cpp
g++ -c -pipe -march=x86-64 -mtune=generic -O2 -pipe -fno-plt -fexceptions -Wp,-D_FORTIFY_SOURCE=3 -Wformat -Werror=format-security -fstack-clash-protection -fcf-protection -fno-omit-frame-pointer -mno-omit-leaf-frame-pointer -Wp,-D_GLIBCXX_ASSERTIONS -g -ffile-prefix-map=/build/lumina-desktop-utils/src=/usr/src/debug/lumina-desktop-utils -flto=auto -std=gnu++11 -flto -fno-fat-lto-objects -Wall -Wextra -D_REENTRANT -fPIC -DPREFIX=QString\(\"/usr\"\) -DL_ETCDIR=QString\(\"/etc\"\) -DL_SHAREDIR=QString\(\"/usr/share\"\) -DGIT_VERSION="\"92360ecb\"" -DQT_NO_DEBUG -DQT_SVG_LIB -DQT_WIDGETS_LIB -DQT_X11EXTRAS_LIB -DQT_MULTIMEDIA_LIB -DQT_GUI_LIB -DQT_NETWORK_LIB -DQT_CONCURRENT_LIB -DQT_CORE_LIB -I. -I../../core/libLumina -I/usr/include/qt -I/usr -I/usr/include -I/build/lumina-desktop-utils/src/lumina/src-qt5/desktop-utils/lumina-screenshot -I/usr/include/qt/QtSvg -I/usr/include/qt/QtWidgets -I/usr/include/qt/QtX11Extras -I/usr/include/qt/QtMultimedia -I/usr/include/qt/QtGui -I/usr/include/qt/QtNetwork -I/usr/include/qt/QtConcurrent -I/usr/include/qt/QtCore -I.build/moc -I.build/ui -I/usr/lib/qt/mkspecs/linux-g++ -o .build/obj/MainUI.o MainUI.cpp
/usr/bin/moc -DPREFIX=QString\(\"/usr\"\) -DL_ETCDIR=QString\(\"/etc\"\) -DL_SHAREDIR=QString\(\"/usr/share\"\) -DGIT_VERSION="\"92360ecb\"" -DQT_NO_DEBUG -DQT_SVG_LIB -DQT_WIDGETS_LIB -DQT_X11EXTRAS_LIB -DQT_MULTIMEDIA_LIB -DQT_GUI_LIB -DQT_NETWORK_LIB -DQT_CONCURRENT_LIB -DQT_CORE_LIB --include /build/lumina-desktop-utils/src/lumina/src-qt5/desktop-utils/lumina-screenshot/.build/moc/moc_predefs.h -I/usr/lib/qt/mkspecs/linux-g++ -I/build/lumina-desktop-utils/src/lumina/src-qt5/desktop-utils/lumina-screenshot -I/build/lumina-desktop-utils/src/lumina/src-qt5/core/libLumina -I/usr/include/qt -I/usr -I/usr/include -I'/build/lumina-desktop-utils/src/lumina/src-qt5/desktop-utils/lumina-screenshot//build/lumina-desktop-utils/src/lumina/src-qt5/desktop-utils/lumina-screenshot' -I/usr/include/qt/QtSvg -I/usr/include/qt/QtWidgets -I/usr/include/qt/QtX11Extras -I/usr/include/qt/QtMultimedia -I/usr/include/qt/QtGui -I/usr/include/qt/QtNetwork -I/usr/include/qt/QtConcurrent -I/usr/include/qt/QtCore -I/usr/include/c++/15.1.1 -I/usr/include/c++/15.1.1/x86_64-pc-linux-gnu -I/usr/include/c++/15.1.1/backward -I/usr/lib/gcc/x86_64-pc-linux-gnu/15.1.1/include -I/usr/local/include -I/usr/lib/gcc/x86_64-pc-linux-gnu/15.1.1/include-fixed -I/usr/include ../../core/libLumina/LuminaXDG.h -o .build/moc/moc_LuminaXDG.cpp
/usr/bin/moc -DPREFIX=QString\(\"/usr\"\) -DL_ETCDIR=QString\(\"/etc\"\) -DL_SHAREDIR=QString\(\"/usr/share\"\) -DGIT_VERSION="\"92360ecb\"" -DQT_NO_DEBUG -DQT_SVG_LIB -DQT_WIDGETS_LIB -DQT_X11EXTRAS_LIB -DQT_MULTIMEDIA_LIB -DQT_GUI_LIB -DQT_NETWORK_LIB -DQT_CONCURRENT_LIB -DQT_CORE_LIB --include /build/lumina-desktop-utils/src/lumina/src-qt5/desktop-utils/lumina-screenshot/.build/moc/moc_predefs.h -I/usr/lib/qt/mkspecs/linux-g++ -I/build/lumina-desktop-utils/src/lumina/src-qt5/desktop-utils/lumina-screenshot -I/build/lumina-desktop-utils/src/lumina/src-qt5/core/libLumina -I/usr/include/qt -I/usr -I/usr/include -I'/build/lumina-desktop-utils/src/lumina/src-qt5/desktop-utils/lumina-screenshot//build/lumina-desktop-utils/src/lumina/src-qt5/desktop-utils/lumina-screenshot' -I/usr/include/qt/QtSvg -I/usr/include/qt/QtWidgets -I/usr/include/qt/QtX11Extras -I/usr/include/qt/QtMultimedia -I/usr/include/qt/QtGui -I/usr/include/qt/QtNetwork -I/usr/include/qt/QtConcurrent -I/usr/include/qt/QtCore -I/usr/include/c++/15.1.1 -I/usr/include/c++/15.1.1/x86_64-pc-linux-gnu -I/usr/include/c++/15.1.1/backward -I/usr/lib/gcc/x86_64-pc-linux-gnu/15.1.1/include -I/usr/local/include -I/usr/lib/gcc/x86_64-pc-linux-gnu/15.1.1/include-fixed -I/usr/include ../../core/libLumina/LuminaSingleApplication.h -o .build/moc/moc_LuminaSingleApplication.cpp
/usr/bin/moc -DPREFIX=QString\(\"/usr\"\) -DL_ETCDIR=QString\(\"/etc\"\) -DL_SHAREDIR=QString\(\"/usr/share\"\) -DGIT_VERSION="\"92360ecb\"" -DQT_NO_DEBUG -DQT_SVG_LIB -DQT_WIDGETS_LIB -DQT_X11EXTRAS_LIB -DQT_MULTIMEDIA_LIB -DQT_GUI_LIB -DQT_NETWORK_LIB -DQT_CONCURRENT_LIB -DQT_CORE_LIB --include /build/lumina-desktop-utils/src/lumina/src-qt5/desktop-utils/lumina-screenshot/.build/moc/moc_predefs.h -I/usr/lib/qt/mkspecs/linux-g++ -I/build/lumina-desktop-utils/src/lumina/src-qt5/desktop-utils/lumina-screenshot -I/build/lumina-desktop-utils/src/lumina/src-qt5/core/libLumina -I/usr/include/qt -I/usr -I/usr/include -I'/build/lumina-desktop-utils/src/lumina/src-qt5/desktop-utils/lumina-screenshot//build/lumina-desktop-utils/src/lumina/src-qt5/desktop-utils/lumina-screenshot' -I/usr/include/qt/QtSvg -I/usr/include/qt/QtWidgets -I/usr/include/qt/QtX11Extras -I/usr/include/qt/QtMultimedia -I/usr/include/qt/QtGui -I/usr/include/qt/QtNetwork -I/usr/include/qt/QtConcurrent -I/usr/include/qt/QtCore -I/usr/include/c++/15.1.1 -I/usr/include/c++/15.1.1/x86_64-pc-linux-gnu -I/usr/include/c++/15.1.1/backward -I/usr/lib/gcc/x86_64-pc-linux-gnu/15.1.1/include -I/usr/local/include -I/usr/lib/gcc/x86_64-pc-linux-gnu/15.1.1/include-fixed -I/usr/include ../../core/libLumina/LuminaThemes.h -o .build/moc/moc_LuminaThemes.cpp
/usr/bin/moc -DPREFIX=QString\(\"/usr\"\) -DL_ETCDIR=QString\(\"/etc\"\) -DL_SHAREDIR=QString\(\"/usr/share\"\) -DGIT_VERSION="\"92360ecb\"" -DQT_NO_DEBUG -DQT_SVG_LIB -DQT_WIDGETS_LIB -DQT_X11EXTRAS_LIB -DQT_MULTIMEDIA_LIB -DQT_GUI_LIB -DQT_NETWORK_LIB -DQT_CONCURRENT_LIB -DQT_CORE_LIB --include /build/lumina-desktop-utils/src/lumina/src-qt5/desktop-utils/lumina-screenshot/.build/moc/moc_predefs.h -I/usr/lib/qt/mkspecs/linux-g++ -I/build/lumina-desktop-utils/src/lumina/src-qt5/desktop-utils/lumina-screenshot -I/build/lumina-desktop-utils/src/lumina/src-qt5/core/libLumina -I/usr/include/qt -I/usr -I/usr/include -I'/build/lumina-desktop-utils/src/lumina/src-qt5/desktop-utils/lumina-screenshot//build/lumina-desktop-utils/src/lumina/src-qt5/desktop-utils/lumina-screenshot' -I/usr/include/qt/QtSvg -I/usr/include/qt/QtWidgets -I/usr/include/qt/QtX11Extras -I/usr/include/qt/QtMultimedia -I/usr/include/qt/QtGui -I/usr/include/qt/QtNetwork -I/usr/include/qt/QtConcurrent -I/usr/include/qt/QtCore -I/usr/include/c++/15.1.1 -I/usr/include/c++/15.1.1/x86_64-pc-linux-gnu -I/usr/include/c++/15.1.1/backward -I/usr/lib/gcc/x86_64-pc-linux-gnu/15.1.1/include -I/usr/local/include -I/usr/lib/gcc/x86_64-pc-linux-gnu/15.1.1/include-fixed -I/usr/include MainUI.h -o .build/moc/moc_MainUI.cpp
/usr/bin/moc -DPREFIX=QString\(\"/usr\"\) -DL_ETCDIR=QString\(\"/etc\"\) -DL_SHAREDIR=QString\(\"/usr/share\"\) -DGIT_VERSION="\"92360ecb\"" -DQT_NO_DEBUG -DQT_SVG_LIB -DQT_WIDGETS_LIB -DQT_X11EXTRAS_LIB -DQT_MULTIMEDIA_LIB -DQT_GUI_LIB -DQT_NETWORK_LIB -DQT_CONCURRENT_LIB -DQT_CORE_LIB --include /build/lumina-desktop-utils/src/lumina/src-qt5/desktop-utils/lumina-screenshot/.build/moc/moc_predefs.h -I/usr/lib/qt/mkspecs/linux-g++ -I/build/lumina-desktop-utils/src/lumina/src-qt5/desktop-utils/lumina-screenshot -I/build/lumina-desktop-utils/src/lumina/src-qt5/core/libLumina -I/usr/include/qt -I/usr -I/usr/include -I'/build/lumina-desktop-utils/src/lumina/src-qt5/desktop-utils/lumina-screenshot//build/lumina-desktop-utils/src/lumina/src-qt5/desktop-utils/lumina-screenshot' -I/usr/include/qt/QtSvg -I/usr/include/qt/QtWidgets -I/usr/include/qt/QtX11Extras -I/usr/include/qt/QtMultimedia -I/usr/include/qt/QtGui -I/usr/include/qt/QtNetwork -I/usr/include/qt/QtConcurrent -I/usr/include/qt/QtCore -I/usr/include/c++/15.1.1 -I/usr/include/c++/15.1.1/x86_64-pc-linux-gnu -I/usr/include/c++/15.1.1/backward -I/usr/lib/gcc/x86_64-pc-linux-gnu/15.1.1/include -I/usr/local/include -I/usr/lib/gcc/x86_64-pc-linux-gnu/15.1.1/include-fixed -I/usr/include ImageEditor.h -o .build/moc/moc_ImageEditor.cpp
../../core/libLumina/LuminaX11.cpp:33:10: fatal error: X11/extensions/Xdamage.h: No such file or directory
   33 | #include <X11/extensions/Xdamage.h>
      |          ^~~~~~~~~~~~~~~~~~~~~~~~~~
compilation terminated.
make: *** [Makefile:556: .build/obj/LuminaX11.o] Error 1
make: *** Waiting for unfinished jobs....
../../core/libLumina/LuminaOS-Linux.cpp: In static member function ‘static void LOS::startMixerUtility()’:
../../core/libLumina/LuminaOS-Linux.cpp:134:26: warning: ‘static bool QProcess::startDetached(const QString&)’ is deprecated: Use QProcess::startDetached(const QString &program, const QStringList &arguments) instead [-Wdeprecated-declarations]
  134 |   QProcess::startDetached(LOS::AppPrefix() + "bin/pavucontrol");
      |   ~~~~~~~~~~~~~~~~~~~~~~~^~~~~~~~~~~~~~~~~~~~~~~~~~~~~~~~~~~~~~
In file included from /usr/include/qt/QtCore/QProcess:1,
                 from ../../core/libLumina/LuminaOS.h:17,
                 from ../../core/libLumina/LuminaOS-Linux.cpp:9:
/usr/include/qt/QtCore/qprocess.h:280:17: note: declared here
  280 |     static bool startDetached(const QString &command);
      |                 ^~~~~~~~~~~~~
../../core/libLumina/LuminaOS-Linux.cpp: In static member function ‘static void LOS::systemShutdown(bool)’:
../../core/libLumina/LuminaOS-Linux.cpp:155:26: warning: ‘static bool QProcess::startDetached(const QString&)’ is deprecated: Use QProcess::startDetached(const QString &program, const QStringList &arguments) instead [-Wdeprecated-declarations]
  155 |   QProcess::startDetached("shutdown -P -h now");
      |   ~~~~~~~~~~~~~~~~~~~~~~~^~~~~~~~~~~~~~~~~~~~~~
/usr/include/qt/QtCore/qprocess.h:280:17: note: declared here
  280 |     static bool startDetached(const QString &command);
      |                 ^~~~~~~~~~~~~
../../core/libLumina/LuminaOS-Linux.cpp: In static member function ‘static void LOS::systemRestart(bool)’:
../../core/libLumina/LuminaOS-Linux.cpp:161:26: warning: ‘static bool QProcess::startDetached(const QString&)’ is deprecated: Use QProcess::startDetached(const QString &program, const QStringList &arguments) instead [-Wdeprecated-declarations]
  161 |   QProcess::startDetached("shutdown -r now");
      |   ~~~~~~~~~~~~~~~~~~~~~~~^~~~~~~~~~~~~~~~~~~
/usr/include/qt/QtCore/qprocess.h:280:17: note: declared here
  280 |     static bool startDetached(const QString &command);
      |                 ^~~~~~~~~~~~~
../../core/libLumina/LFileInfo.cpp: In member function ‘void LFileInfo::getZfsDataset()’:
../../core/libLumina/LFileInfo.cpp:103:80: warning: ‘QStringList QString::split(const QString&, SplitBehavior, Qt::CaseSensitivity) const’ is deprecated: Use split(const QString &sep, Qt::SplitBehavior ...) variant instead [-Wdeprecated-declarations]
  103 |         if(!gplist.isEmpty()){ gplist = gplist.first().replace("\t", " ").split(" ",QString::SkipEmptyParts); gplist.removeAll("groups"); }
      |                                         ~~~~~~~~~~~~~~~~~~~~~~~~~~~~~~~~~~~~~~~^~~~~~~~~~~~~~~~~~~~~~~~~~~~~
In file included from /usr/include/qt/QtCore/qobject.h:47,
                 from /usr/include/qt/QtCore/qiodevice.h:45,
                 from /usr/include/qt/QtCore/qfiledevice.h:43,
                 from /usr/include/qt/QtCore/qfile.h:44,
                 from /usr/include/qt/QtCore/QFile:1,
                 from ../../core/libLumina/LuminaXDG.h:18,
                 from ../../core/libLumina/LFileInfo.h:13,
                 from ../../core/libLumina/LFileInfo.cpp:7:
/usr/include/qt/QtCore/qstring.h:606:17: note: declared here
  606 |     QStringList split(const QString &sep, SplitBehavior behavior,
      |                 ^~~~~
../../core/libLumina/LFileInfo.cpp:107:84: warning: ‘QStringList QString::split(const QString&, SplitBehavior, Qt::CaseSensitivity) const’ is deprecated: Use split(const QString &sep, Qt::SplitBehavior ...) variant instead [-Wdeprecated-declarations]
  107 |           zfs_perms << tmp.first().section(" ",2,2,QString::SectionSkipEmpty).split(",",QString::SkipEmptyParts);
      |                        ~~~~~~~~~~~~~~~~~~~~~~~~~~~~~~~~~~~~~~~~~~~~~~~~~~~~~~~~~~~~^~~~~~~~~~~~~~~~~~~~~~~~~~~~~
/usr/include/qt/QtCore/qstring.h:606:17: note: declared here
  606 |     QStringList split(const QString &sep, SplitBehavior behavior,
      |                 ^~~~~
../../core/libLumina/LuminaXDG.cpp: In member function ‘void XDGDesktop::sync()’:
../../core/libLumina/LuminaXDG.cpp:117:65: warning: ‘QStringList QString::split(const QString&, SplitBehavior, Qt::CaseSensitivity) const’ is deprecated: Use split(const QString &sep, Qt::SplitBehavior ...) variant instead [-Wdeprecated-declarations]
  117 |     else if(var=="Categories" && insection){ catList = val.split(";",QString::SkipEmptyParts); }
      |                                                        ~~~~~~~~~^~~~~~~~~~~~~~~~~~~~~~~~~~~~~
In file included from /usr/include/qt/QtCore/qobject.h:47,
                 from /usr/include/qt/QtCore/qiodevice.h:45,
                 from /usr/include/qt/QtCore/qfiledevice.h:43,
                 from /usr/include/qt/QtCore/qfile.h:44,
                 from /usr/include/qt/QtCore/QFile:1,
                 from ../../core/libLumina/LuminaXDG.h:18,
                 from ../../core/libLumina/LuminaXDG.cpp:7:
/usr/include/qt/QtCore/qstring.h:606:17: note: declared here
  606 |     QStringList split(const QString &sep, SplitBehavior behavior,
      |                 ^~~~~
../../core/libLumina/LuminaXDG.cpp:118:68: warning: ‘QStringList QString::split(const QString&, SplitBehavior, Qt::CaseSensitivity) const’ is deprecated: Use split(const QString &sep, Qt::SplitBehavior ...) variant instead [-Wdeprecated-declarations]
  118 |     else if(var=="OnlyShowIn" && insection){ showInList = val.split(";",QString::SkipEmptyParts); }
      |                                                           ~~~~~~~~~^~~~~~~~~~~~~~~~~~~~~~~~~~~~~
/usr/include/qt/QtCore/qstring.h:606:17: note: declared here
  606 |     QStringList split(const QString &sep, SplitBehavior behavior,
      |                 ^~~~~
../../core/libLumina/LuminaXDG.cpp:119:70: warning: ‘QStringList QString::split(const QString&, SplitBehavior, Qt::CaseSensitivity) const’ is deprecated: Use split(const QString &sep, Qt::SplitBehavior ...) variant instead [-Wdeprecated-declarations]
  119 |     else if(var=="NotShowIn" && insection){ notShowInList = val.split(";",QString::SkipEmptyParts); }
      |                                                             ~~~~~~~~~^~~~~~~~~~~~~~~~~~~~~~~~~~~~~
/usr/include/qt/QtCore/qstring.h:606:17: note: declared here
  606 |     QStringList split(const QString &sep, SplitBehavior behavior,
      |                 ^~~~~
../../core/libLumina/LuminaXDG.cpp:121:65: warning: ‘QStringList QString::split(const QString&, SplitBehavior, Qt::CaseSensitivity) const’ is deprecated: Use split(const QString &sep, Qt::SplitBehavior ...) variant instead [-Wdeprecated-declarations]
  121 |     else if(var=="Actions" && insection){ actionList = val.split(";",QString::SkipEmptyParts); }
      |                                                        ~~~~~~~~~^~~~~~~~~~~~~~~~~~~~~~~~~~~~~
/usr/include/qt/QtCore/qstring.h:606:17: note: declared here
  606 |     QStringList split(const QString &sep, SplitBehavior behavior,
      |                 ^~~~~
../../core/libLumina/LuminaXDG.cpp:122:64: warning: ‘QStringList QString::split(const QString&, SplitBehavior, Qt::CaseSensitivity) const’ is deprecated: Use split(const QString &sep, Qt::SplitBehavior ...) variant instead [-Wdeprecated-declarations]
  122 |     else if(var=="MimeType" && insection){ mimeList = val.split(";",QString::SkipEmptyParts); }
      |                                                       ~~~~~~~~~^~~~~~~~~~~~~~~~~~~~~~~~~~~~~
/usr/include/qt/QtCore/qstring.h:606:17: note: declared here
  606 |     QStringList split(const QString &sep, SplitBehavior behavior,
      |                 ^~~~~
../../core/libLumina/LuminaXDG.cpp:124:66: warning: ‘QStringList QString::split(const QString&, SplitBehavior, Qt::CaseSensitivity) const’ is deprecated: Use split(const QString &sep, Qt::SplitBehavior ...) variant instead [-Wdeprecated-declarations]
  124 |       if(keyList.isEmpty() && loc.isEmpty()){ keyList = val.split(";",QString::SkipEmptyParts); }
      |                                                         ~~~~~~~~~^~~~~~~~~~~~~~~~~~~~~~~~~~~~~
/usr/include/qt/QtCore/qstring.h:606:17: note: declared here
  606 |     QStringList split(const QString &sep, SplitBehavior behavior,
      |                 ^~~~~
../../core/libLumina/LuminaXDG.cpp:125:48: warning: ‘QStringList QString::split(const QString&, SplitBehavior, Qt::CaseSensitivity) const’ is deprecated: Use split(const QString &sep, Qt::SplitBehavior ...) variant instead [-Wdeprecated-declarations]
  125 |       else if(loc == lang){ keyList = val.split(";",QString::SkipEmptyParts); }
      |                                       ~~~~~~~~~^~~~~~~~~~~~~~~~~~~~~~~~~~~~~
/usr/include/qt/QtCore/qstring.h:606:17: note: declared here
  606 |     QStringList split(const QString &sep, SplitBehavior behavior,
      |                 ^~~~~
../../core/libLumina/LuminaXDG.cpp: In static member function ‘static QStringList LXDG::getIconThemeDepChain(QString, QStringList)’:
../../core/libLumina/LuminaXDG.cpp:1042:52: warning: ‘QStringList QString::split(const QString&, SplitBehavior, Qt::CaseSensitivity) const’ is deprecated: Use split(const QString &sep, Qt::SplitBehavior ...) variant instead [-Wdeprecated-declarations]
 1042 |         deps = deps.first().section("=",1,-1).split(";",QString::SkipEmptyParts);
      |                ~~~~~~~~~~~~~~~~~~~~~~~~~~~~~~~~~~~~^~~~~~~~~~~~~~~~~~~~~~~~~~~~~
/usr/include/qt/QtCore/qstring.h:606:17: note: declared here
  606 |     QStringList split(const QString &sep, SplitBehavior behavior,
      |                 ^~~~~
../../core/libLumina/LuminaXDG.cpp: In static member function ‘static QStringList LXDG::findAvailableAppsForMime(QString)’:
../../core/libLumina/LuminaXDG.cpp:1310:62: warning: ‘QStringList QString::split(const QString&, SplitBehavior, Qt::CaseSensitivity) const’ is deprecated: Use split(const QString &sep, Qt::SplitBehavior ...) variant instead [-Wdeprecated-declarations]
 1310 |         QStringList files = matches[j].section("=",1,1).split(";",QString::SkipEmptyParts);
      |                             ~~~~~~~~~~~~~~~~~~~~~~~~~~~~~~~~~^~~~~~~~~~~~~~~~~~~~~~~~~~~~~
/usr/include/qt/QtCore/qstring.h:606:17: note: declared here
  606 |     QStringList split(const QString &sep, SplitBehavior behavior,
      |                 ^~~~~
MainUI.cpp: In member function ‘void MainUI::quicksave()’:
MainUI.cpp:155:30: warning: ‘static bool QProcess::startDetached(const QString&)’ is deprecated: Use QProcess::startDetached(const QString &program, const QStringList &arguments) instead [-Wdeprecated-declarations]
  155 |       QProcess::startDetached("lumina-open -select \""+path+"\"");
      |       ~~~~~~~~~~~~~~~~~~~~~~~^~~~~~~~~~~~~~~~~~~~~~~~~~~~~~~~~~~~
In file included from /usr/include/qt/QtCore/QProcess:1,
                 from ../../core/libLumina/LUtils.h:11,
                 from MainUI.h:25,
                 from MainUI.cpp:7:
/usr/include/qt/QtCore/qprocess.h:280:17: note: declared here
  280 |     static bool startDetached(const QString &command);
      |                 ^~~~~~~~~~~~~
../../core/libLumina/LUtils.cpp: In static member function ‘static QString LUtils::runCommand(bool&, QString, QStringList, QString, QStringList)’:
../../core/libLumina/LUtils.cpp:130:38: warning: ‘void QProcess::start(const QString&, QIODevice::OpenMode)’ is deprecated: Use QProcess::start(const QString &program, const QStringList &arguments,OpenMode mode = ReadWrite) instead [-Wdeprecated-declarations]
  130 |   if(arguments.isEmpty()){ proc.start(command); }
      |                            ~~~~~~~~~~^~~~~~~~~
In file included from /usr/include/qt/QtCore/QProcess:1,
                 from ../../core/libLumina/LUtils.h:11,
                 from ../../core/libLumina/LUtils.cpp:7:
/usr/include/qt/QtCore/qprocess.h:168:10: note: declared here
  168 |     void start(const QString &command, OpenMode mode = ReadWrite);
      |          ^~~~~
[1m[31m==> ERROR:(B[m[1m A failure occurred in package_lumina-screenshot().(B[m
[1m    Aborting...(B[m
