Info: creating stash file /build/lumina-pdf-git/src/lumina-pdf/src-qt5/.qmake.stash
Project MESSAGE: Build OS Info: Linux, x86_64, #1 SMP PREEMPT_DYNAMIC Tue, 29 Jul 2025 15:05:00 +0000
Project MESSAGE:  - Detected Qt Version: 5.15.17
Project MESSAGE: Build Settings Loaded: Linux -
Project MESSAGE: Qt Modules Needed: core gui widgets concurrent printsupport
Project MESSAGE: Using Poppler-Qt5 Backend
/usr/bin/uic mainUI.ui -o .build/ui/ui_mainUI.h
/usr/bin/uic PropDialog.ui -o .build/ui/ui_PropDialog.h
/usr/bin/uic BookmarkMenu.ui -o .build/ui/ui_BookmarkMenu.h
g++ -c -pipe -std=c++17 -march=x86-64 -mtune=generic -O2 -pipe -fno-plt -fexceptions -Wp,-D_FORTIFY_SOURCE=3 -Wformat -Werror=format-security -fstack-clash-protection -fcf-protection -fno-omit-frame-pointer -mno-omit-leaf-frame-pointer -Wp,-D_GLIBCXX_ASSERTIONS -g -ffile-prefix-map=/build/lumina-pdf-git/src=/usr/src/debug/lumina-pdf-git -flto=auto -std=gnu++1z -flto -fno-fat-lto-objects -Wall -Wextra -D_REENTRANT -fPIC -DPREFIX=QString\(\"/usr\"\) -DL_ETCDIR=QString\(\"/etc\"\) -DL_SHAREDIR=QString\(\"/usr/share\"\) -DQT_NO_DEBUG -DQT_PRINTSUPPORT_LIB -DQT_WIDGETS_LIB -DQT_GUI_LIB -DQT_CONCURRENT_LIB -DQT_CORE_LIB -I. -I/build/lumina-pdf-git/src/lumina-pdf/src-qt5/core/libLumina -I/usr/include/qt -I/usr -I/usr/include -I/usr/include/qt/QtPrintSupport -I/usr/include/qt/QtWidgets -I/usr/include/qt/QtGui -I/usr/include/qt/QtConcurrent -I/usr/include/qt/QtCore -I.build/moc -I.build/ui -I/usr/lib/qt/mkspecs/linux-g++ -o .build/obj/main.o main.cpp
g++ -c -pipe -std=c++17 -march=x86-64 -mtune=generic -O2 -pipe -fno-plt -fexceptions -Wp,-D_FORTIFY_SOURCE=3 -Wformat -Werror=format-security -fstack-clash-protection -fcf-protection -fno-omit-frame-pointer -mno-omit-leaf-frame-pointer -Wp,-D_GLIBCXX_ASSERTIONS -g -ffile-prefix-map=/build/lumina-pdf-git/src=/usr/src/debug/lumina-pdf-git -flto=auto -std=gnu++1z -flto -fno-fat-lto-objects -Wall -Wextra -D_REENTRANT -fPIC -DPREFIX=QString\(\"/usr\"\) -DL_ETCDIR=QString\(\"/etc\"\) -DL_SHAREDIR=QString\(\"/usr/share\"\) -DQT_NO_DEBUG -DQT_PRINTSUPPORT_LIB -DQT_WIDGETS_LIB -DQT_GUI_LIB -DQT_CONCURRENT_LIB -DQT_CORE_LIB -I. -I/build/lumina-pdf-git/src/lumina-pdf/src-qt5/core/libLumina -I/usr/include/qt -I/usr -I/usr/include -I/usr/include/qt/QtPrintSupport -I/usr/include/qt/QtWidgets -I/usr/include/qt/QtGui -I/usr/include/qt/QtConcurrent -I/usr/include/qt/QtCore -I.build/moc -I.build/ui -I/usr/lib/qt/mkspecs/linux-g++ -o .build/obj/PrintWidget.o PrintWidget.cpp
g++ -c -pipe -std=c++17 -march=x86-64 -mtune=generic -O2 -pipe -fno-plt -fexceptions -Wp,-D_FORTIFY_SOURCE=3 -Wformat -Werror=format-security -fstack-clash-protection -fcf-protection -fno-omit-frame-pointer -mno-omit-leaf-frame-pointer -Wp,-D_GLIBCXX_ASSERTIONS -g -ffile-prefix-map=/build/lumina-pdf-git/src=/usr/src/debug/lumina-pdf-git -flto=auto -std=gnu++1z -flto -fno-fat-lto-objects -Wall -Wextra -D_REENTRANT -fPIC -DPREFIX=QString\(\"/usr\"\) -DL_ETCDIR=QString\(\"/etc\"\) -DL_SHAREDIR=QString\(\"/usr/share\"\) -DQT_NO_DEBUG -DQT_PRINTSUPPORT_LIB -DQT_WIDGETS_LIB -DQT_GUI_LIB -DQT_CONCURRENT_LIB -DQT_CORE_LIB -I. -I/build/lumina-pdf-git/src/lumina-pdf/src-qt5/core/libLumina -I/usr/include/qt -I/usr -I/usr/include -I/usr/include/qt/QtPrintSupport -I/usr/include/qt/QtWidgets -I/usr/include/qt/QtGui -I/usr/include/qt/QtConcurrent -I/usr/include/qt/QtCore -I.build/moc -I.build/ui -I/usr/lib/qt/mkspecs/linux-g++ -o .build/obj/Renderer-poppler.o Renderer-poppler.cpp
g++ -pipe -std=c++17 -march=x86-64 -mtune=generic -O2 -pipe -fno-plt -fexceptions -Wp,-D_FORTIFY_SOURCE=3 -Wformat -Werror=format-security -fstack-clash-protection -fcf-protection -fno-omit-frame-pointer -mno-omit-leaf-frame-pointer -Wp,-D_GLIBCXX_ASSERTIONS -g -ffile-prefix-map=/build/lumina-pdf-git/src=/usr/src/debug/lumina-pdf-git -flto=auto -std=gnu++1z -flto -fno-fat-lto-objects -Wall -Wextra -dM -E -o .build/moc/moc_predefs.h /usr/lib/qt/mkspecs/features/data/dummy.cpp
g++ -c -pipe -std=c++17 -march=x86-64 -mtune=generic -O2 -pipe -fno-plt -fexceptions -Wp,-D_FORTIFY_SOURCE=3 -Wformat -Werror=format-security -fstack-clash-protection -fcf-protection -fno-omit-frame-pointer -mno-omit-leaf-frame-pointer -Wp,-D_GLIBCXX_ASSERTIONS -g -ffile-prefix-map=/build/lumina-pdf-git/src=/usr/src/debug/lumina-pdf-git -flto=auto -std=gnu++1z -flto -fno-fat-lto-objects -Wall -Wextra -D_REENTRANT -fPIC -DPREFIX=QString\(\"/usr\"\) -DL_ETCDIR=QString\(\"/etc\"\) -DL_SHAREDIR=QString\(\"/usr/share\"\) -DQT_NO_DEBUG -DQT_PRINTSUPPORT_LIB -DQT_WIDGETS_LIB -DQT_GUI_LIB -DQT_CONCURRENT_LIB -DQT_CORE_LIB -I. -I/build/lumina-pdf-git/src/lumina-pdf/src-qt5/core/libLumina -I/usr/include/qt -I/usr -I/usr/include -I/usr/include/qt/QtPrintSupport -I/usr/include/qt/QtWidgets -I/usr/include/qt/QtGui -I/usr/include/qt/QtConcurrent -I/usr/include/qt/QtCore -I.build/moc -I.build/ui -I/usr/lib/qt/mkspecs/linux-g++ -o .build/obj/BookmarkMenu.o BookmarkMenu.cpp
g++ -c -pipe -std=c++17 -march=x86-64 -mtune=generic -O2 -pipe -fno-plt -fexceptions -Wp,-D_FORTIFY_SOURCE=3 -Wformat -Werror=format-security -fstack-clash-protection -fcf-protection -fno-omit-frame-pointer -mno-omit-leaf-frame-pointer -Wp,-D_GLIBCXX_ASSERTIONS -g -ffile-prefix-map=/build/lumina-pdf-git/src=/usr/src/debug/lumina-pdf-git -flto=auto -std=gnu++1z -flto -fno-fat-lto-objects -Wall -Wextra -D_REENTRANT -fPIC -DPREFIX=QString\(\"/usr\"\) -DL_ETCDIR=QString\(\"/etc\"\) -DL_SHAREDIR=QString\(\"/usr/share\"\) -DQT_NO_DEBUG -DQT_PRINTSUPPORT_LIB -DQT_WIDGETS_LIB -DQT_GUI_LIB -DQT_CONCURRENT_LIB -DQT_CORE_LIB -I. -I/build/lumina-pdf-git/src/lumina-pdf/src-qt5/core/libLumina -I/usr/include/qt -I/usr -I/usr/include -I/usr/include/qt/QtPrintSupport -I/usr/include/qt/QtWidgets -I/usr/include/qt/QtGui -I/usr/include/qt/QtConcurrent -I/usr/include/qt/QtCore -I.build/moc -I.build/ui -I/usr/lib/qt/mkspecs/linux-g++ -o .build/obj/PropDialog.o PropDialog.cpp
g++ -c -pipe -std=c++17 -march=x86-64 -mtune=generic -O2 -pipe -fno-plt -fexceptions -Wp,-D_FORTIFY_SOURCE=3 -Wformat -Werror=format-security -fstack-clash-protection -fcf-protection -fno-omit-frame-pointer -mno-omit-leaf-frame-pointer -Wp,-D_GLIBCXX_ASSERTIONS -g -ffile-prefix-map=/build/lumina-pdf-git/src=/usr/src/debug/lumina-pdf-git -flto=auto -std=gnu++1z -flto -fno-fat-lto-objects -Wall -Wextra -D_REENTRANT -fPIC -DPREFIX=QString\(\"/usr\"\) -DL_ETCDIR=QString\(\"/etc\"\) -DL_SHAREDIR=QString\(\"/usr/share\"\) -DQT_NO_DEBUG -DQT_PRINTSUPPORT_LIB -DQT_WIDGETS_LIB -DQT_GUI_LIB -DQT_CONCURRENT_LIB -DQT_CORE_LIB -I. -I/build/lumina-pdf-git/src/lumina-pdf/src-qt5/core/libLumina -I/usr/include/qt -I/usr -I/usr/include -I/usr/include/qt/QtPrintSupport -I/usr/include/qt/QtWidgets -I/usr/include/qt/QtGui -I/usr/include/qt/QtConcurrent -I/usr/include/qt/QtCore -I.build/moc -I.build/ui -I/usr/lib/qt/mkspecs/linux-g++ -o .build/obj/mainUI.o mainUI.cpp
/usr/bin/moc -DPREFIX=QString\(\"/usr\"\) -DL_ETCDIR=QString\(\"/etc\"\) -DL_SHAREDIR=QString\(\"/usr/share\"\) -DQT_NO_DEBUG -DQT_PRINTSUPPORT_LIB -DQT_WIDGETS_LIB -DQT_GUI_LIB -DQT_CONCURRENT_LIB -DQT_CORE_LIB --include /build/lumina-pdf-git/src/lumina-pdf/src-qt5/.build/moc/moc_predefs.h -I/usr/lib/qt/mkspecs/linux-g++ -I/build/lumina-pdf-git/src/lumina-pdf/src-qt5 -I/build/lumina-pdf-git/src/lumina-pdf/src-qt5/core/libLumina -I/usr/include/qt -I/usr -I/usr/include -I/usr/include/qt/QtPrintSupport -I/usr/include/qt/QtWidgets -I/usr/include/qt/QtGui -I/usr/include/qt/QtConcurrent -I/usr/include/qt/QtCore -I/usr/include/c++/15.1.1 -I/usr/include/c++/15.1.1/x86_64-pc-linux-gnu -I/usr/include/c++/15.1.1/backward -I/usr/lib/gcc/x86_64-pc-linux-gnu/15.1.1/include -I/usr/local/include -I/usr/lib/gcc/x86_64-pc-linux-gnu/15.1.1/include-fixed -I/usr/include mainUI.h -o .build/moc/moc_mainUI.cpp
/usr/bin/moc -DPREFIX=QString\(\"/usr\"\) -DL_ETCDIR=QString\(\"/etc\"\) -DL_SHAREDIR=QString\(\"/usr/share\"\) -DQT_NO_DEBUG -DQT_PRINTSUPPORT_LIB -DQT_WIDGETS_LIB -DQT_GUI_LIB -DQT_CONCURRENT_LIB -DQT_CORE_LIB --include /build/lumina-pdf-git/src/lumina-pdf/src-qt5/.build/moc/moc_predefs.h -I/usr/lib/qt/mkspecs/linux-g++ -I/build/lumina-pdf-git/src/lumina-pdf/src-qt5 -I/build/lumina-pdf-git/src/lumina-pdf/src-qt5/core/libLumina -I/usr/include/qt -I/usr -I/usr/include -I/usr/include/qt/QtPrintSupport -I/usr/include/qt/QtWidgets -I/usr/include/qt/QtGui -I/usr/include/qt/QtConcurrent -I/usr/include/qt/QtCore -I/usr/include/c++/15.1.1 -I/usr/include/c++/15.1.1/x86_64-pc-linux-gnu -I/usr/include/c++/15.1.1/backward -I/usr/lib/gcc/x86_64-pc-linux-gnu/15.1.1/include -I/usr/local/include -I/usr/lib/gcc/x86_64-pc-linux-gnu/15.1.1/include-fixed -I/usr/include PrintWidget.h -o .build/moc/moc_PrintWidget.cpp
/usr/bin/moc -DPREFIX=QString\(\"/usr\"\) -DL_ETCDIR=QString\(\"/etc\"\) -DL_SHAREDIR=QString\(\"/usr/share\"\) -DQT_NO_DEBUG -DQT_PRINTSUPPORT_LIB -DQT_WIDGETS_LIB -DQT_GUI_LIB -DQT_CONCURRENT_LIB -DQT_CORE_LIB --include /build/lumina-pdf-git/src/lumina-pdf/src-qt5/.build/moc/moc_predefs.h -I/usr/lib/qt/mkspecs/linux-g++ -I/build/lumina-pdf-git/src/lumina-pdf/src-qt5 -I/build/lumina-pdf-git/src/lumina-pdf/src-qt5/core/libLumina -I/usr/include/qt -I/usr -I/usr/include -I/usr/include/qt/QtPrintSupport -I/usr/include/qt/QtWidgets -I/usr/include/qt/QtGui -I/usr/include/qt/QtConcurrent -I/usr/include/qt/QtCore -I/usr/include/c++/15.1.1 -I/usr/include/c++/15.1.1/x86_64-pc-linux-gnu -I/usr/include/c++/15.1.1/backward -I/usr/lib/gcc/x86_64-pc-linux-gnu/15.1.1/include -I/usr/local/include -I/usr/lib/gcc/x86_64-pc-linux-gnu/15.1.1/include-fixed -I/usr/include PresentationLabel.h -o .build/moc/moc_PresentationLabel.cpp
/usr/bin/moc -DPREFIX=QString\(\"/usr\"\) -DL_ETCDIR=QString\(\"/etc\"\) -DL_SHAREDIR=QString\(\"/usr/share\"\) -DQT_NO_DEBUG -DQT_PRINTSUPPORT_LIB -DQT_WIDGETS_LIB -DQT_GUI_LIB -DQT_CONCURRENT_LIB -DQT_CORE_LIB --include /build/lumina-pdf-git/src/lumina-pdf/src-qt5/.build/moc/moc_predefs.h -I/usr/lib/qt/mkspecs/linux-g++ -I/build/lumina-pdf-git/src/lumina-pdf/src-qt5 -I/build/lumina-pdf-git/src/lumina-pdf/src-qt5/core/libLumina -I/usr/include/qt -I/usr -I/usr/include -I/usr/include/qt/QtPrintSupport -I/usr/include/qt/QtWidgets -I/usr/include/qt/QtGui -I/usr/include/qt/QtConcurrent -I/usr/include/qt/QtCore -I/usr/include/c++/15.1.1 -I/usr/include/c++/15.1.1/x86_64-pc-linux-gnu -I/usr/include/c++/15.1.1/backward -I/usr/lib/gcc/x86_64-pc-linux-gnu/15.1.1/include -I/usr/local/include -I/usr/lib/gcc/x86_64-pc-linux-gnu/15.1.1/include-fixed -I/usr/include PropDialog.h -o .build/moc/moc_PropDialog.cpp
/usr/bin/moc -DPREFIX=QString\(\"/usr\"\) -DL_ETCDIR=QString\(\"/etc\"\) -DL_SHAREDIR=QString\(\"/usr/share\"\) -DQT_NO_DEBUG -DQT_PRINTSUPPORT_LIB -DQT_WIDGETS_LIB -DQT_GUI_LIB -DQT_CONCURRENT_LIB -DQT_CORE_LIB --include /build/lumina-pdf-git/src/lumina-pdf/src-qt5/.build/moc/moc_predefs.h -I/usr/lib/qt/mkspecs/linux-g++ -I/build/lumina-pdf-git/src/lumina-pdf/src-qt5 -I/build/lumina-pdf-git/src/lumina-pdf/src-qt5/core/libLumina -I/usr/include/qt -I/usr -I/usr/include -I/usr/include/qt/QtPrintSupport -I/usr/include/qt/QtWidgets -I/usr/include/qt/QtGui -I/usr/include/qt/QtConcurrent -I/usr/include/qt/QtCore -I/usr/include/c++/15.1.1 -I/usr/include/c++/15.1.1/x86_64-pc-linux-gnu -I/usr/include/c++/15.1.1/backward -I/usr/lib/gcc/x86_64-pc-linux-gnu/15.1.1/include -I/usr/local/include -I/usr/lib/gcc/x86_64-pc-linux-gnu/15.1.1/include-fixed -I/usr/include Renderer.h -o .build/moc/moc_Renderer.cpp
/usr/bin/moc -DPREFIX=QString\(\"/usr\"\) -DL_ETCDIR=QString\(\"/etc\"\) -DL_SHAREDIR=QString\(\"/usr/share\"\) -DQT_NO_DEBUG -DQT_PRINTSUPPORT_LIB -DQT_WIDGETS_LIB -DQT_GUI_LIB -DQT_CONCURRENT_LIB -DQT_CORE_LIB --include /build/lumina-pdf-git/src/lumina-pdf/src-qt5/.build/moc/moc_predefs.h -I/usr/lib/qt/mkspecs/linux-g++ -I/build/lumina-pdf-git/src/lumina-pdf/src-qt5 -I/build/lumina-pdf-git/src/lumina-pdf/src-qt5/core/libLumina -I/usr/include/qt -I/usr -I/usr/include -I/usr/include/qt/QtPrintSupport -I/usr/include/qt/QtWidgets -I/usr/include/qt/QtGui -I/usr/include/qt/QtConcurrent -I/usr/include/qt/QtCore -I/usr/include/c++/15.1.1 -I/usr/include/c++/15.1.1/x86_64-pc-linux-gnu -I/usr/include/c++/15.1.1/backward -I/usr/lib/gcc/x86_64-pc-linux-gnu/15.1.1/include -I/usr/local/include -I/usr/lib/gcc/x86_64-pc-linux-gnu/15.1.1/include-fixed -I/usr/include BookmarkMenu.h -o .build/moc/moc_BookmarkMenu.cpp
g++ -c -pipe -std=c++17 -march=x86-64 -mtune=generic -O2 -pipe -fno-plt -fexceptions -Wp,-D_FORTIFY_SOURCE=3 -Wformat -Werror=format-security -fstack-clash-protection -fcf-protection -fno-omit-frame-pointer -mno-omit-leaf-frame-pointer -Wp,-D_GLIBCXX_ASSERTIONS -g -ffile-prefix-map=/build/lumina-pdf-git/src=/usr/src/debug/lumina-pdf-git -flto=auto -std=gnu++1z -flto -fno-fat-lto-objects -Wall -Wextra -D_REENTRANT -fPIC -DPREFIX=QString\(\"/usr\"\) -DL_ETCDIR=QString\(\"/etc\"\) -DL_SHAREDIR=QString\(\"/usr/share\"\) -DQT_NO_DEBUG -DQT_PRINTSUPPORT_LIB -DQT_WIDGETS_LIB -DQT_GUI_LIB -DQT_CONCURRENT_LIB -DQT_CORE_LIB -I. -I/build/lumina-pdf-git/src/lumina-pdf/src-qt5/core/libLumina -I/usr/include/qt -I/usr -I/usr/include -I/usr/include/qt/QtPrintSupport -I/usr/include/qt/QtWidgets -I/usr/include/qt/QtGui -I/usr/include/qt/QtConcurrent -I/usr/include/qt/QtCore -I.build/moc -I.build/ui -I/usr/lib/qt/mkspecs/linux-g++ -o .build/obj/moc_PropDialog.o .build/moc/moc_PropDialog.cpp
g++ -c -pipe -std=c++17 -march=x86-64 -mtune=generic -O2 -pipe -fno-plt -fexceptions -Wp,-D_FORTIFY_SOURCE=3 -Wformat -Werror=format-security -fstack-clash-protection -fcf-protection -fno-omit-frame-pointer -mno-omit-leaf-frame-pointer -Wp,-D_GLIBCXX_ASSERTIONS -g -ffile-prefix-map=/build/lumina-pdf-git/src=/usr/src/debug/lumina-pdf-git -flto=auto -std=gnu++1z -flto -fno-fat-lto-objects -Wall -Wextra -D_REENTRANT -fPIC -DPREFIX=QString\(\"/usr\"\) -DL_ETCDIR=QString\(\"/etc\"\) -DL_SHAREDIR=QString\(\"/usr/share\"\) -DQT_NO_DEBUG -DQT_PRINTSUPPORT_LIB -DQT_WIDGETS_LIB -DQT_GUI_LIB -DQT_CONCURRENT_LIB -DQT_CORE_LIB -I. -I/build/lumina-pdf-git/src/lumina-pdf/src-qt5/core/libLumina -I/usr/include/qt -I/usr -I/usr/include -I/usr/include/qt/QtPrintSupport -I/usr/include/qt/QtWidgets -I/usr/include/qt/QtGui -I/usr/include/qt/QtConcurrent -I/usr/include/qt/QtCore -I.build/moc -I.build/ui -I/usr/lib/qt/mkspecs/linux-g++ -o .build/obj/moc_BookmarkMenu.o .build/moc/moc_BookmarkMenu.cpp
g++ -c -pipe -std=c++17 -march=x86-64 -mtune=generic -O2 -pipe -fno-plt -fexceptions -Wp,-D_FORTIFY_SOURCE=3 -Wformat -Werror=format-security -fstack-clash-protection -fcf-protection -fno-omit-frame-pointer -mno-omit-leaf-frame-pointer -Wp,-D_GLIBCXX_ASSERTIONS -g -ffile-prefix-map=/build/lumina-pdf-git/src=/usr/src/debug/lumina-pdf-git -flto=auto -std=gnu++1z -flto -fno-fat-lto-objects -Wall -Wextra -D_REENTRANT -fPIC -DPREFIX=QString\(\"/usr\"\) -DL_ETCDIR=QString\(\"/etc\"\) -DL_SHAREDIR=QString\(\"/usr/share\"\) -DQT_NO_DEBUG -DQT_PRINTSUPPORT_LIB -DQT_WIDGETS_LIB -DQT_GUI_LIB -DQT_CONCURRENT_LIB -DQT_CORE_LIB -I. -I/build/lumina-pdf-git/src/lumina-pdf/src-qt5/core/libLumina -I/usr/include/qt -I/usr -I/usr/include -I/usr/include/qt/QtPrintSupport -I/usr/include/qt/QtWidgets -I/usr/include/qt/QtGui -I/usr/include/qt/QtConcurrent -I/usr/include/qt/QtCore -I.build/moc -I.build/ui -I/usr/lib/qt/mkspecs/linux-g++ -o .build/obj/moc_Renderer.o .build/moc/moc_Renderer.cpp
g++ -c -pipe -std=c++17 -march=x86-64 -mtune=generic -O2 -pipe -fno-plt -fexceptions -Wp,-D_FORTIFY_SOURCE=3 -Wformat -Werror=format-security -fstack-clash-protection -fcf-protection -fno-omit-frame-pointer -mno-omit-leaf-frame-pointer -Wp,-D_GLIBCXX_ASSERTIONS -g -ffile-prefix-map=/build/lumina-pdf-git/src=/usr/src/debug/lumina-pdf-git -flto=auto -std=gnu++1z -flto -fno-fat-lto-objects -Wall -Wextra -D_REENTRANT -fPIC -DPREFIX=QString\(\"/usr\"\) -DL_ETCDIR=QString\(\"/etc\"\) -DL_SHAREDIR=QString\(\"/usr/share\"\) -DQT_NO_DEBUG -DQT_PRINTSUPPORT_LIB -DQT_WIDGETS_LIB -DQT_GUI_LIB -DQT_CONCURRENT_LIB -DQT_CORE_LIB -I. -I/build/lumina-pdf-git/src/lumina-pdf/src-qt5/core/libLumina -I/usr/include/qt -I/usr -I/usr/include -I/usr/include/qt/QtPrintSupport -I/usr/include/qt/QtWidgets -I/usr/include/qt/QtGui -I/usr/include/qt/QtConcurrent -I/usr/include/qt/QtCore -I.build/moc -I.build/ui -I/usr/lib/qt/mkspecs/linux-g++ -o .build/obj/moc_PresentationLabel.o .build/moc/moc_PresentationLabel.cpp
g++ -c -pipe -std=c++17 -march=x86-64 -mtune=generic -O2 -pipe -fno-plt -fexceptions -Wp,-D_FORTIFY_SOURCE=3 -Wformat -Werror=format-security -fstack-clash-protection -fcf-protection -fno-omit-frame-pointer -mno-omit-leaf-frame-pointer -Wp,-D_GLIBCXX_ASSERTIONS -g -ffile-prefix-map=/build/lumina-pdf-git/src=/usr/src/debug/lumina-pdf-git -flto=auto -std=gnu++1z -flto -fno-fat-lto-objects -Wall -Wextra -D_REENTRANT -fPIC -DPREFIX=QString\(\"/usr\"\) -DL_ETCDIR=QString\(\"/etc\"\) -DL_SHAREDIR=QString\(\"/usr/share\"\) -DQT_NO_DEBUG -DQT_PRINTSUPPORT_LIB -DQT_WIDGETS_LIB -DQT_GUI_LIB -DQT_CONCURRENT_LIB -DQT_CORE_LIB -I. -I/build/lumina-pdf-git/src/lumina-pdf/src-qt5/core/libLumina -I/usr/include/qt -I/usr -I/usr/include -I/usr/include/qt/QtPrintSupport -I/usr/include/qt/QtWidgets -I/usr/include/qt/QtGui -I/usr/include/qt/QtConcurrent -I/usr/include/qt/QtCore -I.build/moc -I.build/ui -I/usr/lib/qt/mkspecs/linux-g++ -o .build/obj/moc_PrintWidget.o .build/moc/moc_PrintWidget.cpp
g++ -c -pipe -std=c++17 -march=x86-64 -mtune=generic -O2 -pipe -fno-plt -fexceptions -Wp,-D_FORTIFY_SOURCE=3 -Wformat -Werror=format-security -fstack-clash-protection -fcf-protection -fno-omit-frame-pointer -mno-omit-leaf-frame-pointer -Wp,-D_GLIBCXX_ASSERTIONS -g -ffile-prefix-map=/build/lumina-pdf-git/src=/usr/src/debug/lumina-pdf-git -flto=auto -std=gnu++1z -flto -fno-fat-lto-objects -Wall -Wextra -D_REENTRANT -fPIC -DPREFIX=QString\(\"/usr\"\) -DL_ETCDIR=QString\(\"/etc\"\) -DL_SHAREDIR=QString\(\"/usr/share\"\) -DQT_NO_DEBUG -DQT_PRINTSUPPORT_LIB -DQT_WIDGETS_LIB -DQT_GUI_LIB -DQT_CONCURRENT_LIB -DQT_CORE_LIB -I. -I/build/lumina-pdf-git/src/lumina-pdf/src-qt5/core/libLumina -I/usr/include/qt -I/usr -I/usr/include -I/usr/include/qt/QtPrintSupport -I/usr/include/qt/QtWidgets -I/usr/include/qt/QtGui -I/usr/include/qt/QtConcurrent -I/usr/include/qt/QtCore -I.build/moc -I.build/ui -I/usr/lib/qt/mkspecs/linux-g++ -o .build/obj/moc_mainUI.o .build/moc/moc_mainUI.cpp
Renderer-poppler.cpp: In member function ‘virtual void Renderer::handleLink(QWidget*, QString)’:
Renderer-poppler.cpp:263:32: warning: ‘static bool QProcess::startDetached(const QString&)’ is deprecated: Use QProcess::startDetached(const QString &program, const QStringList &arguments) instead [-Wdeprecated-declarations]
  263 |         QProcess::startDetached("firefox \"" + linkDest + "\"");
      |         ~~~~~~~~~~~~~~~~~~~~~~~^~~~~~~~~~~~~~~~~~~~~~~~~~~~~~~~
In file included from /usr/include/qt/QtCore/QProcess:1,
                 from Renderer.h:18,
                 from Renderer-poppler.cpp:1:
/usr/include/qt/QtCore/qprocess.h:280:17: note: declared here
  280 |     static bool startDetached(const QString &command);
      |                 ^~~~~~~~~~~~~
In file included from PrintWidget.cpp:1:
PrintWidget.h: In member function ‘virtual void PrintWidget::mouseMoveEvent(QMouseEvent*)’:
PrintWidget.h:127:21: warning: unused variable ‘link’ [-Wunused-variable]
  127 |       if (LinkItem *link = dynamic_cast<LinkItem *>(item)) {
      |                     ^~~~
In file included from mainUI.h:26,
                 from mainUI.cpp:7:
PrintWidget.h: In member function ‘virtual void PrintWidget::mouseMoveEvent(QMouseEvent*)’:
PrintWidget.h:127:21: warning: unused variable ‘link’ [-Wunused-variable]
  127 |       if (LinkItem *link = dynamic_cast<LinkItem *>(item)) {
      |                     ^~~~
In file included from mainUI.h:26,
                 from main.cpp:7:
PrintWidget.h: In member function ‘virtual void PrintWidget::mouseMoveEvent(QMouseEvent*)’:
PrintWidget.h:127:21: warning: unused variable ‘link’ [-Wunused-variable]
  127 |       if (LinkItem *link = dynamic_cast<LinkItem *>(item)) {
      |                     ^~~~
In file included from .build/moc/moc_PrintWidget.cpp:10:
.build/moc/../../PrintWidget.h: In member function ‘virtual void PrintWidget::mouseMoveEvent(QMouseEvent*)’:
.build/moc/../../PrintWidget.h:127:21: warning: unused variable ‘link’ [-Wunused-variable]
  127 |       if (LinkItem *link = dynamic_cast<LinkItem *>(item)) {
      |                     ^~~~
In file included from .build/moc/../../mainUI.h:26,
                 from .build/moc/moc_mainUI.cpp:10:
.build/moc/../../PrintWidget.h: In member function ‘virtual void PrintWidget::mouseMoveEvent(QMouseEvent*)’:
.build/moc/../../PrintWidget.h:127:21: warning: unused variable ‘link’ [-Wunused-variable]
  127 |       if (LinkItem *link = dynamic_cast<LinkItem *>(item)) {
      |                     ^~~~
PrintWidget.cpp: In member function ‘void PrintWidget::fit(bool)’:
PrintWidget.cpp:431:37: warning: ‘QMatrix QGraphicsView::matrix() const’ is deprecated: Use transform() [-Wdeprecated-declarations]
  431 |       int step = qRound(this->matrix().mapRect(target).height());
      |                         ~~~~~~~~~~~~^~
In file included from /usr/include/qt/QtWidgets/QGraphicsView:1,
                 from PrintWidget.h:20:
/usr/include/qt/QtWidgets/qgraphicsview.h:169:48: note: declared here
  169 |     QT_DEPRECATED_X("Use transform()") QMatrix matrix() const;
      |                                                ^~~~~~
mainUI.cpp: In member function ‘void MainUI::startLoadingPages(int)’:
mainUI.cpp:489:36: warning: unused parameter ‘degrees’ [-Wunused-parameter]
  489 | void MainUI::startLoadingPages(int degrees) {
      |                                ~~~~^~~~~~~
mainUI.cpp: In member function ‘void MainUI::paintToPrinter(QPrinter*)’:
mainUI.cpp:633:29: warning: ‘QRect QPrinter::pageRect() const’ is deprecated: Use pageLayout().paintRectPixels(resolution()) instead. [-Wdeprecated-declarations]
  633 |   QSize sz(PRINTER->pageRect().width(), PRINTER->pageRect().height());
      |            ~~~~~~~~~~~~~~~~~^~
In file included from /usr/include/qt/QtPrintSupport/qprintpreviewwidget.h:45,
                 from /usr/include/qt/QtPrintSupport/QPrintPreviewWidget:1,
                 from mainUI.h:17:
/usr/include/qt/QtPrintSupport/qprinter.h:259:11: note: declared here
  259 |     QRect pageRect() const;
      |           ^~~~~~~~
mainUI.cpp:633:58: warning: ‘QRect QPrinter::pageRect() const’ is deprecated: Use pageLayout().paintRectPixels(resolution()) instead. [-Wdeprecated-declarations]
  633 |   QSize sz(PRINTER->pageRect().width(), PRINTER->pageRect().height());
      |                                         ~~~~~~~~~~~~~~~~~^~
/usr/include/qt/QtPrintSupport/qprinter.h:259:11: note: declared here
  259 |     QRect pageRect() const;
      |           ^~~~~~~~
mainUI.cpp:634:40: warning: ‘QPrinter::Orientation QPrinter::orientation() const’ is deprecated: Use pageLayout().orientation() instead. [-Wdeprecated-declarations]
  634 |   bool landscape = PRINTER->orientation() == QPrinter::Landscape;
      |                    ~~~~~~~~~~~~~~~~~~~~^~
/usr/include/qt/QtPrintSupport/qprinter.h:174:17: note: declared here
  174 |     Orientation orientation() const;
      |                 ^~~~~~~~~~~
mainUI.cpp: In member function ‘void MainUI::updateClock()’:
mainUI.cpp:691:50: warning: ‘Qt::DefaultLocaleShortDate’ is deprecated: Use QLocale [-Wdeprecated-declarations]
  691 |       QDateTime::currentDateTime().toString( Qt::DefaultLocaleShortDate)+"</b>");
      |                                                  ^~~~~~~~~~~~~~~~~~~~~~
In file included from /usr/include/qt/QtCore/qbytearray.h:45,
                 from /usr/include/qt/QtCore/qstring.h:50,
                 from /usr/include/qt/QtCore/qcoreapplication.h:44,
                 from /usr/include/qt/QtWidgets/qapplication.h:44,
                 from /usr/include/qt/QtWidgets/QApplication:1,
                 from mainUI.h:10:
/usr/include/qt/QtCore/qnamespace.h:1287:9: note: declared here
 1287 |         DefaultLocaleShortDate Q_DECL_ENUMERATOR_DEPRECATED_X("Use QLocale"),
      |         ^~~~~~~~~~~~~~~~~~~~~~
g++ -Wl,-O1 -Wl,--sort-common -Wl,--as-needed -Wl,-z,relro -Wl,-z,now -Wl,-z,pack-relative-relocs -pipe -std=c++17 -march=x86-64 -mtune=generic -O2 -pipe -fno-plt -fexceptions -Wp,-D_FORTIFY_SOURCE=3 -Wformat -Werror=format-security -fstack-clash-protection -fcf-protection -fno-omit-frame-pointer -mno-omit-leaf-frame-pointer -Wp,-D_GLIBCXX_ASSERTIONS -g -ffile-prefix-map=/build/lumina-pdf-git/src=/usr/src/debug/lumina-pdf-git -flto=auto -std=gnu++1z -flto=24 -fno-fat-lto-objects -fuse-linker-plugin -fPIC -o lumina-pdf .build/obj/main.o .build/obj/mainUI.o .build/obj/PropDialog.o .build/obj/PrintWidget.o .build/obj/BookmarkMenu.o .build/obj/Renderer-poppler.o .build/obj/moc_mainUI.o .build/obj/moc_PrintWidget.o .build/obj/moc_PresentationLabel.o .build/obj/moc_PropDialog.o .build/obj/moc_Renderer.o .build/obj/moc_BookmarkMenu.o   -L/build/lumina-pdf-git/src/lumina-pdf/src-qt5/core/libLumina -L/usr/lib -L/usr/lib/qt5 -L/usr/local/lib -L/lib -lpoppler-qt5 /usr/lib/libQt5PrintSupport.so /usr/lib/libQt5Widgets.so /usr/lib/libQt5Gui.so /usr/lib/libQt5Concurrent.so /usr/lib/libQt5Core.so -lGL -lpthread   
