Info: creating stash file /build/lumina-desktop-utils-git/src/lumina/src-qt5/desktop-utils/lumina-fileinfo/.qmake.stash
Project MESSAGE: Build OS Info: Linux, x86_64, #1 SMP PREEMPT_DYNAMIC Tue, 29 Jul 2025 15:05:00 +0000
Project MESSAGE:  - Detected Qt Version: 5.15.17
Project MESSAGE: Build Settings Loaded: Linux -
/usr/bin/uic MainUI.ui -o .build/ui/ui_MainUI.h
g++ -c -pipe -march=x86-64 -mtune=generic -O2 -pipe -fno-plt -fexceptions -Wp,-D_FORTIFY_SOURCE=3 -Wformat -Werror=format-security -fstack-clash-protection -fcf-protection -fno-omit-frame-pointer -mno-omit-leaf-frame-pointer -Wp,-D_GLIBCXX_ASSERTIONS -g -ffile-prefix-map=/build/lumina-desktop-utils-git/src=/usr/src/debug/lumina-desktop-utils-git -flto=auto -std=gnu++11 -flto -fno-fat-lto-objects -Wall -Wextra -D_REENTRANT -fPIC -DPREFIX=QString\(\"/usr\"\) -DL_ETCDIR=QString\(\"/etc\"\) -DL_SHAREDIR=QString\(\"/usr/share\"\) -DGIT_VERSION="\"f10fadce\"" -DQT_NO_DEBUG -DQT_SVG_LIB -DQT_WIDGETS_LIB -DQT_MULTIMEDIA_LIB -DQT_GUI_LIB -DQT_CONCURRENT_LIB -DQT_NETWORK_LIB -DQT_CORE_LIB -I. -I../../core/libLumina -I/usr/include/qt -I/usr -I/usr/include -I/build/lumina-desktop-utils-git/src/lumina/src-qt5/desktop-utils/lumina-fileinfo -I/usr/include/qt/QtSvg -I/usr/include/qt/QtWidgets -I/usr/include/qt/QtMultimedia -I/usr/include/qt/QtGui -I/usr/include/qt/QtConcurrent -I/usr/include/qt/QtNetwork -I/usr/include/qt/QtCore -I.build/moc -I.build/ui -I/usr/lib/qt/mkspecs/linux-g++ -o .build/obj/LuminaOS-Linux.o ../../core/libLumina/LuminaOS-Linux.cpp
g++ -c -pipe -march=x86-64 -mtune=generic -O2 -pipe -fno-plt -fexceptions -Wp,-D_FORTIFY_SOURCE=3 -Wformat -Werror=format-security -fstack-clash-protection -fcf-protection -fno-omit-frame-pointer -mno-omit-leaf-frame-pointer -Wp,-D_GLIBCXX_ASSERTIONS -g -ffile-prefix-map=/build/lumina-desktop-utils-git/src=/usr/src/debug/lumina-desktop-utils-git -flto=auto -std=gnu++11 -flto -fno-fat-lto-objects -Wall -Wextra -D_REENTRANT -fPIC -DPREFIX=QString\(\"/usr\"\) -DL_ETCDIR=QString\(\"/etc\"\) -DL_SHAREDIR=QString\(\"/usr/share\"\) -DGIT_VERSION="\"f10fadce\"" -DQT_NO_DEBUG -DQT_SVG_LIB -DQT_WIDGETS_LIB -DQT_MULTIMEDIA_LIB -DQT_GUI_LIB -DQT_CONCURRENT_LIB -DQT_NETWORK_LIB -DQT_CORE_LIB -I. -I../../core/libLumina -I/usr/include/qt -I/usr -I/usr/include -I/build/lumina-desktop-utils-git/src/lumina/src-qt5/desktop-utils/lumina-fileinfo -I/usr/include/qt/QtSvg -I/usr/include/qt/QtWidgets -I/usr/include/qt/QtMultimedia -I/usr/include/qt/QtGui -I/usr/include/qt/QtConcurrent -I/usr/include/qt/QtNetwork -I/usr/include/qt/QtCore -I.build/moc -I.build/ui -I/usr/lib/qt/mkspecs/linux-g++ -o .build/obj/LUtils.o ../../core/libLumina/LUtils.cpp
g++ -c -pipe -march=x86-64 -mtune=generic -O2 -pipe -fno-plt -fexceptions -Wp,-D_FORTIFY_SOURCE=3 -Wformat -Werror=format-security -fstack-clash-protection -fcf-protection -fno-omit-frame-pointer -mno-omit-leaf-frame-pointer -Wp,-D_GLIBCXX_ASSERTIONS -g -ffile-prefix-map=/build/lumina-desktop-utils-git/src=/usr/src/debug/lumina-desktop-utils-git -flto=auto -std=gnu++11 -flto -fno-fat-lto-objects -Wall -Wextra -D_REENTRANT -fPIC -DPREFIX=QString\(\"/usr\"\) -DL_ETCDIR=QString\(\"/etc\"\) -DL_SHAREDIR=QString\(\"/usr/share\"\) -DGIT_VERSION="\"f10fadce\"" -DQT_NO_DEBUG -DQT_SVG_LIB -DQT_WIDGETS_LIB -DQT_MULTIMEDIA_LIB -DQT_GUI_LIB -DQT_CONCURRENT_LIB -DQT_NETWORK_LIB -DQT_CORE_LIB -I. -I../../core/libLumina -I/usr/include/qt -I/usr -I/usr/include -I/build/lumina-desktop-utils-git/src/lumina/src-qt5/desktop-utils/lumina-fileinfo -I/usr/include/qt/QtSvg -I/usr/include/qt/QtWidgets -I/usr/include/qt/QtMultimedia -I/usr/include/qt/QtGui -I/usr/include/qt/QtConcurrent -I/usr/include/qt/QtNetwork -I/usr/include/qt/QtCore -I.build/moc -I.build/ui -I/usr/lib/qt/mkspecs/linux-g++ -o .build/obj/LuminaXDG.o ../../core/libLumina/LuminaXDG.cpp
g++ -c -pipe -march=x86-64 -mtune=generic -O2 -pipe -fno-plt -fexceptions -Wp,-D_FORTIFY_SOURCE=3 -Wformat -Werror=format-security -fstack-clash-protection -fcf-protection -fno-omit-frame-pointer -mno-omit-leaf-frame-pointer -Wp,-D_GLIBCXX_ASSERTIONS -g -ffile-prefix-map=/build/lumina-desktop-utils-git/src=/usr/src/debug/lumina-desktop-utils-git -flto=auto -std=gnu++11 -flto -fno-fat-lto-objects -Wall -Wextra -D_REENTRANT -fPIC -DPREFIX=QString\(\"/usr\"\) -DL_ETCDIR=QString\(\"/etc\"\) -DL_SHAREDIR=QString\(\"/usr/share\"\) -DGIT_VERSION="\"f10fadce\"" -DQT_NO_DEBUG -DQT_SVG_LIB -DQT_WIDGETS_LIB -DQT_MULTIMEDIA_LIB -DQT_GUI_LIB -DQT_CONCURRENT_LIB -DQT_NETWORK_LIB -DQT_CORE_LIB -I. -I../../core/libLumina -I/usr/include/qt -I/usr -I/usr/include -I/build/lumina-desktop-utils-git/src/lumina/src-qt5/desktop-utils/lumina-fileinfo -I/usr/include/qt/QtSvg -I/usr/include/qt/QtWidgets -I/usr/include/qt/QtMultimedia -I/usr/include/qt/QtGui -I/usr/include/qt/QtConcurrent -I/usr/include/qt/QtNetwork -I/usr/include/qt/QtCore -I.build/moc -I.build/ui -I/usr/lib/qt/mkspecs/linux-g++ -o .build/obj/LFileInfo.o ../../core/libLumina/LFileInfo.cpp
g++ -c -pipe -march=x86-64 -mtune=generic -O2 -pipe -fno-plt -fexceptions -Wp,-D_FORTIFY_SOURCE=3 -Wformat -Werror=format-security -fstack-clash-protection -fcf-protection -fno-omit-frame-pointer -mno-omit-leaf-frame-pointer -Wp,-D_GLIBCXX_ASSERTIONS -g -ffile-prefix-map=/build/lumina-desktop-utils-git/src=/usr/src/debug/lumina-desktop-utils-git -flto=auto -std=gnu++11 -flto -fno-fat-lto-objects -Wall -Wextra -D_REENTRANT -fPIC -DPREFIX=QString\(\"/usr\"\) -DL_ETCDIR=QString\(\"/etc\"\) -DL_SHAREDIR=QString\(\"/usr/share\"\) -DGIT_VERSION="\"f10fadce\"" -DQT_NO_DEBUG -DQT_SVG_LIB -DQT_WIDGETS_LIB -DQT_MULTIMEDIA_LIB -DQT_GUI_LIB -DQT_CONCURRENT_LIB -DQT_NETWORK_LIB -DQT_CORE_LIB -I. -I../../core/libLumina -I/usr/include/qt -I/usr -I/usr/include -I/build/lumina-desktop-utils-git/src/lumina/src-qt5/desktop-utils/lumina-fileinfo -I/usr/include/qt/QtSvg -I/usr/include/qt/QtWidgets -I/usr/include/qt/QtMultimedia -I/usr/include/qt/QtGui -I/usr/include/qt/QtConcurrent -I/usr/include/qt/QtNetwork -I/usr/include/qt/QtCore -I.build/moc -I.build/ui -I/usr/lib/qt/mkspecs/linux-g++ -o .build/obj/LVideoLabel.o ../../core/libLumina/LVideoLabel.cpp
g++ -c -pipe -march=x86-64 -mtune=generic -O2 -pipe -fno-plt -fexceptions -Wp,-D_FORTIFY_SOURCE=3 -Wformat -Werror=format-security -fstack-clash-protection -fcf-protection -fno-omit-frame-pointer -mno-omit-leaf-frame-pointer -Wp,-D_GLIBCXX_ASSERTIONS -g -ffile-prefix-map=/build/lumina-desktop-utils-git/src=/usr/src/debug/lumina-desktop-utils-git -flto=auto -std=gnu++11 -flto -fno-fat-lto-objects -Wall -Wextra -D_REENTRANT -fPIC -DPREFIX=QString\(\"/usr\"\) -DL_ETCDIR=QString\(\"/etc\"\) -DL_SHAREDIR=QString\(\"/usr/share\"\) -DGIT_VERSION="\"f10fadce\"" -DQT_NO_DEBUG -DQT_SVG_LIB -DQT_WIDGETS_LIB -DQT_MULTIMEDIA_LIB -DQT_GUI_LIB -DQT_CONCURRENT_LIB -DQT_NETWORK_LIB -DQT_CORE_LIB -I. -I../../core/libLumina -I/usr/include/qt -I/usr -I/usr/include -I/build/lumina-desktop-utils-git/src/lumina/src-qt5/desktop-utils/lumina-fileinfo -I/usr/include/qt/QtSvg -I/usr/include/qt/QtWidgets -I/usr/include/qt/QtMultimedia -I/usr/include/qt/QtGui -I/usr/include/qt/QtConcurrent -I/usr/include/qt/QtNetwork -I/usr/include/qt/QtCore -I.build/moc -I.build/ui -I/usr/lib/qt/mkspecs/linux-g++ -o .build/obj/LVideoSurface.o ../../core/libLumina/LVideoSurface.cpp
g++ -c -pipe -march=x86-64 -mtune=generic -O2 -pipe -fno-plt -fexceptions -Wp,-D_FORTIFY_SOURCE=3 -Wformat -Werror=format-security -fstack-clash-protection -fcf-protection -fno-omit-frame-pointer -mno-omit-leaf-frame-pointer -Wp,-D_GLIBCXX_ASSERTIONS -g -ffile-prefix-map=/build/lumina-desktop-utils-git/src=/usr/src/debug/lumina-desktop-utils-git -flto=auto -std=gnu++11 -flto -fno-fat-lto-objects -Wall -Wextra -D_REENTRANT -fPIC -DPREFIX=QString\(\"/usr\"\) -DL_ETCDIR=QString\(\"/etc\"\) -DL_SHAREDIR=QString\(\"/usr/share\"\) -DGIT_VERSION="\"f10fadce\"" -DQT_NO_DEBUG -DQT_SVG_LIB -DQT_WIDGETS_LIB -DQT_MULTIMEDIA_LIB -DQT_GUI_LIB -DQT_CONCURRENT_LIB -DQT_NETWORK_LIB -DQT_CORE_LIB -I. -I../../core/libLumina -I/usr/include/qt -I/usr -I/usr/include -I/build/lumina-desktop-utils-git/src/lumina/src-qt5/desktop-utils/lumina-fileinfo -I/usr/include/qt/QtSvg -I/usr/include/qt/QtWidgets -I/usr/include/qt/QtMultimedia -I/usr/include/qt/QtGui -I/usr/include/qt/QtConcurrent -I/usr/include/qt/QtNetwork -I/usr/include/qt/QtCore -I.build/moc -I.build/ui -I/usr/lib/qt/mkspecs/linux-g++ -o .build/obj/LVideoWidget.o ../../core/libLumina/LVideoWidget.cpp
g++ -c -pipe -march=x86-64 -mtune=generic -O2 -pipe -fno-plt -fexceptions -Wp,-D_FORTIFY_SOURCE=3 -Wformat -Werror=format-security -fstack-clash-protection -fcf-protection -fno-omit-frame-pointer -mno-omit-leaf-frame-pointer -Wp,-D_GLIBCXX_ASSERTIONS -g -ffile-prefix-map=/build/lumina-desktop-utils-git/src=/usr/src/debug/lumina-desktop-utils-git -flto=auto -std=gnu++11 -flto -fno-fat-lto-objects -Wall -Wextra -D_REENTRANT -fPIC -DPREFIX=QString\(\"/usr\"\) -DL_ETCDIR=QString\(\"/etc\"\) -DL_SHAREDIR=QString\(\"/usr/share\"\) -DGIT_VERSION="\"f10fadce\"" -DQT_NO_DEBUG -DQT_SVG_LIB -DQT_WIDGETS_LIB -DQT_MULTIMEDIA_LIB -DQT_GUI_LIB -DQT_CONCURRENT_LIB -DQT_NETWORK_LIB -DQT_CORE_LIB -I. -I../../core/libLumina -I/usr/include/qt -I/usr -I/usr/include -I/build/lumina-desktop-utils-git/src/lumina/src-qt5/desktop-utils/lumina-fileinfo -I/usr/include/qt/QtSvg -I/usr/include/qt/QtWidgets -I/usr/include/qt/QtMultimedia -I/usr/include/qt/QtGui -I/usr/include/qt/QtConcurrent -I/usr/include/qt/QtNetwork -I/usr/include/qt/QtCore -I.build/moc -I.build/ui -I/usr/lib/qt/mkspecs/linux-g++ -o .build/obj/LuminaThemes.o ../../core/libLumina/LuminaThemes.cpp
g++ -c -pipe -march=x86-64 -mtune=generic -O2 -pipe -fno-plt -fexceptions -Wp,-D_FORTIFY_SOURCE=3 -Wformat -Werror=format-security -fstack-clash-protection -fcf-protection -fno-omit-frame-pointer -mno-omit-leaf-frame-pointer -Wp,-D_GLIBCXX_ASSERTIONS -g -ffile-prefix-map=/build/lumina-desktop-utils-git/src=/usr/src/debug/lumina-desktop-utils-git -flto=auto -std=gnu++11 -flto -fno-fat-lto-objects -Wall -Wextra -D_REENTRANT -fPIC -DPREFIX=QString\(\"/usr\"\) -DL_ETCDIR=QString\(\"/etc\"\) -DL_SHAREDIR=QString\(\"/usr/share\"\) -DGIT_VERSION="\"f10fadce\"" -DQT_NO_DEBUG -DQT_SVG_LIB -DQT_WIDGETS_LIB -DQT_MULTIMEDIA_LIB -DQT_GUI_LIB -DQT_CONCURRENT_LIB -DQT_NETWORK_LIB -DQT_CORE_LIB -I. -I../../core/libLumina -I/usr/include/qt -I/usr -I/usr/include -I/build/lumina-desktop-utils-git/src/lumina/src-qt5/desktop-utils/lumina-fileinfo -I/usr/include/qt/QtSvg -I/usr/include/qt/QtWidgets -I/usr/include/qt/QtMultimedia -I/usr/include/qt/QtGui -I/usr/include/qt/QtConcurrent -I/usr/include/qt/QtNetwork -I/usr/include/qt/QtCore -I.build/moc -I.build/ui -I/usr/lib/qt/mkspecs/linux-g++ -o .build/obj/main.o main.cpp
g++ -pipe -march=x86-64 -mtune=generic -O2 -pipe -fno-plt -fexceptions -Wp,-D_FORTIFY_SOURCE=3 -Wformat -Werror=format-security -fstack-clash-protection -fcf-protection -fno-omit-frame-pointer -mno-omit-leaf-frame-pointer -Wp,-D_GLIBCXX_ASSERTIONS -g -ffile-prefix-map=/build/lumina-desktop-utils-git/src=/usr/src/debug/lumina-desktop-utils-git -flto=auto -std=gnu++11 -flto -fno-fat-lto-objects -Wall -Wextra -dM -E -o .build/moc/moc_predefs.h /usr/lib/qt/mkspecs/features/data/dummy.cpp
g++ -c -pipe -march=x86-64 -mtune=generic -O2 -pipe -fno-plt -fexceptions -Wp,-D_FORTIFY_SOURCE=3 -Wformat -Werror=format-security -fstack-clash-protection -fcf-protection -fno-omit-frame-pointer -mno-omit-leaf-frame-pointer -Wp,-D_GLIBCXX_ASSERTIONS -g -ffile-prefix-map=/build/lumina-desktop-utils-git/src=/usr/src/debug/lumina-desktop-utils-git -flto=auto -std=gnu++11 -flto -fno-fat-lto-objects -Wall -Wextra -D_REENTRANT -fPIC -DPREFIX=QString\(\"/usr\"\) -DL_ETCDIR=QString\(\"/etc\"\) -DL_SHAREDIR=QString\(\"/usr/share\"\) -DGIT_VERSION="\"f10fadce\"" -DQT_NO_DEBUG -DQT_SVG_LIB -DQT_WIDGETS_LIB -DQT_MULTIMEDIA_LIB -DQT_GUI_LIB -DQT_CONCURRENT_LIB -DQT_NETWORK_LIB -DQT_CORE_LIB -I. -I../../core/libLumina -I/usr/include/qt -I/usr -I/usr/include -I/build/lumina-desktop-utils-git/src/lumina/src-qt5/desktop-utils/lumina-fileinfo -I/usr/include/qt/QtSvg -I/usr/include/qt/QtWidgets -I/usr/include/qt/QtMultimedia -I/usr/include/qt/QtGui -I/usr/include/qt/QtConcurrent -I/usr/include/qt/QtNetwork -I/usr/include/qt/QtCore -I.build/moc -I.build/ui -I/usr/lib/qt/mkspecs/linux-g++ -o .build/obj/MainUI.o MainUI.cpp
/usr/bin/moc -DPREFIX=QString\(\"/usr\"\) -DL_ETCDIR=QString\(\"/etc\"\) -DL_SHAREDIR=QString\(\"/usr/share\"\) -DGIT_VERSION="\"f10fadce\"" -DQT_NO_DEBUG -DQT_SVG_LIB -DQT_WIDGETS_LIB -DQT_MULTIMEDIA_LIB -DQT_GUI_LIB -DQT_CONCURRENT_LIB -DQT_NETWORK_LIB -DQT_CORE_LIB --include /build/lumina-desktop-utils-git/src/lumina/src-qt5/desktop-utils/lumina-fileinfo/.build/moc/moc_predefs.h -I/usr/lib/qt/mkspecs/linux-g++ -I/build/lumina-desktop-utils-git/src/lumina/src-qt5/desktop-utils/lumina-fileinfo -I/build/lumina-desktop-utils-git/src/lumina/src-qt5/core/libLumina -I/usr/include/qt -I/usr -I/usr/include -I'/build/lumina-desktop-utils-git/src/lumina/src-qt5/desktop-utils/lumina-fileinfo//build/lumina-desktop-utils-git/src/lumina/src-qt5/desktop-utils/lumina-fileinfo' -I/usr/include/qt/QtSvg -I/usr/include/qt/QtWidgets -I/usr/include/qt/QtMultimedia -I/usr/include/qt/QtGui -I/usr/include/qt/QtConcurrent -I/usr/include/qt/QtNetwork -I/usr/include/qt/QtCore -I/usr/include/c++/15.1.1 -I/usr/include/c++/15.1.1/x86_64-pc-linux-gnu -I/usr/include/c++/15.1.1/backward -I/usr/lib/gcc/x86_64-pc-linux-gnu/15.1.1/include -I/usr/local/include -I/usr/lib/gcc/x86_64-pc-linux-gnu/15.1.1/include-fixed -I/usr/include ../../core/libLumina/LuminaXDG.h -o .build/moc/moc_LuminaXDG.cpp
/usr/bin/moc -DPREFIX=QString\(\"/usr\"\) -DL_ETCDIR=QString\(\"/etc\"\) -DL_SHAREDIR=QString\(\"/usr/share\"\) -DGIT_VERSION="\"f10fadce\"" -DQT_NO_DEBUG -DQT_SVG_LIB -DQT_WIDGETS_LIB -DQT_MULTIMEDIA_LIB -DQT_GUI_LIB -DQT_CONCURRENT_LIB -DQT_NETWORK_LIB -DQT_CORE_LIB --include /build/lumina-desktop-utils-git/src/lumina/src-qt5/desktop-utils/lumina-fileinfo/.build/moc/moc_predefs.h -I/usr/lib/qt/mkspecs/linux-g++ -I/build/lumina-desktop-utils-git/src/lumina/src-qt5/desktop-utils/lumina-fileinfo -I/build/lumina-desktop-utils-git/src/lumina/src-qt5/core/libLumina -I/usr/include/qt -I/usr -I/usr/include -I'/build/lumina-desktop-utils-git/src/lumina/src-qt5/desktop-utils/lumina-fileinfo//build/lumina-desktop-utils-git/src/lumina/src-qt5/desktop-utils/lumina-fileinfo' -I/usr/include/qt/QtSvg -I/usr/include/qt/QtWidgets -I/usr/include/qt/QtMultimedia -I/usr/include/qt/QtGui -I/usr/include/qt/QtConcurrent -I/usr/include/qt/QtNetwork -I/usr/include/qt/QtCore -I/usr/include/c++/15.1.1 -I/usr/include/c++/15.1.1/x86_64-pc-linux-gnu -I/usr/include/c++/15.1.1/backward -I/usr/lib/gcc/x86_64-pc-linux-gnu/15.1.1/include -I/usr/local/include -I/usr/lib/gcc/x86_64-pc-linux-gnu/15.1.1/include-fixed -I/usr/include ../../core/libLumina/LVideoLabel.h -o .build/moc/moc_LVideoLabel.cpp
/usr/bin/moc -DPREFIX=QString\(\"/usr\"\) -DL_ETCDIR=QString\(\"/etc\"\) -DL_SHAREDIR=QString\(\"/usr/share\"\) -DGIT_VERSION="\"f10fadce\"" -DQT_NO_DEBUG -DQT_SVG_LIB -DQT_WIDGETS_LIB -DQT_MULTIMEDIA_LIB -DQT_GUI_LIB -DQT_CONCURRENT_LIB -DQT_NETWORK_LIB -DQT_CORE_LIB --include /build/lumina-desktop-utils-git/src/lumina/src-qt5/desktop-utils/lumina-fileinfo/.build/moc/moc_predefs.h -I/usr/lib/qt/mkspecs/linux-g++ -I/build/lumina-desktop-utils-git/src/lumina/src-qt5/desktop-utils/lumina-fileinfo -I/build/lumina-desktop-utils-git/src/lumina/src-qt5/core/libLumina -I/usr/include/qt -I/usr -I/usr/include -I'/build/lumina-desktop-utils-git/src/lumina/src-qt5/desktop-utils/lumina-fileinfo//build/lumina-desktop-utils-git/src/lumina/src-qt5/desktop-utils/lumina-fileinfo' -I/usr/include/qt/QtSvg -I/usr/include/qt/QtWidgets -I/usr/include/qt/QtMultimedia -I/usr/include/qt/QtGui -I/usr/include/qt/QtConcurrent -I/usr/include/qt/QtNetwork -I/usr/include/qt/QtCore -I/usr/include/c++/15.1.1 -I/usr/include/c++/15.1.1/x86_64-pc-linux-gnu -I/usr/include/c++/15.1.1/backward -I/usr/lib/gcc/x86_64-pc-linux-gnu/15.1.1/include -I/usr/local/include -I/usr/lib/gcc/x86_64-pc-linux-gnu/15.1.1/include-fixed -I/usr/include ../../core/libLumina/LVideoSurface.h -o .build/moc/moc_LVideoSurface.cpp
/usr/bin/moc -DPREFIX=QString\(\"/usr\"\) -DL_ETCDIR=QString\(\"/etc\"\) -DL_SHAREDIR=QString\(\"/usr/share\"\) -DGIT_VERSION="\"f10fadce\"" -DQT_NO_DEBUG -DQT_SVG_LIB -DQT_WIDGETS_LIB -DQT_MULTIMEDIA_LIB -DQT_GUI_LIB -DQT_CONCURRENT_LIB -DQT_NETWORK_LIB -DQT_CORE_LIB --include /build/lumina-desktop-utils-git/src/lumina/src-qt5/desktop-utils/lumina-fileinfo/.build/moc/moc_predefs.h -I/usr/lib/qt/mkspecs/linux-g++ -I/build/lumina-desktop-utils-git/src/lumina/src-qt5/desktop-utils/lumina-fileinfo -I/build/lumina-desktop-utils-git/src/lumina/src-qt5/core/libLumina -I/usr/include/qt -I/usr -I/usr/include -I'/build/lumina-desktop-utils-git/src/lumina/src-qt5/desktop-utils/lumina-fileinfo//build/lumina-desktop-utils-git/src/lumina/src-qt5/desktop-utils/lumina-fileinfo' -I/usr/include/qt/QtSvg -I/usr/include/qt/QtWidgets -I/usr/include/qt/QtMultimedia -I/usr/include/qt/QtGui -I/usr/include/qt/QtConcurrent -I/usr/include/qt/QtNetwork -I/usr/include/qt/QtCore -I/usr/include/c++/15.1.1 -I/usr/include/c++/15.1.1/x86_64-pc-linux-gnu -I/usr/include/c++/15.1.1/backward -I/usr/lib/gcc/x86_64-pc-linux-gnu/15.1.1/include -I/usr/local/include -I/usr/lib/gcc/x86_64-pc-linux-gnu/15.1.1/include-fixed -I/usr/include ../../core/libLumina/LVideoWidget.h -o .build/moc/moc_LVideoWidget.cpp
/usr/bin/moc -DPREFIX=QString\(\"/usr\"\) -DL_ETCDIR=QString\(\"/etc\"\) -DL_SHAREDIR=QString\(\"/usr/share\"\) -DGIT_VERSION="\"f10fadce\"" -DQT_NO_DEBUG -DQT_SVG_LIB -DQT_WIDGETS_LIB -DQT_MULTIMEDIA_LIB -DQT_GUI_LIB -DQT_CONCURRENT_LIB -DQT_NETWORK_LIB -DQT_CORE_LIB --include /build/lumina-desktop-utils-git/src/lumina/src-qt5/desktop-utils/lumina-fileinfo/.build/moc/moc_predefs.h -I/usr/lib/qt/mkspecs/linux-g++ -I/build/lumina-desktop-utils-git/src/lumina/src-qt5/desktop-utils/lumina-fileinfo -I/build/lumina-desktop-utils-git/src/lumina/src-qt5/core/libLumina -I/usr/include/qt -I/usr -I/usr/include -I'/build/lumina-desktop-utils-git/src/lumina/src-qt5/desktop-utils/lumina-fileinfo//build/lumina-desktop-utils-git/src/lumina/src-qt5/desktop-utils/lumina-fileinfo' -I/usr/include/qt/QtSvg -I/usr/include/qt/QtWidgets -I/usr/include/qt/QtMultimedia -I/usr/include/qt/QtGui -I/usr/include/qt/QtConcurrent -I/usr/include/qt/QtNetwork -I/usr/include/qt/QtCore -I/usr/include/c++/15.1.1 -I/usr/include/c++/15.1.1/x86_64-pc-linux-gnu -I/usr/include/c++/15.1.1/backward -I/usr/lib/gcc/x86_64-pc-linux-gnu/15.1.1/include -I/usr/local/include -I/usr/lib/gcc/x86_64-pc-linux-gnu/15.1.1/include-fixed -I/usr/include ../../core/libLumina/LuminaThemes.h -o .build/moc/moc_LuminaThemes.cpp
/usr/bin/moc -DPREFIX=QString\(\"/usr\"\) -DL_ETCDIR=QString\(\"/etc\"\) -DL_SHAREDIR=QString\(\"/usr/share\"\) -DGIT_VERSION="\"f10fadce\"" -DQT_NO_DEBUG -DQT_SVG_LIB -DQT_WIDGETS_LIB -DQT_MULTIMEDIA_LIB -DQT_GUI_LIB -DQT_CONCURRENT_LIB -DQT_NETWORK_LIB -DQT_CORE_LIB --include /build/lumina-desktop-utils-git/src/lumina/src-qt5/desktop-utils/lumina-fileinfo/.build/moc/moc_predefs.h -I/usr/lib/qt/mkspecs/linux-g++ -I/build/lumina-desktop-utils-git/src/lumina/src-qt5/desktop-utils/lumina-fileinfo -I/build/lumina-desktop-utils-git/src/lumina/src-qt5/core/libLumina -I/usr/include/qt -I/usr -I/usr/include -I'/build/lumina-desktop-utils-git/src/lumina/src-qt5/desktop-utils/lumina-fileinfo//build/lumina-desktop-utils-git/src/lumina/src-qt5/desktop-utils/lumina-fileinfo' -I/usr/include/qt/QtSvg -I/usr/include/qt/QtWidgets -I/usr/include/qt/QtMultimedia -I/usr/include/qt/QtGui -I/usr/include/qt/QtConcurrent -I/usr/include/qt/QtNetwork -I/usr/include/qt/QtCore -I/usr/include/c++/15.1.1 -I/usr/include/c++/15.1.1/x86_64-pc-linux-gnu -I/usr/include/c++/15.1.1/backward -I/usr/lib/gcc/x86_64-pc-linux-gnu/15.1.1/include -I/usr/local/include -I/usr/lib/gcc/x86_64-pc-linux-gnu/15.1.1/include-fixed -I/usr/include MainUI.h -o .build/moc/moc_MainUI.cpp
g++ -c -pipe -march=x86-64 -mtune=generic -O2 -pipe -fno-plt -fexceptions -Wp,-D_FORTIFY_SOURCE=3 -Wformat -Werror=format-security -fstack-clash-protection -fcf-protection -fno-omit-frame-pointer -mno-omit-leaf-frame-pointer -Wp,-D_GLIBCXX_ASSERTIONS -g -ffile-prefix-map=/build/lumina-desktop-utils-git/src=/usr/src/debug/lumina-desktop-utils-git -flto=auto -std=gnu++11 -flto -fno-fat-lto-objects -Wall -Wextra -D_REENTRANT -fPIC -DPREFIX=QString\(\"/usr\"\) -DL_ETCDIR=QString\(\"/etc\"\) -DL_SHAREDIR=QString\(\"/usr/share\"\) -DGIT_VERSION="\"f10fadce\"" -DQT_NO_DEBUG -DQT_SVG_LIB -DQT_WIDGETS_LIB -DQT_MULTIMEDIA_LIB -DQT_GUI_LIB -DQT_CONCURRENT_LIB -DQT_NETWORK_LIB -DQT_CORE_LIB -I. -I../../core/libLumina -I/usr/include/qt -I/usr -I/usr/include -I/build/lumina-desktop-utils-git/src/lumina/src-qt5/desktop-utils/lumina-fileinfo -I/usr/include/qt/QtSvg -I/usr/include/qt/QtWidgets -I/usr/include/qt/QtMultimedia -I/usr/include/qt/QtGui -I/usr/include/qt/QtConcurrent -I/usr/include/qt/QtNetwork -I/usr/include/qt/QtCore -I.build/moc -I.build/ui -I/usr/lib/qt/mkspecs/linux-g++ -o .build/obj/moc_LVideoLabel.o .build/moc/moc_LVideoLabel.cpp
g++ -c -pipe -march=x86-64 -mtune=generic -O2 -pipe -fno-plt -fexceptions -Wp,-D_FORTIFY_SOURCE=3 -Wformat -Werror=format-security -fstack-clash-protection -fcf-protection -fno-omit-frame-pointer -mno-omit-leaf-frame-pointer -Wp,-D_GLIBCXX_ASSERTIONS -g -ffile-prefix-map=/build/lumina-desktop-utils-git/src=/usr/src/debug/lumina-desktop-utils-git -flto=auto -std=gnu++11 -flto -fno-fat-lto-objects -Wall -Wextra -D_REENTRANT -fPIC -DPREFIX=QString\(\"/usr\"\) -DL_ETCDIR=QString\(\"/etc\"\) -DL_SHAREDIR=QString\(\"/usr/share\"\) -DGIT_VERSION="\"f10fadce\"" -DQT_NO_DEBUG -DQT_SVG_LIB -DQT_WIDGETS_LIB -DQT_MULTIMEDIA_LIB -DQT_GUI_LIB -DQT_CONCURRENT_LIB -DQT_NETWORK_LIB -DQT_CORE_LIB -I. -I../../core/libLumina -I/usr/include/qt -I/usr -I/usr/include -I/build/lumina-desktop-utils-git/src/lumina/src-qt5/desktop-utils/lumina-fileinfo -I/usr/include/qt/QtSvg -I/usr/include/qt/QtWidgets -I/usr/include/qt/QtMultimedia -I/usr/include/qt/QtGui -I/usr/include/qt/QtConcurrent -I/usr/include/qt/QtNetwork -I/usr/include/qt/QtCore -I.build/moc -I.build/ui -I/usr/lib/qt/mkspecs/linux-g++ -o .build/obj/moc_LVideoWidget.o .build/moc/moc_LVideoWidget.cpp
g++ -c -pipe -march=x86-64 -mtune=generic -O2 -pipe -fno-plt -fexceptions -Wp,-D_FORTIFY_SOURCE=3 -Wformat -Werror=format-security -fstack-clash-protection -fcf-protection -fno-omit-frame-pointer -mno-omit-leaf-frame-pointer -Wp,-D_GLIBCXX_ASSERTIONS -g -ffile-prefix-map=/build/lumina-desktop-utils-git/src=/usr/src/debug/lumina-desktop-utils-git -flto=auto -std=gnu++11 -flto -fno-fat-lto-objects -Wall -Wextra -D_REENTRANT -fPIC -DPREFIX=QString\(\"/usr\"\) -DL_ETCDIR=QString\(\"/etc\"\) -DL_SHAREDIR=QString\(\"/usr/share\"\) -DGIT_VERSION="\"f10fadce\"" -DQT_NO_DEBUG -DQT_SVG_LIB -DQT_WIDGETS_LIB -DQT_MULTIMEDIA_LIB -DQT_GUI_LIB -DQT_CONCURRENT_LIB -DQT_NETWORK_LIB -DQT_CORE_LIB -I. -I../../core/libLumina -I/usr/include/qt -I/usr -I/usr/include -I/build/lumina-desktop-utils-git/src/lumina/src-qt5/desktop-utils/lumina-fileinfo -I/usr/include/qt/QtSvg -I/usr/include/qt/QtWidgets -I/usr/include/qt/QtMultimedia -I/usr/include/qt/QtGui -I/usr/include/qt/QtConcurrent -I/usr/include/qt/QtNetwork -I/usr/include/qt/QtCore -I.build/moc -I.build/ui -I/usr/lib/qt/mkspecs/linux-g++ -o .build/obj/moc_LuminaThemes.o .build/moc/moc_LuminaThemes.cpp
g++ -c -pipe -march=x86-64 -mtune=generic -O2 -pipe -fno-plt -fexceptions -Wp,-D_FORTIFY_SOURCE=3 -Wformat -Werror=format-security -fstack-clash-protection -fcf-protection -fno-omit-frame-pointer -mno-omit-leaf-frame-pointer -Wp,-D_GLIBCXX_ASSERTIONS -g -ffile-prefix-map=/build/lumina-desktop-utils-git/src=/usr/src/debug/lumina-desktop-utils-git -flto=auto -std=gnu++11 -flto -fno-fat-lto-objects -Wall -Wextra -D_REENTRANT -fPIC -DPREFIX=QString\(\"/usr\"\) -DL_ETCDIR=QString\(\"/etc\"\) -DL_SHAREDIR=QString\(\"/usr/share\"\) -DGIT_VERSION="\"f10fadce\"" -DQT_NO_DEBUG -DQT_SVG_LIB -DQT_WIDGETS_LIB -DQT_MULTIMEDIA_LIB -DQT_GUI_LIB -DQT_CONCURRENT_LIB -DQT_NETWORK_LIB -DQT_CORE_LIB -I. -I../../core/libLumina -I/usr/include/qt -I/usr -I/usr/include -I/build/lumina-desktop-utils-git/src/lumina/src-qt5/desktop-utils/lumina-fileinfo -I/usr/include/qt/QtSvg -I/usr/include/qt/QtWidgets -I/usr/include/qt/QtMultimedia -I/usr/include/qt/QtGui -I/usr/include/qt/QtConcurrent -I/usr/include/qt/QtNetwork -I/usr/include/qt/QtCore -I.build/moc -I.build/ui -I/usr/lib/qt/mkspecs/linux-g++ -o .build/obj/moc_LVideoSurface.o .build/moc/moc_LVideoSurface.cpp
g++ -c -pipe -march=x86-64 -mtune=generic -O2 -pipe -fno-plt -fexceptions -Wp,-D_FORTIFY_SOURCE=3 -Wformat -Werror=format-security -fstack-clash-protection -fcf-protection -fno-omit-frame-pointer -mno-omit-leaf-frame-pointer -Wp,-D_GLIBCXX_ASSERTIONS -g -ffile-prefix-map=/build/lumina-desktop-utils-git/src=/usr/src/debug/lumina-desktop-utils-git -flto=auto -std=gnu++11 -flto -fno-fat-lto-objects -Wall -Wextra -D_REENTRANT -fPIC -DPREFIX=QString\(\"/usr\"\) -DL_ETCDIR=QString\(\"/etc\"\) -DL_SHAREDIR=QString\(\"/usr/share\"\) -DGIT_VERSION="\"f10fadce\"" -DQT_NO_DEBUG -DQT_SVG_LIB -DQT_WIDGETS_LIB -DQT_MULTIMEDIA_LIB -DQT_GUI_LIB -DQT_CONCURRENT_LIB -DQT_NETWORK_LIB -DQT_CORE_LIB -I. -I../../core/libLumina -I/usr/include/qt -I/usr -I/usr/include -I/build/lumina-desktop-utils-git/src/lumina/src-qt5/desktop-utils/lumina-fileinfo -I/usr/include/qt/QtSvg -I/usr/include/qt/QtWidgets -I/usr/include/qt/QtMultimedia -I/usr/include/qt/QtGui -I/usr/include/qt/QtConcurrent -I/usr/include/qt/QtNetwork -I/usr/include/qt/QtCore -I.build/moc -I.build/ui -I/usr/lib/qt/mkspecs/linux-g++ -o .build/obj/moc_LuminaXDG.o .build/moc/moc_LuminaXDG.cpp
g++ -c -pipe -march=x86-64 -mtune=generic -O2 -pipe -fno-plt -fexceptions -Wp,-D_FORTIFY_SOURCE=3 -Wformat -Werror=format-security -fstack-clash-protection -fcf-protection -fno-omit-frame-pointer -mno-omit-leaf-frame-pointer -Wp,-D_GLIBCXX_ASSERTIONS -g -ffile-prefix-map=/build/lumina-desktop-utils-git/src=/usr/src/debug/lumina-desktop-utils-git -flto=auto -std=gnu++11 -flto -fno-fat-lto-objects -Wall -Wextra -D_REENTRANT -fPIC -DPREFIX=QString\(\"/usr\"\) -DL_ETCDIR=QString\(\"/etc\"\) -DL_SHAREDIR=QString\(\"/usr/share\"\) -DGIT_VERSION="\"f10fadce\"" -DQT_NO_DEBUG -DQT_SVG_LIB -DQT_WIDGETS_LIB -DQT_MULTIMEDIA_LIB -DQT_GUI_LIB -DQT_CONCURRENT_LIB -DQT_NETWORK_LIB -DQT_CORE_LIB -I. -I../../core/libLumina -I/usr/include/qt -I/usr -I/usr/include -I/build/lumina-desktop-utils-git/src/lumina/src-qt5/desktop-utils/lumina-fileinfo -I/usr/include/qt/QtSvg -I/usr/include/qt/QtWidgets -I/usr/include/qt/QtMultimedia -I/usr/include/qt/QtGui -I/usr/include/qt/QtConcurrent -I/usr/include/qt/QtNetwork -I/usr/include/qt/QtCore -I.build/moc -I.build/ui -I/usr/lib/qt/mkspecs/linux-g++ -o .build/obj/moc_MainUI.o .build/moc/moc_MainUI.cpp
../../core/libLumina/LuminaOS-Linux.cpp: In static member function ‘static void LOS::startMixerUtility()’:
../../core/libLumina/LuminaOS-Linux.cpp:134:26: warning: ‘static bool QProcess::startDetached(const QString&)’ is deprecated: Use QProcess::startDetached(const QString &program, const QStringList &arguments) instead [-Wdeprecated-declarations]
  134 |   QProcess::startDetached(LOS::AppPrefix() + "bin/pavucontrol");
      |   ~~~~~~~~~~~~~~~~~~~~~~~^~~~~~~~~~~~~~~~~~~~~~~~~~~~~~~~~~~~~~
In file included from /usr/include/qt/QtCore/QProcess:1,
                 from ../../core/libLumina/LuminaOS.h:17,
                 from ../../core/libLumina/LuminaOS-Linux.cpp:9:
/usr/include/qt/QtCore/qprocess.h:280:17: note: declared here
  280 |     static bool startDetached(const QString &command);
      |                 ^~~~~~~~~~~~~
../../core/libLumina/LuminaOS-Linux.cpp: In static member function ‘static void LOS::systemShutdown(bool)’:
../../core/libLumina/LuminaOS-Linux.cpp:155:26: warning: ‘static bool QProcess::startDetached(const QString&)’ is deprecated: Use QProcess::startDetached(const QString &program, const QStringList &arguments) instead [-Wdeprecated-declarations]
  155 |   QProcess::startDetached("shutdown -P -h now");
      |   ~~~~~~~~~~~~~~~~~~~~~~~^~~~~~~~~~~~~~~~~~~~~~
/usr/include/qt/QtCore/qprocess.h:280:17: note: declared here
  280 |     static bool startDetached(const QString &command);
      |                 ^~~~~~~~~~~~~
../../core/libLumina/LuminaOS-Linux.cpp: In static member function ‘static void LOS::systemRestart(bool)’:
../../core/libLumina/LuminaOS-Linux.cpp:161:26: warning: ‘static bool QProcess::startDetached(const QString&)’ is deprecated: Use QProcess::startDetached(const QString &program, const QStringList &arguments) instead [-Wdeprecated-declarations]
  161 |   QProcess::startDetached("shutdown -r now");
      |   ~~~~~~~~~~~~~~~~~~~~~~~^~~~~~~~~~~~~~~~~~~
/usr/include/qt/QtCore/qprocess.h:280:17: note: declared here
  280 |     static bool startDetached(const QString &command);
      |                 ^~~~~~~~~~~~~
../../core/libLumina/LVideoLabel.cpp: In constructor ‘LVideoLabel::LVideoLabel(QString, bool, QWidget*)’:
../../core/libLumina/LVideoLabel.cpp:12:27: warning: ‘int qrand()’ is deprecated: use QRandomGenerator instead [-Wdeprecated-declarations]
   12 |   QTimer::singleShot(qrand()%10, this, SLOT(initializeBackend()) );
      |                      ~~~~~^~
In file included from /usr/include/qt/QtGui/qtguiglobal.h:43,
                 from /usr/include/qt/QtWidgets/qtwidgetsglobal.h:43,
                 from /usr/include/qt/QtWidgets/qlabel.h:43,
                 from /usr/include/qt/QtWidgets/QLabel:1,
                 from ../../core/libLumina/LVideoLabel.h:4,
                 from ../../core/libLumina/LVideoLabel.cpp:1:
/usr/include/qt/QtCore/qglobal.h:1282:80: note: declared here
 1282 | Q_CORE_EXPORT QT_DEPRECATED_VERSION_X_5_15("use QRandomGenerator instead") int qrand();
      |                                                                                ^~~~~
../../core/libLumina/LVideoLabel.cpp: In member function ‘void LVideoLabel::stateChanged(QMediaPlayer::State)’:
../../core/libLumina/LVideoLabel.cpp:63:52: warning: unused parameter ‘state’ [-Wunused-parameter]
   63 | void LVideoLabel::stateChanged(QMediaPlayer::State state) {
      |                                ~~~~~~~~~~~~~~~~~~~~^~~~~
../../core/libLumina/LVideoLabel.cpp: In member function ‘void LVideoLabel::setDuration(QMediaPlayer::MediaStatus)’:
../../core/libLumina/LVideoLabel.cpp:77:29: warning: ‘int qrand()’ is deprecated: use QRandomGenerator instead [-Wdeprecated-declarations]
   77 |     QTimer::singleShot(qrand()%100, mediaPlayer, SLOT(play())); //mediaPlayer->play();
      |                        ~~~~~^~
/usr/include/qt/QtCore/qglobal.h:1282:80: note: declared here
 1282 | Q_CORE_EXPORT QT_DEPRECATED_VERSION_X_5_15("use QRandomGenerator instead") int qrand();
      |                                                                                ^~~~~
../../core/libLumina/LuminaXDG.cpp: In member function ‘void XDGDesktop::sync()’:
../../core/libLumina/LuminaXDG.cpp:117:65: warning: ‘QStringList QString::split(const QString&, SplitBehavior, Qt::CaseSensitivity) const’ is deprecated: Use split(const QString &sep, Qt::SplitBehavior ...) variant instead [-Wdeprecated-declarations]
  117 |     else if(var=="Categories" && insection){ catList = val.split(";",QString::SkipEmptyParts); }
      |                                                        ~~~~~~~~~^~~~~~~~~~~~~~~~~~~~~~~~~~~~~
In file included from /usr/include/qt/QtCore/qobject.h:47,
                 from /usr/include/qt/QtCore/qiodevice.h:45,
                 from /usr/include/qt/QtCore/qfiledevice.h:43,
                 from /usr/include/qt/QtCore/qfile.h:44,
                 from /usr/include/qt/QtCore/QFile:1,
                 from ../../core/libLumina/LuminaXDG.h:18,
                 from ../../core/libLumina/LuminaXDG.cpp:7:
/usr/include/qt/QtCore/qstring.h:606:17: note: declared here
  606 |     QStringList split(const QString &sep, SplitBehavior behavior,
      |                 ^~~~~
../../core/libLumina/LuminaXDG.cpp:118:68: warning: ‘QStringList QString::split(const QString&, SplitBehavior, Qt::CaseSensitivity) const’ is deprecated: Use split(const QString &sep, Qt::SplitBehavior ...) variant instead [-Wdeprecated-declarations]
  118 |     else if(var=="OnlyShowIn" && insection){ showInList = val.split(";",QString::SkipEmptyParts); }
      |                                                           ~~~~~~~~~^~~~~~~~~~~~~~~~~~~~~~~~~~~~~
/usr/include/qt/QtCore/qstring.h:606:17: note: declared here
  606 |     QStringList split(const QString &sep, SplitBehavior behavior,
      |                 ^~~~~
../../core/libLumina/LuminaXDG.cpp:119:70: warning: ‘QStringList QString::split(const QString&, SplitBehavior, Qt::CaseSensitivity) const’ is deprecated: Use split(const QString &sep, Qt::SplitBehavior ...) variant instead [-Wdeprecated-declarations]
  119 |     else if(var=="NotShowIn" && insection){ notShowInList = val.split(";",QString::SkipEmptyParts); }
      |                                                             ~~~~~~~~~^~~~~~~~~~~~~~~~~~~~~~~~~~~~~
/usr/include/qt/QtCore/qstring.h:606:17: note: declared here
  606 |     QStringList split(const QString &sep, SplitBehavior behavior,
      |                 ^~~~~
../../core/libLumina/LuminaXDG.cpp:121:65: warning: ‘QStringList QString::split(const QString&, SplitBehavior, Qt::CaseSensitivity) const’ is deprecated: Use split(const QString &sep, Qt::SplitBehavior ...) variant instead [-Wdeprecated-declarations]
  121 |     else if(var=="Actions" && insection){ actionList = val.split(";",QString::SkipEmptyParts); }
      |                                                        ~~~~~~~~~^~~~~~~~~~~~~~~~~~~~~~~~~~~~~
/usr/include/qt/QtCore/qstring.h:606:17: note: declared here
  606 |     QStringList split(const QString &sep, SplitBehavior behavior,
      |                 ^~~~~
../../core/libLumina/LuminaXDG.cpp:122:64: warning: ‘QStringList QString::split(const QString&, SplitBehavior, Qt::CaseSensitivity) const’ is deprecated: Use split(const QString &sep, Qt::SplitBehavior ...) variant instead [-Wdeprecated-declarations]
  122 |     else if(var=="MimeType" && insection){ mimeList = val.split(";",QString::SkipEmptyParts); }
      |                                                       ~~~~~~~~~^~~~~~~~~~~~~~~~~~~~~~~~~~~~~
/usr/include/qt/QtCore/qstring.h:606:17: note: declared here
  606 |     QStringList split(const QString &sep, SplitBehavior behavior,
      |                 ^~~~~
../../core/libLumina/LuminaXDG.cpp:124:66: warning: ‘QStringList QString::split(const QString&, SplitBehavior, Qt::CaseSensitivity) const’ is deprecated: Use split(const QString &sep, Qt::SplitBehavior ...) variant instead [-Wdeprecated-declarations]
  124 |       if(keyList.isEmpty() && loc.isEmpty()){ keyList = val.split(";",QString::SkipEmptyParts); }
      |                                                         ~~~~~~~~~^~~~~~~~~~~~~~~~~~~~~~~~~~~~~
/usr/include/qt/QtCore/qstring.h:606:17: note: declared here
  606 |     QStringList split(const QString &sep, SplitBehavior behavior,
      |                 ^~~~~
../../core/libLumina/LuminaXDG.cpp:125:48: warning: ‘QStringList QString::split(const QString&, SplitBehavior, Qt::CaseSensitivity) const’ is deprecated: Use split(const QString &sep, Qt::SplitBehavior ...) variant instead [-Wdeprecated-declarations]
  125 |       else if(loc == lang){ keyList = val.split(";",QString::SkipEmptyParts); }
      |                                       ~~~~~~~~~^~~~~~~~~~~~~~~~~~~~~~~~~~~~~
/usr/include/qt/QtCore/qstring.h:606:17: note: declared here
  606 |     QStringList split(const QString &sep, SplitBehavior behavior,
      |                 ^~~~~
../../core/libLumina/LuminaXDG.cpp: In static member function ‘static QStringList LXDG::getIconThemeDepChain(QString, QStringList)’:
../../core/libLumina/LuminaXDG.cpp:1042:52: warning: ‘QStringList QString::split(const QString&, SplitBehavior, Qt::CaseSensitivity) const’ is deprecated: Use split(const QString &sep, Qt::SplitBehavior ...) variant instead [-Wdeprecated-declarations]
 1042 |         deps = deps.first().section("=",1,-1).split(";",QString::SkipEmptyParts);
      |                ~~~~~~~~~~~~~~~~~~~~~~~~~~~~~~~~~~~~^~~~~~~~~~~~~~~~~~~~~~~~~~~~~
/usr/include/qt/QtCore/qstring.h:606:17: note: declared here
  606 |     QStringList split(const QString &sep, SplitBehavior behavior,
      |                 ^~~~~
../../core/libLumina/LuminaXDG.cpp: In static member function ‘static QStringList LXDG::findAvailableAppsForMime(QString)’:
../../core/libLumina/LuminaXDG.cpp:1310:62: warning: ‘QStringList QString::split(const QString&, SplitBehavior, Qt::CaseSensitivity) const’ is deprecated: Use split(const QString &sep, Qt::SplitBehavior ...) variant instead [-Wdeprecated-declarations]
 1310 |         QStringList files = matches[j].section("=",1,1).split(";",QString::SkipEmptyParts);
      |                             ~~~~~~~~~~~~~~~~~~~~~~~~~~~~~~~~~^~~~~~~~~~~~~~~~~~~~~~~~~~~~~
/usr/include/qt/QtCore/qstring.h:606:17: note: declared here
  606 |     QStringList split(const QString &sep, SplitBehavior behavior,
      |                 ^~~~~
../../core/libLumina/LFileInfo.cpp: In member function ‘void LFileInfo::getZfsDataset()’:
../../core/libLumina/LFileInfo.cpp:103:80: warning: ‘QStringList QString::split(const QString&, SplitBehavior, Qt::CaseSensitivity) const’ is deprecated: Use split(const QString &sep, Qt::SplitBehavior ...) variant instead [-Wdeprecated-declarations]
  103 |         if(!gplist.isEmpty()){ gplist = gplist.first().replace("\t", " ").split(" ",QString::SkipEmptyParts); gplist.removeAll("groups"); }
      |                                         ~~~~~~~~~~~~~~~~~~~~~~~~~~~~~~~~~~~~~~~^~~~~~~~~~~~~~~~~~~~~~~~~~~~~
In file included from /usr/include/qt/QtCore/qobject.h:47,
                 from /usr/include/qt/QtCore/qiodevice.h:45,
                 from /usr/include/qt/QtCore/qfiledevice.h:43,
                 from /usr/include/qt/QtCore/qfile.h:44,
                 from /usr/include/qt/QtCore/QFile:1,
                 from ../../core/libLumina/LuminaXDG.h:18,
                 from ../../core/libLumina/LFileInfo.h:13,
                 from ../../core/libLumina/LFileInfo.cpp:7:
/usr/include/qt/QtCore/qstring.h:606:17: note: declared here
  606 |     QStringList split(const QString &sep, SplitBehavior behavior,
      |                 ^~~~~
../../core/libLumina/LFileInfo.cpp:107:84: warning: ‘QStringList QString::split(const QString&, SplitBehavior, Qt::CaseSensitivity) const’ is deprecated: Use split(const QString &sep, Qt::SplitBehavior ...) variant instead [-Wdeprecated-declarations]
  107 |           zfs_perms << tmp.first().section(" ",2,2,QString::SectionSkipEmpty).split(",",QString::SkipEmptyParts);
      |                        ~~~~~~~~~~~~~~~~~~~~~~~~~~~~~~~~~~~~~~~~~~~~~~~~~~~~~~~~~~~~^~~~~~~~~~~~~~~~~~~~~~~~~~~~~
/usr/include/qt/QtCore/qstring.h:606:17: note: declared here
  606 |     QStringList split(const QString &sep, SplitBehavior behavior,
      |                 ^~~~~
../../core/libLumina/LUtils.cpp: In static member function ‘static QString LUtils::runCommand(bool&, QString, QStringList, QString, QStringList)’:
../../core/libLumina/LUtils.cpp:130:38: warning: ‘void QProcess::start(const QString&, QIODevice::OpenMode)’ is deprecated: Use QProcess::start(const QString &program, const QStringList &arguments,OpenMode mode = ReadWrite) instead [-Wdeprecated-declarations]
  130 |   if(arguments.isEmpty()){ proc.start(command); }
      |                            ~~~~~~~~~~^~~~~~~~~
In file included from /usr/include/qt/QtCore/QProcess:1,
                 from ../../core/libLumina/LUtils.h:11,
                 from ../../core/libLumina/LUtils.cpp:7:
/usr/include/qt/QtCore/qprocess.h:168:10: note: declared here
  168 |     void start(const QString &command, OpenMode mode = ReadWrite);
      |          ^~~~~
g++ -Wl,-O1 -Wl,--sort-common -Wl,--as-needed -Wl,-z,relro -Wl,-z,now -Wl,-z,pack-relative-relocs -pipe -march=x86-64 -mtune=generic -O2 -pipe -fno-plt -fexceptions -Wp,-D_FORTIFY_SOURCE=3 -Wformat -Werror=format-security -fstack-clash-protection -fcf-protection -fno-omit-frame-pointer -mno-omit-leaf-frame-pointer -Wp,-D_GLIBCXX_ASSERTIONS -g -ffile-prefix-map=/build/lumina-desktop-utils-git/src=/usr/src/debug/lumina-desktop-utils-git -flto=auto -std=gnu++11 -flto=24 -fno-fat-lto-objects -fuse-linker-plugin -fPIC -o lumina-fileinfo .build/obj/LuminaOS-Linux.o .build/obj/LUtils.o .build/obj/LuminaXDG.o .build/obj/LFileInfo.o .build/obj/LVideoLabel.o .build/obj/LVideoSurface.o .build/obj/LVideoWidget.o .build/obj/LuminaThemes.o .build/obj/main.o .build/obj/MainUI.o .build/obj/moc_LuminaXDG.o .build/obj/moc_LVideoLabel.o .build/obj/moc_LVideoSurface.o .build/obj/moc_LVideoWidget.o .build/obj/moc_LuminaThemes.o .build/obj/moc_MainUI.o   -L/build/lumina-desktop-utils-git/src/lumina/src-qt5/core/libLumina -L/usr/lib -L/usr/lib/qt5 -L/usr/local/lib -L/lib /usr/lib/libQt5Svg.so /usr/lib/libQt5Widgets.so /usr/lib/libQt5Multimedia.so /usr/lib/libQt5Gui.so /usr/lib/libQt5Concurrent.so /usr/lib/libQt5Network.so /usr/lib/libQt5Core.so -lGL -lpthread   
gzip -c /build/lumina-desktop-utils-git/src/lumina/src-qt5/desktop-utils/lumina-fileinfo/lumina-fileinfo.1 > /build/lumina-desktop-utils-git/pkg/lumina-fileinfo-git/usr/share/man/man1/lumina-fileinfo.1.gz
/usr/bin/qmake -install qinstall -exe lumina-fileinfo /build/lumina-desktop-utils-git/pkg/lumina-fileinfo-git/usr/bin/lumina-fileinfo
cd /build/lumina-desktop-utils-git/src/lumina/src-qt5/desktop-utils/lumina-fileinfo/i18n && /usr/bin/lrelease -nounfinished *.ts && cp *.qm /build/lumina-desktop-utils-git/pkg/lumina-fileinfo-git/usr/share/lumina-desktop/i18n/
/usr/bin/qmake -install qinstall /build/lumina-desktop-utils-git/src/lumina/src-qt5/desktop-utils/lumina-fileinfo/lumina-fileinfo.desktop /build/lumina-desktop-utils-git/pkg/lumina-fileinfo-git/usr/share/applications/lumina-fileinfo.desktop
Updating 'l-fileinfo_af.qm'...
    Generated 0 translation(s) (0 finished and 0 unfinished)
    Ignored 74 untranslated source text(s)
Updating 'l-fileinfo_ar.qm'...
    Generated 0 translation(s) (0 finished and 0 unfinished)
    Ignored 74 untranslated source text(s)
Updating 'l-fileinfo_az.qm'...
    Generated 0 translation(s) (0 finished and 0 unfinished)
    Ignored 74 untranslated source text(s)
Updating 'l-fileinfo_bg.qm'...
    Generated 38 translation(s) (38 finished and 0 unfinished)
    Ignored 36 untranslated source text(s)
Updating 'l-fileinfo_bn.qm'...
    Generated 0 translation(s) (0 finished and 0 unfinished)
    Ignored 74 untranslated source text(s)
Updating 'l-fileinfo_bs.qm'...
    Generated 0 translation(s) (0 finished and 0 unfinished)
    Ignored 74 untranslated source text(s)
Updating 'l-fileinfo_ca.qm'...
    Generated 38 translation(s) (38 finished and 0 unfinished)
    Ignored 36 untranslated source text(s)
Updating 'l-fileinfo_cs.qm'...
    Generated 38 translation(s) (38 finished and 0 unfinished)
    Ignored 36 untranslated source text(s)
Updating 'l-fileinfo_cy.qm'...
    Generated 0 translation(s) (0 finished and 0 unfinished)
    Ignored 74 untranslated source text(s)
Updating 'l-fileinfo_da.qm'...
    Generated 38 translation(s) (38 finished and 0 unfinished)
    Ignored 36 untranslated source text(s)
Updating 'l-fileinfo_de.qm'...
    Generated 38 translation(s) (38 finished and 0 unfinished)
    Ignored 36 untranslated source text(s)
Updating 'l-fileinfo_el.qm'...
    Generated 37 translation(s) (37 finished and 0 unfinished)
    Ignored 36 untranslated source text(s)
Updating 'l-fileinfo_en_AU.qm'...
    Generated 38 translation(s) (38 finished and 0 unfinished)
    Ignored 36 untranslated source text(s)
Updating 'l-fileinfo_en_GB.qm'...
    Generated 38 translation(s) (38 finished and 0 unfinished)
    Ignored 36 untranslated source text(s)
Updating 'l-fileinfo_en_ZA.qm'...
    Generated 0 translation(s) (0 finished and 0 unfinished)
    Ignored 74 untranslated source text(s)
Updating 'l-fileinfo_es.qm'...
    Generated 38 translation(s) (38 finished and 0 unfinished)
    Ignored 36 untranslated source text(s)
Updating 'l-fileinfo_et.qm'...
    Generated 37 translation(s) (37 finished and 0 unfinished)
    Ignored 37 untranslated source text(s)
Updating 'l-fileinfo_eu.qm'...
    Generated 0 translation(s) (0 finished and 0 unfinished)
    Ignored 74 untranslated source text(s)
Updating 'l-fileinfo_fa.qm'...
    Generated 0 translation(s) (0 finished and 0 unfinished)
    Ignored 74 untranslated source text(s)
Updating 'l-fileinfo_fi.qm'...
    Generated 38 translation(s) (38 finished and 0 unfinished)
    Ignored 36 untranslated source text(s)
Updating 'l-fileinfo_fr.qm'...
    Generated 38 translation(s) (38 finished and 0 unfinished)
    Ignored 36 untranslated source text(s)
Updating 'l-fileinfo_fr_CA.qm'...
    Generated 0 translation(s) (0 finished and 0 unfinished)
    Ignored 74 untranslated source text(s)
Updating 'l-fileinfo_fur.qm'...
    Generated 0 translation(s) (0 finished and 0 unfinished)
    Ignored 43 untranslated source text(s)
Updating 'l-fileinfo_gl.qm'...
    Generated 0 translation(s) (0 finished and 0 unfinished)
    Ignored 74 untranslated source text(s)
Updating 'l-fileinfo_he.qm'...
    Generated 15 translation(s) (15 finished and 0 unfinished)
    Ignored 58 untranslated source text(s)
Updating 'l-fileinfo_hi.qm'...
    Generated 0 translation(s) (0 finished and 0 unfinished)
    Ignored 74 untranslated source text(s)
Updating 'l-fileinfo_hr.qm'...
    Generated 74 translation(s) (74 finished and 0 unfinished)
Updating 'l-fileinfo_hu.qm'...
    Generated 36 translation(s) (36 finished and 0 unfinished)
    Ignored 38 untranslated source text(s)
Updating 'l-fileinfo_id.qm'...
    Generated 35 translation(s) (35 finished and 0 unfinished)
    Ignored 38 untranslated source text(s)
Updating 'l-fileinfo_is.qm'...
    Generated 0 translation(s) (0 finished and 0 unfinished)
    Ignored 74 untranslated source text(s)
Updating 'l-fileinfo_it.qm'...
    Generated 38 translation(s) (38 finished and 0 unfinished)
    Ignored 36 untranslated source text(s)
Updating 'l-fileinfo_ja.qm'...
    Generated 38 translation(s) (38 finished and 0 unfinished)
    Ignored 36 untranslated source text(s)
Updating 'l-fileinfo_ka.qm'...
    Generated 0 translation(s) (0 finished and 0 unfinished)
    Ignored 74 untranslated source text(s)
Updating 'l-fileinfo_ko.qm'...
    Generated 37 translation(s) (37 finished and 0 unfinished)
    Ignored 37 untranslated source text(s)
Updating 'l-fileinfo_lt.qm'...
    Generated 38 translation(s) (38 finished and 0 unfinished)
    Ignored 36 untranslated source text(s)
Updating 'l-fileinfo_lv.qm'...
    Generated 37 translation(s) (37 finished and 0 unfinished)
    Ignored 37 untranslated source text(s)
Updating 'l-fileinfo_mk.qm'...
    Generated 0 translation(s) (0 finished and 0 unfinished)
    Ignored 74 untranslated source text(s)
Updating 'l-fileinfo_mn.qm'...
    Generated 0 translation(s) (0 finished and 0 unfinished)
    Ignored 74 untranslated source text(s)
Updating 'l-fileinfo_ms.qm'...
    Generated 0 translation(s) (0 finished and 0 unfinished)
    Ignored 74 untranslated source text(s)
Updating 'l-fileinfo_mt.qm'...
    Generated 0 translation(s) (0 finished and 0 unfinished)
    Ignored 74 untranslated source text(s)
Updating 'l-fileinfo_nb.qm'...
    Generated 0 translation(s) (0 finished and 0 unfinished)
    Ignored 74 untranslated source text(s)
Updating 'l-fileinfo_ne.qm'...
    Generated 0 translation(s) (0 finished and 0 unfinished)
    Ignored 41 untranslated source text(s)
Updating 'l-fileinfo_nl.qm'...
    Generated 37 translation(s) (37 finished and 0 unfinished)
    Ignored 37 untranslated source text(s)
Updating 'l-fileinfo_pa.qm'...
    Generated 0 translation(s) (0 finished and 0 unfinished)
    Ignored 74 untranslated source text(s)
Updating 'l-fileinfo_pl.qm'...
    Generated 38 translation(s) (38 finished and 0 unfinished)
    Ignored 36 untranslated source text(s)
Updating 'l-fileinfo_pt.qm'...
    Generated 74 translation(s) (74 finished and 0 unfinished)
Updating 'l-fileinfo_pt_BR.qm'...
    Generated 38 translation(s) (38 finished and 0 unfinished)
    Ignored 36 untranslated source text(s)
Updating 'l-fileinfo_ro.qm'...
    Generated 0 translation(s) (0 finished and 0 unfinished)
    Ignored 74 untranslated source text(s)
Updating 'l-fileinfo_ru.qm'...
    Generated 38 translation(s) (38 finished and 0 unfinished)
    Ignored 36 untranslated source text(s)
Updating 'l-fileinfo_sa.qm'...
    Generated 0 translation(s) (0 finished and 0 unfinished)
    Ignored 41 untranslated source text(s)
Updating 'l-fileinfo_sk.qm'...
    Generated 37 translation(s) (37 finished and 0 unfinished)
    Ignored 37 untranslated source text(s)
Updating 'l-fileinfo_sl.qm'...
    Generated 0 translation(s) (0 finished and 0 unfinished)
    Ignored 74 untranslated source text(s)
Updating 'l-fileinfo_sr.qm'...
    Generated 0 translation(s) (0 finished and 0 unfinished)
    Ignored 74 untranslated source text(s)
Updating 'l-fileinfo_sv.qm'...
    Generated 74 translation(s) (74 finished and 0 unfinished)
Updating 'l-fileinfo_sw.qm'...
    Generated 0 translation(s) (0 finished and 0 unfinished)
    Ignored 74 untranslated source text(s)
Updating 'l-fileinfo_ta.qm'...
    Generated 0 translation(s) (0 finished and 0 unfinished)
    Ignored 74 untranslated source text(s)
Updating 'l-fileinfo_tg.qm'...
    Generated 0 translation(s) (0 finished and 0 unfinished)
    Ignored 74 untranslated source text(s)
Updating 'l-fileinfo_th.qm'...
    Generated 0 translation(s) (0 finished and 0 unfinished)
    Ignored 74 untranslated source text(s)
Updating 'l-fileinfo_tr.qm'...
    Generated 37 translation(s) (37 finished and 0 unfinished)
    Ignored 37 untranslated source text(s)
Updating 'l-fileinfo_uk.qm'...
    Generated 37 translation(s) (37 finished and 0 unfinished)
    Ignored 37 untranslated source text(s)
Updating 'l-fileinfo_ur.qm'...
    Generated 0 translation(s) (0 finished and 0 unfinished)
    Ignored 41 untranslated source text(s)
Updating 'l-fileinfo_uz.qm'...
    Generated 0 translation(s) (0 finished and 0 unfinished)
    Ignored 74 untranslated source text(s)
Updating 'l-fileinfo_vi.qm'...
    Generated 0 translation(s) (0 finished and 0 unfinished)
    Ignored 74 untranslated source text(s)
Updating 'l-fileinfo_zh_CN.qm'...
    Generated 73 translation(s) (73 finished and 0 unfinished)
    Ignored 1 untranslated source text(s)
Updating 'l-fileinfo_zh_HK.qm'...
    Generated 0 translation(s) (0 finished and 0 unfinished)
    Ignored 74 untranslated source text(s)
Updating 'l-fileinfo_zh_TW.qm'...
    Generated 0 translation(s) (0 finished and 0 unfinished)
    Ignored 74 untranslated source text(s)
Updating 'l-fileinfo_zu.qm'...
    Generated 0 translation(s) (0 finished and 0 unfinished)
    Ignored 74 untranslated source text(s)
