lyrionmusicserver-git E: ELF files outside of a valid path ('opt/').
lyrionmusicserver-git W: ELF file ('opt/lyrionmusicserver-git/Bin/x86_64-linux/faad') lacks FULL RELRO, check LDFLAGS.
lyrionmusicserver-git W: ELF file ('opt/lyrionmusicserver-git/Bin/x86_64-linux/flac') lacks FULL RELRO, check LDFLAGS.
lyrionmusicserver-git W: ELF file ('opt/lyrionmusicserver-git/Bin/x86_64-linux/mac') lacks FULL RELRO, check LDFLAGS.
lyrionmusicserver-git W: ELF file ('opt/lyrionmusicserver-git/Bin/x86_64-linux/sox') lacks FULL RELRO, check LDFLAGS.
lyrionmusicserver-git W: ELF file ('opt/lyrionmusicserver-git/Bin/x86_64-linux/wvunpack') lacks FULL RELRO, check LDFLAGS.
lyrionmusicserver-git W: ELF file ('opt/lyrionmusicserver-git/Bin/x86_64-linux/faad') lacks PIE.
lyrionmusicserver-git W: ELF file ('opt/lyrionmusicserver-git/Bin/x86_64-linux/mac') lacks PIE.
lyrionmusicserver-git W: ELF file ('opt/lyrionmusicserver-git/Bin/x86_64-linux/sox') lacks PIE.
lyrionmusicserver-git W: ELF file ('opt/lyrionmusicserver-git/Bin/x86_64-linux/faad') lacks GNU_PROPERTY_X86_FEATURE_1_SHSTK.
lyrionmusicserver-git W: ELF file ('opt/lyrionmusicserver-git/Bin/x86_64-linux/flac') lacks GNU_PROPERTY_X86_FEATURE_1_SHSTK.
lyrionmusicserver-git W: ELF file ('opt/lyrionmusicserver-git/Bin/x86_64-linux/mac') lacks GNU_PROPERTY_X86_FEATURE_1_SHSTK.
lyrionmusicserver-git W: ELF file ('opt/lyrionmusicserver-git/Bin/x86_64-linux/sox') lacks GNU_PROPERTY_X86_FEATURE_1_SHSTK.
lyrionmusicserver-git W: ELF file ('opt/lyrionmusicserver-git/Bin/x86_64-linux/wvunpack') lacks GNU_PROPERTY_X86_FEATURE_1_SHSTK.
lyrionmusicserver-git W: Directory (opt/lyrionmusicserver-git/CPAN/auto/Test/Warn) is empty
lyrionmusicserver-git W: Directory (opt/lyrionmusicserver-git/cache) is empty
lyrionmusicserver-git W: Directory (opt/lyrionmusicserver-git/prefs/plugin) is empty
lyrionmusicserver-git W: Directory (opt/lyrionmusicserver-git/CPAN/auto/Tree/DAG_Node) is empty
lyrionmusicserver-git W: Directory (usr/src/debug/lyrionmusicserver-git) is empty
lyrionmusicserver-git W: Directory (opt/lyrionmusicserver-git/CPAN/auto/Sub/Uplevel) is empty
lyrionmusicserver-git W: Directory (opt/lyrionmusicserver-git/Plugins) is empty
lyrionmusicserver-git W: Dependency bash detected and implicitly satisfied (programs ['bash'] needed in scripts ['opt/lyrionmusicserver-git/t/00_smoketest.sh'])
lyrionmusicserver-git W: Dependency included, but may not be needed ('gcc-libs')
lyrionmusicserver-git W: Dependency included, but may not be needed ('zlib')
