lyrionmusicserver E: ELF files outside of a valid path ('opt/').
lyrionmusicserver W: ELF file ('opt/lyrionmusicserver/Bin/x86_64-linux/mac') has executable stack.
lyrionmusicserver W: ELF file ('opt/lyrionmusicserver/Bin/x86_64-linux/faad') lacks FULL RELRO, check LDFLAGS.
lyrionmusicserver W: ELF file ('opt/lyrionmusicserver/Bin/x86_64-linux/flac') lacks FULL RELRO, check LDFLAGS.
lyrionmusicserver W: ELF file ('opt/lyrionmusicserver/Bin/x86_64-linux/mac') lacks FULL RELRO, check LDFLAGS.
lyrionmusicserver W: ELF file ('opt/lyrionmusicserver/Bin/x86_64-linux/sox') lacks FULL RELRO, check LDFLAGS.
lyrionmusicserver W: ELF file ('opt/lyrionmusicserver/Bin/x86_64-linux/wvunpack') lacks FULL RELRO, check LDFLAGS.
lyrionmusicserver W: ELF file ('opt/lyrionmusicserver/Bin/x86_64-linux/faad') lacks PIE.
lyrionmusicserver W: ELF file ('opt/lyrionmusicserver/Bin/x86_64-linux/mac') lacks PIE.
lyrionmusicserver W: ELF file ('opt/lyrionmusicserver/Bin/x86_64-linux/sox') lacks PIE.
lyrionmusicserver W: Directory (opt/lyrionmusicserver/CPAN/Template/Manual) is empty
lyrionmusicserver W: Directory (opt/lyrionmusicserver/CPAN/auto/Test/Warn) is empty
lyrionmusicserver W: Directory (opt/lyrionmusicserver/CPAN/auto/Tree/DAG_Node) is empty
lyrionmusicserver W: Directory (opt/lyrionmusicserver/CPAN/auto/Data/Dump) is empty
lyrionmusicserver W: Directory (opt/lyrionmusicserver/CPAN/auto/YAML/LibYAML) is empty
lyrionmusicserver W: Directory (opt/lyrionmusicserver/CPAN/auto/ExtUtils/CBuilder) is empty
lyrionmusicserver W: Directory (opt/lyrionmusicserver/Plugins) is empty
lyrionmusicserver W: Directory (opt/lyrionmusicserver/CPAN/auto/HTML/Tagset) is empty
lyrionmusicserver W: Directory (opt/lyrionmusicserver/CPAN/auto/Module/Build) is empty
lyrionmusicserver W: Directory (usr/src/debug/lyrionmusicserver) is empty
lyrionmusicserver W: Directory (opt/lyrionmusicserver/CPAN/auto/Test/NoWarnings) is empty
lyrionmusicserver W: Directory (opt/lyrionmusicserver/CPAN/DBD/File) is empty
lyrionmusicserver W: Directory (opt/lyrionmusicserver/CPAN/auto/common/sense) is empty
lyrionmusicserver W: Directory (opt/lyrionmusicserver/CPAN/auto/Audio/Cuefile/Parser) is empty
lyrionmusicserver W: Directory (opt/lyrionmusicserver/CPAN/Template/Tutorial) is empty
lyrionmusicserver W: Directory (opt/lyrionmusicserver/cache) is empty
lyrionmusicserver W: Directory (opt/lyrionmusicserver/CPAN/auto/Sub/Uplevel) is empty
lyrionmusicserver W: Directory (opt/lyrionmusicserver/CPAN/Template/Tools) is empty
lyrionmusicserver W: Directory (opt/lyrionmusicserver/prefs/plugin) is empty
lyrionmusicserver W: Directory (opt/lyrionmusicserver/CPAN/DBI/DBD/SqlEngine) is empty
lyrionmusicserver W: Dependency bash detected and implicitly satisfied (programs ['bash'] needed in scripts ['opt/lyrionmusicserver/t/00_smoketest.sh'])
