-- The CXX compiler identification is GNU 15.2.1
-- Detecting CXX compiler ABI info
-- Detecting CXX compiler ABI info - done
-- Check for working CXX compiler: /usr/bin/c++ - skipped
-- Detecting CXX compile features
-- Detecting CXX compile features - done
-- Performing Test HAS_CPP20_FLAG
-- Performing Test HAS_CPP20_FLAG - Success
-- Performing Test HAS_CPP23_FLAG
-- Performing Test HAS_CPP23_FLAG - Success
-- Configuring done (0.6s)
-- Generating done (0.0s)
-- Build files have been written to: /build/magic_enum-git/src/build
[ 10%] Building CXX object test/CMakeFiles/test_aliases-cpp20.dir/test_aliases.cpp.o
[ 10%] Building CXX object test/CMakeFiles/test_wchar_t-cpp20.dir/test_wchar_t.cpp.o
[ 10%] Building CXX object test/CMakeFiles/test-cpp23.dir/test.cpp.o
[ 16%] Building CXX object test/CMakeFiles/test_flags-cpp23.dir/test_flags.cpp.o
[ 16%] Building CXX object test/CMakeFiles/test_aliases-cpp17.dir/test_aliases.cpp.o
[ 23%] Building CXX object test/CMakeFiles/test_wchar_t-cpp17.dir/test_wchar_t.cpp.o
[ 23%] Building CXX object test/CMakeFiles/test_flags-cpp20.dir/test_flags.cpp.o
[ 30%] Building CXX object test/CMakeFiles/test_flags-cpp17.dir/test_flags.cpp.o
[ 30%] Building CXX object test/CMakeFiles/test_containers-cpp23.dir/test_containers.cpp.o
[ 33%] Building CXX object test/CMakeFiles/test-cpp17.dir/test.cpp.o
[ 36%] Building CXX object test/CMakeFiles/test_containers-cpp17.dir/test_containers.cpp.o
[ 40%] Building CXX object test/CMakeFiles/test_aliases-cpp23.dir/test_aliases.cpp.o
[ 43%] Building CXX object test/CMakeFiles/test-cpp20.dir/test.cpp.o
[ 46%] Building CXX object test/CMakeFiles/test_containers-cpp20.dir/test_containers.cpp.o
[ 50%] Building CXX object test/CMakeFiles/test_wchar_t-cpp23.dir/test_wchar_t.cpp.o
[ 53%] Linking CXX executable test_containers-cpp17
[ 56%] Linking CXX executable test_wchar_t-cpp20
[ 60%] Linking CXX executable test_wchar_t-cpp17
[ 63%] Linking CXX executable test_containers-cpp20
[ 66%] Linking CXX executable test_aliases-cpp17
[ 70%] Linking CXX executable test_aliases-cpp20
[ 73%] Linking CXX executable test_flags-cpp17
[ 76%] Linking CXX executable test_containers-cpp23
[ 80%] Linking CXX executable test_aliases-cpp23
[ 83%] Linking CXX executable test_wchar_t-cpp23
[ 86%] Linking CXX executable test_flags-cpp23
[ 90%] Linking CXX executable test_flags-cpp20
/usr/bin/c++ -march=x86-64 -mtune=generic -O2 -pipe -fno-plt -fexceptions         -Wp,-D_FORTIFY_SOURCE=3 -Wformat -Werror=format-security         -fstack-clash-protection -fcf-protection         -fno-omit-frame-pointer -mno-omit-leaf-frame-pointer -Wp,-D_GLIBCXX_ASSERTIONS -g -ffile-prefix-map=/build/magic_enum-git/src=/usr/src/debug/magic_enum-git -flto=auto -O2 -g -DNDEBUG -Wl,-O1 -Wl,--sort-common -Wl,--as-needed -Wl,-z,relro -Wl,-z,now          -Wl,-z,pack-relative-relocs -flto=auto -Wl,--dependency-file=CMakeFiles/test_containers-cpp17.dir/link.d "CMakeFiles/test_containers-cpp17.dir/test_containers.cpp.o" -o test_containers-cpp17
[ 90%] Built target test_containers-cpp17
[ 93%] Linking CXX executable test-cpp17
[ 96%] Linking CXX executable test-cpp20
/usr/bin/c++ -march=x86-64 -mtune=generic -O2 -pipe -fno-plt -fexceptions         -Wp,-D_FORTIFY_SOURCE=3 -Wformat -Werror=format-security         -fstack-clash-protection -fcf-protection         -fno-omit-frame-pointer -mno-omit-leaf-frame-pointer -Wp,-D_GLIBCXX_ASSERTIONS -g -ffile-prefix-map=/build/magic_enum-git/src=/usr/src/debug/magic_enum-git -flto=auto -O2 -g -DNDEBUG -Wl,-O1 -Wl,--sort-common -Wl,--as-needed -Wl,-z,relro -Wl,-z,now          -Wl,-z,pack-relative-relocs -flto=auto -Wl,--dependency-file=CMakeFiles/test_aliases-cpp17.dir/link.d "CMakeFiles/test_aliases-cpp17.dir/test_aliases.cpp.o" -o test_aliases-cpp17
[ 96%] Built target test_aliases-cpp17
[100%] Linking CXX executable test-cpp23
/usr/bin/c++ -march=x86-64 -mtune=generic -O2 -pipe -fno-plt -fexceptions         -Wp,-D_FORTIFY_SOURCE=3 -Wformat -Werror=format-security         -fstack-clash-protection -fcf-protection         -fno-omit-frame-pointer -mno-omit-leaf-frame-pointer -Wp,-D_GLIBCXX_ASSERTIONS -g -ffile-prefix-map=/build/magic_enum-git/src=/usr/src/debug/magic_enum-git -flto=auto -O2 -g -DNDEBUG -Wl,-O1 -Wl,--sort-common -Wl,--as-needed -Wl,-z,relro -Wl,-z,now          -Wl,-z,pack-relative-relocs -flto=auto -Wl,--dependency-file=CMakeFiles/test_wchar_t-cpp20.dir/link.d "CMakeFiles/test_wchar_t-cpp20.dir/test_wchar_t.cpp.o" -o test_wchar_t-cpp20
[100%] Built target test_wchar_t-cpp20
/usr/bin/c++ -march=x86-64 -mtune=generic -O2 -pipe -fno-plt -fexceptions         -Wp,-D_FORTIFY_SOURCE=3 -Wformat -Werror=format-security         -fstack-clash-protection -fcf-protection         -fno-omit-frame-pointer -mno-omit-leaf-frame-pointer -Wp,-D_GLIBCXX_ASSERTIONS -g -ffile-prefix-map=/build/magic_enum-git/src=/usr/src/debug/magic_enum-git -flto=auto -O2 -g -DNDEBUG -Wl,-O1 -Wl,--sort-common -Wl,--as-needed -Wl,-z,relro -Wl,-z,now          -Wl,-z,pack-relative-relocs -flto=auto -Wl,--dependency-file=CMakeFiles/test_wchar_t-cpp23.dir/link.d "CMakeFiles/test_wchar_t-cpp23.dir/test_wchar_t.cpp.o" -o test_wchar_t-cpp23
[100%] Built target test_wchar_t-cpp23
/usr/bin/c++ -march=x86-64 -mtune=generic -O2 -pipe -fno-plt -fexceptions         -Wp,-D_FORTIFY_SOURCE=3 -Wformat -Werror=format-security         -fstack-clash-protection -fcf-protection         -fno-omit-frame-pointer -mno-omit-leaf-frame-pointer -Wp,-D_GLIBCXX_ASSERTIONS -g -ffile-prefix-map=/build/magic_enum-git/src=/usr/src/debug/magic_enum-git -flto=auto -O2 -g -DNDEBUG -Wl,-O1 -Wl,--sort-common -Wl,--as-needed -Wl,-z,relro -Wl,-z,now          -Wl,-z,pack-relative-relocs -flto=auto -Wl,--dependency-file=CMakeFiles/test_aliases-cpp20.dir/link.d "CMakeFiles/test_aliases-cpp20.dir/test_aliases.cpp.o" -o test_aliases-cpp20
[100%] Built target test_aliases-cpp20
/usr/bin/c++ -march=x86-64 -mtune=generic -O2 -pipe -fno-plt -fexceptions         -Wp,-D_FORTIFY_SOURCE=3 -Wformat -Werror=format-security         -fstack-clash-protection -fcf-protection         -fno-omit-frame-pointer -mno-omit-leaf-frame-pointer -Wp,-D_GLIBCXX_ASSERTIONS -g -ffile-prefix-map=/build/magic_enum-git/src=/usr/src/debug/magic_enum-git -flto=auto -O2 -g -DNDEBUG -Wl,-O1 -Wl,--sort-common -Wl,--as-needed -Wl,-z,relro -Wl,-z,now          -Wl,-z,pack-relative-relocs -flto=auto -Wl,--dependency-file=CMakeFiles/test_wchar_t-cpp17.dir/link.d "CMakeFiles/test_wchar_t-cpp17.dir/test_wchar_t.cpp.o" -o test_wchar_t-cpp17
[100%] Built target test_wchar_t-cpp17
/usr/bin/c++ -march=x86-64 -mtune=generic -O2 -pipe -fno-plt -fexceptions         -Wp,-D_FORTIFY_SOURCE=3 -Wformat -Werror=format-security         -fstack-clash-protection -fcf-protection         -fno-omit-frame-pointer -mno-omit-leaf-frame-pointer -Wp,-D_GLIBCXX_ASSERTIONS -g -ffile-prefix-map=/build/magic_enum-git/src=/usr/src/debug/magic_enum-git -flto=auto -O2 -g -DNDEBUG -Wl,-O1 -Wl,--sort-common -Wl,--as-needed -Wl,-z,relro -Wl,-z,now          -Wl,-z,pack-relative-relocs -flto=auto -Wl,--dependency-file=CMakeFiles/test_containers-cpp23.dir/link.d "CMakeFiles/test_containers-cpp23.dir/test_containers.cpp.o" -o test_containers-cpp23
[100%] Built target test_containers-cpp23
/usr/bin/c++ -march=x86-64 -mtune=generic -O2 -pipe -fno-plt -fexceptions         -Wp,-D_FORTIFY_SOURCE=3 -Wformat -Werror=format-security         -fstack-clash-protection -fcf-protection         -fno-omit-frame-pointer -mno-omit-leaf-frame-pointer -Wp,-D_GLIBCXX_ASSERTIONS -g -ffile-prefix-map=/build/magic_enum-git/src=/usr/src/debug/magic_enum-git -flto=auto -O2 -g -DNDEBUG -Wl,-O1 -Wl,--sort-common -Wl,--as-needed -Wl,-z,relro -Wl,-z,now          -Wl,-z,pack-relative-relocs -flto=auto -Wl,--dependency-file=CMakeFiles/test_aliases-cpp23.dir/link.d "CMakeFiles/test_aliases-cpp23.dir/test_aliases.cpp.o" -o test_aliases-cpp23
[100%] Built target test_aliases-cpp23
/usr/bin/c++ -march=x86-64 -mtune=generic -O2 -pipe -fno-plt -fexceptions         -Wp,-D_FORTIFY_SOURCE=3 -Wformat -Werror=format-security         -fstack-clash-protection -fcf-protection         -fno-omit-frame-pointer -mno-omit-leaf-frame-pointer -Wp,-D_GLIBCXX_ASSERTIONS -g -ffile-prefix-map=/build/magic_enum-git/src=/usr/src/debug/magic_enum-git -flto=auto -O2 -g -DNDEBUG -Wl,-O1 -Wl,--sort-common -Wl,--as-needed -Wl,-z,relro -Wl,-z,now          -Wl,-z,pack-relative-relocs -flto=auto -Wl,--dependency-file=CMakeFiles/test_containers-cpp20.dir/link.d "CMakeFiles/test_containers-cpp20.dir/test_containers.cpp.o" -o test_containers-cpp20
[100%] Built target test_containers-cpp20
/usr/bin/c++ -march=x86-64 -mtune=generic -O2 -pipe -fno-plt -fexceptions         -Wp,-D_FORTIFY_SOURCE=3 -Wformat -Werror=format-security         -fstack-clash-protection -fcf-protection         -fno-omit-frame-pointer -mno-omit-leaf-frame-pointer -Wp,-D_GLIBCXX_ASSERTIONS -g -ffile-prefix-map=/build/magic_enum-git/src=/usr/src/debug/magic_enum-git -flto=auto -O2 -g -DNDEBUG -Wl,-O1 -Wl,--sort-common -Wl,--as-needed -Wl,-z,relro -Wl,-z,now          -Wl,-z,pack-relative-relocs -flto=auto -Wl,--dependency-file=CMakeFiles/test_flags-cpp20.dir/link.d "CMakeFiles/test_flags-cpp20.dir/test_flags.cpp.o" -o test_flags-cpp20
[100%] Built target test_flags-cpp20
/usr/bin/c++ -march=x86-64 -mtune=generic -O2 -pipe -fno-plt -fexceptions         -Wp,-D_FORTIFY_SOURCE=3 -Wformat -Werror=format-security         -fstack-clash-protection -fcf-protection         -fno-omit-frame-pointer -mno-omit-leaf-frame-pointer -Wp,-D_GLIBCXX_ASSERTIONS -g -ffile-prefix-map=/build/magic_enum-git/src=/usr/src/debug/magic_enum-git -flto=auto -O2 -g -DNDEBUG -Wl,-O1 -Wl,--sort-common -Wl,--as-needed -Wl,-z,relro -Wl,-z,now          -Wl,-z,pack-relative-relocs -flto=auto -Wl,--dependency-file=CMakeFiles/test_flags-cpp23.dir/link.d "CMakeFiles/test_flags-cpp23.dir/test_flags.cpp.o" -o test_flags-cpp23
[100%] Built target test_flags-cpp23
/usr/bin/c++ -march=x86-64 -mtune=generic -O2 -pipe -fno-plt -fexceptions         -Wp,-D_FORTIFY_SOURCE=3 -Wformat -Werror=format-security         -fstack-clash-protection -fcf-protection         -fno-omit-frame-pointer -mno-omit-leaf-frame-pointer -Wp,-D_GLIBCXX_ASSERTIONS -g -ffile-prefix-map=/build/magic_enum-git/src=/usr/src/debug/magic_enum-git -flto=auto -O2 -g -DNDEBUG -Wl,-O1 -Wl,--sort-common -Wl,--as-needed -Wl,-z,relro -Wl,-z,now          -Wl,-z,pack-relative-relocs -flto=auto -Wl,--dependency-file=CMakeFiles/test_flags-cpp17.dir/link.d "CMakeFiles/test_flags-cpp17.dir/test_flags.cpp.o" -o test_flags-cpp17
[100%] Built target test_flags-cpp17
/usr/bin/c++ -march=x86-64 -mtune=generic -O2 -pipe -fno-plt -fexceptions         -Wp,-D_FORTIFY_SOURCE=3 -Wformat -Werror=format-security         -fstack-clash-protection -fcf-protection         -fno-omit-frame-pointer -mno-omit-leaf-frame-pointer -Wp,-D_GLIBCXX_ASSERTIONS -g -ffile-prefix-map=/build/magic_enum-git/src=/usr/src/debug/magic_enum-git -flto=auto -O2 -g -DNDEBUG -Wl,-O1 -Wl,--sort-common -Wl,--as-needed -Wl,-z,relro -Wl,-z,now          -Wl,-z,pack-relative-relocs -flto=auto -Wl,--dependency-file=CMakeFiles/test-cpp20.dir/link.d "CMakeFiles/test-cpp20.dir/test.cpp.o" -o test-cpp20
[100%] Built target test-cpp20
/usr/bin/c++ -march=x86-64 -mtune=generic -O2 -pipe -fno-plt -fexceptions         -Wp,-D_FORTIFY_SOURCE=3 -Wformat -Werror=format-security         -fstack-clash-protection -fcf-protection         -fno-omit-frame-pointer -mno-omit-leaf-frame-pointer -Wp,-D_GLIBCXX_ASSERTIONS -g -ffile-prefix-map=/build/magic_enum-git/src=/usr/src/debug/magic_enum-git -flto=auto -O2 -g -DNDEBUG -Wl,-O1 -Wl,--sort-common -Wl,--as-needed -Wl,-z,relro -Wl,-z,now          -Wl,-z,pack-relative-relocs -flto=auto -Wl,--dependency-file=CMakeFiles/test-cpp23.dir/link.d "CMakeFiles/test-cpp23.dir/test.cpp.o" -o test-cpp23
[100%] Built target test-cpp23
/usr/bin/c++ -march=x86-64 -mtune=generic -O2 -pipe -fno-plt -fexceptions         -Wp,-D_FORTIFY_SOURCE=3 -Wformat -Werror=format-security         -fstack-clash-protection -fcf-protection         -fno-omit-frame-pointer -mno-omit-leaf-frame-pointer -Wp,-D_GLIBCXX_ASSERTIONS -g -ffile-prefix-map=/build/magic_enum-git/src=/usr/src/debug/magic_enum-git -flto=auto -O2 -g -DNDEBUG -Wl,-O1 -Wl,--sort-common -Wl,--as-needed -Wl,-z,relro -Wl,-z,now          -Wl,-z,pack-relative-relocs -flto=auto -Wl,--dependency-file=CMakeFiles/test-cpp17.dir/link.d "CMakeFiles/test-cpp17.dir/test.cpp.o" -o test-cpp17
[100%] Built target test-cpp17
