-- Install configuration: "RelWithDebInfo"
-- Installing: /build/magic_enum-git/pkg/magic_enum-git/usr/include/magic_enum
-- Installing: /build/magic_enum-git/pkg/magic_enum-git/usr/include/magic_enum/magic_enum_all.hpp
-- Installing: /build/magic_enum-git/pkg/magic_enum-git/usr/include/magic_enum/magic_enum_iostream.hpp
-- Installing: /build/magic_enum-git/pkg/magic_enum-git/usr/include/magic_enum/magic_enum_switch.hpp
-- Installing: /build/magic_enum-git/pkg/magic_enum-git/usr/include/magic_enum/magic_enum_fuse.hpp
-- Installing: /build/magic_enum-git/pkg/magic_enum-git/usr/include/magic_enum/magic_enum.hpp
-- Installing: /build/magic_enum-git/pkg/magic_enum-git/usr/include/magic_enum/magic_enum_utility.hpp
-- Installing: /build/magic_enum-git/pkg/magic_enum-git/usr/include/magic_enum/magic_enum_flags.hpp
-- Installing: /build/magic_enum-git/pkg/magic_enum-git/usr/include/magic_enum/magic_enum_format.hpp
-- Installing: /build/magic_enum-git/pkg/magic_enum-git/usr/include/magic_enum/magic_enum_containers.hpp
-- Installing: /build/magic_enum-git/pkg/magic_enum-git/usr/share/cmake/magic_enum/magic_enumConfig.cmake
-- Installing: /build/magic_enum-git/pkg/magic_enum-git/usr/share/cmake/magic_enum/magic_enumConfigVersion.cmake
-- Installing: /build/magic_enum-git/pkg/magic_enum-git/usr/share/pkgconfig/magic_enum.pc
-- Installing: /build/magic_enum-git/pkg/magic_enum-git/usr/share/magic_enum/package.xml
install: creating directory '/build/magic_enum-git/pkg/magic_enum-git/usr/share/doc'
'README.md' -> '/build/magic_enum-git/pkg/magic_enum-git/usr/share/doc//README.md'
install: creating directory '/build/magic_enum-git/pkg/magic_enum-git/usr/share/doc//doc'
'doc/limitations.md' -> '/build/magic_enum-git/pkg/magic_enum-git/usr/share/doc//doc/limitations.md'
'doc/reference.md' -> '/build/magic_enum-git/pkg/magic_enum-git/usr/share/doc//doc/reference.md'
install: creating directory '/build/magic_enum-git/pkg/magic_enum-git/usr/share/doc//example'
'example/CMakeLists.txt' -> '/build/magic_enum-git/pkg/magic_enum-git/usr/share/doc//example/CMakeLists.txt'
'example/enum_flag_example.cpp' -> '/build/magic_enum-git/pkg/magic_enum-git/usr/share/doc//example/enum_flag_example.cpp'
'example/example.cpp' -> '/build/magic_enum-git/pkg/magic_enum-git/usr/share/doc//example/example.cpp'
'example/example_containers_array.cpp' -> '/build/magic_enum-git/pkg/magic_enum-git/usr/share/doc//example/example_containers_array.cpp'
'example/example_containers_bitset.cpp' -> '/build/magic_enum-git/pkg/magic_enum-git/usr/share/doc//example/example_containers_bitset.cpp'
'example/example_containers_set.cpp' -> '/build/magic_enum-git/pkg/magic_enum-git/usr/share/doc//example/example_containers_set.cpp'
'example/example_custom_name.cpp' -> '/build/magic_enum-git/pkg/magic_enum-git/usr/share/doc//example/example_custom_name.cpp'
'example/example_nonascii_name.cpp' -> '/build/magic_enum-git/pkg/magic_enum-git/usr/share/doc//example/example_nonascii_name.cpp'
'example/example_switch.cpp' -> '/build/magic_enum-git/pkg/magic_enum-git/usr/share/doc//example/example_switch.cpp'
install: creating directory '/build/magic_enum-git/pkg/magic_enum-git/usr/share/licenses'
install: creating directory '/build/magic_enum-git/pkg/magic_enum-git/usr/share/licenses/magic_enum-git'
'LICENSE' -> '/build/magic_enum-git/pkg/magic_enum-git/usr/share/licenses/magic_enum-git/LICENSE'
