-- Install configuration: "None"
-- Installing: /build/mir/pkg/mir/usr/lib/libmircore.so.2
-- Installing: /build/mir/pkg/mir/usr/lib/libmircore.so
-- Installing: /build/mir/pkg/mir/usr/include/mircore/mir
-- Installing: /build/mir/pkg/mir/usr/include/mircore/mir/flags.h
-- Installing: /build/mir/pkg/mir/usr/include/mircore/mir/depth_layer.h
-- Installing: /build/mir/pkg/mir/usr/include/mircore/mir/int_wrapper.h
-- Installing: /build/mir/pkg/mir/usr/include/mircore/mir/fatal.h
-- Installing: /build/mir/pkg/mir/usr/include/mircore/mir/anonymous_shm_file.h
-- Installing: /build/mir/pkg/mir/usr/include/mircore/mir/input
-- Installing: /build/mir/pkg/mir/usr/include/mircore/mir/input/mousekeys_keymap.h
-- Installing: /build/mir/pkg/mir/usr/include/mircore/mir/fd.h
-- Installing: /build/mir/pkg/mir/usr/include/mircore/mir/optional_value.h
-- Installing: /build/mir/pkg/mir/usr/include/mircore/mir/synchronised.h
-- Installing: /build/mir/pkg/mir/usr/include/mircore/mir/report_exception.h
-- Installing: /build/mir/pkg/mir/usr/include/mircore/mir/shm_file.h
-- Installing: /build/mir/pkg/mir/usr/include/mircore/mir/geometry
-- Installing: /build/mir/pkg/mir/usr/include/mircore/mir/geometry/rectangle.h
-- Installing: /build/mir/pkg/mir/usr/include/mircore/mir/geometry/rectangles.h
-- Installing: /build/mir/pkg/mir/usr/include/mircore/mir/geometry/forward.h
-- Installing: /build/mir/pkg/mir/usr/include/mircore/mir/geometry/size.h
-- Installing: /build/mir/pkg/mir/usr/include/mircore/mir/geometry/dimensions.h
-- Installing: /build/mir/pkg/mir/usr/include/mircore/mir/geometry/point.h
-- Installing: /build/mir/pkg/mir/usr/include/mircore/mir/geometry/displacement.h
-- Installing: /build/mir/pkg/mir/usr/include/mircore/mir/proof_of_mutex_lock.h
-- Installing: /build/mir/pkg/mir/usr/include/mircore/mir/abnormal_exit.h
-- Installing: /build/mir/pkg/mir/usr/include/mircore/mir_toolkit
-- Installing: /build/mir/pkg/mir/usr/include/mircore/mir_toolkit/mir_version_number.h
-- Installing: /build/mir/pkg/mir/usr/include/mircore/mir_toolkit/common.h
-- Installing: /build/mir/pkg/mir/usr/include/mircore/mir_toolkit/events
-- Installing: /build/mir/pkg/mir/usr/include/mircore/mir_toolkit/events/enums.h
-- Installing: /build/mir/pkg/mir/usr/include/mircore/mir_toolkit/mir_input_device_types.h
-- Installing: /build/mir/pkg/mir/usr/include/mircore/mir_toolkit/mir_native_buffer.h
-- Installing: /build/mir/pkg/mir/usr/lib/pkgconfig/mircore.pc
-- Installing: /build/mir/pkg/mir/usr/lib/mir/server-platform/renderer-egl-generic.so.23
-- Set non-toolchain portion of runtime path of "/build/mir/pkg/mir/usr/lib/mir/server-platform/renderer-egl-generic.so.23" to ""
-- Installing: /build/mir/pkg/mir/usr/lib/mir/server-platform/graphics-gbm-kms.so.23
-- Set non-toolchain portion of runtime path of "/build/mir/pkg/mir/usr/lib/mir/server-platform/graphics-gbm-kms.so.23" to ""
-- Installing: /build/mir/pkg/mir/usr/lib/mir/server-platform/graphics-atomic-kms.so.23
-- Set non-toolchain portion of runtime path of "/build/mir/pkg/mir/usr/lib/mir/server-platform/graphics-atomic-kms.so.23" to ""
-- Installing: /build/mir/pkg/mir/usr/lib/mir/server-platform/server-x11.so.23
-- Set non-toolchain portion of runtime path of "/build/mir/pkg/mir/usr/lib/mir/server-platform/server-x11.so.23" to ""
-- Installing: /build/mir/pkg/mir/usr/lib/mir/server-platform/graphics-eglstream-kms.so.23
-- Set non-toolchain portion of runtime path of "/build/mir/pkg/mir/usr/lib/mir/server-platform/graphics-eglstream-kms.so.23" to ""
-- Installing: /build/mir/pkg/mir/usr/lib/mir/server-platform/graphics-wayland.so.23
-- Set non-toolchain portion of runtime path of "/build/mir/pkg/mir/usr/lib/mir/server-platform/graphics-wayland.so.23" to ""
-- Installing: /build/mir/pkg/mir/usr/lib/mir/server-platform/server-virtual.so.23
-- Set non-toolchain portion of runtime path of "/build/mir/pkg/mir/usr/lib/mir/server-platform/server-virtual.so.23" to ""
-- Installing: /build/mir/pkg/mir/usr/lib/mir/server-platform/input-evdev.so.10
-- Set non-toolchain portion of runtime path of "/build/mir/pkg/mir/usr/lib/mir/server-platform/input-evdev.so.10" to ""
-- Installing: /build/mir/pkg/mir/usr/lib/libmircommon.so.11
-- Set non-toolchain portion of runtime path of "/build/mir/pkg/mir/usr/lib/libmircommon.so.11" to ""
-- Installing: /build/mir/pkg/mir/usr/lib/libmircommon.so
-- Installing: /build/mir/pkg/mir/usr/include/mircommon/mir
-- Installing: /build/mir/pkg/mir/usr/include/mircommon/mir/shared_library_prober_report.h
-- Installing: /build/mir/pkg/mir/usr/include/mircommon/mir/module_deleter.h
-- Installing: /build/mir/pkg/mir/usr/include/mircommon/mir/time
-- Installing: /build/mir/pkg/mir/usr/include/mircommon/mir/time/clock.h
-- Installing: /build/mir/pkg/mir/usr/include/mircommon/mir/time/posix_clock.h
-- Installing: /build/mir/pkg/mir/usr/include/mircommon/mir/time/posix_timestamp.h
-- Installing: /build/mir/pkg/mir/usr/include/mircommon/mir/time/steady_clock.h
-- Installing: /build/mir/pkg/mir/usr/include/mircommon/mir/time/types.h
-- Installing: /build/mir/pkg/mir/usr/include/mircommon/mir/shared_library_prober.h
-- Installing: /build/mir/pkg/mir/usr/include/mircommon/mir/raii.h
-- Installing: /build/mir/pkg/mir/usr/include/mircommon/mir/logging
-- Installing: /build/mir/pkg/mir/usr/include/mircommon/mir/logging/shared_library_prober_report.h
-- Installing: /build/mir/pkg/mir/usr/include/mircommon/mir/logging/multi_logger.h
-- Installing: /build/mir/pkg/mir/usr/include/mircommon/mir/logging/logger.h
-- Installing: /build/mir/pkg/mir/usr/include/mircommon/mir/logging/file_logger.h
-- Installing: /build/mir/pkg/mir/usr/include/mircommon/mir/logging/input_timestamp.h
-- Installing: /build/mir/pkg/mir/usr/include/mircommon/mir/logging/null_shared_library_prober_report.h
-- Installing: /build/mir/pkg/mir/usr/include/mircommon/mir/logging/dumb_console_logger.h
-- Installing: /build/mir/pkg/mir/usr/include/mircommon/mir/executor.h
-- Installing: /build/mir/pkg/mir/usr/include/mircommon/mir/cached_ptr.h
-- Installing: /build/mir/pkg/mir/usr/include/mircommon/mir/posix_rw_mutex.h
-- Installing: /build/mir/pkg/mir/usr/include/mircommon/mir/frontend
-- Installing: /build/mir/pkg/mir/usr/include/mircommon/mir/frontend/surface_id.h
-- Installing: /build/mir/pkg/mir/usr/include/mircommon/mir/shared_library.h
-- Installing: /build/mir/pkg/mir/usr/include/mircommon/mir/client_visible_error.h
-- Installing: /build/mir/pkg/mir/usr/include/mircommon/mir/assert_module_entry_point.h
-- Installing: /build/mir/pkg/mir/usr/include/mircommon/mir/events
-- Installing: /build/mir/pkg/mir/usr/include/mircommon/mir/events/resize_event.h
-- Installing: /build/mir/pkg/mir/usr/include/mircommon/mir/events/pointer_event.h
-- Installing: /build/mir/pkg/mir/usr/include/mircommon/mir/events/keyboard_resync_event.h
-- Installing: /build/mir/pkg/mir/usr/include/mircommon/mir/events/event_type_to_string.h
-- Installing: /build/mir/pkg/mir/usr/include/mircommon/mir/events/window_event.h
-- Installing: /build/mir/pkg/mir/usr/include/mircommon/mir/events/xkb_modifiers.h
-- Installing: /build/mir/pkg/mir/usr/include/mircommon/mir/events/scroll_axis.h
-- Installing: /build/mir/pkg/mir/usr/include/mircommon/mir/events/input_event.h
-- Installing: /build/mir/pkg/mir/usr/include/mircommon/mir/events/contact_state.h
-- Installing: /build/mir/pkg/mir/usr/include/mircommon/mir/events/input_device_state_event.h
-- Installing: /build/mir/pkg/mir/usr/include/mircommon/mir/events/event_builders.h
-- Installing: /build/mir/pkg/mir/usr/include/mircommon/mir/events/orientation_event.h
-- Installing: /build/mir/pkg/mir/usr/include/mircommon/mir/events/close_window_event.h
-- Installing: /build/mir/pkg/mir/usr/include/mircommon/mir/events/window_output_event.h
-- Installing: /build/mir/pkg/mir/usr/include/mircommon/mir/events/prompt_session_event.h
-- Installing: /build/mir/pkg/mir/usr/include/mircommon/mir/events/event.h
-- Installing: /build/mir/pkg/mir/usr/include/mircommon/mir/events/input_device_state.h
-- Installing: /build/mir/pkg/mir/usr/include/mircommon/mir/events/window_placement_event.h
-- Installing: /build/mir/pkg/mir/usr/include/mircommon/mir/events/touch_event.h
-- Installing: /build/mir/pkg/mir/usr/include/mircommon/mir/events/touch_contact.h
-- Installing: /build/mir/pkg/mir/usr/include/mircommon/mir/events/keyboard_event.h
-- Installing: /build/mir/pkg/mir/usr/include/mircommon/mir/events/event_helpers.h
-- Installing: /build/mir/pkg/mir/usr/include/mircommon/mir/output_type_names.h
-- Installing: /build/mir/pkg/mir/usr/include/mircommon/mir/libname.h
-- Installing: /build/mir/pkg/mir/usr/include/mircommon/mir/log.h
-- Installing: /build/mir/pkg/mir/usr/include/mircommon/mir/signal.h
-- Installing: /build/mir/pkg/mir/usr/include/mircommon/mir/input
-- Installing: /build/mir/pkg/mir/usr/include/mircommon/mir/input/key_mapper.h
-- Installing: /build/mir/pkg/mir/usr/include/mircommon/mir/input/parameter_keymap.h
-- Installing: /build/mir/pkg/mir/usr/include/mircommon/mir/input/keymap.h
-- Installing: /build/mir/pkg/mir/usr/include/mircommon/mir/input/mir_keyboard_config.h
-- Installing: /build/mir/pkg/mir/usr/include/mircommon/mir/input/mir_input_config.h
-- Installing: /build/mir/pkg/mir/usr/include/mircommon/mir/input/buffer_keymap.h
-- Installing: /build/mir/pkg/mir/usr/include/mircommon/mir/input/xkb_mapper.h
-- Installing: /build/mir/pkg/mir/usr/include/mircommon/mir/input/keyboard_leds.h
-- Installing: /build/mir/pkg/mir/usr/include/mircommon/mir/input/mir_pointer_config.h
-- Installing: /build/mir/pkg/mir/usr/include/mircommon/mir/input/device_capability.h
-- Installing: /build/mir/pkg/mir/usr/include/mircommon/mir/input/mir_touchscreen_config.h
-- Installing: /build/mir/pkg/mir/usr/include/mircommon/mir/input/mir_touchpad_config.h
-- Installing: /build/mir/pkg/mir/usr/include/mircommon/mir/input/transformer.h
-- Installing: /build/mir/pkg/mir/usr/include/mircommon/mir/thread_safe_list.h
-- Installing: /build/mir/pkg/mir/usr/include/mircommon/mir/report
-- Installing: /build/mir/pkg/mir/usr/include/mircommon/mir/report/lttng
-- Installing: /build/mir/pkg/mir/usr/include/mircommon/mir/report/lttng/mir_tracepoint.h
-- Installing: /build/mir/pkg/mir/usr/include/mircommon/mir/report/lttng/tracepoint_provider.h
-- Installing: /build/mir/pkg/mir/usr/include/mircommon/mir/event_printer.h
-- Installing: /build/mir/pkg/mir/usr/include/mircommon/mir/dispatch
-- Installing: /build/mir/pkg/mir/usr/include/mircommon/mir/dispatch/readable_fd.h
-- Installing: /build/mir/pkg/mir/usr/include/mircommon/mir/dispatch/action_queue.h
-- Installing: /build/mir/pkg/mir/usr/include/mircommon/mir/dispatch/multiplexing_dispatchable.h
-- Installing: /build/mir/pkg/mir/usr/include/mircommon/mir/dispatch/dispatchable.h
-- Installing: /build/mir/pkg/mir/usr/include/mircommon/mir/dispatch/threaded_dispatcher.h
-- Installing: /build/mir/pkg/mir/usr/include/mircommon/mir/unwind_helpers.h
-- Installing: /build/mir/pkg/mir/usr/include/mircommon/mir/recursive_read_write_mutex.h
-- Installing: /build/mir/pkg/mir/usr/include/mircommon/mir/basic_observers.h
-- Installing: /build/mir/pkg/mir/usr/include/mircommon/mir/thread_name.h
-- Installing: /build/mir/pkg/mir/usr/include/mircommon/mir/default_font.h
-- Installing: /build/mir/pkg/mir/usr/include/mircommon/mir/c_memory.h
-- Installing: /build/mir/pkg/mir/usr/include/mircommon-internal/mir
-- Installing: /build/mir/pkg/mir/usr/include/mircommon-internal/mir/events
-- Installing: /build/mir/pkg/mir/usr/include/mircommon-internal/mir/events/event_private.h
-- Installing: /build/mir/pkg/mir/usr/include/mircommon-internal/mir/signal_blocker.h
-- Installing: /build/mir/pkg/mir/usr/include/mircommon/mir_toolkit
-- Installing: /build/mir/pkg/mir/usr/include/mircommon/mir_toolkit/client_types.h
-- Installing: /build/mir/pkg/mir/usr/include/mircommon/mir_toolkit/events
-- Installing: /build/mir/pkg/mir/usr/include/mircommon/mir_toolkit/events/resize_event.h
-- Installing: /build/mir/pkg/mir/usr/include/mircommon/mir_toolkit/events/window_event.h
-- Installing: /build/mir/pkg/mir/usr/include/mircommon/mir_toolkit/events/input_device_state_event.h
-- Installing: /build/mir/pkg/mir/usr/include/mircommon/mir_toolkit/events/orientation_event.h
-- Installing: /build/mir/pkg/mir/usr/include/mircommon/mir_toolkit/events/input
-- Installing: /build/mir/pkg/mir/usr/include/mircommon/mir_toolkit/events/input/pointer_event.h
-- Installing: /build/mir/pkg/mir/usr/include/mircommon/mir_toolkit/events/input/input_event.h
-- Installing: /build/mir/pkg/mir/usr/include/mircommon/mir_toolkit/events/input/touch_event.h
-- Installing: /build/mir/pkg/mir/usr/include/mircommon/mir_toolkit/events/input/keyboard_event.h
-- Installing: /build/mir/pkg/mir/usr/include/mircommon/mir_toolkit/events/window_output_event.h
-- Installing: /build/mir/pkg/mir/usr/include/mircommon/mir_toolkit/events/prompt_session_event.h
-- Installing: /build/mir/pkg/mir/usr/include/mircommon/mir_toolkit/events/event.h
-- Installing: /build/mir/pkg/mir/usr/include/mircommon/mir_toolkit/event.h
-- Installing: /build/mir/pkg/mir/usr/include/mircommon/mir_toolkit/cursors.h
-- Installing: /build/mir/pkg/mir/usr/lib/pkgconfig/mircommon.pc
-- Installing: /build/mir/pkg/mir/usr/lib/pkgconfig/mircommon-internal.pc
-- Installing: /build/mir/pkg/mir/usr/lib/libmirplatform.so.34
-- Set non-toolchain portion of runtime path of "/build/mir/pkg/mir/usr/lib/libmirplatform.so.34" to ""
-- Installing: /build/mir/pkg/mir/usr/lib/libmirplatform.so
-- Installing: /build/mir/pkg/mir/usr/lib/pkgconfig/mirplatform.pc
-- Installing: /build/mir/pkg/mir/usr/bin/mir_wayland_generator
-- Installing: /build/mir/pkg/mir/usr/lib/libmirwayland.so.5
-- Set non-toolchain portion of runtime path of "/build/mir/pkg/mir/usr/lib/libmirwayland.so.5" to ""
-- Installing: /build/mir/pkg/mir/usr/lib/libmirwayland.so
-- Installing: /build/mir/pkg/mir/usr/lib/pkgconfig/mirwayland.pc
-- Installing: /build/mir/pkg/mir/usr/include/mirwayland/mir
-- Installing: /build/mir/pkg/mir/usr/include/mirwayland/mir/wayland
-- Installing: /build/mir/pkg/mir/usr/include/mirwayland/mir/wayland/protocol_error.h
-- Installing: /build/mir/pkg/mir/usr/include/mirwayland/mir/wayland/wayland_base.h
-- Installing: /build/mir/pkg/mir/usr/include/mirwayland/mir/wayland/resource.h
-- Installing: /build/mir/pkg/mir/usr/include/mirwayland/mir/wayland/global.h
-- Installing: /build/mir/pkg/mir/usr/include/mirwayland/mir/wayland/weak.h
-- Installing: /build/mir/pkg/mir/usr/include/mirwayland/mir/wayland/client.h
-- Installing: /build/mir/pkg/mir/usr/include/mirwayland/mir/wayland/lifetime_tracker.h
-- Installing: /build/mir/pkg/mir/usr/lib/mir/tools/libmirserverlttng.so
-- Installing: /build/mir/pkg/mir/usr/lib/libmirserver.so.66
-- Set non-toolchain portion of runtime path of "/build/mir/pkg/mir/usr/lib/libmirserver.so.66" to ""
-- Installing: /build/mir/pkg/mir/usr/lib/libmirserver.so
-- Installing: /build/mir/pkg/mir/usr/include/mirplatform/mir
-- Installing: /build/mir/pkg/mir/usr/include/mirplatform/mir/console_services.h
-- Installing: /build/mir/pkg/mir/usr/include/mirplatform/mir/gl
-- Installing: /build/mir/pkg/mir/usr/include/mirplatform/mir/gl/primitive.h
-- Installing: /build/mir/pkg/mir/usr/include/mirplatform/mir/gl/tessellation_helpers.h
-- Installing: /build/mir/pkg/mir/usr/include/mirplatform/mir/udev
-- Installing: /build/mir/pkg/mir/usr/include/mirplatform/mir/udev/wrapper.h
-- Installing: /build/mir/pkg/mir/usr/include/mirplatform/mir/renderer
-- Installing: /build/mir/pkg/mir/usr/include/mirplatform/mir/renderer/sw
-- Installing: /build/mir/pkg/mir/usr/include/mirplatform/mir/renderer/sw/pixel_source.h
-- Installing: /build/mir/pkg/mir/usr/include/mirplatform/mir/renderer/gl
-- Installing: /build/mir/pkg/mir/usr/include/mirplatform/mir/renderer/gl/gl_surface.h
-- Installing: /build/mir/pkg/mir/usr/include/mirplatform/mir/renderer/gl/context.h
-- Installing: /build/mir/pkg/mir/usr/include/mirplatform/mir/renderer/gl/render_target.h
-- Installing: /build/mir/pkg/mir/usr/include/mirplatform/mir/renderer/renderer_factory.h
-- Installing: /build/mir/pkg/mir/usr/include/mirplatform/mir/renderer/renderer.h
-- Installing: /build/mir/pkg/mir/usr/include/mirplatform/mir/renderers
-- Installing: /build/mir/pkg/mir/usr/include/mirplatform/mir/renderers/gl
-- Installing: /build/mir/pkg/mir/usr/include/mirplatform/mir/renderers/gl/renderer_factory.h
-- Installing: /build/mir/pkg/mir/usr/include/mirplatform/mir/renderers/gl/renderer.h
-- Installing: /build/mir/pkg/mir/usr/include/mirplatform/mir/module_properties.h
-- Installing: /build/mir/pkg/mir/usr/include/mirplatform/mir/input
-- Installing: /build/mir/pkg/mir/usr/include/mirplatform/mir/input/input_device_info.h
-- Installing: /build/mir/pkg/mir/usr/include/mirplatform/mir/input/input_device_registry.h
-- Installing: /build/mir/pkg/mir/usr/include/mirplatform/mir/input/led_observer_registrar.h
-- Installing: /build/mir/pkg/mir/usr/include/mirplatform/mir/input/pointer_settings.h
-- Installing: /build/mir/pkg/mir/usr/include/mirplatform/mir/input/platform.h
-- Installing: /build/mir/pkg/mir/usr/include/mirplatform/mir/input/touchpad_settings.h
-- Installing: /build/mir/pkg/mir/usr/include/mirplatform/mir/input/input_device.h
-- Installing: /build/mir/pkg/mir/usr/include/mirplatform/mir/input/touchscreen_settings.h
-- Installing: /build/mir/pkg/mir/usr/include/mirplatform/mir/input/input_sink.h
-- Installing: /build/mir/pkg/mir/usr/include/mirplatform/mir/input/event_builder.h
-- Installing: /build/mir/pkg/mir/usr/include/mirplatform/mir/input/input_report.h
-- Installing: /build/mir/pkg/mir/usr/include/mirplatform/mir/emergency_cleanup_registry.h
-- Installing: /build/mir/pkg/mir/usr/include/mirplatform/mir/graphics
-- Installing: /build/mir/pkg/mir/usr/include/mirplatform/mir/graphics/drm_syncobj.h
-- Installing: /build/mir/pkg/mir/usr/include/mirplatform/mir/graphics/display_configuration.h
-- Installing: /build/mir/pkg/mir/usr/include/mirplatform/mir/graphics/display_sink.h
-- Installing: /build/mir/pkg/mir/usr/include/mirplatform/mir/graphics/linux_dmabuf.h
-- Installing: /build/mir/pkg/mir/usr/include/mirplatform/mir/graphics/transformation.h
-- Installing: /build/mir/pkg/mir/usr/include/mirplatform/mir/graphics/program.h
-- Installing: /build/mir/pkg/mir/usr/include/mirplatform/mir/graphics/ptr_backed_mapping.h
-- Installing: /build/mir/pkg/mir/usr/include/mirplatform/mir/graphics/buffer_id.h
-- Installing: /build/mir/pkg/mir/usr/include/mirplatform/mir/graphics/drm_formats.h
-- Installing: /build/mir/pkg/mir/usr/include/mirplatform/mir/graphics/egl_extensions.h
-- Installing: /build/mir/pkg/mir/usr/include/mirplatform/mir/graphics/texture.h
-- Installing: /build/mir/pkg/mir/usr/include/mirplatform/mir/graphics/cursor_image.h
-- Installing: /build/mir/pkg/mir/usr/include/mirplatform/mir/graphics/gamma_curves.h
-- Installing: /build/mir/pkg/mir/usr/include/mirplatform/mir/graphics/egl_resources.h
-- Installing: /build/mir/pkg/mir/usr/include/mirplatform/mir/graphics/display_report.h
-- Installing: /build/mir/pkg/mir/usr/include/mirplatform/mir/graphics/gl_format.h
-- Installing: /build/mir/pkg/mir/usr/include/mirplatform/mir/graphics/cursor.h
-- Installing: /build/mir/pkg/mir/usr/include/mirplatform/mir/graphics/frame.h
-- Installing: /build/mir/pkg/mir/usr/include/mirplatform/mir/graphics/gl_config.h
-- Installing: /build/mir/pkg/mir/usr/include/mirplatform/mir/graphics/buffer_basic.h
-- Installing: /build/mir/pkg/mir/usr/include/mirplatform/mir/graphics/pixman_image_scaling.h
-- Installing: /build/mir/pkg/mir/usr/include/mirplatform/mir/graphics/dmabuf_buffer.h
-- Installing: /build/mir/pkg/mir/usr/include/mirplatform/mir/graphics/platform.h
-- Installing: /build/mir/pkg/mir/usr/include/mirplatform/mir/graphics/overlapping_output_grouping.h
-- Installing: /build/mir/pkg/mir/usr/include/mirplatform/mir/graphics/egl_context_executor.h
-- Installing: /build/mir/pkg/mir/usr/include/mirplatform/mir/graphics/egl_wayland_allocator.h
-- Installing: /build/mir/pkg/mir/usr/include/mirplatform/mir/graphics/buffer.h
-- Installing: /build/mir/pkg/mir/usr/include/mirplatform/mir/graphics/egl_error.h
-- Installing: /build/mir/pkg/mir/usr/include/mirplatform/mir/graphics/program_factory.h
-- Installing: /build/mir/pkg/mir/usr/include/mirplatform/mir/graphics/renderable.h
-- Installing: /build/mir/pkg/mir/usr/include/mirplatform/mir/graphics/graphic_buffer_allocator.h
-- Installing: /build/mir/pkg/mir/usr/include/mirplatform/mir/graphics/display_configuration_policy.h
-- Installing: /build/mir/pkg/mir/usr/include/mirplatform/mir/graphics/event_handler_register.h
-- Installing: /build/mir/pkg/mir/usr/include/mirplatform/mir/graphics/display.h
-- Installing: /build/mir/pkg/mir/usr/include/mirplatform/mir/graphics/output_filter.h
-- Installing: /build/mir/pkg/mir/usr/include/mirplatform/mir/graphics/egl_logger.h
-- Installing: /build/mir/pkg/mir/usr/include/mirplatform/mir/graphics/pixel_format_utils.h
-- Installing: /build/mir/pkg/mir/usr/include/mirplatform/mir/graphics/buffer_properties.h
-- Installing: /build/mir/pkg/mir/usr/include/mirplatform/mir/options
-- Installing: /build/mir/pkg/mir/usr/include/mirplatform/mir/options/default_configuration.h
-- Installing: /build/mir/pkg/mir/usr/include/mirplatform/mir/options/configuration.h
-- Installing: /build/mir/pkg/mir/usr/include/mirplatform/mir/options/program_option.h
-- Installing: /build/mir/pkg/mir/usr/include/mirplatform/mir/options/option.h
-- Installing: /build/mir/pkg/mir/usr/include/mirserver/mir
-- Installing: /build/mir/pkg/mir/usr/include/mirserver/mir/shell
-- Installing: /build/mir/pkg/mir/usr/include/mirserver/mir/shell/keyboard_helper.h
-- Installing: /build/mir/pkg/mir/usr/include/mirserver/mir/version.h
-- Installing: /build/mir/pkg/mir/usr/include/mirserver-internal/mir
-- Installing: /build/mir/pkg/mir/usr/include/mirserver-internal/mir/display_server.h
-- Installing: /build/mir/pkg/mir/usr/include/mirserver-internal/mir/glib_main_loop_sources.h
-- Installing: /build/mir/pkg/mir/usr/include/mirserver-internal/mir/glib_main_loop.h
-- Installing: /build/mir/pkg/mir/usr/include/mirserver-internal/mir/time
-- Installing: /build/mir/pkg/mir/usr/include/mirserver-internal/mir/time/alarm.h
-- Installing: /build/mir/pkg/mir/usr/include/mirserver-internal/mir/time/alarm_factory.h
-- Installing: /build/mir/pkg/mir/usr/include/mirserver-internal/mir/shell
-- Installing: /build/mir/pkg/mir/usr/include/mirserver-internal/mir/shell/shell_wrapper.h
-- Installing: /build/mir/pkg/mir/usr/include/mirserver-internal/mir/shell/sticky_keys_transformer.h
-- Installing: /build/mir/pkg/mir/usr/include/mirserver-internal/mir/shell/window_manager_builder.h
-- Installing: /build/mir/pkg/mir/usr/include/mirserver-internal/mir/shell/display_configuration_controller.h
-- Installing: /build/mir/pkg/mir/usr/include/mirserver-internal/mir/shell/persistent_surface_store.h
-- Installing: /build/mir/pkg/mir/usr/include/mirserver-internal/mir/shell/surface_stack_wrapper.h
-- Installing: /build/mir/pkg/mir/usr/include/mirserver-internal/mir/shell/surface_stack.h
-- Installing: /build/mir/pkg/mir/usr/include/mirserver-internal/mir/shell/mousekeys_transformer.h
-- Installing: /build/mir/pkg/mir/usr/include/mirserver-internal/mir/shell/surface_specification.h
-- Installing: /build/mir/pkg/mir/usr/include/mirserver-internal/mir/shell/accessibility_manager.h
-- Installing: /build/mir/pkg/mir/usr/include/mirserver-internal/mir/shell/focus_controller.h
-- Installing: /build/mir/pkg/mir/usr/include/mirserver-internal/mir/shell/idle_handler.h
-- Installing: /build/mir/pkg/mir/usr/include/mirserver-internal/mir/shell/slow_keys_transformer.h
-- Installing: /build/mir/pkg/mir/usr/include/mirserver-internal/mir/shell/system_compositor_window_manager.h
-- Installing: /build/mir/pkg/mir/usr/include/mirserver-internal/mir/shell/display_layout.h
-- Installing: /build/mir/pkg/mir/usr/include/mirserver-internal/mir/shell/input_targeter.h
-- Installing: /build/mir/pkg/mir/usr/include/mirserver-internal/mir/shell/simulated_secondary_click_transformer.h
-- Installing: /build/mir/pkg/mir/usr/include/mirserver-internal/mir/shell/shell.h
-- Installing: /build/mir/pkg/mir/usr/include/mirserver-internal/mir/shell/token_authority.h
-- Installing: /build/mir/pkg/mir/usr/include/mirserver-internal/mir/shell/window_manager.h
-- Installing: /build/mir/pkg/mir/usr/include/mirserver-internal/mir/shell/shell_report.h
-- Installing: /build/mir/pkg/mir/usr/include/mirserver-internal/mir/shell/hover_click_transformer.h
-- Installing: /build/mir/pkg/mir/usr/include/mirserver-internal/mir/shell/abstract_shell.h
-- Installing: /build/mir/pkg/mir/usr/include/mirserver-internal/mir/emergency_cleanup.h
-- Installing: /build/mir/pkg/mir/usr/include/mirserver-internal/mir/server.h
-- Installing: /build/mir/pkg/mir/usr/include/mirserver-internal/mir/frontend
-- Installing: /build/mir/pkg/mir/usr/include/mirserver-internal/mir/frontend/prompt_session.h
-- Installing: /build/mir/pkg/mir/usr/include/mirserver-internal/mir/frontend/buffer_stream.h
-- Installing: /build/mir/pkg/mir/usr/include/mirserver-internal/mir/frontend/session_authorizer.h
-- Installing: /build/mir/pkg/mir/usr/include/mirserver-internal/mir/frontend/connector.h
-- Installing: /build/mir/pkg/mir/usr/include/mirserver-internal/mir/frontend/display_changer.h
-- Installing: /build/mir/pkg/mir/usr/include/mirserver-internal/mir/frontend/surface_stack.h
-- Installing: /build/mir/pkg/mir/usr/include/mirserver-internal/mir/frontend/drag_icon_controller.h
-- Installing: /build/mir/pkg/mir/usr/include/mirserver-internal/mir/frontend/pointer_input_dispatcher.h
-- Installing: /build/mir/pkg/mir/usr/include/mirserver-internal/mir/frontend/event_sink.h
-- Installing: /build/mir/pkg/mir/usr/include/mirserver-internal/mir/frontend/surface.h
-- Installing: /build/mir/pkg/mir/usr/include/mirserver-internal/mir/frontend/session_credentials.h
-- Installing: /build/mir/pkg/mir/usr/include/mirserver-internal/mir/frontend/wayland.h
-- Installing: /build/mir/pkg/mir/usr/include/mirserver-internal/mir/terminate_with_current_exception.h
-- Installing: /build/mir/pkg/mir/usr/include/mirserver-internal/mir/server_action_queue.h
-- Installing: /build/mir/pkg/mir/usr/include/mirserver-internal/mir/display_changer.h
-- Installing: /build/mir/pkg/mir/usr/include/mirserver-internal/mir/main_loop.h
-- Installing: /build/mir/pkg/mir/usr/include/mirserver-internal/mir/run_mir.h
-- Installing: /build/mir/pkg/mir/usr/include/mirserver-internal/mir/observer_multiplexer.h
-- Installing: /build/mir/pkg/mir/usr/include/mirserver-internal/mir/input
-- Installing: /build/mir/pkg/mir/usr/include/mirserver-internal/mir/input/cursor_observer.h
-- Installing: /build/mir/pkg/mir/usr/include/mirserver-internal/mir/input/seat_observer.h
-- Installing: /build/mir/pkg/mir/usr/include/mirserver-internal/mir/input/virtual_input_device.h
-- Installing: /build/mir/pkg/mir/usr/include/mirserver-internal/mir/input/input_device_observer.h
-- Installing: /build/mir/pkg/mir/usr/include/mirserver-internal/mir/input/input_dispatcher.h
-- Installing: /build/mir/pkg/mir/usr/include/mirserver-internal/mir/input/validator.h
-- Installing: /build/mir/pkg/mir/usr/include/mirserver-internal/mir/input/cursor_controller.h
-- Installing: /build/mir/pkg/mir/usr/include/mirserver-internal/mir/input/cursor_observer_multiplexer.h
-- Installing: /build/mir/pkg/mir/usr/include/mirserver-internal/mir/input/input_manager.h
-- Installing: /build/mir/pkg/mir/usr/include/mirserver-internal/mir/input/event_filter.h
-- Installing: /build/mir/pkg/mir/usr/include/mirserver-internal/mir/input/device.h
-- Installing: /build/mir/pkg/mir/usr/include/mirserver-internal/mir/input/surface.h
-- Installing: /build/mir/pkg/mir/usr/include/mirserver-internal/mir/input/input_device_hub.h
-- Installing: /build/mir/pkg/mir/usr/include/mirserver-internal/mir/input/vt_filter.h
-- Installing: /build/mir/pkg/mir/usr/include/mirserver-internal/mir/input/input_probe.h
-- Installing: /build/mir/pkg/mir/usr/include/mirserver-internal/mir/input/composite_event_filter.h
-- Installing: /build/mir/pkg/mir/usr/include/mirserver-internal/mir/input/cursor_images.h
-- Installing: /build/mir/pkg/mir/usr/include/mirserver-internal/mir/input/input_reception_mode.h
-- Installing: /build/mir/pkg/mir/usr/include/mirserver-internal/mir/input/keyboard_observer.h
-- Installing: /build/mir/pkg/mir/usr/include/mirserver-internal/mir/input/scene.h
-- Installing: /build/mir/pkg/mir/usr/include/mirserver-internal/mir/input/xkb_mapper_registrar.h
-- Installing: /build/mir/pkg/mir/usr/include/mirserver-internal/mir/input/seat.h
-- Installing: /build/mir/pkg/mir/usr/include/mirserver-internal/mir/input/touch_visualizer.h
-- Installing: /build/mir/pkg/mir/usr/include/mirserver-internal/mir/input/input_event_transformer.h
-- Installing: /build/mir/pkg/mir/usr/include/mirserver-internal/mir/lockable_callback_wrapper.h
-- Installing: /build/mir/pkg/mir/usr/include/mirserver-internal/mir/decoration_strategy.h
-- Installing: /build/mir/pkg/mir/usr/include/mirserver-internal/mir/server_status_listener.h
-- Installing: /build/mir/pkg/mir/usr/include/mirserver-internal/mir/scene
-- Installing: /build/mir/pkg/mir/usr/include/mirserver-internal/mir/scene/prompt_session.h
-- Installing: /build/mir/pkg/mir/usr/include/mirserver-internal/mir/scene/clipboard.h
-- Installing: /build/mir/pkg/mir/usr/include/mirserver-internal/mir/scene/prompt_session_manager.h
-- Installing: /build/mir/pkg/mir/usr/include/mirserver-internal/mir/scene/scene_change_notification.h
-- Installing: /build/mir/pkg/mir/usr/include/mirserver-internal/mir/scene/observer.h
-- Installing: /build/mir/pkg/mir/usr/include/mirserver-internal/mir/scene/session_container.h
-- Installing: /build/mir/pkg/mir/usr/include/mirserver-internal/mir/scene/text_input_hub.h
-- Installing: /build/mir/pkg/mir/usr/include/mirserver-internal/mir/scene/null_observer.h
-- Installing: /build/mir/pkg/mir/usr/include/mirserver-internal/mir/scene/prompt_session_creation_parameters.h
-- Installing: /build/mir/pkg/mir/usr/include/mirserver-internal/mir/scene/session.h
-- Installing: /build/mir/pkg/mir/usr/include/mirserver-internal/mir/scene/data_exchange.h
-- Installing: /build/mir/pkg/mir/usr/include/mirserver-internal/mir/scene/session_listener.h
-- Installing: /build/mir/pkg/mir/usr/include/mirserver-internal/mir/scene/output_properties_cache.h
-- Installing: /build/mir/pkg/mir/usr/include/mirserver-internal/mir/scene/surface.h
-- Installing: /build/mir/pkg/mir/usr/include/mirserver-internal/mir/scene/session_event_sink.h
-- Installing: /build/mir/pkg/mir/usr/include/mirserver-internal/mir/scene/idle_hub.h
-- Installing: /build/mir/pkg/mir/usr/include/mirserver-internal/mir/scene/session_lock.h
-- Installing: /build/mir/pkg/mir/usr/include/mirserver-internal/mir/scene/application_not_responding_detector.h
-- Installing: /build/mir/pkg/mir/usr/include/mirserver-internal/mir/scene/session_coordinator.h
-- Installing: /build/mir/pkg/mir/usr/include/mirserver-internal/mir/scene/null_prompt_session_listener.h
-- Installing: /build/mir/pkg/mir/usr/include/mirserver-internal/mir/scene/scene_report.h
-- Installing: /build/mir/pkg/mir/usr/include/mirserver-internal/mir/scene/null_session_listener.h
-- Installing: /build/mir/pkg/mir/usr/include/mirserver-internal/mir/scene/surface_state_tracker.h
-- Installing: /build/mir/pkg/mir/usr/include/mirserver-internal/mir/scene/surface_factory.h
-- Installing: /build/mir/pkg/mir/usr/include/mirserver-internal/mir/scene/prompt_session_listener.h
-- Installing: /build/mir/pkg/mir/usr/include/mirserver-internal/mir/scene/null_surface_observer.h
-- Installing: /build/mir/pkg/mir/usr/include/mirserver-internal/mir/scene/session_event_handler_register.h
-- Installing: /build/mir/pkg/mir/usr/include/mirserver-internal/mir/scene/surface_observer.h
-- Installing: /build/mir/pkg/mir/usr/include/mirserver-internal/mir/scene/basic_surface.h
-- Installing: /build/mir/pkg/mir/usr/include/mirserver-internal/mir/lockable_callback.h
-- Installing: /build/mir/pkg/mir/usr/include/mirserver-internal/mir/basic_callback.h
-- Installing: /build/mir/pkg/mir/usr/include/mirserver-internal/mir/graphics
-- Installing: /build/mir/pkg/mir/usr/include/mirserver-internal/mir/graphics/display_configuration_observer.h
-- Installing: /build/mir/pkg/mir/usr/include/mirserver-internal/mir/graphics/null_display_configuration_observer.h
-- Installing: /build/mir/pkg/mir/usr/include/mirserver-internal/mir/graphics/default_display_configuration_policy.h
-- Installing: /build/mir/pkg/mir/usr/include/mirserver-internal/mir/observer_registrar.h
-- Installing: /build/mir/pkg/mir/usr/include/mirserver-internal/mir/compositor
-- Installing: /build/mir/pkg/mir/usr/include/mirserver-internal/mir/compositor/compositor_report.h
-- Installing: /build/mir/pkg/mir/usr/include/mirserver-internal/mir/compositor/buffer_stream.h
-- Installing: /build/mir/pkg/mir/usr/include/mirserver-internal/mir/compositor/compositor.h
-- Installing: /build/mir/pkg/mir/usr/include/mirserver-internal/mir/compositor/display_listener.h
-- Installing: /build/mir/pkg/mir/usr/include/mirserver-internal/mir/compositor/screen_shooter.h
-- Installing: /build/mir/pkg/mir/usr/include/mirserver-internal/mir/compositor/display_buffer_compositor.h
-- Installing: /build/mir/pkg/mir/usr/include/mirserver-internal/mir/compositor/stream.h
-- Installing: /build/mir/pkg/mir/usr/include/mirserver-internal/mir/compositor/scene.h
-- Installing: /build/mir/pkg/mir/usr/include/mirserver-internal/mir/compositor/screen_shooter_factory.h
-- Installing: /build/mir/pkg/mir/usr/include/mirserver-internal/mir/compositor/scene_element.h
-- Installing: /build/mir/pkg/mir/usr/include/mirserver-internal/mir/compositor/display_buffer_compositor_factory.h
-- Installing: /build/mir/pkg/mir/usr/include/mirserver-internal/mir/compositor/compositor_id.h
-- Installing: /build/mir/pkg/mir/usr/include/mirserver-internal/mir/default_server_configuration.h
-- Installing: /build/mir/pkg/mir/usr/include/mirserver-internal/mir/default_server_status_listener.h
-- Installing: /build/mir/pkg/mir/usr/include/mirserver-internal/mir/server_configuration.h
-- Installing: /build/mir/pkg/mir/usr/lib/pkgconfig/mirserver.pc
-- Installing: /build/mir/pkg/mir/usr/lib/pkgconfig/mirserver-internal.pc
-- Installing: /build/mir/pkg/mir/usr/lib/libmiral.so.7
-- Set non-toolchain portion of runtime path of "/build/mir/pkg/mir/usr/lib/libmiral.so.7" to ""
-- Installing: /build/mir/pkg/mir/usr/lib/libmiral.so
-- Installing: /build/mir/pkg/mir/usr/include/miral
-- Installing: /build/mir/pkg/mir/usr/include/miral/miral
-- Installing: /build/mir/pkg/mir/usr/include/miral/miral/set_command_line_handler.h
-- Installing: /build/mir/pkg/mir/usr/include/miral/miral/display_configuration_option.h
-- Installing: /build/mir/pkg/mir/usr/include/miral/miral/window_management_options.h
-- Installing: /build/mir/pkg/mir/usr/include/miral/miral/display_configuration.h
-- Installing: /build/mir/pkg/mir/usr/include/miral/miral/toolkit_event.h
-- Installing: /build/mir/pkg/mir/usr/include/miral/miral/window_info.h
-- Installing: /build/mir/pkg/mir/usr/include/miral/miral/internal_client.h
-- Installing: /build/mir/pkg/mir/usr/include/miral/miral/configuration_option.h
-- Installing: /build/mir/pkg/mir/usr/include/miral/miral/cursor_scale.h
-- Installing: /build/mir/pkg/mir/usr/include/miral/miral/magnifier.h
-- Installing: /build/mir/pkg/mir/usr/include/miral/miral/append_keyboard_event_filter.h
-- Installing: /build/mir/pkg/mir/usr/include/miral/miral/window_management_policy.h
-- Installing: /build/mir/pkg/mir/usr/include/miral/miral/window.h
-- Installing: /build/mir/pkg/mir/usr/include/miral/miral/keymap.h
-- Installing: /build/mir/pkg/mir/usr/include/miral/miral/command_line_option.h
-- Installing: /build/mir/pkg/mir/usr/include/miral/miral/window_specification.h
-- Installing: /build/mir/pkg/mir/usr/include/miral/miral/minimal_window_manager.h
-- Installing: /build/mir/pkg/mir/usr/include/miral/miral/custom_renderer.h
-- Installing: /build/mir/pkg/mir/usr/include/miral/miral/simulated_secondary_click.h
-- Installing: /build/mir/pkg/mir/usr/include/miral/miral/window_manager_tools.h
-- Installing: /build/mir/pkg/mir/usr/include/miral/miral/sticky_keys.h
-- Installing: /build/mir/pkg/mir/usr/include/miral/miral/application_authorizer.h
-- Installing: /build/mir/pkg/mir/usr/include/miral/miral/wayland_tools.h
-- Installing: /build/mir/pkg/mir/usr/include/miral/miral/floating_window_manager.h
-- Installing: /build/mir/pkg/mir/usr/include/miral/miral/decorations.h
-- Installing: /build/mir/pkg/mir/usr/include/miral/miral/bounce_keys.h
-- Installing: /build/mir/pkg/mir/usr/include/miral/miral/set_window_management_policy.h
-- Installing: /build/mir/pkg/mir/usr/include/miral/miral/set_terminator.h
-- Installing: /build/mir/pkg/mir/usr/include/miral/miral/prepend_event_filter.h
-- Installing: /build/mir/pkg/mir/usr/include/miral/miral/application_switcher.h
-- Installing: /build/mir/pkg/mir/usr/include/miral/miral/idle_listener.h
-- Installing: /build/mir/pkg/mir/usr/include/miral/miral/slow_keys.h
-- Installing: /build/mir/pkg/mir/usr/include/miral/miral/session_lock_listener.h
-- Installing: /build/mir/pkg/mir/usr/include/miral/miral/wayland_extensions.h
-- Installing: /build/mir/pkg/mir/usr/include/miral/miral/external_client.h
-- Installing: /build/mir/pkg/mir/usr/include/miral/miral/locate_pointer.h
-- Installing: /build/mir/pkg/mir/usr/include/miral/miral/application_info.h
-- Installing: /build/mir/pkg/mir/usr/include/miral/miral/zone.h
-- Installing: /build/mir/pkg/mir/usr/include/miral/miral/cursor_theme.h
-- Installing: /build/mir/pkg/mir/usr/include/miral/miral/input_configuration.h
-- Installing: /build/mir/pkg/mir/usr/include/miral/miral/x11_support.h
-- Installing: /build/mir/pkg/mir/usr/include/miral/miral/live_config_ini_file.h
-- Installing: /build/mir/pkg/mir/usr/include/miral/miral/config_file.h
-- Installing: /build/mir/pkg/mir/usr/include/miral/miral/output.h
-- Installing: /build/mir/pkg/mir/usr/include/miral/miral/canonical_window_manager.h
-- Installing: /build/mir/pkg/mir/usr/include/miral/miral/lambda_as_function.h
-- Installing: /build/mir/pkg/mir/usr/include/miral/miral/live_config.h
-- Installing: /build/mir/pkg/mir/usr/include/miral/miral/mousekeys_config.h
-- Installing: /build/mir/pkg/mir/usr/include/miral/miral/application.h
-- Installing: /build/mir/pkg/mir/usr/include/miral/miral/hover_click.h
-- Installing: /build/mir/pkg/mir/usr/include/miral/miral/add_init_callback.h
-- Installing: /build/mir/pkg/mir/usr/include/miral/miral/output_filter.h
-- Installing: /build/mir/pkg/mir/usr/include/miral/miral/runner.h
-- Installing: /build/mir/pkg/mir/usr/include/miral/miral/append_event_filter.h
-- Installing: /build/mir/pkg/mir/usr/include/miral/miral/version.h
-- Installing: /build/mir/pkg/mir/usr/lib/pkgconfig/miral.pc
-- Installing: /build/mir/pkg/mir/usr/lib/libmiroil.so.8
-- Set non-toolchain portion of runtime path of "/build/mir/pkg/mir/usr/lib/libmiroil.so.8" to ""
-- Installing: /build/mir/pkg/mir/usr/lib/libmiroil.so
-- Installing: /build/mir/pkg/mir/usr/include/miroil
-- Installing: /build/mir/pkg/mir/usr/include/miroil/miroil
-- Installing: /build/mir/pkg/mir/usr/include/miroil/miroil/display_id.h
-- Installing: /build/mir/pkg/mir/usr/include/miroil/miroil/mir_prompt_session.h
-- Installing: /build/mir/pkg/mir/usr/include/miroil/miroil/prompt_session_manager.h
-- Installing: /build/mir/pkg/mir/usr/include/miroil/miroil/edid.h
-- Installing: /build/mir/pkg/mir/usr/include/miroil/miroil/input_device_observer.h
-- Installing: /build/mir/pkg/mir/usr/include/miroil/miroil/open_gl_context.h
-- Installing: /build/mir/pkg/mir/usr/include/miroil/miroil/persist_display_config.h
-- Installing: /build/mir/pkg/mir/usr/include/miroil/miroil/compositor.h
-- Installing: /build/mir/pkg/mir/usr/include/miroil/miroil/surface.h
-- Installing: /build/mir/pkg/mir/usr/include/miroil/miroil/mir_server_hooks.h
-- Installing: /build/mir/pkg/mir/usr/include/miroil/miroil/display_listener_wrapper.h
-- Installing: /build/mir/pkg/mir/usr/include/miroil/miroil/input_device.h
-- Installing: /build/mir/pkg/mir/usr/include/miroil/miroil/set_compositor.h
-- Installing: /build/mir/pkg/mir/usr/include/miroil/miroil/event_builder.h
-- Installing: /build/mir/pkg/mir/usr/include/miroil/miroil/display_configuration_policy.h
-- Installing: /build/mir/pkg/mir/usr/include/miroil/miroil/eventdispatch.h
-- Installing: /build/mir/pkg/mir/usr/include/miroil/miroil/prompt_session_listener.h
-- Installing: /build/mir/pkg/mir/usr/include/miroil/miroil/display_configuration_controller_wrapper.h
-- Installing: /build/mir/pkg/mir/usr/include/miroil/miroil/surface_observer.h
-- Installing: /build/mir/pkg/mir/usr/include/miroil/miroil/display_configuration_storage.h
-- Installing: /build/mir/pkg/mir/usr/lib/pkgconfig/miroil.pc
-- Installing: /build/mir/pkg/mir/usr/share/applications/miral-shell.desktop
-- Installing: /build/mir/pkg/mir/usr/share/icons/hicolor/scalable/apps/spiral-logo.svg
-- Installing: /build/mir/pkg/mir/usr/bin/miral-app
-- Installing: /build/mir/pkg/mir/usr/bin/miral-terminal
-- Installing: /build/mir/pkg/mir/usr/bin/miral-shell
-- Installing: /build/mir/pkg/mir/usr/bin/miral-kiosk
-- Installing: /build/mir/pkg/mir/usr/bin/miral-system-compositor
-- Installing: /build/mir/pkg/mir/usr/bin/mir_demo_server
-- Installing: /build/mir/pkg/mir/usr/bin/mir-x11-kiosk
-- Installing: /build/mir/pkg/mir/usr/bin/mir-x11-kiosk-launch
-- Installing: /build/mir/pkg/mir/usr/bin/mir_demo_client_wayland
-- Installing: /build/mir/pkg/mir/usr/bin/mir_demo_client_wayland_egl_spinner
-- Installing: /build/mir/pkg/mir/usr/bin/mir_demo_client_mir_shell
-- Installing: /build/mir/pkg/mir/usr/lib/mir/miral_wlcs_integration.so
-- Set non-toolchain portion of runtime path of "/build/mir/pkg/mir/usr/lib/mir/miral_wlcs_integration.so" to ""
-- Installing: /build/mir/pkg/mir/usr/share/mir/expected_wlcs_failures.list
-- Installing: /build/mir/pkg/mir/usr/bin/mir_performance_tests
-- Installing: /build/mir/pkg/mir/usr/bin/mir-smoke-test-runner
-- Installing: /build/mir/pkg/mir/usr/bin/mir-compositor-smoke-test
-- Installing: /build/mir/pkg/mir/usr/bin/mir_platform_graphics_test_harness
-- Installing: /build/mir/pkg/mir/usr/lib/mir/server-platform/graphics-dummy.so.23
-- Set non-toolchain portion of runtime path of "/build/mir/pkg/mir/usr/lib/mir/server-platform/graphics-dummy.so.23" to ""
-- Installing: /build/mir/pkg/mir/usr/lib/mir/server-platform/input-stub.so.10
-- Set non-toolchain portion of runtime path of "/build/mir/pkg/mir/usr/lib/mir/server-platform/input-stub.so.10" to ""
-- Installing: /build/mir/pkg/mir/usr/lib/libmir-test-assist.a
-- Installing: /build/mir/pkg/mir/usr/lib/libmir-test-assist-internal.a
-- Installing: /build/mir/pkg/mir/usr/include/mirtest/mir
-- Installing: /build/mir/pkg/mir/usr/include/mirtest/mir/test
-- Installing: /build/mir/pkg/mir/usr/include/mirtest/mir/test/display_config_matchers.h
-- Installing: /build/mir/pkg/mir/usr/include/mirtest/mir/test/spin_wait.h
-- Installing: /build/mir/pkg/mir/usr/include/mirtest/mir/test/cross_process_action.h
-- Installing: /build/mir/pkg/mir/usr/include/mirtest/mir/test/event_matchers.h
-- Installing: /build/mir/pkg/mir/usr/include/mirtest/mir/test/event_factory.h
-- Installing: /build/mir/pkg/mir/usr/include/mirtest/mir/test/death.h
-- Installing: /build/mir/pkg/mir/usr/include/mirtest/mir/test/signal_actions.h
-- Installing: /build/mir/pkg/mir/usr/include/mirtest/mir/test/auto_unblock_thread.h
-- Installing: /build/mir/pkg/mir/usr/include/mirtest/mir/test/cross_process_sync.h
-- Installing: /build/mir/pkg/mir/usr/include/mirtest/mir/test/signal.h
-- Installing: /build/mir/pkg/mir/usr/include/mirtest/mir/test/fake_shared.h
-- Installing: /build/mir/pkg/mir/usr/include/mirtest/mir/test/empty_deleter.h
-- Installing: /build/mir/pkg/mir/usr/include/mirtest/mir/test/geometry_matchers.h
-- Installing: /build/mir/pkg/mir/usr/include/mirtest/mir/test/doubles
-- Installing: /build/mir/pkg/mir/usr/include/mirtest/mir/test/doubles/mock_accessibility_manager.h
-- Installing: /build/mir/pkg/mir/usr/include/mirtest/mir/test/doubles/nested_mock_egl.h
-- Installing: /build/mir/pkg/mir/usr/include/mirtest/mir/test/doubles/stub_display_configuration.h
-- Installing: /build/mir/pkg/mir/usr/include/mirtest/mir/test/doubles/test_surface_observer.h
-- Installing: /build/mir/pkg/mir/usr/include/mirtest/mir/test/doubles/stub_cursor_image.h
-- Installing: /build/mir/pkg/mir/usr/include/mirtest/mir/test/doubles/mock_cursor.h
-- Installing: /build/mir/pkg/mir/usr/include/mirtest/mir/test/doubles/mock_hover_click_transformer.h
-- Installing: /build/mir/pkg/mir/usr/include/mirtest/mir/test/doubles/mock_gl.h
-- Installing: /build/mir/pkg/mir/usr/include/mirtest/mir/test/doubles/null_logger.h
-- Installing: /build/mir/pkg/mir/usr/include/mirtest/mir/test/doubles/stub_keymap.h
-- Installing: /build/mir/pkg/mir/usr/include/mirtest/mir/test/doubles/mock_slow_keys_transformer.h
-- Installing: /build/mir/pkg/mir/usr/include/mirtest/mir/test/doubles/mock_egl.h
-- Installing: /build/mir/pkg/mir/usr/include/mirtest/mir/test/doubles/fake_display.h
-- Installing: /build/mir/pkg/mir/usr/include/mirtest/mir/test/doubles/null_gl_context.h
-- Installing: /build/mir/pkg/mir/usr/include/mirtest/mir/test/doubles/stub_cursor.h
-- Installing: /build/mir/pkg/mir/usr/include/mirtest/mir/test/doubles/mock_mousekeys_transformer.h
-- Installing: /build/mir/pkg/mir/usr/include/mirtest/mir/test/popen.h
-- Installing: /build/mir/pkg/mir/usr/include/mirtest/mir/test/null_input_device_observer.h
-- Installing: /build/mir/pkg/mir/usr/include/mirtest/mir/test/pipe.h
-- Installing: /build/mir/pkg/mir/usr/include/mirtest/mir_test_framework
-- Installing: /build/mir/pkg/mir/usr/include/mirtest/mir_test_framework/executable_path.h
-- Installing: /build/mir/pkg/mir/usr/include/mirtest/mir_test_framework/server_runner.h
-- Installing: /build/mir/pkg/mir/usr/include/mirtest/mir_test_framework/temporary_environment_value.h
-- Installing: /build/mir/pkg/mir/usr/include/mirtest/mir_test_framework/window_management_test_harness.h
-- Installing: /build/mir/pkg/mir/usr/include/mirtest/mir_test_framework/headless_display_buffer_compositor_factory.h
-- Installing: /build/mir/pkg/mir/usr/include/mirtest/mir_test_framework/stub_server_platform_factory.h
-- Installing: /build/mir/pkg/mir/usr/include/mirtest/mir_test_framework/main.h
-- Installing: /build/mir/pkg/mir/usr/include/mirtest/mir_test_framework/async_server_runner.h
-- Installing: /build/mir/pkg/mir/usr/include/mirtest/mir_test_framework/headless_test.h
-- Installing: /build/mir/pkg/mir/usr/include/mirtest/mir_test_framework/process.h
-- Installing: /build/mir/pkg/mir/usr/include/mirtest/mir_test_framework/headless_in_process_server.h
-- Installing: /build/mir/pkg/mir/usr/include/mirtest/mir_test_framework/input_device_faker.h
-- Installing: /build/mir/pkg/mir/usr/include/mirtest/mir_test_framework/passthrough_tracker.h
-- Installing: /build/mir/pkg/mir/usr/include/mirtest/mir_test_framework/fake_input_device.h
-- Installing: /build/mir/pkg/mir/usr/include/mirtest/miral
-- Installing: /build/mir/pkg/mir/usr/include/mirtest/miral/test_server.h
-- Installing: /build/mir/pkg/mir/usr/include/mirtest/miral/accessibility_test_server.h
-- Installing: /build/mir/pkg/mir/usr/include/mirtest/miral/test_wlcs_display_server.h
-- Installing: /build/mir/pkg/mir/usr/include/mirtest/miral/test_display_server.h
-- Installing: /build/mir/pkg/mir/usr/include/mirtest-internal/mir
-- Installing: /build/mir/pkg/mir/usr/include/mirtest-internal/mir/test
-- Installing: /build/mir/pkg/mir/usr/include/mirtest-internal/mir/test/make_surface_spec.h
-- Installing: /build/mir/pkg/mir/usr/include/mirtest-internal/mir/test/input_devices_matcher.h
-- Installing: /build/mir/pkg/mir/usr/include/mirtest-internal/mir/test/fd_utils.h
-- Installing: /build/mir/pkg/mir/usr/include/mirtest-internal/mir/test/input_config_matchers.h
-- Installing: /build/mir/pkg/mir/usr/include/mirtest-internal/mir/test/current_thread_name.h
-- Installing: /build/mir/pkg/mir/usr/include/mirtest-internal/mir/test/barrier.h
-- Installing: /build/mir/pkg/mir/usr/include/mirtest-internal/mir/test/doubles
-- Installing: /build/mir/pkg/mir/usr/include/mirtest-internal/mir/test/doubles/mock_xkb.h
-- Installing: /build/mir/pkg/mir/usr/include/mirtest-internal/mir/test/doubles/mock_input_scene.h
-- Installing: /build/mir/pkg/mir/usr/include/mirtest-internal/mir/test/doubles/mock_console_services.h
-- Installing: /build/mir/pkg/mir/usr/include/mirtest-internal/mir/test/doubles/mock_compositor_report.h
-- Installing: /build/mir/pkg/mir/usr/include/mirtest-internal/mir/test/doubles/stub_alarm.h
-- Installing: /build/mir/pkg/mir/usr/include/mirtest-internal/mir/test/doubles/mock_input_surface.h
-- Installing: /build/mir/pkg/mir/usr/include/mirtest-internal/mir/test/doubles/mock_led_observer_registrar.h
-- Installing: /build/mir/pkg/mir/usr/include/mirtest-internal/mir/test/doubles/mock_event_sink.h
-- Installing: /build/mir/pkg/mir/usr/include/mirtest-internal/mir/test/doubles/stub_gl_config.h
-- Installing: /build/mir/pkg/mir/usr/include/mirtest-internal/mir/test/doubles/stub_display_sink.h
-- Installing: /build/mir/pkg/mir/usr/include/mirtest-internal/mir/test/doubles/mock_input_sink.h
-- Installing: /build/mir/pkg/mir/usr/include/mirtest-internal/mir/test/doubles/mock_prompt_session_listener.h
-- Installing: /build/mir/pkg/mir/usr/include/mirtest-internal/mir/test/doubles/stub_session.h
-- Installing: /build/mir/pkg/mir/usr/include/mirtest-internal/mir/test/doubles/stub_client_platform_factory.h
-- Installing: /build/mir/pkg/mir/usr/include/mirtest-internal/mir/test/doubles/mock_surface.h
-- Installing: /build/mir/pkg/mir/usr/include/mirtest-internal/mir/test/doubles/mock_lockable_callback.h
-- Installing: /build/mir/pkg/mir/usr/include/mirtest-internal/mir/test/doubles/stub_input_device_registry.h
-- Installing: /build/mir/pkg/mir/usr/include/mirtest-internal/mir/test/doubles/mock_idle_hub.h
-- Installing: /build/mir/pkg/mir/usr/include/mirtest-internal/mir/test/doubles/mock_key_mapper.h
-- Installing: /build/mir/pkg/mir/usr/include/mirtest-internal/mir/test/doubles/mock_device.h
-- Installing: /build/mir/pkg/mir/usr/include/mirtest-internal/mir/test/doubles/mock_server_status_listener.h
-- Installing: /build/mir/pkg/mir/usr/include/mirtest-internal/mir/test/doubles/mock_scene_session.h
-- Installing: /build/mir/pkg/mir/usr/include/mirtest-internal/mir/test/doubles/stub_input_scene.h
-- Installing: /build/mir/pkg/mir/usr/include/mirtest-internal/mir/test/doubles/mock_main_loop.h
-- Installing: /build/mir/pkg/mir/usr/include/mirtest-internal/mir/test/doubles/stub_main_loop.h
-- Installing: /build/mir/pkg/mir/usr/include/mirtest-internal/mir/test/doubles/stub_observer_registrar.h
-- Installing: /build/mir/pkg/mir/usr/include/mirtest-internal/mir/test/doubles/stub_session_lock.h
-- Installing: /build/mir/pkg/mir/usr/include/mirtest-internal/mir/test/doubles/null_client_event_sink.h
-- Installing: /build/mir/pkg/mir/usr/include/mirtest-internal/mir/test/doubles/mock_libinput.h
-- Installing: /build/mir/pkg/mir/usr/include/mirtest-internal/mir/test/doubles/stub_notifying_alarm.h
-- Installing: /build/mir/pkg/mir/usr/include/mirtest-internal/mir/test/doubles/mock_gl_config.h
-- Installing: /build/mir/pkg/mir/usr/include/mirtest-internal/mir/test/doubles/mock_input_device_hub.h
-- Installing: /build/mir/pkg/mir/usr/include/mirtest-internal/mir/test/doubles/stub_scene.h
-- Installing: /build/mir/pkg/mir/usr/include/mirtest-internal/mir/test/doubles/null_message_sender.h
-- Installing: /build/mir/pkg/mir/usr/include/mirtest-internal/mir/test/doubles/mock_display_sink.h
-- Installing: /build/mir/pkg/mir/usr/include/mirtest-internal/mir/test/doubles/mock_touch_visualizer.h
-- Installing: /build/mir/pkg/mir/usr/include/mirtest-internal/mir/test/doubles/stub_output_filter.h
-- Installing: /build/mir/pkg/mir/usr/include/mirtest-internal/mir/test/doubles/mock_input_manager.h
-- Installing: /build/mir/pkg/mir/usr/include/mirtest-internal/mir/test/doubles/stub_surface_factory.h
-- Installing: /build/mir/pkg/mir/usr/include/mirtest-internal/mir/test/doubles/mock_gbm.h
-- Installing: /build/mir/pkg/mir/usr/include/mirtest-internal/mir/test/doubles/null_display.h
-- Installing: /build/mir/pkg/mir/usr/include/mirtest-internal/mir/test/doubles/mock_event_filter.h
-- Installing: /build/mir/pkg/mir/usr/include/mirtest-internal/mir/test/doubles/null_prompt_session.h
-- Installing: /build/mir/pkg/mir/usr/include/mirtest-internal/mir/test/doubles/mock_compositor.h
-- Installing: /build/mir/pkg/mir/usr/include/mirtest-internal/mir/test/doubles/fake_display_configuration_observer_registrar.h
-- Installing: /build/mir/pkg/mir/usr/include/mirtest-internal/mir/test/doubles/mock_renderable.h
-- Installing: /build/mir/pkg/mir/usr/include/mirtest-internal/mir/test/doubles/null_session_event_sink.h
-- Installing: /build/mir/pkg/mir/usr/include/mirtest-internal/mir/test/doubles/mock_frontend_surface_stack.h
-- Installing: /build/mir/pkg/mir/usr/include/mirtest-internal/mir/test/doubles/stub_gl_rendering_provider.h
-- Installing: /build/mir/pkg/mir/usr/include/mirtest-internal/mir/test/doubles/null_display_configuration_policy.h
-- Installing: /build/mir/pkg/mir/usr/include/mirtest-internal/mir/test/doubles/explicit_executor.h
-- Installing: /build/mir/pkg/mir/usr/include/mirtest-internal/mir/test/doubles/queued_alarm_stub_main_loop.h
-- Installing: /build/mir/pkg/mir/usr/include/mirtest-internal/mir/test/doubles/advanceable_clock.h
-- Installing: /build/mir/pkg/mir/usr/include/mirtest-internal/mir/test/doubles/mock_event_handler_register.h
-- Installing: /build/mir/pkg/mir/usr/include/mirtest-internal/mir/test/doubles/stub_client_buffer_factory.h
-- Installing: /build/mir/pkg/mir/usr/include/mirtest-internal/mir/test/doubles/stub_gl_program.h
-- Installing: /build/mir/pkg/mir/usr/include/mirtest-internal/mir/test/doubles/mock_renderer.h
-- Installing: /build/mir/pkg/mir/usr/include/mirtest-internal/mir/test/doubles/mock_input_seat.h
-- Installing: /build/mir/pkg/mir/usr/include/mirtest-internal/mir/test/doubles/stub_display.h
-- Installing: /build/mir/pkg/mir/usr/include/mirtest-internal/mir/test/doubles/mock_output_surface.h
-- Installing: /build/mir/pkg/mir/usr/include/mirtest-internal/mir/test/doubles/mock_cursor_observer.h
-- Installing: /build/mir/pkg/mir/usr/include/mirtest-internal/mir/test/doubles/mock_window_manager.h
-- Installing: /build/mir/pkg/mir/usr/include/mirtest-internal/mir/test/doubles/mock_surface_stack.h
-- Installing: /build/mir/pkg/mir/usr/include/mirtest-internal/mir/test/doubles/mock_display.h
-- Installing: /build/mir/pkg/mir/usr/include/mirtest-internal/mir/test/doubles/null_prompt_session_manager.h
-- Installing: /build/mir/pkg/mir/usr/include/mirtest-internal/mir/test/doubles/fake_alarm_factory.h
-- Installing: /build/mir/pkg/mir/usr/include/mirtest-internal/mir/test/doubles/null_gl_config.h
-- Installing: /build/mir/pkg/mir/usr/include/mirtest-internal/mir/test/doubles/stub_shell.h
-- Installing: /build/mir/pkg/mir/usr/include/mirtest-internal/mir/test/doubles/stub_surface.h
-- Installing: /build/mir/pkg/mir/usr/include/mirtest-internal/mir/test/doubles/null_display_changer.h
-- Installing: /build/mir/pkg/mir/usr/include/mirtest-internal/mir/test/doubles/mock_udev_device.h
-- Installing: /build/mir/pkg/mir/usr/include/mirtest-internal/mir/test/doubles/mock_gl_buffer.h
-- Installing: /build/mir/pkg/mir/usr/include/mirtest-internal/mir/test/doubles/stub_buffer_stream.h
-- Installing: /build/mir/pkg/mir/usr/include/mirtest-internal/mir/test/doubles/stub_client_buffer.h
-- Installing: /build/mir/pkg/mir/usr/include/mirtest-internal/mir/test/doubles/mock_buffer_stream.h
-- Installing: /build/mir/pkg/mir/usr/include/mirtest-internal/mir/test/doubles/stub_scene_element.h
-- Installing: /build/mir/pkg/mir/usr/include/mirtest-internal/mir/test/doubles/mock_display_configuration.h
-- Installing: /build/mir/pkg/mir/usr/include/mirtest-internal/mir/test/doubles/stub_buffer_allocator.h
-- Installing: /build/mir/pkg/mir/usr/include/mirtest-internal/mir/test/doubles/null_emergency_cleanup.h
-- Installing: /build/mir/pkg/mir/usr/include/mirtest-internal/mir/test/doubles/null_event_sink.h
-- Installing: /build/mir/pkg/mir/usr/include/mirtest-internal/mir/test/doubles/mock_configuration.h
-- Installing: /build/mir/pkg/mir/usr/include/mirtest-internal/mir/test/doubles/stub_cursor_observer.h
-- Installing: /build/mir/pkg/mir/usr/include/mirtest-internal/mir/test/doubles/stub_renderable.h
-- Installing: /build/mir/pkg/mir/usr/include/mirtest-internal/mir/test/doubles/stub_renderer.h
-- Installing: /build/mir/pkg/mir/usr/include/mirtest-internal/mir/test/doubles/mock_input_device_observer.h
-- Installing: /build/mir/pkg/mir/usr/include/mirtest-internal/mir/test/doubles/null_device_observer.h
-- Installing: /build/mir/pkg/mir/usr/include/mirtest-internal/mir/test/doubles/mock_drm.h
-- Installing: /build/mir/pkg/mir/usr/include/mirtest-internal/mir/test/doubles/null_display_configuration.h
-- Installing: /build/mir/pkg/mir/usr/include/mirtest-internal/mir/test/doubles/stub_input_targeter.h
-- Installing: /build/mir/pkg/mir/usr/include/mirtest-internal/mir/test/doubles/fd_matcher.h
-- Installing: /build/mir/pkg/mir/usr/include/mirtest-internal/mir/test/doubles/null_display_sink.h
-- Installing: /build/mir/pkg/mir/usr/include/mirtest-internal/mir/test/doubles/stub_input_surface.h
-- Installing: /build/mir/pkg/mir/usr/include/mirtest-internal/mir/test/doubles/mock_scene.h
-- Installing: /build/mir/pkg/mir/usr/include/mirtest-internal/mir/test/doubles/mock_gl_display_buffer.h
-- Installing: /build/mir/pkg/mir/usr/include/mirtest-internal/mir/test/doubles/mock_seat_report.h
-- Installing: /build/mir/pkg/mir/usr/include/mirtest-internal/mir/test/doubles/mock_session_listener.h
-- Installing: /build/mir/pkg/mir/usr/include/mirtest-internal/mir/test/doubles/simple_device_observer.h
-- Installing: /build/mir/pkg/mir/usr/include/mirtest-internal/mir/test/doubles/null_screencast.h
-- Installing: /build/mir/pkg/mir/usr/include/mirtest-internal/mir/test/doubles/mock_display_report.h
-- Installing: /build/mir/pkg/mir/usr/include/mirtest-internal/mir/test/doubles/mock_display_configuration_observer.h
-- Installing: /build/mir/pkg/mir/usr/include/mirtest-internal/mir/test/doubles/mock_input_device_registry.h
-- Installing: /build/mir/pkg/mir/usr/include/mirtest-internal/mir/test/doubles/mock_renderer_factory.h
-- Installing: /build/mir/pkg/mir/usr/include/mirtest-internal/mir/test/doubles/fake_renderable.h
-- Installing: /build/mir/pkg/mir/usr/include/mirtest-internal/mir/test/doubles/triggered_main_loop.h
-- Installing: /build/mir/pkg/mir/usr/include/mirtest-internal/mir/test/doubles/mock_x11.h
-- Installing: /build/mir/pkg/mir/usr/include/mirtest-internal/mir/test/doubles/stub_buffer.h
-- Installing: /build/mir/pkg/mir/usr/include/mirtest-internal/mir/test/doubles/null_display_buffer_compositor_factory.h
-- Installing: /build/mir/pkg/mir/usr/include/mirtest-internal/mir/test/doubles/mock_udev.h
-- Installing: /build/mir/pkg/mir/usr/include/mirtest-internal/mir/test/doubles/mock_option.h
-- Installing: /build/mir/pkg/mir/usr/include/mirtest-internal/mir/test/doubles/null_platform.h
-- Installing: /build/mir/pkg/mir/usr/include/mirtest-internal/mir/test/doubles/stub_console_services.h
-- Installing: /build/mir/pkg/mir/usr/include/mirtest-internal/mir/test/doubles/mock_input_platform.h
-- Installing: /build/mir/pkg/mir/usr/include/mirtest-internal/mir/test/doubles/mock_buffer.h
-- Installing: /build/mir/pkg/mir/usr/include/mirtest-internal/mir/test/doubles/mock_input_dispatcher.h
-- Installing: /build/mir/pkg/mir/usr/include/mirtest-internal/mir/test/doubles/null_console_services.h
-- Installing: /build/mir/pkg/mir/usr/include/mirtest-internal/mir/test/doubles/stub_touch_visualizer.h
-- Installing: /build/mir/pkg/mir/usr/include/mirtest-internal/mir/test/doubles/mock_gl_rendering_provider.h
-- Installing: /build/mir/pkg/mir/usr/include/mirtest-internal/mir/test/doubles/null_display_sync_group.h
-- Installing: /build/mir/pkg/mir/usr/include/mirtest-internal/mir/test/doubles/stub_session_authorizer.h
-- Installing: /build/mir/pkg/mir/usr/include/mirtest-internal/mir/test/doubles/mock_input_device.h
-- Installing: /build/mir/pkg/mir/usr/include/mirtest-internal/mir/test/doubles/mock_x11_resources.h
-- Installing: /build/mir/pkg/mir/usr/include/mirtest-internal/mir/test/test_dispatchable.h
-- Installing: /build/mir/pkg/mir/usr/include/mirtest-internal/mir_test_framework
-- Installing: /build/mir/pkg/mir/usr/include/mirtest-internal/mir_test_framework/stubbed_server_configuration.h
-- Installing: /build/mir/pkg/mir/usr/include/mirtest-internal/mir_test_framework/testing_server_configuration.h
-- Installing: /build/mir/pkg/mir/usr/include/mirtest-internal/mir_test_framework/deferred_in_process_server.h
-- Installing: /build/mir/pkg/mir/usr/include/mirtest-internal/mir_test_framework/input_testing_server_configuration.h
-- Installing: /build/mir/pkg/mir/usr/include/mirtest-internal/mir_test_framework/stub_input_platform.h
-- Installing: /build/mir/pkg/mir/usr/include/mirtest-internal/mir_test_framework/open_wrapper.h
-- Installing: /build/mir/pkg/mir/usr/include/mirtest-internal/mir_test_framework/libinput_environment.h
-- Installing: /build/mir/pkg/mir/usr/include/mirtest-internal/mir_test_framework/interposer_helper.h
-- Installing: /build/mir/pkg/mir/usr/include/mirtest-internal/mir_test_framework/command_line_server_configuration.h
-- Installing: /build/mir/pkg/mir/usr/include/mirtest-internal/mir_test_framework/udev_environment.h
-- Installing: /build/mir/pkg/mir/usr/include/mirtest-internal/mir_test_framework/fake_input_server_configuration.h
-- Installing: /build/mir/pkg/mir/usr/include/mirtest-internal/mir_test_framework/stub_input_platform_accessor.h
-- Installing: /build/mir/pkg/mir/usr/include/mirtest-internal/mir_test_framework/mmap_wrapper.h
-- Installing: /build/mir/pkg/mir/usr/lib/pkgconfig/mirtest.pc
-- Installing: /build/mir/pkg/mir/usr/lib/pkgconfig/mirtest-internal.pc
