-- The C compiler identification is GNU 15.2.1
-- The CXX compiler identification is GNU 15.2.1
-- Detecting C compiler ABI info
-- Detecting C compiler ABI info - done
-- Check for working C compiler: /usr/bin/cc - skipped
-- Detecting C compile features
-- Detecting C compile features - done
-- Detecting CXX compiler ABI info
-- Detecting CXX compiler ABI info - done
-- Check for working CXX compiler: /usr/bin/c++ - skipped
-- Detecting CXX compile features
-- Detecting CXX compile features - done
-- Could NOT find Lcov (missing: LCOV_EXECUTABLE GENHTML_EXECUTABLE) 
-- Could NOT find gcovr (missing: GCOVR_EXECUTABLE) 
-- Performing Test HAS_W_MISMATCHED_TAGS
-- Performing Test HAS_W_MISMATCHED_TAGS - Success
-- Performing Test HAS_W_PSABI
-- Performing Test HAS_W_PSABI - Success
-- Found PkgConfig: /usr/bin/pkg-config (found version "2.5.1")
-- Found Boost: /usr/lib/cmake/Boost-1.89.0/BoostConfig.cmake (found suitable version "1.89.0", minimum required is "1.48.0") found components: program_options filesystem iostreams
-- Checking for module 'wayland-eglstream'
--   Found wayland-eglstream, version 1.1.20
-- Checking for module 'libapparmor'
--   Package 'libapparmor' not found
-- Checking for module 'glm'
--   Package 'glm' not found
-- Checking for module 'libdrm'
--   Found libdrm, version 2.4.129
-- Checking for module 'egl'
--   Found egl, version 1.5
-- Checking for module 'epoxy'
--   Found epoxy, version 1.5.10
-- Checking for modules 'gio-2.0;gio-unix-2.0'
--   Found gio-2.0, version 2.86.1
--   Found gio-unix-2.0, version 2.86.1
-- Checking for module 'glesv2'
--   Found glesv2, version 3.2
-- Checking for module 'glib-2.0'
--   Found glib-2.0, version 2.86.1
-- Checking for module 'libinput>=1.1'
--   Found libinput, version 1.29.2
-- Checking for module 'lttng-ust>=2.9'
--   Found lttng-ust, version 2.14.0
-- Checking for module 'libudev'
--   Found libudev, version 258
-- Checking for module 'uuid'
--   Found uuid, version 2.41.2
-- Checking for module 'wayland-client'
--   Found wayland-client, version 1.24.0
-- Checking for module 'wayland-server'
--   Found wayland-server, version 1.24.0
-- Checking for module 'xcursor'
--   Found xcursor, version 1.2.3
-- Checking for module 'xcb'
--   Found xcb, version 1.17.0
-- Checking for module 'xcb-composite'
--   Found xcb-composite, version 1.17.0
-- Checking for module 'xcb-randr'
--   Found xcb-randr, version 1.17.0
-- Checking for module 'xcb-render'
--   Found xcb-render, version 1.17.0
-- Checking for module 'xcb-res'
--   Found xcb-res, version 1.17.0
-- Checking for module 'xcb-xfixes'
--   Found xcb-xfixes, version 1.17.0
-- Looking for sys/sdt.h
-- Looking for sys/sdt.h - found
-- Checking for module 'gbm>=11.0.0'
--   Found gbm, version 25.2.7-arch1.1
-- Checking for module 'wayland-egl'
--   Found wayland-egl, version 18.1.0
-- Checking for module 'xkbcommon'
--   Found xkbcommon, version 1.13.0
-- Checking for module 'xkbcommon'
--   Found xkbcommon, version 1.13.0
-- Looking for dlvsym
-- Looking for dlvsym - found
-- Looking for dlsym
-- Looking for dlsym - found
-- Checking for module 'libdisplay-info'
--   Package 'libdisplay-info' not found
CMake Error at /usr/share/cmake/Modules/FindPkgConfig.cmake:639 (message):
  The following required packages were not found:

   - libdisplay-info

Call Stack (most recent call first):
  /usr/share/cmake/Modules/FindPkgConfig.cmake:867 (_pkg_check_modules_internal)
  src/platform/CMakeLists.txt:1 (pkg_check_modules)


-- Configuring incomplete, errors occurred!
[1m[31m==> ERROR:(B[m[1m A failure occurred in build().(B[m
[1m    Aborting...(B[m
