-- The C compiler identification is GNU 15.2.1
-- The CXX compiler identification is GNU 15.2.1
-- Detecting C compiler ABI info
-- Detecting C compiler ABI info - done
-- Check for working C compiler: /usr/bin/cc - skipped
-- Detecting C compile features
-- Detecting C compile features - done
-- Detecting CXX compiler ABI info
-- Detecting CXX compiler ABI info - done
-- Check for working CXX compiler: /usr/bin/c++ - skipped
-- Detecting CXX compile features
-- Detecting CXX compile features - done
-- Could NOT find Lcov (missing: LCOV_EXECUTABLE GENHTML_EXECUTABLE) 
-- Could NOT find gcovr (missing: GCOVR_EXECUTABLE) 
-- Found Doxygen: /usr/bin/doxygen (found suitable version "1.15.0", minimum required is "1.8.0") found components: doxygen dot
-- Performing Test HAS_W_MISMATCHED_TAGS
-- Performing Test HAS_W_MISMATCHED_TAGS - Success
-- Performing Test HAS_W_PSABI
-- Performing Test HAS_W_PSABI - Success
-- Found PkgConfig: /usr/bin/pkg-config (found version "2.5.1")
CMake Error at /usr/lib/cmake/Boost-1.89.0/BoostConfig.cmake:141 (find_package):
  Could not find a package configuration file provided by "boost_system"
  (requested version 1.89.0) with any of the following names:

    boost_systemConfig.cmake
    boost_system-config.cmake

  Add the installation prefix of "boost_system" to CMAKE_PREFIX_PATH or set
  "boost_system_DIR" to a directory containing one of the above files.  If
  "boost_system" provides a separate development package or SDK, be sure it
  has been installed.
Call Stack (most recent call first):
  /usr/lib/cmake/Boost-1.89.0/BoostConfig.cmake:262 (boost_find_component)
  /usr/share/cmake/Modules/FindBoost.cmake:609 (find_package)
  CMakeLists.txt:154 (find_package)


-- Configuring incomplete, errors occurred!
[1m[31m==> ERROR:(B[m[1m A failure occurred in build().(B[m
[1m    Aborting...(B[m
