miracle-wm-git W: File (usr/libexec/) exists in a non-standard directory.
miracle-wm-git W: File (usr/libexec/miracle-wm-session-setup) exists in a non-standard directory.
miracle-wm-git W: File (usr/libexec/miracle-wm-wait-sni-ready) exists in a non-standard directory.
miracle-wm-git W: Referenced python module 'tenacity.retry' is an uninstalled dependency (needed in files ['usr/libexec/miracle-wm-wait-sni-ready'])
miracle-wm-git W: Referenced python module 'tenacity.stop_after_delay' is an uninstalled dependency (needed in files ['usr/libexec/miracle-wm-wait-sni-ready'])
miracle-wm-git W: Referenced python module 'tenacity.wait_fixed' is an uninstalled dependency (needed in files ['usr/libexec/miracle-wm-wait-sni-ready'])
miracle-wm-git W: Referenced python module 'dbus_next.aio.MessageBus' is an uninstalled dependency (needed in files ['usr/libexec/miracle-wm-wait-sni-ready'])
miracle-wm-git E: Dependency wasmedge detected and not included (libraries ['usr/lib/libwasmedge.so.0'] needed in files ['usr/bin/miracle-wm'])
miracle-wm-git W: Dependency glib2 detected and implicitly satisfied (pkg-config files ['usr/lib/pkgconfig/glib-2.0.pc'] needed in files ['usr/lib/pkgconfig/miracle-wm-c.pc'], libraries ['usr/lib/libglib-2.0.so.0'] needed in files ['usr/lib/libmiracle-wm-c.so.0.9.1'])
miracle-wm-git W: Dependency glibc detected and implicitly satisfied (libraries ['usr/lib/libm.so.6', 'usr/lib/libc.so.6', 'usr/lib/ld-linux-x86-64.so.2'] needed in files ['usr/bin/miracle-wm', 'usr/lib/libmiracle-wm-c.so.0.9.1', 'usr/bin/miraclemsg'])
miracle-wm-git W: Dependency json-c detected and implicitly satisfied (libraries ['usr/lib/libjson-c.so.5'] needed in files ['usr/bin/miraclemsg'])
miracle-wm-git W: Dependency python detected and implicitly satisfied (python modules ['logging', 'os', 'asyncio'] needed in files ['usr/libexec/miracle-wm-wait-sni-ready'], programs ['python3'] needed in scripts ['usr/libexec/miracle-wm-wait-sni-ready'])
miracle-wm-git W: Dependency bash detected and implicitly satisfied (programs ['sh'] needed in scripts ['usr/bin/miracle-wm-session', 'usr/bin/miracle-wm-sensible-terminal', 'usr/libexec/miracle-wm-session-setup'])
miracle-wm-git W: Dependency libstdc++ detected and implicitly satisfied (libraries ['usr/lib/libstdc++.so.6'] needed in files ['usr/bin/miracle-wm', 'usr/lib/libmiracle-wm-c.so.0.9.1', 'usr/bin/miraclemsg'])
miracle-wm-git W: Dependency yaml-cpp detected and implicitly satisfied (pkg-config files ['usr/lib/pkgconfig/yaml-cpp.pc'] needed in files ['usr/lib/pkgconfig/miracle-wm-c.pc'], libraries ['usr/lib/libyaml-cpp.so.0.9'] needed in files ['usr/bin/miracle-wm', 'usr/lib/libmiracle-wm-c.so.0.9.1'])
miracle-wm-git W: Dependency wayland detected and implicitly satisfied (libraries ['usr/lib/libwayland-client.so.0', 'usr/lib/libwayland-server.so.0'] needed in files ['usr/bin/miracle-wm'])
miracle-wm-git W: Dependency pcre2 detected and implicitly satisfied (libraries ['usr/lib/libpcre2-8.so.0'] needed in files ['usr/bin/miracle-wm'])
miracle-wm-git W: Dependency libgcc detected and implicitly satisfied (libraries ['usr/lib/libgcc_s.so.1'] needed in files ['usr/bin/miracle-wm', 'usr/lib/libmiracle-wm-c.so.0.9.1'])
miracle-wm-git W: Dependency libxkbcommon detected and implicitly satisfied (pkg-config files ['usr/lib/pkgconfig/xkbcommon.pc'] needed in files ['usr/lib/pkgconfig/miracle-wm-c.pc'], libraries ['usr/lib/libxkbcommon.so.0'] needed in files ['usr/bin/miracle-wm', 'usr/lib/libmiracle-wm-c.so.0.9.1'])
miracle-wm-git W: Dependency libglvnd detected and implicitly satisfied (libraries ['usr/lib/libGLESv2.so.2', 'usr/lib/libEGL.so.1'] needed in files ['usr/bin/miracle-wm'])
miracle-wm-git W: Dependency included, but may not be needed ('libnotify')
