-- The C compiler identification is GNU 15.2.1
-- The CXX compiler identification is GNU 15.2.1
-- Detecting C compiler ABI info
-- Detecting C compiler ABI info - done
-- Check for working C compiler: /usr/bin/cc - skipped
-- Detecting C compile features
-- Detecting C compile features - done
-- Detecting CXX compiler ABI info
-- Detecting CXX compiler ABI info - done
-- Check for working CXX compiler: /usr/bin/c++ - skipped
-- Detecting CXX compile features
-- Detecting CXX compile features - done
-- Skipping most warnings for non-Debug build
-- Found PkgConfig: /usr/bin/pkg-config (found version "2.5.1")
-- Checking for module 'miral>=5.1'
--   Found miral, version 5.6.0
-- Checking for module 'mirrenderer>=2.18'
--   Package 'mirrenderer' not found
-- Checking for module 'mirplatform>=2.18'
--   Found mirplatform, version 2.25.1
-- Checking for module 'mircommon>=2.18'
--   Found mircommon, version 2.25.1
-- Checking for module 'mirserver>=2.18'
--   Found mirserver, version 2.25.1
-- Checking for module 'mirserver-internal>=2.18'
--   Found mirserver-internal, version 2.25.1
-- Checking for module 'mirwayland>=2.18'
--   Found mirwayland, version 2.25.1
-- Checking for module 'glib-2.0'
--   Found glib-2.0, version 2.86.4
-- Checking for module 'yaml-cpp'
--   Found yaml-cpp, version 0.8.0
-- Checking for module 'libevdev'
--   Found libevdev, version 1.13.6
-- Found nlohmann_json: /usr/share/cmake/nlohmann_json/nlohmann_jsonConfig.cmake (found suitable version "3.12.0", minimum required is "3.2.0")
-- Checking for module 'egl'
--   Found egl, version 1.5
-- Checking for module 'glesv2'
--   Found glesv2, version 3.2
-- Checking for module 'xkbcommon'
--   Found xkbcommon, version 1.13.1
-- Checking for module 'miral'
--   Found miral, version 5.6.0
-- Checking for module 'mirserver'
--   Found mirserver, version 2.25.1
-- Checking for module 'mirtest'
--   Found mirtest, version 2.25.1
-- Found GTest: /usr/lib/cmake/GTest/GTestConfig.cmake (found version "1.17.0")
-- Checking for module 'mircore'
--   Found mircore, version 2.25.1
-- Checking for module 'wayland-client'
--   Found wayland-client, version 1.24.0
-- Checking for module 'json-c'
--   Found json-c, version 0.18
-- Configuring done (1.6s)
CMake Error: The following variables are used in this project, but they are set to NOTFOUND.
Please set them or make sure they are set and tested correctly in the CMake files:
/build/miracle-wm-git/src/miracle-wm/WASMEDGE_INCLUDE_DIR
   used as include directory in directory /build/miracle-wm-git/src/miracle-wm
WASMEDGE_LIB
    linked by target "miracle-wm-implementation" in directory /build/miracle-wm-git/src/miracle-wm

-- Generating done (0.0s)
CMake Generate step failed.  Build files cannot be regenerated correctly.
[1m[31m==> ERROR:(B[m[1m A failure occurred in build().(B[m
[1m    Aborting...(B[m
