-- The C compiler identification is GNU 15.2.1
-- The CXX compiler identification is GNU 15.2.1
-- Detecting C compiler ABI info
-- Detecting C compiler ABI info - done
-- Check for working C compiler: /usr/bin/cc - skipped
-- Detecting C compile features
-- Detecting C compile features - done
-- Detecting CXX compiler ABI info
-- Detecting CXX compiler ABI info - done
-- Check for working CXX compiler: /usr/bin/c++ - skipped
-- Detecting CXX compile features
-- Detecting CXX compile features - done
-- Skipping most warnings for non-Debug build
-- Found PkgConfig: /usr/bin/pkg-config (found version "2.5.1")
-- Checking for module 'miral>=5.1'
--   Found miral, version 5.6.0
-- Checking for module 'mirrenderer>=2.18'
--   Found mirrenderer, version 2.23.0
-- Checking for module 'mirplatform>=2.18'
--   Found mirplatform, version 2.23.0
-- Checking for module 'mircommon>=2.18'
--   Found mircommon, version 2.23.0
-- Checking for module 'mircommon-internal>=2.18'
--   Found mircommon-internal, version 2.23.0
-- Checking for module 'mirserver>=2.18'
--   Found mirserver, version 2.23.0
-- Checking for module 'mirserver-internal>=2.18'
--   Found mirserver-internal, version 2.23.0
-- Checking for module 'mirwayland>=2.18'
--   Found mirwayland, version 2.23.0
-- Checking for module 'glib-2.0'
--   Found glib-2.0, version 2.86.2
-- Checking for module 'yaml-cpp'
--   Found yaml-cpp, version 0.8.0
-- Checking for module 'libevdev'
--   Found libevdev, version 1.13.6
-- Found nlohmann_json: /usr/share/cmake/nlohmann_json/nlohmann_jsonConfig.cmake (found suitable version "3.12.0", minimum required is "3.2.0")
-- Checking for module 'egl'
--   Found egl, version 1.5
-- Checking for module 'glesv2'
--   Found glesv2, version 3.2
-- Checking for module 'xkbcommon'
--   Found xkbcommon, version 1.13.0
-- Checking for module 'miral'
--   Found miral, version 5.6.0
-- Checking for module 'mirserver'
--   Found mirserver, version 2.23.0
-- Checking for module 'mirtest'
--   Found mirtest, version 2.23.0
-- Found GTest: /usr/lib/cmake/GTest/GTestConfig.cmake (found version "1.17.0")
-- Checking for module 'mircore'
--   Found mircore, version 2.23.0
-- Checking for module 'json-c'
--   Found json-c, version 0.18
-- Configuring done (1.6s)
-- Generating done (0.0s)
-- Build files have been written to: /build/miracle-wm-git/src/build
[  3%] Building CXX object miracle-wm-config/CMakeFiles/miracle-wm-config.dir/src/config-c.cpp.o
[  3%] Building CXX object miracle-wm-config/CMakeFiles/miracle-wm-config.dir/src/config-cpp.cpp.o
[  3%] Building CXX object miraclemsg/CMakeFiles/miracle-ipc.dir/ipc_client.cpp.o
[  4%] Linking CXX static library libmiracle-ipc.a
[  4%] Built target miracle-ipc
[  6%] Building CXX object miraclemsg/CMakeFiles/miraclemsg.dir/main.cpp.o
[  7%] Linking CXX executable miraclemsg
[  7%] Built target miraclemsg
[  8%] Linking CXX shared library libmiracle-wm-config.so
[  8%] Built target miracle-wm-config
[  9%] Building CXX object CMakeFiles/miracle-wm-implementation.dir/cmake_pch.hxx.gch
[ 12%] Building CXX object miracle-wm-config/CMakeFiles/test_miracle_wm_config_c_api.dir/tests/test_config_cpp.cpp.o
[ 12%] Building CXX object miracle-wm-config/CMakeFiles/test_miracle_wm_config_c_api.dir/tests/test_config_c.cpp.o
[ 13%] Linking CXX executable test_miracle_wm_config_c_api
[ 14%] Building CXX object CMakeFiles/miracle-wm-implementation.dir/src/ipc_message_handler.cpp.o
[ 15%] Building CXX object CMakeFiles/miracle-wm-implementation.dir/src/window_helpers.cpp.o
[ 17%] Building CXX object CMakeFiles/miracle-wm-implementation.dir/src/workspace.cpp.o
[ 18%] Building CXX object CMakeFiles/miracle-wm-implementation.dir/src/policy.cpp.o
[ 20%] Building CXX object CMakeFiles/miracle-wm-implementation.dir/src/container.cpp.o
[ 20%] Building CXX object CMakeFiles/miracle-wm-implementation.dir/src/config.cpp.o
[ 21%] Building CXX object CMakeFiles/miracle-wm-implementation.dir/src/ipc_connection_manager.cpp.o
[ 23%] Building CXX object CMakeFiles/miracle-wm-implementation.dir/src/workspace_observer.cpp.o
[ 24%] Building CXX object CMakeFiles/miracle-wm-implementation.dir/src/workspace_manager.cpp.o
[ 25%] Building CXX object CMakeFiles/miracle-wm-implementation.dir/src/parent_container.cpp.o
[ 28%] Building CXX object CMakeFiles/miracle-wm-implementation.dir/src/window_manager_tools_window_controller.cpp.o
[ 28%] Building CXX object CMakeFiles/miracle-wm-implementation.dir/src/output.cpp.o
[ 29%] Building CXX object CMakeFiles/miracle-wm-implementation.dir/src/renderer.cpp.o
[ 30%] Building CXX object CMakeFiles/miracle-wm-implementation.dir/src/leaf_container.cpp.o
[ 31%] Building CXX object CMakeFiles/miracle-wm-implementation.dir/src/auto_restarting_launcher.cpp.o
[ 32%] Building CXX object CMakeFiles/miracle-wm-implementation.dir/src/tessellation_helpers.cpp.o
[ 34%] Building CXX object CMakeFiles/miracle-wm-implementation.dir/src/ipc_command.cpp.o
[ 35%] Building CXX object CMakeFiles/miracle-wm-implementation.dir/src/ipc_command_executor.cpp.o
[ 36%] Building CXX object CMakeFiles/miracle-wm-implementation.dir/src/render_data_manager.cpp.o
[ 37%] Building CXX object CMakeFiles/miracle-wm-implementation.dir/src/animator.cpp.o
[ 39%] Building CXX object CMakeFiles/miracle-wm-implementation.dir/src/animation.cpp.o
[ 40%] Building CXX object CMakeFiles/miracle-wm-implementation.dir/src/program_factory.cpp.o
[ 41%] Building CXX object CMakeFiles/miracle-wm-implementation.dir/src/mode_observer.cpp.o
[ 42%] Building CXX object CMakeFiles/miracle-wm-implementation.dir/src/shell_component_container.cpp.o
[ 42%] Built target test_miracle_wm_config_c_api
[ 43%] Building CXX object CMakeFiles/miracle-wm-implementation.dir/src/container_group_container.cpp.o
[ 45%] Building CXX object CMakeFiles/miracle-wm-implementation.dir/src/layout_scheme.cpp.o
[ 46%] Building CXX object CMakeFiles/miracle-wm-implementation.dir/src/scratchpad.cpp.o
[ 47%] Building CXX object CMakeFiles/miracle-wm-implementation.dir/src/compositor_state.cpp.o
[ 48%] Building CXX object CMakeFiles/miracle-wm-implementation.dir/src/command_controller.cpp.o
[ 50%] Building CXX object CMakeFiles/miracle-wm-implementation.dir/src/animator_loop.cpp.o
[ 51%] Building CXX object CMakeFiles/miracle-wm-implementation.dir/src/drag_and_drop_service.cpp.o
[ 52%] Building CXX object CMakeFiles/miracle-wm-implementation.dir/src/output_manager.cpp.o
[ 53%] Building CXX object CMakeFiles/miracle-wm-implementation.dir/src/output_factory.cpp.o
[ 54%] Building CXX object CMakeFiles/miracle-wm-implementation.dir/src/move_service.cpp.o
[ 56%] Building CXX object CMakeFiles/miracle-wm-implementation.dir/src/resize_service.cpp.o
[ 57%] Building CXX object CMakeFiles/miracle-wm-implementation.dir/src/forwarding_surface.cpp.o
[ 58%] Building CXX object CMakeFiles/miracle-wm-implementation.dir/src/dying_surface_manager.cpp.o
[ 59%] Building CXX object CMakeFiles/miracle-wm-implementation.dir/src/shader_2d.cpp.o
[ 60%] Building CXX object CMakeFiles/miracle-wm-implementation.dir/src/wlr-output-management-unstable-v1_wrapper.cpp.o
[ 62%] Building CXX object CMakeFiles/miracle-wm-implementation.dir/src/wlr-ouput-management-unstable-v1.cpp.o
[ 63%] Building CXX object CMakeFiles/miracle-wm-implementation.dir/src/output_listener.cpp.o
[ 64%] Building CXX object CMakeFiles/miracle-wm-implementation.dir/src/display_config.cpp.o
[ 65%] Building CXX object CMakeFiles/miracle-wm-implementation.dir/src/window_observer.cpp.o
[ 67%] Building CXX object CMakeFiles/miracle-wm-implementation.dir/src/config_observer.cpp.o
In file included from /usr/include/c++/15.2.1/bits/stl_iterator.h:78,
                 from /usr/include/c++/15.2.1/bits/stl_algobase.h:67,
                 from /usr/include/c++/15.2.1/vector:64,
                 from /build/miracle-wm-git/src/build/CMakeFiles/miracle-wm-implementation.dir/cmake_pch.hxx:5,
                 from <command-line>:
/usr/include/c++/15.2.1/bits/stl_construct.h: In instantiation of ‘constexpr void std::_Construct(_Tp*, _Args&& ...) [with _Tp = {anonymous}::RenderableForwarder; _Args = {const shared_ptr<mir::graphics::Renderable>&, shared_ptr<const mir::scene::Surface>}]’:
/usr/include/c++/15.2.1/bits/alloc_traits.h:805:19:   required from ‘static constexpr void std::allocator_traits<std::allocator<void> >::construct(allocator_type&, _Up*, _Args&& ...) [with _Up = {anonymous}::RenderableForwarder; _Args = {const std::shared_ptr<mir::graphics::Renderable>&, std::shared_ptr<const mir::scene::Surface>}; allocator_type = std::allocator<void>]’
  805 |         { std::_Construct(__p, std::forward<_Args>(__args)...); }
      |           ~~~~~~~~~~~~~~~^~~~~~~~~~~~~~~~~~~~~~~~~~~~~~~~~~~~~
/usr/include/c++/15.2.1/bits/shared_ptr_base.h:606:39:   required from ‘std::_Sp_counted_ptr_inplace<_Tp, _Alloc, _Lp>::_Sp_counted_ptr_inplace(_Alloc, _Args&& ...) [with _Args = {const std::shared_ptr<mir::graphics::Renderable>&, std::shared_ptr<const mir::scene::Surface>}; _Tp = {anonymous}::RenderableForwarder; _Alloc = std::allocator<void>; __gnu_cxx::_Lock_policy _Lp = __gnu_cxx::_S_atomic]’
  606 |           allocator_traits<_Alloc>::construct(__a, _M_ptr(),
      |           ~~~~~~~~~~~~~~~~~~~~~~~~~~~~~~~~~~~^~~~~~~~~~~~~~~
  607 |               std::forward<_Args>(__args)...); // might throw
      |               ~~~~~~~~~~~~~~~~~~~~~~~~~~~~~~~ 
/usr/include/c++/15.2.1/bits/shared_ptr_base.h:969:16:   required from ‘std::__shared_count<_Lp>::__shared_count(_Tp*&, std::_Sp_alloc_shared_tag<_Alloc>, _Args&& ...) [with _Tp = {anonymous}::RenderableForwarder; _Alloc = std::allocator<void>; _Args = {const std::shared_ptr<mir::graphics::Renderable>&, std::shared_ptr<const mir::scene::Surface>}; __gnu_cxx::_Lock_policy _Lp = __gnu_cxx::_S_atomic]’
  969 |           auto __pi = ::new (__mem)
      |                       ^~~~~~~~~~~~~
  970 |             _Sp_cp_type(__a._M_a, std::forward<_Args>(__args)...);
      |             ~~~~~~~~~~~~~~~~~~~~~~~~~~~~~~~~~~~~~~~~~~~~~~~~~~~~~
/usr/include/c++/15.2.1/bits/shared_ptr_base.h:1719:14:   required from ‘std::__shared_ptr<_Tp, _Lp>::__shared_ptr(std::_Sp_alloc_shared_tag<_Tp>, _Args&& ...) [with _Alloc = std::allocator<void>; _Args = {const std::shared_ptr<mir::graphics::Renderable>&, std::shared_ptr<const mir::scene::Surface>}; _Tp = {anonymous}::RenderableForwarder; __gnu_cxx::_Lock_policy _Lp = __gnu_cxx::_S_atomic]’
 1719 |         : _M_ptr(), _M_refcount(_M_ptr, __tag, std::forward<_Args>(__args)...)
      |                     ^~~~~~~~~~~~~~~~~~~~~~~~~~~~~~~~~~~~~~~~~~~~~~~~~~~~~~~~~~
/usr/include/c++/15.2.1/bits/shared_ptr.h:463:59:   required from ‘std::shared_ptr<_Tp>::shared_ptr(std::_Sp_alloc_shared_tag<_Tp>, _Args&& ...) [with _Alloc = std::allocator<void>; _Args = {const std::shared_ptr<mir::graphics::Renderable>&, std::shared_ptr<const mir::scene::Surface>}; _Tp = {anonymous}::RenderableForwarder]’
  463 |         : __shared_ptr<_Tp>(__tag, std::forward<_Args>(__args)...)
      |                                                                  ^
/usr/include/c++/15.2.1/bits/shared_ptr.h:1007:14:   required from ‘std::shared_ptr<std::_NonArray<_Tp> > std::make_shared(_Args&& ...) [with _Tp = {anonymous}::RenderableForwarder; _Args = {const shared_ptr<mir::graphics::Renderable>&, shared_ptr<const mir::scene::Surface>}; _NonArray<_Tp> = {anonymous}::RenderableForwarder]’
 1007 |       return shared_ptr<_Tp>(_Sp_alloc_shared_tag<_Alloc>{__a},
      |              ^~~~~~~~~~~~~~~~~~~~~~~~~~~~~~~~~~~~~~~~~~~~~~~~~~
 1008 |                              std::forward<_Args>(__args)...);
      |                              ~~~~~~~~~~~~~~~~~~~~~~~~~~~~~~~
/build/miracle-wm-git/src/miracle-wm/src/forwarding_surface.cpp:187:63:   required from here
  187 |         result.push_back(std::make_shared<RenderableForwarder>(renderable, shared_from_this()));
      |                          ~~~~~~~~~~~~~~~~~~~~~~~~~~~~~~~~~~~~~^~~~~~~~~~~~~~~~~~~~~~~~~~~~~~~~
/usr/include/c++/15.2.1/bits/stl_construct.h:129:28: error: no matching function for call to ‘construct_at({anonymous}::RenderableForwarder*&, const std::shared_ptr<mir::graphics::Renderable>&, std::shared_ptr<const mir::scene::Surface>)’
  129 |           std::construct_at(__p, std::forward<_Args>(__args)...);
      |           ~~~~~~~~~~~~~~~~~^~~~~~~~~~~~~~~~~~~~~~~~~~~~~~~~~~~~~
/usr/include/c++/15.2.1/bits/stl_construct.h:129:28: note: there is 1 candidate
/usr/include/c++/15.2.1/bits/stl_construct.h:96:5: note: candidate 1: ‘template<class _Tp, class ... _Args>  requires !(is_unbounded_array_v<_Tp>) && requires{::new(void*(0)) _Tp;} constexpr _Tp* std::construct_at(_Tp*, _Args&& ...)’
   96 |     construct_at(_Tp* __location, _Args&&... __args)
      |     ^~~~~~~~~~~~
/usr/include/c++/15.2.1/bits/stl_construct.h:96:5: note: template argument deduction/substitution failed:
/usr/include/c++/15.2.1/bits/stl_construct.h:96:5: note: constraints not satisfied
/usr/include/c++/15.2.1/bits/stl_construct.h: In substitution of ‘template<class _Tp, class ... _Args>  requires !(is_unbounded_array_v<_Tp>) && requires{::new(void*(0)) _Tp;} constexpr _Tp* std::construct_at(_Tp*, _Args&& ...) [with _Tp = {anonymous}::RenderableForwarder; _Args = {const std::shared_ptr<mir::graphics::Renderable>&, std::shared_ptr<const mir::scene::Surface>}]’:
/usr/include/c++/15.2.1/bits/stl_construct.h:129:21:   required from ‘constexpr void std::_Construct(_Tp*, _Args&& ...) [with _Tp = {anonymous}::RenderableForwarder; _Args = {const shared_ptr<mir::graphics::Renderable>&, shared_ptr<const mir::scene::Surface>}]’
  129 |           std::construct_at(__p, std::forward<_Args>(__args)...);
      |           ~~~~~~~~~~~~~~~~~^~~~~~~~~~~~~~~~~~~~~~~~~~~~~~~~~~~~~
/usr/include/c++/15.2.1/bits/alloc_traits.h:805:19:   required from ‘static constexpr void std::allocator_traits<std::allocator<void> >::construct(allocator_type&, _Up*, _Args&& ...) [with _Up = {anonymous}::RenderableForwarder; _Args = {const std::shared_ptr<mir::graphics::Renderable>&, std::shared_ptr<const mir::scene::Surface>}; allocator_type = std::allocator<void>]’
  805 |         { std::_Construct(__p, std::forward<_Args>(__args)...); }
      |           ~~~~~~~~~~~~~~~^~~~~~~~~~~~~~~~~~~~~~~~~~~~~~~~~~~~~
/usr/include/c++/15.2.1/bits/shared_ptr_base.h:606:39:   required from ‘std::_Sp_counted_ptr_inplace<_Tp, _Alloc, _Lp>::_Sp_counted_ptr_inplace(_Alloc, _Args&& ...) [with _Args = {const std::shared_ptr<mir::graphics::Renderable>&, std::shared_ptr<const mir::scene::Surface>}; _Tp = {anonymous}::RenderableForwarder; _Alloc = std::allocator<void>; __gnu_cxx::_Lock_policy _Lp = __gnu_cxx::_S_atomic]’
  606 |           allocator_traits<_Alloc>::construct(__a, _M_ptr(),
      |           ~~~~~~~~~~~~~~~~~~~~~~~~~~~~~~~~~~~^~~~~~~~~~~~~~~
  607 |               std::forward<_Args>(__args)...); // might throw
      |               ~~~~~~~~~~~~~~~~~~~~~~~~~~~~~~~ 
/usr/include/c++/15.2.1/bits/shared_ptr_base.h:969:16:   required from ‘std::__shared_count<_Lp>::__shared_count(_Tp*&, std::_Sp_alloc_shared_tag<_Alloc>, _Args&& ...) [with _Tp = {anonymous}::RenderableForwarder; _Alloc = std::allocator<void>; _Args = {const std::shared_ptr<mir::graphics::Renderable>&, std::shared_ptr<const mir::scene::Surface>}; __gnu_cxx::_Lock_policy _Lp = __gnu_cxx::_S_atomic]’
  969 |           auto __pi = ::new (__mem)
      |                       ^~~~~~~~~~~~~
  970 |             _Sp_cp_type(__a._M_a, std::forward<_Args>(__args)...);
      |             ~~~~~~~~~~~~~~~~~~~~~~~~~~~~~~~~~~~~~~~~~~~~~~~~~~~~~
/usr/include/c++/15.2.1/bits/shared_ptr_base.h:1719:14:   required from ‘std::__shared_ptr<_Tp, _Lp>::__shared_ptr(std::_Sp_alloc_shared_tag<_Tp>, _Args&& ...) [with _Alloc = std::allocator<void>; _Args = {const std::shared_ptr<mir::graphics::Renderable>&, std::shared_ptr<const mir::scene::Surface>}; _Tp = {anonymous}::RenderableForwarder; __gnu_cxx::_Lock_policy _Lp = __gnu_cxx::_S_atomic]’
 1719 |         : _M_ptr(), _M_refcount(_M_ptr, __tag, std::forward<_Args>(__args)...)
      |                     ^~~~~~~~~~~~~~~~~~~~~~~~~~~~~~~~~~~~~~~~~~~~~~~~~~~~~~~~~~
/usr/include/c++/15.2.1/bits/shared_ptr.h:463:59:   required from ‘std::shared_ptr<_Tp>::shared_ptr(std::_Sp_alloc_shared_tag<_Tp>, _Args&& ...) [with _Alloc = std::allocator<void>; _Args = {const std::shared_ptr<mir::graphics::Renderable>&, std::shared_ptr<const mir::scene::Surface>}; _Tp = {anonymous}::RenderableForwarder]’
  463 |         : __shared_ptr<_Tp>(__tag, std::forward<_Args>(__args)...)
      |                                                                  ^
/usr/include/c++/15.2.1/bits/shared_ptr.h:1007:14:   required from ‘std::shared_ptr<std::_NonArray<_Tp> > std::make_shared(_Args&& ...) [with _Tp = {anonymous}::RenderableForwarder; _Args = {const shared_ptr<mir::graphics::Renderable>&, shared_ptr<const mir::scene::Surface>}; _NonArray<_Tp> = {anonymous}::RenderableForwarder]’
 1007 |       return shared_ptr<_Tp>(_Sp_alloc_shared_tag<_Alloc>{__a},
      |              ^~~~~~~~~~~~~~~~~~~~~~~~~~~~~~~~~~~~~~~~~~~~~~~~~~
 1008 |                              std::forward<_Args>(__args)...);
      |                              ~~~~~~~~~~~~~~~~~~~~~~~~~~~~~~~
/build/miracle-wm-git/src/miracle-wm/src/forwarding_surface.cpp:187:63:   required from here
  187 |         result.push_back(std::make_shared<RenderableForwarder>(renderable, shared_from_this()));
      |                          ~~~~~~~~~~~~~~~~~~~~~~~~~~~~~~~~~~~~~^~~~~~~~~~~~~~~~~~~~~~~~~~~~~~~~
/usr/include/c++/15.2.1/bits/stl_construct.h:96:5:   required by the constraints of ‘template<class _Tp, class ... _Args>  requires !(is_unbounded_array_v<_Tp>) && requires{::new(void*(0)) _Tp;} constexpr _Tp* std::construct_at(_Tp*, _Args&& ...)’
/usr/include/c++/15.2.1/bits/stl_construct.h:94:10:   in requirements  [with _Tp = <unnamed>::RenderableForwarder; _Args = {const std::shared_ptr<mir::graphics::Renderable>&, std::shared_ptr<const mir::scene::Surface>}]
/usr/include/c++/15.2.1/bits/stl_construct.h:94:21: note: the required expression ‘::new(void*(0)) _Tp’ is invalid
   94 |       && requires { ::new((void*)0) _Tp(std::declval<_Args>()...); }
      |                     ^~~~~~~~~~~~~~~~~~~~~~~~~~~~~~~~~~~~~~~~~~~~~
/usr/include/c++/15.2.1/bits/stl_construct.h: In instantiation of ‘constexpr void std::_Construct(_Tp*, _Args&& ...) [with _Tp = {anonymous}::RenderableForwarder; _Args = {const shared_ptr<mir::graphics::Renderable>&, shared_ptr<const mir::scene::Surface>}]’:
/usr/include/c++/15.2.1/bits/alloc_traits.h:805:19:   required from ‘static constexpr void std::allocator_traits<std::allocator<void> >::construct(allocator_type&, _Up*, _Args&& ...) [with _Up = {anonymous}::RenderableForwarder; _Args = {const std::shared_ptr<mir::graphics::Renderable>&, std::shared_ptr<const mir::scene::Surface>}; allocator_type = std::allocator<void>]’
  805 |         { std::_Construct(__p, std::forward<_Args>(__args)...); }
      |           ~~~~~~~~~~~~~~~^~~~~~~~~~~~~~~~~~~~~~~~~~~~~~~~~~~~~
/usr/include/c++/15.2.1/bits/shared_ptr_base.h:606:39:   required from ‘std::_Sp_counted_ptr_inplace<_Tp, _Alloc, _Lp>::_Sp_counted_ptr_inplace(_Alloc, _Args&& ...) [with _Args = {const std::shared_ptr<mir::graphics::Renderable>&, std::shared_ptr<const mir::scene::Surface>}; _Tp = {anonymous}::RenderableForwarder; _Alloc = std::allocator<void>; __gnu_cxx::_Lock_policy _Lp = __gnu_cxx::_S_atomic]’
  606 |           allocator_traits<_Alloc>::construct(__a, _M_ptr(),
      |           ~~~~~~~~~~~~~~~~~~~~~~~~~~~~~~~~~~~^~~~~~~~~~~~~~~
  607 |               std::forward<_Args>(__args)...); // might throw
      |               ~~~~~~~~~~~~~~~~~~~~~~~~~~~~~~~ 
/usr/include/c++/15.2.1/bits/shared_ptr_base.h:969:16:   required from ‘std::__shared_count<_Lp>::__shared_count(_Tp*&, std::_Sp_alloc_shared_tag<_Alloc>, _Args&& ...) [with _Tp = {anonymous}::RenderableForwarder; _Alloc = std::allocator<void>; _Args = {const std::shared_ptr<mir::graphics::Renderable>&, std::shared_ptr<const mir::scene::Surface>}; __gnu_cxx::_Lock_policy _Lp = __gnu_cxx::_S_atomic]’
  969 |           auto __pi = ::new (__mem)
      |                       ^~~~~~~~~~~~~
  970 |             _Sp_cp_type(__a._M_a, std::forward<_Args>(__args)...);
      |             ~~~~~~~~~~~~~~~~~~~~~~~~~~~~~~~~~~~~~~~~~~~~~~~~~~~~~
/usr/include/c++/15.2.1/bits/shared_ptr_base.h:1719:14:   required from ‘std::__shared_ptr<_Tp, _Lp>::__shared_ptr(std::_Sp_alloc_shared_tag<_Tp>, _Args&& ...) [with _Alloc = std::allocator<void>; _Args = {const std::shared_ptr<mir::graphics::Renderable>&, std::shared_ptr<const mir::scene::Surface>}; _Tp = {anonymous}::RenderableForwarder; __gnu_cxx::_Lock_policy _Lp = __gnu_cxx::_S_atomic]’
 1719 |         : _M_ptr(), _M_refcount(_M_ptr, __tag, std::forward<_Args>(__args)...)
      |                     ^~~~~~~~~~~~~~~~~~~~~~~~~~~~~~~~~~~~~~~~~~~~~~~~~~~~~~~~~~
/usr/include/c++/15.2.1/bits/shared_ptr.h:463:59:   required from ‘std::shared_ptr<_Tp>::shared_ptr(std::_Sp_alloc_shared_tag<_Tp>, _Args&& ...) [with _Alloc = std::allocator<void>; _Args = {const std::shared_ptr<mir::graphics::Renderable>&, std::shared_ptr<const mir::scene::Surface>}; _Tp = {anonymous}::RenderableForwarder]’
  463 |         : __shared_ptr<_Tp>(__tag, std::forward<_Args>(__args)...)
      |                                                                  ^
/usr/include/c++/15.2.1/bits/shared_ptr.h:1007:14:   required from ‘std::shared_ptr<std::_NonArray<_Tp> > std::make_shared(_Args&& ...) [with _Tp = {anonymous}::RenderableForwarder; _Args = {const shared_ptr<mir::graphics::Renderable>&, shared_ptr<const mir::scene::Surface>}; _NonArray<_Tp> = {anonymous}::RenderableForwarder]’
 1007 |       return shared_ptr<_Tp>(_Sp_alloc_shared_tag<_Alloc>{__a},
      |              ^~~~~~~~~~~~~~~~~~~~~~~~~~~~~~~~~~~~~~~~~~~~~~~~~~
 1008 |                              std::forward<_Args>(__args)...);
      |                              ~~~~~~~~~~~~~~~~~~~~~~~~~~~~~~~
/build/miracle-wm-git/src/miracle-wm/src/forwarding_surface.cpp:187:63:   required from here
  187 |         result.push_back(std::make_shared<RenderableForwarder>(renderable, shared_from_this()));
      |                          ~~~~~~~~~~~~~~~~~~~~~~~~~~~~~~~~~~~~~^~~~~~~~~~~~~~~~~~~~~~~~~~~~~~~~
cc1plus: note: set ‘-fconcepts-diagnostics-depth=’ to at least 2 for more detail
/usr/include/c++/15.2.1/bits/stl_construct.h:133:7: error: invalid new-expression of abstract class type ‘{anonymous}::RenderableForwarder’
  133 |       ::new(static_cast<void*>(__p)) _Tp(std::forward<_Args>(__args)...);
      |       ^~~~~~~~~~~~~~~~~~~~~~~~~~~~~~~~~~~~~~~~~~~~~~~~~~~~~~~~~~~~~~~~~~
/build/miracle-wm-git/src/miracle-wm/src/forwarding_surface.cpp:24:7: note:   because the following virtual functions are pure within ‘{anonymous}::RenderableForwarder’:
   24 | class RenderableForwarder : public mir::graphics::Renderable
      |       ^~~~~~~~~~~~~~~~~~~
In file included from /usr/include/mirserver-internal/mir/scene/surface.h:20,
                 from /build/miracle-wm-git/src/miracle-wm/src/forwarding_surface.h:22,
                 from /build/miracle-wm-git/src/miracle-wm/src/forwarding_surface.cpp:18:
/usr/include/mirplatform/mir/graphics/renderable.h:105:18: note:     ‘virtual std::optional<mir::geometry::Rectangles> mir::graphics::Renderable::opaque_region() const’
  105 |     virtual auto opaque_region() const -> std::optional<geometry::Rectangles> = 0;
      |                  ^~~~~~~~~~~~~
[ 68%] Building CXX object CMakeFiles/miracle-wm-implementation.dir/src/binding_event.cpp.o
[ 69%] Building CXX object CMakeFiles/miracle-wm-implementation.dir/src/magnifier_wrapper.cpp.o
In file included from /usr/include/c++/15.2.1/bits/stl_iterator.h:78,
                 from /usr/include/c++/15.2.1/bits/stl_algobase.h:67,
                 from /usr/include/c++/15.2.1/vector:64,
                 from /build/miracle-wm-git/src/build/CMakeFiles/miracle-wm-implementation.dir/cmake_pch.hxx:5,
                 from <command-line>:
/usr/include/c++/15.2.1/bits/stl_construct.h: In instantiation of ‘constexpr void std::_Construct(_Tp*, _Args&& ...) [with _Tp = miracle::ForwardingSurface; _Args = {shared_ptr<mir::scene::Surface>&}]’:
/usr/include/c++/15.2.1/bits/alloc_traits.h:805:19:   required from ‘static constexpr void std::allocator_traits<std::allocator<void> >::construct(allocator_type&, _Up*, _Args&& ...) [with _Up = miracle::ForwardingSurface; _Args = {std::shared_ptr<mir::scene::Surface>&}; allocator_type = std::allocator<void>]’
  805 |         { std::_Construct(__p, std::forward<_Args>(__args)...); }
      |           ~~~~~~~~~~~~~~~^~~~~~~~~~~~~~~~~~~~~~~~~~~~~~~~~~~~~
/usr/include/c++/15.2.1/bits/shared_ptr_base.h:606:39:   required from ‘std::_Sp_counted_ptr_inplace<_Tp, _Alloc, _Lp>::_Sp_counted_ptr_inplace(_Alloc, _Args&& ...) [with _Args = {std::shared_ptr<mir::scene::Surface>&}; _Tp = miracle::ForwardingSurface; _Alloc = std::allocator<void>; __gnu_cxx::_Lock_policy _Lp = __gnu_cxx::_S_atomic]’
  606 |           allocator_traits<_Alloc>::construct(__a, _M_ptr(),
      |           ~~~~~~~~~~~~~~~~~~~~~~~~~~~~~~~~~~~^~~~~~~~~~~~~~~
  607 |               std::forward<_Args>(__args)...); // might throw
      |               ~~~~~~~~~~~~~~~~~~~~~~~~~~~~~~~ 
/usr/include/c++/15.2.1/bits/shared_ptr_base.h:969:16:   required from ‘std::__shared_count<_Lp>::__shared_count(_Tp*&, std::_Sp_alloc_shared_tag<_Alloc>, _Args&& ...) [with _Tp = miracle::ForwardingSurface; _Alloc = std::allocator<void>; _Args = {std::shared_ptr<mir::scene::Surface>&}; __gnu_cxx::_Lock_policy _Lp = __gnu_cxx::_S_atomic]’
  969 |           auto __pi = ::new (__mem)
      |                       ^~~~~~~~~~~~~
  970 |             _Sp_cp_type(__a._M_a, std::forward<_Args>(__args)...);
      |             ~~~~~~~~~~~~~~~~~~~~~~~~~~~~~~~~~~~~~~~~~~~~~~~~~~~~~
/usr/include/c++/15.2.1/bits/shared_ptr_base.h:1719:14:   required from ‘std::__shared_ptr<_Tp, _Lp>::__shared_ptr(std::_Sp_alloc_shared_tag<_Tp>, _Args&& ...) [with _Alloc = std::allocator<void>; _Args = {std::shared_ptr<mir::scene::Surface>&}; _Tp = miracle::ForwardingSurface; __gnu_cxx::_Lock_policy _Lp = __gnu_cxx::_S_atomic]’
 1719 |         : _M_ptr(), _M_refcount(_M_ptr, __tag, std::forward<_Args>(__args)...)
      |                     ^~~~~~~~~~~~~~~~~~~~~~~~~~~~~~~~~~~~~~~~~~~~~~~~~~~~~~~~~~
/usr/include/c++/15.2.1/bits/shared_ptr.h:463:59:   required from ‘std::shared_ptr<_Tp>::shared_ptr(std::_Sp_alloc_shared_tag<_Tp>, _Args&& ...) [with _Alloc = std::allocator<void>; _Args = {std::shared_ptr<mir::scene::Surface>&}; _Tp = miracle::ForwardingSurface]’
  463 |         : __shared_ptr<_Tp>(__tag, std::forward<_Args>(__args)...)
      |                                                                  ^
/usr/include/c++/15.2.1/bits/shared_ptr.h:1007:14:   required from ‘std::shared_ptr<std::_NonArray<_Tp> > std::make_shared(_Args&& ...) [with _Tp = miracle::ForwardingSurface; _Args = {shared_ptr<mir::scene::Surface>&}; _NonArray<_Tp> = miracle::ForwardingSurface]’
 1007 |       return shared_ptr<_Tp>(_Sp_alloc_shared_tag<_Alloc>{__a},
      |              ^~~~~~~~~~~~~~~~~~~~~~~~~~~~~~~~~~~~~~~~~~~~~~~~~~
 1008 |                              std::forward<_Args>(__args)...);
      |                              ~~~~~~~~~~~~~~~~~~~~~~~~~~~~~~~
/build/miracle-wm-git/src/miracle-wm/src/dying_surface_manager.cpp:111:65:   required from here
  111 |     auto animating_surface = std::make_shared<ForwardingSurface>(surface);
      |                              ~~~~~~~~~~~~~~~~~~~~~~~~~~~~~~~~~~~^~~~~~~~~
/usr/include/c++/15.2.1/bits/stl_construct.h:129:28: error: no matching function for call to ‘construct_at(miracle::ForwardingSurface*&, std::shared_ptr<mir::scene::Surface>&)’
  129 |           std::construct_at(__p, std::forward<_Args>(__args)...);
      |           ~~~~~~~~~~~~~~~~~^~~~~~~~~~~~~~~~~~~~~~~~~~~~~~~~~~~~~
/usr/include/c++/15.2.1/bits/stl_construct.h:129:28: note: there is 1 candidate
/usr/include/c++/15.2.1/bits/stl_construct.h:96:5: note: candidate 1: ‘template<class _Tp, class ... _Args>  requires !(is_unbounded_array_v<_Tp>) && requires{::new(void*(0)) _Tp;} constexpr _Tp* std::construct_at(_Tp*, _Args&& ...)’
   96 |     construct_at(_Tp* __location, _Args&&... __args)
      |     ^~~~~~~~~~~~
/usr/include/c++/15.2.1/bits/stl_construct.h:96:5: note: template argument deduction/substitution failed:
/usr/include/c++/15.2.1/bits/stl_construct.h:96:5: note: constraints not satisfied
/usr/include/c++/15.2.1/bits/stl_construct.h: In substitution of ‘template<class _Tp, class ... _Args>  requires !(is_unbounded_array_v<_Tp>) && requires{::new(void*(0)) _Tp;} constexpr _Tp* std::construct_at(_Tp*, _Args&& ...) [with _Tp = miracle::ForwardingSurface; _Args = {std::shared_ptr<mir::scene::Surface>&}]’:
/usr/include/c++/15.2.1/bits/stl_construct.h:129:21:   required from ‘constexpr void std::_Construct(_Tp*, _Args&& ...) [with _Tp = miracle::ForwardingSurface; _Args = {shared_ptr<mir::scene::Surface>&}]’
  129 |           std::construct_at(__p, std::forward<_Args>(__args)...);
      |           ~~~~~~~~~~~~~~~~~^~~~~~~~~~~~~~~~~~~~~~~~~~~~~~~~~~~~~
/usr/include/c++/15.2.1/bits/alloc_traits.h:805:19:   required from ‘static constexpr void std::allocator_traits<std::allocator<void> >::construct(allocator_type&, _Up*, _Args&& ...) [with _Up = miracle::ForwardingSurface; _Args = {std::shared_ptr<mir::scene::Surface>&}; allocator_type = std::allocator<void>]’
  805 |         { std::_Construct(__p, std::forward<_Args>(__args)...); }
      |           ~~~~~~~~~~~~~~~^~~~~~~~~~~~~~~~~~~~~~~~~~~~~~~~~~~~~
/usr/include/c++/15.2.1/bits/shared_ptr_base.h:606:39:   required from ‘std::_Sp_counted_ptr_inplace<_Tp, _Alloc, _Lp>::_Sp_counted_ptr_inplace(_Alloc, _Args&& ...) [with _Args = {std::shared_ptr<mir::scene::Surface>&}; _Tp = miracle::ForwardingSurface; _Alloc = std::allocator<void>; __gnu_cxx::_Lock_policy _Lp = __gnu_cxx::_S_atomic]’
  606 |           allocator_traits<_Alloc>::construct(__a, _M_ptr(),
      |           ~~~~~~~~~~~~~~~~~~~~~~~~~~~~~~~~~~~^~~~~~~~~~~~~~~
  607 |               std::forward<_Args>(__args)...); // might throw
      |               ~~~~~~~~~~~~~~~~~~~~~~~~~~~~~~~ 
/usr/include/c++/15.2.1/bits/shared_ptr_base.h:969:16:   required from ‘std::__shared_count<_Lp>::__shared_count(_Tp*&, std::_Sp_alloc_shared_tag<_Alloc>, _Args&& ...) [with _Tp = miracle::ForwardingSurface; _Alloc = std::allocator<void>; _Args = {std::shared_ptr<mir::scene::Surface>&}; __gnu_cxx::_Lock_policy _Lp = __gnu_cxx::_S_atomic]’
  969 |           auto __pi = ::new (__mem)
      |                       ^~~~~~~~~~~~~
  970 |             _Sp_cp_type(__a._M_a, std::forward<_Args>(__args)...);
      |             ~~~~~~~~~~~~~~~~~~~~~~~~~~~~~~~~~~~~~~~~~~~~~~~~~~~~~
/usr/include/c++/15.2.1/bits/shared_ptr_base.h:1719:14:   required from ‘std::__shared_ptr<_Tp, _Lp>::__shared_ptr(std::_Sp_alloc_shared_tag<_Tp>, _Args&& ...) [with _Alloc = std::allocator<void>; _Args = {std::shared_ptr<mir::scene::Surface>&}; _Tp = miracle::ForwardingSurface; __gnu_cxx::_Lock_policy _Lp = __gnu_cxx::_S_atomic]’
 1719 |         : _M_ptr(), _M_refcount(_M_ptr, __tag, std::forward<_Args>(__args)...)
      |                     ^~~~~~~~~~~~~~~~~~~~~~~~~~~~~~~~~~~~~~~~~~~~~~~~~~~~~~~~~~
/usr/include/c++/15.2.1/bits/shared_ptr.h:463:59:   required from ‘std::shared_ptr<_Tp>::shared_ptr(std::_Sp_alloc_shared_tag<_Tp>, _Args&& ...) [with _Alloc = std::allocator<void>; _Args = {std::shared_ptr<mir::scene::Surface>&}; _Tp = miracle::ForwardingSurface]’
  463 |         : __shared_ptr<_Tp>(__tag, std::forward<_Args>(__args)...)
      |                                                                  ^
/usr/include/c++/15.2.1/bits/shared_ptr.h:1007:14:   required from ‘std::shared_ptr<std::_NonArray<_Tp> > std::make_shared(_Args&& ...) [with _Tp = miracle::ForwardingSurface; _Args = {shared_ptr<mir::scene::Surface>&}; _NonArray<_Tp> = miracle::ForwardingSurface]’
 1007 |       return shared_ptr<_Tp>(_Sp_alloc_shared_tag<_Alloc>{__a},
      |              ^~~~~~~~~~~~~~~~~~~~~~~~~~~~~~~~~~~~~~~~~~~~~~~~~~
 1008 |                              std::forward<_Args>(__args)...);
      |                              ~~~~~~~~~~~~~~~~~~~~~~~~~~~~~~~
/build/miracle-wm-git/src/miracle-wm/src/dying_surface_manager.cpp:111:65:   required from here
  111 |     auto animating_surface = std::make_shared<ForwardingSurface>(surface);
      |                              ~~~~~~~~~~~~~~~~~~~~~~~~~~~~~~~~~~~^~~~~~~~~
/usr/include/c++/15.2.1/bits/stl_construct.h:96:5:   required by the constraints of ‘template<class _Tp, class ... _Args>  requires !(is_unbounded_array_v<_Tp>) && requires{::new(void*(0)) _Tp;} constexpr _Tp* std::construct_at(_Tp*, _Args&& ...)’
/usr/include/c++/15.2.1/bits/stl_construct.h:94:10:   in requirements  [with _Tp = miracle::ForwardingSurface; _Args = {std::shared_ptr<mir::scene::Surface>&}]
/usr/include/c++/15.2.1/bits/stl_construct.h:94:21: note: the required expression ‘::new(void*(0)) _Tp’ is invalid
   94 |       && requires { ::new((void*)0) _Tp(std::declval<_Args>()...); }
      |                     ^~~~~~~~~~~~~~~~~~~~~~~~~~~~~~~~~~~~~~~~~~~~~
/usr/include/c++/15.2.1/bits/stl_construct.h: In instantiation of ‘constexpr void std::_Construct(_Tp*, _Args&& ...) [with _Tp = miracle::ForwardingSurface; _Args = {shared_ptr<mir::scene::Surface>&}]’:
/usr/include/c++/15.2.1/bits/alloc_traits.h:805:19:   required from ‘static constexpr void std::allocator_traits<std::allocator<void> >::construct(allocator_type&, _Up*, _Args&& ...) [with _Up = miracle::ForwardingSurface; _Args = {std::shared_ptr<mir::scene::Surface>&}; allocator_type = std::allocator<void>]’
  805 |         { std::_Construct(__p, std::forward<_Args>(__args)...); }
      |           ~~~~~~~~~~~~~~~^~~~~~~~~~~~~~~~~~~~~~~~~~~~~~~~~~~~~
/usr/include/c++/15.2.1/bits/shared_ptr_base.h:606:39:   required from ‘std::_Sp_counted_ptr_inplace<_Tp, _Alloc, _Lp>::_Sp_counted_ptr_inplace(_Alloc, _Args&& ...) [with _Args = {std::shared_ptr<mir::scene::Surface>&}; _Tp = miracle::ForwardingSurface; _Alloc = std::allocator<void>; __gnu_cxx::_Lock_policy _Lp = __gnu_cxx::_S_atomic]’
  606 |           allocator_traits<_Alloc>::construct(__a, _M_ptr(),
      |           ~~~~~~~~~~~~~~~~~~~~~~~~~~~~~~~~~~~^~~~~~~~~~~~~~~
  607 |               std::forward<_Args>(__args)...); // might throw
      |               ~~~~~~~~~~~~~~~~~~~~~~~~~~~~~~~ 
/usr/include/c++/15.2.1/bits/shared_ptr_base.h:969:16:   required from ‘std::__shared_count<_Lp>::__shared_count(_Tp*&, std::_Sp_alloc_shared_tag<_Alloc>, _Args&& ...) [with _Tp = miracle::ForwardingSurface; _Alloc = std::allocator<void>; _Args = {std::shared_ptr<mir::scene::Surface>&}; __gnu_cxx::_Lock_policy _Lp = __gnu_cxx::_S_atomic]’
  969 |           auto __pi = ::new (__mem)
      |                       ^~~~~~~~~~~~~
  970 |             _Sp_cp_type(__a._M_a, std::forward<_Args>(__args)...);
      |             ~~~~~~~~~~~~~~~~~~~~~~~~~~~~~~~~~~~~~~~~~~~~~~~~~~~~~
/usr/include/c++/15.2.1/bits/shared_ptr_base.h:1719:14:   required from ‘std::__shared_ptr<_Tp, _Lp>::__shared_ptr(std::_Sp_alloc_shared_tag<_Tp>, _Args&& ...) [with _Alloc = std::allocator<void>; _Args = {std::shared_ptr<mir::scene::Surface>&}; _Tp = miracle::ForwardingSurface; __gnu_cxx::_Lock_policy _Lp = __gnu_cxx::_S_atomic]’
 1719 |         : _M_ptr(), _M_refcount(_M_ptr, __tag, std::forward<_Args>(__args)...)
      |                     ^~~~~~~~~~~~~~~~~~~~~~~~~~~~~~~~~~~~~~~~~~~~~~~~~~~~~~~~~~
/usr/include/c++/15.2.1/bits/shared_ptr.h:463:59:   required from ‘std::shared_ptr<_Tp>::shared_ptr(std::_Sp_alloc_shared_tag<_Tp>, _Args&& ...) [with _Alloc = std::allocator<void>; _Args = {std::shared_ptr<mir::scene::Surface>&}; _Tp = miracle::ForwardingSurface]’
  463 |         : __shared_ptr<_Tp>(__tag, std::forward<_Args>(__args)...)
      |                                                                  ^
/usr/include/c++/15.2.1/bits/shared_ptr.h:1007:14:   required from ‘std::shared_ptr<std::_NonArray<_Tp> > std::make_shared(_Args&& ...) [with _Tp = miracle::ForwardingSurface; _Args = {shared_ptr<mir::scene::Surface>&}; _NonArray<_Tp> = miracle::ForwardingSurface]’
 1007 |       return shared_ptr<_Tp>(_Sp_alloc_shared_tag<_Alloc>{__a},
      |              ^~~~~~~~~~~~~~~~~~~~~~~~~~~~~~~~~~~~~~~~~~~~~~~~~~
 1008 |                              std::forward<_Args>(__args)...);
      |                              ~~~~~~~~~~~~~~~~~~~~~~~~~~~~~~~
/build/miracle-wm-git/src/miracle-wm/src/dying_surface_manager.cpp:111:65:   required from here
  111 |     auto animating_surface = std::make_shared<ForwardingSurface>(surface);
      |                              ~~~~~~~~~~~~~~~~~~~~~~~~~~~~~~~~~~~^~~~~~~~~
cc1plus: note: set ‘-fconcepts-diagnostics-depth=’ to at least 2 for more detail
/usr/include/c++/15.2.1/bits/stl_construct.h:133:7: error: invalid new-expression of abstract class type ‘miracle::ForwardingSurface’
  133 |       ::new(static_cast<void*>(__p)) _Tp(std::forward<_Args>(__args)...);
      |       ^~~~~~~~~~~~~~~~~~~~~~~~~~~~~~~~~~~~~~~~~~~~~~~~~~~~~~~~~~~~~~~~~~
In file included from /build/miracle-wm-git/src/miracle-wm/src/dying_surface_manager.cpp:21:
/build/miracle-wm-git/src/miracle-wm/src/forwarding_surface.h:35:7: note:   because the following virtual functions are pure within ‘miracle::ForwardingSurface’:
   35 | class ForwardingSurface : public mir::scene::Surface, public std::enable_shared_from_this<mir::scene::Surface>
      |       ^~~~~~~~~~~~~~~~~
In file included from /build/miracle-wm-git/src/miracle-wm/src/render_data_manager.h:22,
                 from /build/miracle-wm-git/src/miracle-wm/src/compositor_state.h:22,
                 from /build/miracle-wm-git/src/miracle-wm/src/dying_surface_manager.cpp:19:
/usr/include/mirserver-internal/mir/scene/surface.h:94:18: note:     ‘virtual void mir::scene::Surface::set_opaque_region(const mir::geometry::Rectangles&)’
   94 |     virtual void set_opaque_region(geometry::Rectangles const& region) = 0;
      |                  ^~~~~~~~~~~~~~~~~
[ 70%] Building CXX object CMakeFiles/miracle-wm-implementation.dir/src/math_helpers.cpp.o
make[2]: *** [CMakeFiles/miracle-wm-implementation.dir/build.make:656: CMakeFiles/miracle-wm-implementation.dir/src/forwarding_surface.cpp.o] Error 1
make[2]: *** Waiting for unfinished jobs....
make[2]: *** [CMakeFiles/miracle-wm-implementation.dir/build.make:672: CMakeFiles/miracle-wm-implementation.dir/src/dying_surface_manager.cpp.o] Error 1
make[1]: *** [CMakeFiles/Makefile2:187: CMakeFiles/miracle-wm-implementation.dir/all] Error 2
make: *** [Makefile:136: all] Error 2
[1m[31m==> ERROR:(B[m[1m A failure occurred in build().(B[m
[1m    Aborting...(B[m
