musescore-git W: Referenced QML module 'Muse.Dock' is an uninstalled dependency (needed in files ['usr/bin/mscore'])
musescore-git W: Referenced QML module 'com.kdab.dockwidgets' is an uninstalled dependency (needed in files ['usr/bin/mscore'])
musescore-git W: Referenced QML module 'MuseScore.MuseSounds' is an uninstalled dependency (needed in files ['usr/bin/mscore'])
musescore-git W: Referenced QML module 'MuseApi.Extensions' is an uninstalled dependency (needed in files ['usr/share/mscore-4.7/extensions/example1/Main.qml'])
musescore-git W: Referenced QML module 'MuseScore' is an uninstalled dependency (needed in files ['usr/share/mscore-4.7/extensions/courtesy_accidentals/configure.qml', 'usr/share/mscore-4.7/plugins/note_names/notenames.qml', 'usr/share/mscore-4.7/plugins/new_retrograde/NewRetrograde.qml', 'usr/share/mscore-4.7/plugins/tuning/tuning.qml', 'usr/share/mscore-4.7/plugins/lilyrics/lilyrics.qml', 'usr/share/mscore-4.7/plugins/intervals/mirror-intervals-3.qml', 'usr/share/mscore-4.7/plugins/dev_test_api/dev_test_api.qml'])
musescore-git W: Referenced QML module 'Muse.Workspace' is an uninstalled dependency (needed in files ['usr/bin/mscore'])
musescore-git W: Referenced QML module 'Muse.GraphicalEffects' is an uninstalled dependency (needed in files ['usr/bin/mscore'])
musescore-git W: Referenced QML module 'MuseScore.Inspector' is an uninstalled dependency (needed in files ['usr/bin/mscore'])
musescore-git W: Referenced QML module 'MuseScore.NotationScene' is an uninstalled dependency (needed in files ['usr/bin/mscore'])
musescore-git W: Referenced QML module 'Muse.Tours' is an uninstalled dependency (needed in files ['usr/bin/mscore'])
musescore-git W: Referenced QML module 'Muse.Learn' is an uninstalled dependency (needed in files ['usr/bin/mscore'])
musescore-git W: Referenced QML module 'MuseScore.Preferences' is an uninstalled dependency (needed in files ['usr/bin/mscore'])
musescore-git W: Referenced QML module 'Muse.Shortcuts' is an uninstalled dependency (needed in files ['usr/bin/mscore'])
musescore-git W: Referenced QML module 'Muse.UiComponents.Private' is an uninstalled dependency (needed in files ['usr/bin/mscore'])
musescore-git W: Referenced QML module 'MuseScore.Palette' is an uninstalled dependency (needed in files ['usr/bin/mscore'])
musescore-git W: Referenced QML module 'Muse.Update' is an uninstalled dependency (needed in files ['usr/bin/mscore'])
musescore-git W: Referenced QML module 'Muse.Extensions' is an uninstalled dependency (needed in files ['usr/bin/mscore'])
musescore-git W: Referenced QML module 'MuseApi.Log' is an uninstalled dependency (needed in files ['usr/share/mscore-4.7/extensions/apitests/Form.qml'])
musescore-git W: Referenced QML module 'MuseScore.Playback' is an uninstalled dependency (needed in files ['usr/bin/mscore'])
musescore-git W: Referenced QML module 'MuseScore.Engraving' is an uninstalled dependency (needed in files ['usr/bin/mscore'])
musescore-git W: Referenced QML module 'MuseScore.CommonScene' is an uninstalled dependency (needed in files ['usr/bin/mscore'])
musescore-git W: Referenced QML module 'Muse.Ui.Dialogs' is an uninstalled dependency (needed in files ['usr/bin/mscore'])
musescore-git W: Referenced QML module 'MuseApi.Theme' is an uninstalled dependency (needed in files ['usr/bin/mscore'])
musescore-git W: Referenced QML module 'MuseApi.Controls' is an uninstalled dependency (needed in files ['usr/share/mscore-4.7/extensions/example3/configure.qml', 'usr/share/mscore-4.7/extensions/quickstart_v/Main.qml', 'usr/share/mscore-4.7/extensions/batch_example/configure.qml', 'usr/share/mscore-4.7/extensions/apitests/Form.qml', 'usr/share/mscore-4.7/extensions/example1/Main.qml'])
musescore-git W: Referenced QML module 'MuseApi.Interactive' is an uninstalled dependency (needed in files ['usr/share/mscore-4.7/extensions/quickstart_v/Main.qml', 'usr/share/mscore-4.7/extensions/apitests/Form.qml'])
musescore-git W: Referenced QML module 'Muse.UiComponents' is an uninstalled dependency (needed in files ['usr/share/mscore-4.7/extensions/courtesy_accidentals/configure.qml', 'usr/bin/mscore', 'usr/share/mscore-4.7/plugins/tuning/tuning.qml', 'usr/share/mscore-4.7/plugins/lilyrics/lilyrics.qml', 'usr/share/mscore-4.7/plugins/intervals/mirror-intervals-3.qml'])
musescore-git W: Referenced QML module 'Muse.Cloud' is an uninstalled dependency (needed in files ['usr/bin/mscore'])
musescore-git W: Referenced QML module 'Muse.Audio' is an uninstalled dependency (needed in files ['usr/bin/mscore'])
musescore-git W: Referenced QML module 'MuseScore.AppShell' is an uninstalled dependency (needed in files ['usr/bin/mscore'])
musescore-git W: Referenced QML module 'Muse.Autobot' is an uninstalled dependency (needed in files ['usr/bin/mscore'])
musescore-git W: Referenced QML module 'Muse.MultiInstances' is an uninstalled dependency (needed in files ['usr/bin/mscore'])
musescore-git W: Referenced QML module 'Muse.Diagnostics' is an uninstalled dependency (needed in files ['usr/bin/mscore'])
musescore-git W: Referenced QML module 'MuseApi.Engraving' is an uninstalled dependency (needed in files ['usr/share/mscore-4.7/extensions/apitests/Form.qml'])
musescore-git W: Referenced QML module 'MuseScore.InstrumentsScene' is an uninstalled dependency (needed in files ['usr/bin/mscore'])
musescore-git W: Referenced QML module 'Muse.Ui' is an uninstalled dependency (needed in files ['usr/share/mscore-4.7/plugins/tuning/tuning.qml', 'usr/bin/mscore', 'usr/share/mscore-4.7/plugins/lilyrics/lilyrics.qml'])
musescore-git W: Referenced QML module 'MuseScore.Project' is an uninstalled dependency (needed in files ['usr/bin/mscore'])
musescore-git E: Soname dependency libsndfile.so specified without version number
musescore-git W: Soname dependency included, but may not be needed ('libsndfile.so')
musescore-git W: Dependency included, but may not be needed ('libsndfile.so')
