make: Entering directory '/build/mysql/src/build/include'
[  0%] Built target backtrace_objlib
[  0%] Built target uca9dump
[  0%] Built target mytime_objlib
[  0%] Built target backtrace
[  0%] Built target strings_ja_hans
[  0%] Built target strings_zh_hans
[  0%] Built target mytime
[ 25%] Built target strings_objlib
[ 25%] Built target strings
[100%] Built target mysys_objlib
[100%] Built target mysys
[100%] Built target comp_err
[100%] Built target GenError
[100%] Built target installed_headers
Install the project...
-- Install configuration: "RelWithDebInfo"
-- Installing: /build/mysql/pkg/libmysqlclient/usr/include/mysql/errmsg.h
-- Installing: /build/mysql/pkg/libmysqlclient/usr/include/mysql/my_command.h
-- Installing: /build/mysql/pkg/libmysqlclient/usr/include/mysql/my_compress.h
-- Installing: /build/mysql/pkg/libmysqlclient/usr/include/mysql/my_list.h
-- Installing: /build/mysql/pkg/libmysqlclient/usr/include/mysql/mysql.h
-- Installing: /build/mysql/pkg/libmysqlclient/usr/include/mysql/mysql_com.h
-- Installing: /build/mysql/pkg/libmysqlclient/usr/include/mysql/mysql_time.h
-- Installing: /build/mysql/pkg/libmysqlclient/usr/include/mysql/mysql_version.h
-- Installing: /build/mysql/pkg/libmysqlclient/usr/include/mysql/mysqld_error.h
-- Installing: /build/mysql/pkg/libmysqlclient/usr/include/mysql/field_types.h
-- Installing: /build/mysql/pkg/libmysqlclient/usr/include/mysql/mysql/client_plugin.h
-- Installing: /build/mysql/pkg/libmysqlclient/usr/include/mysql/mysql/plugin_auth_common.h
-- Installing: /build/mysql/pkg/libmysqlclient/usr/include/mysql/mysql/udf_registration_types.h
make: Leaving directory '/build/mysql/src/build/include'
make: Entering directory '/build/mysql/src/build/libmysql'
[  0%] Built target backtrace_objlib
[  0%] Built target uca9dump
[  0%] Built target mytime_objlib
[  0%] Built target vio_objlib
[  0%] Built target backtrace
[  0%] Built target strings_zh_hans
[  0%] Built target strings_ja_hans
[  0%] Built target mytime
[  0%] Built target vio
[ 25%] Built target strings_objlib
[ 25%] Built target strings
[100%] Built target mysys_objlib
[100%] Built target mysys
[100%] Built target comp_err
[100%] Built target GenError
[100%] Built target clientlib_objlib
[100%] Built target clientlib
[100%] Built target libmysql
[100%] Built target mysqlclient
[100%] Built target libmysql_api_test
[100%] Built target run_libmysql_api_test
Install the project...
-- Install configuration: "RelWithDebInfo"
-- Installing: /build/mysql/pkg/libmysqlclient/usr/lib/libmysqlclient.a
-- Installing: /build/mysql/pkg/libmysqlclient/usr/lib/libmysqlclient.so.24.1.0
-- Installing: /build/mysql/pkg/libmysqlclient/usr/lib/libmysqlclient.so.24
-- Installing: /build/mysql/pkg/libmysqlclient/usr/lib/libmysqlclient.so
make: Leaving directory '/build/mysql/src/build/libmysql'
make: Entering directory '/build/mysql/src/build/libservices'
Built target mysqlservices
Install the project...
-- Install configuration: "RelWithDebInfo"
-- Installing: /build/mysql/pkg/libmysqlclient/usr/lib/libmysqlservices.a
make: Leaving directory '/build/mysql/src/build/libservices'
