mysql W: Directory (var/log/mysqlrouter) is empty
mysql W: Directory (var/lib/mysqlrouter) is empty
mysql W: Directory (run) is empty
mysql W: Directory (usr/lib/mysql/plugin/debug) is empty
mysql W: Referenced library 'libprotobuf-lite.so.24.4.0' is an uninstalled dependency (needed in files ['usr/lib/mysql/plugin/group_replication.so'])
mysql W: Unused shared library '/usr/lib/libabsl_hash.so' by file ('usr/lib/mysql/plugin/group_replication.so')
mysql W: Unused shared library '/usr/lib/libabsl_raw_logging_internal.so' by file ('usr/lib/mysqlrouter/private/libabsl_base.so')
mysql W: Unused shared library '/usr/lib/libabsl_spinlock_wait.so' by file ('usr/lib/mysqlrouter/private/libabsl_base.so')
mysql W: Unused shared library '/usr/lib/libabsl_cordz_info.so' by file ('usr/lib/mysqlrouter/private/libabsl_cord.so')
mysql W: Unused shared library '/usr/lib/libabsl_cord_internal.so' by file ('usr/lib/mysqlrouter/private/libabsl_cord.so')
mysql W: Unused shared library '/usr/lib/libabsl_crc_cord_state.so' by file ('usr/lib/mysqlrouter/private/libabsl_cord.so')
mysql W: Unused shared library '/usr/lib/libabsl_cordz_functions.so' by file ('usr/lib/mysqlrouter/private/libabsl_cord.so')
mysql W: Unused shared library '/usr/lib/libabsl_strings.so' by file ('usr/lib/mysqlrouter/private/libabsl_cord.so')
mysql W: Unused shared library '/usr/lib/libabsl_raw_logging_internal.so' by file ('usr/lib/mysqlrouter/private/libabsl_cord.so')
mysql W: Unused shared library '/usr/lib/libabsl_crc_cord_state.so' by file ('usr/lib/mysqlrouter/private/libabsl_cord_internal.so')
mysql W: Unused shared library '/usr/lib/libabsl_strings.so' by file ('usr/lib/mysqlrouter/private/libabsl_cord_internal.so')
mysql W: Unused shared library '/usr/lib/libabsl_throw_delegate.so' by file ('usr/lib/mysqlrouter/private/libabsl_cord_internal.so')
mysql W: Unused shared library '/usr/lib/libabsl_raw_logging_internal.so' by file ('usr/lib/mysqlrouter/private/libabsl_cord_internal.so')
mysql W: Unused shared library '/usr/lib/libabsl_exponential_biased.so' by file ('usr/lib/mysqlrouter/private/libabsl_cordz_functions.so')
mysql W: Unused shared library '/usr/lib/libabsl_synchronization.so' by file ('usr/lib/mysqlrouter/private/libabsl_cordz_handle.so')
mysql W: Unused shared library '/usr/lib/libabsl_cord_internal.so' by file ('usr/lib/mysqlrouter/private/libabsl_cordz_info.so')
mysql W: Unused shared library '/usr/lib/libabsl_cordz_handle.so' by file ('usr/lib/mysqlrouter/private/libabsl_cordz_info.so')
mysql W: Unused shared library '/usr/lib/libabsl_synchronization.so' by file ('usr/lib/mysqlrouter/private/libabsl_cordz_info.so')
mysql W: Unused shared library '/usr/lib/libabsl_stacktrace.so' by file ('usr/lib/mysqlrouter/private/libabsl_cordz_info.so')
mysql W: Unused shared library '/usr/lib/libabsl_time.so' by file ('usr/lib/mysqlrouter/private/libabsl_cordz_info.so')
mysql W: Unused shared library '/usr/lib/libabsl_base.so' by file ('usr/lib/mysqlrouter/private/libabsl_cordz_info.so')
mysql W: Unused shared library '/usr/lib/libabsl_cordz_info.so' by file ('usr/lib/mysqlrouter/private/libabsl_cordz_sample_token.so')
mysql W: Unused shared library '/usr/lib/libabsl_crc_internal.so' by file ('usr/lib/mysqlrouter/private/libabsl_crc32c.so')
mysql W: Unused shared library '/usr/lib/libabsl_crc32c.so' by file ('usr/lib/mysqlrouter/private/libabsl_crc_cord_state.so')
mysql W: Unused shared library '/usr/lib/libabsl_raw_logging_internal.so' by file ('usr/lib/mysqlrouter/private/libabsl_crc_internal.so')
mysql W: Unused shared library '/usr/lib/libabsl_raw_logging_internal.so' by file ('usr/lib/mysqlrouter/private/libabsl_debugging_internal.so')
mysql W: Unused shared library '/usr/lib/libabsl_log_internal_message.so' by file ('usr/lib/mysqlrouter/private/libabsl_die_if_null.so')
mysql W: Unused shared library '/usr/lib/libabsl_strings.so' by file ('usr/lib/mysqlrouter/private/libabsl_die_if_null.so')
mysql W: Unused shared library '/usr/lib/libabsl_stacktrace.so' by file ('usr/lib/mysqlrouter/private/libabsl_examine_stack.so')
mysql W: Unused shared library '/usr/lib/libabsl_symbolize.so' by file ('usr/lib/mysqlrouter/private/libabsl_examine_stack.so')
mysql W: Unused shared library '/usr/lib/libabsl_examine_stack.so' by file ('usr/lib/mysqlrouter/private/libabsl_failure_signal_handler.so')
mysql W: Unused shared library '/usr/lib/libabsl_stacktrace.so' by file ('usr/lib/mysqlrouter/private/libabsl_failure_signal_handler.so')
mysql W: Unused shared library '/usr/lib/libabsl_base.so' by file ('usr/lib/mysqlrouter/private/libabsl_failure_signal_handler.so')
mysql W: Unused shared library '/usr/lib/libabsl_raw_logging_internal.so' by file ('usr/lib/mysqlrouter/private/libabsl_failure_signal_handler.so')
mysql W: Unused shared library '/usr/lib/libabsl_flags_program_name.so' by file ('usr/lib/mysqlrouter/private/libabsl_flags_config.so')
mysql W: Unused shared library '/usr/lib/libabsl_synchronization.so' by file ('usr/lib/mysqlrouter/private/libabsl_flags_config.so')
mysql W: Unused shared library '/usr/lib/libabsl_flags_commandlineflag.so' by file ('usr/lib/mysqlrouter/private/libabsl_flags_internal.so')
mysql W: Unused shared library '/usr/lib/libabsl_flags_commandlineflag_internal.so' by file ('usr/lib/mysqlrouter/private/libabsl_flags_internal.so')
mysql W: Unused shared library '/usr/lib/libabsl_flags_config.so' by file ('usr/lib/mysqlrouter/private/libabsl_flags_internal.so')
mysql W: Unused shared library '/usr/lib/libabsl_synchronization.so' by file ('usr/lib/mysqlrouter/private/libabsl_flags_internal.so')
mysql W: Unused shared library '/usr/lib/libabsl_strings.so' by file ('usr/lib/mysqlrouter/private/libabsl_flags_internal.so')
mysql W: Unused shared library '/usr/lib/libabsl_spinlock_wait.so' by file ('usr/lib/mysqlrouter/private/libabsl_flags_internal.so')
mysql W: Unused shared library '/usr/lib/libabsl_raw_logging_internal.so' by file ('usr/lib/mysqlrouter/private/libabsl_flags_internal.so')
mysql W: Unused shared library '/usr/lib/libabsl_str_format_internal.so' by file ('usr/lib/mysqlrouter/private/libabsl_flags_marshalling.so')
mysql W: Unused shared library '/usr/lib/libabsl_strings.so' by file ('usr/lib/mysqlrouter/private/libabsl_flags_marshalling.so')
mysql W: Unused shared library '/usr/lib/libabsl_int128.so' by file ('usr/lib/mysqlrouter/private/libabsl_flags_marshalling.so')
mysql W: Unused shared library '/usr/lib/libabsl_flags_usage.so' by file ('usr/lib/mysqlrouter/private/libabsl_flags_parse.so')
mysql W: Unused shared library '/usr/lib/libabsl_flags_usage_internal.so' by file ('usr/lib/mysqlrouter/private/libabsl_flags_parse.so')
mysql W: Unused shared library '/usr/lib/libabsl_flags_internal.so' by file ('usr/lib/mysqlrouter/private/libabsl_flags_parse.so')
mysql W: Unused shared library '/usr/lib/libabsl_flags_marshalling.so' by file ('usr/lib/mysqlrouter/private/libabsl_flags_parse.so')
mysql W: Unused shared library '/usr/lib/libabsl_flags_reflection.so' by file ('usr/lib/mysqlrouter/private/libabsl_flags_parse.so')
mysql W: Unused shared library '/usr/lib/libabsl_flags_config.so' by file ('usr/lib/mysqlrouter/private/libabsl_flags_parse.so')
mysql W: Unused shared library '/usr/lib/libabsl_flags_program_name.so' by file ('usr/lib/mysqlrouter/private/libabsl_flags_parse.so')
mysql W: Unused shared library '/usr/lib/libabsl_flags_private_handle_accessor.so' by file ('usr/lib/mysqlrouter/private/libabsl_flags_parse.so')
mysql W: Unused shared library '/usr/lib/libabsl_synchronization.so' by file ('usr/lib/mysqlrouter/private/libabsl_flags_parse.so')
mysql W: Unused shared library '/usr/lib/libabsl_strings.so' by file ('usr/lib/mysqlrouter/private/libabsl_flags_parse.so')
mysql W: Unused shared library '/usr/lib/libabsl_raw_logging_internal.so' by file ('usr/lib/mysqlrouter/private/libabsl_flags_parse.so')
mysql W: Unused shared library '/usr/lib/libabsl_synchronization.so' by file ('usr/lib/mysqlrouter/private/libabsl_flags_program_name.so')
mysql W: Unused shared library '/usr/lib/libabsl_flags_private_handle_accessor.so' by file ('usr/lib/mysqlrouter/private/libabsl_flags_reflection.so')
mysql W: Unused shared library '/usr/lib/libabsl_flags_config.so' by file ('usr/lib/mysqlrouter/private/libabsl_flags_reflection.so')
mysql W: Unused shared library '/usr/lib/libabsl_flags_commandlineflag.so' by file ('usr/lib/mysqlrouter/private/libabsl_flags_reflection.so')
mysql W: Unused shared library '/usr/lib/libabsl_raw_hash_set.so' by file ('usr/lib/mysqlrouter/private/libabsl_flags_reflection.so')
mysql W: Unused shared library '/usr/lib/libabsl_hash.so' by file ('usr/lib/mysqlrouter/private/libabsl_flags_reflection.so')
mysql W: Unused shared library '/usr/lib/libabsl_synchronization.so' by file ('usr/lib/mysqlrouter/private/libabsl_flags_reflection.so')
mysql W: Unused shared library '/usr/lib/libabsl_strings.so' by file ('usr/lib/mysqlrouter/private/libabsl_flags_reflection.so')
mysql W: Unused shared library '/usr/lib/libabsl_synchronization.so' by file ('usr/lib/mysqlrouter/private/libabsl_flags_usage.so')
mysql W: Unused shared library '/usr/lib/libabsl_raw_logging_internal.so' by file ('usr/lib/mysqlrouter/private/libabsl_flags_usage.so')
mysql W: Unused shared library '/usr/lib/libabsl_flags_internal.so' by file ('usr/lib/mysqlrouter/private/libabsl_flags_usage_internal.so')
mysql W: Unused shared library '/usr/lib/libabsl_flags_reflection.so' by file ('usr/lib/mysqlrouter/private/libabsl_flags_usage_internal.so')
mysql W: Unused shared library '/usr/lib/libabsl_flags_config.so' by file ('usr/lib/mysqlrouter/private/libabsl_flags_usage_internal.so')
mysql W: Unused shared library '/usr/lib/libabsl_flags_program_name.so' by file ('usr/lib/mysqlrouter/private/libabsl_flags_usage_internal.so')
mysql W: Unused shared library '/usr/lib/libabsl_synchronization.so' by file ('usr/lib/mysqlrouter/private/libabsl_flags_usage_internal.so')
mysql W: Unused shared library '/usr/lib/libabsl_strings.so' by file ('usr/lib/mysqlrouter/private/libabsl_flags_usage_internal.so')
mysql W: Unused shared library '/usr/lib/libabsl_malloc_internal.so' by file ('usr/lib/mysqlrouter/private/libabsl_graphcycles_internal.so')
mysql W: Unused shared library '/usr/lib/libabsl_base.so' by file ('usr/lib/mysqlrouter/private/libabsl_graphcycles_internal.so')
mysql W: Unused shared library '/usr/lib/libabsl_raw_logging_internal.so' by file ('usr/lib/mysqlrouter/private/libabsl_graphcycles_internal.so')
mysql W: Unused shared library '/usr/lib/libabsl_city.so' by file ('usr/lib/mysqlrouter/private/libabsl_hash.so')
mysql W: Unused shared library '/usr/lib/libabsl_low_level_hash.so' by file ('usr/lib/mysqlrouter/private/libabsl_hash.so')
mysql W: Unused shared library '/usr/lib/libabsl_synchronization.so' by file ('usr/lib/mysqlrouter/private/libabsl_hashtablez_sampler.so')
mysql W: Unused shared library '/usr/lib/libabsl_time.so' by file ('usr/lib/mysqlrouter/private/libabsl_hashtablez_sampler.so')
mysql W: Unused shared library '/usr/lib/libabsl_stacktrace.so' by file ('usr/lib/mysqlrouter/private/libabsl_hashtablez_sampler.so')
mysql W: Unused shared library '/usr/lib/libabsl_raw_logging_internal.so' by file ('usr/lib/mysqlrouter/private/libabsl_hashtablez_sampler.so')
mysql W: Unused shared library '/usr/lib/libabsl_time.so' by file ('usr/lib/mysqlrouter/private/libabsl_kernel_timeout_internal.so')
mysql W: Unused shared library '/usr/lib/libabsl_raw_logging_internal.so' by file ('usr/lib/mysqlrouter/private/libabsl_kernel_timeout_internal.so')
mysql W: Unused shared library '/usr/lib/libabsl_log_globals.so' by file ('usr/lib/mysqlrouter/private/libabsl_log_flags.so')
mysql W: Unused shared library '/usr/lib/libabsl_flags_internal.so' by file ('usr/lib/mysqlrouter/private/libabsl_log_flags.so')
mysql W: Unused shared library '/usr/lib/libabsl_flags_marshalling.so' by file ('usr/lib/mysqlrouter/private/libabsl_log_flags.so')
mysql W: Unused shared library '/usr/lib/libabsl_flags_reflection.so' by file ('usr/lib/mysqlrouter/private/libabsl_log_flags.so')
mysql W: Unused shared library '/usr/lib/libabsl_strings.so' by file ('usr/lib/mysqlrouter/private/libabsl_log_flags.so')
mysql W: Unused shared library '/usr/lib/libabsl_hash.so' by file ('usr/lib/mysqlrouter/private/libabsl_log_globals.so')
mysql W: Unused shared library '/usr/lib/libabsl_raw_logging_internal.so' by file ('usr/lib/mysqlrouter/private/libabsl_log_globals.so')
mysql W: Unused shared library '/usr/lib/libabsl_log_internal_globals.so' by file ('usr/lib/mysqlrouter/private/libabsl_log_initialize.so')
mysql W: Unused shared library '/usr/lib/libabsl_time_zone.so' by file ('usr/lib/mysqlrouter/private/libabsl_log_initialize.so')
mysql W: Unused shared library '/usr/lib/libabsl_log_internal_nullguard.so' by file ('usr/lib/mysqlrouter/private/libabsl_log_internal_check_op.so')
mysql W: Unused shared library '/usr/lib/libabsl_strings.so' by file ('usr/lib/mysqlrouter/private/libabsl_log_internal_check_op.so')
mysql W: Unused shared library '/usr/lib/libabsl_base.so' by file ('usr/lib/mysqlrouter/private/libabsl_log_internal_conditions.so')
mysql W: Unused shared library '/usr/lib/libabsl_log_internal_globals.so' by file ('usr/lib/mysqlrouter/private/libabsl_log_internal_format.so')
mysql W: Unused shared library '/usr/lib/libabsl_time.so' by file ('usr/lib/mysqlrouter/private/libabsl_log_internal_format.so')
mysql W: Unused shared library '/usr/lib/libabsl_str_format_internal.so' by file ('usr/lib/mysqlrouter/private/libabsl_log_internal_format.so')
mysql W: Unused shared library '/usr/lib/libabsl_strings.so' by file ('usr/lib/mysqlrouter/private/libabsl_log_internal_format.so')
mysql W: Unused shared library '/usr/lib/libabsl_raw_logging_internal.so' by file ('usr/lib/mysqlrouter/private/libabsl_log_internal_globals.so')
mysql W: Unused shared library '/usr/lib/libabsl_log_internal_globals.so' by file ('usr/lib/mysqlrouter/private/libabsl_log_internal_log_sink_set.so')
mysql W: Unused shared library '/usr/lib/libabsl_log_globals.so' by file ('usr/lib/mysqlrouter/private/libabsl_log_internal_log_sink_set.so')
mysql W: Unused shared library '/usr/lib/libabsl_log_sink.so' by file ('usr/lib/mysqlrouter/private/libabsl_log_internal_log_sink_set.so')
mysql W: Unused shared library '/usr/lib/libabsl_synchronization.so' by file ('usr/lib/mysqlrouter/private/libabsl_log_internal_log_sink_set.so')
mysql W: Unused shared library '/usr/lib/libabsl_raw_logging_internal.so' by file ('usr/lib/mysqlrouter/private/libabsl_log_internal_log_sink_set.so')
mysql W: Unused shared library '/usr/lib/libabsl_spinlock_wait.so' by file ('usr/lib/mysqlrouter/private/libabsl_log_internal_log_sink_set.so')
mysql W: Unused shared library '/usr/lib/libabsl_examine_stack.so' by file ('usr/lib/mysqlrouter/private/libabsl_log_internal_message.so')
mysql W: Unused shared library '/usr/lib/libabsl_log_internal_format.so' by file ('usr/lib/mysqlrouter/private/libabsl_log_internal_message.so')
mysql W: Unused shared library '/usr/lib/libabsl_log_internal_proto.so' by file ('usr/lib/mysqlrouter/private/libabsl_log_internal_message.so')
mysql W: Unused shared library '/usr/lib/libabsl_strerror.so' by file ('usr/lib/mysqlrouter/private/libabsl_log_internal_message.so')
mysql W: Unused shared library '/usr/lib/libabsl_log_internal_log_sink_set.so' by file ('usr/lib/mysqlrouter/private/libabsl_log_internal_message.so')
mysql W: Unused shared library '/usr/lib/libabsl_log_internal_globals.so' by file ('usr/lib/mysqlrouter/private/libabsl_log_internal_message.so')
mysql W: Unused shared library '/usr/lib/libabsl_log_globals.so' by file ('usr/lib/mysqlrouter/private/libabsl_log_internal_message.so')
mysql W: Unused shared library '/usr/lib/libabsl_time.so' by file ('usr/lib/mysqlrouter/private/libabsl_log_internal_message.so')
mysql W: Unused shared library '/usr/lib/libabsl_base.so' by file ('usr/lib/mysqlrouter/private/libabsl_log_internal_message.so')
mysql W: Unused shared library '/usr/lib/libabsl_throw_delegate.so' by file ('usr/lib/mysqlrouter/private/libabsl_log_internal_message.so')
mysql W: Unused shared library '/usr/lib/libabsl_raw_logging_internal.so' by file ('usr/lib/mysqlrouter/private/libabsl_log_internal_message.so')
mysql W: Unused shared library '/usr/lib/libabsl_throw_delegate.so' by file ('usr/lib/mysqlrouter/private/libabsl_log_internal_proto.so')
mysql W: Unused shared library '/usr/lib/libabsl_base.so' by file ('usr/lib/mysqlrouter/private/libabsl_malloc_internal.so')
mysql W: Unused shared library '/usr/lib/libabsl_raw_logging_internal.so' by file ('usr/lib/mysqlrouter/private/libabsl_malloc_internal.so')
mysql W: Unused shared library '/usr/lib/libabsl_spinlock_wait.so' by file ('usr/lib/mysqlrouter/private/libabsl_malloc_internal.so')
mysql W: Unused shared library '/usr/lib/libabsl_exponential_biased.so' by file ('usr/lib/mysqlrouter/private/libabsl_periodic_sampler.so')
mysql W: Unused shared library '/usr/lib/libabsl_str_format_internal.so' by file ('usr/lib/mysqlrouter/private/libabsl_random_internal_distribution_test_util.so')
mysql W: Unused shared library '/usr/lib/libabsl_strings.so' by file ('usr/lib/mysqlrouter/private/libabsl_random_internal_distribution_test_util.so')
mysql W: Unused shared library '/usr/lib/libabsl_raw_logging_internal.so' by file ('usr/lib/mysqlrouter/private/libabsl_random_internal_distribution_test_util.so')
mysql W: Unused shared library '/usr/lib/libabsl_random_internal_randen.so' by file ('usr/lib/mysqlrouter/private/libabsl_random_internal_pool_urbg.so')
mysql W: Unused shared library '/usr/lib/libabsl_random_internal_seed_material.so' by file ('usr/lib/mysqlrouter/private/libabsl_random_internal_pool_urbg.so')
mysql W: Unused shared library '/usr/lib/libabsl_random_seed_gen_exception.so' by file ('usr/lib/mysqlrouter/private/libabsl_random_internal_pool_urbg.so')
mysql W: Unused shared library '/usr/lib/libabsl_random_internal_randen_hwaes_impl.so' by file ('usr/lib/mysqlrouter/private/libabsl_random_internal_pool_urbg.so')
mysql W: Unused shared library '/usr/lib/libabsl_random_internal_randen_slow.so' by file ('usr/lib/mysqlrouter/private/libabsl_random_internal_pool_urbg.so')
mysql W: Unused shared library '/usr/lib/libabsl_base.so' by file ('usr/lib/mysqlrouter/private/libabsl_random_internal_pool_urbg.so')
mysql W: Unused shared library '/usr/lib/libabsl_spinlock_wait.so' by file ('usr/lib/mysqlrouter/private/libabsl_random_internal_pool_urbg.so')
mysql W: Unused shared library '/usr/lib/libabsl_random_internal_randen_hwaes.so' by file ('usr/lib/mysqlrouter/private/libabsl_random_internal_randen.so')
mysql W: Unused shared library '/usr/lib/libabsl_random_internal_randen_slow.so' by file ('usr/lib/mysqlrouter/private/libabsl_random_internal_randen.so')
mysql W: Unused shared library '/usr/lib/libabsl_random_internal_randen_hwaes_impl.so' by file ('usr/lib/mysqlrouter/private/libabsl_random_internal_randen.so')
mysql W: Unused shared library '/usr/lib/libabsl_random_internal_platform.so' by file ('usr/lib/mysqlrouter/private/libabsl_random_internal_randen_slow.so')
mysql W: Unused shared library '/usr/lib/libabsl_hash.so' by file ('usr/lib/mysqlrouter/private/libabsl_raw_hash_set.so')
mysql W: Unused shared library '/usr/lib/libabsl_debugging_internal.so' by file ('usr/lib/mysqlrouter/private/libabsl_stacktrace.so')
mysql W: Unused shared library '/usr/lib/libabsl_cord.so' by file ('usr/lib/mysqlrouter/private/libabsl_status.so')
mysql W: Unused shared library '/usr/lib/libabsl_strerror.so' by file ('usr/lib/mysqlrouter/private/libabsl_status.so')
mysql W: Unused shared library '/usr/lib/libabsl_cordz_info.so' by file ('usr/lib/mysqlrouter/private/libabsl_status.so')
mysql W: Unused shared library '/usr/lib/libabsl_strings.so' by file ('usr/lib/mysqlrouter/private/libabsl_status.so')
mysql W: Unused shared library '/usr/lib/libabsl_raw_logging_internal.so' by file ('usr/lib/mysqlrouter/private/libabsl_status.so')
mysql W: Unused shared library '/usr/lib/libabsl_status.so' by file ('usr/lib/mysqlrouter/private/libabsl_statusor.so')
mysql W: Unused shared library '/usr/lib/libabsl_strings.so' by file ('usr/lib/mysqlrouter/private/libabsl_statusor.so')
mysql W: Unused shared library '/usr/lib/libabsl_spinlock_wait.so' by file ('usr/lib/mysqlrouter/private/libabsl_statusor.so')
mysql W: Unused shared library '/usr/lib/libabsl_raw_logging_internal.so' by file ('usr/lib/mysqlrouter/private/libabsl_statusor.so')
mysql W: Unused shared library '/usr/lib/libabsl_strings.so' by file ('usr/lib/mysqlrouter/private/libabsl_str_format_internal.so')
mysql W: Unused shared library '/usr/lib/libabsl_int128.so' by file ('usr/lib/mysqlrouter/private/libabsl_str_format_internal.so')
mysql W: Unused shared library '/usr/lib/libabsl_strings_internal.so' by file ('usr/lib/mysqlrouter/private/libabsl_strings.so')
mysql W: Unused shared library '/usr/lib/libabsl_raw_logging_internal.so' by file ('usr/lib/mysqlrouter/private/libabsl_strings.so')
mysql W: Unused shared library '/usr/lib/libabsl_raw_logging_internal.so' by file ('usr/lib/mysqlrouter/private/libabsl_strings_internal.so')
mysql W: Unused shared library '/usr/lib/libabsl_debugging_internal.so' by file ('usr/lib/mysqlrouter/private/libabsl_symbolize.so')
mysql W: Unused shared library '/usr/lib/libabsl_demangle_internal.so' by file ('usr/lib/mysqlrouter/private/libabsl_symbolize.so')
mysql W: Unused shared library '/usr/lib/libabsl_malloc_internal.so' by file ('usr/lib/mysqlrouter/private/libabsl_symbolize.so')
mysql W: Unused shared library '/usr/lib/libabsl_base.so' by file ('usr/lib/mysqlrouter/private/libabsl_symbolize.so')
mysql W: Unused shared library '/usr/lib/libabsl_raw_logging_internal.so' by file ('usr/lib/mysqlrouter/private/libabsl_symbolize.so')
mysql W: Unused shared library '/usr/lib/libabsl_kernel_timeout_internal.so' by file ('usr/lib/mysqlrouter/private/libabsl_synchronization.so')
mysql W: Unused shared library '/usr/lib/libabsl_stacktrace.so' by file ('usr/lib/mysqlrouter/private/libabsl_synchronization.so')
mysql W: Unused shared library '/usr/lib/libabsl_time.so' by file ('usr/lib/mysqlrouter/private/libabsl_synchronization.so')
mysql W: Unused shared library '/usr/lib/libabsl_malloc_internal.so' by file ('usr/lib/mysqlrouter/private/libabsl_synchronization.so')
mysql W: Unused shared library '/usr/lib/libabsl_base.so' by file ('usr/lib/mysqlrouter/private/libabsl_synchronization.so')
mysql W: Unused shared library '/usr/lib/libabsl_spinlock_wait.so' by file ('usr/lib/mysqlrouter/private/libabsl_synchronization.so')
mysql W: Unused shared library '/usr/lib/libabsl_raw_logging_internal.so' by file ('usr/lib/mysqlrouter/private/libabsl_synchronization.so')
mysql W: Unused shared library '/usr/lib/libabsl_strings.so' by file ('usr/lib/mysqlrouter/private/libabsl_time.so')
mysql W: Unused shared library '/usr/lib/libabsl_time_zone.so' by file ('usr/lib/mysqlrouter/private/libabsl_time.so')
mysql W: Unused shared library '/usr/lib/libabsl_int128.so' by file ('usr/lib/mysqlrouter/private/libabsl_time.so')
mysql W: Unused shared library '/usr/lib/libabsl_raw_logging_internal.so' by file ('usr/lib/mysqlrouter/private/libabsl_time.so')
mysql W: Unused shared library '/usr/lib/libabsl_die_if_null.so' by file ('usr/lib/mysqlrouter/private/libprotobuf.so.24.4.0')
mysql W: Unused shared library '/usr/lib/libabsl_statusor.so' by file ('usr/lib/mysqlrouter/private/libprotobuf.so.24.4.0')
mysql W: Unused shared library '/usr/lib/libabsl_log_internal_check_op.so' by file ('usr/lib/mysqlrouter/private/libprotobuf.so.24.4.0')
mysql W: Unused shared library '/usr/lib/libabsl_log_internal_conditions.so' by file ('usr/lib/mysqlrouter/private/libprotobuf.so.24.4.0')
mysql W: Unused shared library '/usr/lib/libabsl_log_internal_message.so' by file ('usr/lib/mysqlrouter/private/libprotobuf.so.24.4.0')
mysql W: Unused shared library '/usr/lib/libabsl_log_internal_nullguard.so' by file ('usr/lib/mysqlrouter/private/libprotobuf.so.24.4.0')
mysql W: Unused shared library '/usr/lib/libabsl_raw_hash_set.so' by file ('usr/lib/mysqlrouter/private/libprotobuf.so.24.4.0')
mysql W: Unused shared library '/usr/lib/libabsl_hash.so' by file ('usr/lib/mysqlrouter/private/libprotobuf.so.24.4.0')
mysql W: Unused shared library '/usr/lib/libabsl_status.so' by file ('usr/lib/mysqlrouter/private/libprotobuf.so.24.4.0')
mysql W: Unused shared library '/usr/lib/libabsl_cord.so' by file ('usr/lib/mysqlrouter/private/libprotobuf.so.24.4.0')
mysql W: Unused shared library '/usr/lib/libabsl_cordz_info.so' by file ('usr/lib/mysqlrouter/private/libprotobuf.so.24.4.0')
mysql W: Unused shared library '/usr/lib/libabsl_synchronization.so' by file ('usr/lib/mysqlrouter/private/libprotobuf.so.24.4.0')
mysql W: Unused shared library '/usr/lib/libabsl_time.so' by file ('usr/lib/mysqlrouter/private/libprotobuf.so.24.4.0')
mysql W: Unused shared library '/usr/lib/libabsl_time_zone.so' by file ('usr/lib/mysqlrouter/private/libprotobuf.so.24.4.0')
mysql W: Unused shared library '/usr/lib/libabsl_str_format_internal.so' by file ('usr/lib/mysqlrouter/private/libprotobuf.so.24.4.0')
mysql W: Unused shared library '/usr/lib/libabsl_strings.so' by file ('usr/lib/mysqlrouter/private/libprotobuf.so.24.4.0')
mysql W: Unused shared library '/usr/lib/libabsl_throw_delegate.so' by file ('usr/lib/mysqlrouter/private/libprotobuf.so.24.4.0')
mysql W: Unused shared library '/usr/lib/libabsl_spinlock_wait.so' by file ('usr/lib/mysqlrouter/private/libprotobuf.so.24.4.0')
mysql W: Unused shared library '/usr/lib/libabsl_raw_logging_internal.so' by file ('usr/lib/private/libabsl_base.so')
mysql W: Unused shared library '/usr/lib/libabsl_spinlock_wait.so' by file ('usr/lib/private/libabsl_base.so')
mysql W: Unused shared library '/usr/lib/libabsl_cordz_info.so' by file ('usr/lib/private/libabsl_cord.so')
mysql W: Unused shared library '/usr/lib/libabsl_cord_internal.so' by file ('usr/lib/private/libabsl_cord.so')
mysql W: Unused shared library '/usr/lib/libabsl_crc_cord_state.so' by file ('usr/lib/private/libabsl_cord.so')
mysql W: Unused shared library '/usr/lib/libabsl_cordz_functions.so' by file ('usr/lib/private/libabsl_cord.so')
mysql W: Unused shared library '/usr/lib/libabsl_strings.so' by file ('usr/lib/private/libabsl_cord.so')
mysql W: Unused shared library '/usr/lib/libabsl_raw_logging_internal.so' by file ('usr/lib/private/libabsl_cord.so')
mysql W: Unused shared library '/usr/lib/libabsl_crc_cord_state.so' by file ('usr/lib/private/libabsl_cord_internal.so')
mysql W: Unused shared library '/usr/lib/libabsl_strings.so' by file ('usr/lib/private/libabsl_cord_internal.so')
mysql W: Unused shared library '/usr/lib/libabsl_throw_delegate.so' by file ('usr/lib/private/libabsl_cord_internal.so')
mysql W: Unused shared library '/usr/lib/libabsl_raw_logging_internal.so' by file ('usr/lib/private/libabsl_cord_internal.so')
mysql W: Unused shared library '/usr/lib/libabsl_exponential_biased.so' by file ('usr/lib/private/libabsl_cordz_functions.so')
mysql W: Unused shared library '/usr/lib/libabsl_synchronization.so' by file ('usr/lib/private/libabsl_cordz_handle.so')
mysql W: Unused shared library '/usr/lib/libabsl_cord_internal.so' by file ('usr/lib/private/libabsl_cordz_info.so')
mysql W: Unused shared library '/usr/lib/libabsl_cordz_handle.so' by file ('usr/lib/private/libabsl_cordz_info.so')
mysql W: Unused shared library '/usr/lib/libabsl_synchronization.so' by file ('usr/lib/private/libabsl_cordz_info.so')
mysql W: Unused shared library '/usr/lib/libabsl_stacktrace.so' by file ('usr/lib/private/libabsl_cordz_info.so')
mysql W: Unused shared library '/usr/lib/libabsl_time.so' by file ('usr/lib/private/libabsl_cordz_info.so')
mysql W: Unused shared library '/usr/lib/libabsl_base.so' by file ('usr/lib/private/libabsl_cordz_info.so')
mysql W: Unused shared library '/usr/lib/libabsl_cordz_info.so' by file ('usr/lib/private/libabsl_cordz_sample_token.so')
mysql W: Unused shared library '/usr/lib/libabsl_crc_internal.so' by file ('usr/lib/private/libabsl_crc32c.so')
mysql W: Unused shared library '/usr/lib/libabsl_crc32c.so' by file ('usr/lib/private/libabsl_crc_cord_state.so')
mysql W: Unused shared library '/usr/lib/libabsl_raw_logging_internal.so' by file ('usr/lib/private/libabsl_crc_internal.so')
mysql W: Unused shared library '/usr/lib/libabsl_raw_logging_internal.so' by file ('usr/lib/private/libabsl_debugging_internal.so')
mysql W: Unused shared library '/usr/lib/libabsl_log_internal_message.so' by file ('usr/lib/private/libabsl_die_if_null.so')
mysql W: Unused shared library '/usr/lib/libabsl_strings.so' by file ('usr/lib/private/libabsl_die_if_null.so')
mysql W: Unused shared library '/usr/lib/libabsl_stacktrace.so' by file ('usr/lib/private/libabsl_examine_stack.so')
mysql W: Unused shared library '/usr/lib/libabsl_symbolize.so' by file ('usr/lib/private/libabsl_examine_stack.so')
mysql W: Unused shared library '/usr/lib/libabsl_examine_stack.so' by file ('usr/lib/private/libabsl_failure_signal_handler.so')
mysql W: Unused shared library '/usr/lib/libabsl_stacktrace.so' by file ('usr/lib/private/libabsl_failure_signal_handler.so')
mysql W: Unused shared library '/usr/lib/libabsl_base.so' by file ('usr/lib/private/libabsl_failure_signal_handler.so')
mysql W: Unused shared library '/usr/lib/libabsl_raw_logging_internal.so' by file ('usr/lib/private/libabsl_failure_signal_handler.so')
mysql W: Unused shared library '/usr/lib/libabsl_flags_program_name.so' by file ('usr/lib/private/libabsl_flags_config.so')
mysql W: Unused shared library '/usr/lib/libabsl_synchronization.so' by file ('usr/lib/private/libabsl_flags_config.so')
mysql W: Unused shared library '/usr/lib/libabsl_flags_commandlineflag.so' by file ('usr/lib/private/libabsl_flags_internal.so')
mysql W: Unused shared library '/usr/lib/libabsl_flags_commandlineflag_internal.so' by file ('usr/lib/private/libabsl_flags_internal.so')
mysql W: Unused shared library '/usr/lib/libabsl_flags_config.so' by file ('usr/lib/private/libabsl_flags_internal.so')
mysql W: Unused shared library '/usr/lib/libabsl_synchronization.so' by file ('usr/lib/private/libabsl_flags_internal.so')
mysql W: Unused shared library '/usr/lib/libabsl_strings.so' by file ('usr/lib/private/libabsl_flags_internal.so')
mysql W: Unused shared library '/usr/lib/libabsl_spinlock_wait.so' by file ('usr/lib/private/libabsl_flags_internal.so')
mysql W: Unused shared library '/usr/lib/libabsl_raw_logging_internal.so' by file ('usr/lib/private/libabsl_flags_internal.so')
mysql W: Unused shared library '/usr/lib/libabsl_str_format_internal.so' by file ('usr/lib/private/libabsl_flags_marshalling.so')
mysql W: Unused shared library '/usr/lib/libabsl_strings.so' by file ('usr/lib/private/libabsl_flags_marshalling.so')
mysql W: Unused shared library '/usr/lib/libabsl_int128.so' by file ('usr/lib/private/libabsl_flags_marshalling.so')
mysql W: Unused shared library '/usr/lib/libabsl_flags_usage.so' by file ('usr/lib/private/libabsl_flags_parse.so')
mysql W: Unused shared library '/usr/lib/libabsl_flags_usage_internal.so' by file ('usr/lib/private/libabsl_flags_parse.so')
mysql W: Unused shared library '/usr/lib/libabsl_flags_internal.so' by file ('usr/lib/private/libabsl_flags_parse.so')
mysql W: Unused shared library '/usr/lib/libabsl_flags_marshalling.so' by file ('usr/lib/private/libabsl_flags_parse.so')
mysql W: Unused shared library '/usr/lib/libabsl_flags_reflection.so' by file ('usr/lib/private/libabsl_flags_parse.so')
mysql W: Unused shared library '/usr/lib/libabsl_flags_config.so' by file ('usr/lib/private/libabsl_flags_parse.so')
mysql W: Unused shared library '/usr/lib/libabsl_flags_program_name.so' by file ('usr/lib/private/libabsl_flags_parse.so')
mysql W: Unused shared library '/usr/lib/libabsl_flags_private_handle_accessor.so' by file ('usr/lib/private/libabsl_flags_parse.so')
mysql W: Unused shared library '/usr/lib/libabsl_synchronization.so' by file ('usr/lib/private/libabsl_flags_parse.so')
mysql W: Unused shared library '/usr/lib/libabsl_strings.so' by file ('usr/lib/private/libabsl_flags_parse.so')
mysql W: Unused shared library '/usr/lib/libabsl_raw_logging_internal.so' by file ('usr/lib/private/libabsl_flags_parse.so')
mysql W: Unused shared library '/usr/lib/libabsl_synchronization.so' by file ('usr/lib/private/libabsl_flags_program_name.so')
mysql W: Unused shared library '/usr/lib/libabsl_flags_private_handle_accessor.so' by file ('usr/lib/private/libabsl_flags_reflection.so')
mysql W: Unused shared library '/usr/lib/libabsl_flags_config.so' by file ('usr/lib/private/libabsl_flags_reflection.so')
mysql W: Unused shared library '/usr/lib/libabsl_flags_commandlineflag.so' by file ('usr/lib/private/libabsl_flags_reflection.so')
mysql W: Unused shared library '/usr/lib/libabsl_raw_hash_set.so' by file ('usr/lib/private/libabsl_flags_reflection.so')
mysql W: Unused shared library '/usr/lib/libabsl_hash.so' by file ('usr/lib/private/libabsl_flags_reflection.so')
mysql W: Unused shared library '/usr/lib/libabsl_synchronization.so' by file ('usr/lib/private/libabsl_flags_reflection.so')
mysql W: Unused shared library '/usr/lib/libabsl_strings.so' by file ('usr/lib/private/libabsl_flags_reflection.so')
mysql W: Unused shared library '/usr/lib/libabsl_synchronization.so' by file ('usr/lib/private/libabsl_flags_usage.so')
mysql W: Unused shared library '/usr/lib/libabsl_raw_logging_internal.so' by file ('usr/lib/private/libabsl_flags_usage.so')
mysql W: Unused shared library '/usr/lib/libabsl_flags_internal.so' by file ('usr/lib/private/libabsl_flags_usage_internal.so')
mysql W: Unused shared library '/usr/lib/libabsl_flags_reflection.so' by file ('usr/lib/private/libabsl_flags_usage_internal.so')
mysql W: Unused shared library '/usr/lib/libabsl_flags_config.so' by file ('usr/lib/private/libabsl_flags_usage_internal.so')
mysql W: Unused shared library '/usr/lib/libabsl_flags_program_name.so' by file ('usr/lib/private/libabsl_flags_usage_internal.so')
mysql W: Unused shared library '/usr/lib/libabsl_synchronization.so' by file ('usr/lib/private/libabsl_flags_usage_internal.so')
mysql W: Unused shared library '/usr/lib/libabsl_strings.so' by file ('usr/lib/private/libabsl_flags_usage_internal.so')
mysql W: Unused shared library '/usr/lib/libabsl_malloc_internal.so' by file ('usr/lib/private/libabsl_graphcycles_internal.so')
mysql W: Unused shared library '/usr/lib/libabsl_base.so' by file ('usr/lib/private/libabsl_graphcycles_internal.so')
mysql W: Unused shared library '/usr/lib/libabsl_raw_logging_internal.so' by file ('usr/lib/private/libabsl_graphcycles_internal.so')
mysql W: Unused shared library '/usr/lib/libabsl_city.so' by file ('usr/lib/private/libabsl_hash.so')
mysql W: Unused shared library '/usr/lib/libabsl_low_level_hash.so' by file ('usr/lib/private/libabsl_hash.so')
mysql W: Unused shared library '/usr/lib/libabsl_synchronization.so' by file ('usr/lib/private/libabsl_hashtablez_sampler.so')
mysql W: Unused shared library '/usr/lib/libabsl_time.so' by file ('usr/lib/private/libabsl_hashtablez_sampler.so')
mysql W: Unused shared library '/usr/lib/libabsl_stacktrace.so' by file ('usr/lib/private/libabsl_hashtablez_sampler.so')
mysql W: Unused shared library '/usr/lib/libabsl_raw_logging_internal.so' by file ('usr/lib/private/libabsl_hashtablez_sampler.so')
mysql W: Unused shared library '/usr/lib/libabsl_time.so' by file ('usr/lib/private/libabsl_kernel_timeout_internal.so')
mysql W: Unused shared library '/usr/lib/libabsl_raw_logging_internal.so' by file ('usr/lib/private/libabsl_kernel_timeout_internal.so')
mysql W: Unused shared library '/usr/lib/libabsl_log_globals.so' by file ('usr/lib/private/libabsl_log_flags.so')
mysql W: Unused shared library '/usr/lib/libabsl_flags_internal.so' by file ('usr/lib/private/libabsl_log_flags.so')
mysql W: Unused shared library '/usr/lib/libabsl_flags_marshalling.so' by file ('usr/lib/private/libabsl_log_flags.so')
mysql W: Unused shared library '/usr/lib/libabsl_flags_reflection.so' by file ('usr/lib/private/libabsl_log_flags.so')
mysql W: Unused shared library '/usr/lib/libabsl_strings.so' by file ('usr/lib/private/libabsl_log_flags.so')
mysql W: Unused shared library '/usr/lib/libabsl_hash.so' by file ('usr/lib/private/libabsl_log_globals.so')
mysql W: Unused shared library '/usr/lib/libabsl_raw_logging_internal.so' by file ('usr/lib/private/libabsl_log_globals.so')
mysql W: Unused shared library '/usr/lib/libabsl_log_internal_globals.so' by file ('usr/lib/private/libabsl_log_initialize.so')
mysql W: Unused shared library '/usr/lib/libabsl_time_zone.so' by file ('usr/lib/private/libabsl_log_initialize.so')
mysql W: Unused shared library '/usr/lib/libabsl_log_internal_nullguard.so' by file ('usr/lib/private/libabsl_log_internal_check_op.so')
mysql W: Unused shared library '/usr/lib/libabsl_strings.so' by file ('usr/lib/private/libabsl_log_internal_check_op.so')
mysql W: Unused shared library '/usr/lib/libabsl_base.so' by file ('usr/lib/private/libabsl_log_internal_conditions.so')
mysql W: Unused shared library '/usr/lib/libabsl_log_internal_globals.so' by file ('usr/lib/private/libabsl_log_internal_format.so')
mysql W: Unused shared library '/usr/lib/libabsl_time.so' by file ('usr/lib/private/libabsl_log_internal_format.so')
mysql W: Unused shared library '/usr/lib/libabsl_str_format_internal.so' by file ('usr/lib/private/libabsl_log_internal_format.so')
mysql W: Unused shared library '/usr/lib/libabsl_strings.so' by file ('usr/lib/private/libabsl_log_internal_format.so')
mysql W: Unused shared library '/usr/lib/libabsl_raw_logging_internal.so' by file ('usr/lib/private/libabsl_log_internal_globals.so')
mysql W: Unused shared library '/usr/lib/libabsl_log_internal_globals.so' by file ('usr/lib/private/libabsl_log_internal_log_sink_set.so')
mysql W: Unused shared library '/usr/lib/libabsl_log_globals.so' by file ('usr/lib/private/libabsl_log_internal_log_sink_set.so')
mysql W: Unused shared library '/usr/lib/libabsl_log_sink.so' by file ('usr/lib/private/libabsl_log_internal_log_sink_set.so')
mysql W: Unused shared library '/usr/lib/libabsl_synchronization.so' by file ('usr/lib/private/libabsl_log_internal_log_sink_set.so')
mysql W: Unused shared library '/usr/lib/libabsl_raw_logging_internal.so' by file ('usr/lib/private/libabsl_log_internal_log_sink_set.so')
mysql W: Unused shared library '/usr/lib/libabsl_spinlock_wait.so' by file ('usr/lib/private/libabsl_log_internal_log_sink_set.so')
mysql W: Unused shared library '/usr/lib/libabsl_examine_stack.so' by file ('usr/lib/private/libabsl_log_internal_message.so')
mysql W: Unused shared library '/usr/lib/libabsl_log_internal_format.so' by file ('usr/lib/private/libabsl_log_internal_message.so')
mysql W: Unused shared library '/usr/lib/libabsl_log_internal_proto.so' by file ('usr/lib/private/libabsl_log_internal_message.so')
mysql W: Unused shared library '/usr/lib/libabsl_strerror.so' by file ('usr/lib/private/libabsl_log_internal_message.so')
mysql W: Unused shared library '/usr/lib/libabsl_log_internal_log_sink_set.so' by file ('usr/lib/private/libabsl_log_internal_message.so')
mysql W: Unused shared library '/usr/lib/libabsl_log_internal_globals.so' by file ('usr/lib/private/libabsl_log_internal_message.so')
mysql W: Unused shared library '/usr/lib/libabsl_log_globals.so' by file ('usr/lib/private/libabsl_log_internal_message.so')
mysql W: Unused shared library '/usr/lib/libabsl_time.so' by file ('usr/lib/private/libabsl_log_internal_message.so')
mysql W: Unused shared library '/usr/lib/libabsl_base.so' by file ('usr/lib/private/libabsl_log_internal_message.so')
mysql W: Unused shared library '/usr/lib/libabsl_throw_delegate.so' by file ('usr/lib/private/libabsl_log_internal_message.so')
mysql W: Unused shared library '/usr/lib/libabsl_raw_logging_internal.so' by file ('usr/lib/private/libabsl_log_internal_message.so')
mysql W: Unused shared library '/usr/lib/libabsl_throw_delegate.so' by file ('usr/lib/private/libabsl_log_internal_proto.so')
mysql W: Unused shared library '/usr/lib/libabsl_base.so' by file ('usr/lib/private/libabsl_malloc_internal.so')
mysql W: Unused shared library '/usr/lib/libabsl_raw_logging_internal.so' by file ('usr/lib/private/libabsl_malloc_internal.so')
mysql W: Unused shared library '/usr/lib/libabsl_spinlock_wait.so' by file ('usr/lib/private/libabsl_malloc_internal.so')
mysql W: Unused shared library '/usr/lib/libabsl_exponential_biased.so' by file ('usr/lib/private/libabsl_periodic_sampler.so')
mysql W: Unused shared library '/usr/lib/libabsl_str_format_internal.so' by file ('usr/lib/private/libabsl_random_internal_distribution_test_util.so')
mysql W: Unused shared library '/usr/lib/libabsl_strings.so' by file ('usr/lib/private/libabsl_random_internal_distribution_test_util.so')
mysql W: Unused shared library '/usr/lib/libabsl_raw_logging_internal.so' by file ('usr/lib/private/libabsl_random_internal_distribution_test_util.so')
mysql W: Unused shared library '/usr/lib/libabsl_random_internal_randen.so' by file ('usr/lib/private/libabsl_random_internal_pool_urbg.so')
mysql W: Unused shared library '/usr/lib/libabsl_random_internal_seed_material.so' by file ('usr/lib/private/libabsl_random_internal_pool_urbg.so')
mysql W: Unused shared library '/usr/lib/libabsl_random_seed_gen_exception.so' by file ('usr/lib/private/libabsl_random_internal_pool_urbg.so')
mysql W: Unused shared library '/usr/lib/libabsl_random_internal_randen_hwaes_impl.so' by file ('usr/lib/private/libabsl_random_internal_pool_urbg.so')
mysql W: Unused shared library '/usr/lib/libabsl_random_internal_randen_slow.so' by file ('usr/lib/private/libabsl_random_internal_pool_urbg.so')
mysql W: Unused shared library '/usr/lib/libabsl_base.so' by file ('usr/lib/private/libabsl_random_internal_pool_urbg.so')
mysql W: Unused shared library '/usr/lib/libabsl_spinlock_wait.so' by file ('usr/lib/private/libabsl_random_internal_pool_urbg.so')
mysql W: Unused shared library '/usr/lib/libabsl_random_internal_randen_hwaes.so' by file ('usr/lib/private/libabsl_random_internal_randen.so')
mysql W: Unused shared library '/usr/lib/libabsl_random_internal_randen_slow.so' by file ('usr/lib/private/libabsl_random_internal_randen.so')
mysql W: Unused shared library '/usr/lib/libabsl_random_internal_randen_hwaes_impl.so' by file ('usr/lib/private/libabsl_random_internal_randen.so')
mysql W: Unused shared library '/usr/lib/libabsl_random_internal_platform.so' by file ('usr/lib/private/libabsl_random_internal_randen_slow.so')
mysql W: Unused shared library '/usr/lib/libabsl_hash.so' by file ('usr/lib/private/libabsl_raw_hash_set.so')
mysql W: Unused shared library '/usr/lib/libabsl_debugging_internal.so' by file ('usr/lib/private/libabsl_stacktrace.so')
mysql W: Unused shared library '/usr/lib/libabsl_cord.so' by file ('usr/lib/private/libabsl_status.so')
mysql W: Unused shared library '/usr/lib/libabsl_strerror.so' by file ('usr/lib/private/libabsl_status.so')
mysql W: Unused shared library '/usr/lib/libabsl_cordz_info.so' by file ('usr/lib/private/libabsl_status.so')
mysql W: Unused shared library '/usr/lib/libabsl_strings.so' by file ('usr/lib/private/libabsl_status.so')
mysql W: Unused shared library '/usr/lib/libabsl_raw_logging_internal.so' by file ('usr/lib/private/libabsl_status.so')
mysql W: Unused shared library '/usr/lib/libabsl_status.so' by file ('usr/lib/private/libabsl_statusor.so')
mysql W: Unused shared library '/usr/lib/libabsl_strings.so' by file ('usr/lib/private/libabsl_statusor.so')
mysql W: Unused shared library '/usr/lib/libabsl_spinlock_wait.so' by file ('usr/lib/private/libabsl_statusor.so')
mysql W: Unused shared library '/usr/lib/libabsl_raw_logging_internal.so' by file ('usr/lib/private/libabsl_statusor.so')
mysql W: Unused shared library '/usr/lib/libabsl_strings.so' by file ('usr/lib/private/libabsl_str_format_internal.so')
mysql W: Unused shared library '/usr/lib/libabsl_int128.so' by file ('usr/lib/private/libabsl_str_format_internal.so')
mysql W: Unused shared library '/usr/lib/libabsl_strings_internal.so' by file ('usr/lib/private/libabsl_strings.so')
mysql W: Unused shared library '/usr/lib/libabsl_raw_logging_internal.so' by file ('usr/lib/private/libabsl_strings.so')
mysql W: Unused shared library '/usr/lib/libabsl_raw_logging_internal.so' by file ('usr/lib/private/libabsl_strings_internal.so')
mysql W: Unused shared library '/usr/lib/libabsl_debugging_internal.so' by file ('usr/lib/private/libabsl_symbolize.so')
mysql W: Unused shared library '/usr/lib/libabsl_demangle_internal.so' by file ('usr/lib/private/libabsl_symbolize.so')
mysql W: Unused shared library '/usr/lib/libabsl_malloc_internal.so' by file ('usr/lib/private/libabsl_symbolize.so')
mysql W: Unused shared library '/usr/lib/libabsl_base.so' by file ('usr/lib/private/libabsl_symbolize.so')
mysql W: Unused shared library '/usr/lib/libabsl_raw_logging_internal.so' by file ('usr/lib/private/libabsl_symbolize.so')
mysql W: Unused shared library '/usr/lib/libabsl_kernel_timeout_internal.so' by file ('usr/lib/private/libabsl_synchronization.so')
mysql W: Unused shared library '/usr/lib/libabsl_stacktrace.so' by file ('usr/lib/private/libabsl_synchronization.so')
mysql W: Unused shared library '/usr/lib/libabsl_time.so' by file ('usr/lib/private/libabsl_synchronization.so')
mysql W: Unused shared library '/usr/lib/libabsl_malloc_internal.so' by file ('usr/lib/private/libabsl_synchronization.so')
mysql W: Unused shared library '/usr/lib/libabsl_base.so' by file ('usr/lib/private/libabsl_synchronization.so')
mysql W: Unused shared library '/usr/lib/libabsl_spinlock_wait.so' by file ('usr/lib/private/libabsl_synchronization.so')
mysql W: Unused shared library '/usr/lib/libabsl_raw_logging_internal.so' by file ('usr/lib/private/libabsl_synchronization.so')
mysql W: Unused shared library '/usr/lib/libabsl_strings.so' by file ('usr/lib/private/libabsl_time.so')
mysql W: Unused shared library '/usr/lib/libabsl_time_zone.so' by file ('usr/lib/private/libabsl_time.so')
mysql W: Unused shared library '/usr/lib/libabsl_int128.so' by file ('usr/lib/private/libabsl_time.so')
mysql W: Unused shared library '/usr/lib/libabsl_raw_logging_internal.so' by file ('usr/lib/private/libabsl_time.so')
mysql W: Unused shared library '/usr/lib/libabsl_log_internal_check_op.so' by file ('usr/lib/private/libprotobuf-lite.so.24.4.0')
mysql W: Unused shared library '/usr/lib/libabsl_log_internal_message.so' by file ('usr/lib/private/libprotobuf-lite.so.24.4.0')
mysql W: Unused shared library '/usr/lib/libabsl_log_internal_nullguard.so' by file ('usr/lib/private/libprotobuf-lite.so.24.4.0')
mysql W: Unused shared library '/usr/lib/libabsl_raw_hash_set.so' by file ('usr/lib/private/libprotobuf-lite.so.24.4.0')
mysql W: Unused shared library '/usr/lib/libabsl_hash.so' by file ('usr/lib/private/libprotobuf-lite.so.24.4.0')
mysql W: Unused shared library '/usr/lib/libabsl_cord.so' by file ('usr/lib/private/libprotobuf-lite.so.24.4.0')
mysql W: Unused shared library '/usr/lib/libabsl_synchronization.so' by file ('usr/lib/private/libprotobuf-lite.so.24.4.0')
mysql W: Unused shared library '/usr/lib/libabsl_strings.so' by file ('usr/lib/private/libprotobuf-lite.so.24.4.0')
mysql W: Unused shared library '/usr/lib/libabsl_throw_delegate.so' by file ('usr/lib/private/libprotobuf-lite.so.24.4.0')
mysql W: Unused shared library '/usr/lib/libabsl_die_if_null.so' by file ('usr/lib/private/libprotobuf.so.24.4.0')
mysql W: Unused shared library '/usr/lib/libabsl_statusor.so' by file ('usr/lib/private/libprotobuf.so.24.4.0')
mysql W: Unused shared library '/usr/lib/libabsl_log_internal_check_op.so' by file ('usr/lib/private/libprotobuf.so.24.4.0')
mysql W: Unused shared library '/usr/lib/libabsl_log_internal_conditions.so' by file ('usr/lib/private/libprotobuf.so.24.4.0')
mysql W: Unused shared library '/usr/lib/libabsl_log_internal_message.so' by file ('usr/lib/private/libprotobuf.so.24.4.0')
mysql W: Unused shared library '/usr/lib/libabsl_log_internal_nullguard.so' by file ('usr/lib/private/libprotobuf.so.24.4.0')
mysql W: Unused shared library '/usr/lib/libabsl_raw_hash_set.so' by file ('usr/lib/private/libprotobuf.so.24.4.0')
mysql W: Unused shared library '/usr/lib/libabsl_hash.so' by file ('usr/lib/private/libprotobuf.so.24.4.0')
mysql W: Unused shared library '/usr/lib/libabsl_status.so' by file ('usr/lib/private/libprotobuf.so.24.4.0')
mysql W: Unused shared library '/usr/lib/libabsl_cord.so' by file ('usr/lib/private/libprotobuf.so.24.4.0')
mysql W: Unused shared library '/usr/lib/libabsl_cordz_info.so' by file ('usr/lib/private/libprotobuf.so.24.4.0')
mysql W: Unused shared library '/usr/lib/libabsl_synchronization.so' by file ('usr/lib/private/libprotobuf.so.24.4.0')
mysql W: Unused shared library '/usr/lib/libabsl_time.so' by file ('usr/lib/private/libprotobuf.so.24.4.0')
mysql W: Unused shared library '/usr/lib/libabsl_time_zone.so' by file ('usr/lib/private/libprotobuf.so.24.4.0')
mysql W: Unused shared library '/usr/lib/libabsl_str_format_internal.so' by file ('usr/lib/private/libprotobuf.so.24.4.0')
mysql W: Unused shared library '/usr/lib/libabsl_strings.so' by file ('usr/lib/private/libprotobuf.so.24.4.0')
mysql W: Unused shared library '/usr/lib/libabsl_throw_delegate.so' by file ('usr/lib/private/libprotobuf.so.24.4.0')
mysql W: Unused shared library '/usr/lib/libabsl_spinlock_wait.so' by file ('usr/lib/private/libprotobuf.so.24.4.0')
mysql E: Dependency abseil-cpp detected and not included (libraries ['usr/lib/libabsl_hash.so'] needed in files ['usr/lib/mysql/plugin/group_replication.so'])
mysql E: Dependency perl detected and not included (programs ['perl'] needed in scripts ['usr/bin/mysqldumpslow'])
mysql W: Dependency openssl detected and implicitly satisfied (libraries ['usr/lib/libcrypto.so.3', 'usr/lib/libssl.so.3'] needed in files ['usr/lib/mysqlrouter/connection_pool.so', 'usr/lib/mysqlrouter/private/libmysqlrouter_routing.so.1', 'usr/lib/mysqlrouter/private/libmysqlrouter_http_auth_backend.so.1', 'usr/bin/my_print_defaults', 'usr/lib/mysql/plugin/component_keyring_file.so', 'usr/bin/mysql_test_event_tracking', 'usr/lib/mysqlrouter/mysql_rest_service.so', 'usr/bin/mysqltest', 'usr/lib/mysqlrouter/private/libmysqlrouter_http_client.so.1', 'usr/bin/mysqlbinlog', 'usr/bin/mysqld', 'usr/lib/mysqlrouter/private/libmysqlrouter_connection_pool.so.1', 'usr/lib/mysqlrouter/private/libmysqlrouter_http_server.so.1', 'usr/lib/mysqlrouter/private/libmysqlrouter_routing_connections.so.1', 'usr/bin/myisampack', 'usr/bin/mysqlrouter_mrs_client', 'usr/lib/mysqlrouter/private/libmysqlrouter.so.1', 'usr/lib/mysql/plugin/group_replication.so', 'usr/bin/mysql_migrate_keyring', 'usr/bin/mysql_keyring_encryption_test', 'usr/lib/mysqlrouter/private/libmysqlrouter_mysqlclient.so.1', 'usr/bin/myisamchk', 'usr/lib/mysqlrouter/private/libmysqlrouter_mysqlxclient.so.1', 'usr/bin/mysqlxtest', 'usr/bin/mysql_secure_installation', 'usr/lib/mysqlrouter/private/libmysqlharness_tls.so.1', 'usr/lib/mysqlrouter/private/libmysqlharness.so.1'])
mysql W: Dependency gcc-libs detected and implicitly satisfied (libraries ['usr/lib/libstdc++.so.6', 'usr/lib/libgcc_s.so.1'] needed in files ['usr/lib/mysqlrouter/private/libmysqlrouter_io_component.so.1', 'usr/lib/mysqlrouter/private/libabsl_random_internal_distribution_test_util.so', 'usr/lib/private/libabsl_log_internal_globals.so', 'usr/lib/mysql/plugin/component_test_sys_var_service_str.so', 'usr/lib/mysql/plugin/ha_mock.so', 'usr/lib/mysql/plugin/component_test_execute_regular_statement.so', 'usr/bin/my_print_defaults', 'usr/lib/mysqlrouter/private/libmysqlharness_stdx.so.1', 'usr/lib/mysql/plugin/libtest_sql_shutdown.so', 'usr/lib/mysql/plugin/component_udf_reg_only_3_func.so', 'usr/lib/mysqlrouter/private/libmysqlrouter_mysqlxmessages.so.1', 'usr/lib/private/libabsl_flags_reflection.so', 'usr/lib/mysqlrouter/http_auth_backend.so', 'usr/lib/mysqlrouter/http_auth_realm.so', 'usr/lib/mysqlrouter/private/libabsl_str_format_internal.so', 'usr/lib/private/libabsl_flags_usage.so', 'usr/lib/mysql/plugin/component_test_mysql_thd_store_service.so', 'usr/lib/private/libabsl_symbolize.so', 'usr/lib/mysqlrouter/private/libabsl_flags_commandlineflag_internal.so', 'usr/lib/private/libabsl_throw_delegate.so', 'usr/lib/mysql/plugin/libtest_sql_lock.so', 'usr/lib/mysqlrouter/private/libabsl_crc32c.so', 'usr/lib/mysqlrouter/private/libprotobuf.so.24.4.0', 'usr/lib/mysqlrouter/private/libabsl_flags_usage.so', 'usr/lib/mysql/plugin/test_services_host_application_signal.so', 'usr/lib/mysqlrouter/private/libabsl_cord_internal.so', 'usr/lib/mysqlrouter/private/libabsl_flags_program_name.so', 'usr/lib/mysql/plugin/component_log_filter_dragnet.so', 'usr/lib/private/libabsl_failure_signal_handler.so', 'usr/lib/mysqlrouter/private/libabsl_malloc_internal.so', 'usr/lib/mysqlrouter/private/libabsl_demangle_internal.so', 'usr/lib/mysqlrouter/private/libabsl_throw_delegate.so', 'usr/lib/private/libabsl_status.so', 'usr/lib/mysql/plugin/libtest_services_threaded.so', 'usr/lib/mysql/plugin/component_test_audit_api_message.so', 'usr/lib/mysqlrouter/private/libabsl_flags_config.so', 'usr/lib/mysql/plugin/component_mysqlbackup.so', 'usr/bin/myisamchk', 'usr/lib/mysql/plugin/libtest_sql_views_triggers.so', 'usr/lib/mysqlrouter/private/libabsl_flags_commandlineflag.so', 'usr/lib/mysqlrouter/private/libabsl_cordz_info.so', 'usr/lib/mysqlrouter/private/libmysqlrouter_destination_status.so.1', 'usr/lib/mysqlrouter/metadata_cache.so', 'usr/lib/mysqlrouter/connection_pool.so', 'usr/lib/mysql/plugin/semisync_source.so', 'usr/lib/private/libabsl_log_sink.so', 'usr/lib/mysql/plugin/component_udf_reg_3_func.so', 'usr/lib/private/libabsl_civil_time.so', 'usr/lib/mysqlrouter/private/libmysqlrouter_routing_guidelines.so.1', 'usr/lib/mysqlrouter/private/libabsl_strings_internal.so', 'usr/bin/mysqltest', 'usr/lib/mysqlrouter/private/libmysqlrouter_cluster.so.1', 'usr/lib/mysql/plugin/component_mysqlx_global_reset.so', 'usr/lib/private/libabsl_random_distributions.so', 'usr/lib/mysqlrouter/rest_router.so', 'usr/lib/mysql/plugin/component_audit_api_message_emit.so', 'usr/lib/mysql/plugin/test_udf_services.so', 'usr/lib/mysqlrouter/private/libmysqlrouter_routing_connections.so.1', 'usr/lib/mysql/plugin/libtest_session_in_thd.so', 'usr/lib/private/libabsl_log_internal_check_op.so', 'usr/bin/myisampack', 'usr/lib/mysqlrouter/private/libabsl_log_flags.so', 'usr/bin/perror', 'usr/lib/mysql/plugin/semisync_master.so', 'usr/lib/mysqlrouter/routing.so', 'usr/bin/ibd2sdi', 'usr/bin/mysql_migrate_keyring', 'usr/lib/private/libabsl_cord.so', 'usr/lib/mysqlrouter/private/libabsl_crc_internal.so', 'usr/lib/mysql/plugin/component_test_server_telemetry_logs_client.so', 'usr/lib/mysql/plugin/libtest_x_sessions_deinit.so', 'usr/lib/private/libabsl_str_format_internal.so', 'usr/lib/mysqlrouter/private/libmysqlrouter_mysqlxclient.so.1', 'usr/lib/mysqlrouter/private/libabsl_random_internal_pool_urbg.so', 'usr/lib/private/libabsl_demangle_internal.so', 'usr/lib/mysql/plugin/semisync_slave.so', 'usr/lib/mysqlrouter/private/libabsl_time_zone.so', 'usr/lib/mysqlrouter/private/libabsl_cord.so', 'usr/lib/mysqlrouter/rest_routing.so', 'usr/lib/private/libabsl_flags_commandlineflag.so', 'usr/lib/mysqlrouter/private/libmysqlharness.so.1', 'usr/lib/private/libabsl_flags_usage_internal.so', 'usr/lib/mysqlrouter/private/libabsl_log_internal_log_sink_set.so', 'usr/lib/mysql/plugin/component_test_mysql_system_variable_set.so', 'usr/lib/mysql/plugin/auth_test_plugin.so', 'usr/lib/mysql/plugin/component_test_pfs_resource_group.so', 'usr/lib/mysqlrouter/private/libabsl_base.so', 'usr/lib/mysqlrouter/private/libabsl_civil_time.so', 'usr/lib/mysqlrouter/private/libabsl_log_severity.so', 'usr/lib/mysqlrouter/rest_api.so', 'usr/lib/private/libabsl_log_flags.so', 'usr/bin/mysqlrouter_plugin_info', 'usr/lib/mysqlrouter/mysql_rest_service.so', 'usr/lib/private/libabsl_cord_internal.so', 'usr/lib/private/libabsl_random_internal_seed_material.so', 'usr/lib/mysqlrouter/private/libmysqlrouter_http_client.so.1', 'usr/lib/mysql/plugin/test_services_command_services.so', 'usr/lib/mysqlrouter/private/libabsl_random_internal_randen.so', 'usr/lib/private/libabsl_time.so', 'usr/lib/mysqlrouter/private/libmysqlrouter_metadata_cache.so.1', 'usr/lib/mysql/plugin/semisync_replica.so', 'usr/lib/mysqlrouter/private/libabsl_scoped_set_env.so', 'usr/lib/mysqlrouter/private/libabsl_time.so', 'usr/lib/mysqlrouter/private/libabsl_int128.so', 'usr/lib/mysql/plugin/component_test_execute_prepared_statement.so', 'usr/lib/mysql/plugin/group_replication.so', 'usr/lib/private/libabsl_strings_internal.so', 'usr/lib/mysqlrouter/private/libmysqlrouter_mysqlclient.so.1', 'usr/lib/mysqlrouter/private/libabsl_die_if_null.so', 'usr/lib/private/libabsl_random_internal_pool_urbg.so', 'usr/lib/mysqlrouter/private/libabsl_log_internal_message.so', 'usr/lib/mysqlrouter/private/libabsl_flags_internal.so', 'usr/bin/mysqlxtest', 'usr/lib/mysql/plugin/component_test_host_application_signal.so', 'usr/lib/mysqlrouter/private/libmysqlharness_tls.so.1', 'usr/lib/mysqlrouter/private/libabsl_flags_parse.so', 'usr/lib/private/libabsl_base.so', 'usr/lib/mysql/plugin/ddl_rewriter.so', 'usr/lib/private/libabsl_random_internal_randen.so', 'usr/lib/mysql/plugin/component_test_udf_registration.so', 'usr/lib/mysql/plugin/mysql_clone.so', 'usr/lib/private/libprotobuf-lite.so.24.4.0', 'usr/lib/mysql/plugin/component_test_server_telemetry_logs_export.so', 'usr/bin/mysqld', 'usr/lib/mysqlrouter/router_openssl.so', 'usr/lib/private/libabsl_flags_internal.so', 'usr/lib/mysql/plugin/component_test_udf_services.so', 'usr/lib/mysql/plugin/component_test_event_tracking_producer_b.so', 'usr/lib/mysql/plugin/libtest_session_attach.so', 'usr/lib/private/libabsl_log_internal_message.so', 'usr/lib/mysql/plugin/component_test_sensitive_system_variables.so', 'usr/lib/mysql/plugin/keyring_udf.so', 'usr/bin/mysqlrouter_bootstrap', 'usr/lib/private/libabsl_flags_program_name.so', 'usr/lib/mysql/plugin/component_test_sys_var_service_same.so', 'usr/lib/mysql/plugin/test_services_plugin_registry.so', 'usr/lib/private/libabsl_strerror.so', 'usr/lib/mysql/plugin/component_test_event_tracking_producer_a.so', 'usr/lib/private/libabsl_flags_parse.so', 'usr/lib/mysql/plugin/libtest_sql_reset_connection.so', 'usr/lib/mysqlrouter/private/libmysqlrouter_http.so.1', 'usr/lib/mysqlrouter/private/libabsl_graphcycles_internal.so', 'usr/lib/mysqlrouter/private/libabsl_strings.so', 'usr/lib/mysql/plugin/libtest_sql_errors.so', 'usr/lib/private/libabsl_random_internal_distribution_test_util.so', 'usr/lib/private/libabsl_log_severity.so', 'usr/lib/mysql/plugin/component_test_status_var_reader.so', 'usr/lib/mysql/plugin/component_test_session_var_service.so', 'usr/lib/private/libabsl_debugging_internal.so', 'usr/lib/mysql/plugin/component_pfs_example_component_population.so', 'usr/lib/mysql/plugin/libtest_x_sessions_init.so', 'usr/lib/mysql/plugin/component_test_event_tracking_consumer_b.so', 'usr/lib/private/libabsl_flags_marshalling.so', 'usr/lib/private/libabsl_cordz_info.so', 'usr/lib/mysqlrouter/private/libabsl_symbolize.so', 'usr/bin/mysqlbinlog', 'usr/lib/mysql/plugin/libtest_sql_complex.so', 'usr/lib/mysql/plugin/libtest_sql_all_col_types.so', 'usr/lib/mysqlrouter/private/libabsl_random_distributions.so', 'usr/bin/mysqlrouter', 'usr/lib/mysql/plugin/component_test_table_access.so', 'usr/lib/mysql/plugin/rewriter.so', 'usr/lib/mysqlrouter/private/libabsl_log_globals.so', 'usr/bin/mysqlrouter_mrs_client', 'usr/lib/private/libabsl_time_zone.so', 'usr/lib/mysqlrouter/private/libabsl_flags_reflection.so', 'usr/lib/mysqlrouter/private/libabsl_cordz_handle.so', 'usr/lib/mysql/plugin/component_log_sink_json.so', 'usr/lib/mysql/plugin/component_test_event_tracking_consumer_c.so', 'usr/lib/mysqlrouter/http_server.so', 'usr/lib/mysql/plugin/replication_observers_example_plugin.so', 'usr/lib/mysqlrouter/private/libmysqlrouter_routing.so.1', 'usr/lib/mysqlrouter/private/libmysqlrouter_http_auth_realm.so.1', 'usr/lib/private/libabsl_periodic_sampler.so', 'usr/lib/mysqlrouter/io.so', 'usr/lib/mysqlrouter/private/libabsl_flags_usage_internal.so', 'usr/lib/mysql/plugin/libtest_sql_replication.so', 'usr/lib/mysqlrouter/private/libmysqlrouter_mysql.so.1', 'usr/lib/private/libabsl_crc32c.so', 'usr/lib/private/libabsl_crc_cord_state.so', 'usr/lib/mysql/plugin/pfs_example_plugin_employee.so', 'usr/lib/mysqlrouter/private/libabsl_hashtablez_sampler.so', 'usr/lib/mysqlrouter/private/libabsl_status.so', 'usr/lib/mysqlrouter/private/libabsl_flags_marshalling.so', 'usr/lib/mysql/plugin/libtest_sql_commit.so', 'usr/lib/mysqlrouter/private/libmysqlrouter_connection_pool.so.1', 'usr/lib/private/libabsl_log_globals.so', 'usr/lib/mysql/plugin/component_test_mysql_command_services.so', 'usr/lib/mysqlrouter/private/libabsl_log_internal_check_op.so', 'usr/lib/mysql/plugin/libtest_sql_stored_procedures_functions.so', 'usr/bin/comp_err', 'usr/lib/mysql/plugin/component_test_event_tracking_consumer_a.so', 'usr/lib/mysqlrouter/private/libabsl_random_seed_gen_exception.so', 'usr/lib/mysql/plugin/component_reference_cache.so', 'usr/bin/myisam_ftdump', 'usr/lib/mysqlrouter/private/libabsl_crc_cord_state.so', 'usr/lib/mysqlrouter/private/libmysqlrouter.so.1', 'usr/lib/mysqlrouter/private/libabsl_log_sink.so', 'usr/lib/mysqlrouter/private/libabsl_statusor.so', 'usr/lib/mysqlrouter/rest_connection_pool.so', 'usr/lib/private/libabsl_kernel_timeout_internal.so', 'usr/lib/mysql/plugin/udf_example.so', 'usr/lib/mysql/plugin/libtest_session_info.so', 'usr/lib/mysql/plugin/component_connection_control.so', 'usr/lib/mysqlrouter/router_protobuf.so', 'usr/lib/mysqlrouter/private/libabsl_strerror.so', 'usr/lib/mysqlrouter/private/libabsl_random_internal_seed_material.so', 'usr/lib/mysqlrouter/private/libmysqlrouter_utils.so.1', 'usr/lib/private/libabsl_cordz_handle.so', 'usr/lib/mysql/plugin/libtest_sql_2_sessions.so', 'usr/lib/mysqlrouter/private/libabsl_synchronization.so', 'usr/lib/mysql/plugin/component_test_event_tracking_consumer.so', 'usr/lib/mysql/plugin/component_test_server_telemetry_traces.so', 'usr/lib/private/libabsl_random_seed_gen_exception.so', 'usr/lib/private/libabsl_malloc_internal.so', 'usr/bin/innochecksum', 'usr/lib/mysql/plugin/validate_password.so', 'usr/lib/private/libabsl_statusor.so', 'usr/lib/private/libprotobuf.so.24.4.0', 'usr/lib/private/libabsl_flags_commandlineflag_internal.so', 'usr/bin/mysqlrouter_keyring', 'usr/lib/mysql/plugin/libtest_sql_sqlmode.so', 'usr/lib/mysqlrouter/private/libabsl_kernel_timeout_internal.so', 'usr/lib/mysql/plugin/libtest_session_detach.so', 'usr/lib/mysqlrouter/keepalive.so', 'usr/lib/private/libabsl_die_if_null.so', 'usr/lib/private/libabsl_random_seed_sequences.so', 'usr/lib/mysql/plugin/component_udf_reg_avg_func.so', 'usr/lib/mysql/plugin/libtest_sql_sleep_is_connected.so', 'usr/lib/mysqlrouter/rest_metadata_cache.so', 'usr/bin/mysql_keyring_encryption_test', 'usr/lib/mysqlrouter/private/libabsl_periodic_sampler.so', 'usr/bin/mysql_secure_installation', 'usr/lib/private/libabsl_graphcycles_internal.so', 'usr/lib/mysql/plugin/component_test_sys_var_service.so', 'usr/lib/mysql/plugin/libtest_services.so', 'usr/lib/mysql/plugin/component_test_sys_var_service_int.so', 'usr/lib/mysqlrouter/destination_status.so', 'usr/lib/mysqlrouter/private/libmysqlrouter_http_auth_backend.so.1', 'usr/lib/mysqlrouter/private/libabsl_failure_signal_handler.so', 'usr/lib/mysqlrouter/private/libabsl_log_internal_globals.so', 'usr/lib/mysql/plugin/component_keyring_file.so', 'usr/bin/mysql_test_event_tracking', 'usr/bin/mysql_tzinfo_to_sql', 'usr/lib/mysql/plugin/component_example_component3.so', 'usr/lib/private/libabsl_flags_config.so', 'usr/lib/private/libabsl_strings.so', 'usr/lib/mysqlrouter/private/libabsl_debugging_internal.so', 'usr/lib/private/libabsl_int128.so', 'usr/lib/private/libabsl_synchronization.so', 'usr/lib/mysql/plugin/libtest_sql_stmt.so', 'usr/bin/mysqlrouter_passwd', 'usr/lib/mysqlrouter/private/libmysqlrouter_http_server.so.1', 'usr/lib/private/libabsl_log_internal_log_sink_set.so', 'usr/lib/mysql/plugin/libtest_sql_cmds_1.so', 'usr/bin/myisamlog', 'usr/lib/mysql/plugin/component_test_server_telemetry_metrics.so', 'usr/lib/mysql/plugin/connection_control.so', 'usr/lib/mysqlrouter/private/libabsl_random_seed_sequences.so', 'usr/lib/mysql/plugin/component_validate_password.so', 'usr/lib/private/libabsl_hashtablez_sampler.so', 'usr/lib/mysql/plugin/libtest_sql_processlist.so', 'usr/lib/mysql/plugin/component_log_sink_test.so', 'usr/lib/private/libabsl_scoped_set_env.so', 'usr/lib/private/libabsl_crc_internal.so', 'usr/lib/mysql/plugin/component_log_sink_syseventlog.so', 'usr/lib/mysql/plugin/component_test_pfs_notification.so'])
mysql W: Dependency glibc detected and implicitly satisfied (libraries ['usr/lib/libresolv.so.2', 'usr/lib/libm.so.6', 'usr/lib/libc.so.6'] needed in files ['usr/lib/mysqlrouter/private/libmysqlrouter_io_component.so.1', 'usr/lib/mysqlrouter/private/libabsl_random_internal_distribution_test_util.so', 'usr/lib/private/libabsl_log_internal_globals.so', 'usr/lib/mysql/plugin/component_test_sys_var_service_str.so', 'usr/lib/mysql/plugin/ha_mock.so', 'usr/lib/mysql/plugin/component_test_execute_regular_statement.so', 'usr/bin/my_print_defaults', 'usr/lib/mysqlrouter/private/libmysqlharness_stdx.so.1', 'usr/lib/mysql/plugin/libtest_sql_shutdown.so', 'usr/lib/mysql/plugin/component_udf_reg_only_3_func.so', 'usr/lib/mysqlrouter/private/libmysqlrouter_mysqlxmessages.so.1', 'usr/lib/private/libabsl_flags_reflection.so', 'usr/lib/mysqlrouter/http_auth_backend.so', 'usr/lib/mysqlrouter/http_auth_realm.so', 'usr/lib/mysqlrouter/private/libabsl_str_format_internal.so', 'usr/lib/mysql/plugin/component_test_mysql_signal_handler.so', 'usr/lib/private/libabsl_flags_usage.so', 'usr/lib/mysql/plugin/component_test_mysql_thd_store_service.so', 'usr/lib/private/libabsl_log_internal_format.so', 'usr/lib/private/libabsl_symbolize.so', 'usr/lib/mysql/plugin/libtest_sql_lock.so', 'usr/lib/mysqlrouter/private/libabsl_crc32c.so', 'usr/lib/mysql/plugin/component_udf_reg_real_func.so', 'usr/lib/mysqlrouter/private/libprotobuf.so.24.4.0', 'usr/lib/mysqlrouter/private/libabsl_flags_usage.so', 'usr/lib/mysql/plugin/test_services_host_application_signal.so', 'usr/lib/mysqlrouter/private/libabsl_cord_internal.so', 'usr/lib/mysqlrouter/private/libabsl_flags_program_name.so', 'usr/lib/mysql/plugin/component_log_filter_dragnet.so', 'usr/lib/private/libabsl_examine_stack.so', 'usr/lib/private/libabsl_failure_signal_handler.so', 'usr/lib/mysqlrouter/private/libabsl_malloc_internal.so', 'usr/lib/mysqlrouter/private/libabsl_demangle_internal.so', 'usr/lib/private/libabsl_status.so', 'usr/lib/mysql/plugin/libtest_services_threaded.so', 'usr/lib/mysql/plugin/component_test_audit_api_message.so', 'usr/lib/mysqlrouter/private/libabsl_flags_config.so', 'usr/lib/mysql/plugin/component_test_string_service.so', 'usr/lib/mysql/plugin/test_security_context.so', 'usr/lib/mysql/plugin/component_mysqlbackup.so', 'usr/bin/myisamchk', 'usr/lib/mysql/plugin/libtest_sql_views_triggers.so', 'usr/lib/mysqlrouter/private/libabsl_cordz_info.so', 'usr/lib/mysqlrouter/private/libmysqlrouter_destination_status.so.1', 'usr/lib/mysqlrouter/metadata_cache.so', 'usr/lib/mysqlrouter/connection_pool.so', 'usr/lib/mysql/plugin/semisync_source.so', 'usr/lib/mysql/plugin/component_udf_reg_3_func.so', 'usr/lib/private/libabsl_civil_time.so', 'usr/lib/mysql/plugin/component_udf_reg_int_func.so', 'usr/lib/mysqlrouter/private/libmysqlrouter_routing_guidelines.so.1', 'usr/lib/mysqlrouter/private/libabsl_strings_internal.so', 'usr/bin/mysqltest', 'usr/lib/mysqlrouter/private/libmysqlrouter_cluster.so.1', 'usr/lib/mysql/plugin/component_mysqlx_global_reset.so', 'usr/lib/private/libabsl_random_distributions.so', 'usr/lib/mysqlrouter/rest_router.so', 'usr/lib/mysql/plugin/component_audit_api_message_emit.so', 'usr/lib/mysql/plugin/test_udf_services.so', 'usr/lib/mysqlrouter/private/libabsl_random_internal_randen_hwaes_impl.so', 'usr/lib/mysql/plugin/component_udf_unreg_3_func.so', 'usr/lib/mysqlrouter/private/libmysqlrouter_routing_connections.so.1', 'usr/lib/mysql/plugin/libtest_session_in_thd.so', 'usr/lib/private/libabsl_log_internal_check_op.so', 'usr/bin/myisampack', 'usr/lib/mysqlrouter/private/libabsl_log_flags.so', 'usr/bin/perror', 'usr/lib/mysql/plugin/semisync_master.so', 'usr/lib/mysqlrouter/routing.so', 'usr/bin/ibd2sdi', 'usr/bin/mysql_migrate_keyring', 'usr/lib/private/libabsl_cord.so', 'usr/lib/mysqlrouter/private/libabsl_crc_internal.so', 'usr/lib/mysql/plugin/component_test_server_telemetry_logs_client.so', 'usr/lib/mysql/plugin/libtest_x_sessions_deinit.so', 'usr/lib/private/libabsl_str_format_internal.so', 'usr/lib/mysqlrouter/private/libmysqlrouter_mysqlxclient.so.1', 'usr/lib/mysqlrouter/private/libabsl_random_internal_pool_urbg.so', 'usr/lib/private/libabsl_demangle_internal.so', 'usr/lib/mysql/plugin/semisync_slave.so', 'usr/lib/mysqlrouter/private/libabsl_time_zone.so', 'usr/lib/mysqlrouter/private/libabsl_cord.so', 'usr/lib/mysqlrouter/rest_routing.so', 'usr/lib/mysqlrouter/private/libmysqlharness.so.1', 'usr/lib/private/libabsl_flags_usage_internal.so', 'usr/lib/mysqlrouter/private/libabsl_log_internal_log_sink_set.so', 'usr/lib/mysql/plugin/component_test_mysql_system_variable_set.so', 'usr/lib/mysql/plugin/auth_test_plugin.so', 'usr/lib/mysql/plugin/rewrite_example.so', 'usr/lib/mysql/plugin/component_test_pfs_resource_group.so', 'usr/lib/mysqlrouter/private/libabsl_base.so', 'usr/lib/mysqlrouter/private/libabsl_civil_time.so', 'usr/lib/mysqlrouter/private/libabsl_raw_hash_set.so', 'usr/lib/mysqlrouter/rest_api.so', 'usr/lib/private/libabsl_log_flags.so', 'usr/bin/mysqlrouter_plugin_info', 'usr/lib/mysqlrouter/mysql_rest_service.so', 'usr/lib/private/libabsl_cord_internal.so', 'usr/lib/private/libabsl_random_internal_seed_material.so', 'usr/lib/mysqlrouter/private/libmysqlrouter_http_client.so.1', 'usr/lib/mysqlrouter/private/libabsl_examine_stack.so', 'usr/lib/mysql/plugin/test_services_command_services.so', 'usr/lib/private/libabsl_time.so', 'usr/lib/mysqlrouter/private/libmysqlrouter_metadata_cache.so.1', 'usr/lib/mysql/plugin/semisync_replica.so', 'usr/lib/mysqlrouter/private/libabsl_scoped_set_env.so', 'usr/lib/mysqlrouter/private/libabsl_time.so', 'usr/lib/mysqlrouter/private/libabsl_int128.so', 'usr/lib/mysql/plugin/component_test_execute_prepared_statement.so', 'usr/lib/mysql/plugin/component_test_status_var_service_str.so', 'usr/lib/mysql/plugin/group_replication.so', 'usr/lib/private/libabsl_strings_internal.so', 'usr/lib/mysqlrouter/private/libmysqlrouter_mysqlclient.so.1', 'usr/lib/mysqlrouter/private/libabsl_die_if_null.so', 'usr/lib/private/libabsl_random_internal_pool_urbg.so', 'usr/lib/mysql/plugin/adt_null.so', 'usr/lib/mysqlrouter/private/libabsl_log_internal_message.so', 'usr/lib/mysqlrouter/private/libabsl_flags_internal.so', 'usr/bin/mysqlxtest', 'usr/lib/mysql/plugin/component_test_host_application_signal.so', 'usr/lib/mysqlrouter/private/libmysqlharness_tls.so.1', 'usr/lib/mysqlrouter/private/libabsl_flags_parse.so', 'usr/lib/private/libabsl_base.so', 'usr/lib/mysql/plugin/ddl_rewriter.so', 'usr/lib/mysqlrouter/private/libabsl_stacktrace.so', 'usr/lib/private/libabsl_spinlock_wait.so', 'usr/lib/mysql/plugin/component_test_udf_registration.so', 'usr/lib/mysql/plugin/mysql_clone.so', 'usr/lib/private/libprotobuf-lite.so.24.4.0', 'usr/lib/mysqlrouter/private/libabsl_spinlock_wait.so', 'usr/lib/mysql/plugin/component_test_server_telemetry_logs_export.so', 'usr/bin/mysqld', 'usr/lib/mysqlrouter/router_openssl.so', 'usr/lib/private/libabsl_flags_internal.so', 'usr/lib/mysql/plugin/component_test_udf_services.so', 'usr/lib/mysql/plugin/component_test_event_tracking_producer_b.so', 'usr/lib/mysql/plugin/libtest_session_attach.so', 'usr/lib/private/libabsl_log_internal_message.so', 'usr/lib/mysql/plugin/component_test_sensitive_system_variables.so', 'usr/lib/mysql/plugin/keyring_udf.so', 'usr/bin/mysqlrouter_bootstrap', 'usr/lib/private/libabsl_flags_program_name.so', 'usr/lib/mysql/plugin/component_test_sys_var_service_same.so', 'usr/lib/mysql/plugin/test_services_plugin_registry.so', 'usr/lib/private/libabsl_strerror.so', 'usr/lib/mysql/plugin/component_test_event_tracking_producer_a.so', 'usr/lib/private/libabsl_flags_parse.so', 'usr/lib/mysql/plugin/libtest_sql_reset_connection.so', 'usr/lib/mysqlrouter/private/libmysqlrouter_http.so.1', 'usr/lib/private/libabsl_stacktrace.so', 'usr/lib/mysqlrouter/private/libabsl_graphcycles_internal.so', 'usr/lib/mysqlrouter/private/libabsl_strings.so', 'usr/lib/private/libabsl_random_internal_distribution_test_util.so', 'usr/lib/mysql/plugin/libtest_sql_errors.so', 'usr/lib/mysql/plugin/component_udf_reg_int_same_func.so', 'usr/lib/mysql/plugin/component_test_status_var_reader.so', 'usr/lib/mysql/plugin/auth.so', 'usr/lib/mysql/plugin/component_test_session_var_service.so', 'usr/lib/private/libabsl_debugging_internal.so', 'usr/lib/mysql/plugin/component_test_status_var_service_reg_only.so', 'usr/lib/mysql/plugin/component_pfs_example_component_population.so', 'usr/lib/mysql/plugin/component_test_status_var_service_unreg_only.so', 'usr/lib/mysql/plugin/libtest_x_sessions_init.so', 'usr/lib/mysql/plugin/component_test_event_tracking_consumer_b.so', 'usr/lib/mysql/plugin/qa_auth_interface.so', 'usr/lib/private/libabsl_cordz_info.so', 'usr/lib/private/libabsl_flags_marshalling.so', 'usr/lib/private/libabsl_raw_hash_set.so', 'usr/lib/mysqlrouter/private/libabsl_raw_logging_internal.so', 'usr/lib/private/libabsl_log_internal_proto.so', 'usr/lib/mysqlrouter/private/libabsl_symbolize.so', 'usr/lib/mysql/plugin/qa_auth_client.so', 'usr/bin/mysqlbinlog', 'usr/lib/mysql/plugin/libtest_sql_complex.so', 'usr/lib/mysql/plugin/libtest_sql_all_col_types.so', 'usr/lib/mysqlrouter/private/libabsl_random_distributions.so', 'usr/bin/mysqlrouter', 'usr/lib/mysql/plugin/component_test_table_access.so', 'usr/lib/mysql/plugin/component_udf_unreg_int_func.so', 'usr/lib/mysql/plugin/rewriter.so', 'usr/lib/mysqlrouter/private/libabsl_log_globals.so', 'usr/bin/mysqlrouter_mrs_client', 'usr/lib/private/libabsl_time_zone.so', 'usr/lib/mysqlrouter/private/libabsl_flags_reflection.so', 'usr/lib/mysqlrouter/private/libabsl_cordz_handle.so', 'usr/lib/mysqlrouter/private/libabsl_log_internal_format.so', 'usr/lib/mysql/plugin/component_log_sink_json.so', 'usr/lib/mysql/plugin/component_test_event_tracking_consumer_c.so', 'usr/lib/mysql/plugin/mypluglib.so', 'usr/lib/private/libabsl_flags_private_handle_accessor.so', 'usr/lib/mysqlrouter/http_server.so', 'usr/lib/mysql/plugin/replication_observers_example_plugin.so', 'usr/lib/mysqlrouter/private/libmysqlrouter_routing.so.1', 'usr/lib/mysqlrouter/private/libmysqlrouter_http_auth_realm.so.1', 'usr/lib/mysqlrouter/io.so', 'usr/lib/mysqlrouter/private/libabsl_flags_usage_internal.so', 'usr/lib/mysql/plugin/libtest_sql_replication.so', 'usr/lib/mysqlrouter/private/libmysqlrouter_mysql.so.1', 'usr/lib/private/libabsl_crc32c.so', 'usr/lib/private/libabsl_crc_cord_state.so', 'usr/lib/mysql/plugin/component_test_string_service_long.so', 'usr/lib/mysql/plugin/pfs_example_plugin_employee.so', 'usr/lib/mysqlrouter/private/libabsl_status.so', 'usr/lib/mysql/plugin/component_test_mysql_runtime_error.so', 'usr/lib/mysqlrouter/private/libabsl_flags_marshalling.so', 'usr/lib/mysql/plugin/libtest_sql_commit.so', 'usr/lib/mysqlrouter/private/libmysqlrouter_connection_pool.so.1', 'usr/lib/private/libabsl_log_globals.so', 'usr/lib/mysql/plugin/component_test_mysql_command_services.so', 'usr/lib/mysqlrouter/private/libabsl_log_internal_check_op.so', 'usr/lib/mysql/plugin/libtest_sql_stored_procedures_functions.so', 'usr/bin/comp_err', 'usr/lib/mysql/plugin/component_test_event_tracking_consumer_a.so', 'usr/lib/mysql/plugin/component_reference_cache.so', 'usr/bin/myisam_ftdump', 'usr/lib/mysqlrouter/private/libabsl_crc_cord_state.so', 'usr/lib/private/libabsl_random_internal_randen_hwaes_impl.so', 'usr/lib/mysqlrouter/private/libmysqlrouter.so.1', 'usr/lib/mysqlrouter/private/libabsl_statusor.so', 'usr/lib/mysqlrouter/rest_connection_pool.so', 'usr/lib/private/libabsl_exponential_biased.so', 'usr/lib/private/libabsl_kernel_timeout_internal.so', 'usr/lib/mysqlrouter/private/libabsl_log_internal_proto.so', 'usr/lib/mysql/plugin/udf_example.so', 'usr/lib/mysql/plugin/libtest_session_info.so', 'usr/lib/mysql/plugin/component_connection_control.so', 'usr/lib/mysqlrouter/private/libabsl_flags_private_handle_accessor.so', 'usr/lib/mysqlrouter/router_protobuf.so', 'usr/lib/mysqlrouter/private/libabsl_strerror.so', 'usr/lib/mysqlrouter/private/libabsl_random_internal_seed_material.so', 'usr/lib/mysqlrouter/private/libmysqlrouter_utils.so.1', 'usr/lib/private/libabsl_cordz_handle.so', 'usr/lib/mysql/plugin/component_test_mysql_current_thread_reader.so', 'usr/lib/mysql/plugin/libtest_sql_2_sessions.so', 'usr/lib/mysql/plugin/qa_auth_server.so', 'usr/lib/mysqlrouter/private/libabsl_synchronization.so', 'usr/lib/mysql/plugin/component_test_event_tracking_consumer.so', 'usr/lib/mysql/plugin/component_test_server_telemetry_traces.so', 'usr/lib/private/libabsl_malloc_internal.so', 'usr/bin/innochecksum', 'usr/lib/mysql/plugin/validate_password.so', 'usr/lib/private/libabsl_statusor.so', 'usr/lib/private/libprotobuf.so.24.4.0', 'usr/bin/mysqlrouter_keyring', 'usr/lib/mysql/plugin/libtest_sql_sqlmode.so', 'usr/lib/mysql/plugin/component_test_string_service_charset.so', 'usr/lib/mysqlrouter/private/libabsl_kernel_timeout_internal.so', 'usr/lib/mysql/plugin/libtest_session_detach.so', 'usr/lib/mysqlrouter/keepalive.so', 'usr/lib/private/libabsl_die_if_null.so', 'usr/lib/private/libabsl_random_seed_sequences.so', 'usr/lib/mysql/plugin/component_udf_reg_avg_func.so', 'usr/lib/mysql/plugin/libtest_sql_sleep_is_connected.so', 'usr/lib/mysqlrouter/rest_metadata_cache.so', 'usr/bin/mysqltest_safe_process', 'usr/bin/mysql_keyring_encryption_test', 'usr/lib/mysql/plugin/component_test_status_var_service.so', 'usr/lib/mysqlrouter/private/libabsl_crc_cpu_detect.so', 'usr/bin/mysql_secure_installation', 'usr/lib/private/libabsl_graphcycles_internal.so', 'usr/lib/mysql/plugin/component_test_sys_var_service.so', 'usr/lib/mysql/plugin/component_pfs_example.so', 'usr/lib/mysql/plugin/component_test_sys_var_service_int.so', 'usr/lib/mysql/plugin/libtest_services.so', 'usr/lib/mysqlrouter/destination_status.so', 'usr/lib/mysqlrouter/private/libmysqlrouter_http_auth_backend.so.1', 'usr/lib/mysqlrouter/private/libabsl_failure_signal_handler.so', 'usr/lib/mysql/plugin/component_test_system_variable_source.so', 'usr/lib/mysqlrouter/private/libabsl_log_internal_globals.so', 'usr/lib/private/libabsl_crc_cpu_detect.so', 'usr/lib/mysql/plugin/component_keyring_file.so', 'usr/bin/mysql_test_event_tracking', 'usr/bin/mysql_tzinfo_to_sql', 'usr/lib/mysql/plugin/auth_socket.so', 'usr/lib/mysql/plugin/component_example_component3.so', 'usr/lib/mysql/plugin/component_query_attributes.so', 'usr/lib/private/libabsl_strings.so', 'usr/lib/mysql/plugin/component_test_udf_aggregate.so', 'usr/lib/private/libabsl_flags_config.so', 'usr/lib/mysqlrouter/private/libabsl_debugging_internal.so', 'usr/lib/mysqlrouter/private/libabsl_exponential_biased.so', 'usr/lib/private/libabsl_int128.so', 'usr/lib/private/libabsl_synchronization.so', 'usr/lib/mysql/plugin/libtest_sql_stmt.so', 'usr/bin/mysqlrouter_passwd', 'usr/lib/mysqlrouter/private/libmysqlrouter_http_server.so.1', 'usr/lib/private/libabsl_log_internal_log_sink_set.so', 'usr/lib/mysql/plugin/libtest_sql_cmds_1.so', 'usr/bin/myisamlog', 'usr/lib/mysql/plugin/component_test_server_telemetry_metrics.so', 'usr/lib/mysql/plugin/connection_control.so', 'usr/lib/private/libabsl_raw_logging_internal.so', 'usr/lib/mysqlrouter/private/libabsl_random_seed_sequences.so', 'usr/lib/mysql/plugin/component_validate_password.so', 'usr/lib/mysql/plugin/libdaemon_example.so', 'usr/lib/mysql/plugin/libtest_sql_processlist.so', 'usr/lib/mysql/plugin/component_log_sink_test.so', 'usr/lib/private/libabsl_scoped_set_env.so', 'usr/lib/private/libabsl_crc_internal.so', 'usr/lib/mysql/plugin/component_test_status_var_service_int.so', 'usr/lib/mysql/plugin/component_log_sink_syseventlog.so', 'usr/lib/mysql/plugin/component_udf_unreg_real_func.so', 'usr/lib/mysql/plugin/component_test_pfs_notification.so'])
mysql W: Dependency included, but may not be needed ('mysql-clients')
mysql W: Dependency included, but may not be needed ('libsasl')
mysql W: Dependency included, but may not be needed ('libevent')
mysql W: Dependency included, but may not be needed ('systemd-libs')
