-- The C compiler identification is GNU 15.2.1
-- Detecting C compiler ABI info
-- Detecting C compiler ABI info - done
-- Check for working C compiler: /usr/bin/cc - skipped
-- Detecting C compile features
-- Detecting C compile features - done
-- Found PkgConfig: /usr/bin/pkg-config (found version "2.5.1")
-- Found OpenSSL: /usr/lib/libcrypto.so (found version "3.6.0")
-- Found Intl: built in to C library
-- Looking for wsyncup in /usr/lib/libcurses.so
-- Looking for wsyncup in /usr/lib/libcurses.so - found
-- Looking for cbreak in /usr/lib/libncursesw.so
-- Looking for cbreak in /usr/lib/libncursesw.so - found
-- Looking for nodelay in /usr/lib/libncursesw.so
-- Looking for nodelay in /usr/lib/libncursesw.so - found
-- Found Curses: /usr/lib/libncursesw.so
-- Found Sqlite3 header file in /usr/include
-- Found Sqlite3 libraries: optimized;/usr/lib/libsqlite3.so;debug;/usr/lib/libsqlite3.so
-- Performing Test CMAKE_HAVE_LIBC_PTHREAD
-- Performing Test CMAKE_HAVE_LIBC_PTHREAD - Success
-- Found Threads: TRUE
-- Found RT: /usr/lib/librt.a
-- Checking for module 'json-c'
--   Found json-c, version 0.18
-- Looking for RTM_NEWLINKPROP
-- Looking for RTM_NEWLINKPROP - found
-- Found LibXml2: /usr/lib/libxml2.so (found version "2.15.1")
-- Found LibArchive: /usr/lib/libarchive.so (found version "3.8.2")
-- Build from git, version:v3.4.0
-- Found Gettext: /usr/bin/msgmerge (found version "0.26")
-- Found UnixCommands: /usr/bin/bash
-- Build type: None
-- Install prefix: /usr
-- Default VM directory name: nemu_vm
-- Default VNC client /usr/bin/vncviewer
-- Default database name: .nemu.db
-- Default SPICE client /usr/bin/remote-viewer
-- Default qemu binaries directory path: /usr/bin
-- Using sendfile: TRUE
-- Using alternative names for network interfaces: TRUE
-- OVF support: ON
-- Network map export: OFF
-- D-Bus support: OFF
-- Remote control support: OFF
-- USB support: OFF
-- Embedded QEMU: OFF
-- Embedded ncurses: OFF
-- Configuring done (1.2s)
-- Generating done (0.0s)
-- Build files have been written to: /build/nemu/src/build
[  2%] Generating nemu.1.gz
[  4%] Generating nemu.mo
[  4%] Built target man
[  4%] Built target lang
[  9%] Building C object CMakeFiles/nemu.dir/src/nm_9p_share.c.o
[  9%] Building C object CMakeFiles/nemu.dir/src/nm_clone_vm.c.o
[ 13%] Building C object CMakeFiles/nemu.dir/src/nm_add_drive.c.o
[ 13%] Building C object CMakeFiles/nemu.dir/src/nm_cfg_file.c.o
[ 16%] Building C object CMakeFiles/nemu.dir/src/nm_edit_boot.c.o
[ 18%] Building C object CMakeFiles/nemu.dir/src/nm_database.c.o
[ 20%] Building C object CMakeFiles/nemu.dir/src/nm_easter_egg.c.o
[ 27%] Building C object CMakeFiles/nemu.dir/src/nm_add_vm.c.o
[ 27%] Building C object CMakeFiles/nemu.dir/src/nm_dbus.c.o
[ 32%] Building C object CMakeFiles/nemu.dir/src/nm_edit_net.c.o
[ 27%] Building C object CMakeFiles/nemu.dir/src/nm_edit_vm.c.o
[ 34%] Building C object CMakeFiles/nemu.dir/src/nm_ini_parser.c.o
[ 34%] Building C object CMakeFiles/nemu.dir/src/nm_form.c.o
[ 37%] Building C object CMakeFiles/nemu.dir/src/nm_ftw.c.o
[ 39%] Building C object CMakeFiles/nemu.dir/src/nm_hw_info.c.o
[ 41%] Building C object CMakeFiles/nemu.dir/src/nm_lan_settings.c.o
[ 46%] Building C object CMakeFiles/nemu.dir/src/nm_main.c.o
[ 46%] Building C object CMakeFiles/nemu.dir/src/nm_machine.c.o
[ 48%] Building C object CMakeFiles/nemu.dir/src/nm_menu.c.o
[ 51%] Building C object CMakeFiles/nemu.dir/src/nm_main_loop.c.o
[ 53%] Building C object CMakeFiles/nemu.dir/src/nm_mon_daemon.c.o
[ 55%] Building C object CMakeFiles/nemu.dir/src/nm_ncurses.c.o
[ 58%] Building C object CMakeFiles/nemu.dir/src/nm_ovf_import.c.o
[ 62%] Building C object CMakeFiles/nemu.dir/src/nm_pthread_barrier.c.o
[ 62%] Building C object CMakeFiles/nemu.dir/src/nm_qmp_control.c.o
[ 65%] Building C object CMakeFiles/nemu.dir/src/nm_network.c.o
[ 67%] Building C object CMakeFiles/nemu.dir/src/nm_remote_api.c.o
[ 72%] Building C object CMakeFiles/nemu.dir/src/nm_stat_usage.c.o
[ 74%] Building C object CMakeFiles/nemu.dir/src/nm_rename_vm.c.o
[ 74%] Building C object CMakeFiles/nemu.dir/src/nm_svg_map.c.o
[ 76%] Building C object CMakeFiles/nemu.dir/src/nm_string.c.o
[ 79%] Building C object CMakeFiles/nemu.dir/src/nm_sysv_queue.c.o
[ 81%] Building C object CMakeFiles/nemu.dir/src/nm_usb_devices.c.o
[ 83%] Building C object CMakeFiles/nemu.dir/src/nm_usb_plug.c.o
[ 86%] Building C object CMakeFiles/nemu.dir/src/nm_utils.c.o
[ 88%] Building C object CMakeFiles/nemu.dir/src/nm_vector.c.o
[ 90%] Building C object CMakeFiles/nemu.dir/src/nm_viewer.c.o
[ 95%] Building C object CMakeFiles/nemu.dir/src/nm_vm_snapshot.c.o
[ 95%] Building C object CMakeFiles/nemu.dir/src/nm_vm_control.c.o
[ 97%] Building C object CMakeFiles/nemu.dir/src/nm_window.c.o
[100%] Linking C executable nemu
[100%] Built target nemu
