netgen-git W: Referenced python module 'IPython.get_ipython' is an uninstalled dependency (needed in files ['usr/lib/python3.13/site-packages/netgen/gui.py'])
netgen-git W: Referenced python module 'PIL.Image' is an uninstalled dependency (needed in files ['usr/lib/python3.13/site-packages/netgen/gui.py'])
netgen-git W: Referenced python module 'webgui_jupyter_widgets.BaseWebGuiScene' is an uninstalled dependency (needed in files ['usr/lib/python3.13/site-packages/netgen/webgui.py'])
netgen-git W: Referenced python module 'webgui_jupyter_widgets.html.getScreenshotHTML' is an uninstalled dependency (needed in files ['usr/lib/python3.13/site-packages/netgen/webgui.py'])
netgen-git W: Referenced python module 'importlib_metadata' is an uninstalled dependency (needed in files ['usr/lib/python3.13/site-packages/netgen/__init__.py'])
netgen-git W: Referenced python module '__main__' is an uninstalled dependency (needed in files ['usr/lib/python3.13/site-packages/netgen/__main__.py'])
netgen-git W: Referenced python module 'IPython.display.display' is an uninstalled dependency (needed in files ['usr/lib/python3.13/site-packages/netgen/webgui.py'])
netgen-git W: Referenced python module 'playwright.async_api.async_playwright' is an uninstalled dependency (needed in files ['usr/lib/python3.13/site-packages/netgen/webgui.py'])
netgen-git W: Referenced python module 'meshio' is an uninstalled dependency (needed in files ['usr/lib/python3.13/site-packages/netgen/read_meshio.py'])
netgen-git W: Referenced python module 'webgui_jupyter_widgets.WebGuiDocuWidget' is an uninstalled dependency (needed in files ['usr/lib/python3.13/site-packages/netgen/webgui.py'])
netgen-git W: Referenced python module 'ngsolve' is an uninstalled dependency (needed in files ['usr/lib/python3.13/site-packages/netgen/gui.py'])
netgen-git W: Referenced python module 'exportNeutral' is an uninstalled dependency (needed in files ['usr/share/netgen/py_tutorials/mesh.py'])
netgen-git W: Referenced python module 'webgui_jupyter_widgets.widget' is an uninstalled dependency (needed in files ['usr/lib/python3.13/site-packages/netgen/webgui.py'])
netgen-git W: Referenced python module 'nest_asyncio' is an uninstalled dependency (needed in files ['usr/lib/python3.13/site-packages/netgen/webgui.py'])
netgen-git W: Referenced python module 'packaging.version.parse' is an uninstalled dependency (needed in files ['usr/lib/python3.13/site-packages/netgen/webgui.py'])
netgen-git W: Referenced python module 'numpy' is an uninstalled dependency (needed in files ['usr/lib/python3.13/site-packages/netgen/webgui.py', 'usr/lib/python3.13/site-packages/netgen/read_meshio.py', 'usr/lib/python3.13/site-packages/netgen/gui.py'])
netgen-git W: Referenced python module 'webgui_jupyter_widgets.html.GenerateHTML' is an uninstalled dependency (needed in files ['usr/lib/python3.13/site-packages/netgen/webgui.py'])
netgen-git W: Referenced python module 'webgui_jupyter_widgets' is an uninstalled dependency (needed in files ['usr/lib/python3.13/site-packages/netgen/webgui.py'])
netgen-git W: Referenced python module 'IPython.display.Javascript' is an uninstalled dependency (needed in files ['usr/lib/python3.13/site-packages/netgen/webgui.py'])
netgen-git W: Referenced python module 'IPython.display.HTML' is an uninstalled dependency (needed in files ['usr/lib/python3.13/site-packages/netgen/webgui.py'])
netgen-git W: Unused shared library '/usr/lib/libTKLCAF.so.7.9' by file ('usr/lib/netgen/libnggui.so')
netgen-git W: Dependency zlib detected and implicitly satisfied (libraries ['usr/lib/libz.so.1'] needed in files ['usr/lib/netgen/libnglib.so'])
netgen-git W: Dependency glibc detected and implicitly satisfied (libraries ['usr/lib/libc.so.6', 'usr/lib/libm.so.6', 'usr/lib/ld-linux-x86-64.so.2'] needed in files ['usr/lib/python3.13/site-packages/pyngcore/pyngcore.cpython-313-x86_64-linux-gnu.so', 'usr/lib/python3.13/site-packages/netgen/libngpy.so', 'usr/bin/netgen', 'usr/lib/netgen/libngcore.so', 'usr/lib/netgen/libnglib.so', 'usr/lib/netgen/libnggui.so', 'usr/lib/python3.13/site-packages/netgen/libngguipy.so'])
netgen-git W: Dependency tcl detected and implicitly satisfied (libraries ['usr/lib/libtcl.so'] needed in files ['usr/bin/netgen'])
netgen-git W: Dependency libx11 detected and implicitly satisfied (libraries ['usr/lib/libX11.so.6'] needed in files ['usr/lib/netgen/libnggui.so'])
netgen-git W: Dependency libglvnd detected and implicitly satisfied (libraries ['usr/lib/libGLX.so.0', 'usr/lib/libOpenGL.so.0'] needed in files ['usr/lib/netgen/libnggui.so'])
netgen-git W: Dependency gcc-libs detected and implicitly satisfied (libraries ['usr/lib/libgcc_s.so.1', 'usr/lib/libstdc++.so.6'] needed in files ['usr/lib/python3.13/site-packages/pyngcore/pyngcore.cpython-313-x86_64-linux-gnu.so', 'usr/lib/python3.13/site-packages/netgen/libngpy.so', 'usr/bin/netgen', 'usr/lib/netgen/libngcore.so', 'usr/lib/netgen/libnglib.so', 'usr/lib/netgen/libnggui.so', 'usr/lib/python3.13/site-packages/netgen/libngguipy.so'])
