ninja: Entering directory `build'
[0/1] Installing files
Installing data/io.github.zingytomato.netpeek.desktop to /build/netpeek-git/pkg/netpeek-git/usr/share/applications
Installing data/io.github.zingytomato.netpeek.metainfo.xml to /build/netpeek-git/pkg/netpeek-git/usr/share/metainfo
Installing src/netpeek.gresource to /build/netpeek-git/pkg/netpeek-git/usr/share/netpeek
Installing po/es/LC_MESSAGES/netpeek.mo to /build/netpeek-git/pkg/netpeek-git/usr/share/locale/es/LC_MESSAGES
Installing po/fr/LC_MESSAGES/netpeek.mo to /build/netpeek-git/pkg/netpeek-git/usr/share/locale/fr/LC_MESSAGES
Installing po/it/LC_MESSAGES/netpeek.mo to /build/netpeek-git/pkg/netpeek-git/usr/share/locale/it/LC_MESSAGES
Installing po/nl/LC_MESSAGES/netpeek.mo to /build/netpeek-git/pkg/netpeek-git/usr/share/locale/nl/LC_MESSAGES
Installing po/pl/LC_MESSAGES/netpeek.mo to /build/netpeek-git/pkg/netpeek-git/usr/share/locale/pl/LC_MESSAGES
Installing po/ru/LC_MESSAGES/netpeek.mo to /build/netpeek-git/pkg/netpeek-git/usr/share/locale/ru/LC_MESSAGES
Installing po/sk/LC_MESSAGES/netpeek.mo to /build/netpeek-git/pkg/netpeek-git/usr/share/locale/sk/LC_MESSAGES
Installing po/uk/LC_MESSAGES/netpeek.mo to /build/netpeek-git/pkg/netpeek-git/usr/share/locale/uk/LC_MESSAGES
Installing /build/netpeek-git/src/NetPeek/data/io.github.zingytomato.netpeek.gschema.xml to /build/netpeek-git/pkg/netpeek-git/usr/share/glib-2.0/schemas
Installing /build/netpeek-git/src/NetPeek/build/data/io.github.zingytomato.netpeek.service to /build/netpeek-git/pkg/netpeek-git/usr/share/dbus-1/services
Installing /build/netpeek-git/src/NetPeek/data/icons/hicolor/scalable/apps/io.github.zingytomato.netpeek.svg to /build/netpeek-git/pkg/netpeek-git/usr/share/icons/hicolor/scalable/apps
Installing /build/netpeek-git/src/NetPeek/data/icons/hicolor/symbolic/apps/io.github.zingytomato.netpeek-symbolic.svg to /build/netpeek-git/pkg/netpeek-git/usr/share/icons/hicolor/symbolic/apps
Installing /build/netpeek-git/src/NetPeek/build/src/netpeek to /build/netpeek-git/pkg/netpeek-git/usr/bin
Installing /build/netpeek-git/src/NetPeek/src/__init__.py to /build/netpeek-git/pkg/netpeek-git/usr/share/netpeek/netpeek
Installing /build/netpeek-git/src/NetPeek/src/netpeek.py to /build/netpeek-git/pkg/netpeek-git/usr/share/netpeek/netpeek
Installing /build/netpeek-git/src/NetPeek/src/window.py to /build/netpeek-git/pkg/netpeek-git/usr/share/netpeek/netpeek
Installing /build/netpeek-git/src/NetPeek/src/pages.py to /build/netpeek-git/pkg/netpeek-git/usr/share/netpeek/netpeek
Installing /build/netpeek-git/src/NetPeek/src/app.py to /build/netpeek-git/pkg/netpeek-git/usr/share/netpeek/netpeek
Installing /build/netpeek-git/src/NetPeek/src/scanner.py to /build/netpeek-git/pkg/netpeek-git/usr/share/netpeek/netpeek
Installing /build/netpeek-git/src/NetPeek/src/widgets.py to /build/netpeek-git/pkg/netpeek-git/usr/share/netpeek/netpeek
Skipping custom install script because DESTDIR is set '/usr/bin/glib-compile-schemas /usr/share/glib-2.0/schemas'
Skipping custom install script because DESTDIR is set '/usr/bin/gtk4-update-icon-cache -q -t -f /usr/share/icons/hicolor'
Skipping custom install script because DESTDIR is set '/usr/bin/update-desktop-database -q /usr/share/applications'
