-- cmake version 4.2
-- The C compiler identification is GNU 15.2.1
-- The CXX compiler identification is GNU 15.2.1
-- Detecting C compiler ABI info
-- Detecting C compiler ABI info - done
-- Check for working C compiler: /usr/bin/cc - skipped
-- Detecting C compile features
-- Detecting C compile features - done
-- Detecting CXX compiler ABI info
-- Detecting CXX compiler ABI info - done
-- Check for working CXX compiler: /usr/bin/c++ - skipped
-- Detecting CXX compile features
-- Detecting CXX compile features - done
-- override default CMAKE_INSTALL_PREFIX = /usr
-- Detected an UNKNOWN Linux machine
-- toolchain options processed
-- Found PkgConfig: /usr/bin/pkg-config (found version "2.5.1")
-- Performing Test HAS_MACRO_PREFIX_MAP_FLAG
-- Performing Test HAS_MACRO_PREFIX_MAP_FLAG - Success
-- Compilation from within a git repository. Using git rev-parse HEAD
-- Looking for __GLIBC__
-- Looking for __GLIBC__ - found
-- Looking for include file strings.h
-- Looking for include file strings.h - found
-- Looking for include file string.h
-- Looking for include file string.h - found
-- Performing Test CMAKE_HAVE_LIBC_PTHREAD
-- Performing Test CMAKE_HAVE_LIBC_PTHREAD - Success
-- Found Threads: TRUE
-- found krb5-config here /usr/bin/krb5-config
-- Found kerberos 5 headers: /include
-- Found kerberos 5 libs:    /usr/lib/libkrb5.so;/usr/lib/libk5crypto.so;/usr/lib/libcom_err.so;/usr/lib/libgssapi_krb5.so
-- Looking for include file gssapi.h
-- Looking for include file gssapi.h - found
-- Looking for include file sys/acl.h
-- Looking for include file sys/acl.h - found
-- Looking for include file acl/libacl.h
-- Looking for include file acl/libacl.h - found
-- Looking for acl_get_file in acl
-- Looking for acl_get_file in acl - found
-- Looking for acl_get_fd_np
-- Looking for acl_get_fd_np - not found
-- Looking for acl_set_fd_np
-- Looking for acl_set_fd_np - not found
-- Found BTRFS Util library: /usr/lib/libbtrfsutil.so
-- Looking for open_by_handle in handle
-- Looking for open_by_handle in handle - found
-- Looking for include file xfs/xfs.h
-- Looking for include file xfs/xfs.h - found
-- Found JeMalloc: /usr/lib/libjemalloc.so
-- Checking for module 'dbus-1'
--   Found dbus-1, version 1.16.2
-- Found nfs idmap library: /usr/lib/libnfsidmap.so
-- Looking for wbcLookupSids in wbclient
-- Looking for wbcLookupSids in wbclient - found
-- Looking for 3 include files stdint.h, ..., wbclient.h
-- Looking for 3 include files stdint.h, ..., wbclient.h - found
-- Performing Test WBCLIENT4_H
-- Performing Test WBCLIENT4_H - Success
-- Found Winbind4 client: 
-- Looking for cap_set_proc in cap
-- Looking for cap_set_proc in cap - found
-- Found Caps: /usr/lib/libcap.so
-- Looking for include file blkid/blkid.h
-- Looking for include file blkid/blkid.h - found
-- Looking for blkid_devno_to_devname in blkid
-- Looking for blkid_devno_to_devname in blkid - found
-- Looking for include file uuid/uuid.h
-- Looking for include file uuid/uuid.h - found
-- Looking for uuid_parse in uuid
-- Looking for uuid_parse in uuid - found
-- Looking for daemon in c
-- Looking for daemon in c - found
-- Found Unwind: /usr/lib/libunwind.so
-- libunwind found: /usr/lib/libunwind.so
-- OVERRIDE_INSTALL_PREFIX = 
-- found krb5-config here /usr/bin/krb5-config
-- Found kerberos 5 headers: /include
-- Found kerberos 5 libs:    /usr/lib/libkrb5.so;/usr/lib/libk5crypto.so;/usr/lib/libcom_err.so;/usr/lib/libgssapi_krb5.so;/usr/lib/libkrb5.so;/usr/lib/libk5crypto.so;/usr/lib/libcom_err.so;/usr/lib/libgssapi_krb5.so
-- Looking for include file stdbool.h
-- Looking for include file stdbool.h - found
-- Looking for include file sys/epoll.h
-- Looking for include file sys/epoll.h - found
-- Looking for epoll_create
-- Looking for epoll_create - found
-- Found EPOLL: 1
-- Found Winbind4 client: 
-- Found NSL: /usr/lib/libnsl.so
-- 
-- -------------------------------------------------------
-- TIRPC_EPOLL = TRUE
-- USE_RPC_RDMA = OFF
-- USE_GSS = ON
-- USE_PROFILE = OFF
-- USE_LTTNG_NTIRPC = OFF
-- USE_MONITORING = ON
-- PROXY_PROTOCOL_PARSE_COMMON_NETWORK_ID = OFF
-- Using ntirpc submodule
/build/nfs-ganesha/src/nfs-ganesha/src/libntirpc/ntirpc/
-- Looking for urcu_ref_get_unless_zero
-- Looking for urcu_ref_get_unless_zero - found
-- Found BISON: /usr/bin/bison (found version "3.8.2")
-- Found FLEX: /usr/bin/flex (found version "2.6.4")
CMake Warning at monitoring/CMakeLists.txt:18 (message):
  procps library not found; please install procps lib for ganesha resource
  related metrics


-- 
-- -------------------------------------------------------
-- PLATFORM = LINUX
-- ARCH = x86_64
-- VERSION = 9.2
-- BUILD HOST = 
-- C COMPILER = GNU
-- C COMPILER VERSION = 15.2.1
-- -------------------------------------------------------
-- USE_FSAL_PROXY_V4 = ON
-- USE_FSAL_PROXY_V3 = DEFAULT_ON
-- USE_FSAL_VFS = ON
-- USE_FSAL_LUSTRE = OFF
-- USE_FSAL_LIZARDFS = OFF
-- USE_FSAL_KVSFS = OFF
-- USE_FSAL_CEPH = OFF
-- USE_FSAL_CEPH_MKNOD = 
-- USE_FSAL_CEPH_SETLK = 
-- USE_FSAL_CEPH_LL_LOOKUP_ROOT = 
-- USE_FSAL_CEPH_STATX = 
-- USE_FSAL_CEPH_LL_DELEGATION = 
-- USE_FSAL_CEPH_LL_SYNC_INODE = 
-- USE_FSAL_CEPH_ABORT_CONN = 
-- USE_FSAL_CEPH_RECLAIM_RESET = 
-- USE_FSAL_CEPH_GET_FS_CID = 
-- USE_FSAL_CEPH_STATX = 
-- USE_FSAL_CEPH_FS_NONBLOCKING_IO = 
-- USE_FSAL_CEPH_FS_ZEROCOPY_IO = 
-- USE_FSAL_RGW = OFF
-- USE_FSAL_SAUNAFS = ON
-- USE_FSAL_XFS = ON
-- USE_FSAL_GPFS = ON
-- USE_FSAL_GLUSTER = OFF
-- USE_FSAL_NULL = ON
-- USE_FSAL_MEM = ON
-- GSH_CAN_HOST_LOCAL_FS = ON
-- USE_SYSTEM_NTIRPC = OFF
-- USE_DBUS = ON
-- USE_CB_SIMULATOR = OFF
-- USE_BTRFSUTIL = ON
-- USE_NFSIDMAP = ON
-- USE_RELATIVE_FILE_PATHS_IN_LOGS = ON
-- ENABLE_ERROR_INJECTION = OFF
-- ENABLE_VFS_POSIX_ACL = OFF
-- ENABLE_VFS_DEBUG_ACL = OFF
-- ENABLE_RFC_ACL = OFF
-- CEPHFS_POSIX_ACL = DEFAULT_ON
-- USE_MONITORING = ON
-- USE_CAPS = ON
-- USE_BLKID = ON
-- DISTNAME_HAS_GIT_DATA = OFF
-- _MSPAC_SUPPORT = ON
-- USE_EFENCE = OFF
-- _NO_TCP_REGISTER = OFF
-- RPCBIND = ON
-- DEBUG_SAL = OFF
-- _VALGRIND_MEMCHECK = OFF
-- ENABLE_LOCKTRACE = OFF
-- PROXYV4_HANDLE_MAPPING = OFF
-- DEBUG_MDCACHE = OFF
-- ENABLE_QOS = OFF
-- DEBUG_SYMS = OFF
-- COVERAGE = OFF
-- ENFORCE_GCC = OFF
-- USE_GTEST = OFF
-- USE_GSS = ON
-- TIRPC_EPOLL = TRUE
-- USE_9P = ON
-- _USE_9P = ON
-- _USE_9P_RDMA = OFF
-- USE_NFS_RDMA = OFF
-- USE_RPC_RDMA = OFF
-- USE_NFS3 = ON
-- USE_NLM = ON
-- USE_NFSACL3 = ON
-- USE_ACL_MAPPING = ON
-- KRB5_PREFIX = 
-- CEPH_PREFIX = 
-- RGW_PREFIX = 
-- GLUSTER_PREFIX = 
-- CMAKE_PREFIX_PATH = 
-- _GIT_HEAD_COMMIT = e3536906849d1b42dc177242f7d01f745fbf93c9
-- _GIT_HEAD_COMMIT_ABBREV = e353690
-- _GIT_DESCRIBE = V9.2-0-ge35369068
-- ALLOCATOR = jemalloc
-- GOLD_LINKER = 
-- CMAKE_INSTALL_PREFIX = /usr
-- FSAL_DESTINATION = /usr/lib/ganesha
-- USE_ADMIN_TOOLS = OFF
-- USE_GUI_ADMIN_TOOLS = ON
-- MODULES_PATH = 
-- USE_LTTNG = OFF
-- USE_VSOCK = OFF
-- USE_TOOL_MULTILOCK = OFF
-- USE_MAN_PAGE = ON
-- USE_RADOS_RECOV = OFF
-- RADOS_URLS = OFF
-- USE_CUNIT = OFF
-- USE_UNWIND = ON
-- SANITIZE_ADDRESS = OFF
-- Found LSB_release: /usr/bin/lsb_release
-- Found Doxygen: /usr/bin/doxygen (found version "1.15.0") found components: doxygen dot
-- Configuring done (3.5s)
-- Generating done (0.2s)
-- Build files have been written to: /build/nfs-ganesha/src/build
[  0%] [BISON][ConfigParser] Building parser with bison 3.8.2
[  0%] Building C object SAL/CMakeFiles/sal.dir/sal_metrics.c.o
[  1%] Building CXX object libntirpc/src/monitoring/CMakeFiles/ntirpcmonitoring.dir/monitoring.cc.o
[  2%] Building C object Protocols/NLM/CMakeFiles/nlm.dir/nlm_Cancel.c.o
[  2%] Building C object RPCAL/CMakeFiles/rpcal.dir/connection_manager.c.o
[  2%] Building C object Protocols/RQUOTA/CMakeFiles/rquota.dir/rquota_Null.c.o
[  2%] Building C object log/CMakeFiles/log.dir/display.c.o
[  2%] Building C object hashtable/CMakeFiles/hashtable.dir/hashtable.c.o
[  2%] Building C object Protocols/NFSACL/CMakeFiles/nfsacl.dir/nfsacl_Null.c.o
[  2%] Building C object dbus/CMakeFiles/gshdbus.dir/dbus_server.c.o
[  2%] Building C object support/CMakeFiles/string_utils.dir/strlcpy.c.o
[  2%] Building C object avl/CMakeFiles/avltree.dir/avl.c.o
[  2%] Building C object Protocols/NFS/CMakeFiles/nfs4callbacks.dir/nfs4_cb_Compound.c.o
[  3%] Building C object support/CMakeFiles/support.dir/nfs4_acls.c.o
[  3%] Building C object Protocols/XDR/CMakeFiles/nfs_mnt_xdr.dir/xdr_mount.c.o
[  3%] Building C object support/CMakeFiles/hash.dir/murmur3.c.o
[  3%] Building C object support/CMakeFiles/uid2grp.dir/uid2grp.c.o
[  3%] Building C object Protocols/9P/CMakeFiles/9p.dir/9p_interpreter.c.o
[  3%] Building C object support/CMakeFiles/netgroup_cache.dir/netgroup_cache.c.o
[  3%] Building C object Protocols/NFS/CMakeFiles/nfsproto.dir/nfs4_Compound.c.o
[  4%] Building C object support/CMakeFiles/string_utils.dir/strnlen.c.o
[  4%] Building C object support/CMakeFiles/hash.dir/city.c.o
[  4%] [FLEX][ConfigScanner] Building scanner with flex 2.6.4
[  4%] Building C object avl/CMakeFiles/avltree.dir/bst.c.o
[  4%] Building C object log/CMakeFiles/log.dir/log_functions.c.o
[  4%] Building C object support/CMakeFiles/string_utils.dir/refstr.c.o
[  5%] Building C object avl/CMakeFiles/avltree.dir/rb.c.o
[  5%] Built target hash
[  6%] Building C object config_parsing/CMakeFiles/config_parsing.dir/analyse.c.o
/build/nfs-ganesha/src/nfs-ganesha/src/libntirpc/src/monitoring/monitoring.cc:36:10: fatal error: prometheus/counter.h: No such file or directory
   36 | #include "prometheus/counter.h"
      |          ^~~~~~~~~~~~~~~~~~~~~~
compilation terminated.
make[2]: *** [libntirpc/src/monitoring/CMakeFiles/ntirpcmonitoring.dir/build.make:79: libntirpc/src/monitoring/CMakeFiles/ntirpcmonitoring.dir/monitoring.cc.o] Error 1
make[1]: *** [CMakeFiles/Makefile2:1455: libntirpc/src/monitoring/CMakeFiles/ntirpcmonitoring.dir/all] Error 2
make[1]: *** Waiting for unfinished jobs....
[  6%] Building C object Protocols/NLM/CMakeFiles/nlm.dir/nlm_Free_All.c.o
[  6%] Building C object os/CMakeFiles/gos.dir/linux/acl.c.o
[  6%] Built target netgroup_cache
[  6%] Building C object Protocols/NLM/CMakeFiles/nlm.dir/nlm_Granted_Res.c.o
[  6%] Building C object avl/CMakeFiles/avltree.dir/splay.c.o
[  6%] Built target string_utils
[  6%] Building C object Protocols/XDR/CMakeFiles/nfs_mnt_xdr.dir/xdr_nfs23.c.o
[  6%] Building C object support/CMakeFiles/support.dir/nfs_creds.c.o
[  7%] Built target nfs4callbacks
[  7%] Building C object support/CMakeFiles/support.dir/nfs_filehandle_mgmt.c.o
[  8%] Building C object SAL/CMakeFiles/sal.dir/state_async.c.o
[  8%] Built target hashtable
[  9%] Building C object os/CMakeFiles/gos.dir/linux/subr.c.o
[  9%] Building C object Protocols/RQUOTA/CMakeFiles/rquota.dir/rquota_getquota.c.o
[  9%] Building C object support/CMakeFiles/support.dir/nfs_read_conf.c.o
[  9%] Building C object SAL/CMakeFiles/sal.dir/state_lock.c.o
[  9%] Building C object Protocols/9P/CMakeFiles/9p.dir/9p_proto_tools.c.o
[  9%] Built target avltree
[  9%] Building C object config_parsing/CMakeFiles/config_parsing.dir/config_parsing.c.o
[ 10%] Building C object Protocols/NFSACL/CMakeFiles/nfsacl.dir/nfsacl_getacl.c.o
[ 10%] Building C object Protocols/9P/CMakeFiles/9p.dir/9p_read_conf.c.o
[ 10%] Building C object Protocols/9P/CMakeFiles/9p.dir/9p_attach.c.o
[ 10%] Building C object RPCAL/CMakeFiles/rpcal.dir/connection_manager_metrics.c.o
[ 10%] Building C object support/CMakeFiles/uid2grp.dir/uid2grp_cache.c.o
[ 10%] Building C object dbus/CMakeFiles/gshdbus.dir/properties_handler.c.o
/build/nfs-ganesha/src/nfs-ganesha/src/log/log_functions.c: In function ‘gsh_libunwind’:
/build/nfs-ganesha/src/nfs-ganesha/src/log/log_functions.c:2813:41: warning: ignoring return value of ‘write’ declared with attribute ‘warn_unused_result’ [-Wunused-result]
 2813 |                                         write(fd, buffer, n);
      |                                         ^~~~~~~~~~~~~~~~~~~~
/build/nfs-ganesha/src/nfs-ganesha/src/log/log_functions.c:2830:41: warning: ignoring return value of ‘write’ declared with attribute ‘warn_unused_result’ [-Wunused-result]
 2830 |                                         write(fd, buffer, n);
      |                                         ^~~~~~~~~~~~~~~~~~~~
[ 11%] Building C object RPCAL/CMakeFiles/rpcal.dir/nfs_dupreq.c.o
[ 11%] Building C object RPCAL/CMakeFiles/rpcal.dir/rpc_tools.c.o
[ 11%] Building C object Protocols/NLM/CMakeFiles/nlm.dir/nlm_Lock.c.o
[ 11%] Built target gos
[ 11%] Building C object RPCAL/CMakeFiles/rpcal.dir/gss_credcache.c.o
[ 11%] Building C object RPCAL/CMakeFiles/rpcal.dir/gss_extra.c.o
[ 11%] Building C object Protocols/NFS/CMakeFiles/nfsproto.dir/nfs4_op_access.c.o
[ 11%] Building C object Protocols/XDR/CMakeFiles/nfs_mnt_xdr.dir/xdr_nfsv41.c.o
[ 12%] Building C object Protocols/NLM/CMakeFiles/nlm.dir/nlm_Null.c.o
[ 12%] Building C object Protocols/RQUOTA/CMakeFiles/rquota.dir/rquota_getactivequota.c.o
[ 12%] Built target log
[ 12%] Building C object config_parsing/CMakeFiles/config_parsing.dir/conf_url.c.o
[ 12%] Building C object dbus/CMakeFiles/gshdbus.dir/signal_handler.c.o
[ 12%] Building C object config_parsing/CMakeFiles/config_parsing.dir/conf_yacc.c.o
[ 13%] Building C object config_parsing/CMakeFiles/config_parsing.dir/conf_lex.c.o
[ 13%] Building C object support/CMakeFiles/support.dir/nfs_convert.c.o
[ 14%] Building C object Protocols/9P/CMakeFiles/9p.dir/9p_auth.c.o
[ 14%] Building C object Protocols/NFSACL/CMakeFiles/nfsacl.dir/nfsacl_setacl.c.o
[ 14%] Building C object support/CMakeFiles/support.dir/nfs_ip_name.c.o
[ 14%] Built target uid2grp
[ 15%] Building C object Protocols/NFS/CMakeFiles/nfsproto.dir/nfs4_op_allocate.c.o
[ 15%] Building C object Protocols/NLM/CMakeFiles/nlm.dir/nlm_Share.c.o
[ 15%] Building C object Protocols/XDR/CMakeFiles/nfs_mnt_xdr.dir/xdr_nlm4.c.o
[ 16%] Building C object Protocols/XDR/CMakeFiles/nfs_mnt_xdr.dir/xdr_nsm.c.o
[ 16%] Building C object Protocols/NLM/CMakeFiles/nlm.dir/nlm_Sm_Notify.c.o
[ 17%] Building C object support/CMakeFiles/support.dir/ds.c.o
[ 17%] Building C object Protocols/9P/CMakeFiles/9p.dir/9p_clunk.c.o
[ 18%] Building C object dbus/CMakeFiles/gshdbus.dir/dbus_heartbeat.c.o
[ 18%] Building C object Protocols/NFS/CMakeFiles/nfsproto.dir/nfs4_op_bind_conn.c.o
[ 19%] Building C object Protocols/RQUOTA/CMakeFiles/rquota.dir/rquota_setquota.c.o
[ 19%] Building C object SAL/CMakeFiles/sal.dir/state_share.c.o
[ 19%] Building C object Protocols/NFS/CMakeFiles/nfsproto.dir/nfs4_op_close.c.o
[ 19%] Building C object Protocols/9P/CMakeFiles/9p.dir/9p_flush.c.o
[ 19%] Building C object Protocols/NFS/CMakeFiles/nfsproto.dir/nfs4_op_commit.c.o
[ 19%] Building C object SAL/CMakeFiles/sal.dir/state_misc.c.o
[ 19%] Built target rpcal
[ 20%] Building C object SAL/CMakeFiles/sal.dir/state_layout.c.o
[ 20%] Building C object Protocols/NFS/CMakeFiles/nfsproto.dir/nfs4_op_create.c.o
[ 20%] Building C object support/CMakeFiles/support.dir/exports.c.o
[ 20%] Building C object Protocols/XDR/CMakeFiles/nfs_mnt_xdr.dir/xdr_nfsacl.c.o
[ 20%] Built target config_parsing
[ 20%] Building C object SAL/CMakeFiles/sal.dir/state_deleg.c.o
[ 20%] Building C object support/CMakeFiles/support.dir/fridgethr.c.o
[ 20%] Built target nfsacl
[ 20%] Building C object Protocols/NLM/CMakeFiles/nlm.dir/nlm_Test.c.o
[ 20%] Building C object support/CMakeFiles/support.dir/delayed_exec.c.o
[ 20%] Building C object SAL/CMakeFiles/sal.dir/nfs4_clientid.c.o
[ 20%] Building C object Protocols/RQUOTA/CMakeFiles/rquota.dir/rquota_setactivequota.c.o
[ 20%] Building C object Protocols/RQUOTA/CMakeFiles/rquota.dir/rquota_common.c.o
[ 20%] Built target gshdbus
[ 20%] Building C object SAL/CMakeFiles/sal.dir/nfs4_state.c.o
[ 20%] Building C object support/CMakeFiles/support.dir/bsd-base64.c.o
[ 21%] Building C object SAL/CMakeFiles/sal.dir/nfs4_state_id.c.o
[ 21%] Building C object Protocols/XDR/CMakeFiles/nfs_mnt_xdr.dir/xdr_rquota.c.o
[ 21%] Building C object Protocols/9P/CMakeFiles/9p.dir/9p_flush_hook.c.o
[ 22%] Building C object support/CMakeFiles/support.dir/server_stats.c.o
[ 24%] Building C object Protocols/9P/CMakeFiles/9p.dir/9p_getattr.c.o
[ 24%] Building C object Protocols/NLM/CMakeFiles/nlm.dir/nlm_Unlock.c.o
[ 24%] Building C object Protocols/9P/CMakeFiles/9p.dir/9p_getlock.c.o
[ 25%] Building C object support/CMakeFiles/support.dir/export_mgr.c.o
[ 25%] Building C object Protocols/NFS/CMakeFiles/nfsproto.dir/nfs4_op_create_session.c.o
[ 25%] Building C object Protocols/NFS/CMakeFiles/nfsproto.dir/nfs4_op_delegpurge.c.o
[ 25%] Building C object Protocols/NFS/CMakeFiles/nfsproto.dir/nfs4_op_delegreturn.c.o
[ 25%] Building C object Protocols/NFS/CMakeFiles/nfsproto.dir/nfs4_op_destroy_session.c.o
[ 26%] Building C object Protocols/NFS/CMakeFiles/nfsproto.dir/nfs4_op_exchange_id.c.o
[ 26%] Built target nfs_mnt_xdr
[ 26%] Building C object Protocols/9P/CMakeFiles/9p.dir/9p_lcreate.c.o
[ 26%] Building C object Protocols/NFS/CMakeFiles/nfsproto.dir/nfs4_op_getattr.c.o
[ 26%] Building C object Protocols/NFS/CMakeFiles/nfsproto.dir/nfs4_op_free_stateid.c.o
[ 26%] Built target rquota
[ 26%] Building C object support/CMakeFiles/support.dir/nfs4_fs_locations.c.o
[ 26%] Building C object Protocols/NFS/CMakeFiles/nfsproto.dir/nfs4_op_getdeviceinfo.c.o
[ 26%] Building C object support/CMakeFiles/support.dir/xprt_handler.c.o
[ 26%] Building C object Protocols/9P/CMakeFiles/9p.dir/9p_lopen.c.o
[ 27%] Building C object Protocols/9P/CMakeFiles/9p.dir/9p_link.c.o
[ 27%] Building C object Protocols/9P/CMakeFiles/9p.dir/9p_lock.c.o
[ 27%] Building C object Protocols/NLM/CMakeFiles/nlm.dir/nlm_Unshare.c.o
[ 27%] Building C object Protocols/9P/CMakeFiles/9p.dir/9p_mkdir.c.o
[ 28%] Building C object support/CMakeFiles/support.dir/ip_utils.c.o
[ 29%] Building C object Protocols/NFS/CMakeFiles/nfsproto.dir/nfs4_op_getdevicelist.c.o
[ 29%] Building C object SAL/CMakeFiles/sal.dir/nfs4_lease.c.o
[ 29%] Building C object Protocols/NFS/CMakeFiles/nfsproto.dir/nfs4_op_getfh.c.o
[ 29%] Building C object Protocols/NLM/CMakeFiles/nlm.dir/nlm_async.c.o
[ 29%] Building C object Protocols/NLM/CMakeFiles/nlm.dir/nlm_util.c.o
[ 30%] Building C object Protocols/NLM/CMakeFiles/nlm.dir/nsm.c.o
[ 30%] Building C object Protocols/NFS/CMakeFiles/nfsproto.dir/nfs4_op_illegal.c.o
[ 30%] Building C object Protocols/NFS/CMakeFiles/nfsproto.dir/nfs4_op_layoutcommit.c.o
[ 30%] Building C object Protocols/9P/CMakeFiles/9p.dir/9p_mknod.c.o
[ 31%] Building C object Protocols/NFS/CMakeFiles/nfsproto.dir/nfs4_op_layoutget.c.o
[ 31%] Building C object Protocols/NFS/CMakeFiles/nfsproto.dir/nfs4_op_layoutreturn.c.o
[ 31%] Building C object Protocols/NFS/CMakeFiles/nfsproto.dir/nfs4_op_link.c.o
[ 31%] Building C object Protocols/NFS/CMakeFiles/nfsproto.dir/nfs4_op_lock.c.o
[ 32%] Building C object Protocols/NFS/CMakeFiles/nfsproto.dir/nfs4_op_lockt.c.o
[ 32%] Building C object SAL/CMakeFiles/sal.dir/nfs4_recovery.c.o
[ 32%] Built target support
[ 34%] Building C object Protocols/9P/CMakeFiles/9p.dir/9p_read.c.o
[ 34%] Building C object Protocols/9P/CMakeFiles/9p.dir/9p_readdir.c.o
[ 34%] Building C object Protocols/9P/CMakeFiles/9p.dir/9p_readlink.c.o
[ 34%] Building C object SAL/CMakeFiles/sal.dir/nfs41_session_id.c.o
[ 34%] Building C object Protocols/9P/CMakeFiles/9p.dir/9p_remove.c.o
[ 34%] Building C object Protocols/NFS/CMakeFiles/nfsproto.dir/nfs4_op_locku.c.o
[ 34%] Building C object SAL/CMakeFiles/sal.dir/nfs4_owner.c.o
[ 34%] Building C object Protocols/NFS/CMakeFiles/nfsproto.dir/nfs4_op_lookup.c.o
[ 34%] Building C object Protocols/9P/CMakeFiles/9p.dir/9p_rename.c.o
[ 34%] Building C object Protocols/NFS/CMakeFiles/nfsproto.dir/nfs4_op_lookupp.c.o
[ 34%] Built target nlm
[ 34%] Building C object Protocols/NFS/CMakeFiles/nfsproto.dir/nfs4_op_nverify.c.o
[ 35%] Building C object Protocols/9P/CMakeFiles/9p.dir/9p_renameat.c.o
[ 36%] Building C object SAL/CMakeFiles/sal.dir/recovery/recovery_fs.c.o
[ 36%] Building C object SAL/CMakeFiles/sal.dir/recovery/recovery_fs_ng.c.o
[ 37%] Building C object Protocols/NFS/CMakeFiles/nfsproto.dir/nfs4_op_open.c.o
[ 37%] Building C object SAL/CMakeFiles/sal.dir/nlm_owner.c.o
[ 37%] Building C object Protocols/NFS/CMakeFiles/nfsproto.dir/nfs4_op_open_confirm.c.o
[ 37%] Building C object Protocols/NFS/CMakeFiles/nfsproto.dir/nfs4_op_open_downgrade.c.o
[ 37%] Building C object Protocols/9P/CMakeFiles/9p.dir/9p_fsync.c.o
[ 37%] Building C object SAL/CMakeFiles/sal.dir/nlm_state.c.o
[ 38%] Building C object SAL/CMakeFiles/sal.dir/9p_owner.c.o
[ 38%] Building C object Protocols/NFS/CMakeFiles/nfsproto.dir/nfs4_op_openattr.c.o
[ 39%] Building C object Protocols/NFS/CMakeFiles/nfsproto.dir/nfs4_op_putfh.c.o
[ 39%] Building C object Protocols/NFS/CMakeFiles/nfsproto.dir/nfs4_op_putpubfh.c.o
[ 39%] Building C object Protocols/NFS/CMakeFiles/nfsproto.dir/nfs4_op_putrootfh.c.o
[ 39%] Building C object Protocols/9P/CMakeFiles/9p.dir/9p_unlinkat.c.o
[ 39%] Building C object Protocols/9P/CMakeFiles/9p.dir/9p_setattr.c.o
[ 39%] Building C object Protocols/NFS/CMakeFiles/nfsproto.dir/nfs4_op_read.c.o
[ 40%] Building C object Protocols/NFS/CMakeFiles/nfsproto.dir/nfs4_op_readdir.c.o
[ 40%] Building C object Protocols/NFS/CMakeFiles/nfsproto.dir/nfs4_op_readlink.c.o
[ 41%] Building C object Protocols/9P/CMakeFiles/9p.dir/9p_statfs.c.o
[ 41%] Building C object Protocols/9P/CMakeFiles/9p.dir/9p_symlink.c.o
[ 41%] Building C object Protocols/NFS/CMakeFiles/nfsproto.dir/nfs4_op_reclaim_complete.c.o
[ 41%] Building C object Protocols/9P/CMakeFiles/9p.dir/9p_version.c.o
[ 41%] Building C object Protocols/NFS/CMakeFiles/nfsproto.dir/nfs4_op_release_lockowner.c.o
[ 41%] Building C object Protocols/9P/CMakeFiles/9p.dir/9p_walk.c.o
[ 42%] Building C object Protocols/NFS/CMakeFiles/nfsproto.dir/nfs4_op_remove.c.o
[ 43%] Building C object Protocols/9P/CMakeFiles/9p.dir/9p_xattrcreate.c.o
[ 43%] Building C object Protocols/NFS/CMakeFiles/nfsproto.dir/nfs4_op_rename.c.o
[ 43%] Building C object Protocols/9P/CMakeFiles/9p.dir/9p_xattrwalk.c.o
[ 43%] Built target sal
[ 43%] Building C object Protocols/NFS/CMakeFiles/nfsproto.dir/nfs4_op_renew.c.o
[ 43%] Building C object Protocols/NFS/CMakeFiles/nfsproto.dir/nfs4_op_restorefh.c.o
[ 44%] Building C object Protocols/NFS/CMakeFiles/nfsproto.dir/nfs4_op_savefh.c.o
[ 44%] Building C object Protocols/9P/CMakeFiles/9p.dir/9p_write.c.o
[ 44%] Building C object Protocols/9P/CMakeFiles/9p.dir/9p_rerror.c.o
[ 44%] Building C object Protocols/NFS/CMakeFiles/nfsproto.dir/nfs4_op_secinfo_no_name.c.o
[ 44%] Building C object Protocols/NFS/CMakeFiles/nfsproto.dir/nfs4_op_secinfo.c.o
[ 44%] Building C object Protocols/NFS/CMakeFiles/nfsproto.dir/nfs4_op_sequence.c.o
[ 44%] Building C object Protocols/NFS/CMakeFiles/nfsproto.dir/nfs4_op_set_ssv.c.o
[ 45%] Building C object Protocols/NFS/CMakeFiles/nfsproto.dir/nfs4_op_setattr.c.o
[ 45%] Building C object Protocols/NFS/CMakeFiles/nfsproto.dir/nfs4_op_xattr.c.o
[ 45%] Building C object Protocols/NFS/CMakeFiles/nfsproto.dir/nfs4_op_setclientid_confirm.c.o
[ 45%] Building C object Protocols/NFS/CMakeFiles/nfsproto.dir/nfs4_op_setclientid.c.o
[ 46%] Building C object Protocols/NFS/CMakeFiles/nfsproto.dir/nfs4_op_destroy_clientid.c.o
[ 46%] Building C object Protocols/NFS/CMakeFiles/nfsproto.dir/nfs4_op_test_stateid.c.o
[ 46%] Building C object Protocols/NFS/CMakeFiles/nfsproto.dir/nfs4_op_verify.c.o
[ 46%] Building C object Protocols/NFS/CMakeFiles/nfsproto.dir/nfs4_op_write.c.o
[ 47%] Building C object Protocols/NFS/CMakeFiles/nfsproto.dir/nfs4_pseudo.c.o
[ 47%] Building C object Protocols/NFS/CMakeFiles/nfsproto.dir/nfs_proto_tools.c.o
[ 47%] Building C object Protocols/NFS/CMakeFiles/nfsproto.dir/nfs_null.c.o
[ 47%] Building C object Protocols/NFS/CMakeFiles/nfsproto.dir/mnt_Dump.c.o
[ 48%] Building C object Protocols/NFS/CMakeFiles/nfsproto.dir/mnt_Export.c.o
[ 48%] Building C object Protocols/NFS/CMakeFiles/nfsproto.dir/mnt_Mnt.c.o
[ 48%] Building C object Protocols/NFS/CMakeFiles/nfsproto.dir/mnt_Null.c.o
[ 48%] Built target 9p
[ 48%] Building C object Protocols/NFS/CMakeFiles/nfsproto.dir/mnt_Umnt.c.o
[ 48%] Building C object Protocols/NFS/CMakeFiles/nfsproto.dir/mnt_UmntAll.c.o
[ 49%] Building C object Protocols/NFS/CMakeFiles/nfsproto.dir/nfs3_access.c.o
[ 49%] Building C object Protocols/NFS/CMakeFiles/nfsproto.dir/nfs3_commit.c.o
[ 49%] Building C object Protocols/NFS/CMakeFiles/nfsproto.dir/nfs3_create.c.o
[ 49%] Building C object Protocols/NFS/CMakeFiles/nfsproto.dir/nfs3_fsinfo.c.o
[ 50%] Building C object Protocols/NFS/CMakeFiles/nfsproto.dir/nfs3_fsstat.c.o
[ 50%] Building C object Protocols/NFS/CMakeFiles/nfsproto.dir/nfs3_getattr.c.o
[ 50%] Building C object Protocols/NFS/CMakeFiles/nfsproto.dir/nfs3_link.c.o
[ 51%] Building C object Protocols/NFS/CMakeFiles/nfsproto.dir/nfs3_lookup.c.o
[ 51%] Building C object Protocols/NFS/CMakeFiles/nfsproto.dir/nfs3_mkdir.c.o
[ 51%] Building C object Protocols/NFS/CMakeFiles/nfsproto.dir/nfs3_mknod.c.o
[ 51%] Building C object Protocols/NFS/CMakeFiles/nfsproto.dir/nfs3_pathconf.c.o
[ 51%] Building C object Protocols/NFS/CMakeFiles/nfsproto.dir/nfs3_read.c.o
[ 52%] Building C object Protocols/NFS/CMakeFiles/nfsproto.dir/nfs3_readdir.c.o
[ 52%] Building C object Protocols/NFS/CMakeFiles/nfsproto.dir/nfs3_readdirplus.c.o
[ 52%] Building C object Protocols/NFS/CMakeFiles/nfsproto.dir/nfs3_readlink.c.o
[ 52%] Building C object Protocols/NFS/CMakeFiles/nfsproto.dir/nfs3_remove.c.o
[ 53%] Building C object Protocols/NFS/CMakeFiles/nfsproto.dir/nfs3_rename.c.o
[ 53%] Building C object Protocols/NFS/CMakeFiles/nfsproto.dir/nfs3_rmdir.c.o
[ 53%] Building C object Protocols/NFS/CMakeFiles/nfsproto.dir/nfs3_setattr.c.o
[ 53%] Building C object Protocols/NFS/CMakeFiles/nfsproto.dir/nfs3_symlink.c.o
[ 53%] Building C object Protocols/NFS/CMakeFiles/nfsproto.dir/nfs3_write.c.o
[ 53%] Built target nfsproto
make: *** [Makefile:156: all] Error 2
[1m[31m==> ERROR:(B[m[1m A failure occurred in build().(B[m
[1m    Aborting...(B[m
