-- The C compiler identification is GNU 16.1.1
-- The CXX compiler identification is GNU 16.1.1
-- Detecting C compiler ABI info
-- Detecting C compiler ABI info - done
-- Check for working C compiler: /usr/bin/cc - skipped
-- Detecting C compile features
-- Detecting C compile features - done
-- Detecting CXX compiler ABI info
-- Detecting CXX compiler ABI info - done
-- Check for working CXX compiler: /usr/bin/c++ - skipped
-- Detecting CXX compile features
-- Detecting CXX compile features - done
-- Performing Test CMAKE_HAVE_LIBC_PTHREAD
-- Performing Test CMAKE_HAVE_LIBC_PTHREAD - Success
-- Found Threads: TRUE
-- Performing Test HAVE_STDATOMIC
-- Performing Test HAVE_STDATOMIC - Success
-- Found WrapAtomic: TRUE
-- Found OpenGL: /usr/lib/libOpenGL.so
-- Found WrapOpenGL: TRUE
-- Could NOT find WrapVulkanHeaders (missing: Vulkan_INCLUDE_DIR) 
-- Found Cups: /usr/lib/libcups.so (found version "2.4.19")
-- A release build (non-debug). Debugging outputs are silently ignored.
-- Found PkgConfig: /usr/bin/pkg-config (found version "2.5.1")
-- Checking for module 'exiv2>=0.27'
--   Found exiv2, version 0.28.8
-- exiv2 version by pkg-config: 0.28.8
-- exiv2 contains exiv2.hpp, using it
-- Found OpenCV: /usr (found version "4.13.0") found components: core imgproc
-- Checking for module 'libraw>=0.12.0'
--   Found libraw, version 0.22.1
-- Found TIFF: /usr/lib/cmake/tiff (found version "4.7.1")
-- QUAZIP: QuaZip-1 for Qt6 found
-- revision is fec5219c, 2025-12-28, custom
linuxdeploy is not available or working, required for AppImage
you may install a compatible version with scripts/build-linuxdeploy.sh
-- nomacs version is 3.22.0
-- using plugin directory: /build/nomacs/src/nomacs/ImageLounge/plugins
-- Found GTest: /usr/lib/cmake/GTest/GTestConfig.cmake (found version "1.17.0")
-- 
-- ----------------------------------------------------------------------------------
--  nomacs - Image Lounge 3.22  <https://nomacs.org>
--  Qt version: 6.11.0
--  nomacs will be compiled with OPENCV support .................. YES
--  nomacs will be compiled with LIBRAW support .................. YES
--  nomacs will be compiled with extended TIFF support ........... YES
--  nomacs will be compiled with plugin support .................. YES
--  nomacs will be compiled with Translations .................... YES
--  nomacs will be compiled with QuaZip support .................. YES
--  nomacs tests ................................................. YES
--  nomacs benchmarks ............................................ NO
-- ----------------------------------------------------------------------------------
-- Configuring done (1.9s)
-- Generating done (0.1s)
-- Build files have been written to: /build/nomacs/src/nomacs/build
[  0%] Built target nomacsCore_autogen_timestamp_deps
[  0%] Built target copy_css_files
[  1%] Automatic MOC for target nomacsCore
[  1%] Built target nomacsCore_autogen
[  2%] Generating qrc_nomacs.cpp
[  4%] Building CXX object CMakeFiles/nomacsCore.dir/nomacsCore_autogen/mocs_compilation.cpp.o
[  4%] Building CXX object CMakeFiles/nomacsCore.dir/src/DkGui/DkCentralWidget.cpp.o
[  4%] Building CXX object CMakeFiles/nomacsCore.dir/src/DkGui/DkBaseWidgets.cpp.o
[  5%] Building CXX object CMakeFiles/nomacsCore.dir/src/DkGui/DkBatch.cpp.o
[  5%] Building CXX object CMakeFiles/nomacsCore.dir/src/DkGui/DkConnection.cpp.o
[  6%] Building CXX object CMakeFiles/nomacsCore.dir/src/DkGui/DkNetwork.cpp.o
[  8%] Building CXX object CMakeFiles/nomacsCore.dir/src/DkGui/DkManipulatorWidgets.cpp.o
[  8%] Building CXX object CMakeFiles/nomacsCore.dir/src/DkGui/DkMetaDataWidgets.cpp.o
[  7%] Building CXX object CMakeFiles/nomacsCore.dir/src/DkGui/DkLogWidget.cpp.o
[  9%] Building CXX object CMakeFiles/nomacsCore.dir/src/DkGui/DkDialog.cpp.o
[ 11%] Building CXX object CMakeFiles/nomacsCore.dir/src/DkGui/DkControlWidget.cpp.o
[ 11%] Building CXX object CMakeFiles/nomacsCore.dir/src/DkGui/DkNoMacs.cpp.o
[ 11%] Building CXX object CMakeFiles/nomacsCore.dir/src/DkGui/DkDockWidgets.cpp.o
[ 12%] Building CXX object CMakeFiles/nomacsCore.dir/src/DkGui/DkMenu.cpp.o
[ 12%] Building CXX object CMakeFiles/nomacsCore.dir/src/DkGui/DkPreferenceWidgets.cpp.o
[ 13%] Building CXX object CMakeFiles/nomacsCore.dir/src/DkGui/DkPong.cpp.o
[ 14%] Building CXX object CMakeFiles/nomacsCore.dir/src/DkGui/DkShortcuts.cpp.o
[ 15%] Building CXX object CMakeFiles/nomacsCore.dir/src/DkGui/DkSettingsWidget.cpp.o
[ 16%] Building CXX object CMakeFiles/nomacsCore.dir/src/DkGui/DkQuickAccess.cpp.o
[ 16%] Building CXX object CMakeFiles/nomacsCore.dir/src/DkGui/DkThumbsWidgets.cpp.o
[ 17%] Building CXX object CMakeFiles/nomacsCore.dir/src/DkGui/DkToolbars.cpp.o
[ 18%] Building CXX object CMakeFiles/nomacsCore.dir/src/DkGui/DkViewPort.cpp.o
[ 18%] Building CXX object CMakeFiles/nomacsCore.dir/src/DkGui/DkWidgets.cpp.o
[ 19%] Building CXX object CMakeFiles/nomacsCore.dir/src/DkCore/DkActionManager.cpp.o
[ 20%] Building CXX object CMakeFiles/nomacsCore.dir/src/DkCore/DkBaseViewPort.cpp.o
[ 21%] Building CXX object CMakeFiles/nomacsCore.dir/src/DkCore/DkBasicLoader.cpp.o
[ 21%] Building CXX object CMakeFiles/nomacsCore.dir/src/DkCore/DkBasicWidgets.cpp.o
[ 22%] Building CXX object CMakeFiles/nomacsCore.dir/src/DkCore/DkBatchInfo.cpp.o
[ 23%] Building CXX object CMakeFiles/nomacsCore.dir/src/DkCore/DkDependencyResolver.cpp.o
[ 25%] Building CXX object CMakeFiles/nomacsCore.dir/src/DkCore/DkFileInfo.cpp.o
[ 25%] Building CXX object CMakeFiles/nomacsCore.dir/src/DkCore/DkImageContainer.cpp.o
[ 26%] Building CXX object CMakeFiles/nomacsCore.dir/src/DkCore/DkImageLoader.cpp.o
[ 27%] Building CXX object CMakeFiles/nomacsCore.dir/src/DkCore/DkImageStorage.cpp.o
[ 28%] Building CXX object CMakeFiles/nomacsCore.dir/src/DkCore/DkManipulators.cpp.o
[ 28%] Building CXX object CMakeFiles/nomacsCore.dir/src/DkCore/DkManipulatorsIpl.cpp.o
[ 29%] Building CXX object CMakeFiles/nomacsCore.dir/src/DkCore/DkMath.cpp.o
[ 30%] Building CXX object CMakeFiles/nomacsCore.dir/src/DkCore/DkMessageBox.cpp.o
[ 31%] Building CXX object CMakeFiles/nomacsCore.dir/src/DkCore/DkMetaData.cpp.o
[ 32%] Building CXX object CMakeFiles/nomacsCore.dir/src/DkCore/DkProcess.cpp.o
[ 32%] Building CXX object CMakeFiles/nomacsCore.dir/src/DkCore/DkPluginManager.cpp.o
[ 33%] Building CXX object CMakeFiles/nomacsCore.dir/src/DkCore/DkSaveDialog.cpp.o
[ 33%] Building CXX object CMakeFiles/nomacsCore.dir/src/DkCore/DkSettings.cpp.o
[ 34%] Building CXX object CMakeFiles/nomacsCore.dir/src/DkCore/DkStatusBar.cpp.o
[ 35%] Building CXX object CMakeFiles/nomacsCore.dir/src/DkCore/DkThemeManager.cpp.o
[ 36%] Building CXX object CMakeFiles/nomacsCore.dir/src/DkCore/DkThumbs.cpp.o
[ 36%] Building CXX object CMakeFiles/nomacsCore.dir/src/DkCore/DkTimer.cpp.o
[ 37%] Building CXX object CMakeFiles/nomacsCore.dir/src/DkCore/DkUpdater.cpp.o
[ 38%] Building CXX object CMakeFiles/nomacsCore.dir/src/DkCore/DkUtils.cpp.o
[ 39%] Building CXX object CMakeFiles/nomacsCore.dir/src/DkCore/DkVersion.cpp.o
[ 39%] Building CXX object CMakeFiles/nomacsCore.dir/qrc_nomacs.cpp.o
[ 40%] Building CXX object CMakeFiles/nomacsCore.dir/3rdparty/libqpsd/qpsdhandler.cpp.o
[ 41%] Building CXX object CMakeFiles/nomacsCore.dir/3rdparty/libqpsd/qpsdhandler_p.cpp.o
[ 42%] Building CXX object CMakeFiles/nomacsCore.dir/3rdparty/libqpsd/qpsdplugin.cpp.o
/build/nomacs/src/nomacs/ImageLounge/src/DkCore/DkMetaData.cpp: In static member function ‘static void nmc::DkMetaDataHelper::initialize()’:
/build/nomacs/src/nomacs/ImageLounge/src/DkCore/DkMetaData.cpp:2037:26: warning: ‘bool Exiv2::enableBMFF(bool)’ is deprecated [-Wdeprecated-declarations]
 2037 |     if (Exiv2::enableBMFF(true)) {
      |         ~~~~~~~~~~~~~~~~~^~~~~~
In file included from /usr/include/exiv2/exiv2.hpp:9,
                 from /build/nomacs/src/nomacs/ImageLounge/src/DkCore/DkMetaData.h:35,
                 from /build/nomacs/src/nomacs/ImageLounge/src/DkCore/DkMetaData.cpp:28:
/usr/include/exiv2/bmffimage.hpp:16:30: note: declared here
   16 | [[deprecated]] EXIV2API bool enableBMFF(bool enable = true);
      |                              ^~~~~~~~~~
[ 42%] Linking CXX shared library libnomacsCore.so
[ 43%] Built target nomacsCore
[ 43%] Built target affineTransformPlugin_autogen_timestamp_deps
[ 43%] Built target paintPlugin_autogen_timestamp_deps
[ 43%] Built target nomacs_autogen_timestamp_deps
[ 43%] Built target fakeMiniaturesPlugin_autogen_timestamp_deps
[ 43%] Built target CompositePlugin_autogen_timestamp_deps
[ 43%] Built target pageExtractionPlugin_autogen_timestamp_deps
[ 43%] Automatic MOC for target affineTransformPlugin
[ 44%] Automatic MOC for target paintPlugin
[ 44%] Automatic MOC for target CompositePlugin
[ 45%] Automatic MOC for target fakeMiniaturesPlugin
[ 45%] Automatic MOC for target pageExtractionPlugin
[ 46%] Automatic MOC for target nomacs
[ 46%] Built target nomacs_autogen
[ 48%] Generating nomacs_hu.qm
[ 48%] Generating nomacs_ar.qm
[ 48%] Generating nomacs_cs.qm
[ 58%] Generating nomacs_id.qm
[ 58%] Generating nomacs_de.qm
[ 58%] Generating nomacs_zh_TW.qm
[ 58%] Generating nomacs_bg.qm
[ 58%] Generating nomacs_hr.qm
[ 58%] Generating nomacs_es.qm
[ 58%] Generating nomacs_el.qm
[ 58%] Generating nomacs_fi.qm
[ 58%] Generating nomacs_ca.qm
[ 58%] Generating nomacs_et.qm
[ 58%] Generating nomacs_fr.qm
[ 58%] Generating nomacs_bs.qm
[ 59%] Generating nomacs_ja.qm
[ 59%] Generating nomacs_ko.qm
[ 61%] Generating nomacs_pt.qm
[ 61%] Generating nomacs_it.qm
[ 64%] Generating nomacs_sr.qm
[ 64%] Generating nomacs_pt_BR.qm
[ 64%] Generating nomacs_ru.qm
[ 65%] Generating nomacs_nl.qm
[ 64%] Generating nomacs_pl.qm
[ 65%] Generating nomacs_sv.qm
[ 68%] Generating nomacs_uk.qm
[ 68%] Generating nomacs_tr.qm
[ 68%] Generating nomacs_sk.qm
[ 68%] Generating nomacs_zh_CN.qm
[ 68%] Building CXX object CMakeFiles/nomacs.dir/src/main.cpp.o
[ 69%] Building CXX object CMakeFiles/nomacs.dir/nomacs_autogen/mocs_compilation.cpp.o
[ 69%] Built target pageExtractionPlugin_autogen
[ 69%] Generating qrc_nomacsPlugin.cpp
[ 69%] Built target paintPlugin_autogen
[ 69%] Built target affineTransformPlugin_autogen
[ 70%] Generating qrc_nomacsPlugin.cpp
[ 70%] Built target fakeMiniaturesPlugin_autogen
[ 71%] Generating qrc_nomacsPlugin.cpp
[ 71%] Built target CompositePlugin_autogen
[ 72%] Generating qrc_nomacsPlugin.cpp
[ 72%] Generating qrc_nomacsPlugin.cpp
[ 73%] Building CXX object nomacs-plugins/PageExtractionPlugin/CMakeFiles/pageExtractionPlugin.dir/src/DkPageExtractionPlugin.cpp.o
[ 75%] Building CXX object nomacs-plugins/PageExtractionPlugin/CMakeFiles/pageExtractionPlugin.dir/src/DkPageSegmentation.cpp.o
[ 75%] Building CXX object nomacs-plugins/PageExtractionPlugin/CMakeFiles/pageExtractionPlugin.dir/pageExtractionPlugin_autogen/mocs_compilation.cpp.o
[ 76%] Building CXX object nomacs-plugins/PageExtractionPlugin/CMakeFiles/pageExtractionPlugin.dir/src/DkPageSegmentationUtils.cpp.o
[ 77%] Building CXX object nomacs-plugins/PageExtractionPlugin/CMakeFiles/pageExtractionPlugin.dir/qrc_nomacsPlugin.cpp.o
[ 78%] Building CXX object nomacs-plugins/PaintPlugin/CMakeFiles/paintPlugin.dir/src/DkPaintPlugin.cpp.o
[ 78%] Building CXX object nomacs-plugins/PaintPlugin/CMakeFiles/paintPlugin.dir/paintPlugin_autogen/mocs_compilation.cpp.o
[ 79%] Building CXX object nomacs-plugins/PaintPlugin/CMakeFiles/paintPlugin.dir/qrc_nomacsPlugin.cpp.o
[ 79%] Building CXX object nomacs-plugins/AffineTransformations/CMakeFiles/affineTransformPlugin.dir/src/DkImgTransformationsPlugin.cpp.o
[ 80%] Building CXX object nomacs-plugins/AffineTransformations/CMakeFiles/affineTransformPlugin.dir/affineTransformPlugin_autogen/mocs_compilation.cpp.o
[ 81%] Building CXX object nomacs-plugins/AffineTransformations/CMakeFiles/affineTransformPlugin.dir/src/DkSkewEstimator.cpp.o
[ 82%] Building CXX object nomacs-plugins/AffineTransformations/CMakeFiles/affineTransformPlugin.dir/qrc_nomacsPlugin.cpp.o
[ 86%] Building CXX object nomacs-plugins/CompositePlugin/CMakeFiles/CompositePlugin.dir/CompositePlugin_autogen/mocs_compilation.cpp.o
[ 86%] Building CXX object nomacs-plugins/FakeMiniaturesPlugin/CMakeFiles/fakeMiniaturesPlugin.dir/src/DkFakeMiniaturesPlugin.cpp.o
[ 86%] Building CXX object nomacs-plugins/FakeMiniaturesPlugin/CMakeFiles/fakeMiniaturesPlugin.dir/qrc_nomacsPlugin.cpp.o
[ 86%] Building CXX object nomacs-plugins/FakeMiniaturesPlugin/CMakeFiles/fakeMiniaturesPlugin.dir/fakeMiniaturesPlugin_autogen/mocs_compilation.cpp.o
[ 86%] Building CXX object nomacs-plugins/CompositePlugin/CMakeFiles/CompositePlugin.dir/src/SbChannelWidget.cpp.o
[ 86%] Building CXX object nomacs-plugins/FakeMiniaturesPlugin/CMakeFiles/fakeMiniaturesPlugin.dir/src/DkFakeMiniaturesDialog.cpp.o
[ 87%] Building CXX object nomacs-plugins/CompositePlugin/CMakeFiles/CompositePlugin.dir/src/SbCompositePlugin.cpp.o
[ 88%] Building CXX object nomacs-plugins/CompositePlugin/CMakeFiles/CompositePlugin.dir/qrc_nomacsPlugin.cpp.o
[ 89%] Linking CXX shared library ../libfakeMiniaturesPlugin.so
[ 90%] Linking CXX shared library ../libpaintPlugin.so
[ 91%] Linking CXX executable nomacs
[ 92%] Linking CXX shared library ../libCompositePlugin.so
[ 93%] Linking CXX shared library ../libpageExtractionPlugin.so
[ 94%] Linking CXX shared library ../libaffineTransformPlugin.so
[ 94%] Built target fakeMiniaturesPlugin
[ 95%] Built target nomacs
[ 96%] Built target CompositePlugin
[ 97%] Built target paintPlugin
[ 98%] Built target pageExtractionPlugin
[100%] Built target affineTransformPlugin
