patching file AffineTransformations/CMakeLists.txt
patching file AffineTransformations/src/DkAffineTransformationsPlugin.json
patching file AffineTransformations/src/DkImgTransformationsPlugin.cpp
patching file AffineTransformations/src/DkImgTransformationsPlugin.h
patching file AffineTransformations/src/DkSkewEstimator.cpp
patching file CompositePlugin/CMakeLists.txt
patching file CompositePlugin/src/SbChannelWidget.cpp
patching file CompositePlugin/src/SbChannelWidget.h
patching file CompositePlugin/src/SbCompositePlugin.json
patching file FakeMiniaturesPlugin/CMakeLists.txt
patching file FakeMiniaturesPlugin/src/DkFakeMiniaturesDialog.cpp
patching file FakeMiniaturesPlugin/src/DkFakeMiniaturesDialog.h
patching file FakeMiniaturesPlugin/src/DkFakeMiniaturesPlugin.json
patching file PageExtractionPlugin/CMakeLists.txt
patching file PageExtractionPlugin/src/DkPageExtractionPlugin.json
patching file PaintPlugin/CMakeLists.txt
patching file PaintPlugin/src/DkPaintPlugin.cpp
patching file PaintPlugin/src/DkPaintPlugin.json
patching file SIMPLE_PLUGIN/CMakeLists.txt
patching file cmake/Utils.cmake
