make: Entering directory '/build/nomacs-qt6-git/src/nomacs/build'
[  0%] Built target nomacsCore_autogen_timestamp_deps
[  0%] Built target copy_css_files
[  1%] Built target nomacsCore_autogen
[ 43%] Built target nomacsCore
[ 43%] Built target nomacs_autogen_timestamp_deps
[ 43%] Built target affineTransformPlugin_autogen_timestamp_deps
[ 43%] Built target fakeMiniaturesPlugin_autogen_timestamp_deps
[ 43%] Built target CompositePlugin_autogen_timestamp_deps
[ 43%] Built target paintPlugin_autogen_timestamp_deps
[ 43%] Built target pageExtractionPlugin_autogen_timestamp_deps
[ 44%] Built target nomacs_autogen
[ 45%] Built target paintPlugin_autogen
[ 45%] Built target pageExtractionPlugin_autogen
[ 45%] Built target CompositePlugin_autogen
[ 46%] Built target fakeMiniaturesPlugin_autogen
[ 46%] Built target affineTransformPlugin_autogen
[ 71%] Built target nomacs
[ 77%] Built target paintPlugin
[ 83%] Built target pageExtractionPlugin
[ 88%] Built target fakeMiniaturesPlugin
[ 94%] Built target affineTransformPlugin
[100%] Built target CompositePlugin
Install the project...
-- Install configuration: "None"
-- Installing: /build/nomacs-qt6-git/pkg/nomacs-qt6-git/usr/bin/nomacs
-- Set non-toolchain portion of runtime path of "/build/nomacs-qt6-git/pkg/nomacs-qt6-git/usr/bin/nomacs" to ""
-- Installing: /build/nomacs-qt6-git/pkg/nomacs-qt6-git/usr/lib/libnomacsCore.so.3.22.0
-- Installing: /build/nomacs-qt6-git/pkg/nomacs-qt6-git/usr/lib/libnomacsCore.so.3
-- Set non-toolchain portion of runtime path of "/build/nomacs-qt6-git/pkg/nomacs-qt6-git/usr/lib/libnomacsCore.so.3.22.0" to ""
-- Installing: /build/nomacs-qt6-git/pkg/nomacs-qt6-git/usr/lib/libnomacsCore.so
-- Installing: /build/nomacs-qt6-git/pkg/nomacs-qt6-git/usr/share/nomacs/Image Lounge/translations/nomacs_ar.qm
-- Installing: /build/nomacs-qt6-git/pkg/nomacs-qt6-git/usr/share/nomacs/Image Lounge/translations/nomacs_bg.qm
-- Installing: /build/nomacs-qt6-git/pkg/nomacs-qt6-git/usr/share/nomacs/Image Lounge/translations/nomacs_bs.qm
-- Installing: /build/nomacs-qt6-git/pkg/nomacs-qt6-git/usr/share/nomacs/Image Lounge/translations/nomacs_ca.qm
-- Installing: /build/nomacs-qt6-git/pkg/nomacs-qt6-git/usr/share/nomacs/Image Lounge/translations/nomacs_cs.qm
-- Installing: /build/nomacs-qt6-git/pkg/nomacs-qt6-git/usr/share/nomacs/Image Lounge/translations/nomacs_de.qm
-- Installing: /build/nomacs-qt6-git/pkg/nomacs-qt6-git/usr/share/nomacs/Image Lounge/translations/nomacs_el.qm
-- Installing: /build/nomacs-qt6-git/pkg/nomacs-qt6-git/usr/share/nomacs/Image Lounge/translations/nomacs_es.qm
-- Installing: /build/nomacs-qt6-git/pkg/nomacs-qt6-git/usr/share/nomacs/Image Lounge/translations/nomacs_et.qm
-- Installing: /build/nomacs-qt6-git/pkg/nomacs-qt6-git/usr/share/nomacs/Image Lounge/translations/nomacs_fi.qm
-- Installing: /build/nomacs-qt6-git/pkg/nomacs-qt6-git/usr/share/nomacs/Image Lounge/translations/nomacs_fr.qm
-- Installing: /build/nomacs-qt6-git/pkg/nomacs-qt6-git/usr/share/nomacs/Image Lounge/translations/nomacs_hr.qm
-- Installing: /build/nomacs-qt6-git/pkg/nomacs-qt6-git/usr/share/nomacs/Image Lounge/translations/nomacs_hu.qm
-- Installing: /build/nomacs-qt6-git/pkg/nomacs-qt6-git/usr/share/nomacs/Image Lounge/translations/nomacs_id.qm
-- Installing: /build/nomacs-qt6-git/pkg/nomacs-qt6-git/usr/share/nomacs/Image Lounge/translations/nomacs_it.qm
-- Installing: /build/nomacs-qt6-git/pkg/nomacs-qt6-git/usr/share/nomacs/Image Lounge/translations/nomacs_ja.qm
-- Installing: /build/nomacs-qt6-git/pkg/nomacs-qt6-git/usr/share/nomacs/Image Lounge/translations/nomacs_ko.qm
-- Installing: /build/nomacs-qt6-git/pkg/nomacs-qt6-git/usr/share/nomacs/Image Lounge/translations/nomacs_nl.qm
-- Installing: /build/nomacs-qt6-git/pkg/nomacs-qt6-git/usr/share/nomacs/Image Lounge/translations/nomacs_pl.qm
-- Installing: /build/nomacs-qt6-git/pkg/nomacs-qt6-git/usr/share/nomacs/Image Lounge/translations/nomacs_pt.qm
-- Installing: /build/nomacs-qt6-git/pkg/nomacs-qt6-git/usr/share/nomacs/Image Lounge/translations/nomacs_pt_BR.qm
-- Installing: /build/nomacs-qt6-git/pkg/nomacs-qt6-git/usr/share/nomacs/Image Lounge/translations/nomacs_ru.qm
-- Installing: /build/nomacs-qt6-git/pkg/nomacs-qt6-git/usr/share/nomacs/Image Lounge/translations/nomacs_sk.qm
-- Installing: /build/nomacs-qt6-git/pkg/nomacs-qt6-git/usr/share/nomacs/Image Lounge/translations/nomacs_sr.qm
-- Installing: /build/nomacs-qt6-git/pkg/nomacs-qt6-git/usr/share/nomacs/Image Lounge/translations/nomacs_sv.qm
-- Installing: /build/nomacs-qt6-git/pkg/nomacs-qt6-git/usr/share/nomacs/Image Lounge/translations/nomacs_tr.qm
-- Installing: /build/nomacs-qt6-git/pkg/nomacs-qt6-git/usr/share/nomacs/Image Lounge/translations/nomacs_uk.qm
-- Installing: /build/nomacs-qt6-git/pkg/nomacs-qt6-git/usr/share/nomacs/Image Lounge/translations/nomacs_zh_CN.qm
-- Installing: /build/nomacs-qt6-git/pkg/nomacs-qt6-git/usr/share/nomacs/Image Lounge/translations/nomacs_zh_TW.qm
-- Installing: /build/nomacs-qt6-git/pkg/nomacs-qt6-git/usr/share/man/man1/nomacs.1
-- Installing: /build/nomacs-qt6-git/pkg/nomacs-qt6-git/usr/share/nomacs/Image Lounge/themes/Dark-Theme.css
-- Installing: /build/nomacs-qt6-git/pkg/nomacs-qt6-git/usr/share/nomacs/Image Lounge/themes/Light-Theme.css
-- Installing: /build/nomacs-qt6-git/pkg/nomacs-qt6-git/usr/share/nomacs/Image Lounge/themes/System.css
-- Installing: /build/nomacs-qt6-git/pkg/nomacs-qt6-git/usr/share/metainfo/org.nomacs.ImageLounge.appdata.xml
-- Installing: /build/nomacs-qt6-git/pkg/nomacs-qt6-git/usr/share/applications/org.nomacs.ImageLounge.desktop
-- Installing: /build/nomacs-qt6-git/pkg/nomacs-qt6-git/usr/share/icons/hicolor/scalable/apps/org.nomacs.ImageLounge.svg
-- Installing: /build/nomacs-qt6-git/pkg/nomacs-qt6-git/usr/lib/nomacs-plugins/libfakeMiniaturesPlugin.so.3.22.0
-- Installing: /build/nomacs-qt6-git/pkg/nomacs-qt6-git/usr/lib/nomacs-plugins/libfakeMiniaturesPlugin.so.3
-- Set non-toolchain portion of runtime path of "/build/nomacs-qt6-git/pkg/nomacs-qt6-git/usr/lib/nomacs-plugins/libfakeMiniaturesPlugin.so.3.22.0" to ""
-- Installing: /build/nomacs-qt6-git/pkg/nomacs-qt6-git/usr/lib/nomacs-plugins/libfakeMiniaturesPlugin.so
-- Installing: /build/nomacs-qt6-git/pkg/nomacs-qt6-git/usr/lib/nomacs-plugins/libaffineTransformPlugin.so.3.22.0
-- Installing: /build/nomacs-qt6-git/pkg/nomacs-qt6-git/usr/lib/nomacs-plugins/libaffineTransformPlugin.so.3
-- Set non-toolchain portion of runtime path of "/build/nomacs-qt6-git/pkg/nomacs-qt6-git/usr/lib/nomacs-plugins/libaffineTransformPlugin.so.3.22.0" to ""
-- Installing: /build/nomacs-qt6-git/pkg/nomacs-qt6-git/usr/lib/nomacs-plugins/libaffineTransformPlugin.so
-- Installing: /build/nomacs-qt6-git/pkg/nomacs-qt6-git/usr/lib/nomacs-plugins/libpaintPlugin.so.3.22.0
-- Installing: /build/nomacs-qt6-git/pkg/nomacs-qt6-git/usr/lib/nomacs-plugins/libpaintPlugin.so.3
-- Set non-toolchain portion of runtime path of "/build/nomacs-qt6-git/pkg/nomacs-qt6-git/usr/lib/nomacs-plugins/libpaintPlugin.so.3.22.0" to ""
-- Installing: /build/nomacs-qt6-git/pkg/nomacs-qt6-git/usr/lib/nomacs-plugins/libpaintPlugin.so
-- Installing: /build/nomacs-qt6-git/pkg/nomacs-qt6-git/usr/lib/nomacs-plugins/libpageExtractionPlugin.so.3.22.0
-- Installing: /build/nomacs-qt6-git/pkg/nomacs-qt6-git/usr/lib/nomacs-plugins/libpageExtractionPlugin.so.3
-- Set non-toolchain portion of runtime path of "/build/nomacs-qt6-git/pkg/nomacs-qt6-git/usr/lib/nomacs-plugins/libpageExtractionPlugin.so.3.22.0" to ""
-- Installing: /build/nomacs-qt6-git/pkg/nomacs-qt6-git/usr/lib/nomacs-plugins/libpageExtractionPlugin.so
-- Installing: /build/nomacs-qt6-git/pkg/nomacs-qt6-git/usr/lib/nomacs-plugins/libCompositePlugin.so.3.22.0
-- Installing: /build/nomacs-qt6-git/pkg/nomacs-qt6-git/usr/lib/nomacs-plugins/libCompositePlugin.so.3
-- Set non-toolchain portion of runtime path of "/build/nomacs-qt6-git/pkg/nomacs-qt6-git/usr/lib/nomacs-plugins/libCompositePlugin.so.3.22.0" to ""
-- Installing: /build/nomacs-qt6-git/pkg/nomacs-qt6-git/usr/lib/nomacs-plugins/libCompositePlugin.so
make: Leaving directory '/build/nomacs-qt6-git/src/nomacs/build'
