'/build/nomacs/src/nomacs-plugins-3.16/AffineTransformations' -> 'ImageLounge/plugins/AffineTransformations'
'/build/nomacs/src/nomacs-plugins-3.16/AffineTransformations/CMakeLists.txt' -> 'ImageLounge/plugins/AffineTransformations/CMakeLists.txt'
'/build/nomacs/src/nomacs-plugins-3.16/AffineTransformations/Readme' -> 'ImageLounge/plugins/AffineTransformations/Readme'
'/build/nomacs/src/nomacs-plugins-3.16/AffineTransformations/Readme/COPYRIGHT' -> 'ImageLounge/plugins/AffineTransformations/Readme/COPYRIGHT'
'/build/nomacs/src/nomacs-plugins-3.16/AffineTransformations/Readme/LICENSE.GPLv2' -> 'ImageLounge/plugins/AffineTransformations/Readme/LICENSE.GPLv2'
'/build/nomacs/src/nomacs-plugins-3.16/AffineTransformations/Readme/LICENSE.GPLv3' -> 'ImageLounge/plugins/AffineTransformations/Readme/LICENSE.GPLv3'
'/build/nomacs/src/nomacs-plugins-3.16/AffineTransformations/Readme/LICENSE.LGPL' -> 'ImageLounge/plugins/AffineTransformations/Readme/LICENSE.LGPL'
'/build/nomacs/src/nomacs-plugins-3.16/AffineTransformations/Readme/LICENSE.OPENCV' -> 'ImageLounge/plugins/AffineTransformations/Readme/LICENSE.OPENCV'
'/build/nomacs/src/nomacs-plugins-3.16/AffineTransformations/Readme/README' -> 'ImageLounge/plugins/AffineTransformations/Readme/README'
'/build/nomacs/src/nomacs-plugins-3.16/AffineTransformations/src' -> 'ImageLounge/plugins/AffineTransformations/src'
'/build/nomacs/src/nomacs-plugins-3.16/AffineTransformations/src/DkAffineTransformationsPlugin.json' -> 'ImageLounge/plugins/AffineTransformations/src/DkAffineTransformationsPlugin.json'
'/build/nomacs/src/nomacs-plugins-3.16/AffineTransformations/src/DkImgTransformationsPlugin.cpp' -> 'ImageLounge/plugins/AffineTransformations/src/DkImgTransformationsPlugin.cpp'
'/build/nomacs/src/nomacs-plugins-3.16/AffineTransformations/src/DkImgTransformationsPlugin.h' -> 'ImageLounge/plugins/AffineTransformations/src/DkImgTransformationsPlugin.h'
'/build/nomacs/src/nomacs-plugins-3.16/AffineTransformations/src/DkSkewEstimator.cpp' -> 'ImageLounge/plugins/AffineTransformations/src/DkSkewEstimator.cpp'
'/build/nomacs/src/nomacs-plugins-3.16/AffineTransformations/src/DkSkewEstimator.h' -> 'ImageLounge/plugins/AffineTransformations/src/DkSkewEstimator.h'
'/build/nomacs/src/nomacs-plugins-3.16/AffineTransformations/src/img' -> 'ImageLounge/plugins/AffineTransformations/src/img'
'/build/nomacs/src/nomacs-plugins-3.16/AffineTransformations/src/img/description.png' -> 'ImageLounge/plugins/AffineTransformations/src/img/description.png'
'/build/nomacs/src/nomacs-plugins-3.16/AffineTransformations/src/img/rotate-plugin.svg' -> 'ImageLounge/plugins/AffineTransformations/src/img/rotate-plugin.svg'
'/build/nomacs/src/nomacs-plugins-3.16/AffineTransformations/src/img/rotating-cursor.png' -> 'ImageLounge/plugins/AffineTransformations/src/img/rotating-cursor.png'
'/build/nomacs/src/nomacs-plugins-3.16/AffineTransformations/src/img/scale.svg' -> 'ImageLounge/plugins/AffineTransformations/src/img/scale.svg'
'/build/nomacs/src/nomacs-plugins-3.16/AffineTransformations/src/img/shear.svg' -> 'ImageLounge/plugins/AffineTransformations/src/img/shear.svg'
'/build/nomacs/src/nomacs-plugins-3.16/AffineTransformations/src/nomacsPlugin.qrc' -> 'ImageLounge/plugins/AffineTransformations/src/nomacsPlugin.qrc'
'/build/nomacs/src/nomacs-plugins-3.16/CMakeLists.txt' -> 'ImageLounge/plugins/CMakeLists.txt'
'/build/nomacs/src/nomacs-plugins-3.16/CMakeUserPaths.cmake' -> 'ImageLounge/plugins/CMakeUserPaths.cmake'
'/build/nomacs/src/nomacs-plugins-3.16/CMakeUserPathsGit.cmake' -> 'ImageLounge/plugins/CMakeUserPathsGit.cmake'
'/build/nomacs/src/nomacs-plugins-3.16/CompositePlugin' -> 'ImageLounge/plugins/CompositePlugin'
'/build/nomacs/src/nomacs-plugins-3.16/CompositePlugin/CMakeLists.txt' -> 'ImageLounge/plugins/CompositePlugin/CMakeLists.txt'
'/build/nomacs/src/nomacs-plugins-3.16/CompositePlugin/Readme' -> 'ImageLounge/plugins/CompositePlugin/Readme'
'/build/nomacs/src/nomacs-plugins-3.16/CompositePlugin/Readme/COPYRIGHT' -> 'ImageLounge/plugins/CompositePlugin/Readme/COPYRIGHT'
'/build/nomacs/src/nomacs-plugins-3.16/CompositePlugin/Readme/LICENSE.GPLv2' -> 'ImageLounge/plugins/CompositePlugin/Readme/LICENSE.GPLv2'
'/build/nomacs/src/nomacs-plugins-3.16/CompositePlugin/Readme/LICENSE.GPLv3' -> 'ImageLounge/plugins/CompositePlugin/Readme/LICENSE.GPLv3'
'/build/nomacs/src/nomacs-plugins-3.16/CompositePlugin/Readme/LICENSE.LGPL' -> 'ImageLounge/plugins/CompositePlugin/Readme/LICENSE.LGPL'
'/build/nomacs/src/nomacs-plugins-3.16/CompositePlugin/Readme/LICENSE.OPENCV' -> 'ImageLounge/plugins/CompositePlugin/Readme/LICENSE.OPENCV'
'/build/nomacs/src/nomacs-plugins-3.16/CompositePlugin/Readme/README' -> 'ImageLounge/plugins/CompositePlugin/Readme/README'
'/build/nomacs/src/nomacs-plugins-3.16/CompositePlugin/src' -> 'ImageLounge/plugins/CompositePlugin/src'
'/build/nomacs/src/nomacs-plugins-3.16/CompositePlugin/src/SbChannelWidget.cpp' -> 'ImageLounge/plugins/CompositePlugin/src/SbChannelWidget.cpp'
'/build/nomacs/src/nomacs-plugins-3.16/CompositePlugin/src/SbChannelWidget.h' -> 'ImageLounge/plugins/CompositePlugin/src/SbChannelWidget.h'
'/build/nomacs/src/nomacs-plugins-3.16/CompositePlugin/src/SbCompositePlugin.cpp' -> 'ImageLounge/plugins/CompositePlugin/src/SbCompositePlugin.cpp'
'/build/nomacs/src/nomacs-plugins-3.16/CompositePlugin/src/SbCompositePlugin.h' -> 'ImageLounge/plugins/CompositePlugin/src/SbCompositePlugin.h'
'/build/nomacs/src/nomacs-plugins-3.16/CompositePlugin/src/SbCompositePlugin.json' -> 'ImageLounge/plugins/CompositePlugin/src/SbCompositePlugin.json'
'/build/nomacs/src/nomacs-plugins-3.16/CompositePlugin/src/img' -> 'ImageLounge/plugins/CompositePlugin/src/img'
'/build/nomacs/src/nomacs-plugins-3.16/CompositePlugin/src/img/close.svg' -> 'ImageLounge/plugins/CompositePlugin/src/img/close.svg'
'/build/nomacs/src/nomacs-plugins-3.16/CompositePlugin/src/img/description.png' -> 'ImageLounge/plugins/CompositePlugin/src/img/description.png'
'/build/nomacs/src/nomacs-plugins-3.16/CompositePlugin/src/nomacsPlugin.qrc' -> 'ImageLounge/plugins/CompositePlugin/src/nomacsPlugin.qrc'
'/build/nomacs/src/nomacs-plugins-3.16/FakeMiniaturesPlugin' -> 'ImageLounge/plugins/FakeMiniaturesPlugin'
'/build/nomacs/src/nomacs-plugins-3.16/FakeMiniaturesPlugin/CMakeLists.txt' -> 'ImageLounge/plugins/FakeMiniaturesPlugin/CMakeLists.txt'
'/build/nomacs/src/nomacs-plugins-3.16/FakeMiniaturesPlugin/Readme' -> 'ImageLounge/plugins/FakeMiniaturesPlugin/Readme'
'/build/nomacs/src/nomacs-plugins-3.16/FakeMiniaturesPlugin/Readme/COPYRIGHT' -> 'ImageLounge/plugins/FakeMiniaturesPlugin/Readme/COPYRIGHT'
'/build/nomacs/src/nomacs-plugins-3.16/FakeMiniaturesPlugin/Readme/LICENSE.GPLv2' -> 'ImageLounge/plugins/FakeMiniaturesPlugin/Readme/LICENSE.GPLv2'
'/build/nomacs/src/nomacs-plugins-3.16/FakeMiniaturesPlugin/Readme/LICENSE.GPLv3' -> 'ImageLounge/plugins/FakeMiniaturesPlugin/Readme/LICENSE.GPLv3'
'/build/nomacs/src/nomacs-plugins-3.16/FakeMiniaturesPlugin/Readme/LICENSE.LGPL' -> 'ImageLounge/plugins/FakeMiniaturesPlugin/Readme/LICENSE.LGPL'
'/build/nomacs/src/nomacs-plugins-3.16/FakeMiniaturesPlugin/Readme/LICENSE.OPENCV' -> 'ImageLounge/plugins/FakeMiniaturesPlugin/Readme/LICENSE.OPENCV'
'/build/nomacs/src/nomacs-plugins-3.16/FakeMiniaturesPlugin/Readme/README' -> 'ImageLounge/plugins/FakeMiniaturesPlugin/Readme/README'
'/build/nomacs/src/nomacs-plugins-3.16/FakeMiniaturesPlugin/src' -> 'ImageLounge/plugins/FakeMiniaturesPlugin/src'
'/build/nomacs/src/nomacs-plugins-3.16/FakeMiniaturesPlugin/src/DkFakeMiniaturesDialog.cpp' -> 'ImageLounge/plugins/FakeMiniaturesPlugin/src/DkFakeMiniaturesDialog.cpp'
'/build/nomacs/src/nomacs-plugins-3.16/FakeMiniaturesPlugin/src/DkFakeMiniaturesDialog.h' -> 'ImageLounge/plugins/FakeMiniaturesPlugin/src/DkFakeMiniaturesDialog.h'
'/build/nomacs/src/nomacs-plugins-3.16/FakeMiniaturesPlugin/src/DkFakeMiniaturesPlugin.cpp' -> 'ImageLounge/plugins/FakeMiniaturesPlugin/src/DkFakeMiniaturesPlugin.cpp'
'/build/nomacs/src/nomacs-plugins-3.16/FakeMiniaturesPlugin/src/DkFakeMiniaturesPlugin.h' -> 'ImageLounge/plugins/FakeMiniaturesPlugin/src/DkFakeMiniaturesPlugin.h'
'/build/nomacs/src/nomacs-plugins-3.16/FakeMiniaturesPlugin/src/DkFakeMiniaturesPlugin.json' -> 'ImageLounge/plugins/FakeMiniaturesPlugin/src/DkFakeMiniaturesPlugin.json'
'/build/nomacs/src/nomacs-plugins-3.16/FakeMiniaturesPlugin/src/img' -> 'ImageLounge/plugins/FakeMiniaturesPlugin/src/img'
'/build/nomacs/src/nomacs-plugins-3.16/FakeMiniaturesPlugin/src/img/fakeMinDesc.png' -> 'ImageLounge/plugins/FakeMiniaturesPlugin/src/img/fakeMinDesc.png'
'/build/nomacs/src/nomacs-plugins-3.16/FakeMiniaturesPlugin/src/img/imgDescriptionMissing.png' -> 'ImageLounge/plugins/FakeMiniaturesPlugin/src/img/imgDescriptionMissing.png'
'/build/nomacs/src/nomacs-plugins-3.16/FakeMiniaturesPlugin/src/nomacsPlugin.qrc' -> 'ImageLounge/plugins/FakeMiniaturesPlugin/src/nomacsPlugin.qrc'
'/build/nomacs/src/nomacs-plugins-3.16/PageExtractionPlugin' -> 'ImageLounge/plugins/PageExtractionPlugin'
'/build/nomacs/src/nomacs-plugins-3.16/PageExtractionPlugin/CMakeLists.txt' -> 'ImageLounge/plugins/PageExtractionPlugin/CMakeLists.txt'
'/build/nomacs/src/nomacs-plugins-3.16/PageExtractionPlugin/Readme' -> 'ImageLounge/plugins/PageExtractionPlugin/Readme'
'/build/nomacs/src/nomacs-plugins-3.16/PageExtractionPlugin/Readme/COPYRIGHT' -> 'ImageLounge/plugins/PageExtractionPlugin/Readme/COPYRIGHT'
'/build/nomacs/src/nomacs-plugins-3.16/PageExtractionPlugin/Readme/LICENSE.GPLv2' -> 'ImageLounge/plugins/PageExtractionPlugin/Readme/LICENSE.GPLv2'
'/build/nomacs/src/nomacs-plugins-3.16/PageExtractionPlugin/Readme/LICENSE.GPLv3' -> 'ImageLounge/plugins/PageExtractionPlugin/Readme/LICENSE.GPLv3'
'/build/nomacs/src/nomacs-plugins-3.16/PageExtractionPlugin/Readme/LICENSE.LGPL' -> 'ImageLounge/plugins/PageExtractionPlugin/Readme/LICENSE.LGPL'
'/build/nomacs/src/nomacs-plugins-3.16/PageExtractionPlugin/Readme/LICENSE.OPENCV' -> 'ImageLounge/plugins/PageExtractionPlugin/Readme/LICENSE.OPENCV'
'/build/nomacs/src/nomacs-plugins-3.16/PageExtractionPlugin/Readme/README' -> 'ImageLounge/plugins/PageExtractionPlugin/Readme/README'
'/build/nomacs/src/nomacs-plugins-3.16/PageExtractionPlugin/src' -> 'ImageLounge/plugins/PageExtractionPlugin/src'
'/build/nomacs/src/nomacs-plugins-3.16/PageExtractionPlugin/src/DkPageExtractionPlugin.cpp' -> 'ImageLounge/plugins/PageExtractionPlugin/src/DkPageExtractionPlugin.cpp'
'/build/nomacs/src/nomacs-plugins-3.16/PageExtractionPlugin/src/DkPageExtractionPlugin.h' -> 'ImageLounge/plugins/PageExtractionPlugin/src/DkPageExtractionPlugin.h'
'/build/nomacs/src/nomacs-plugins-3.16/PageExtractionPlugin/src/DkPageExtractionPlugin.json' -> 'ImageLounge/plugins/PageExtractionPlugin/src/DkPageExtractionPlugin.json'
'/build/nomacs/src/nomacs-plugins-3.16/PageExtractionPlugin/src/DkPageSegmentation.cpp' -> 'ImageLounge/plugins/PageExtractionPlugin/src/DkPageSegmentation.cpp'
'/build/nomacs/src/nomacs-plugins-3.16/PageExtractionPlugin/src/DkPageSegmentation.h' -> 'ImageLounge/plugins/PageExtractionPlugin/src/DkPageSegmentation.h'
'/build/nomacs/src/nomacs-plugins-3.16/PageExtractionPlugin/src/DkPageSegmentationUtils.cpp' -> 'ImageLounge/plugins/PageExtractionPlugin/src/DkPageSegmentationUtils.cpp'
'/build/nomacs/src/nomacs-plugins-3.16/PageExtractionPlugin/src/DkPageSegmentationUtils.h' -> 'ImageLounge/plugins/PageExtractionPlugin/src/DkPageSegmentationUtils.h'
'/build/nomacs/src/nomacs-plugins-3.16/PageExtractionPlugin/src/img' -> 'ImageLounge/plugins/PageExtractionPlugin/src/img'
'/build/nomacs/src/nomacs-plugins-3.16/PageExtractionPlugin/src/img/page-extraction.png' -> 'ImageLounge/plugins/PageExtractionPlugin/src/img/page-extraction.png'
'/build/nomacs/src/nomacs-plugins-3.16/PageExtractionPlugin/src/nomacsPlugin.qrc' -> 'ImageLounge/plugins/PageExtractionPlugin/src/nomacsPlugin.qrc'
'/build/nomacs/src/nomacs-plugins-3.16/PaintPlugin' -> 'ImageLounge/plugins/PaintPlugin'
'/build/nomacs/src/nomacs-plugins-3.16/PaintPlugin/CMakeLists.txt' -> 'ImageLounge/plugins/PaintPlugin/CMakeLists.txt'
'/build/nomacs/src/nomacs-plugins-3.16/PaintPlugin/Readme' -> 'ImageLounge/plugins/PaintPlugin/Readme'
'/build/nomacs/src/nomacs-plugins-3.16/PaintPlugin/Readme/COPYRIGHT' -> 'ImageLounge/plugins/PaintPlugin/Readme/COPYRIGHT'
'/build/nomacs/src/nomacs-plugins-3.16/PaintPlugin/Readme/LICENSE.GPLv2' -> 'ImageLounge/plugins/PaintPlugin/Readme/LICENSE.GPLv2'
'/build/nomacs/src/nomacs-plugins-3.16/PaintPlugin/Readme/LICENSE.GPLv3' -> 'ImageLounge/plugins/PaintPlugin/Readme/LICENSE.GPLv3'
'/build/nomacs/src/nomacs-plugins-3.16/PaintPlugin/Readme/LICENSE.LGPL' -> 'ImageLounge/plugins/PaintPlugin/Readme/LICENSE.LGPL'
'/build/nomacs/src/nomacs-plugins-3.16/PaintPlugin/Readme/LICENSE.OPENCV' -> 'ImageLounge/plugins/PaintPlugin/Readme/LICENSE.OPENCV'
'/build/nomacs/src/nomacs-plugins-3.16/PaintPlugin/Readme/README' -> 'ImageLounge/plugins/PaintPlugin/Readme/README'
'/build/nomacs/src/nomacs-plugins-3.16/PaintPlugin/src' -> 'ImageLounge/plugins/PaintPlugin/src'
'/build/nomacs/src/nomacs-plugins-3.16/PaintPlugin/src/DkPaintPlugin.cpp' -> 'ImageLounge/plugins/PaintPlugin/src/DkPaintPlugin.cpp'
'/build/nomacs/src/nomacs-plugins-3.16/PaintPlugin/src/DkPaintPlugin.h' -> 'ImageLounge/plugins/PaintPlugin/src/DkPaintPlugin.h'
'/build/nomacs/src/nomacs-plugins-3.16/PaintPlugin/src/DkPaintPlugin.json' -> 'ImageLounge/plugins/PaintPlugin/src/DkPaintPlugin.json'
'/build/nomacs/src/nomacs-plugins-3.16/PaintPlugin/src/img' -> 'ImageLounge/plugins/PaintPlugin/src/img'
'/build/nomacs/src/nomacs-plugins-3.16/PaintPlugin/src/img/arrow.svg' -> 'ImageLounge/plugins/PaintPlugin/src/img/arrow.svg'
'/build/nomacs/src/nomacs-plugins-3.16/PaintPlugin/src/img/blur.svg' -> 'ImageLounge/plugins/PaintPlugin/src/img/blur.svg'
'/build/nomacs/src/nomacs-plugins-3.16/PaintPlugin/src/img/circle-outline.svg' -> 'ImageLounge/plugins/PaintPlugin/src/img/circle-outline.svg'
'/build/nomacs/src/nomacs-plugins-3.16/PaintPlugin/src/img/description.png' -> 'ImageLounge/plugins/PaintPlugin/src/img/description.png'
'/build/nomacs/src/nomacs-plugins-3.16/PaintPlugin/src/img/line.svg' -> 'ImageLounge/plugins/PaintPlugin/src/img/line.svg'
'/build/nomacs/src/nomacs-plugins-3.16/PaintPlugin/src/img/pencil.svg' -> 'ImageLounge/plugins/PaintPlugin/src/img/pencil.svg'
'/build/nomacs/src/nomacs-plugins-3.16/PaintPlugin/src/img/square-outline.svg' -> 'ImageLounge/plugins/PaintPlugin/src/img/square-outline.svg'
'/build/nomacs/src/nomacs-plugins-3.16/PaintPlugin/src/img/square.svg' -> 'ImageLounge/plugins/PaintPlugin/src/img/square.svg'
'/build/nomacs/src/nomacs-plugins-3.16/PaintPlugin/src/img/text.svg' -> 'ImageLounge/plugins/PaintPlugin/src/img/text.svg'
'/build/nomacs/src/nomacs-plugins-3.16/PaintPlugin/src/nomacsPlugin.qrc' -> 'ImageLounge/plugins/PaintPlugin/src/nomacsPlugin.qrc'
'/build/nomacs/src/nomacs-plugins-3.16/README.md' -> 'ImageLounge/plugins/README.md'
'/build/nomacs/src/nomacs-plugins-3.16/SIMPLE_PLUGIN' -> 'ImageLounge/plugins/SIMPLE_PLUGIN'
'/build/nomacs/src/nomacs-plugins-3.16/SIMPLE_PLUGIN/CMakeLists.txt' -> 'ImageLounge/plugins/SIMPLE_PLUGIN/CMakeLists.txt'
'/build/nomacs/src/nomacs-plugins-3.16/SIMPLE_PLUGIN/Readme' -> 'ImageLounge/plugins/SIMPLE_PLUGIN/Readme'
'/build/nomacs/src/nomacs-plugins-3.16/SIMPLE_PLUGIN/Readme/COPYRIGHT' -> 'ImageLounge/plugins/SIMPLE_PLUGIN/Readme/COPYRIGHT'
'/build/nomacs/src/nomacs-plugins-3.16/SIMPLE_PLUGIN/Readme/LICENSE.GPLv2' -> 'ImageLounge/plugins/SIMPLE_PLUGIN/Readme/LICENSE.GPLv2'
'/build/nomacs/src/nomacs-plugins-3.16/SIMPLE_PLUGIN/Readme/LICENSE.GPLv3' -> 'ImageLounge/plugins/SIMPLE_PLUGIN/Readme/LICENSE.GPLv3'
'/build/nomacs/src/nomacs-plugins-3.16/SIMPLE_PLUGIN/Readme/LICENSE.LGPL' -> 'ImageLounge/plugins/SIMPLE_PLUGIN/Readme/LICENSE.LGPL'
'/build/nomacs/src/nomacs-plugins-3.16/SIMPLE_PLUGIN/Readme/LICENSE.OPENCV' -> 'ImageLounge/plugins/SIMPLE_PLUGIN/Readme/LICENSE.OPENCV'
'/build/nomacs/src/nomacs-plugins-3.16/SIMPLE_PLUGIN/Readme/README' -> 'ImageLounge/plugins/SIMPLE_PLUGIN/Readme/README'
'/build/nomacs/src/nomacs-plugins-3.16/SIMPLE_PLUGIN/src' -> 'ImageLounge/plugins/SIMPLE_PLUGIN/src'
'/build/nomacs/src/nomacs-plugins-3.16/SIMPLE_PLUGIN/src/PLUGIN_CLASS_NAME.cpp' -> 'ImageLounge/plugins/SIMPLE_PLUGIN/src/PLUGIN_CLASS_NAME.cpp'
'/build/nomacs/src/nomacs-plugins-3.16/SIMPLE_PLUGIN/src/PLUGIN_CLASS_NAME.h' -> 'ImageLounge/plugins/SIMPLE_PLUGIN/src/PLUGIN_CLASS_NAME.h'
'/build/nomacs/src/nomacs-plugins-3.16/SIMPLE_PLUGIN/src/PLUGIN_CLASS_NAME.json' -> 'ImageLounge/plugins/SIMPLE_PLUGIN/src/PLUGIN_CLASS_NAME.json'
'/build/nomacs/src/nomacs-plugins-3.16/SIMPLE_PLUGIN/src/nomacsPlugin.qrc' -> 'ImageLounge/plugins/SIMPLE_PLUGIN/src/nomacsPlugin.qrc'
'/build/nomacs/src/nomacs-plugins-3.16/cmake' -> 'ImageLounge/plugins/cmake'
'/build/nomacs/src/nomacs-plugins-3.16/cmake/DependencyCollector.config.cmake.in' -> 'ImageLounge/plugins/cmake/DependencyCollector.config.cmake.in'
'/build/nomacs/src/nomacs-plugins-3.16/cmake/DependencyCollector.py' -> 'ImageLounge/plugins/cmake/DependencyCollector.py'
'/build/nomacs/src/nomacs-plugins-3.16/cmake/Utils.cmake' -> 'ImageLounge/plugins/cmake/Utils.cmake'
'/build/nomacs/src/nomacs-plugins-3.16/cmake/project.vcxproj.user.in' -> 'ImageLounge/plugins/cmake/project.vcxproj.user.in'
'/build/nomacs/src/nomacs-plugins-3.16/manuals' -> 'ImageLounge/plugins/manuals'
'/build/nomacs/src/nomacs-plugins-3.16/manuals/Creating-a-new-plugin.md' -> 'ImageLounge/plugins/manuals/Creating-a-new-plugin.md'
'/build/nomacs/src/nomacs-plugins-3.16/manuals/PageExtraction.md' -> 'ImageLounge/plugins/manuals/PageExtraction.md'
