-- Install configuration: "RelWithDebInfo"
-- Installing: /build/nomacs-git/pkg/nomacs-git/usr/bin/nomacs
-- Set non-toolchain portion of runtime path of "/build/nomacs-git/pkg/nomacs-git/usr/bin/nomacs" to ""
-- Installing: /build/nomacs-git/pkg/nomacs-git/usr/lib/libnomacsCore.so.3.22.0
-- Installing: /build/nomacs-git/pkg/nomacs-git/usr/lib/libnomacsCore.so.3
-- Set non-toolchain portion of runtime path of "/build/nomacs-git/pkg/nomacs-git/usr/lib/libnomacsCore.so.3.22.0" to ""
-- Installing: /build/nomacs-git/pkg/nomacs-git/usr/lib/libnomacsCore.so
-- Installing: /build/nomacs-git/pkg/nomacs-git/usr/share/nomacs/Image Lounge/translations/nomacs_ar.qm
-- Installing: /build/nomacs-git/pkg/nomacs-git/usr/share/nomacs/Image Lounge/translations/nomacs_bg.qm
-- Installing: /build/nomacs-git/pkg/nomacs-git/usr/share/nomacs/Image Lounge/translations/nomacs_bs.qm
-- Installing: /build/nomacs-git/pkg/nomacs-git/usr/share/nomacs/Image Lounge/translations/nomacs_ca.qm
-- Installing: /build/nomacs-git/pkg/nomacs-git/usr/share/nomacs/Image Lounge/translations/nomacs_cs.qm
-- Installing: /build/nomacs-git/pkg/nomacs-git/usr/share/nomacs/Image Lounge/translations/nomacs_de.qm
-- Installing: /build/nomacs-git/pkg/nomacs-git/usr/share/nomacs/Image Lounge/translations/nomacs_el.qm
-- Installing: /build/nomacs-git/pkg/nomacs-git/usr/share/nomacs/Image Lounge/translations/nomacs_es.qm
-- Installing: /build/nomacs-git/pkg/nomacs-git/usr/share/nomacs/Image Lounge/translations/nomacs_et.qm
-- Installing: /build/nomacs-git/pkg/nomacs-git/usr/share/nomacs/Image Lounge/translations/nomacs_fi.qm
-- Installing: /build/nomacs-git/pkg/nomacs-git/usr/share/nomacs/Image Lounge/translations/nomacs_fr.qm
-- Installing: /build/nomacs-git/pkg/nomacs-git/usr/share/nomacs/Image Lounge/translations/nomacs_hr.qm
-- Installing: /build/nomacs-git/pkg/nomacs-git/usr/share/nomacs/Image Lounge/translations/nomacs_hu.qm
-- Installing: /build/nomacs-git/pkg/nomacs-git/usr/share/nomacs/Image Lounge/translations/nomacs_id.qm
-- Installing: /build/nomacs-git/pkg/nomacs-git/usr/share/nomacs/Image Lounge/translations/nomacs_it.qm
-- Installing: /build/nomacs-git/pkg/nomacs-git/usr/share/nomacs/Image Lounge/translations/nomacs_ja.qm
-- Installing: /build/nomacs-git/pkg/nomacs-git/usr/share/nomacs/Image Lounge/translations/nomacs_ko.qm
-- Installing: /build/nomacs-git/pkg/nomacs-git/usr/share/nomacs/Image Lounge/translations/nomacs_nl.qm
-- Installing: /build/nomacs-git/pkg/nomacs-git/usr/share/nomacs/Image Lounge/translations/nomacs_pl.qm
-- Installing: /build/nomacs-git/pkg/nomacs-git/usr/share/nomacs/Image Lounge/translations/nomacs_pt.qm
-- Installing: /build/nomacs-git/pkg/nomacs-git/usr/share/nomacs/Image Lounge/translations/nomacs_pt_BR.qm
-- Installing: /build/nomacs-git/pkg/nomacs-git/usr/share/nomacs/Image Lounge/translations/nomacs_ru.qm
-- Installing: /build/nomacs-git/pkg/nomacs-git/usr/share/nomacs/Image Lounge/translations/nomacs_sk.qm
-- Installing: /build/nomacs-git/pkg/nomacs-git/usr/share/nomacs/Image Lounge/translations/nomacs_sr.qm
-- Installing: /build/nomacs-git/pkg/nomacs-git/usr/share/nomacs/Image Lounge/translations/nomacs_sv.qm
-- Installing: /build/nomacs-git/pkg/nomacs-git/usr/share/nomacs/Image Lounge/translations/nomacs_tr.qm
-- Installing: /build/nomacs-git/pkg/nomacs-git/usr/share/nomacs/Image Lounge/translations/nomacs_uk.qm
-- Installing: /build/nomacs-git/pkg/nomacs-git/usr/share/nomacs/Image Lounge/translations/nomacs_zh_CN.qm
-- Installing: /build/nomacs-git/pkg/nomacs-git/usr/share/nomacs/Image Lounge/translations/nomacs_zh_TW.qm
-- Installing: /build/nomacs-git/pkg/nomacs-git/usr/share/man/man1/nomacs.1
-- Installing: /build/nomacs-git/pkg/nomacs-git/usr/share/nomacs/Image Lounge/themes/Dark-Theme.css
-- Installing: /build/nomacs-git/pkg/nomacs-git/usr/share/nomacs/Image Lounge/themes/Light-Theme.css
-- Installing: /build/nomacs-git/pkg/nomacs-git/usr/share/nomacs/Image Lounge/themes/System.css
-- Installing: /build/nomacs-git/pkg/nomacs-git/usr/share/metainfo/org.nomacs.ImageLounge.appdata.xml
-- Installing: /build/nomacs-git/pkg/nomacs-git/usr/share/applications/org.nomacs.ImageLounge.desktop
-- Installing: /build/nomacs-git/pkg/nomacs-git/usr/share/icons/hicolor/scalable/apps/org.nomacs.ImageLounge.svg
-- Installing: /build/nomacs-git/pkg/nomacs-git/usr/lib/nomacs-plugins/libfakeMiniaturesPlugin.so.3.22.0
-- Installing: /build/nomacs-git/pkg/nomacs-git/usr/lib/nomacs-plugins/libfakeMiniaturesPlugin.so.3
-- Set non-toolchain portion of runtime path of "/build/nomacs-git/pkg/nomacs-git/usr/lib/nomacs-plugins/libfakeMiniaturesPlugin.so.3.22.0" to ""
-- Installing: /build/nomacs-git/pkg/nomacs-git/usr/lib/nomacs-plugins/libfakeMiniaturesPlugin.so
-- Installing: /build/nomacs-git/pkg/nomacs-git/usr/lib/nomacs-plugins/libaffineTransformPlugin.so.3.22.0
-- Installing: /build/nomacs-git/pkg/nomacs-git/usr/lib/nomacs-plugins/libaffineTransformPlugin.so.3
-- Set non-toolchain portion of runtime path of "/build/nomacs-git/pkg/nomacs-git/usr/lib/nomacs-plugins/libaffineTransformPlugin.so.3.22.0" to ""
-- Installing: /build/nomacs-git/pkg/nomacs-git/usr/lib/nomacs-plugins/libaffineTransformPlugin.so
-- Installing: /build/nomacs-git/pkg/nomacs-git/usr/lib/nomacs-plugins/libpaintPlugin.so.3.22.0
-- Installing: /build/nomacs-git/pkg/nomacs-git/usr/lib/nomacs-plugins/libpaintPlugin.so.3
-- Set non-toolchain portion of runtime path of "/build/nomacs-git/pkg/nomacs-git/usr/lib/nomacs-plugins/libpaintPlugin.so.3.22.0" to ""
-- Installing: /build/nomacs-git/pkg/nomacs-git/usr/lib/nomacs-plugins/libpaintPlugin.so
-- Installing: /build/nomacs-git/pkg/nomacs-git/usr/lib/nomacs-plugins/libpageExtractionPlugin.so.3.22.0
-- Installing: /build/nomacs-git/pkg/nomacs-git/usr/lib/nomacs-plugins/libpageExtractionPlugin.so.3
-- Set non-toolchain portion of runtime path of "/build/nomacs-git/pkg/nomacs-git/usr/lib/nomacs-plugins/libpageExtractionPlugin.so.3.22.0" to ""
-- Installing: /build/nomacs-git/pkg/nomacs-git/usr/lib/nomacs-plugins/libpageExtractionPlugin.so
-- Installing: /build/nomacs-git/pkg/nomacs-git/usr/lib/nomacs-plugins/libCompositePlugin.so.3.22.0
-- Installing: /build/nomacs-git/pkg/nomacs-git/usr/lib/nomacs-plugins/libCompositePlugin.so.3
-- Set non-toolchain portion of runtime path of "/build/nomacs-git/pkg/nomacs-git/usr/lib/nomacs-plugins/libCompositePlugin.so.3.22.0" to ""
-- Installing: /build/nomacs-git/pkg/nomacs-git/usr/lib/nomacs-plugins/libCompositePlugin.so
