-- The C compiler identification is GNU 15.2.1
-- The CXX compiler identification is GNU 15.2.1
-- Detecting C compiler ABI info
-- Detecting C compiler ABI info - done
-- Check for working C compiler: /usr/bin/cc - skipped
-- Detecting C compile features
-- Detecting C compile features - done
-- Detecting CXX compiler ABI info
-- Detecting CXX compiler ABI info - done
-- Check for working CXX compiler: /usr/bin/c++ - skipped
-- Detecting CXX compile features
-- Detecting CXX compile features - done
-- Setting build type to 'Release' as none was specified.
-- Found Qt5 version 5.15.18
-- Enable interface MPRIS
-- PlugIns install path: /usr/lib/noson
-- PlugIns install path: /usr/lib/noson
-- PlugIns install path: /usr/lib/noson
-- Configuring done (0.5s)
-- Generating done (0.0s)
-- Build files have been written to: /build/noson-app-git/src/build
[  0%] Built target NosonThumbnailer_autogen_timestamp_deps
[  0%] Built target NosonMediaScanner_autogen_timestamp_deps
[  0%] Built target nosongui_QMlFiles
[  0%] Built target noson-gui_autogen_timestamp_deps
[  1%] Built target nosonapp_CONTROLS2_QMLFiles
[  1%] Built target NosonApp_autogen_timestamp_deps
[  1%] Building CXX object backend/cli/CMakeFiles/noson-cli.dir/noson.cpp.o
[  1%] Built target NosonApp-qmldir
[  1%] Built target NosonThumbnailer-qmldir
[  1%] Built target NosonMediaScanner-qmldir
[  2%] Automatic MOC for target NosonMediaScanner
[  3%] Automatic MOC for target NosonThumbnailer
[  4%] Automatic MOC for target noson-gui
[  5%] Automatic MOC for target NosonApp
[  5%] Built target noson-gui_autogen
[  6%] Generating qrc_noson_controls2_515.cpp
[  6%] Built target NosonMediaScanner_autogen
[  8%] Building CXX object backend/NosonMediaScanner/CMakeFiles/NosonMediaScanner.dir/flacparser.cpp.o
[ 10%] Building CXX object backend/NosonMediaScanner/CMakeFiles/NosonMediaScanner.dir/mediarunnable.cpp.o
[ 12%] Building CXX object backend/NosonMediaScanner/CMakeFiles/NosonMediaScanner.dir/m4aparser.cpp.o
[ 12%] Building CXX object backend/NosonMediaScanner/CMakeFiles/NosonMediaScanner.dir/oggparser.cpp.o
[ 12%] Building CXX object backend/NosonMediaScanner/CMakeFiles/NosonMediaScanner.dir/NosonMediaScanner_autogen/mocs_compilation.cpp.o
[ 13%] Building CXX object backend/NosonMediaScanner/CMakeFiles/NosonMediaScanner.dir/mediaextractor.cpp.o
[ 15%] Building CXX object backend/NosonMediaScanner/CMakeFiles/NosonMediaScanner.dir/listmodel.cpp.o
[ 17%] Building CXX object backend/NosonMediaScanner/CMakeFiles/NosonMediaScanner.dir/id3parser.cpp.o
[ 17%] Building CXX object backend/NosonMediaScanner/CMakeFiles/NosonMediaScanner.dir/aggregate/artists.cpp.o
[ 18%] Building CXX object backend/NosonMediaScanner/CMakeFiles/NosonMediaScanner.dir/mediascanner.cpp.o
[ 19%] Building CXX object backend/NosonMediaScanner/CMakeFiles/NosonMediaScanner.dir/plugin.cpp.o
[ 20%] Building CXX object backend/NosonMediaScanner/CMakeFiles/NosonMediaScanner.dir/aggregate/genres.cpp.o
[ 22%] Building CXX object backend/NosonMediaScanner/CMakeFiles/NosonMediaScanner.dir/mediascannerengine.cpp.o
[ 23%] Built target NosonThumbnailer_autogen
[ 23%] Building CXX object backend/NosonMediaScanner/CMakeFiles/NosonMediaScanner.dir/byteorder.cpp.o
[ 24%] Building CXX object backend/NosonMediaScanner/CMakeFiles/NosonMediaScanner.dir/aggregate/tracks.cpp.o
[ 25%] Building CXX object backend/NosonMediaScanner/CMakeFiles/NosonMediaScanner.dir/aggregate/albums.cpp.o
[ 26%] Building CXX object backend/NosonThumbnailer/CMakeFiles/NosonThumbnailer.dir/NosonThumbnailer_autogen/mocs_compilation.cpp.o
[ 27%] Building CXX object gui/CMakeFiles/noson-gui.dir/noson-gui_autogen/mocs_compilation.cpp.o
[ 29%] Building CXX object backend/NosonMediaScanner/CMakeFiles/NosonMediaScanner.dir/aggregate/composers.cpp.o
[ 29%] Built target NosonApp_autogen
[ 30%] Building CXX object gui/CMakeFiles/noson-gui.dir/noson.cpp.o
[ 31%] Building CXX object gui/CMakeFiles/noson-gui.dir/diskcache/diskcachefactory.cpp.o
[ 32%] Linking CXX executable noson-cli
[ 33%] Building CXX object backend/NosonThumbnailer/CMakeFiles/NosonThumbnailer.dir/plugin.cpp.o
[ 34%] Building CXX object gui/CMakeFiles/noson-gui.dir/diskcache/cachingnetworkaccessmanager.cpp.o
[ 36%] Building CXX object backend/NosonThumbnailer/CMakeFiles/NosonThumbnailer.dir/albumartgenerator.cpp.o
[ 37%] Generating mpris2_root.cpp, mpris2_root.h
[ 38%] Generating mpris2_player.cpp, mpris2_player.h
[ 39%] Generating mpris2_root.moc
[ 40%] Generating mpris2_player.moc
[ 41%] Building CXX object gui/CMakeFiles/noson-gui.dir/diskcache/cachereply.cpp.o
[ 43%] Building CXX object backend/NosonThumbnailer/CMakeFiles/NosonThumbnailer.dir/artistartgenerator.cpp.o
[ 44%] Building CXX object backend/NosonThumbnailer/CMakeFiles/NosonThumbnailer.dir/thumbnailerimageresponse.cpp.o
[ 45%] Building CXX object backend/NosonApp/CMakeFiles/NosonApp.dir/NosonApp_autogen/mocs_compilation.cpp.o
[ 46%] Building CXX object backend/NosonApp/CMakeFiles/NosonApp.dir/plugin.cpp.o
[ 47%] Building CXX object backend/NosonApp/CMakeFiles/NosonApp.dir/sonos.cpp.o
[ 48%] Building CXX object backend/NosonThumbnailer/CMakeFiles/NosonThumbnailer.dir/thumbnailer/thumbnailer.cpp.o
[ 50%] Building CXX object backend/NosonApp/CMakeFiles/NosonApp.dir/player.cpp.o
[ 51%] Building CXX object gui/CMakeFiles/noson-gui.dir/signalhandler.cpp.o
[ 52%] Building CXX object gui/CMakeFiles/noson-gui.dir/qrc_noson_controls2_515.cpp.o
[ 53%] Building CXX object backend/NosonApp/CMakeFiles/NosonApp.dir/tracksmodel.cpp.o
[ 54%] Building CXX object backend/NosonThumbnailer/CMakeFiles/NosonThumbnailer.dir/thumbnailer/thumbnailerjob.cpp.o
[ 55%] Building CXX object backend/NosonApp/CMakeFiles/NosonApp.dir/queuemodel.cpp.o
[ 56%] Building CXX object backend/NosonApp/CMakeFiles/NosonApp.dir/playlistsmodel.cpp.o
[ 58%] Building CXX object backend/NosonThumbnailer/CMakeFiles/NosonThumbnailer.dir/thumbnailer/ratelimiter.cpp.o
[ 59%] Building CXX object backend/NosonApp/CMakeFiles/NosonApp.dir/zonesmodel.cpp.o
[ 60%] Building CXX object backend/NosonThumbnailer/CMakeFiles/NosonThumbnailer.dir/thumbnailer/netrequest.cpp.o
[ 61%] Building CXX object backend/NosonThumbnailer/CMakeFiles/NosonThumbnailer.dir/thumbnailer/netmanager.cpp.o
[ 62%] Building CXX object backend/NosonApp/CMakeFiles/NosonApp.dir/renderingmodel.cpp.o
[ 63%] Building CXX object backend/NosonApp/CMakeFiles/NosonApp.dir/roomsmodel.cpp.o
[ 65%] Building CXX object backend/NosonThumbnailer/CMakeFiles/NosonThumbnailer.dir/thumbnailer/diskcachemanager.cpp.o
[ 66%] Building CXX object backend/NosonApp/CMakeFiles/NosonApp.dir/favoritesmodel.cpp.o
[ 67%] Building CXX object backend/NosonThumbnailer/CMakeFiles/NosonThumbnailer.dir/thumbnailer/artistinfo.cpp.o
[ 68%] Linking CXX shared module ../qml/NosonMediaScanner/libNosonMediaScanner.so
[ 69%] Building CXX object backend/NosonApp/CMakeFiles/NosonApp.dir/servicesmodel.cpp.o
[ 70%] Building CXX object backend/NosonThumbnailer/CMakeFiles/NosonThumbnailer.dir/thumbnailer/albuminfo.cpp.o
[ 72%] Building CXX object backend/NosonApp/CMakeFiles/NosonApp.dir/mediamodel.cpp.o
[ 73%] Building CXX object backend/NosonThumbnailer/CMakeFiles/NosonThumbnailer.dir/thumbnailer/abstractapi.cpp.o
[ 74%] Building CXX object backend/NosonApp/CMakeFiles/NosonApp.dir/qmlfilterbehavior.cpp.o
[ 75%] Building CXX object backend/NosonThumbnailer/CMakeFiles/NosonThumbnailer.dir/thumbnailer/tinyxml2.cpp.o
[ 76%] Building CXX object backend/NosonThumbnailer/CMakeFiles/NosonThumbnailer.dir/thumbnailer/xmldict.cpp.o
[ 77%] Building CXX object backend/NosonApp/CMakeFiles/NosonApp.dir/qmlsortbehavior.cpp.o
[ 79%] Building CXX object backend/NosonThumbnailer/CMakeFiles/NosonThumbnailer.dir/thumbnailer/jsonparser.cpp.o
[ 80%] Linking CXX executable noson-gui
[ 81%] Building CXX object backend/NosonThumbnailer/CMakeFiles/NosonThumbnailer.dir/thumbnailer/lastfm/lastfm.cpp.o
[ 82%] Building CXX object backend/NosonApp/CMakeFiles/NosonApp.dir/qmlsortfiltermodel.cpp.o
[ 83%] Building CXX object backend/NosonApp/CMakeFiles/NosonApp.dir/allservicesmodel.cpp.o
[ 84%] Building CXX object backend/NosonThumbnailer/CMakeFiles/NosonThumbnailer.dir/thumbnailer/lastfm/lfm-artistinfo.cpp.o
[ 86%] Building CXX object backend/NosonApp/CMakeFiles/NosonApp.dir/alarmsmodel.cpp.o
[ 87%] Building CXX object backend/NosonApp/CMakeFiles/NosonApp.dir/future.cpp.o
[ 88%] Building CXX object backend/NosonThumbnailer/CMakeFiles/NosonThumbnailer.dir/thumbnailer/lastfm/lfm-albuminfo.cpp.o
[ 89%] Building CXX object backend/NosonThumbnailer/CMakeFiles/NosonThumbnailer.dir/thumbnailer/deezer/deezer.cpp.o
[ 90%] Building CXX object backend/NosonApp/CMakeFiles/NosonApp.dir/librarymodel.cpp.o
[ 90%] Built target noson-cli
[ 91%] Building CXX object backend/NosonThumbnailer/CMakeFiles/NosonThumbnailer.dir/thumbnailer/deezer/deezer-artistinfo.cpp.o
[ 93%] Building CXX object backend/NosonApp/CMakeFiles/NosonApp.dir/radiosmodel.cpp.o
[ 94%] Building CXX object backend/NosonThumbnailer/CMakeFiles/NosonThumbnailer.dir/thumbnailer/deezer/deezer-albuminfo.cpp.o
[ 95%] Building CXX object backend/NosonApp/CMakeFiles/NosonApp.dir/dbus/mpris2.cpp.o
[ 96%] Building CXX object backend/NosonApp/CMakeFiles/NosonApp.dir/mpris2_root.cpp.o
[ 97%] Building CXX object backend/NosonApp/CMakeFiles/NosonApp.dir/mpris2_player.cpp.o
[ 97%] Built target noson-gui
[ 98%] Linking CXX shared module ../qml/NosonThumbnailer/libNosonThumbnailer.so
[ 98%] Built target NosonMediaScanner
[100%] Linking CXX shared module ../qml/NosonApp/libNosonApp.so
[100%] Built target NosonThumbnailer
[100%] Built target NosonApp
