-- Install configuration: "None"
-- Installing: /build/noson/pkg/noson/usr/lib/libnoson.a
-- Installing: /build/noson/pkg/noson/usr/lib/pkgconfig/noson.pc
-- Installing: /build/noson/pkg/noson/usr/lib/cmake/noson/nosonConfig.cmake
-- Installing: /build/noson/pkg/noson/usr/lib/cmake/noson/nosonConfigVersion.cmake
-- Installing: /build/noson/pkg/noson/usr/lib/cmake/noson/nosonTargets.cmake
-- Installing: /build/noson/pkg/noson/usr/lib/cmake/noson/nosonTargets-none.cmake
-- Installing: /build/noson/pkg/noson/usr/include/noson/alarm.h
-- Installing: /build/noson/pkg/noson/usr/include/noson/alarmclock.h
-- Installing: /build/noson/pkg/noson/usr/include/noson/audioencoder.h
-- Installing: /build/noson/pkg/noson/usr/include/noson/audioformat.h
-- Installing: /build/noson/pkg/noson/usr/include/noson/audiosource.h
-- Installing: /build/noson/pkg/noson/usr/include/noson/audiostream.h
-- Installing: /build/noson/pkg/noson/usr/include/noson/avtransport.h
-- Installing: /build/noson/pkg/noson/usr/include/noson/contentdirectory.h
-- Installing: /build/noson/pkg/noson/usr/include/noson/deviceproperties.h
-- Installing: /build/noson/pkg/noson/usr/include/noson/didlparser.h
-- Installing: /build/noson/pkg/noson/usr/include/noson/digitalitem.h
-- Installing: /build/noson/pkg/noson/usr/include/noson/element.h
-- Installing: /build/noson/pkg/noson/usr/include/noson/eventhandler.h
-- Installing: /build/noson/pkg/noson/usr/include/noson/filestreamer.h
-- Installing: /build/noson/pkg/noson/usr/include/noson/framebuffer.h
-- Installing: /build/noson/pkg/noson/usr/include/noson/imageservice.h
-- Installing: /build/noson/pkg/noson/usr/include/noson/intrinsic.h
-- Installing: /build/noson/pkg/noson/usr/include/noson/iodevice.h
-- Installing: /build/noson/pkg/noson/usr/include/noson/local_config.h
-- Installing: /build/noson/pkg/noson/usr/include/noson/locked.h
-- Installing: /build/noson/pkg/noson/usr/include/noson/musicservices.h
-- Installing: /build/noson/pkg/noson/usr/include/noson/renderingcontrol.h
-- Installing: /build/noson/pkg/noson/usr/include/noson/requestbroker.h
-- Installing: /build/noson/pkg/noson/usr/include/noson/service.h
-- Installing: /build/noson/pkg/noson/usr/include/noson/sharedptr.h
-- Installing: /build/noson/pkg/noson/usr/include/noson/smaccount.h
-- Installing: /build/noson/pkg/noson/usr/include/noson/smapi.h
-- Installing: /build/noson/pkg/noson/usr/include/noson/smapimetadata.h
-- Installing: /build/noson/pkg/noson/usr/include/noson/sonosplayer.h
-- Installing: /build/noson/pkg/noson/usr/include/noson/sonossystem.h
-- Installing: /build/noson/pkg/noson/usr/include/noson/sonostypes.h
-- Installing: /build/noson/pkg/noson/usr/include/noson/sonoszone.h
-- Installing: /build/noson/pkg/noson/usr/include/noson/streamreader.h
-- Installing: /build/noson/pkg/noson/usr/include/noson/subscription.h
-- Installing: /build/noson/pkg/noson/usr/include/noson/subscriptionpool.h
-- Installing: /build/noson/pkg/noson/usr/include/noson/zonegrouptopology.h
