CMake Warning:
  Ignoring extra path from command line:

   "FFmpeg_swscale_LIBRARY:FILEPATH=/usr/lib/libswscale.so.8"


-- The C compiler identification is GNU 15.2.1
-- The CXX compiler identification is GNU 15.2.1
-- Detecting C compiler ABI info
-- Detecting C compiler ABI info - done
-- Check for working C compiler: /usr/bin/cc - skipped
-- Detecting C compile features
-- Detecting C compile features - done
-- Detecting CXX compiler ABI info
-- Detecting CXX compiler ABI info - done
-- Check for working CXX compiler: /usr/bin/c++ - skipped
-- Detecting CXX compile features
-- Detecting CXX compile features - done
-- Checking for interprocedural optimization support
-- Checking for interprocedural optimization support - available
-- Checking for interprocedural optimization support - enabled [Release, MinSizeRel]
-- Found SIMDe: /usr/include (found version "0.8.2")
-- Performing Test CMAKE_HAVE_LIBC_PTHREAD
-- Performing Test CMAKE_HAVE_LIBC_PTHREAD - Success
-- Found Threads: TRUE
CMake Error at /usr/share/cmake/Modules/FindPackageHandleStandardArgs.cmake:290 (message):
  Could NOT find FFmpeg (missing: FFmpeg_LIBRARIES FFmpeg_INCLUDE_DIRS
  avformat avutil swscale swresample) (Required is at least version "6.1")

      Reason given by package: Ensure that required FFmpeg libraries are installed on the system.

Call Stack (most recent call first):
  /usr/share/cmake/Modules/FindPackageHandleStandardArgs.cmake:654 (_FPHSA_FAILURE_MESSAGE)
  cmake/finders/FindFFmpeg.cmake:313 (find_package_handle_standard_args)
  libobs/CMakeLists.txt:13 (find_package)


-- Configuring incomplete, errors occurred!
[1m[31m==> ERROR:(B[m[1m A failure occurred in build().(B[m
[1m    Aborting...(B[m
