-- Install configuration: "None"
-- Installing: /build/openloco-git/pkg/openloco-git/usr/bin/OpenLoco
-- Installing: /build/openloco-git/pkg/openloco-git/usr/share/doc/openloco/CHANGELOG.md
-- Installing: /build/openloco-git/pkg/openloco-git/usr/share/doc/openloco/CONTRIBUTORS.md
-- Installing: /build/openloco-git/pkg/openloco-git/usr/share/doc/openloco/LICENSE
-- Installing: /build/openloco-git/pkg/openloco-git/usr/share/doc/openloco/README.md
-- Installing: /build/openloco-git/pkg/openloco-git/usr/share/applications/openloco.desktop
-- Installing: /build/openloco-git/pkg/openloco-git/usr/share/icons/hicolor/16x16/apps/openloco.png
-- Installing: /build/openloco-git/pkg/openloco-git/usr/share/icons/hicolor/32x32/apps/openloco.png
-- Installing: /build/openloco-git/pkg/openloco-git/usr/share/icons/hicolor/64x64/apps/openloco.png
-- Installing: /build/openloco-git/pkg/openloco-git/usr/share/icons/hicolor/128x128/apps/openloco.png
-- Installing: /build/openloco-git/pkg/openloco-git/usr/share/icons/hicolor/256x256/apps/openloco.png
-- Installing: /build/openloco-git/pkg/openloco-git/usr/share/icons/hicolor/512x512/apps/openloco.png
-- Installing: /build/openloco-git/pkg/openloco-git/usr/share/icons/hicolor/scalable/apps/openloco.svg
-- Installing: /build/openloco-git/pkg/openloco-git/usr/bin/data
-- Installing: /build/openloco-git/pkg/openloco-git/usr/bin/data/language
-- Installing: /build/openloco-git/pkg/openloco-git/usr/bin/data/language/en-GB.yml
-- Installing: /build/openloco-git/pkg/openloco-git/usr/bin/data/language/es-ES.yml
-- Installing: /build/openloco-git/pkg/openloco-git/usr/bin/data/language/ko-KR.yml
-- Installing: /build/openloco-git/pkg/openloco-git/usr/bin/data/language/sv-SE.yml
-- Installing: /build/openloco-git/pkg/openloco-git/usr/bin/data/language/sk-SK.yml
-- Installing: /build/openloco-git/pkg/openloco-git/usr/bin/data/language/nl-NL.yml
-- Installing: /build/openloco-git/pkg/openloco-git/usr/bin/data/language/ru-RU.yml
-- Installing: /build/openloco-git/pkg/openloco-git/usr/bin/data/language/cs-CZ.yml
-- Installing: /build/openloco-git/pkg/openloco-git/usr/bin/data/language/it-IT.yml
-- Installing: /build/openloco-git/pkg/openloco-git/usr/bin/data/language/fr-FR.yml
-- Installing: /build/openloco-git/pkg/openloco-git/usr/bin/data/language/de-DE.yml
-- Installing: /build/openloco-git/pkg/openloco-git/usr/bin/data/language/tr-TR.yml
-- Installing: /build/openloco-git/pkg/openloco-git/usr/bin/data/language/ja-JP.yml
-- Installing: /build/openloco-git/pkg/openloco-git/usr/bin/data/language/pt-BR.yml
-- Installing: /build/openloco-git/pkg/openloco-git/usr/bin/data/language/zh-CN.yml
-- Installing: /build/openloco-git/pkg/openloco-git/usr/bin/data/language/pl-PL.yml
-- Installing: /build/openloco-git/pkg/openloco-git/usr/bin/data/language/en-US.yml
-- Installing: /build/openloco-git/pkg/openloco-git/usr/bin/data/objects/openloco_objects-src
-- Installing: /build/openloco-git/pkg/openloco-git/usr/bin/data/objects/openloco_objects-src/InterfaceSkin
-- Installing: /build/openloco-git/pkg/openloco-git/usr/bin/data/objects/openloco_objects-src/InterfaceSkin/OG_INTERDEF.dat
-- Installing: /build/openloco-git/pkg/openloco-git/usr/bin/data/objects/openloco_objects-src/TrainSignal
-- Installing: /build/openloco-git/pkg/openloco-git/usr/bin/data/objects/openloco_objects-src/Dock
-- Installing: /build/openloco-git/pkg/openloco-git/usr/bin/data/objects/openloco_objects-src/Tree
-- Installing: /build/openloco-git/pkg/openloco-git/usr/bin/data/objects/openloco_objects-src/Currency
-- Installing: /build/openloco-git/pkg/openloco-git/usr/bin/data/objects/openloco_objects-src/Airport
-- Installing: /build/openloco-git/pkg/openloco-git/usr/bin/data/objects/openloco_objects-src/Vehicle
-- Installing: /build/openloco-git/pkg/openloco-git/usr/bin/data/objects/openloco_objects-src/Vehicle/OG_MAILUS2.dat
-- Installing: /build/openloco-git/pkg/openloco-git/usr/bin/data/objects/openloco_objects-src/Vehicle/OG_FLTBEDN1.dat
-- Installing: /build/openloco-git/pkg/openloco-git/usr/bin/data/objects/openloco_objects-src/Vehicle/OG_GRAINHP2.dat
-- Installing: /build/openloco-git/pkg/openloco-git/usr/bin/data/objects/openloco_objects-src/Vehicle/OG_CATTLE1.dat
-- Installing: /build/openloco-git/pkg/openloco-git/usr/bin/data/objects/openloco_objects-src/Vehicle/OG_MK2.dat
-- Installing: /build/openloco-git/pkg/openloco-git/usr/bin/data/objects/openloco_objects-src/Vehicle/OG_FLATBED1.dat
-- Installing: /build/openloco-git/pkg/openloco-git/usr/bin/data/objects/openloco_objects-src/Vehicle/OG_OIL2.dat
-- Installing: /build/openloco-git/pkg/openloco-git/usr/bin/data/objects/openloco_objects-src/Vehicle/OG_MK1.dat
-- Installing: /build/openloco-git/pkg/openloco-git/usr/bin/data/objects/openloco_objects-src/Vehicle/OG_SWISS1.dat
-- Installing: /build/openloco-git/pkg/openloco-git/usr/bin/data/objects/openloco_objects-src/Vehicle/OG_ESTAR2.dat
-- Installing: /build/openloco-git/pkg/openloco-git/usr/bin/data/objects/openloco_objects-src/Vehicle/OG_HOPPNG.dat
-- Installing: /build/openloco-git/pkg/openloco-git/usr/bin/data/objects/openloco_objects-src/Vehicle/OG_CE68.dat
-- Installing: /build/openloco-git/pkg/openloco-git/usr/bin/data/objects/openloco_objects-src/Vehicle/OG_SWISS2.dat
-- Installing: /build/openloco-git/pkg/openloco-git/usr/bin/data/objects/openloco_objects-src/Vehicle/OG_RE442.dat
-- Installing: /build/openloco-git/pkg/openloco-git/usr/bin/data/objects/openloco_objects-src/Vehicle/OG_TGV1.dat
-- Installing: /build/openloco-git/pkg/openloco-git/usr/bin/data/objects/openloco_objects-src/Vehicle/OG_ESTAR1.dat
-- Installing: /build/openloco-git/pkg/openloco-git/usr/bin/data/objects/openloco_objects-src/Vehicle/OG_APT2.dat
-- Installing: /build/openloco-git/pkg/openloco-git/usr/bin/data/objects/openloco_objects-src/Vehicle/OG_PCAR1.dat
-- Installing: /build/openloco-git/pkg/openloco-git/usr/bin/data/objects/openloco_objects-src/Vehicle/OG_OILNG2.dat
-- Installing: /build/openloco-git/pkg/openloco-git/usr/bin/data/objects/openloco_objects-src/Vehicle/OG_MK3.dat
-- Installing: /build/openloco-git/pkg/openloco-git/usr/bin/data/objects/openloco_objects-src/Vehicle/OG_COAL1.dat
-- Installing: /build/openloco-git/pkg/openloco-git/usr/bin/data/objects/openloco_objects-src/Vehicle/OG_MAISW5.dat
-- Installing: /build/openloco-git/pkg/openloco-git/usr/bin/data/objects/openloco_objects-src/Vehicle/OG_OILN1.dat
-- Installing: /build/openloco-git/pkg/openloco-git/usr/bin/data/objects/openloco_objects-src/Vehicle/OG_SWISS5.dat
-- Installing: /build/openloco-git/pkg/openloco-git/usr/bin/data/objects/openloco_objects-src/Vehicle/OG_PVAN1.dat
-- Installing: /build/openloco-git/pkg/openloco-git/usr/bin/data/objects/openloco_objects-src/Vehicle/OG_GOODS3.dat
-- Installing: /build/openloco-git/pkg/openloco-git/usr/bin/data/objects/openloco_objects-src/Vehicle/OG_EWIVDT.dat
-- Installing: /build/openloco-git/pkg/openloco-git/usr/bin/data/objects/openloco_objects-src/Vehicle/OG_RE441.dat
-- Installing: /build/openloco-git/pkg/openloco-git/usr/bin/data/objects/openloco_objects-src/Vehicle/OG_A3.dat
-- Installing: /build/openloco-git/pkg/openloco-git/usr/bin/data/objects/openloco_objects-src/Vehicle/OG_HST.dat
-- Installing: /build/openloco-git/pkg/openloco-git/usr/bin/data/objects/openloco_objects-src/Vehicle/OG_SWISS4.dat
-- Installing: /build/openloco-git/pkg/openloco-git/usr/bin/data/objects/openloco_objects-src/Vehicle/OG_CATNG2.dat
-- Installing: /build/openloco-git/pkg/openloco-git/usr/bin/data/objects/openloco_objects-src/Vehicle/OG_MAILSW4.dat
-- Installing: /build/openloco-git/pkg/openloco-git/usr/bin/data/objects/openloco_objects-src/Vehicle/OG_ST8FT.dat
-- Installing: /build/openloco-git/pkg/openloco-git/usr/bin/data/objects/openloco_objects-src/Vehicle/OG_CL71.dat
-- Installing: /build/openloco-git/pkg/openloco-git/usr/bin/data/objects/openloco_objects-src/Vehicle/OG_PCARUS2.dat
-- Installing: /build/openloco-git/pkg/openloco-git/usr/bin/data/objects/openloco_objects-src/Vehicle/OG_MAILUS1.dat
-- Installing: /build/openloco-git/pkg/openloco-git/usr/bin/data/objects/openloco_objects-src/Vehicle/OG_PCARUS1.dat
-- Installing: /build/openloco-git/pkg/openloco-git/usr/bin/data/objects/openloco_objects-src/Vehicle/OG_APT3.dat
-- Installing: /build/openloco-git/pkg/openloco-git/usr/bin/data/objects/openloco_objects-src/Vehicle/OG_FLATBED2.dat
-- Installing: /build/openloco-git/pkg/openloco-git/usr/bin/data/objects/openloco_objects-src/Vehicle/OG_AE47.dat
-- Installing: /build/openloco-git/pkg/openloco-git/usr/bin/data/objects/openloco_objects-src/Vehicle/OG_ALCOCENT.dat
-- Installing: /build/openloco-git/pkg/openloco-git/usr/bin/data/objects/openloco_objects-src/Vehicle/OG_E8.dat
-- Installing: /build/openloco-git/pkg/openloco-git/usr/bin/data/objects/openloco_objects-src/Vehicle/OG_SD70MAC.dat
-- Installing: /build/openloco-git/pkg/openloco-git/usr/bin/data/objects/openloco_objects-src/Vehicle/OG_PCARSW1.dat
-- Installing: /build/openloco-git/pkg/openloco-git/usr/bin/data/objects/openloco_objects-src/Vehicle/OG_FLTNG2.dat
-- Installing: /build/openloco-git/pkg/openloco-git/usr/bin/data/objects/openloco_objects-src/Vehicle/OG_PCAR2.dat
-- Installing: /build/openloco-git/pkg/openloco-git/usr/bin/data/objects/openloco_objects-src/Vehicle/OG_GDSNG2.dat
-- Installing: /build/openloco-git/pkg/openloco-git/usr/bin/data/objects/openloco_objects-src/Vehicle/OG_460.dat
-- Installing: /build/openloco-git/pkg/openloco-git/usr/bin/data/objects/openloco_objects-src/Vehicle/OG_DASH7.dat
-- Installing: /build/openloco-git/pkg/openloco-git/usr/bin/data/objects/openloco_objects-src/Vehicle/OG_SWISS3.dat
-- Installing: /build/openloco-git/pkg/openloco-git/usr/bin/data/objects/openloco_objects-src/Vehicle/OG_EWIV.dat
-- Installing: /build/openloco-git/pkg/openloco-git/usr/bin/data/objects/openloco_objects-src/Vehicle/OG_JINTY.dat
-- Installing: /build/openloco-git/pkg/openloco-git/usr/bin/data/objects/openloco_objects-src/Vehicle/OG_TGV2.dat
-- Installing: /build/openloco-git/pkg/openloco-git/usr/bin/data/objects/openloco_objects-src/Vehicle/OG_656.dat
-- Installing: /build/openloco-git/pkg/openloco-git/usr/bin/data/objects/openloco_objects-src/Vehicle/OG_GRNNG.dat
-- Installing: /build/openloco-git/pkg/openloco-git/usr/bin/data/objects/openloco_objects-src/Vehicle/OG_CATTLEN1.dat
-- Installing: /build/openloco-git/pkg/openloco-git/usr/bin/data/objects/openloco_objects-src/Vehicle/OG_SPECIAL.dat
-- Installing: /build/openloco-git/pkg/openloco-git/usr/bin/data/objects/openloco_objects-src/Vehicle/OG_GRAINHP1.dat
-- Installing: /build/openloco-git/pkg/openloco-git/usr/bin/data/objects/openloco_objects-src/Vehicle/OG_OIL1.dat
-- Installing: /build/openloco-git/pkg/openloco-git/usr/bin/data/objects/openloco_objects-src/Vehicle/OG_MAILSW1.dat
-- Installing: /build/openloco-git/pkg/openloco-git/usr/bin/data/objects/openloco_objects-src/Vehicle/OG_APT1.dat
-- Installing: /build/openloco-git/pkg/openloco-git/usr/bin/data/objects/openloco_objects-src/Vehicle/OG_OPENN1.dat
-- Installing: /build/openloco-git/pkg/openloco-git/usr/bin/data/objects/openloco_objects-src/Vehicle/OG_4F.dat
-- Installing: /build/openloco-git/pkg/openloco-git/usr/bin/data/objects/openloco_objects-src/Vehicle/OG_RBE24.dat
-- Installing: /build/openloco-git/pkg/openloco-git/usr/bin/data/objects/openloco_objects-src/Road
-- Installing: /build/openloco-git/pkg/openloco-git/usr/bin/data/objects/openloco_objects-src/Road/OG_ROADONE.dat
-- Installing: /build/openloco-git/pkg/openloco-git/usr/bin/data/objects/openloco_objects-src/Road/OG_ROADRGH.dat
-- Installing: /build/openloco-git/pkg/openloco-git/usr/bin/data/objects/openloco_objects-src/Road/OG_ROADTMC.dat
-- Installing: /build/openloco-git/pkg/openloco-git/usr/bin/data/objects/openloco_objects-src/RoadExtra
-- Installing: /build/openloco-git/pkg/openloco-git/usr/bin/data/objects/openloco_objects-src/ScenarioText
-- Installing: /build/openloco-git/pkg/openloco-git/usr/bin/data/objects/openloco_objects-src/Cargo
-- Installing: /build/openloco-git/pkg/openloco-git/usr/bin/data/objects/openloco_objects-src/Cargo/OG_GOODS.dat
-- Installing: /build/openloco-git/pkg/openloco-git/usr/bin/data/objects/openloco_objects-src/Cargo/OG_IRONORE.dat
-- Installing: /build/openloco-git/pkg/openloco-git/usr/bin/data/objects/openloco_objects-src/Cargo/OG_PAPER.dat
-- Installing: /build/openloco-git/pkg/openloco-git/usr/bin/data/objects/openloco_objects-src/Cargo/OG_GRAPES.dat
-- Installing: /build/openloco-git/pkg/openloco-git/usr/bin/data/objects/openloco_objects-src/Cargo/OG_STEEL.dat
-- Installing: /build/openloco-git/pkg/openloco-git/usr/bin/data/objects/openloco_objects-src/Cargo/OG_LIVESTCK.dat
-- Installing: /build/openloco-git/pkg/openloco-git/usr/bin/data/objects/openloco_objects-src/Cargo/OG_OIL.dat
-- Installing: /build/openloco-git/pkg/openloco-git/usr/bin/data/objects/openloco_objects-src/Cargo/OG_MAIL.dat
-- Installing: /build/openloco-git/pkg/openloco-git/usr/bin/data/objects/openloco_objects-src/Cargo/OG_GRAIN.dat
-- Installing: /build/openloco-git/pkg/openloco-git/usr/bin/data/objects/openloco_objects-src/Cargo/OG_PASS.dat
-- Installing: /build/openloco-git/pkg/openloco-git/usr/bin/data/objects/openloco_objects-src/Cargo/OG_TIMBER.dat
-- Installing: /build/openloco-git/pkg/openloco-git/usr/bin/data/objects/openloco_objects-src/Cargo/OG_FOOD.dat
-- Installing: /build/openloco-git/pkg/openloco-git/usr/bin/data/objects/openloco_objects-src/Cargo/OG_COAL.dat
-- Installing: /build/openloco-git/pkg/openloco-git/usr/bin/data/objects/openloco_objects-src/Cargo/OG_CHEMICAL.dat
-- Installing: /build/openloco-git/pkg/openloco-git/usr/bin/data/objects/openloco_objects-src/Tunnel
-- Installing: /build/openloco-git/pkg/openloco-git/usr/bin/data/objects/openloco_objects-src/Tunnel/OG_TUNNEL2.dat
-- Installing: /build/openloco-git/pkg/openloco-git/usr/bin/data/objects/openloco_objects-src/Tunnel/OG_TUNNEL1.dat
-- Installing: /build/openloco-git/pkg/openloco-git/usr/bin/data/objects/openloco_objects-src/Wall
-- Installing: /build/openloco-git/pkg/openloco-git/usr/bin/data/objects/openloco_objects-src/Wall/OG_SECFENCG.dat
-- Installing: /build/openloco-git/pkg/openloco-git/usr/bin/data/objects/openloco_objects-src/Wall/OG_FENCE1.dat
-- Installing: /build/openloco-git/pkg/openloco-git/usr/bin/data/objects/openloco_objects-src/Wall/OG_BRWNWALL.dat
-- Installing: /build/openloco-git/pkg/openloco-git/usr/bin/data/objects/openloco_objects-src/Wall/OG_BRWNWALG.dat
-- Installing: /build/openloco-git/pkg/openloco-git/usr/bin/data/objects/openloco_objects-src/Wall/OG_STONWALG.dat
-- Installing: /build/openloco-git/pkg/openloco-git/usr/bin/data/objects/openloco_objects-src/Wall/OG_FENCE1G.dat
-- Installing: /build/openloco-git/pkg/openloco-git/usr/bin/data/objects/openloco_objects-src/Wall/OG_SECFENCE.dat
-- Installing: /build/openloco-git/pkg/openloco-git/usr/bin/data/objects/openloco_objects-src/Wall/OG_STONWALL.dat
-- Installing: /build/openloco-git/pkg/openloco-git/usr/bin/data/objects/openloco_objects-src/Competitor
-- Installing: /build/openloco-git/pkg/openloco-git/usr/bin/data/objects/openloco_objects-src/Bridge
-- Installing: /build/openloco-git/pkg/openloco-git/usr/bin/data/objects/openloco_objects-src/Bridge/OG_BRDGSTAR.dat
-- Installing: /build/openloco-git/pkg/openloco-git/usr/bin/data/objects/openloco_objects-src/Bridge/OG_BRDGBRCK.dat
-- Installing: /build/openloco-git/pkg/openloco-git/usr/bin/data/objects/openloco_objects-src/Bridge/OG_BRDGWOOD.dat
-- Installing: /build/openloco-git/pkg/openloco-git/usr/bin/data/objects/openloco_objects-src/Bridge/OG_BRDGGIRD.dat
-- Installing: /build/openloco-git/pkg/openloco-git/usr/bin/data/objects/openloco_objects-src/Industry
-- Installing: /build/openloco-git/pkg/openloco-git/usr/bin/data/objects/openloco_objects-src/Scaffolding
-- Installing: /build/openloco-git/pkg/openloco-git/usr/bin/data/objects/openloco_objects-src/Scaffolding/OG_SCAFDEF.dat
-- Installing: /build/openloco-git/pkg/openloco-git/usr/bin/data/objects/openloco_objects-src/TrackExtra
-- Installing: /build/openloco-git/pkg/openloco-git/usr/bin/data/objects/openloco_objects-src/Steam
-- Installing: /build/openloco-git/pkg/openloco-git/usr/bin/data/objects/openloco_objects-src/HillShapes
-- Installing: /build/openloco-git/pkg/openloco-git/usr/bin/data/objects/openloco_objects-src/HillShapes/OG_HS1.dat
-- Installing: /build/openloco-git/pkg/openloco-git/usr/bin/data/objects/openloco_objects-src/StreetLight
-- Installing: /build/openloco-git/pkg/openloco-git/usr/bin/data/objects/openloco_objects-src/StreetLight/OG_SLIGHT1.dat
-- Installing: /build/openloco-git/pkg/openloco-git/usr/bin/data/objects/openloco_objects-src/RoadStation
-- Installing: /build/openloco-git/pkg/openloco-git/usr/bin/data/objects/openloco_objects-src/RoadStation/OG_RDSTAT3.dat
-- Installing: /build/openloco-git/pkg/openloco-git/usr/bin/data/objects/openloco_objects-src/RoadStation/OG_RDSTATL2.dat
-- Installing: /build/openloco-git/pkg/openloco-git/usr/bin/data/objects/openloco_objects-src/RoadStation/OG_RDSTATL1.dat
-- Installing: /build/openloco-git/pkg/openloco-git/usr/bin/data/objects/openloco_objects-src/RoadStation/OG_RDSTAT1.dat
-- Installing: /build/openloco-git/pkg/openloco-git/usr/bin/data/objects/openloco_objects-src/RoadStation/OG_RDSTAT2.dat
-- Installing: /build/openloco-git/pkg/openloco-git/usr/bin/data/objects/openloco_objects-src/RoadStation/OG_BUSSTOP.dat
-- Installing: /build/openloco-git/pkg/openloco-git/usr/bin/data/objects/openloco_objects-src/RoadStation/OG_RDSTATL3.dat
-- Installing: /build/openloco-git/pkg/openloco-git/usr/bin/data/objects/openloco_objects-src/TownNames
-- Installing: /build/openloco-git/pkg/openloco-git/usr/bin/data/objects/openloco_objects-src/CliffEdge
-- Installing: /build/openloco-git/pkg/openloco-git/usr/bin/data/objects/openloco_objects-src/CliffEdge/OG_LSROCK.dat
-- Installing: /build/openloco-git/pkg/openloco-git/usr/bin/data/objects/openloco_objects-src/CliffEdge/OG_LSVOID.dat
-- Installing: /build/openloco-git/pkg/openloco-git/usr/bin/data/objects/openloco_objects-src/CliffEdge/OG_LSBROWN.dat
-- Installing: /build/openloco-git/pkg/openloco-git/usr/bin/data/objects/openloco_objects-src/Region
-- Installing: /build/openloco-git/pkg/openloco-git/usr/bin/data/objects/openloco_objects-src/LevelCrossing
-- Installing: /build/openloco-git/pkg/openloco-git/usr/bin/data/objects/openloco_objects-src/Land
-- Installing: /build/openloco-git/pkg/openloco-git/usr/bin/data/objects/openloco_objects-src/Land/OG_GRASSBR.dat
-- Installing: /build/openloco-git/pkg/openloco-git/usr/bin/data/objects/openloco_objects-src/Land/OG_ROCK2.dat
-- Installing: /build/openloco-git/pkg/openloco-git/usr/bin/data/objects/openloco_objects-src/Land/OG_VOID.dat
-- Installing: /build/openloco-git/pkg/openloco-git/usr/bin/data/objects/openloco_objects-src/Land/OG_ROCK1.dat
-- Installing: /build/openloco-git/pkg/openloco-git/usr/bin/data/objects/openloco_objects-src/Land/OG_GRASS1.dat
-- Installing: /build/openloco-git/pkg/openloco-git/usr/bin/data/objects/openloco_objects-src/Land/OG_SAND1.dat
-- Installing: /build/openloco-git/pkg/openloco-git/usr/bin/data/objects/openloco_objects-src/TrainStation
-- Installing: /build/openloco-git/pkg/openloco-git/usr/bin/data/objects/openloco_objects-src/Climate
-- Installing: /build/openloco-git/pkg/openloco-git/usr/bin/data/objects/openloco_objects-src/Snow
-- Installing: /build/openloco-git/pkg/openloco-git/usr/bin/data/objects/openloco_objects-src/Snow/OG_SNOW.dat
-- Installing: /build/openloco-git/pkg/openloco-git/usr/bin/data/objects/openloco_objects-src/Water
-- Installing: /build/openloco-git/pkg/openloco-git/usr/bin/data/objects/openloco_objects-src/Water/OG_WATER1.dat
-- Installing: /build/openloco-git/pkg/openloco-git/usr/bin/data/objects/openloco_objects-src/Sound
-- Installing: /build/openloco-git/pkg/openloco-git/usr/bin/data/objects/openloco_objects-src/Building
-- Installing: /build/openloco-git/pkg/openloco-git/usr/bin/data/objects/openloco_objects-src/Track
