Test project /build/openage-git_clang/src/build
No tests were found!!!
[32m[ 0/31][m py  testing.doctest.test
[32m[ 1/31][m py  assets.test
[32m[ 2/31][m py  cppinterface.exctranslate_tests.cpp_to_py
[32m[ 3/31][m py  cppinterface.exctranslate_tests.cpp_to_py_bounce
[32m[ 4/31][m py  testing.misc_cpp.enum
[32m[ 5/31][m py  util.fslike.test.test
[32m[ 6/31][m py  util.threading.test_concurrent_chain
[32m[ 7/31][m cpp coord::tests::coord
[32m[ 8/31][m cpp datastructure::tests::concurrent_queue
[32m[ 9/31][m cpp datastructure::tests::constexpr_map
[32m[10/31][m cpp datastructure::tests::pairing_heap
[32m[11/31][m cpp job::tests::test_job_manager
[32m[12/31][m cpp path::tests::path_node
[32m[13/31][m cpp path::tests::flow_field
[32m[14/31][m cpp pyinterface::tests::pyobject
[32m[15/31][m cpp pyinterface::tests::err_py_to_cpp
[32m[16/31][m cpp renderer::tests::font
[32m[17/31][m cpp renderer::tests::font_manager
[32m[18/31][m cpp rng::tests::run
[32m[19/31][m cpp util::tests::constinit_vector
[32m[20/31][m cpp util::tests::enum_
[32m[21/31][m cpp util::tests::fixed_point
[32m[22/31][m cpp util::tests::init
[32m[23/31][m cpp util::tests::matrix
[32m[24/31][m cpp util::tests::quaternion
[32m[25/31][m cpp util::tests::vector
[32m[26/31][m cpp util::tests::siphash
[32m[27/31][m cpp util::tests::array_conversion
[32m[28/31][m cpp curve::tests::container
[32m[29/31][m cpp curve::tests::curve_types
[32m[30/31][m cpp event::tests::eventtrigger
