-- Install configuration: "None"
-- Installing: /build/openloco/pkg/openloco/usr/lib/libfmt.a
-- Installing: /build/openloco/pkg/openloco/usr/include/fmt/args.h
-- Installing: /build/openloco/pkg/openloco/usr/include/fmt/base.h
-- Installing: /build/openloco/pkg/openloco/usr/include/fmt/chrono.h
-- Installing: /build/openloco/pkg/openloco/usr/include/fmt/color.h
-- Installing: /build/openloco/pkg/openloco/usr/include/fmt/compile.h
-- Installing: /build/openloco/pkg/openloco/usr/include/fmt/core.h
-- Installing: /build/openloco/pkg/openloco/usr/include/fmt/format.h
-- Installing: /build/openloco/pkg/openloco/usr/include/fmt/format-inl.h
-- Installing: /build/openloco/pkg/openloco/usr/include/fmt/os.h
-- Installing: /build/openloco/pkg/openloco/usr/include/fmt/ostream.h
-- Installing: /build/openloco/pkg/openloco/usr/include/fmt/printf.h
-- Installing: /build/openloco/pkg/openloco/usr/include/fmt/ranges.h
-- Installing: /build/openloco/pkg/openloco/usr/include/fmt/std.h
-- Installing: /build/openloco/pkg/openloco/usr/include/fmt/xchar.h
-- Installing: /build/openloco/pkg/openloco/usr/lib/cmake/fmt/fmt-config.cmake
-- Installing: /build/openloco/pkg/openloco/usr/lib/cmake/fmt/fmt-config-version.cmake
-- Installing: /build/openloco/pkg/openloco/usr/lib/cmake/fmt/fmt-targets.cmake
-- Installing: /build/openloco/pkg/openloco/usr/lib/cmake/fmt/fmt-targets-none.cmake
-- Installing: /build/openloco/pkg/openloco/usr/lib/pkgconfig/fmt.pc
-- Installing: /build/openloco/pkg/openloco/usr/include/sfl
-- Installing: /build/openloco/pkg/openloco/usr/include/sfl/flat_map.hpp
-- Installing: /build/openloco/pkg/openloco/usr/include/sfl/static_unordered_linear_multimap.hpp
-- Installing: /build/openloco/pkg/openloco/usr/include/sfl/compact_vector.hpp
-- Installing: /build/openloco/pkg/openloco/usr/include/sfl/unordered_set.hpp
-- Installing: /build/openloco/pkg/openloco/usr/include/sfl/detail
-- Installing: /build/openloco/pkg/openloco/usr/include/sfl/detail/static_node_allocator.hpp
-- Installing: /build/openloco/pkg/openloco/usr/include/sfl/detail/allocator_traits.hpp
-- Installing: /build/openloco/pkg/openloco/usr/include/sfl/detail/rb_tree.hpp
-- Installing: /build/openloco/pkg/openloco/usr/include/sfl/detail/utility
-- Installing: /build/openloco/pkg/openloco/usr/include/sfl/detail/utility/floating_point_to_size_t.hpp
-- Installing: /build/openloco/pkg/openloco/usr/include/sfl/detail/utility/compressed_pair.hpp
-- Installing: /build/openloco/pkg/openloco/usr/include/sfl/detail/utility/index_sequence.hpp
-- Installing: /build/openloco/pkg/openloco/usr/include/sfl/detail/utility/ignore_unused.hpp
-- Installing: /build/openloco/pkg/openloco/usr/include/sfl/detail/utility/scope_guard.hpp
-- Installing: /build/openloco/pkg/openloco/usr/include/sfl/detail/utility/optional_value.hpp
-- Installing: /build/openloco/pkg/openloco/usr/include/sfl/detail/static_pool.hpp
-- Installing: /build/openloco/pkg/openloco/usr/include/sfl/detail/normal_iterator.hpp
-- Installing: /build/openloco/pkg/openloco/usr/include/sfl/detail/static_storage_allocator.hpp
-- Installing: /build/openloco/pkg/openloco/usr/include/sfl/detail/bit
-- Installing: /build/openloco/pkg/openloco/usr/include/sfl/detail/bit/bit_log2.hpp
-- Installing: /build/openloco/pkg/openloco/usr/include/sfl/detail/bit/bit_width.hpp
-- Installing: /build/openloco/pkg/openloco/usr/include/sfl/detail/bit/bit_ceil.hpp
-- Installing: /build/openloco/pkg/openloco/usr/include/sfl/detail/bit/countl_zero.hpp
-- Installing: /build/openloco/pkg/openloco/usr/include/sfl/detail/bit/has_single_bit.hpp
-- Installing: /build/openloco/pkg/openloco/usr/include/sfl/detail/tags
-- Installing: /build/openloco/pkg/openloco/usr/include/sfl/detail/tags/default_init_t.hpp
-- Installing: /build/openloco/pkg/openloco/usr/include/sfl/detail/tags/from_range_t.hpp
-- Installing: /build/openloco/pkg/openloco/usr/include/sfl/detail/exceptions.hpp
-- Installing: /build/openloco/pkg/openloco/usr/include/sfl/detail/small_node_allocator.hpp
-- Installing: /build/openloco/pkg/openloco/usr/include/sfl/detail/algorithm
-- Installing: /build/openloco/pkg/openloco/usr/include/sfl/detail/algorithm/copy_backward.hpp
-- Installing: /build/openloco/pkg/openloco/usr/include/sfl/detail/algorithm/copy_n.hpp
-- Installing: /build/openloco/pkg/openloco/usr/include/sfl/detail/algorithm/copy.hpp
-- Installing: /build/openloco/pkg/openloco/usr/include/sfl/detail/algorithm/move.hpp
-- Installing: /build/openloco/pkg/openloco/usr/include/sfl/detail/algorithm/fill_n.hpp
-- Installing: /build/openloco/pkg/openloco/usr/include/sfl/detail/algorithm/move_backward.hpp
-- Installing: /build/openloco/pkg/openloco/usr/include/sfl/detail/algorithm/fill.hpp
-- Installing: /build/openloco/pkg/openloco/usr/include/sfl/detail/cpp.hpp
-- Installing: /build/openloco/pkg/openloco/usr/include/sfl/detail/associative_vector.hpp
-- Installing: /build/openloco/pkg/openloco/usr/include/sfl/detail/type_traits
-- Installing: /build/openloco/pkg/openloco/usr/include/sfl/detail/type_traits/is_exactly_input_iterator.hpp
-- Installing: /build/openloco/pkg/openloco/usr/include/sfl/detail/type_traits/is_forward_iterator.hpp
-- Installing: /build/openloco/pkg/openloco/usr/include/sfl/detail/type_traits/is_segmented_iterator.hpp
-- Installing: /build/openloco/pkg/openloco/usr/include/sfl/detail/type_traits/disjunction.hpp
-- Installing: /build/openloco/pkg/openloco/usr/include/sfl/detail/type_traits/void_t.hpp
-- Installing: /build/openloco/pkg/openloco/usr/include/sfl/detail/type_traits/negation.hpp
-- Installing: /build/openloco/pkg/openloco/usr/include/sfl/detail/type_traits/conjunction.hpp
-- Installing: /build/openloco/pkg/openloco/usr/include/sfl/detail/type_traits/has_is_transparent.hpp
-- Installing: /build/openloco/pkg/openloco/usr/include/sfl/detail/type_traits/enable_if_t.hpp
-- Installing: /build/openloco/pkg/openloco/usr/include/sfl/detail/type_traits/remove_cvref_t.hpp
-- Installing: /build/openloco/pkg/openloco/usr/include/sfl/detail/type_traits/is_random_access_iterator.hpp
-- Installing: /build/openloco/pkg/openloco/usr/include/sfl/detail/type_traits/is_input_iterator.hpp
-- Installing: /build/openloco/pkg/openloco/usr/include/sfl/detail/type_traits/is_unsigned_integer.hpp
-- Installing: /build/openloco/pkg/openloco/usr/include/sfl/detail/type_traits/is_nothrow_swappable.hpp
-- Installing: /build/openloco/pkg/openloco/usr/include/sfl/detail/type_traits/segmented_iterator_traits.hpp
-- Installing: /build/openloco/pkg/openloco/usr/include/sfl/detail/functional
-- Installing: /build/openloco/pkg/openloco/usr/include/sfl/detail/functional/identity.hpp
-- Installing: /build/openloco/pkg/openloco/usr/include/sfl/detail/functional/first.hpp
-- Installing: /build/openloco/pkg/openloco/usr/include/sfl/detail/concepts
-- Installing: /build/openloco/pkg/openloco/usr/include/sfl/detail/concepts/container_compatible_range.hpp
-- Installing: /build/openloco/pkg/openloco/usr/include/sfl/detail/memory
-- Installing: /build/openloco/pkg/openloco/usr/include/sfl/detail/memory/uninitialized_fill_n.hpp
-- Installing: /build/openloco/pkg/openloco/usr/include/sfl/detail/memory/destroy_n_a.hpp
-- Installing: /build/openloco/pkg/openloco/usr/include/sfl/detail/memory/destroy_at.hpp
-- Installing: /build/openloco/pkg/openloco/usr/include/sfl/detail/memory/uninitialized_fill_a.hpp
-- Installing: /build/openloco/pkg/openloco/usr/include/sfl/detail/memory/uninitialized_default_construct_n_a.hpp
-- Installing: /build/openloco/pkg/openloco/usr/include/sfl/detail/memory/uninitialized_fill_n_a.hpp
-- Installing: /build/openloco/pkg/openloco/usr/include/sfl/detail/memory/uninitialized_copy.hpp
-- Installing: /build/openloco/pkg/openloco/usr/include/sfl/detail/memory/deallocate.hpp
-- Installing: /build/openloco/pkg/openloco/usr/include/sfl/detail/memory/default_construct_at.hpp
-- Installing: /build/openloco/pkg/openloco/usr/include/sfl/detail/memory/destroy_at_a.hpp
-- Installing: /build/openloco/pkg/openloco/usr/include/sfl/detail/memory/uninitialized_value_construct_n.hpp
-- Installing: /build/openloco/pkg/openloco/usr/include/sfl/detail/memory/allocate.hpp
-- Installing: /build/openloco/pkg/openloco/usr/include/sfl/detail/memory/uninitialized_move_a.hpp
-- Installing: /build/openloco/pkg/openloco/usr/include/sfl/detail/memory/uninitialized_default_construct_n.hpp
-- Installing: /build/openloco/pkg/openloco/usr/include/sfl/detail/memory/value_construct_at.hpp
-- Installing: /build/openloco/pkg/openloco/usr/include/sfl/detail/memory/destroy_a.hpp
-- Installing: /build/openloco/pkg/openloco/usr/include/sfl/detail/memory/uninitialized_move_if_noexcept_a.hpp
-- Installing: /build/openloco/pkg/openloco/usr/include/sfl/detail/memory/construct_at_a.hpp
-- Installing: /build/openloco/pkg/openloco/usr/include/sfl/detail/memory/construct_at.hpp
-- Installing: /build/openloco/pkg/openloco/usr/include/sfl/detail/memory/uninitialized_copy_a.hpp
-- Installing: /build/openloco/pkg/openloco/usr/include/sfl/detail/memory/uninitialized_move.hpp
-- Installing: /build/openloco/pkg/openloco/usr/include/sfl/detail/memory/to_address.hpp
-- Installing: /build/openloco/pkg/openloco/usr/include/sfl/detail/memory/destroy.hpp
-- Installing: /build/openloco/pkg/openloco/usr/include/sfl/detail/memory/uninitialized_fill.hpp
-- Installing: /build/openloco/pkg/openloco/usr/include/sfl/detail/memory/uninitialized_default_construct_a.hpp
-- Installing: /build/openloco/pkg/openloco/usr/include/sfl/detail/small_storage_allocator.hpp
-- Installing: /build/openloco/pkg/openloco/usr/include/sfl/detail/unordered_associative_vector.hpp
-- Installing: /build/openloco/pkg/openloco/usr/include/sfl/detail/math
-- Installing: /build/openloco/pkg/openloco/usr/include/sfl/detail/math/is_prime.hpp
-- Installing: /build/openloco/pkg/openloco/usr/include/sfl/detail/math/is_pow2.hpp
-- Installing: /build/openloco/pkg/openloco/usr/include/sfl/detail/segmented_iterator.hpp
-- Installing: /build/openloco/pkg/openloco/usr/include/sfl/detail/hash_table.hpp
-- Installing: /build/openloco/pkg/openloco/usr/include/sfl/small_vector.hpp
-- Installing: /build/openloco/pkg/openloco/usr/include/sfl/vector.hpp
-- Installing: /build/openloco/pkg/openloco/usr/include/sfl/small_unordered_linear_multimap.hpp
-- Installing: /build/openloco/pkg/openloco/usr/include/sfl/small_unordered_map.hpp
-- Installing: /build/openloco/pkg/openloco/usr/include/sfl/unordered_map.hpp
-- Installing: /build/openloco/pkg/openloco/usr/include/sfl/segmented_vector.hpp
-- Installing: /build/openloco/pkg/openloco/usr/include/sfl/small_multiset.hpp
-- Installing: /build/openloco/pkg/openloco/usr/include/sfl/static_unordered_linear_map.hpp
-- Installing: /build/openloco/pkg/openloco/usr/include/sfl/static_unordered_set.hpp
-- Installing: /build/openloco/pkg/openloco/usr/include/sfl/segmented_devector.hpp
-- Installing: /build/openloco/pkg/openloco/usr/include/sfl/small_map.hpp
-- Installing: /build/openloco/pkg/openloco/usr/include/sfl/set.hpp
-- Installing: /build/openloco/pkg/openloco/usr/include/sfl/static_multimap.hpp
-- Installing: /build/openloco/pkg/openloco/usr/include/sfl/multimap.hpp
-- Installing: /build/openloco/pkg/openloco/usr/include/sfl/unordered_multimap.hpp
-- Installing: /build/openloco/pkg/openloco/usr/include/sfl/static_flat_map.hpp
-- Installing: /build/openloco/pkg/openloco/usr/include/sfl/static_unordered_multiset.hpp
-- Installing: /build/openloco/pkg/openloco/usr/include/sfl/static_set.hpp
-- Installing: /build/openloco/pkg/openloco/usr/include/sfl/small_flat_map.hpp
-- Installing: /build/openloco/pkg/openloco/usr/include/sfl/static_multiset.hpp
-- Installing: /build/openloco/pkg/openloco/usr/include/sfl/small_unordered_set.hpp
-- Installing: /build/openloco/pkg/openloco/usr/include/sfl/small_unordered_multiset.hpp
-- Installing: /build/openloco/pkg/openloco/usr/include/sfl/devector.hpp
-- Installing: /build/openloco/pkg/openloco/usr/include/sfl/static_flat_set.hpp
-- Installing: /build/openloco/pkg/openloco/usr/include/sfl/small_flat_multimap.hpp
-- Installing: /build/openloco/pkg/openloco/usr/include/sfl/small_multimap.hpp
-- Installing: /build/openloco/pkg/openloco/usr/include/sfl/static_unordered_linear_set.hpp
-- Installing: /build/openloco/pkg/openloco/usr/include/sfl/small_flat_set.hpp
-- Installing: /build/openloco/pkg/openloco/usr/include/sfl/static_vector.hpp
-- Installing: /build/openloco/pkg/openloco/usr/include/sfl/static_unordered_map.hpp
-- Installing: /build/openloco/pkg/openloco/usr/include/sfl/multiset.hpp
-- Installing: /build/openloco/pkg/openloco/usr/include/sfl/small_unordered_linear_set.hpp
-- Installing: /build/openloco/pkg/openloco/usr/include/sfl/small_unordered_multimap.hpp
-- Installing: /build/openloco/pkg/openloco/usr/include/sfl/static_unordered_multimap.hpp
-- Installing: /build/openloco/pkg/openloco/usr/include/sfl/small_unordered_linear_map.hpp
-- Installing: /build/openloco/pkg/openloco/usr/include/sfl/unordered_multiset.hpp
-- Installing: /build/openloco/pkg/openloco/usr/include/sfl/static_flat_multimap.hpp
-- Installing: /build/openloco/pkg/openloco/usr/include/sfl/small_unordered_linear_multiset.hpp
-- Installing: /build/openloco/pkg/openloco/usr/include/sfl/static_map.hpp
-- Installing: /build/openloco/pkg/openloco/usr/include/sfl/flat_set.hpp
-- Installing: /build/openloco/pkg/openloco/usr/include/sfl/small_set.hpp
-- Installing: /build/openloco/pkg/openloco/usr/include/sfl/flat_multimap.hpp
-- Installing: /build/openloco/pkg/openloco/usr/include/sfl/small_flat_multiset.hpp
-- Installing: /build/openloco/pkg/openloco/usr/include/sfl/static_flat_multiset.hpp
-- Installing: /build/openloco/pkg/openloco/usr/include/sfl/map.hpp
-- Installing: /build/openloco/pkg/openloco/usr/include/sfl/static_unordered_linear_multiset.hpp
-- Installing: /build/openloco/pkg/openloco/usr/include/sfl/flat_multiset.hpp
-- Installing: /build/openloco/pkg/openloco/usr/bin/OpenLoco
-- Installing: /build/openloco/pkg/openloco/usr/share/doc/openloco/CHANGELOG.md
-- Installing: /build/openloco/pkg/openloco/usr/share/doc/openloco/CONTRIBUTORS.md
-- Installing: /build/openloco/pkg/openloco/usr/share/doc/openloco/LICENSE
-- Installing: /build/openloco/pkg/openloco/usr/share/doc/openloco/README.md
-- Installing: /build/openloco/pkg/openloco/usr/share/applications/openloco.desktop
-- Installing: /build/openloco/pkg/openloco/usr/share/icons/hicolor/16x16/apps/openloco.png
-- Installing: /build/openloco/pkg/openloco/usr/share/icons/hicolor/32x32/apps/openloco.png
-- Installing: /build/openloco/pkg/openloco/usr/share/icons/hicolor/64x64/apps/openloco.png
-- Installing: /build/openloco/pkg/openloco/usr/share/icons/hicolor/128x128/apps/openloco.png
-- Installing: /build/openloco/pkg/openloco/usr/share/icons/hicolor/256x256/apps/openloco.png
-- Installing: /build/openloco/pkg/openloco/usr/share/icons/hicolor/512x512/apps/openloco.png
-- Installing: /build/openloco/pkg/openloco/usr/share/icons/hicolor/scalable/apps/openloco.svg
-- Installing: /build/openloco/pkg/openloco/usr/bin/data
-- Installing: /build/openloco/pkg/openloco/usr/bin/data/language
-- Installing: /build/openloco/pkg/openloco/usr/bin/data/language/en-GB.yml
-- Installing: /build/openloco/pkg/openloco/usr/bin/data/language/es-ES.yml
-- Installing: /build/openloco/pkg/openloco/usr/bin/data/language/ko-KR.yml
-- Installing: /build/openloco/pkg/openloco/usr/bin/data/language/sv-SE.yml
-- Installing: /build/openloco/pkg/openloco/usr/bin/data/language/sk-SK.yml
-- Installing: /build/openloco/pkg/openloco/usr/bin/data/language/nl-NL.yml
-- Installing: /build/openloco/pkg/openloco/usr/bin/data/language/ru-RU.yml
-- Installing: /build/openloco/pkg/openloco/usr/bin/data/language/it-IT.yml
-- Installing: /build/openloco/pkg/openloco/usr/bin/data/language/fr-FR.yml
-- Installing: /build/openloco/pkg/openloco/usr/bin/data/language/de-DE.yml
-- Installing: /build/openloco/pkg/openloco/usr/bin/data/language/ja-JP.yml
-- Installing: /build/openloco/pkg/openloco/usr/bin/data/language/pt-BR.yml
-- Installing: /build/openloco/pkg/openloco/usr/bin/data/language/zh-CN.yml
-- Installing: /build/openloco/pkg/openloco/usr/bin/data/language/pl-PL.yml
-- Installing: /build/openloco/pkg/openloco/usr/bin/data/language/en-US.yml
-- Installing: /build/openloco/pkg/openloco/usr/bin/data/objects/openloco_objects-src
-- Installing: /build/openloco/pkg/openloco/usr/bin/data/objects/openloco_objects-src/InterfaceSkin
-- Installing: /build/openloco/pkg/openloco/usr/bin/data/objects/openloco_objects-src/InterfaceSkin/OG_INTERDEF.dat
-- Installing: /build/openloco/pkg/openloco/usr/bin/data/objects/openloco_objects-src/TrainSignal
-- Installing: /build/openloco/pkg/openloco/usr/bin/data/objects/openloco_objects-src/Dock
-- Installing: /build/openloco/pkg/openloco/usr/bin/data/objects/openloco_objects-src/Tree
-- Installing: /build/openloco/pkg/openloco/usr/bin/data/objects/openloco_objects-src/Currency
-- Installing: /build/openloco/pkg/openloco/usr/bin/data/objects/openloco_objects-src/Airport
-- Installing: /build/openloco/pkg/openloco/usr/bin/data/objects/openloco_objects-src/Vehicle
-- Installing: /build/openloco/pkg/openloco/usr/bin/data/objects/openloco_objects-src/Vehicle/OGRAVNA2.dat
-- Installing: /build/openloco/pkg/openloco/usr/bin/data/objects/openloco_objects-src/Vehicle/OG_GRAINHP2.dat
-- Installing: /build/openloco/pkg/openloco/usr/bin/data/objects/openloco_objects-src/Vehicle/OGFOWL.dat
-- Installing: /build/openloco/pkg/openloco/usr/bin/data/objects/openloco_objects-src/Vehicle/OG656.dat
-- Installing: /build/openloco/pkg/openloco/usr/bin/data/objects/openloco_objects-src/Vehicle/OGST8F.dat
-- Installing: /build/openloco/pkg/openloco/usr/bin/data/objects/openloco_objects-src/Vehicle/OGRE441.dat
-- Installing: /build/openloco/pkg/openloco/usr/bin/data/objects/openloco_objects-src/Vehicle/OGMK3.dat
-- Installing: /build/openloco/pkg/openloco/usr/bin/data/objects/openloco_objects-src/Vehicle/OGJINT.dat
-- Installing: /build/openloco/pkg/openloco/usr/bin/data/objects/openloco_objects-src/Vehicle/OGCL41.dat
-- Installing: /build/openloco/pkg/openloco/usr/bin/data/objects/openloco_objects-src/Vehicle/OGSPCL.dat
-- Installing: /build/openloco/pkg/openloco/usr/bin/data/objects/openloco_objects-src/Road
-- Installing: /build/openloco/pkg/openloco/usr/bin/data/objects/openloco_objects-src/RoadExtra
-- Installing: /build/openloco/pkg/openloco/usr/bin/data/objects/openloco_objects-src/ScenarioText
-- Installing: /build/openloco/pkg/openloco/usr/bin/data/objects/openloco_objects-src/Cargo
-- Installing: /build/openloco/pkg/openloco/usr/bin/data/objects/openloco_objects-src/Cargo/OG_GOODS.dat
-- Installing: /build/openloco/pkg/openloco/usr/bin/data/objects/openloco_objects-src/Cargo/OG_IRONORE.dat
-- Installing: /build/openloco/pkg/openloco/usr/bin/data/objects/openloco_objects-src/Cargo/OG_PAPER.dat
-- Installing: /build/openloco/pkg/openloco/usr/bin/data/objects/openloco_objects-src/Cargo/OG_GRAPES.dat
-- Installing: /build/openloco/pkg/openloco/usr/bin/data/objects/openloco_objects-src/Cargo/OG_STEEL.dat
-- Installing: /build/openloco/pkg/openloco/usr/bin/data/objects/openloco_objects-src/Cargo/OG_LIVESTCK.dat
-- Installing: /build/openloco/pkg/openloco/usr/bin/data/objects/openloco_objects-src/Cargo/OG_OIL.dat
-- Installing: /build/openloco/pkg/openloco/usr/bin/data/objects/openloco_objects-src/Cargo/OG_MAIL.dat
-- Installing: /build/openloco/pkg/openloco/usr/bin/data/objects/openloco_objects-src/Cargo/OG_GRAIN.dat
-- Installing: /build/openloco/pkg/openloco/usr/bin/data/objects/openloco_objects-src/Cargo/OG_PASS.dat
-- Installing: /build/openloco/pkg/openloco/usr/bin/data/objects/openloco_objects-src/Cargo/OG_TIMBER.dat
-- Installing: /build/openloco/pkg/openloco/usr/bin/data/objects/openloco_objects-src/Cargo/OG_FOOD.dat
-- Installing: /build/openloco/pkg/openloco/usr/bin/data/objects/openloco_objects-src/Cargo/OG_COAL.dat
-- Installing: /build/openloco/pkg/openloco/usr/bin/data/objects/openloco_objects-src/Cargo/OG_CHEMICAL.dat
-- Installing: /build/openloco/pkg/openloco/usr/bin/data/objects/openloco_objects-src/Tunnel
-- Installing: /build/openloco/pkg/openloco/usr/bin/data/objects/openloco_objects-src/Tunnel/OG_TUNNEL2.dat
-- Installing: /build/openloco/pkg/openloco/usr/bin/data/objects/openloco_objects-src/Tunnel/OG_TUNNEL1.dat
-- Installing: /build/openloco/pkg/openloco/usr/bin/data/objects/openloco_objects-src/Wall
-- Installing: /build/openloco/pkg/openloco/usr/bin/data/objects/openloco_objects-src/Wall/OG_SECFENCG.dat
-- Installing: /build/openloco/pkg/openloco/usr/bin/data/objects/openloco_objects-src/Wall/OG_FENCE1.dat
-- Installing: /build/openloco/pkg/openloco/usr/bin/data/objects/openloco_objects-src/Wall/OG_BRWNWALL.dat
-- Installing: /build/openloco/pkg/openloco/usr/bin/data/objects/openloco_objects-src/Wall/OG_BRWNWALG.dat
-- Installing: /build/openloco/pkg/openloco/usr/bin/data/objects/openloco_objects-src/Wall/OG_STONWALG.dat
-- Installing: /build/openloco/pkg/openloco/usr/bin/data/objects/openloco_objects-src/Wall/OG_FENCE1G.dat
-- Installing: /build/openloco/pkg/openloco/usr/bin/data/objects/openloco_objects-src/Wall/OG_SECFENCE.dat
-- Installing: /build/openloco/pkg/openloco/usr/bin/data/objects/openloco_objects-src/Wall/OG_STONWALL.dat
-- Installing: /build/openloco/pkg/openloco/usr/bin/data/objects/openloco_objects-src/Competitor
-- Installing: /build/openloco/pkg/openloco/usr/bin/data/objects/openloco_objects-src/Bridge
-- Installing: /build/openloco/pkg/openloco/usr/bin/data/objects/openloco_objects-src/Industry
-- Installing: /build/openloco/pkg/openloco/usr/bin/data/objects/openloco_objects-src/Scaffolding
-- Installing: /build/openloco/pkg/openloco/usr/bin/data/objects/openloco_objects-src/Scaffolding/OG_SCAFDEF.dat
-- Installing: /build/openloco/pkg/openloco/usr/bin/data/objects/openloco_objects-src/TrackExtra
-- Installing: /build/openloco/pkg/openloco/usr/bin/data/objects/openloco_objects-src/Steam
-- Installing: /build/openloco/pkg/openloco/usr/bin/data/objects/openloco_objects-src/HillShapes
-- Installing: /build/openloco/pkg/openloco/usr/bin/data/objects/openloco_objects-src/HillShapes/OG_HS1.dat
-- Installing: /build/openloco/pkg/openloco/usr/bin/data/objects/openloco_objects-src/StreetLight
-- Installing: /build/openloco/pkg/openloco/usr/bin/data/objects/openloco_objects-src/StreetLight/OG_SLIGHT1.dat
-- Installing: /build/openloco/pkg/openloco/usr/bin/data/objects/openloco_objects-src/RoadStation
-- Installing: /build/openloco/pkg/openloco/usr/bin/data/objects/openloco_objects-src/RoadStation/OG_RDSTAT3.dat
-- Installing: /build/openloco/pkg/openloco/usr/bin/data/objects/openloco_objects-src/RoadStation/OG_RDSTATL2.dat
-- Installing: /build/openloco/pkg/openloco/usr/bin/data/objects/openloco_objects-src/RoadStation/OG_RDSTATL1.dat
-- Installing: /build/openloco/pkg/openloco/usr/bin/data/objects/openloco_objects-src/RoadStation/OG_RDSTAT1.dat
-- Installing: /build/openloco/pkg/openloco/usr/bin/data/objects/openloco_objects-src/RoadStation/OG_RDSTAT2.dat
-- Installing: /build/openloco/pkg/openloco/usr/bin/data/objects/openloco_objects-src/RoadStation/OG_BUSSTOP.dat
-- Installing: /build/openloco/pkg/openloco/usr/bin/data/objects/openloco_objects-src/RoadStation/OG_RDSTATL3.dat
-- Installing: /build/openloco/pkg/openloco/usr/bin/data/objects/openloco_objects-src/TownNames
-- Installing: /build/openloco/pkg/openloco/usr/bin/data/objects/openloco_objects-src/CliffEdge
-- Installing: /build/openloco/pkg/openloco/usr/bin/data/objects/openloco_objects-src/CliffEdge/OG_LSROCK.dat
-- Installing: /build/openloco/pkg/openloco/usr/bin/data/objects/openloco_objects-src/CliffEdge/OG_LSBROWN.dat
-- Installing: /build/openloco/pkg/openloco/usr/bin/data/objects/openloco_objects-src/Region
-- Installing: /build/openloco/pkg/openloco/usr/bin/data/objects/openloco_objects-src/LevelCrossing
-- Installing: /build/openloco/pkg/openloco/usr/bin/data/objects/openloco_objects-src/Land
-- Installing: /build/openloco/pkg/openloco/usr/bin/data/objects/openloco_objects-src/Land/OG_GRASSBR.dat
-- Installing: /build/openloco/pkg/openloco/usr/bin/data/objects/openloco_objects-src/Land/OG_ROCK2.dat
-- Installing: /build/openloco/pkg/openloco/usr/bin/data/objects/openloco_objects-src/Land/OG_ROCK1.dat
-- Installing: /build/openloco/pkg/openloco/usr/bin/data/objects/openloco_objects-src/Land/OG_GRASS1.dat
-- Installing: /build/openloco/pkg/openloco/usr/bin/data/objects/openloco_objects-src/Land/OG_SAND1.dat
-- Installing: /build/openloco/pkg/openloco/usr/bin/data/objects/openloco_objects-src/TrainStation
-- Installing: /build/openloco/pkg/openloco/usr/bin/data/objects/openloco_objects-src/Climate
-- Installing: /build/openloco/pkg/openloco/usr/bin/data/objects/openloco_objects-src/Snow
-- Installing: /build/openloco/pkg/openloco/usr/bin/data/objects/openloco_objects-src/Snow/OG_SNOW.dat
-- Installing: /build/openloco/pkg/openloco/usr/bin/data/objects/openloco_objects-src/Water
-- Installing: /build/openloco/pkg/openloco/usr/bin/data/objects/openloco_objects-src/Water/OG_WATER1.dat
-- Installing: /build/openloco/pkg/openloco/usr/bin/data/objects/openloco_objects-src/Sound
-- Installing: /build/openloco/pkg/openloco/usr/bin/data/objects/openloco_objects-src/Building
-- Installing: /build/openloco/pkg/openloco/usr/bin/data/objects/openloco_objects-src/Track
