openloco-64-git W: Directory (usr/bin/data/objects/openloco_objects-src/RoadExtra) is empty
openloco-64-git W: Directory (usr/bin/data/objects/openloco_objects-src/TrainSignal) is empty
openloco-64-git W: Directory (usr/bin/data/objects/openloco_objects-src/Steam) is empty
openloco-64-git W: Directory (usr/bin/data/objects/openloco_objects-src/ScenarioText) is empty
openloco-64-git W: Directory (usr/bin/data/objects/openloco_objects-src/TrackExtra) is empty
openloco-64-git W: Directory (usr/bin/data/objects/openloco_objects-src/Region) is empty
openloco-64-git W: Directory (usr/bin/data/objects/openloco_objects-src/TownNames) is empty
openloco-64-git W: Directory (usr/bin/data/objects/openloco_objects-src/Tree) is empty
openloco-64-git W: Directory (usr/bin/data/objects/openloco_objects-src/Building) is empty
openloco-64-git W: Directory (usr/bin/data/objects/openloco_objects-src/Dock) is empty
openloco-64-git W: Directory (usr/bin/data/objects/openloco_objects-src/Climate) is empty
openloco-64-git W: Directory (usr/bin/data/objects/openloco_objects-src/Competitor) is empty
openloco-64-git W: Directory (usr/bin/data/objects/openloco_objects-src/TrainStation) is empty
openloco-64-git W: Directory (usr/bin/data/objects/openloco_objects-src/Airport) is empty
openloco-64-git W: Directory (usr/bin/data/objects/openloco_objects-src/Currency) is empty
openloco-64-git W: Directory (usr/bin/data/objects/openloco_objects-src/Track) is empty
openloco-64-git W: Directory (usr/bin/data/objects/openloco_objects-src/LevelCrossing) is empty
openloco-64-git W: Directory (usr/bin/data/objects/openloco_objects-src/Industry) is empty
openloco-64-git W: Directory (usr/bin/data/objects/openloco_objects-src/Sound) is empty
openloco-64-git E: Dependency hicolor-icon-theme detected and not included (needed for hicolor theme hierarchy)
