Test project /build/openloco-git/src/build
      Start  1: EnumFlagsTest.operatorOr
 1/61 Test  #1: EnumFlagsTest.operatorOr ......................   Passed    0.00 sec
      Start  2: EnumFlagsTest.operatorAnd
 2/61 Test  #2: EnumFlagsTest.operatorAnd .....................   Passed    0.00 sec
      Start  3: EnumFlagsTest.operatorXor
 3/61 Test  #3: EnumFlagsTest.operatorXor .....................   Passed    0.00 sec
      Start  4: EnumFlagsTest.operatorOrInplace
 4/61 Test  #4: EnumFlagsTest.operatorOrInplace ...............   Passed    0.00 sec
      Start  5: EnumFlagsTest.operatorAndInplace
 5/61 Test  #5: EnumFlagsTest.operatorAndInplace ..............   Passed    0.00 sec
      Start  6: EnumFlagsTest.operatorXorInplace
 6/61 Test  #6: EnumFlagsTest.operatorXorInplace ..............   Passed    0.00 sec
      Start  7: FileStreamTest.testWriteRead
 7/61 Test  #7: FileStreamTest.testWriteRead ..................   Passed    0.00 sec
      Start  8: FileStreamTest.testBadRead
 8/61 Test  #8: FileStreamTest.testBadRead ....................   Passed    0.00 sec
      Start  9: FileStreamTest.testPosition
 9/61 Test  #9: FileStreamTest.testPosition ...................   Passed    0.00 sec
      Start 10: FileStreamTest.testModeWriteRead
10/61 Test #10: FileStreamTest.testModeWriteRead ..............   Passed    0.00 sec
      Start 11: FileStreamTest.testModeReadWrite
11/61 Test #11: FileStreamTest.testModeReadWrite ..............   Passed    0.00 sec
      Start 12: FileStreamTest.testWrite100MiB
12/61 Test #12: FileStreamTest.testWrite100MiB ................   Passed    1.38 sec
      Start 13: FileStreamTest.testRead100MiB
13/61 Test #13: FileStreamTest.testRead100MiB .................   Passed    1.16 sec
      Start 14: MemoryStreamTest.testWriteRead
14/61 Test #14: MemoryStreamTest.testWriteRead ................   Passed    0.00 sec
      Start 15: MemoryStreamTest.testOverwrite
15/61 Test #15: MemoryStreamTest.testOverwrite ................   Passed    0.00 sec
      Start 16: MemoryStreamTest.testPosition
16/61 Test #16: MemoryStreamTest.testPosition .................   Passed    0.00 sec
      Start 17: MemoryStreamTest.testBadRead
17/61 Test #17: MemoryStreamTest.testBadRead ..................   Passed    0.00 sec
      Start 18: MemoryStreamTest.testWrite100MiB
18/61 Test #18: MemoryStreamTest.testWrite100MiB ..............   Passed    0.44 sec
      Start 19: MemoryStreamTest.testResize
19/61 Test #19: MemoryStreamTest.testResize ...................   Passed    0.00 sec
      Start 20: NumericTest.bitScanForward
20/61 Test #20: NumericTest.bitScanForward ....................   Passed    0.00 sec
      Start 21: NumericTest.bitScanReverse
21/61 Test #21: NumericTest.bitScanReverse ....................   Passed    0.00 sec
      Start 22: PrngTests.misc
22/61 Test #22: PrngTests.misc ................................   Passed    0.00 sec
      Start 23: TimerTest.TestDuration
23/61 Test #23: TimerTest.TestDuration ........................   Passed    1.00 sec
      Start 24: TimerTest.TestReset
24/61 Test #24: TimerTest.TestReset ...........................   Passed    1.00 sec
      Start 25: AssertionsDeathTest.FailingEq
25/61 Test #25: AssertionsDeathTest.FailingEq .................   Passed    0.07 sec
      Start 26: AssertionsDeathTest.FailingNeq
26/61 Test #26: AssertionsDeathTest.FailingNeq ................   Passed    0.06 sec
      Start 27: AssertionsDeathTest.FailingLt
27/61 Test #27: AssertionsDeathTest.FailingLt .................   Passed    0.07 sec
      Start 28: AssertionsDeathTest.FailingLe
28/61 Test #28: AssertionsDeathTest.FailingLe .................   Passed    0.07 sec
      Start 29: AssertionsDeathTest.FailingGt
29/61 Test #29: AssertionsDeathTest.FailingGt .................   Passed    0.07 sec
      Start 30: AssertionsDeathTest.FailingGe
30/61 Test #30: AssertionsDeathTest.FailingGe .................   Passed    0.07 sec
      Start 31: AssertionsDeathTest.FailingIsTrue
31/61 Test #31: AssertionsDeathTest.FailingIsTrue .............   Passed    0.06 sec
      Start 32: AssertionsDeathTest.FailingIsFalse
32/61 Test #32: AssertionsDeathTest.FailingIsFalse ............   Passed    0.07 sec
      Start 33: AssertionsDeathTest.FailingIsNull
33/61 Test #33: AssertionsDeathTest.FailingIsNull .............   Passed    0.07 sec
      Start 34: AssertionsDeathTest.FailingNotNull
34/61 Test #34: AssertionsDeathTest.FailingNotNull ............   Passed    0.07 sec
      Start 35: AssertionsTest.AllSuccessCases
35/61 Test #35: AssertionsTest.AllSuccessCases ................   Passed    0.00 sec
      Start 36: AssertionsTest.EnumClass
36/61 Test #36: AssertionsTest.EnumClass ......................   Passed    0.07 sec
      Start 37: AssertionsTest.SmartPointerNullChecks
37/61 Test #37: AssertionsTest.SmartPointerNullChecks .........   Passed    0.00 sec
      Start 38: LoggingTests.BasicSinkTest
38/61 Test #38: LoggingTests.BasicSinkTest ....................   Passed    0.00 sec
      Start 39: LoggingTests.LevelFilterTestInfo
39/61 Test #39: LoggingTests.LevelFilterTestInfo ..............   Passed    0.00 sec
      Start 40: LoggingTests.LevelFilterTestWarning
40/61 Test #40: LoggingTests.LevelFilterTestWarning ...........   Passed    0.00 sec
      Start 41: LoggingTests.LevelFilterTestError
41/61 Test #41: LoggingTests.LevelFilterTestError .............   Passed    0.00 sec
      Start 42: LoggingTests.LevelFilterTestVerbose
42/61 Test #42: LoggingTests.LevelFilterTestVerbose ...........   Passed    0.00 sec
      Start 43: TrigonometryTest.integerSinePrecisionHigh
43/61 Test #43: TrigonometryTest.integerSinePrecisionHigh .....   Passed    0.00 sec
      Start 44: TrigonometryTest.integerCosinePrecisionHigh
44/61 Test #44: TrigonometryTest.integerCosinePrecisionHigh ...   Passed    0.00 sec
      Start 45: VectorTest.fastSquareRoot
45/61 Test #45: VectorTest.fastSquareRoot .....................   Passed    0.00 sec
      Start 46: VectorTest.distance
46/61 Test #46: VectorTest.distance ...........................   Passed    0.00 sec
      Start 47: VectorTest.manhattenDistance
47/61 Test #47: VectorTest.manhattenDistance ..................   Passed    0.00 sec
      Start 48: LookupTableTests.buildLookupTable
48/61 Test #48: LookupTableTests.buildLookupTable .............   Passed    0.00 sec
      Start 49: LookupTableTests.sortedOrder
49/61 Test #49: LookupTableTests.sortedOrder ..................   Passed    0.00 sec
      Start 50: LookupTableTests.find
50/61 Test #50: LookupTableTests.find .........................   Passed    0.00 sec
      Start 51: LookupTableTests.contains
51/61 Test #51: LookupTableTests.contains .....................   Passed    0.00 sec
      Start 52: LookupTableTests.at
52/61 Test #52: LookupTableTests.at ...........................   Passed    0.00 sec
      Start 53: LookupTableTests.constexprEvaluation
53/61 Test #53: LookupTableTests.constexprEvaluation ..........   Passed    0.00 sec
      Start 54: StringTests.iequals
54/61 Test #54: StringTests.iequals ...........................   Passed    0.00 sec
      Start 55: StringTests.equals
55/61 Test #55: StringTests.equals ............................   Passed    0.00 sec
      Start 56: StringTests.startsWith
56/61 Test #56: StringTests.startsWith ........................   Passed    0.00 sec
      Start 57: StringTests.endsWith
57/61 Test #57: StringTests.endsWith ..........................   Passed    0.00 sec
      Start 58: StringTests.strlcpy
58/61 Test #58: StringTests.strlcpy ...........................   Passed    0.00 sec
      Start 59: StringTests.strlcat
59/61 Test #59: StringTests.strlcat ...........................   Passed    0.00 sec
      Start 60: StringTests.split
60/61 Test #60: StringTests.split .............................   Passed    0.00 sec
      Start 61: StringTests.trim
61/61 Test #61: StringTests.trim ..............................   Passed    0.00 sec

100% tests passed, 0 tests failed out of 61

Total Test time (real) =   5.85 sec
