-- The C compiler identification is GNU 15.2.1
-- The CXX compiler identification is GNU 15.2.1
-- Detecting C compiler ABI info
-- Detecting C compiler ABI info - done
-- Check for working C compiler: /usr/bin/cc - skipped
-- Detecting C compile features
-- Detecting C compile features - done
-- Detecting CXX compiler ABI info
-- Detecting CXX compiler ABI info - done
-- Check for working CXX compiler: /usr/bin/c++ - skipped
-- Detecting CXX compile features
-- Detecting CXX compile features - done
-- Found PkgConfig: /usr/bin/pkg-config (found version "2.5.1")
-- Performing Test LIBATOMIC_NOT_NEEDED
-- Performing Test LIBATOMIC_NOT_NEEDED - Failed
-- Could NOT find ClangFormat (missing: ClangFormat_EXECUTABLE ClangFormat_VERSION) (Required is at least version "14")
-- Performing Test HAVE_MM_MALLOC
-- Performing Test HAVE_MM_MALLOC - Success
-- Performing Test HAVE_POSIX_MEMALIGN
-- Performing Test HAVE_POSIX_MEMALIGN - Success
-- Looking for a CUDA compiler
-- Looking for a CUDA compiler - NOTFOUND
-- No CUDA compiler found
-- CUDA was not found.
-- Found OpenMP_C: -fopenmp (found version "4.5")
-- Found OpenMP_CXX: -fopenmp (found version "4.5")
-- Found OpenMP: TRUE (found version "4.5") found components: C CXX
-- Found OpenMP, spec date 201511
-- Performing Test CMAKE_HAVE_LIBC_PTHREAD
-- Performing Test CMAKE_HAVE_LIBC_PTHREAD - Success
-- Found Threads: TRUE
-- Found flann version 1.9.2
-- nanoflann was not found, so some PCL classes will not be available.
-- Checking for module 'libusb-1.0'
--   Found libusb-1.0, version 1.0.29
-- Found libusb: /usr/lib/libusb-1.0.so
-- Could NOT find OpenNI (missing: OPENNI_LIBRARIES OPENNI_INCLUDE_DIRS) 
-- OpenNI grabber support: not building because OpenNI not found
-- Could NOT find OpenNI2 (missing: OPENNI2_LIBRARIES OPENNI2_INCLUDE_DIRS) 
-- OpenNI2 grabber support: not building because OpenNI2 not found
-- Could NOT find Ensenso (missing: ENSENSO_LIBRARIES ENSENSO_INCLUDE_DIRS) 
-- IDS-Imaging Ensenso camera support: not building because Ensenso not found
-- Could NOT find davidSDK (missing: DAVIDSDK_LIBRARY DAVIDSDK_INCLUDE_DIR) 
-- David Vision Systems SDK support: not building because davidSDK not found
-- Could NOT find DSSDK (missing: DSSDK_LIBRARIES DSSDK_INCLUDE_DIRS) 
-- DepthSense SDK support: not building because DSSDK not found
-- Could NOT find RSSDK (missing: RSSDK_LIBRARIES RSSDK_INCLUDE_DIRS) 
-- RealSense SDK support: not building because RSSDK not found
-- Could NOT find RSSDK2
-- RealSense SDK 2.0 (librealsense) support: not building because RSSDK2 not found
-- Found ZLIB: /usr/lib/libz.so (found version "1.3.2")
-- Found PNG: /usr/lib/libpng.so (found version "1.6.58")
-- Found Qhull version 8.0.2
-- Performing Test HAVE_STDATOMIC
-- Performing Test HAVE_STDATOMIC - Success
-- Found WrapAtomic: TRUE
-- Found OpenGL: /usr/lib/libOpenGL.so
-- Found WrapOpenGL: TRUE
-- Could NOT find WrapVulkanHeaders (missing: Vulkan_INCLUDE_DIR) 
CMake Warning at /usr/lib/cmake/vtk/VTK-vtk-module-find-packages.cmake:262 (find_package):
  By not providing "FindOpenXR.cmake" in CMAKE_MODULE_PATH this project has
  asked CMake to find a package configuration file provided by "OpenXR", but
  CMake did not find one.

  Could not find a package configuration file provided by "OpenXR" (requested
  version 1.0.31) with any of the following names:

    OpenXR.cps
    openxr.cps
    OpenXRConfig.cmake
    openxr-config.cmake

  Add the installation prefix of "OpenXR" to CMAKE_PREFIX_PATH or set
  "OpenXR_DIR" to a directory containing one of the above files.  If "OpenXR"
  provides a separate development package or SDK, be sure it has been
  installed.
Call Stack (most recent call first):
  /usr/lib/cmake/vtk/vtk-config.cmake:171 (include)
  cmake/pcl_find_vtk.cmake:31 (find_package)
  CMakeLists.txt:423 (include)


-- Could not find the VTK package due to a missing dependency: OpenXR
-- Found OpenVR: /usr/lib/libopenvr_api.so
-- Found Python3: /usr/bin/python3.14 (found version "3.14.4") found components: Interpreter
-- Found mpi4py: /usr/lib/python3.14/site-packages/mpi4py/include
-- Found Boost: /usr/lib/cmake/Boost-1.91.0/BoostConfig.cmake (found suitable exact version "1.91.0")
-- Could NOT find THEORA (missing: THEORA_LIBRARY THEORA_dec_LIBRARY THEORA_enc_LIBRARY THEORA_INCLUDE_DIR) 
-- Could not find the VTK package due to a missing dependency: THEORA
-- Could NOT find OGG (missing: OGG_LIBRARY OGG_INCLUDE_DIR) 
-- Could not find the VTK package due to a missing dependency: OGG
-- Found MPI_C: /usr/lib/libmpi.so (found version "3.1")
-- Found MPI_CXX: /usr/lib/libmpi.so (found version "3.1")
-- Found MPI: TRUE (found version "3.1")
-- Found ADIOS2: /usr/lib/cmake/adios2/adios2-config.cmake (found version "2.12.0") found components: C CXX MPI
-- Found LibXml2: /usr/lib/libxml2.so (found version "2.15.3")
-- Found LibHaru: /usr/lib/libhpdf.so (found suitable version "2.4.6", minimum required is "2.4.0")
-- Found GL2PS: /usr/lib/libgl2ps.so (found suitable version "1.4.2", minimum required is "1.4.2")
-- Found NetCDF: /usr/include (found version "4.9.3")
-- Found MPI: TRUE (found version "3.1") found components: C
-- Found Python3: /usr/include/python3.14 (found version "3.14.4") found components: Development Development.Module Development.Embed
-- Found CGNS: /usr/include (found suitable version "4.51", minimum required is "4.10")
-- Found JsonCpp: /usr/lib/libjsoncpp.so (found suitable version "1.9.6", minimum required is "0.7.0")
-- Found HDF5: hdf5-shared (found version "2.1.1") found components: C HL
-- Found Boost: /usr/lib/cmake/Boost-1.91.0/BoostConfig.cmake (found suitable exact version "1.91.0") found components: serialization
-- Could NOT find WrapVulkanHeaders (missing: Vulkan_INCLUDE_DIR) 
-- Could NOT find Qt6Quick (missing: Qt6Quick_DIR)
CMake Warning at /usr/lib/cmake/vtk/VTK-vtk-module-find-packages.cmake:1249 (find_package):
  Found package configuration file:

    /usr/lib/cmake/Qt6/Qt6Config.cmake

  but it set Qt6_FOUND to FALSE so package "Qt6" is considered to be NOT
  FOUND.  Reason given by package:

  Failed to find required Qt component "Quick".

  Expected Config file at "/usr/lib/cmake/Qt6Quick/Qt6QuickConfig.cmake" does
  NOT exist



  Configuring with --debug-find-pkg=Qt6Quick might reveal details why the
  package was not found.

  Configuring with -DQT_DEBUG_FIND_PACKAGE=ON will print the values of some
  of the path variables that find_package uses to try and find the package.

Call Stack (most recent call first):
  /usr/lib/cmake/vtk/vtk-config.cmake:171 (include)
  cmake/pcl_find_vtk.cmake:31 (find_package)
  CMakeLists.txt:423 (include)


-- Could not find the VTK package due to a missing dependency: Qt6
-- Found LibPROJ: /usr/lib/libproj.so (found version "9.8.1")
-- Found SQLite3: /usr/lib/libsqlite3.so (found version "3.53.0")
-- Found X11: /usr/include
-- Looking for XOpenDisplay in /usr/lib/libX11.so;/usr/lib/libXext.so
-- Looking for XOpenDisplay in /usr/lib/libX11.so;/usr/lib/libXext.so - found
-- Looking for gethostbyname
-- Looking for gethostbyname - found
-- Looking for connect
-- Looking for connect - found
-- Looking for remove
-- Looking for remove - found
-- Looking for shmat
-- Looking for shmat - found
-- Looking for IceConnectionNumber in ICE
-- Looking for IceConnectionNumber in ICE - found
-- Found Python3: /usr/bin/python3.14 (found suitable version "3.14.4", minimum required is "3.14") found components: Interpreter Development.Module Development.Embed
-- Found EXPAT: /usr/lib/libexpat.so (found suitable version "2.8.0", minimum required is "2.2.1")
-- Found Eigen3: /usr/include/eigen3 (found version "..")
-- Found TIFF: /usr/lib/cmake/tiff (found version "4.7.1")
-- Found JPEG: /usr/lib/libjpeg.so (found version "80")
-- Found LZMA: /usr/lib/liblzma.so (found version "5.8.3")
-- Found LZ4: /usr/lib/liblz4.so (found version "1.10.0")
-- Found utf8cpp: /usr/include/utf8cpp
-- Could NOT find freetype (missing: freetype_DIR)
-- Found Freetype: /usr/lib/libfreetype.so (found version "2.14.3")
CMake Warning at /usr/lib/cmake/vtk/VTK-vtk-module-find-packages.cmake:2142 (find_package):
  By not providing "FindViskores.cmake" in CMAKE_MODULE_PATH this project has
  asked CMake to find a package configuration file provided by "Viskores",
  but CMake did not find one.

  Could not find a package configuration file provided by "Viskores"
  (requested version 1.1.0) with any of the following names:

    Viskores.cps
    viskores.cps
    ViskoresConfig.cmake
    viskores-config.cmake

  Add the installation prefix of "Viskores" to CMAKE_PREFIX_PATH or set
  "Viskores_DIR" to a directory containing one of the above files.  If
  "Viskores" provides a separate development package or SDK, be sure it has
  been installed.
Call Stack (most recent call first):
  /usr/lib/cmake/vtk/vtk-config.cmake:171 (include)
  cmake/pcl_find_vtk.cmake:31 (find_package)
  CMakeLists.txt:423 (include)


-- Could not find the VTK package due to a missing dependency: Viskores
-- Found OpenMP_C: -fopenmp (found version "4.5")
-- Found OpenMP_CXX: -fopenmp (found version "4.5")
-- Found OpenMP: TRUE (found version "4.5")
-- Found nlohmann_json: /usr/share/cmake/nlohmann_json/nlohmann_jsonConfig.cmake (found version "3.12.0")
-- VTK version: 9.6.1
-- VTK rendering backend: OpenGL2
-- VTK Qt support: YES
-- VTK libs: VTK::WrappingTools;VTK::WebPython;VTK::WebCore;VTK::WebGLExporter;VTK::ViewsQt;VTK::ViewsInfovis;VTK::PythonInterpreter;VTK::Java;VTK::UtilitiesBenchmarks;VTK::ViewsContext2D;VTK::ViewsCore;VTK::loguru;VTK::cli11;VTK::TestingRendering;VTK::TestingIOSQL;VTK::TestingGenericBridge;VTK::TestingDataModel;VTK::TestingCore;VTK::RenderingTk;VTK::RenderingRayTracing;VTK::RenderingVolumeAMR;VTK::RenderingQt;VTK::PythonContext2D;VTK::RenderingParallelLIC;VTK::RenderingParallel;VTK::RenderingOpenXR;VTK::RenderingOpenVR;VTK::RenderingVR;VTK::RenderingVRModels;VTK::RenderingMatplotlib;VTK::RenderingLabel;VTK::octree;VTK::RenderingLOD;VTK::RenderingLICOpenGL2;VTK::RenderingImage;VTK::RenderingGridAxes;VTK::RenderingFreeTypeFontConfig;VTK::RenderingFFMPEGOpenGL2;VTK::RenderingExternal;VTK::RenderingContextOpenGL2;VTK::RenderingCellGrid;VTK::RenderingAnari;VTK::RenderingVolumeOpenGL2;VTK::ParallelMPI4Py;VTK::mpi4py;VTK::IOXdmf2;VTK::xdmf2;VTK::IOVeraOut;VTK::IOVPIC;VTK::vpic;VTK::IOTecplotTable;VTK::IOTRUCHAS;VTK::IOSegY;VTK::IOPostgreSQL;VTK::IOParallelXdmf3;VTK::IOXdmf3;VTK::xdmf3;VTK::IOParallelXML;VTK::IOParallelNetCDF;VTK::IOParallelLSDyna;VTK::IOParallelExodus;VTK::IOPLY;VTK::IOPIO;VTK::IOPDAL;VTK::IOOpenVDB;VTK::IOOggTheora;VTK::theora;VTK::ogg;VTK::IOOMF;VTK::IOODBC;VTK::IOOCCT;VTK::IONetCDF;VTK::IOMySQL;VTK::IOMotionFX;VTK::IOMPIParallel;VTK::IOParallel;VTK::IOMPIImage;VTK::IOMINC;VTK::IOLSDyna;VTK::IOLAS;VTK::IOLANLX3D;VTK::IOImport;VTK::IOIOSS;VTK::ioss;VTK::IOHDF;VTK::IOH5part;VTK::h5hut;VTK::IOH5Rage;VTK::IOGeoJSON;VTK::IOFides;VTK::fides;VTK::IOFLUENTCFF;VTK::IOFFMPEG;VTK::IOVideo;VTK::IOMovie;VTK::IOFDS;VTK::IOInfovis;VTK::libxml2;VTK::IOExportPDF;VTK::libharu;VTK::IOExportGL2PS;VTK::RenderingGL2PSOpenGL2;VTK::gl2ps;VTK::IOExodus;VTK::exodusII;VTK::netcdf;VTK::IOEngys;VTK::IOEnSight;VTK::IOERF;VTK::IOCityGML;VTK::IOChemistry;VTK::IOCesium3DTiles;VTK::IOCatalystConduit;VTK::catalyst;VTK::IOCONVERGECFD;VTK::IOHDFTools;VTK::IOCGNSReader;VTK::cgns;VTK::IOAvmesh;VTK::IOAsynchronous;VTK::IOAlembic;VTK::IOExport;VTK::IOGeometry;VTK::RenderingVtkJS;VTK::jsoncpp;VTK::RenderingSceneGraph;VTK::IOAMR;VTK::hdf5;VTK::IOADIOS2;VTK::InteractionImage;VTK::InfovisLayout;VTK::InfovisBoostGraphAlgorithms;VTK::InfovisBoost;VTK::ImagingStencil;VTK::ImagingStatistics;VTK::ImagingOpenGL2;VTK::ImagingMorphological;VTK::ImagingMath;VTK::ImagingFourier;VTK::GUISupportQtSQL;VTK::IOSQL;VTK::GUISupportQtQuick;VTK::GUISupportQt;VTK::InteractionWidgets;VTK::RenderingVolume;VTK::RenderingAnnotation;VTK::InteractionStyle;VTK::ImagingHybrid;VTK::ImagingColor;VTK::GeovisGDAL;VTK::IOGDAL;VTK::GeovisCore;VTK::libproj;VTK::sqlite;VTK::FiltersTopology;VTK::FiltersTensor;VTK::FiltersSelection;VTK::FiltersSMP;VTK::FiltersReebGraph;VTK::FiltersPython;VTK::FiltersProgrammable;VTK::FiltersPoints;VTK::FiltersParallelVerdict;VTK::FiltersParallelStatistics;VTK::FiltersParallelImaging;VTK::FiltersParallelGeometry;VTK::FiltersParallelFlowPaths;VTK::FiltersParallelDIY2;VTK::FiltersTemporal;VTK::FiltersONNX;VTK::FiltersImaging;VTK::ImagingGeneral;VTK::FiltersGeometryPreview;VTK::FiltersGeneric;VTK::FiltersFlowPaths;VTK::FiltersAMR;VTK::DomainsParallelChemistry;VTK::FiltersParallelMPI;VTK::FiltersParallel;VTK::FiltersTexture;VTK::FiltersModeling;VTK::ParallelMPI;VTK::mpi;VTK::DomainsChemistryOpenGL2;VTK::RenderingOpenGL2;VTK::glad;VTK::RenderingUI;VTK::x11;VTK::RenderingHyperTreeGrid;VTK::FiltersHybrid;VTK::DomainsChemistry;VTK::CommonPython;VTK::WrappingPythonCore;VTK::Python;VTK::CommonArchive;VTK::ChartsCore;VTK::InfovisCore;VTK::FiltersExtraction;VTK::ParallelDIY;VTK::IOXML;VTK::IOXMLParser;VTK::expat;VTK::diy2;VTK::ParallelCore;VTK::IOLegacy;VTK::IOCellGrid;VTK::FiltersCellGrid;VTK::FiltersStatistics;VTK::eigen;VTK::FiltersHyperTree;VTK::ImagingSources;VTK::IOImage;VTK::tiff;VTK::png;VTK::metaio;VTK::jpeg;VTK::DICOMParser;VTK::IOCore;VTK::lzma;VTK::lz4;VTK::RenderingContext2D;VTK::RenderingFreeType;VTK::utf8;VTK::freetype;VTK::zlib;VTK::RenderingCore;VTK::FiltersSources;VTK::CommonColor;VTK::AcceleratorsVTKmFilters;VTK::ImagingCore;VTK::FiltersGeneral;VTK::FiltersVerdict;VTK::verdict;VTK::FiltersGeometry;VTK::CommonComputationalGeometry;VTK::FiltersCore;VTK::FiltersReduction;VTK::CommonExecutionModel;VTK::AcceleratorsVTKmDataModel;VTK::CommonDataModel;VTK::pugixml;VTK::pegtl;VTK::CommonSystem;VTK::CommonMisc;VTK::exprtk;VTK::CommonTransforms;VTK::CommonMath;VTK::kissfft;VTK::AcceleratorsVTKmCore;VTK::vtkviskores;VTK::CommonCore;VTK::vtksys;VTK::token;VTK::scn;VTK::nlohmannjson;VTK::kwiml;VTK::fmt;VTK::fast_float
-- Qt version: 6.11.0
-- Found Pcap: /usr/lib/libpcap.so
-- Performing Test PCL_USES_EIGEN_HANDMADE_ALIGNED_MALLOC
-- Performing Test PCL_USES_EIGEN_HANDMADE_ALIGNED_MALLOC - Failed
-- SuiteSparse_config version: 7.12.2
-- SuiteSparse_config include: /usr/include/suitesparse
-- SuiteSparse_config library: /usr/lib/libsuitesparseconfig.so.7.12.2
-- SuiteSparse_config static:  
-- AMD version: 3.3.4
-- AMD include: /usr/include/suitesparse
-- AMD library: /usr/lib/libamd.so.3.3.4
-- AMD static:  
-- COLAMD version: 3.3.5
-- COLAMD include: /usr/include/suitesparse
-- COLAMD library: /usr/lib/libcolamd.so.3.3.5
-- COLAMD static:  
-- CAMD version: 3.3.5
-- CAMD include: /usr/include/suitesparse
-- CAMD library: /usr/lib/libcamd.so.3.3.5
-- CAMD static:  
-- CCOLAMD version: 3.3.5
-- CCOLAMD include: /usr/include/suitesparse
-- CCOLAMD library: /usr/lib/libccolamd.so.3.3.5
-- CCOLAMD static:  
-- CHOLMOD version: 5.3.4
-- CHOLMOD include: /usr/include/suitesparse
-- CHOLMOD library: /usr/lib/libcholmod.so.5.3.4
-- CHOLMOD static:  
-- UMFPACK version: 6.3.7
-- UMFPACK include: /usr/include/suitesparse
-- UMFPACK library: /usr/lib/libumfpack.so.6.3.7
-- UMFPACK static:  
-- Found GTestSource: /usr/include
-- GTest found (include: /usr/include, src: /usr/src/googletest)
-- DOXYGEN_FOUND 
-- HTML_HELP_COMPILER 
-- PCL build with following flags:
-- -march=x86-64 -mtune=generic -O2 -pipe -fno-plt -fexceptions         -Wp,-D_FORTIFY_SOURCE=3 -Wformat -Werror=format-security         -fstack-clash-protection -fcf-protection         -fno-omit-frame-pointer -mno-omit-leaf-frame-pointer -Wp,-D_GLIBCXX_ASSERTIONS -g -ffile-prefix-map=/build/pcl/src=/usr/src/debug/pcl -flto=auto -fopenmp
-- The following subsystems will be built:
--   common
--   kdtree
--   octree
--   search
--   sample_consensus
--   filters
--   2d
--   geometry
--   io
--   features
--   ml
--   segmentation
--   visualization
--   surface
--   registration
--   keypoints
--   tracking
--   recognition
--   stereo
--   apps
       building: 
       |_ cloud_composer
       |_ modeler
       |_ point_cloud_editor
       not building: 
       |_ 3d_rec_framework: Requires external library openni.
       |_ in_hand_scanner: Requires external library openni.
--   people
--   simulation
--   global_tests
--   tests_2d
--   tests_common
--   tests_features
--   tests_filters
--   tests_geometry
--   tests_io
--   tests_kdtree
--   tests_keypoints
--   tests_ml
--   tests_people
--   tests_octree
--   tests_recognition
--   tests_registration
--   tests_search
--   tests_surface
--   tests_segmentation
--   tests_sample_consensus
--   tests_visualization
--   tools
-- The following subsystems will not be built:
--   benchmarks: Disabled by default.
--   outofcore: Disabled manually.
--   examples: Disabled by default.
--   tests_outofcore: Requires outofcore.
-- Configuring done (6.1s)
-- Generating done (1.1s)
-- Build files have been written to: /build/pcl/src/build
[  0%] Built target pcl_geometry
[  0%] Building CXX object tools/CMakeFiles/pcl_pcd_convert_NaN_nan.dir/pcd_convert_NaN_nan.cpp.o
[  0%] Building CXX object common/CMakeFiles/pcl_common.dir/src/pcl_base.cpp.o
[  0%] Building CXX object common/CMakeFiles/pcl_common.dir/src/PCLPointCloud2.cpp.o
[  0%] Building CXX object common/CMakeFiles/pcl_common.dir/src/distances.cpp.o
[  0%] Building CXX object common/CMakeFiles/pcl_common.dir/src/io.cpp.o
[  1%] Building CXX object common/CMakeFiles/pcl_common.dir/src/common.cpp.o
[  1%] Building CXX object common/CMakeFiles/pcl_common.dir/src/point_types.cpp.o
[  1%] Building CXX object common/CMakeFiles/pcl_common.dir/src/correspondence.cpp.o
[  1%] Building CXX object common/CMakeFiles/pcl_common.dir/src/parse.cpp.o
[  1%] Built target pcl_2d
[  1%] Building CXX object common/CMakeFiles/pcl_common.dir/src/print.cpp.o
[  1%] Building CXX object common/CMakeFiles/pcl_common.dir/src/projection_matrix.cpp.o
[  1%] Building CXX object test/CMakeFiles/pcl_gtest.dir/usr/src/googletest/src/gtest-all.cc.o
[  1%] Building CXX object common/CMakeFiles/pcl_common.dir/src/colors.cpp.o
[  2%] Building CXX object common/CMakeFiles/pcl_common.dir/src/time_trigger.cpp.o
[  2%] Building CXX object common/CMakeFiles/pcl_common.dir/src/feature_histogram.cpp.o
[  2%] Building CXX object common/CMakeFiles/pcl_common.dir/src/bearing_angle_image.cpp.o
[  2%] Building CXX object common/CMakeFiles/pcl_common.dir/src/poses_from_matches.cpp.o
[  2%] Building CXX object common/CMakeFiles/pcl_common.dir/src/gaussian.cpp.o
[  2%] Building CXX object common/CMakeFiles/pcl_common.dir/src/range_image.cpp.o
[  2%] Building CXX object common/CMakeFiles/pcl_common.dir/src/range_image_planar.cpp.o
[  2%] Linking CXX executable ../bin/pcl_pcd_convert_NaN_nan
[  2%] Building C object common/CMakeFiles/pcl_common.dir/src/fft/kiss_fft.c.o
[  2%] Building C object common/CMakeFiles/pcl_common.dir/src/fft/kiss_fftr.c.o
[  2%] Built target pcl_pcd_convert_NaN_nan
[  2%] Linking CXX static library ../lib/libpcl_gtest.a
[  2%] Built target pcl_gtest
[  2%] Linking CXX shared library ../lib/libpcl_common.so
[  2%] Built target pcl_common
[  2%] Building CXX object test/common/CMakeFiles/test_wrappers.dir/test_wrappers.cpp.o
[  2%] Building CXX object test/common/CMakeFiles/test_parse.dir/test_parse.cpp.o
[  2%] Building CXX object kdtree/CMakeFiles/pcl_kdtree.dir/src/kdtree_flann.cpp.o
[  2%] Building CXX object test/common/CMakeFiles/test_pointcloud.dir/test_pointcloud.cpp.o
[  2%] Building CXX object test/common/CMakeFiles/test_vector_average.dir/test_vector_average.cpp.o
[  2%] Building CXX object test/common/CMakeFiles/test_geometry.dir/test_geometry.cpp.o
[  2%] Building CXX object test/common/CMakeFiles/test_common.dir/test_common.cpp.o
[  2%] Building CXX object test/common/CMakeFiles/test_macros.dir/test_macros.cpp.o
[  2%] Building CXX object ml/CMakeFiles/pcl_ml.dir/src/point_xy_32i.cpp.o
[  2%] Building CXX object test/common/CMakeFiles/test_pca.dir/test_pca.cpp.o
[  2%] Building CXX object io/CMakeFiles/pcl_io_ply.dir/src/ply/ply_parser.cpp.o
[  2%] Building CXX object octree/CMakeFiles/pcl_octree.dir/src/octree_inst.cpp.o
[  2%] Building CXX object test/common/CMakeFiles/test_transforms.dir/test_transforms.cpp.o
[  2%] Building CXX object test/common/CMakeFiles/test_spring.dir/test_spring.cpp.o
[  2%] Building CXX object test/common/CMakeFiles/test_copy_point.dir/test_copy_point.cpp.o
[  2%] Building CXX object test/common/CMakeFiles/test_plane_intersection.dir/test_plane_intersection.cpp.o
[  2%] Building CXX object test/common/CMakeFiles/test_eigen.dir/test_eigen.cpp.o
[  2%] Building CXX object test/common/CMakeFiles/test_intensity.dir/test_intensity.cpp.o
[  2%] Building CXX object test/common/CMakeFiles/test_gaussian.dir/test_gaussian.cpp.o
[  2%] Building CXX object test/common/CMakeFiles/test_operators.dir/test_operators.cpp.o
[  2%] Building CXX object ml/CMakeFiles/pcl_ml.dir/src/point_xy_32f.cpp.o
[  2%] Building CXX object ml/CMakeFiles/pcl_ml.dir/src/densecrf.cpp.o
[  2%] Linking CXX executable test_parse
[  2%] Linking CXX executable test_gaussian
[  2%] Building CXX object ml/CMakeFiles/pcl_ml.dir/src/pairwise_potential.cpp.o
[  2%] Linking CXX executable test_intensity
[  2%] Linking CXX executable test_macros
[  2%] Linking CXX executable test_geometry
[  2%] Linking CXX executable test_operators
[  2%] Building CXX object ml/CMakeFiles/pcl_ml.dir/src/permutohedral.cpp.o
[  2%] Linking CXX shared library ../lib/libpcl_io_ply.so
[  3%] Linking CXX executable test_wrappers
[  3%] Linking CXX executable test_copy_point
[  3%] Linking CXX executable test_spring
[  3%] Linking CXX executable test_pointcloud
[  3%] Linking CXX executable test_vector_average
[  3%] Building CXX object ml/CMakeFiles/pcl_ml.dir/src/svm_wrapper.cpp.o
[  3%] Building CXX object ml/CMakeFiles/pcl_ml.dir/src/svm.cpp.o
[  3%] Building CXX object ml/CMakeFiles/pcl_ml.dir/src/kmeans.cpp.o
[  4%] Linking CXX shared library ../lib/libpcl_ml.so
[  4%] Linking CXX executable test_pca
[  4%] Linking CXX executable test_transforms
[  4%] Linking CXX shared library ../lib/libpcl_kdtree.so
[  4%] Built target pcl_ml
[  4%] Built target test_intensity
[  4%] Building CXX object test/common/CMakeFiles/test_generator.dir/test_generator.cpp.o
[  4%] Built target test_parse
[  4%] Built target test_gaussian
[  4%] Built target pcl_io_ply
[  4%] Built target test_macros
[  4%] Building CXX object test/common/CMakeFiles/test_common_io.dir/test_io.cpp.o
[  4%] Built target test_vector_average
[  4%] Built target test_copy_point
[  4%] Linking CXX shared library ../lib/libpcl_octree.so
[  4%] Building CXX object test/common/CMakeFiles/test_copy_make_borders.dir/test_copy_make_borders.cpp.o
[  4%] Built target test_operators
[  5%] Building CXX object test/common/CMakeFiles/test_bearing_angle_image.dir/test_bearing_angle_image.cpp.o
[  5%] Building CXX object test/common/CMakeFiles/test_polygon_mesh_concatenate.dir/test_polygon_mesh.cpp.o
[  5%] Built target test_spring
[  5%] Building CXX object test/common/CMakeFiles/test_common_point_type_conversion.dir/test_point_type_conversion.cpp.o
[  5%] Built target test_geometry
[  5%] Built target test_wrappers
[  5%] Building CXX object test/common/CMakeFiles/test_common_point_type_construction_runtime.dir/test_point_type_construction.cpp.o
[  5%] Built target test_pointcloud
[  5%] Building CXX object test/common/CMakeFiles/test_common_point_type_construction_compiletime.dir/test_point_type_construction.cpp.o
[  5%] Linking CXX executable test_generator
[  5%] Building CXX object test/common/CMakeFiles/test_common_point_type_static_member_functions.dir/test_point_type_static_member_functions.cpp.o
[  5%] Building CXX object test/common/CMakeFiles/test_colors.dir/test_colors.cpp.o
[  5%] Built target test_pca
[  5%] Building CXX object test/common/CMakeFiles/test_type_traits.dir/test_type_traits.cpp.o
[  5%] Linking CXX executable test_common
[  5%] Linking CXX executable test_bearing_angle_image
[  5%] Linking CXX executable test_copy_make_borders
[  5%] Linking CXX executable test_polygon_mesh_concatenate
[  5%] Linking CXX executable test_common_point_type_conversion
[  5%] Linking CXX executable test_common_io
[  6%] Linking CXX executable test_common_point_type_construction_runtime
[  6%] Linking CXX executable test_common_point_type_static_member_functions
[  6%] Linking CXX executable test_colors
[  6%] Building CXX object test/geometry/CMakeFiles/test_iterator.dir/test_iterator.cpp.o
[  6%] Linking CXX executable test_common_point_type_construction_compiletime
[  6%] Linking CXX executable test_type_traits
[  6%] Built target test_transforms
[  7%] Linking CXX executable test_plane_intersection
[  7%] Linking CXX executable test_eigen
[  7%] Built target pcl_kdtree
[  8%] Building CXX object test/geometry/CMakeFiles/test_mesh_circulators.dir/test_mesh_circulators.cpp.o
[  8%] Linking CXX executable test_iterator
[  8%] Building CXX object test/geometry/CMakeFiles/test_mesh_conversion.dir/test_mesh_conversion.cpp.o
[  8%] Linking CXX executable test_mesh_circulators
[  8%] Building CXX object test/geometry/CMakeFiles/test_mesh_data.dir/test_mesh_data.cpp.o
[  8%] Built target test_copy_make_borders
[  8%] Built target test_generator
[  8%] Built target test_bearing_angle_image
[  8%] Built target test_common_point_type_conversion
[  8%] Built target test_type_traits
[  8%] Built target test_common_point_type_static_member_functions
[  8%] Built target test_polygon_mesh_concatenate
[  8%] Built target test_colors
[  8%] Building CXX object test/geometry/CMakeFiles/test_mesh_get_boundary.dir/test_mesh_get_boundary.cpp.o
[  8%] Linking CXX executable test_mesh_conversion
[  8%] Building CXX object test/geometry/CMakeFiles/test_mesh_indices.dir/test_mesh_indices.cpp.o
[  8%] Linking CXX executable test_mesh_data
[  8%] Building CXX object test/geometry/CMakeFiles/test_mesh_io.dir/test_mesh_io.cpp.o
[  8%] Building CXX object test/geometry/CMakeFiles/test_mesh.dir/test_mesh.cpp.o
[  9%] Building CXX object test/geometry/CMakeFiles/test_polygon_mesh.dir/test_polygon_mesh.cpp.o
[  9%] Building CXX object test/geometry/CMakeFiles/test_quad_mesh.dir/test_quad_mesh.cpp.o
[  9%] Linking CXX executable test_mesh_indices
[  9%] Built target test_common_point_type_construction_compiletime
[  9%] Built target test_iterator
[  9%] Linking CXX executable test_mesh_get_boundary
[  9%] Built target test_plane_intersection
[ 10%] Building CXX object test/geometry/CMakeFiles/test_triangle_mesh.dir/test_triangle_mesh.cpp.o
[ 10%] Linking CXX executable test_mesh_io
[ 11%] Building CXX object test/ml/CMakeFiles/test_ml_kmeans.dir/test_kmeans.cpp.o
[ 11%] Built target test_common
[ 11%] Linking CXX executable test_polygon_mesh
[ 11%] Building CXX object tools/CMakeFiles/pcl_ply2obj.dir/ply2obj.cpp.o
[ 11%] Linking CXX executable test_mesh
[ 11%] Built target test_common_point_type_construction_runtime
[ 11%] Building CXX object tools/CMakeFiles/pcl_ply2ply.dir/ply2ply.cpp.o
[ 11%] Linking CXX executable test_quad_mesh
[ 11%] Built target test_mesh_circulators
[ 12%] Building CXX object tools/CMakeFiles/pcl_ply2raw.dir/ply2raw.cpp.o
[ 12%] Linking CXX executable ../bin/pcl_ply2obj
[ 12%] Built target test_common_io
[ 12%] Linking CXX executable test_ml_kmeans
[ 12%] Built target pcl_ply2obj
[ 12%] Linking CXX executable ../bin/pcl_ply2raw
[ 12%] Linking CXX executable ../bin/pcl_ply2ply
[ 12%] Linking CXX executable test_triangle_mesh
[ 12%] Built target test_eigen
[ 12%] Built target pcl_ply2raw
[ 12%] Building CXX object tools/CMakeFiles/pcl_plyheader.dir/plyheader.cpp.o
[ 12%] Built target pcl_ply2ply
[ 12%] Linking CXX executable ../bin/pcl_plyheader
[ 12%] Built target pcl_plyheader
[ 12%] Built target test_mesh_conversion
[ 12%] Built target test_mesh_indices
[ 12%] Built target test_mesh_io
[ 12%] Built target test_mesh_get_boundary
[ 12%] Built target test_ml_kmeans
[ 12%] Built target test_mesh_data
[ 12%] Built target test_polygon_mesh
[ 12%] Built target test_quad_mesh
[ 12%] Built target test_triangle_mesh
[ 12%] Built target test_mesh
[ 12%] Built target pcl_octree
[ 12%] Building CXX object search/CMakeFiles/pcl_search.dir/src/octree.cpp.o
[ 12%] Building CXX object io/CMakeFiles/pcl_io.dir/src/vtk_io.cpp.o
[ 12%] Building CXX object test/octree/CMakeFiles/test_octree.dir/test_octree.cpp.o
[ 12%] Building CXX object search/CMakeFiles/pcl_search.dir/src/kdtree.cpp.o
[ 12%] Building CXX object search/CMakeFiles/pcl_search.dir/src/brute_force.cpp.o
[ 12%] Building CXX object io/CMakeFiles/pcl_io.dir/src/pcd_io.cpp.o
[ 12%] Building CXX object search/CMakeFiles/pcl_search.dir/src/organized.cpp.o
[ 13%] Building CXX object io/CMakeFiles/pcl_io.dir/src/debayer.cpp.o
[ 13%] Building CXX object io/CMakeFiles/pcl_io.dir/src/pcd_grabber.cpp.o
[ 14%] Building CXX object test/octree/CMakeFiles/test_octree_iterator.dir/test_octree_iterator.cpp.o
[ 14%] Building CXX object io/CMakeFiles/pcl_io.dir/src/ply_io.cpp.o
[ 14%] Building CXX object io/CMakeFiles/pcl_io.dir/src/compression.cpp.o
[ 14%] Building CXX object io/CMakeFiles/pcl_io.dir/src/ascii_io.cpp.o
[ 14%] Building CXX object search/CMakeFiles/pcl_search.dir/src/search.cpp.o
[ 14%] Building CXX object io/CMakeFiles/pcl_io.dir/src/lzf_image_io.cpp.o
[ 14%] Building CXX object io/CMakeFiles/pcl_io.dir/src/lzf.cpp.o
[ 14%] Building CXX object io/CMakeFiles/pcl_io.dir/src/ifs_io.cpp.o
[ 15%] Building CXX object io/CMakeFiles/pcl_io.dir/src/image_grabber.cpp.o
[ 15%] Building CXX object io/CMakeFiles/pcl_io.dir/src/hdl_grabber.cpp.o
[ 15%] Building CXX object io/CMakeFiles/pcl_io.dir/src/obj_io.cpp.o
[ 15%] Building CXX object io/CMakeFiles/pcl_io.dir/src/vlp_grabber.cpp.o
[ 15%] Building CXX object io/CMakeFiles/pcl_io.dir/src/robot_eye_grabber.cpp.o
[ 15%] Building CXX object io/CMakeFiles/pcl_io.dir/src/auto_io.cpp.o
[ 15%] Building CXX object io/CMakeFiles/pcl_io.dir/src/io_exception.cpp.o
[ 15%] Building CXX object io/CMakeFiles/pcl_io.dir/src/tim_grabber.cpp.o
[ 15%] Building CXX object io/CMakeFiles/pcl_io.dir/src/vtk_lib_io.cpp.o
[ 15%] Building CXX object io/CMakeFiles/pcl_io.dir/src/png_io.cpp.o
[ 15%] Building CXX object io/CMakeFiles/pcl_io.dir/src/dinast_grabber.cpp.o
[ 15%] Building CXX object io/CMakeFiles/pcl_io.dir/src/libpng_wrapper.cpp.o
[ 15%] Linking CXX executable test_octree
[ 15%] Linking CXX executable test_octree_iterator
[ 15%] Built target test_octree
[ 15%] Built target test_octree_iterator
[ 16%] Linking CXX shared library ../lib/libpcl_io.so
[ 16%] Built target pcl_io
[ 16%] Building CXX object test/io/CMakeFiles/test_iterators.dir/test_iterators.cpp.o
[ 16%] Building CXX object tools/CMakeFiles/pcl_pcd2ply.dir/pcd2ply.cpp.o
[ 16%] Building CXX object tools/CMakeFiles/pcl_ply2pcd.dir/ply2pcd.cpp.o
[ 16%] Building CXX object simulation/CMakeFiles/pcl_simulation.dir/src/camera.cpp.o
[ 16%] Building CXX object test/io/CMakeFiles/test_timestamp.dir/test_timestamp.cpp.o
[ 16%] Building CXX object test/common/CMakeFiles/test_centroid.dir/test_centroid.cpp.o
[ 16%] Building CXX object stereo/CMakeFiles/pcl_stereo.dir/src/stereo_grabber.cpp.o
[ 16%] Building CXX object test/io/CMakeFiles/test_split.dir/test_split.cpp.o
[ 16%] Building CXX object test/io/CMakeFiles/test_ply_mesh_io.dir/test_ply_mesh_io.cpp.o
[ 17%] Building CXX object test/io/CMakeFiles/test_ply_io.dir/test_ply_io.cpp.o
[ 17%] Building CXX object test/io/CMakeFiles/test_io.dir/test_io.cpp.o
[ 17%] Building CXX object test/io/CMakeFiles/test_point_cloud_image_extractors.dir/test_point_cloud_image_extractors.cpp.o
[ 17%] Building CXX object test/io/CMakeFiles/test_grabbers.dir/test_grabbers.cpp.o
[ 17%] Building CXX object test/io/CMakeFiles/test_range_coder.dir/test_range_coder.cpp.o
[ 17%] Building CXX object test/io/CMakeFiles/test_octree_compression.dir/test_octree_compression.cpp.o
[ 17%] Building CXX object test/io/CMakeFiles/test_tim_grabber.dir/test_tim_grabber.cpp.o
[ 17%] Building CXX object test/kdtree/CMakeFiles/test_kdtree.dir/test_kdtree.cpp.o
[ 17%] Building CXX object test/io/CMakeFiles/test_buffers.dir/test_buffers.cpp.o
[ 17%] Building CXX object tools/CMakeFiles/pcl_xyz2pcd.dir/xyz2pcd.cpp.o
[ 17%] Linking CXX shared library ../lib/libpcl_search.so
[ 17%] Linking CXX executable test_timestamp
[ 17%] Linking CXX executable test_split
[ 18%] Linking CXX executable test_range_coder
[ 18%] Linking CXX executable test_buffers
[ 19%] Building CXX object simulation/CMakeFiles/pcl_simulation.dir/src/model.cpp.o
[ 19%] Linking CXX executable test_iterators
[ 19%] Linking CXX executable ../bin/pcl_xyz2pcd
[ 19%] Building CXX object stereo/CMakeFiles/pcl_stereo.dir/src/stereo_matching.cpp.o
[ 20%] Linking CXX executable ../bin/pcl_pcd2ply
[ 20%] Linking CXX executable ../bin/pcl_ply2pcd
[ 20%] Built target pcl_pcd2ply
[ 20%] Building CXX object stereo/CMakeFiles/pcl_stereo.dir/src/stereo_block_based.cpp.o
[ 20%] Linking CXX executable test_octree_compression
[ 20%] Built target pcl_ply2pcd
[ 20%] Building CXX object simulation/CMakeFiles/pcl_simulation.dir/src/range_likelihood.cpp.o
[ 20%] Linking CXX executable test_point_cloud_image_extractors
[ 20%] Built target pcl_xyz2pcd
[ 20%] Linking CXX executable test_tim_grabber
[ 20%] Linking CXX executable test_grabbers
[ 20%] Building CXX object stereo/CMakeFiles/pcl_stereo.dir/src/stereo_adaptive_cost_so.cpp.o
[ 20%] Linking CXX executable test_kdtree
[ 20%] Linking CXX executable test_ply_mesh_io
[ 20%] Building CXX object stereo/CMakeFiles/pcl_stereo.dir/src/disparity_map_converter.cpp.o
[ 20%] Linking CXX executable test_centroid
[ 20%] Linking CXX executable test_ply_io
[ 20%] Built target test_timestamp
[ 20%] Built target test_split
[ 20%] Building CXX object tools/CMakeFiles/pcl_pclzf2pcd.dir/pclzf2pcd.cpp.o
[ 20%] Built target test_range_coder
[ 20%] Building CXX object simulation/CMakeFiles/pcl_simulation.dir/src/scene.cpp.o
[ 20%] Built target test_iterators
[ 20%] Building CXX object stereo/CMakeFiles/pcl_stereo.dir/src/digital_elevation_map.cpp.o
[ 20%] Building CXX object simulation/CMakeFiles/pcl_simulation.dir/src/glsl_shader.cpp.o
[ 20%] Building CXX object simulation/CMakeFiles/pcl_simulation.dir/src/sum_reduce.cpp.o
[ 20%] Building CXX object tools/CMakeFiles/pcl_pcd2vtk.dir/pcd2vtk.cpp.o
[ 20%] Linking CXX executable test_io
[ 20%] Built target test_octree_compression
[ 20%] Linking CXX shared library ../lib/libpcl_stereo.so
[ 21%] Linking CXX executable ../bin/pcl_pclzf2pcd
[ 21%] Building CXX object tools/CMakeFiles/pcl_add_gaussian_noise.dir/add_gaussian_noise.cpp.o
[ 21%] Built target test_tim_grabber
[ 21%] Built target test_buffers
[ 21%] Linking CXX shared library ../lib/libpcl_simulation.so
[ 21%] Built target pcl_pclzf2pcd
[ 21%] Building CXX object tools/CMakeFiles/pcl_pcd_change_viewpoint.dir/pcd_change_viewpoint.cpp.o
[ 21%] Linking CXX executable ../bin/pcl_pcd2vtk
[ 21%] Built target pcl_stereo
[ 21%] Built target test_point_cloud_image_extractors
[ 21%] Building CXX object tools/CMakeFiles/pcl_concatenate_points_pcd.dir/concatenate_points_pcd.cpp.o
[ 21%] Built target pcl_pcd2vtk
[ 21%] Built target test_grabbers
[ 21%] Building CXX object tools/CMakeFiles/pcl_demean_cloud.dir/demean_cloud.cpp.o
[ 21%] Linking CXX executable ../bin/pcl_add_gaussian_noise
[ 21%] Building CXX object tools/CMakeFiles/pcl_generate.dir/generate.cpp.o
[ 21%] Built target pcl_simulation
[ 21%] Linking CXX executable ../bin/pcl_pcd_change_viewpoint
[ 21%] Built target pcl_add_gaussian_noise
[ 21%] Built target test_ply_mesh_io
[ 21%] Building CXX object tools/CMakeFiles/pcl_convert_pcd_ascii_binary.dir/convert_pcd_ascii_binary.cpp.o
[ 22%] Building CXX object tools/CMakeFiles/pcl_pcd_introduce_nan.dir/pcd_introduce_nan.cpp.o
[ 22%] Built target pcl_pcd_change_viewpoint
[ 22%] Linking CXX executable ../bin/pcl_concatenate_points_pcd
[ 22%] Built target pcl_concatenate_points_pcd
[ 22%] Building CXX object tools/CMakeFiles/pcl_hdl_grabber.dir/hdl_grabber_example.cpp.o
[ 22%] Linking CXX executable ../bin/pcl_demean_cloud
[ 22%] Linking CXX executable ../bin/pcl_generate
[ 22%] Building CXX object tools/CMakeFiles/pcl_png2pcd.dir/png2pcd.cpp.o
[ 22%] Building CXX object tools/CMakeFiles/pcl_pcd2png.dir/pcd2png.cpp.o
[ 22%] Building CXX object tools/CMakeFiles/pcl_tiff2pcd.dir/tiff2pcd.cpp.o
[ 22%] Building CXX object tools/CMakeFiles/pcl_ply2vtk.dir/ply2vtk.cpp.o
[ 22%] Built target pcl_generate
[ 22%] Linking CXX executable ../bin/pcl_convert_pcd_ascii_binary
[ 22%] Built target test_centroid
[ 22%] Built target pcl_demean_cloud
[ 22%] Building CXX object tools/CMakeFiles/pcl_vtk2ply.dir/vtk2ply.cpp.o
[ 22%] Built target test_kdtree
[ 22%] Building CXX object tools/CMakeFiles/pcl_vtk2obj.dir/vtk2obj.cpp.o
[ 22%] Built target pcl_search
[ 22%] Linking CXX executable ../bin/pcl_pcd_introduce_nan
[ 22%] Building CXX object tools/CMakeFiles/pcl_obj2vtk.dir/obj2vtk.cpp.o
[ 22%] Built target pcl_convert_pcd_ascii_binary
[ 22%] Building CXX object tools/CMakeFiles/pcl_obj2pcd.dir/obj2pcd.cpp.o
[ 22%] Building CXX object tools/CMakeFiles/pcl_obj2ply.dir/obj2ply.cpp.o
[ 22%] Building CXX object tools/CMakeFiles/pcl_vtk2pcd.dir/vtk2pcd.cpp.o
[ 22%] Building CXX object tools/CMakeFiles/pcl_converter.dir/converter.cpp.o
[ 22%] Built target pcl_pcd_introduce_nan
[ 22%] Building CXX object tools/CMakeFiles/pcl_compute_hausdorff.dir/compute_hausdorff.cpp.o
[ 22%] Linking CXX executable ../bin/pcl_tiff2pcd
[ 22%] Built target test_ply_io
[ 22%] Building CXX object tools/CMakeFiles/pcl_compute_cloud_error.dir/compute_cloud_error.cpp.o
[ 22%] Linking CXX executable ../bin/pcl_png2pcd
[ 22%] Linking CXX executable ../bin/pcl_pcd2png
[ 23%] Building CXX object sample_consensus/CMakeFiles/pcl_sample_consensus.dir/src/sac.cpp.o
[ 23%] Building CXX object sample_consensus/CMakeFiles/pcl_sample_consensus.dir/src/sac_model_ellipse3d.cpp.o
[ 23%] Linking CXX executable ../bin/pcl_obj2ply
[ 23%] Building CXX object visualization/CMakeFiles/pcl_visualization.dir/src/point_picking_event.cpp.o
[ 23%] Linking CXX executable ../bin/pcl_hdl_grabber
[ 23%] Building CXX object visualization/CMakeFiles/pcl_visualization.dir/src/interactor_style.cpp.o
[ 23%] Built target pcl_obj2ply
[ 23%] Building CXX object sample_consensus/CMakeFiles/pcl_sample_consensus.dir/src/sac_model_circle.cpp.o
[ 23%] Built target pcl_tiff2pcd
[ 23%] Linking CXX executable ../bin/pcl_ply2vtk
[ 23%] Linking CXX executable ../bin/pcl_compute_hausdorff
[ 23%] Building CXX object visualization/CMakeFiles/pcl_visualization.dir/src/point_cloud_handlers.cpp.o
[ 23%] Built target pcl_png2pcd
[ 23%] Building CXX object surface/CMakeFiles/pcl_surface.dir/src/processing.cpp.o
[ 23%] Built target pcl_ply2vtk
[ 24%] Built target pcl_hdl_grabber
[ 24%] Linking CXX executable ../bin/pcl_vtk2ply
[ 24%] Building CXX object surface/CMakeFiles/pcl_surface.dir/src/ear_clipping.cpp.o
[ 24%] Building CXX object sample_consensus/CMakeFiles/pcl_sample_consensus.dir/src/sac_model_circle3d.cpp.o
[ 24%] Built target pcl_vtk2ply
[ 24%] Building CXX object visualization/CMakeFiles/pcl_visualization.dir/src/pcl_visualizer.cpp.o
[ 24%] Linking CXX executable ../bin/pcl_obj2vtk
[ 24%] Linking CXX executable ../bin/pcl_vtk2obj
[ 24%] Built target pcl_pcd2png
[ 24%] Building CXX object surface/CMakeFiles/pcl_surface.dir/src/gp3.cpp.o
[ 24%] Built target pcl_obj2vtk
[ 24%] Building CXX object sample_consensus/CMakeFiles/pcl_sample_consensus.dir/src/sac_model_cylinder.cpp.o
[ 25%] Linking CXX executable ../bin/pcl_compute_cloud_error
[ 25%] Built target pcl_vtk2obj
[ 25%] Building CXX object visualization/CMakeFiles/pcl_visualization.dir/src/histogram_visualizer.cpp.o
[ 25%] Building CXX object surface/CMakeFiles/pcl_surface.dir/src/grid_projection.cpp.o
[ 25%] Building CXX object test/search/CMakeFiles/test_kdtree_search.dir/test_kdtree.cpp.o
[ 25%] Built target pcl_compute_hausdorff
[ 25%] Building CXX object surface/CMakeFiles/pcl_surface.dir/src/marching_cubes.cpp.o
[ 25%] Linking CXX executable ../bin/pcl_obj2pcd
[ 25%] Linking CXX executable ../bin/pcl_vtk2pcd
[ 25%] Linking CXX executable ../bin/pcl_converter
[ 25%] Building CXX object surface/CMakeFiles/pcl_surface.dir/src/marching_cubes_hoppe.cpp.o
[ 25%] Built target pcl_compute_cloud_error
[ 25%] Building CXX object surface/CMakeFiles/pcl_surface.dir/src/marching_cubes_rbf.cpp.o
[ 25%] Building CXX object surface/CMakeFiles/pcl_surface.dir/src/bilateral_upsampling.cpp.o
[ 25%] Built target pcl_obj2pcd
[ 25%] Built target pcl_converter
[ 25%] Building CXX object sample_consensus/CMakeFiles/pcl_sample_consensus.dir/src/sac_model_cone.cpp.o
/build/pcl/src/pcl-pcl-1.15.1/visualization/src/histogram_visualizer.cpp: In member function ‘void pcl::visualization::PCLHistogramVisualizer::reCreateActor(const vtkSmartPointer<vtkDoubleArray>&, pcl::visualization::RenWinInteract*, int)’:
/build/pcl/src/pcl-pcl-1.15.1/visualization/src/histogram_visualizer.cpp:173:34: warning: ‘void vtkViewport::RemoveActor2D(vtkProp*)’ is deprecated: Use RemoveViewProp() instead. [-Wdeprecated-declarations]
  173 |   renwinupd->ren_->RemoveActor2D (renwinupd->xy_plot_);
      |   ~~~~~~~~~~~~~~~~~~~~~~~~~~~~~~~^~~~~~~~~~~~~~~~~~~~~
In file included from /usr/include/vtk/vtkRenderer.h:24,
                 from /usr/include/vtk/vtkRendererCollection.h:19,
                 from /build/pcl/src/pcl-pcl-1.15.1/visualization/include/pcl/visualization/interactor_style.h:51,
                 from /build/pcl/src/pcl-pcl-1.15.1/visualization/include/pcl/visualization/histogram_visualizer.h:42,
                 from /build/pcl/src/pcl-pcl-1.15.1/visualization/src/histogram_visualizer.cpp:44:
/usr/include/vtk/vtkViewport.h:90:8: note: declared here
   90 |   void RemoveActor2D(vtkProp* p);
      |        ^~~~~~~~~~~~~
[ 25%] Built target pcl_vtk2pcd
[ 25%] Building CXX object test/search/CMakeFiles/test_flann_search.dir/test_flann_search.cpp.o
[ 25%] Building CXX object visualization/CMakeFiles/pcl_visualization.dir/src/common/common.cpp.o
[ 25%] Building CXX object surface/CMakeFiles/pcl_surface.dir/src/mls.cpp.o
[ 26%] Linking CXX executable test_kdtree_search
/build/pcl/src/pcl-pcl-1.15.1/visualization/src/pcl_visualizer.cpp: In member function ‘bool pcl::visualization::PCLVisualizer::updatePolygonMesh(const pcl::PolygonMesh&, const std::string&)’:
/build/pcl/src/pcl-pcl-1.15.1/visualization/src/pcl_visualizer.cpp:3181:18: warning: ‘vtkIdTypeArray* vtkCellArray::GetData()’ is deprecated: Use ExportLegacyFormat, or GetOffsetsArray/GetConnectivityArray instead. [-Wdeprecated-declarations]
 3181 |   cells->GetData ()->SetNumberOfValues (idx);
      |   ~~~~~~~~~~~~~~~^~
In file included from /usr/include/vtk/vtkPolyData.h:57,
                 from /usr/include/vtk/vtkPolyDataAlgorithm.h:24,
                 from /usr/include/vtk/vtkPlatonicSolidSource.h:18,
                 from /build/pcl/src/pcl-pcl-1.15.1/visualization/src/pcl_visualizer.cpp:47:
/usr/include/vtk/vtkCellArray.h:1520:19: note: declared here
 1520 |   vtkIdTypeArray* GetData();
      |                   ^~~~~~~
/build/pcl/src/pcl-pcl-1.15.1/visualization/src/pcl_visualizer.cpp: In member function ‘bool pcl::visualization::PCLVisualizer::fromHandlersToScreen(const GeometryHandlerConstPtr&, const ColorHandlerConstPtr&, const std::string&, int, const Eigen::Vector4f&, const Eigen::Quaternion<float>&)’:
/build/pcl/src/pcl-pcl-1.15.1/visualization/src/pcl_visualizer.cpp:4076:116: warning: ‘vtkIdTypeArray* vtkCellArray::GetData()’ is deprecated: Use ExportLegacyFormat, or GetOffsetsArray/GetConnectivityArray instead. [-Wdeprecated-declarations]
 4076 |   cloud_actor.cells = reinterpret_cast<vtkPolyDataMapper*>(actor->GetMapper ())->GetInput ()->GetVerts ()->GetData ();
      |                       ~~~~~~~~~~~~~~~~~~~~~~~~~~~~~~~~~~~~~~~~~~~~~~~~~~~~~~~~~~~~~~~~~~~~~~~~~~~~~~~~~~~~~~~~~~~~~^~
/usr/include/vtk/vtkCellArray.h:1520:19: note: declared here
 1520 |   vtkIdTypeArray* GetData();
      |                   ^~~~~~~
[ 26%] Building CXX object sample_consensus/CMakeFiles/pcl_sample_consensus.dir/src/sac_model_line.cpp.o
[ 26%] Building CXX object test/search/CMakeFiles/test_organized_search.dir/test_organized.cpp.o
[ 26%] Building CXX object test/search/CMakeFiles/test_octree_search.dir/test_octree.cpp.o
[ 26%] Building CXX object sample_consensus/CMakeFiles/pcl_sample_consensus.dir/src/sac_model_parallel_line.cpp.o
[ 26%] Building CXX object visualization/CMakeFiles/pcl_visualization.dir/src/common/io.cpp.o
[ 26%] Building CXX object test/search/CMakeFiles/test_search.dir/test_search.cpp.o
[ 27%] Building CXX object surface/CMakeFiles/pcl_surface.dir/src/organized_fast_mesh.cpp.o
[ 27%] Building CXX object visualization/CMakeFiles/pcl_visualization.dir/src/common/shapes.cpp.o
[ 27%] Building CXX object test/search/CMakeFiles/test_organized_index.dir/test_organized_index.cpp.o
[ 27%] Linking CXX executable test_flann_search
[ 27%] Linking CXX executable test_organized_search
[ 27%] Linking CXX executable test_octree_search
[ 27%] Building CXX object sample_consensus/CMakeFiles/pcl_sample_consensus.dir/src/sac_model_stick.cpp.o
[ 27%] Building CXX object sample_consensus/CMakeFiles/pcl_sample_consensus.dir/src/sac_model_normal_parallel_plane.cpp.o
[ 27%] Built target test_io
[ 27%] Building CXX object visualization/CMakeFiles/pcl_visualization.dir/src/common/ren_win_interact_map.cpp.o
[ 28%] Building CXX object visualization/CMakeFiles/pcl_visualization.dir/src/cloud_viewer.cpp.o
[ 28%] Building CXX object visualization/CMakeFiles/pcl_visualization.dir/src/image_viewer.cpp.o
[ 28%] Building CXX object surface/CMakeFiles/pcl_surface.dir/src/simplification_remove_unused_vertices.cpp.o
[ 28%] Built target test_kdtree_search
[ 28%] Building CXX object sample_consensus/CMakeFiles/pcl_sample_consensus.dir/src/sac_model_normal_plane.cpp.o
[ 29%] Linking CXX executable test_organized_index
[ 29%] Building CXX object visualization/CMakeFiles/pcl_visualization.dir/src/window.cpp.o
[ 30%] Building CXX object sample_consensus/CMakeFiles/pcl_sample_consensus.dir/src/sac_model_normal_sphere.cpp.o
[ 30%] Linking CXX executable test_search
[ 30%] Building CXX object visualization/CMakeFiles/pcl_visualization.dir/src/range_image_visualizer.cpp.o
[ 30%] Building CXX object surface/CMakeFiles/pcl_surface.dir/src/surfel_smoothing.cpp.o
/build/pcl/src/pcl-pcl-1.15.1/visualization/src/image_viewer.cpp: In constructor ‘pcl::visualization::ImageViewer::ImageViewer(const std::string&)’:
/build/pcl/src/pcl-pcl-1.15.1/visualization/src/image_viewer.cpp:69:32: warning: ‘void vtkImageFlip::PreserveImageExtentOn()’ is deprecated: This is no a no-op, Image extent is always preserved. [-Wdeprecated-declarations]
   69 |   algo_->PreserveImageExtentOn ();
      |   ~~~~~~~~~~~~~~~~~~~~~~~~~~~~~^~
In file included from /build/pcl/src/pcl-pcl-1.15.1/visualization/include/pcl/visualization/impl/image_viewer.hpp:46,
                 from /build/pcl/src/pcl-pcl-1.15.1/visualization/include/pcl/visualization/image_viewer.h:1052,
                 from /build/pcl/src/pcl-pcl-1.15.1/visualization/src/image_viewer.cpp:48:
/usr/include/vtk/vtkImageFlip.h:76:8: note: declared here
   76 |   void PreserveImageExtentOn() {}
      |        ^~~~~~~~~~~~~~~~~~~~~
[ 30%] Built target test_octree_search
[ 30%] Building CXX object sample_consensus/CMakeFiles/pcl_sample_consensus.dir/src/sac_model_plane.cpp.o
[ 30%] Building CXX object visualization/CMakeFiles/pcl_visualization.dir/src/common/float_image_utils.cpp.o
[ 30%] Building CXX object visualization/CMakeFiles/pcl_visualization.dir/src/vtk/pcl_image_canvas_source_2d.cpp.o
[ 30%] Building CXX object surface/CMakeFiles/pcl_surface.dir/src/texture_mapping.cpp.o
[ 30%] Building CXX object surface/CMakeFiles/pcl_surface.dir/src/vtk_smoothing/vtk_utils.cpp.o
[ 30%] Building CXX object visualization/CMakeFiles/pcl_visualization.dir/src/vtk/pcl_context_item.cpp.o
[ 30%] Building CXX object surface/CMakeFiles/pcl_surface.dir/src/vtk_smoothing/vtk_mesh_subdivision.cpp.o
[ 30%] Building CXX object surface/CMakeFiles/pcl_surface.dir/src/vtk_smoothing/vtk_mesh_quadric_decimation.cpp.o
[ 30%] Building CXX object surface/CMakeFiles/pcl_surface.dir/src/vtk_smoothing/vtk_mesh_smoothing_laplacian.cpp.o
[ 30%] Building CXX object sample_consensus/CMakeFiles/pcl_sample_consensus.dir/src/sac_model_registration.cpp.o
[ 30%] Building CXX object visualization/CMakeFiles/pcl_visualization.dir/src/vtk/vtkRenderWindowInteractorFix.cpp.o
[ 30%] Built target test_organized_search
[ 30%] Building CXX object sample_consensus/CMakeFiles/pcl_sample_consensus.dir/src/sac_model_sphere.cpp.o
[ 30%] Built target test_flann_search
[ 30%] Building CXX object surface/CMakeFiles/pcl_surface.dir/src/vtk_smoothing/vtk_mesh_smoothing_windowed_sinc.cpp.o
[ 30%] Building CXX object visualization/CMakeFiles/pcl_visualization.dir/src/pcl_painter2D.cpp.o
[ 30%] Building CXX object surface/CMakeFiles/pcl_surface.dir/src/poisson.cpp.o
[ 30%] Building CXX object surface/CMakeFiles/pcl_surface.dir/src/concave_hull.cpp.o
[ 30%] Building CXX object sample_consensus/CMakeFiles/pcl_sample_consensus.dir/src/sac_model_torus.cpp.o
[ 30%] Building CXX object visualization/CMakeFiles/pcl_visualization.dir/src/pcl_plotter.cpp.o
[ 31%] Building CXX object surface/CMakeFiles/pcl_surface.dir/src/convex_hull.cpp.o
[ 31%] Building CXX object surface/CMakeFiles/pcl_surface.dir/src/3rdparty/poisson4/bspline_data.cpp.o
[ 31%] Building CXX object surface/CMakeFiles/pcl_surface.dir/src/3rdparty/poisson4/factor.cpp.o
[ 31%] Built target test_organized_index
[ 31%] Building CXX object visualization/CMakeFiles/pcl_visualization.dir/src/vtk/vtkFixedXRenderWindowInteractor.cxx.o
[ 31%] Building CXX object surface/CMakeFiles/pcl_surface.dir/src/3rdparty/poisson4/geometry.cpp.o
[ 31%] Building CXX object surface/CMakeFiles/pcl_surface.dir/src/3rdparty/poisson4/marching_cubes_poisson.cpp.o
[ 31%] Building CXX object surface/CMakeFiles/pcl_surface.dir/src/3rdparty/opennurbs/opennurbs_3dm_attributes.cpp.o
[ 31%] Building CXX object surface/CMakeFiles/pcl_surface.dir/src/3rdparty/opennurbs/opennurbs_3dm_properties.cpp.o
[ 31%] Building CXX object surface/CMakeFiles/pcl_surface.dir/src/3rdparty/opennurbs/opennurbs_3dm_settings.cpp.o
[ 31%] Building CXX object surface/CMakeFiles/pcl_surface.dir/src/3rdparty/opennurbs/opennurbs_annotation2.cpp.o
[ 31%] Building CXX object surface/CMakeFiles/pcl_surface.dir/src/3rdparty/opennurbs/opennurbs_annotation.cpp.o
[ 31%] Building CXX object surface/CMakeFiles/pcl_surface.dir/src/3rdparty/opennurbs/opennurbs_arc.cpp.o
[ 32%] Building CXX object surface/CMakeFiles/pcl_surface.dir/src/3rdparty/opennurbs/opennurbs_arccurve.cpp.o
[ 32%] Building CXX object surface/CMakeFiles/pcl_surface.dir/src/3rdparty/opennurbs/opennurbs_archive.cpp.o
[ 32%] Building CXX object surface/CMakeFiles/pcl_surface.dir/src/3rdparty/opennurbs/opennurbs_array.cpp.o
[ 32%] Building CXX object surface/CMakeFiles/pcl_surface.dir/src/3rdparty/opennurbs/opennurbs_base32.cpp.o
[ 32%] Building CXX object surface/CMakeFiles/pcl_surface.dir/src/3rdparty/opennurbs/opennurbs_base64.cpp.o
In file included from /build/pcl/src/pcl-pcl-1.15.1/sample_consensus/src/sac_model_torus.cpp:38:
/build/pcl/src/pcl-pcl-1.15.1/sample_consensus/include/pcl/sample_consensus/impl/sac_model_torus.hpp: In instantiation of ‘bool pcl::SampleConsensusModelTorus<PointT, PointNT>::computeModelCoefficients(const pcl::Indices&, Eigen::VectorXf&) const [with PointT = pcl::PointXYZ; PointNT = pcl::Normal; pcl::Indices = std::vector<int, std::allocator<int> >; Eigen::VectorXf = Eigen::Matrix<float, -1, 1>]’:
/build/pcl/src/pcl-pcl-1.15.1/sample_consensus/src/sac_model_torus.cpp:43:1:   required from here
  581 |   template class PCL_EXPORTS pcl::SampleConsensusModelTorus<PointT, PointNT>;
      |                                   ^~~~~~~~~~~~~~~~~~~~~~~~~~~~~~~~~~~~~~~~~~
/build/pcl/src/pcl-pcl-1.15.1/sample_consensus/include/pcl/sample_consensus/impl/sac_model_torus.hpp:216:22: warning: ‘Eigen::JacobiSVD<typename Eigen::DenseBase<Derived>::PlainObject, Options> Eigen::MatrixBase<Derived>::jacobiSvd(unsigned int) const [with int Options = 0; Derived = Eigen::Matrix<float, -1, -1>; typename Eigen::DenseBase<Derived>::PlainObject = Eigen::Matrix<float, -1, -1>]’ is deprecated: Options should be specified using method's template parameter. [-Wdeprecated-declarations]
  216 |     sol = A.jacobiSvd(Eigen::ComputeThinU | Eigen::ComputeThinV).solve(B);
      |           ~~~~~~~~~~~^~~~~~~~~~~~~~~~~~~~~~~~~~~~~~~~~~~~~~~~~~~
In file included from /usr/include/eigen3/Eigen/SVD:39,
                 from /usr/include/eigen3/Eigen/Geometry:13,
                 from /build/pcl/src/pcl-pcl-1.15.1/common/include/pcl/point_cloud.h:46,
                 from /build/pcl/src/pcl-pcl-1.15.1/sample_consensus/include/pcl/sample_consensus/sac_model.h:54,
                 from /build/pcl/src/pcl-pcl-1.15.1/sample_consensus/include/pcl/sample_consensus/sac_model_torus.h:45,
                 from /build/pcl/src/pcl-pcl-1.15.1/sample_consensus/include/pcl/sample_consensus/impl/sac_model_torus.hpp:45:
/usr/include/eigen3/Eigen/src/SVD/JacobiSVD.h:839:63: note: declared here
  839 | JacobiSVD<typename MatrixBase<Derived>::PlainObject, Options> MatrixBase<Derived>::jacobiSvd(
      |                                                               ^~~~~~~~~~~~~~~~~~~
[ 32%] Building CXX object surface/CMakeFiles/pcl_surface.dir/src/3rdparty/opennurbs/opennurbs_beam.cpp.o
[ 32%] Building CXX object surface/CMakeFiles/pcl_surface.dir/src/3rdparty/opennurbs/opennurbs_bezier.cpp.o
[ 32%] Building CXX object surface/CMakeFiles/pcl_surface.dir/src/3rdparty/opennurbs/opennurbs_beziervolume.cpp.o
[ 32%] Building CXX object surface/CMakeFiles/pcl_surface.dir/src/3rdparty/opennurbs/opennurbs_bitmap.cpp.o
[ 32%] Linking CXX shared library ../lib/libpcl_visualization.so
[ 32%] Built target test_search
[ 32%] Building CXX object surface/CMakeFiles/pcl_surface.dir/src/3rdparty/opennurbs/opennurbs_bounding_box.cpp.o
[ 32%] Building CXX object surface/CMakeFiles/pcl_surface.dir/src/3rdparty/opennurbs/opennurbs_box.cpp.o
[ 32%] Building CXX object surface/CMakeFiles/pcl_surface.dir/src/3rdparty/opennurbs/opennurbs_brep.cpp.o
[ 33%] Building CXX object surface/CMakeFiles/pcl_surface.dir/src/3rdparty/opennurbs/opennurbs_brep_extrude.cpp.o
[ 33%] Building CXX object surface/CMakeFiles/pcl_surface.dir/src/3rdparty/opennurbs/opennurbs_brep_io.cpp.o
[ 33%] Building CXX object surface/CMakeFiles/pcl_surface.dir/src/3rdparty/opennurbs/opennurbs_brep_isvalid.cpp.o
[ 33%] Building CXX object surface/CMakeFiles/pcl_surface.dir/src/3rdparty/opennurbs/opennurbs_brep_region.cpp.o
[ 33%] Building CXX object surface/CMakeFiles/pcl_surface.dir/src/3rdparty/opennurbs/opennurbs_brep_tools.cpp.o
[ 33%] Building CXX object surface/CMakeFiles/pcl_surface.dir/src/3rdparty/opennurbs/opennurbs_brep_v2valid.cpp.o
[ 33%] Building CXX object surface/CMakeFiles/pcl_surface.dir/src/3rdparty/opennurbs/opennurbs_circle.cpp.o
[ 33%] Building CXX object surface/CMakeFiles/pcl_surface.dir/src/3rdparty/opennurbs/opennurbs_color.cpp.o
[ 33%] Building CXX object surface/CMakeFiles/pcl_surface.dir/src/3rdparty/opennurbs/opennurbs_compress.cpp.o
[ 33%] Building CXX object surface/CMakeFiles/pcl_surface.dir/src/3rdparty/opennurbs/opennurbs_cone.cpp.o
[ 33%] Building CXX object surface/CMakeFiles/pcl_surface.dir/src/3rdparty/opennurbs/opennurbs_crc.cpp.o
[ 34%] Building CXX object surface/CMakeFiles/pcl_surface.dir/src/3rdparty/opennurbs/opennurbs_curve.cpp.o
[ 34%] Building CXX object surface/CMakeFiles/pcl_surface.dir/src/3rdparty/opennurbs/opennurbs_curveonsurface.cpp.o
[ 34%] Building CXX object surface/CMakeFiles/pcl_surface.dir/src/3rdparty/opennurbs/opennurbs_curveproxy.cpp.o
[ 34%] Building CXX object surface/CMakeFiles/pcl_surface.dir/src/3rdparty/opennurbs/opennurbs_cylinder.cpp.o
[ 34%] Building CXX object surface/CMakeFiles/pcl_surface.dir/src/3rdparty/opennurbs/opennurbs_defines.cpp.o
[ 34%] Building CXX object surface/CMakeFiles/pcl_surface.dir/src/3rdparty/opennurbs/opennurbs_detail.cpp.o
[ 34%] Building CXX object surface/CMakeFiles/pcl_surface.dir/src/3rdparty/opennurbs/opennurbs_dimstyle.cpp.o
[ 34%] Building CXX object surface/CMakeFiles/pcl_surface.dir/src/3rdparty/opennurbs/opennurbs_dll.cpp.o
[ 34%] Building CXX object surface/CMakeFiles/pcl_surface.dir/src/3rdparty/opennurbs/opennurbs_ellipse.cpp.o
[ 34%] Building CXX object surface/CMakeFiles/pcl_surface.dir/src/3rdparty/opennurbs/opennurbs_embedded_file.cpp.o
[ 34%] Building CXX object surface/CMakeFiles/pcl_surface.dir/src/3rdparty/opennurbs/opennurbs_error.cpp.o
[ 34%] Building CXX object surface/CMakeFiles/pcl_surface.dir/src/3rdparty/opennurbs/opennurbs_evaluate_nurbs.cpp.o
[ 35%] Building CXX object surface/CMakeFiles/pcl_surface.dir/src/3rdparty/opennurbs/opennurbs_error_message.cpp.o
[ 35%] Building CXX object surface/CMakeFiles/pcl_surface.dir/src/3rdparty/opennurbs/opennurbs_extensions.cpp.o
[ 35%] Building CXX object surface/CMakeFiles/pcl_surface.dir/src/3rdparty/opennurbs/opennurbs_font.cpp.o
[ 35%] Building CXX object surface/CMakeFiles/pcl_surface.dir/src/3rdparty/opennurbs/opennurbs_geometry.cpp.o
[ 35%] Building CXX object surface/CMakeFiles/pcl_surface.dir/src/3rdparty/opennurbs/opennurbs_fsp.cpp.o
[ 35%] Building CXX object surface/CMakeFiles/pcl_surface.dir/src/3rdparty/opennurbs/opennurbs_group.cpp.o
[ 35%] Building CXX object surface/CMakeFiles/pcl_surface.dir/src/3rdparty/opennurbs/opennurbs_hatch.cpp.o
[ 35%] Building CXX object surface/CMakeFiles/pcl_surface.dir/src/3rdparty/opennurbs/opennurbs_instance.cpp.o
[ 35%] Building CXX object surface/CMakeFiles/pcl_surface.dir/src/3rdparty/opennurbs/opennurbs_intersect.cpp.o
[ 35%] Building CXX object surface/CMakeFiles/pcl_surface.dir/src/3rdparty/opennurbs/opennurbs_knot.cpp.o
[ 35%] Building CXX object surface/CMakeFiles/pcl_surface.dir/src/3rdparty/opennurbs/opennurbs_layer.cpp.o
[ 36%] Building CXX object surface/CMakeFiles/pcl_surface.dir/src/3rdparty/opennurbs/opennurbs_light.cpp.o
[ 36%] Building CXX object surface/CMakeFiles/pcl_surface.dir/src/3rdparty/opennurbs/opennurbs_line.cpp.o
[ 36%] Building CXX object surface/CMakeFiles/pcl_surface.dir/src/3rdparty/opennurbs/opennurbs_linecurve.cpp.o
[ 36%] Building CXX object surface/CMakeFiles/pcl_surface.dir/src/3rdparty/opennurbs/opennurbs_linetype.cpp.o
[ 36%] Building CXX object surface/CMakeFiles/pcl_surface.dir/src/3rdparty/opennurbs/opennurbs_lookup.cpp.o
[ 36%] Building CXX object surface/CMakeFiles/pcl_surface.dir/src/3rdparty/opennurbs/opennurbs_material.cpp.o
[ 36%] Building CXX object surface/CMakeFiles/pcl_surface.dir/src/3rdparty/opennurbs/opennurbs_math.cpp.o
[ 36%] Building CXX object surface/CMakeFiles/pcl_surface.dir/src/3rdparty/opennurbs/opennurbs_matrix.cpp.o
[ 36%] Building C object surface/CMakeFiles/pcl_surface.dir/src/3rdparty/opennurbs/opennurbs_memory.c.o
[ 36%] Building C object surface/CMakeFiles/pcl_surface.dir/src/3rdparty/opennurbs/opennurbs_memory_util.c.o
[ 36%] Building CXX object surface/CMakeFiles/pcl_surface.dir/src/3rdparty/opennurbs/opennurbs_mesh.cpp.o
[ 37%] Building CXX object surface/CMakeFiles/pcl_surface.dir/src/3rdparty/opennurbs/opennurbs_mesh_tools.cpp.o
[ 37%] Building CXX object surface/CMakeFiles/pcl_surface.dir/src/3rdparty/opennurbs/opennurbs_mesh_ngon.cpp.o
[ 37%] Building CXX object surface/CMakeFiles/pcl_surface.dir/src/3rdparty/opennurbs/opennurbs_morph.cpp.o
[ 37%] Building CXX object surface/CMakeFiles/pcl_surface.dir/src/3rdparty/opennurbs/opennurbs_nurbscurve.cpp.o
[ 37%] Building CXX object surface/CMakeFiles/pcl_surface.dir/src/3rdparty/opennurbs/opennurbs_nurbssurface.cpp.o
[ 37%] Building CXX object surface/CMakeFiles/pcl_surface.dir/src/3rdparty/opennurbs/opennurbs_nurbsvolume.cpp.o
[ 37%] Building CXX object surface/CMakeFiles/pcl_surface.dir/src/3rdparty/opennurbs/opennurbs_object.cpp.o
[ 37%] Building CXX object surface/CMakeFiles/pcl_surface.dir/src/3rdparty/opennurbs/opennurbs_object_history.cpp.o
[ 37%] Building CXX object surface/CMakeFiles/pcl_surface.dir/src/3rdparty/opennurbs/opennurbs_objref.cpp.o
[ 37%] Building CXX object surface/CMakeFiles/pcl_surface.dir/src/3rdparty/opennurbs/opennurbs_offsetsurface.cpp.o
[ 37%] Building CXX object surface/CMakeFiles/pcl_surface.dir/src/3rdparty/opennurbs/opennurbs_optimize.cpp.o
[ 38%] Building CXX object surface/CMakeFiles/pcl_surface.dir/src/3rdparty/opennurbs/opennurbs_plane.cpp.o
[ 38%] Building CXX object surface/CMakeFiles/pcl_surface.dir/src/3rdparty/opennurbs/opennurbs_planesurface.cpp.o
[ 38%] Building CXX object surface/CMakeFiles/pcl_surface.dir/src/3rdparty/opennurbs/opennurbs_pluginlist.cpp.o
[ 38%] Building CXX object surface/CMakeFiles/pcl_surface.dir/src/3rdparty/opennurbs/opennurbs_pointcloud.cpp.o
[ 38%] Building CXX object surface/CMakeFiles/pcl_surface.dir/src/3rdparty/opennurbs/opennurbs_pointgeometry.cpp.o
[ 38%] Building CXX object surface/CMakeFiles/pcl_surface.dir/src/3rdparty/opennurbs/opennurbs_point.cpp.o
[ 38%] Building CXX object surface/CMakeFiles/pcl_surface.dir/src/3rdparty/opennurbs/opennurbs_polycurve.cpp.o
[ 38%] Building CXX object surface/CMakeFiles/pcl_surface.dir/src/3rdparty/opennurbs/opennurbs_pointgrid.cpp.o
[ 38%] Building CXX object surface/CMakeFiles/pcl_surface.dir/src/3rdparty/opennurbs/opennurbs_polyedgecurve.cpp.o
[ 38%] Building CXX object surface/CMakeFiles/pcl_surface.dir/src/3rdparty/opennurbs/opennurbs_polyline.cpp.o
[ 39%] Building CXX object surface/CMakeFiles/pcl_surface.dir/src/3rdparty/opennurbs/opennurbs_precompiledheader.cpp.o
[ 39%] Building CXX object surface/CMakeFiles/pcl_surface.dir/src/3rdparty/opennurbs/opennurbs_polylinecurve.cpp.o
[ 39%] Building CXX object surface/CMakeFiles/pcl_surface.dir/src/3rdparty/opennurbs/opennurbs_revsurface.cpp.o
[ 39%] Building CXX object surface/CMakeFiles/pcl_surface.dir/src/3rdparty/opennurbs/opennurbs_rand.cpp.o
[ 39%] Building CXX object surface/CMakeFiles/pcl_surface.dir/src/3rdparty/opennurbs/opennurbs_rtree.cpp.o
[ 39%] Building CXX object surface/CMakeFiles/pcl_surface.dir/src/3rdparty/opennurbs/opennurbs_sphere.cpp.o
[ 39%] Building CXX object surface/CMakeFiles/pcl_surface.dir/src/3rdparty/opennurbs/opennurbs_sort.cpp.o
[ 39%] Building CXX object surface/CMakeFiles/pcl_surface.dir/src/3rdparty/opennurbs/opennurbs_string.cpp.o
[ 39%] Building CXX object surface/CMakeFiles/pcl_surface.dir/src/3rdparty/opennurbs/opennurbs_sum.cpp.o
[ 39%] Building CXX object surface/CMakeFiles/pcl_surface.dir/src/3rdparty/opennurbs/opennurbs_sumsurface.cpp.o
[ 39%] Building CXX object surface/CMakeFiles/pcl_surface.dir/src/3rdparty/opennurbs/opennurbs_surface.cpp.o
[ 39%] Building CXX object surface/CMakeFiles/pcl_surface.dir/src/3rdparty/opennurbs/opennurbs_surfaceproxy.cpp.o
[ 39%] Building CXX object surface/CMakeFiles/pcl_surface.dir/src/3rdparty/opennurbs/opennurbs_textlog.cpp.o
[ 40%] Building CXX object surface/CMakeFiles/pcl_surface.dir/src/3rdparty/opennurbs/opennurbs_torus.cpp.o
[ 40%] Building CXX object surface/CMakeFiles/pcl_surface.dir/src/3rdparty/opennurbs/opennurbs_unicode.cpp.o
[ 40%] Building CXX object surface/CMakeFiles/pcl_surface.dir/src/3rdparty/opennurbs/opennurbs_userdata.cpp.o
[ 40%] Building CXX object surface/CMakeFiles/pcl_surface.dir/src/3rdparty/opennurbs/opennurbs_uuid.cpp.o
[ 40%] Building CXX object surface/CMakeFiles/pcl_surface.dir/src/3rdparty/opennurbs/opennurbs_viewport.cpp.o
[ 40%] Built target pcl_visualization
[ 40%] Built target pcl_test_search_speed_autogen_timestamp_deps
[ 40%] Built target pcl_dinast_grabber_autogen_timestamp_deps
[ 40%] Building CXX object tools/CMakeFiles/pcl_viewer.dir/pcd_viewer.cpp.o
[ 40%] Building CXX object surface/CMakeFiles/pcl_surface.dir/src/3rdparty/opennurbs/opennurbs_workspace.cpp.o
[ 40%] Building CXX object tools/CMakeFiles/pcl_pcd_image_viewer.dir/image_viewer.cpp.o
[ 40%] Building CXX object tools/CMakeFiles/pcl_timed_trigger_test.dir/timed_trigger_test.cpp.o
[ 40%] Building CXX object surface/CMakeFiles/pcl_surface.dir/src/3rdparty/opennurbs/opennurbs_wstring.cpp.o
[ 40%] Building CXX object tools/CMakeFiles/pcl_hdl_viewer_simple.dir/hdl_viewer_simple.cpp.o
[ 40%] Building CXX object surface/CMakeFiles/pcl_surface.dir/src/3rdparty/opennurbs/opennurbs_xform.cpp.o
[ 40%] Building CXX object surface/CMakeFiles/pcl_surface.dir/src/3rdparty/opennurbs/opennurbs_zlib.cpp.o
[ 41%] Building CXX object tools/CMakeFiles/pcl_vlp_viewer.dir/vlp_viewer.cpp.o
[ 41%] Building CXX object surface/CMakeFiles/pcl_surface.dir/src/3rdparty/opennurbs/opennurbs_zlib_memory.cpp.o
[ 41%] Automatic MOC and UIC for target pcl_test_search_speed
[ 41%] Building CXX object surface/CMakeFiles/pcl_surface.dir/src/on_nurbs/closing_boundary.cpp.o
[ 42%] Building CXX object surface/CMakeFiles/pcl_surface.dir/src/on_nurbs/fitting_curve_2d_apdm.cpp.o
[ 42%] Built target pcl_test_search_speed_autogen
[ 42%] Building CXX object surface/CMakeFiles/pcl_surface.dir/src/on_nurbs/fitting_curve_2d_asdm.cpp.o
[ 42%] Building CXX object surface/CMakeFiles/pcl_surface.dir/src/on_nurbs/fitting_curve_2d_atdm.cpp.o
[ 42%] Automatic MOC and UIC for target pcl_dinast_grabber
[ 42%] Building CXX object surface/CMakeFiles/pcl_surface.dir/src/on_nurbs/fitting_curve_2d_pdm.cpp.o
[ 42%] Built target pcl_dinast_grabber_autogen
[ 42%] Building CXX object surface/CMakeFiles/pcl_surface.dir/src/on_nurbs/fitting_curve_2d_sdm.cpp.o
[ 42%] Building CXX object apps/CMakeFiles/pcl_test_search_speed.dir/pcl_test_search_speed_autogen/mocs_compilation.cpp.o
[ 43%] Building CXX object apps/CMakeFiles/pcl_dinast_grabber.dir/pcl_dinast_grabber_autogen/mocs_compilation.cpp.o
[ 43%] Building CXX object apps/CMakeFiles/pcl_test_search_speed.dir/src/test_search.cpp.o
[ 43%] Building CXX object apps/CMakeFiles/pcl_dinast_grabber.dir/src/dinast_grabber_example.cpp.o
[ 43%] Building CXX object surface/CMakeFiles/pcl_surface.dir/src/on_nurbs/fitting_curve_2d_tdm.cpp.o
[ 43%] Building CXX object surface/CMakeFiles/pcl_surface.dir/src/on_nurbs/fitting_curve_2d.cpp.o
[ 44%] Linking CXX executable ../bin/pcl_timed_trigger_test
[ 44%] Building CXX object surface/CMakeFiles/pcl_surface.dir/src/on_nurbs/fitting_curve_pdm.cpp.o
[ 44%] Building CXX object surface/CMakeFiles/pcl_surface.dir/src/on_nurbs/fitting_cylinder_pdm.cpp.o
[ 44%] Building CXX object surface/CMakeFiles/pcl_surface.dir/src/on_nurbs/fitting_sphere_pdm.cpp.o
[ 44%] Building CXX object surface/CMakeFiles/pcl_surface.dir/src/on_nurbs/fitting_surface_im.cpp.o
[ 45%] Building CXX object surface/CMakeFiles/pcl_surface.dir/src/on_nurbs/fitting_surface_pdm.cpp.o
[ 45%] Building CXX object surface/CMakeFiles/pcl_surface.dir/src/on_nurbs/fitting_surface_tdm.cpp.o
[ 45%] Building CXX object surface/CMakeFiles/pcl_surface.dir/src/on_nurbs/global_optimization_pdm.cpp.o
[ 45%] Building CXX object surface/CMakeFiles/pcl_surface.dir/src/on_nurbs/global_optimization_tdm.cpp.o
[ 45%] Building CXX object surface/CMakeFiles/pcl_surface.dir/src/on_nurbs/nurbs_tools.cpp.o
[ 45%] Building CXX object surface/CMakeFiles/pcl_surface.dir/src/on_nurbs/sequential_fitter.cpp.o
[ 45%] Linking CXX executable ../bin/pcl_test_search_speed
[ 45%] Building CXX object surface/CMakeFiles/pcl_surface.dir/src/on_nurbs/sparse_mat.cpp.o
[ 45%] Building CXX object surface/CMakeFiles/pcl_surface.dir/src/on_nurbs/triangulation.cpp.o
[ 45%] Building CXX object surface/CMakeFiles/pcl_surface.dir/src/on_nurbs/nurbs_solve_umfpack.cpp.o
[ 45%] Built target pcl_timed_trigger_test
[ 45%] Linking CXX executable ../bin/pcl_pcd_image_viewer
[ 45%] Built target pcl_test_search_speed
[ 45%] Linking CXX executable ../bin/pcl_dinast_grabber
/usr/bin/ld: ../lib/libpcl_visualization.so.1.15.1: undefined reference to `XKeysymToString'
/usr/bin/ld: ../lib/libpcl_visualization.so.1.15.1: undefined reference to `XOpenDisplay'
/usr/bin/ld: ../lib/libpcl_visualization.so.1.15.1: undefined reference to `XFlush'
/usr/bin/ld: ../lib/libpcl_visualization.so.1.15.1: undefined reference to `XSync'
/usr/bin/ld: ../lib/libpcl_visualization.so.1.15.1: undefined reference to `XQueryPointer'
/usr/bin/ld: ../lib/libpcl_visualization.so.1.15.1: undefined reference to `XFree'
/usr/bin/ld: ../lib/libpcl_visualization.so.1.15.1: undefined reference to `XNextEvent'
/usr/bin/ld: ../lib/libpcl_visualization.so.1.15.1: undefined reference to `XSetWMProtocols'
/usr/bin/ld: ../lib/libpcl_visualization.so.1.15.1: undefined reference to `XCheckTypedWindowEvent'
/usr/bin/ld: ../lib/libpcl_visualization.so.1.15.1: undefined reference to `XTranslateCoordinates'
/usr/bin/ld: ../lib/libpcl_visualization.so.1.15.1: undefined reference to `XLookupKeysym'
/usr/bin/ld: ../lib/libpcl_visualization.so.1.15.1: undefined reference to `XSetInputFocus'
/usr/bin/ld: ../lib/libpcl_visualization.so.1.15.1: undefined reference to `XGetWindowAttributes'
/usr/bin/ld: ../lib/libpcl_visualization.so.1.15.1: undefined reference to `XChangeProperty'
/usr/bin/ld: ../lib/libpcl_visualization.so.1.15.1: undefined reference to `XInternAtom'
/usr/bin/ld: ../lib/libpcl_visualization.so.1.15.1: undefined reference to `XGetWindowProperty'
/usr/bin/ld: ../lib/libpcl_visualization.so.1.15.1: undefined reference to `XSendEvent'
/usr/bin/ld: ../lib/libpcl_visualization.so.1.15.1: undefined reference to `XSelectInput'
/usr/bin/ld: ../lib/libpcl_visualization.so.1.15.1: undefined reference to `XConvertSelection'
/usr/bin/ld: ../lib/libpcl_visualization.so.1.15.1: undefined reference to `XPending'
/usr/bin/ld: ../lib/libpcl_visualization.so.1.15.1: undefined reference to `XCloseDisplay'
collect2: error: ld returned 1 exit status
make[2]: *** [tools/CMakeFiles/pcl_pcd_image_viewer.dir/build.make:179: bin/pcl_pcd_image_viewer] Error 1
make[1]: *** [CMakeFiles/Makefile2:15594: tools/CMakeFiles/pcl_pcd_image_viewer.dir/all] Error 2
make[1]: *** Waiting for unfinished jobs....
[ 45%] Linking CXX executable ../bin/pcl_vlp_viewer
/usr/bin/ld: ../lib/libpcl_visualization.so.1.15.1: undefined reference to `XKeysymToString'
/usr/bin/ld: ../lib/libpcl_visualization.so.1.15.1: undefined reference to `XOpenDisplay'
/usr/bin/ld: ../lib/libpcl_visualization.so.1.15.1: undefined reference to `XFlush'
/usr/bin/ld: ../lib/libpcl_visualization.so.1.15.1: undefined reference to `XSync'
/usr/bin/ld: ../lib/libpcl_visualization.so.1.15.1: undefined reference to `XQueryPointer'
/usr/bin/ld: ../lib/libpcl_visualization.so.1.15.1: undefined reference to `XFree'
/usr/bin/ld: ../lib/libpcl_visualization.so.1.15.1: undefined reference to `XNextEvent'
/usr/bin/ld: ../lib/libpcl_visualization.so.1.15.1: undefined reference to `XSetWMProtocols'
/usr/bin/ld: ../lib/libpcl_visualization.so.1.15.1: undefined reference to `XCheckTypedWindowEvent'
/usr/bin/ld: ../lib/libpcl_visualization.so.1.15.1: undefined reference to `XTranslateCoordinates'
/usr/bin/ld: ../lib/libpcl_visualization.so.1.15.1: undefined reference to `XLookupKeysym'
/usr/bin/ld: ../lib/libpcl_visualization.so.1.15.1: undefined reference to `XSetInputFocus'
/usr/bin/ld: ../lib/libpcl_visualization.so.1.15.1: undefined reference to `XGetWindowAttributes'
/usr/bin/ld: ../lib/libpcl_visualization.so.1.15.1: undefined reference to `XChangeProperty'
/usr/bin/ld: ../lib/libpcl_visualization.so.1.15.1: undefined reference to `XInternAtom'
/usr/bin/ld: ../lib/libpcl_visualization.so.1.15.1: undefined reference to `XGetWindowProperty'
/usr/bin/ld: ../lib/libpcl_visualization.so.1.15.1: undefined reference to `XSendEvent'
/usr/bin/ld: ../lib/libpcl_visualization.so.1.15.1: undefined reference to `XSelectInput'
/usr/bin/ld: ../lib/libpcl_visualization.so.1.15.1: undefined reference to `XConvertSelection'
/usr/bin/ld: ../lib/libpcl_visualization.so.1.15.1: undefined reference to `XPending'
/usr/bin/ld: ../lib/libpcl_visualization.so.1.15.1: undefined reference to `XCloseDisplay'
[ 45%] Linking CXX executable ../bin/pcl_hdl_viewer_simple
collect2: error: ld returned 1 exit status
make[2]: *** [apps/CMakeFiles/pcl_dinast_grabber.dir/build.make:202: bin/pcl_dinast_grabber] Error 1
make[1]: *** [CMakeFiles/Makefile2:3154: apps/CMakeFiles/pcl_dinast_grabber.dir/all] Error 2
[ 45%] Linking CXX executable ../bin/pcl_viewer
/usr/bin/ld: ../lib/libpcl_visualization.so.1.15.1: undefined reference to `XKeysymToString'
/usr/bin/ld: ../lib/libpcl_visualization.so.1.15.1: undefined reference to `XOpenDisplay'
/usr/bin/ld: ../lib/libpcl_visualization.so.1.15.1: undefined reference to `XFlush'
/usr/bin/ld: ../lib/libpcl_visualization.so.1.15.1: undefined reference to `XSync'
/usr/bin/ld: ../lib/libpcl_visualization.so.1.15.1: undefined reference to `XQueryPointer'
/usr/bin/ld: ../lib/libpcl_visualization.so.1.15.1: undefined reference to `XFree'
/usr/bin/ld: ../lib/libpcl_visualization.so.1.15.1: undefined reference to `XNextEvent'
/usr/bin/ld: ../lib/libpcl_visualization.so.1.15.1: undefined reference to `XSetWMProtocols'
/usr/bin/ld: ../lib/libpcl_visualization.so.1.15.1: undefined reference to `XCheckTypedWindowEvent'
/usr/bin/ld: ../lib/libpcl_visualization.so.1.15.1: undefined reference to `XTranslateCoordinates'
/usr/bin/ld: ../lib/libpcl_visualization.so.1.15.1: undefined reference to `XLookupKeysym'
/usr/bin/ld: ../lib/libpcl_visualization.so.1.15.1: undefined reference to `XSetInputFocus'
/usr/bin/ld: ../lib/libpcl_visualization.so.1.15.1: undefined reference to `XGetWindowAttributes'
/usr/bin/ld: ../lib/libpcl_visualization.so.1.15.1: undefined reference to `XChangeProperty'
/usr/bin/ld: ../lib/libpcl_visualization.so.1.15.1: undefined reference to `XInternAtom'
/usr/bin/ld: ../lib/libpcl_visualization.so.1.15.1: undefined reference to `XGetWindowProperty'
/usr/bin/ld: ../lib/libpcl_visualization.so.1.15.1: undefined reference to `XSendEvent'
/usr/bin/ld: ../lib/libpcl_visualization.so.1.15.1: undefined reference to `XSelectInput'
/usr/bin/ld: ../lib/libpcl_visualization.so.1.15.1: undefined reference to `XConvertSelection'
/usr/bin/ld: ../lib/libpcl_visualization.so.1.15.1: undefined reference to `XPending'
/usr/bin/ld: ../lib/libpcl_visualization.so.1.15.1: undefined reference to `XCloseDisplay'
collect2: error: ld returned 1 exit status
make[2]: *** [tools/CMakeFiles/pcl_vlp_viewer.dir/build.make:179: bin/pcl_vlp_viewer] Error 1
make[1]: *** [CMakeFiles/Makefile2:15711: tools/CMakeFiles/pcl_vlp_viewer.dir/all] Error 2
/usr/bin/ld: ../lib/libpcl_visualization.so.1.15.1: undefined reference to `XKeysymToString'
/usr/bin/ld: ../lib/libpcl_visualization.so.1.15.1: undefined reference to `XOpenDisplay'
/usr/bin/ld: ../lib/libpcl_visualization.so.1.15.1: undefined reference to `XFlush'
/usr/bin/ld: ../lib/libpcl_visualization.so.1.15.1: undefined reference to `XSync'
/usr/bin/ld: ../lib/libpcl_visualization.so.1.15.1: undefined reference to `XQueryPointer'
/usr/bin/ld: ../lib/libpcl_visualization.so.1.15.1: undefined reference to `XFree'
/usr/bin/ld: ../lib/libpcl_visualization.so.1.15.1: undefined reference to `XNextEvent'
/usr/bin/ld: ../lib/libpcl_visualization.so.1.15.1: undefined reference to `XSetWMProtocols'
/usr/bin/ld: ../lib/libpcl_visualization.so.1.15.1: undefined reference to `XCheckTypedWindowEvent'
/usr/bin/ld: ../lib/libpcl_visualization.so.1.15.1: undefined reference to `XTranslateCoordinates'
/usr/bin/ld: ../lib/libpcl_visualization.so.1.15.1: undefined reference to `XLookupKeysym'
/usr/bin/ld: ../lib/libpcl_visualization.so.1.15.1: undefined reference to `XSetInputFocus'
/usr/bin/ld: ../lib/libpcl_visualization.so.1.15.1: undefined reference to `XGetWindowAttributes'
/usr/bin/ld: ../lib/libpcl_visualization.so.1.15.1: undefined reference to `XChangeProperty'
/usr/bin/ld: ../lib/libpcl_visualization.so.1.15.1: undefined reference to `XInternAtom'
/usr/bin/ld: ../lib/libpcl_visualization.so.1.15.1: undefined reference to `XGetWindowProperty'
/usr/bin/ld: ../lib/libpcl_visualization.so.1.15.1: undefined reference to `XSendEvent'
/usr/bin/ld: ../lib/libpcl_visualization.so.1.15.1: undefined reference to `XSelectInput'
/usr/bin/ld: ../lib/libpcl_visualization.so.1.15.1: undefined reference to `XConvertSelection'
/usr/bin/ld: ../lib/libpcl_visualization.so.1.15.1: undefined reference to `XPending'
/usr/bin/ld: ../lib/libpcl_visualization.so.1.15.1: undefined reference to `XCloseDisplay'
collect2: error: ld returned 1 exit status
make[2]: *** [tools/CMakeFiles/pcl_hdl_viewer_simple.dir/build.make:179: bin/pcl_hdl_viewer_simple] Error 1
make[1]: *** [CMakeFiles/Makefile2:15672: tools/CMakeFiles/pcl_hdl_viewer_simple.dir/all] Error 2
[ 45%] Linking CXX shared library ../lib/libpcl_surface.so
/usr/bin/ld: ../lib/libpcl_visualization.so.1.15.1: undefined reference to `XKeysymToString'
/usr/bin/ld: ../lib/libpcl_visualization.so.1.15.1: undefined reference to `XOpenDisplay'
/usr/bin/ld: ../lib/libpcl_visualization.so.1.15.1: undefined reference to `XFlush'
/usr/bin/ld: ../lib/libpcl_visualization.so.1.15.1: undefined reference to `XSync'
/usr/bin/ld: ../lib/libpcl_visualization.so.1.15.1: undefined reference to `XQueryPointer'
/usr/bin/ld: ../lib/libpcl_visualization.so.1.15.1: undefined reference to `XFree'
/usr/bin/ld: ../lib/libpcl_visualization.so.1.15.1: undefined reference to `XNextEvent'
/usr/bin/ld: ../lib/libpcl_visualization.so.1.15.1: undefined reference to `XSetWMProtocols'
/usr/bin/ld: ../lib/libpcl_visualization.so.1.15.1: undefined reference to `XCheckTypedWindowEvent'
/usr/bin/ld: ../lib/libpcl_visualization.so.1.15.1: undefined reference to `XTranslateCoordinates'
/usr/bin/ld: ../lib/libpcl_visualization.so.1.15.1: undefined reference to `XLookupKeysym'
/usr/bin/ld: ../lib/libpcl_visualization.so.1.15.1: undefined reference to `XSetInputFocus'
/usr/bin/ld: ../lib/libpcl_visualization.so.1.15.1: undefined reference to `XGetWindowAttributes'
/usr/bin/ld: ../lib/libpcl_visualization.so.1.15.1: undefined reference to `XChangeProperty'
/usr/bin/ld: ../lib/libpcl_visualization.so.1.15.1: undefined reference to `XInternAtom'
/usr/bin/ld: ../lib/libpcl_visualization.so.1.15.1: undefined reference to `XGetWindowProperty'
/usr/bin/ld: ../lib/libpcl_visualization.so.1.15.1: undefined reference to `XSendEvent'
/usr/bin/ld: ../lib/libpcl_visualization.so.1.15.1: undefined reference to `XSelectInput'
/usr/bin/ld: ../lib/libpcl_visualization.so.1.15.1: undefined reference to `XConvertSelection'
/usr/bin/ld: ../lib/libpcl_visualization.so.1.15.1: undefined reference to `XPending'
/usr/bin/ld: ../lib/libpcl_visualization.so.1.15.1: undefined reference to `XCloseDisplay'
collect2: error: ld returned 1 exit status
make[2]: *** [tools/CMakeFiles/pcl_viewer.dir/build.make:179: bin/pcl_viewer] Error 1
make[1]: *** [CMakeFiles/Makefile2:13379: tools/CMakeFiles/pcl_viewer.dir/all] Error 2
[ 45%] Linking CXX shared library ../lib/libpcl_sample_consensus.so
/usr/src/debug/pcl/pcl-pcl-1.15.1/surface/src/3rdparty/opennurbs/opennurbs_nurbscurve.cpp: In member function ‘MakePiecewiseBezier’:
/usr/src/debug/pcl/pcl-pcl-1.15.1/surface/src/3rdparty/opennurbs/opennurbs_nurbscurve.cpp:2464:56: warning: argument 1 value ‘18446744073709551615’ exceeds maximum object size 9223372036854775807 [-Walloc-size-larger-than=]
/usr/include/c++/15.2.1/new:140:26: note: in a call to allocation function ‘operator new []’ declared here
  140 | _GLIBCXX_NODISCARD void* operator new[](std::size_t)
      |                          ^
[ 45%] Built target pcl_surface
[ 45%] Built target pcl_sample_consensus
make: *** [Makefile:136: all] Error 2
[1m[31m==> ERROR:(B[m[1m A failure occurred in build().(B[m
[1m    Aborting...(B[m
