Found pkg-config version 2.5.1.
Found libdiscid library version 0.6.5.
 LIBDISCID_CFLAGS = 
Warning: prerequisite Test::Pod 1.00 not found.
 LIBDISCID_LIBS = -ldiscid
Checking if your kit is complete...
Looks good
Generating a Unix-style Makefile
Writing Makefile for MusicBrainz::DiscID
Writing MYMETA.yml and MYMETA.json
"/usr/bin/perl" "/usr/share/perl5/core_perl/ExtUtils/xsubpp" -noprototypes -typemap '/usr/share/perl5/core_perl/ExtUtils/typemap' -typemap '/build/perl-musicbrainz-discid/src/MusicBrainz-DiscID-0.06/typemap'  DiscID.xs > DiscID.xsc
Running Mkbootstrap for DiscID ()
chmod 644 "DiscID.bs"
"/usr/bin/perl" -MExtUtils::Command::MM -e 'cp_nonempty' -- DiscID.bs blib/arch/auto/MusicBrainz/DiscID/DiscID.bs 644
cp lib/MusicBrainz/DiscID.pm blib/lib/MusicBrainz/DiscID.pm
mv DiscID.xsc DiscID.c
cc -c   -D_REENTRANT -D_GNU_SOURCE -fwrapv -fno-strict-aliasing -pipe -fstack-protector-strong -I/usr/include/db5.3 -D_LARGEFILE_SOURCE -D_FILE_OFFSET_BITS=64  -march=x86-64 -mtune=generic -O2 -pipe -fno-plt -fexceptions -Wp,-D_FORTIFY_SOURCE=3 -Wformat -Werror=format-security -fstack-clash-protection -fcf-protection -fno-omit-frame-pointer -mno-omit-leaf-frame-pointer -g -ffile-prefix-map=/build/perl/src=/usr/src/debug/perl -flto=auto   -DVERSION=\"0.06\" -DXS_VERSION=\"0.06\" -fPIC "-I/usr/lib/perl5/5.42/core_perl/CORE"   DiscID.c
rm -f blib/arch/auto/MusicBrainz/DiscID/DiscID.so
LD_RUN_PATH="/usr/lib" cc  -shared -Wl,-O1 -Wl,--sort-common -Wl,--as-needed -Wl,-z,relro -Wl,-z,now -Wl,-z,pack-relative-relocs -flto=auto -L/usr/lib/db5.3 -fstack-protector-strong  DiscID.o  -o blib/arch/auto/MusicBrainz/DiscID/DiscID.so  \
   -ldiscid   \
  
chmod 755 blib/arch/auto/MusicBrainz/DiscID/DiscID.so
Manifying 1 pod document
