<unknown>:779: SyntaxWarning: invalid escape sequence '\l'
<unknown>:779: SyntaxWarning: invalid escape sequence '\l'
<unknown>:252: SyntaxWarning: invalid escape sequence '\d'
<unknown>:255: SyntaxWarning: invalid escape sequence '\c'
<unknown>:258: SyntaxWarning: invalid escape sequence '\m'
<unknown>:260: SyntaxWarning: invalid escape sequence '\h'
<unknown>:320: SyntaxWarning: invalid escape sequence '\e'
<unknown>:321: SyntaxWarning: invalid escape sequence '\e'
<unknown>:322: SyntaxWarning: invalid escape sequence '\e'
petsc E: ELF files outside of a valid path ('opt/').
petsc W: Directory (opt/petsc/linux-c-opt/lib/petsc/bin/__pycache__) is empty
petsc W: Referenced python module 'scipy.sparse' is an uninstalled dependency (needed in files ['opt/petsc/linux-c-opt/lib/petsc/bin/PetscBinaryIO.py'])
petsc W: Referenced python module 'example100' is an uninstalled dependency (needed in files ['opt/petsc/linux-c-opt/share/petsc/examples/src/ksp/ksp/tutorials/ex100.py'])
petsc W: Referenced python module 'testparse.parseLoopArgs' is an uninstalled dependency (needed in files ['opt/petsc/linux-c-opt/share/petsc/examples/config/gmakegentest.py'])
petsc W: Referenced python module 'lxml.objectify' is an uninstalled dependency (needed in files ['opt/petsc/linux-c-opt/lib/petsc/bin/xml2flamegraph.py'])
petsc W: Referenced python module 'scipy.io' is an uninstalled dependency (needed in files ['opt/petsc/linux-c-opt/lib/petsc/bin/PetscBinaryIO.py'])
petsc W: Referenced python module 'matplotlib' is an uninstalled dependency (needed in files ['opt/petsc/linux-c-opt/share/petsc/bin/dmnetwork_view.py'])
petsc W: Referenced python module 'gmakegentest.nameSpace' is an uninstalled dependency (needed in files ['opt/petsc/linux-c-opt/share/petsc/examples/config/query_tests.py'])
petsc W: Referenced python module 'PetscBinaryIOTrajectory' is an uninstalled dependency (needed in files ['opt/petsc/linux-c-opt/share/petsc/examples/src/ts/tutorials/extchem.py'])
petsc W: Referenced python module 'petsc4py.lib' is an uninstalled dependency (needed in files ['opt/petsc/linux-c-opt/lib/petsc4py/__init__.py'])
petsc W: Referenced python module 'matplotlib.collections.LineCollection' is an uninstalled dependency (needed in files ['opt/petsc/linux-c-opt/share/petsc/bin/dmnetwork_view.py'])
petsc W: Referenced python module 'petsc4py' is an uninstalled dependency (needed in files ['opt/petsc/linux-c-opt/share/petsc/examples/src/ksp/ksp/tutorials/ex100.py', 'opt/petsc/linux-c-opt/lib/petsc4py/__main__.py', 'opt/petsc/linux-c-opt/share/petsc/examples/src/ts/tutorials/ex8.py'])
petsc W: Referenced python module 'configureTAS' is an uninstalled dependency (needed in files ['opt/petsc/linux-c-opt/lib/petsc/bin/petsc_tas_analysis.py'])
petsc W: Referenced python module 'testparse' is an uninstalled dependency (needed in files ['opt/petsc/linux-c-opt/share/petsc/examples/config/query_tests.py', 'opt/petsc/linux-c-opt/share/petsc/examples/config/gmakegentest.py'])
petsc W: Referenced python module 'tasClasses.Field' is an uninstalled dependency (needed in files ['opt/petsc/linux-c-opt/lib/petsc/bin/petsc_tas_analysis.py'])
petsc W: Referenced python module 'imp' is an uninstalled dependency (needed in files ['opt/petsc/linux-c-opt/lib/petsc4py/lib/__init__.py'])
petsc W: Referenced python module 'tasClasses.File' is an uninstalled dependency (needed in files ['opt/petsc/linux-c-opt/lib/petsc/bin/petsc_tas_analysis.py'])
petsc W: Referenced python module 'h5py' is an uninstalled dependency (needed in files ['opt/petsc/linux-c-opt/lib/petsc/bin/petsc_gen_xdmf.py'])
petsc W: Referenced python module 'requests' is an uninstalled dependency (needed in files ['opt/petsc/linux-c-opt/lib/petsc/bin/saws/SAWs.py'])
petsc W: Referenced python module 'PetscBinaryIO.*' is an uninstalled dependency (needed in files ['opt/petsc/linux-c-opt/lib/petsc/bin/PetscBinaryIO_tests.py'])
petsc W: Referenced python module 'petsc4py.PETSc' is an uninstalled dependency (needed in files ['opt/petsc/linux-c-opt/lib/petsc/bin/PetscBinaryIO_tests.py', 'opt/petsc/linux-c-opt/lib/petsc4py/__main__.py', 'opt/petsc/linux-c-opt/share/petsc/examples/src/ksp/ksp/tutorials/example100.py', 'opt/petsc/linux-c-opt/share/petsc/examples/src/mat/tests/ex140.py', 'opt/petsc/linux-c-opt/share/petsc/examples/src/ksp/ksp/tutorials/ex100.py', 'opt/petsc/linux-c-opt/share/petsc/examples/src/snes/tests/ex1.py', 'opt/petsc/linux-c-opt/lib/petsc4py/lib/_pytypes/viewer/petscpyvista.py', 'opt/petsc/linux-c-opt/share/petsc/examples/src/ts/tutorials/ex8.py'])
petsc W: Referenced python module 'example_template' is an uninstalled dependency (needed in files ['opt/petsc/linux-c-opt/share/petsc/examples/config/gmakegentest.py'])
petsc W: Referenced python module 'configure' is an uninstalled dependency (needed in files ['opt/petsc/linux-c-opt/lib/petsc/conf/reconfigure-linux-c-opt.py'])
petsc W: Referenced python module 'petsc4py.lib.ImportPETSc' is an uninstalled dependency (needed in files ['opt/petsc/linux-c-opt/lib/petsc4py/PETSc.py'])
petsc W: Referenced python module 'petsc_conf' is an uninstalled dependency (needed in files ['opt/petsc/linux-c-opt/lib/petsc/bin/PetscBinaryIO.py'])
petsc W: Referenced python module 'urllib2.urlopen' is an uninstalled dependency (needed in files ['opt/petsc/linux-c-opt/lib/petsc/bin/petscnagupgrade.py'])
petsc W: Referenced python module 'matplotlib.collections.CircleCollection' is an uninstalled dependency (needed in files ['opt/petsc/linux-c-opt/share/petsc/bin/dmnetwork_view.py'])
petsc W: Referenced python module 'scipy.sparse.csr_matrix' is an uninstalled dependency (needed in files ['opt/petsc/linux-c-opt/lib/petsc/bin/PetscBinaryIO.py'])
petsc W: Referenced python module 'pandas' is an uninstalled dependency (needed in files ['opt/petsc/linux-c-opt/lib/petsc/bin/petsc_tas_analysis.py', 'opt/petsc/linux-c-opt/share/petsc/bin/dmnetwork_view.py'])
petsc W: Referenced python module 'commands' is an uninstalled dependency (needed in files ['opt/petsc/linux-c-opt/lib/petsc/bin/taucc.py'])
petsc W: Referenced python module 'gmakegen.*' is an uninstalled dependency (needed in files ['opt/petsc/linux-c-opt/share/petsc/examples/config/testparse.py', 'opt/petsc/linux-c-opt/share/petsc/examples/config/gmakegentest.py'])
petsc W: Referenced python module 'PetscBinaryIO' is an uninstalled dependency (needed in files ['opt/petsc/linux-c-opt/lib/petsc/bin/PetscBinaryIOTrajectory.py'])
petsc W: Referenced python module 'pyvista' is an uninstalled dependency (needed in files ['opt/petsc/linux-c-opt/lib/petsc4py/lib/_pytypes/viewer/petscpyvista.py'])
petsc W: Referenced python module 'distutils.version.LooseVersion' is an uninstalled dependency (needed in files ['opt/petsc/linux-c-opt/lib/petsc/bin/petscnagupgrade.py'])
petsc W: Referenced python module 'matplotlib.pyplot' is an uninstalled dependency (needed in files ['opt/petsc/linux-c-opt/lib/petsc/bin/PetscBinaryIOTrajectory.py', 'opt/petsc/linux-c-opt/lib/petsc/bin/petsc_tas_analysis.py', 'opt/petsc/linux-c-opt/share/petsc/bin/dmnetwork_view.py'])
petsc E: Insecure RUNPATH '/opt/petsc/linux-c-opt/lib' in file ('opt/petsc/linux-c-opt/lib/petsc4py/lib/PETSc.cpython-313-x86_64-linux-gnu.so')
petsc E: Dependency python-packaging detected and not included (python modules ['packaging.version.Version'] needed in files ['opt/petsc/linux-c-opt/lib/petsc/bin/petscnagupgrade.py'])
petsc W: Dependency glibc detected and implicitly satisfied (libraries ['usr/lib/libc.so.6', 'usr/lib/ld-linux-x86-64.so.2', 'usr/lib/libm.so.6'] needed in files ['opt/petsc/linux-c-opt/lib/petsc4py/lib/PETSc.cpython-313-x86_64-linux-gnu.so', 'opt/petsc/linux-c-opt/lib/libpetsc.so.3.24.0'])
petsc W: Dependency python detected and implicitly satisfied (python modules ['functools', 'argparse.ArgumentParser', 'signal', 'string', 'shutil', 'logging', 'os', 'importlib.machinery', 'os.path.join', '__future__.print_function', 'importlib.util', 'typing.Literal', 'codecs', '__future__.annotations', 'configparser.ConfigParser', 'stat', 'argparse', 'itertools', 'typing.Callable', 'os.path', 'urllib.request.urlopen', 'tempfile', 'sys', 'time', 'json', 'traceback', 'pathlib', 'collections', 'collections.defaultdict', 'optparse', 'types', 'inspect', 'math', 'importlib', 'typing.Sequence', 'datetime', 'glob', 'unittest', 'itertools.chain', 'pickle', 'shlex', 'io.StringIO', 'subprocess', 'fnmatch', 'csv', 'warnings', 're', 'os.path.dirname', 'pathlib.Path'] needed in files ['opt/petsc/linux-c-opt/lib/petsc/bin/petscnagfor', 'opt/petsc/linux-c-opt/lib/petsc/bin/taucc.py', 'opt/petsc/linux-c-opt/share/petsc/examples/src/ksp/ksp/tutorials/example100.py', 'opt/petsc/linux-c-opt/lib/petsc/bin/tasClasses.py', 'opt/petsc/linux-c-opt/lib/petsc/bin/petsclogformat.py', 'opt/petsc/linux-c-opt/share/petsc/bin/dmnetwork_view.py', 'opt/petsc/linux-c-opt/lib/petsc/bin/petsc_gen_xdmf.py', 'opt/petsc/linux-c-opt/lib/petsc/conf/uninstall.py', 'opt/petsc/linux-c-opt/lib/petsc4py/__init__.py', 'opt/petsc/linux-c-opt/share/petsc/examples/config/query_tests.py', 'opt/petsc/linux-c-opt/lib/petsc/bin/xml2flamegraph.py', 'opt/petsc/linux-c-opt/share/petsc/examples/src/ts/tutorials/extchem.py', 'opt/petsc/linux-c-opt/share/petsc/examples/config/report_tests.py', 'opt/petsc/linux-c-opt/lib/petsc4py/lib/_pytypes/viewer/petscpyvista.py', 'opt/petsc/linux-c-opt/lib/petsc/bin/extract.py', 'opt/petsc/linux-c-opt/lib/petsc/bin/PetscBinaryIO.py', 'opt/petsc/linux-c-opt/share/petsc/examples/config/gmakegentest.py', 'opt/petsc/linux-c-opt/lib/petsc/bin/PetscBinaryIOTrajectory.py', 'opt/petsc/linux-c-opt/share/petsc/examples/config/testparse.py', 'opt/petsc/linux-c-opt/lib/petsc/conf/reconfigure-linux-c-opt.py', 'opt/petsc/linux-c-opt/lib/petsc/bin/petsc_tas_analysis.py', 'opt/petsc/linux-c-opt/lib/petsc4py/typing.py', 'opt/petsc/linux-c-opt/lib/petsc/bin/saws/SAWs.py', 'opt/petsc/linux-c-opt/share/petsc/examples/src/ksp/ksp/tutorials/ex100.py', 'opt/petsc/linux-c-opt/lib/petsc4py/lib/__init__.py', 'opt/petsc/linux-c-opt/lib/petsc/bin/petsc_conf.py', 'opt/petsc/linux-c-opt/share/petsc/examples/src/ts/tutorials/ex8.py', 'opt/petsc/linux-c-opt/share/petsc/examples/config/gmakegen.py', 'opt/petsc/linux-c-opt/lib/petsc/bin/PetscBinaryIO_tests.py', 'opt/petsc/linux-c-opt/lib/petsc4py/__main__.py', 'opt/petsc/linux-c-opt/share/petsc/chkerrconvert.py', 'opt/petsc/linux-c-opt/lib/petsc/bin/petscnagupgrade.py'], programs ['python3'] needed in scripts ['opt/petsc/linux-c-opt/lib/petsc/bin/petscnagfor', 'opt/petsc/linux-c-opt/share/petsc/examples/config/gmakegentest.py', 'opt/petsc/linux-c-opt/lib/petsc/bin/taucc.py', 'opt/petsc/linux-c-opt/lib/petsc/bin/PetscBinaryIOTrajectory.py', 'opt/petsc/linux-c-opt/lib/petsc/bin/tasClasses.py', 'opt/petsc/linux-c-opt/lib/petsc/conf/reconfigure-linux-c-opt.py', 'opt/petsc/linux-c-opt/lib/petsc/bin/petsc_tas_analysis.py', 'opt/petsc/linux-c-opt/share/petsc/examples/config/testparse.py', 'opt/petsc/linux-c-opt/lib/petsc/bin/configureTAS.py', 'opt/petsc/linux-c-opt/lib/petsc/bin/saws/SAWs.py', 'opt/petsc/linux-c-opt/lib/petsc/bin/petsclogformat.py', 'opt/petsc/linux-c-opt/share/petsc/bin/dmnetwork_view.py', 'opt/petsc/linux-c-opt/share/petsc/examples/config/gmakegen.py', 'opt/petsc/linux-c-opt/lib/petsc/bin/petsc_gen_xdmf.py', 'opt/petsc/linux-c-opt/lib/petsc/conf/uninstall.py', 'opt/petsc/linux-c-opt/share/petsc/examples/config/query_tests.py', 'opt/petsc/linux-c-opt/share/petsc/examples/src/ts/tutorials/extchem.py', 'opt/petsc/linux-c-opt/share/petsc/chkerrconvert.py', 'opt/petsc/linux-c-opt/share/petsc/examples/config/report_tests.py', 'opt/petsc/linux-c-opt/lib/petsc/bin/petscnagupgrade.py', 'opt/petsc/linux-c-opt/lib/petsc/bin/extract.py'])
petsc W: Dependency blas detected and implicitly satisfied (libraries ['usr/lib/libblas.so.3'] needed in files ['opt/petsc/linux-c-opt/lib/libpetsc.so.3.24.0'])
petsc W: Dependency fftw detected and implicitly satisfied (libraries ['usr/lib/libfftw3.so.3'] needed in files ['opt/petsc/linux-c-opt/lib/libpetsc.so.3.24.0'])
petsc W: Dependency gcc-libs detected and implicitly satisfied (libraries ['usr/lib/libgcc_s.so.1', 'usr/lib/libgfortran.so.5'] needed in files ['opt/petsc/linux-c-opt/lib/libpetsc.so.3.24.0'])
petsc W: Dependency bash detected and implicitly satisfied (programs ['bash', 'sh'] needed in scripts ['opt/petsc/linux-c-opt/lib/petsc/bin/saws/getSAWs.bash', 'opt/petsc/linux-c-opt/share/petsc/examples/src/ts/tutorials/extchem.sh', 'opt/petsc/linux-c-opt/lib/petsc/bin/saws/getStack.bash', 'opt/petsc/linux-c-opt/lib/petsc/bin/petscdiff', 'opt/petsc/linux-c-opt/share/petsc/examples/src/ts/tutorials/hybrid/run.sh', 'opt/petsc/linux-c-opt/lib/petsc/bin/petscversion', 'opt/petsc/linux-c-opt/lib/petsc/bin/petscfreesharedmemory', 'opt/petsc/linux-c-opt/lib/petsc/bin/petscmpiexec'])
petsc W: Dependency included, but may not be needed ('gsl')
petsc W: Dependency included, but may not be needed ('netcdf-openmpi')
petsc W: Dependency included, but may not be needed ('zfp')
petsc W: Dependency included, but may not be needed ('zlib')
