Submodule 'deps/AltKit' (https://github.com/jpd002/AltKit.git) registered for path 'deps/AltKit'
Submodule 'deps/CodeGen' (https://github.com/jpd002/Play--CodeGen.git) registered for path 'deps/CodeGen'
Submodule 'deps/Dependencies' (https://github.com/jpd002/Play-Dependencies.git) registered for path 'deps/Dependencies'
Submodule 'deps/Framework' (https://github.com/jpd002/Play--Framework.git) registered for path 'deps/Framework'
Submodule 'deps/Nuanceur' (https://github.com/jpd002/Nuanceur.git) registered for path 'deps/Nuanceur'
Submodule 'deps/libchdr' (https://github.com/jpd002/libchdr.git) registered for path 'deps/libchdr'
Cloning into '/build/play-emu/src/play-emu/deps/AltKit'...
done.
Cloning into '/build/play-emu/src/play-emu/deps/CodeGen'...
done.
Cloning into '/build/play-emu/src/play-emu/deps/Dependencies'...
done.
Cloning into '/build/play-emu/src/play-emu/deps/Framework'...
done.
Cloning into '/build/play-emu/src/play-emu/deps/Nuanceur'...
done.
Cloning into '/build/play-emu/src/play-emu/deps/libchdr'...
done.
Submodule path 'deps/AltKit': checked out 'f799f60ef6fa8b9676b4102b7dfa169fb40b6c92'
Submodule path 'deps/CodeGen': checked out 'a5009f7dca062695b8e5aebbd71e67b4ddfa9251'
Submodule path 'deps/Dependencies': checked out '8a5f6b1dea0b888b5a42b821e79470142bbea4e3'
Submodule path 'deps/Framework': checked out '75eb128c96bf95bae01b90e2bc671b3c1969b8d9'
Submodule path 'deps/Nuanceur': checked out '0ad3fdcf9e20138ed363ee14b325c430220b6d03'
From /build/play-emu/src/play-emu-libchdr
 * branch            284e38b6e53e0a7270cc234934e45230ed915a25 -> FETCH_HEAD
Submodule path 'deps/libchdr': checked out '284e38b6e53e0a7270cc234934e45230ed915a25'
Submodule 'SDWebImage' (https://github.com/rs/SDWebImage.git) registered for path 'SDWebImage'
Submodule 'ghc_filesystem' (https://github.com/gulrak/filesystem.git) registered for path 'ghc_filesystem'
Submodule 'xxHash' (https://github.com/Cyan4973/xxHash.git) registered for path 'xxHash'
Submodule 'zlib' (https://github.com/madler/zlib.git) registered for path 'zlib'
Submodule 'zstd' (https://github.com/facebook/zstd.git) registered for path 'zstd'
Cloning into '/build/play-emu/src/play-emu/deps/Dependencies/SDWebImage'...
done.
Cloning into '/build/play-emu/src/play-emu/deps/Dependencies/ghc_filesystem'...
done.
Cloning into '/build/play-emu/src/play-emu/deps/Dependencies/xxHash'...
done.
Cloning into '/build/play-emu/src/play-emu/deps/Dependencies/zlib'...
Cloning into '/build/play-emu/src/play-emu/deps/Dependencies/zstd'...
done.
Submodule path 'SDWebImage': checked out '0df32ea232aca587d5b67760b7f877079c51966c'
Submodule path 'ghc_filesystem': checked out '2a8b380f8d4e77b389c42a194ab9c70d8e3a0f1e'
Submodule path 'xxHash': checked out 'e626a72bc2321cd320e953a0ccf1584cad60f363'
Submodule path 'zlib': checked out '5a82f71ed1dfc0bec044d9702463dbdf84ea3b71'
Submodule path 'zstd': checked out 'f8745da6ff1ad1e7bab384bd1f9d742439278e99'
