The Meson build system
Version: 1.8.3
Source dir: /build/playmyvideos/src/playmyvideos-1.1.2
Build dir: /build/playmyvideos/src/playmyvideos-1.1.2/build
Build type: native build
Project name: com.github.artemanufrij.playmyvideos
Project version: 1.0.0
C compiler for the host machine: cc (gcc 15.1.1 "cc (GCC) 15.1.1 20250729")
C linker for the host machine: cc ld.bfd 2.45.0
Vala compiler for the host machine: valac (valac 0.56.18-dirty)
Host machine cpu family: x86_64
Host machine cpu: x86_64
Configuring config.h using configuration
data/meson.build:5: WARNING: Project does not target a minimum version but uses feature deprecated since '0.56.0': meson.source_root. use meson.project_source_root() or meson.global_source_root() instead.
Program msgfmt found: YES (/usr/bin/msgfmt)
data/meson.build:14: WARNING: Project does not target a minimum version but uses feature deprecated since '0.56.0': meson.source_root. use meson.project_source_root() or meson.global_source_root() instead.
Program desktop-file-validate found: YES (/usr/bin/desktop-file-validate)
Program appstreamcli appstream-util found: NO
Program msginit found: YES (/usr/bin/msginit)
Program msgmerge found: YES (/usr/bin/msgmerge)
Program xgettext found: YES (/usr/bin/xgettext)
Found pkg-config: YES (/usr/bin/pkg-config) 2.5.1
Run-time dependency gio-2.0 found: YES 2.84.3
Run-time dependency gobject-2.0 found: YES 2.84.3
Run-time dependency glib-2.0 found: YES 2.84.3
Run-time dependency gtk+-3.0 found: YES 3.24.50
Run-time dependency libsoup-2.4 found: YES 2.74.3
Run-time dependency granite found: YES 6.2.0
Run-time dependency sqlite3 found: YES 3.50.4
Run-time dependency clutter-gtk-1.0 found: YES 1.8.4
Run-time dependency clutter-gst-3.0 found: YES 3.0.27
Build targets in project: 202
WARNING: Deprecated features used:
 * 0.56.0: {'meson.source_root'}

com.github.artemanufrij.playmyvideos 1.0.0

  User defined options
    prefix: /usr

Found ninja-1.12.1 at /usr/bin/ninja
Generating targets:   0%|          | 0/202 eta ?                                                Writing build.ninja:   0%|          | 0/257 eta ?                                                 WARNING: Running the setup command as `meson [options]` instead of `meson setup [options]` is ambiguous and deprecated.
ninja: Entering directory `build'
[1/226] Building translation po/aa/LC_MESSAGES/com.github.artemanufrij.playmyvideos-aa.mo
[2/226] Building translation po/ab/LC_MESSAGES/com.github.artemanufrij.playmyvideos-ab.mo
[3/226] Building translation po/ae/LC_MESSAGES/com.github.artemanufrij.playmyvideos-ae.mo
[4/226] Building translation po/af/LC_MESSAGES/com.github.artemanufrij.playmyvideos-af.mo
[5/226] Building translation po/ak/LC_MESSAGES/com.github.artemanufrij.playmyvideos-ak.mo
[6/226] Building translation po/am/LC_MESSAGES/com.github.artemanufrij.playmyvideos-am.mo
[7/226] Building translation po/an/LC_MESSAGES/com.github.artemanufrij.playmyvideos-an.mo
[8/226] Building translation po/ar/LC_MESSAGES/com.github.artemanufrij.playmyvideos-ar.mo
[9/226] Building translation po/as/LC_MESSAGES/com.github.artemanufrij.playmyvideos-as.mo
[10/226] Building translation po/ast/LC_MESSAGES/com.github.artemanufrij.playmyvideos-ast.mo
[11/226] Building translation po/av/LC_MESSAGES/com.github.artemanufrij.playmyvideos-av.mo
[12/226] Building translation po/ay/LC_MESSAGES/com.github.artemanufrij.playmyvideos-ay.mo
[13/226] Building translation po/ba/LC_MESSAGES/com.github.artemanufrij.playmyvideos-ba.mo
[14/226] Building translation po/bh/LC_MESSAGES/com.github.artemanufrij.playmyvideos-bh.mo
[15/226] Building translation po/az/LC_MESSAGES/com.github.artemanufrij.playmyvideos-az.mo
[16/226] Building translation po/be/LC_MESSAGES/com.github.artemanufrij.playmyvideos-be.mo
[17/226] Building translation po/bg/LC_MESSAGES/com.github.artemanufrij.playmyvideos-bg.mo
[18/226] Building translation po/bi/LC_MESSAGES/com.github.artemanufrij.playmyvideos-bi.mo
[19/226] Building translation po/bm/LC_MESSAGES/com.github.artemanufrij.playmyvideos-bm.mo
[20/226] Building translation po/bn/LC_MESSAGES/com.github.artemanufrij.playmyvideos-bn.mo
[21/226] Building translation po/bo/LC_MESSAGES/com.github.artemanufrij.playmyvideos-bo.mo
[22/226] Building translation po/br/LC_MESSAGES/com.github.artemanufrij.playmyvideos-br.mo
[23/226] Building translation po/bs/LC_MESSAGES/com.github.artemanufrij.playmyvideos-bs.mo
[24/226] Building translation po/ca/LC_MESSAGES/com.github.artemanufrij.playmyvideos-ca.mo
[25/226] Building translation po/ce/LC_MESSAGES/com.github.artemanufrij.playmyvideos-ce.mo
[26/226] Building translation po/co/LC_MESSAGES/com.github.artemanufrij.playmyvideos-co.mo
[27/226] Building translation po/ch/LC_MESSAGES/com.github.artemanufrij.playmyvideos-ch.mo
[28/226] Building translation po/ckb/LC_MESSAGES/com.github.artemanufrij.playmyvideos-ckb.mo
[29/226] Building translation po/cr/LC_MESSAGES/com.github.artemanufrij.playmyvideos-cr.mo
[30/226] Building translation po/cs/LC_MESSAGES/com.github.artemanufrij.playmyvideos-cs.mo
[31/226] Building translation po/cu/LC_MESSAGES/com.github.artemanufrij.playmyvideos-cu.mo
[32/226] Building translation po/cv/LC_MESSAGES/com.github.artemanufrij.playmyvideos-cv.mo
[33/226] Building translation po/cy/LC_MESSAGES/com.github.artemanufrij.playmyvideos-cy.mo
[34/226] Building translation po/da/LC_MESSAGES/com.github.artemanufrij.playmyvideos-da.mo
[35/226] Building translation po/de/LC_MESSAGES/com.github.artemanufrij.playmyvideos-de.mo
[36/226] Building translation po/ee/LC_MESSAGES/com.github.artemanufrij.playmyvideos-ee.mo
[37/226] Building translation po/dv/LC_MESSAGES/com.github.artemanufrij.playmyvideos-dv.mo
[38/226] Building translation po/dz/LC_MESSAGES/com.github.artemanufrij.playmyvideos-dz.mo
[39/226] Building translation po/el/LC_MESSAGES/com.github.artemanufrij.playmyvideos-el.mo
[40/226] Building translation po/en_AU/LC_MESSAGES/com.github.artemanufrij.playmyvideos-en_AU.mo
[41/226] Building translation po/en_CA/LC_MESSAGES/com.github.artemanufrij.playmyvideos-en_CA.mo
[42/226] Building translation po/en_GB/LC_MESSAGES/com.github.artemanufrij.playmyvideos-en_GB.mo
[43/226] Building translation po/eo/LC_MESSAGES/com.github.artemanufrij.playmyvideos-eo.mo
[44/226] Building translation po/es/LC_MESSAGES/com.github.artemanufrij.playmyvideos-es.mo
[45/226] Building translation po/et/LC_MESSAGES/com.github.artemanufrij.playmyvideos-et.mo
[46/226] Building translation po/eu/LC_MESSAGES/com.github.artemanufrij.playmyvideos-eu.mo
[47/226] Building translation po/ff/LC_MESSAGES/com.github.artemanufrij.playmyvideos-ff.mo
[48/226] Building translation po/fa/LC_MESSAGES/com.github.artemanufrij.playmyvideos-fa.mo
[49/226] Building translation po/fi/LC_MESSAGES/com.github.artemanufrij.playmyvideos-fi.mo
[50/226] Building translation po/fj/LC_MESSAGES/com.github.artemanufrij.playmyvideos-fj.mo
[51/226] Building translation po/fo/LC_MESSAGES/com.github.artemanufrij.playmyvideos-fo.mo
[52/226] Building translation po/fr_CA/LC_MESSAGES/com.github.artemanufrij.playmyvideos-fr_CA.mo
[53/226] Building translation po/fr/LC_MESSAGES/com.github.artemanufrij.playmyvideos-fr.mo
[54/226] Building translation po/fy/LC_MESSAGES/com.github.artemanufrij.playmyvideos-fy.mo
[55/226] Building translation po/ga/LC_MESSAGES/com.github.artemanufrij.playmyvideos-ga.mo
[56/226] Building translation po/gd/LC_MESSAGES/com.github.artemanufrij.playmyvideos-gd.mo
[57/226] Building translation po/gl/LC_MESSAGES/com.github.artemanufrij.playmyvideos-gl.mo
[58/226] Building translation po/gn/LC_MESSAGES/com.github.artemanufrij.playmyvideos-gn.mo
[59/226] Building translation po/gu/LC_MESSAGES/com.github.artemanufrij.playmyvideos-gu.mo
[60/226] Building translation po/gv/LC_MESSAGES/com.github.artemanufrij.playmyvideos-gv.mo
[61/226] Building translation po/he/LC_MESSAGES/com.github.artemanufrij.playmyvideos-he.mo
[62/226] Building translation po/ha/LC_MESSAGES/com.github.artemanufrij.playmyvideos-ha.mo
[63/226] Building translation po/hi/LC_MESSAGES/com.github.artemanufrij.playmyvideos-hi.mo
[64/226] Building translation po/ho/LC_MESSAGES/com.github.artemanufrij.playmyvideos-ho.mo
[65/226] Building translation po/hr/LC_MESSAGES/com.github.artemanufrij.playmyvideos-hr.mo
[66/226] Building translation po/ht/LC_MESSAGES/com.github.artemanufrij.playmyvideos-ht.mo
[67/226] Building translation po/hu/LC_MESSAGES/com.github.artemanufrij.playmyvideos-hu.mo
[68/226] Building translation po/hy/LC_MESSAGES/com.github.artemanufrij.playmyvideos-hy.mo
[69/226] Building translation po/hz/LC_MESSAGES/com.github.artemanufrij.playmyvideos-hz.mo
[70/226] Building translation po/ia/LC_MESSAGES/com.github.artemanufrij.playmyvideos-ia.mo
[71/226] Building translation po/id/LC_MESSAGES/com.github.artemanufrij.playmyvideos-id.mo
[72/226] Building translation po/ie/LC_MESSAGES/com.github.artemanufrij.playmyvideos-ie.mo
[73/226] Building translation po/ig/LC_MESSAGES/com.github.artemanufrij.playmyvideos-ig.mo
[74/226] Building translation po/ii/LC_MESSAGES/com.github.artemanufrij.playmyvideos-ii.mo
[75/226] Building translation po/ik/LC_MESSAGES/com.github.artemanufrij.playmyvideos-ik.mo
[76/226] Building translation po/io/LC_MESSAGES/com.github.artemanufrij.playmyvideos-io.mo
[77/226] Building translation po/is/LC_MESSAGES/com.github.artemanufrij.playmyvideos-is.mo
[78/226] Building translation po/it/LC_MESSAGES/com.github.artemanufrij.playmyvideos-it.mo
[79/226] Building translation po/iu/LC_MESSAGES/com.github.artemanufrij.playmyvideos-iu.mo
[80/226] Building translation po/ja/LC_MESSAGES/com.github.artemanufrij.playmyvideos-ja.mo
[81/226] Building translation po/kg/LC_MESSAGES/com.github.artemanufrij.playmyvideos-kg.mo
[82/226] Building translation po/jv/LC_MESSAGES/com.github.artemanufrij.playmyvideos-jv.mo
[83/226] Building translation po/ka/LC_MESSAGES/com.github.artemanufrij.playmyvideos-ka.mo
[84/226] Building translation po/ki/LC_MESSAGES/com.github.artemanufrij.playmyvideos-ki.mo
[85/226] Building translation po/kj/LC_MESSAGES/com.github.artemanufrij.playmyvideos-kj.mo
[86/226] Building translation po/kk/LC_MESSAGES/com.github.artemanufrij.playmyvideos-kk.mo
[87/226] Building translation po/kl/LC_MESSAGES/com.github.artemanufrij.playmyvideos-kl.mo
[88/226] Building translation po/km/LC_MESSAGES/com.github.artemanufrij.playmyvideos-km.mo
[89/226] Building translation po/kn/LC_MESSAGES/com.github.artemanufrij.playmyvideos-kn.mo
[90/226] Building translation po/ko/LC_MESSAGES/com.github.artemanufrij.playmyvideos-ko.mo
[91/226] Building translation po/kr/LC_MESSAGES/com.github.artemanufrij.playmyvideos-kr.mo
[92/226] Building translation po/ks/LC_MESSAGES/com.github.artemanufrij.playmyvideos-ks.mo
[93/226] Building translation po/ku/LC_MESSAGES/com.github.artemanufrij.playmyvideos-ku.mo
[94/226] Building translation po/kv/LC_MESSAGES/com.github.artemanufrij.playmyvideos-kv.mo
[95/226] Building translation po/kw/LC_MESSAGES/com.github.artemanufrij.playmyvideos-kw.mo
[96/226] Building translation po/ky/LC_MESSAGES/com.github.artemanufrij.playmyvideos-ky.mo
[97/226] Building translation po/la/LC_MESSAGES/com.github.artemanufrij.playmyvideos-la.mo
[98/226] Building translation po/lb/LC_MESSAGES/com.github.artemanufrij.playmyvideos-lb.mo
[99/226] Building translation po/lg/LC_MESSAGES/com.github.artemanufrij.playmyvideos-lg.mo
[100/226] Building translation po/li/LC_MESSAGES/com.github.artemanufrij.playmyvideos-li.mo
[101/226] Building translation po/ln/LC_MESSAGES/com.github.artemanufrij.playmyvideos-ln.mo
[102/226] Building translation po/lo/LC_MESSAGES/com.github.artemanufrij.playmyvideos-lo.mo
[103/226] Building translation po/lt/LC_MESSAGES/com.github.artemanufrij.playmyvideos-lt.mo
[104/226] Building translation po/lv/LC_MESSAGES/com.github.artemanufrij.playmyvideos-lv.mo
[105/226] Building translation po/lu/LC_MESSAGES/com.github.artemanufrij.playmyvideos-lu.mo
[106/226] Building translation po/mg/LC_MESSAGES/com.github.artemanufrij.playmyvideos-mg.mo
[107/226] Building translation po/mh/LC_MESSAGES/com.github.artemanufrij.playmyvideos-mh.mo
[108/226] Building translation po/mi/LC_MESSAGES/com.github.artemanufrij.playmyvideos-mi.mo
[109/226] Building translation po/mk/LC_MESSAGES/com.github.artemanufrij.playmyvideos-mk.mo
[110/226] Building translation po/ml/LC_MESSAGES/com.github.artemanufrij.playmyvideos-ml.mo
[111/226] Building translation po/mn/LC_MESSAGES/com.github.artemanufrij.playmyvideos-mn.mo
[112/226] Building translation po/mo/LC_MESSAGES/com.github.artemanufrij.playmyvideos-mo.mo
[113/226] Building translation po/mr/LC_MESSAGES/com.github.artemanufrij.playmyvideos-mr.mo
[114/226] Building translation po/ms/LC_MESSAGES/com.github.artemanufrij.playmyvideos-ms.mo
[115/226] Building translation po/mt/LC_MESSAGES/com.github.artemanufrij.playmyvideos-mt.mo
[116/226] Building translation po/my/LC_MESSAGES/com.github.artemanufrij.playmyvideos-my.mo
[117/226] Building translation po/na/LC_MESSAGES/com.github.artemanufrij.playmyvideos-na.mo
[118/226] Building translation po/nb/LC_MESSAGES/com.github.artemanufrij.playmyvideos-nb.mo
[119/226] Building translation po/nd/LC_MESSAGES/com.github.artemanufrij.playmyvideos-nd.mo
[120/226] Building translation po/ne/LC_MESSAGES/com.github.artemanufrij.playmyvideos-ne.mo
[121/226] Building translation po/ng/LC_MESSAGES/com.github.artemanufrij.playmyvideos-ng.mo
[122/226] Building translation po/nl/LC_MESSAGES/com.github.artemanufrij.playmyvideos-nl.mo
[123/226] Building translation po/nn/LC_MESSAGES/com.github.artemanufrij.playmyvideos-nn.mo
[124/226] Building translation po/no/LC_MESSAGES/com.github.artemanufrij.playmyvideos-no.mo
[125/226] Building translation po/nr/LC_MESSAGES/com.github.artemanufrij.playmyvideos-nr.mo
[126/226] Building translation po/nv/LC_MESSAGES/com.github.artemanufrij.playmyvideos-nv.mo
[127/226] Building translation po/ny/LC_MESSAGES/com.github.artemanufrij.playmyvideos-ny.mo
[128/226] Building translation po/oc/LC_MESSAGES/com.github.artemanufrij.playmyvideos-oc.mo
[129/226] Building translation po/oj/LC_MESSAGES/com.github.artemanufrij.playmyvideos-oj.mo
[130/226] Building translation po/om/LC_MESSAGES/com.github.artemanufrij.playmyvideos-om.mo
[131/226] Building translation po/or/LC_MESSAGES/com.github.artemanufrij.playmyvideos-or.mo
[132/226] Building translation po/os/LC_MESSAGES/com.github.artemanufrij.playmyvideos-os.mo
[133/226] Building translation po/pa/LC_MESSAGES/com.github.artemanufrij.playmyvideos-pa.mo
[134/226] Building translation po/pi/LC_MESSAGES/com.github.artemanufrij.playmyvideos-pi.mo
[135/226] Building translation po/pl/LC_MESSAGES/com.github.artemanufrij.playmyvideos-pl.mo
[136/226] Building translation po/ps/LC_MESSAGES/com.github.artemanufrij.playmyvideos-ps.mo
[137/226] Building translation po/pt_BR/LC_MESSAGES/com.github.artemanufrij.playmyvideos-pt_BR.mo
[138/226] Building translation po/pt/LC_MESSAGES/com.github.artemanufrij.playmyvideos-pt.mo
[139/226] Building translation po/qu/LC_MESSAGES/com.github.artemanufrij.playmyvideos-qu.mo
[140/226] Building translation po/rm/LC_MESSAGES/com.github.artemanufrij.playmyvideos-rm.mo
[141/226] Building translation po/rn/LC_MESSAGES/com.github.artemanufrij.playmyvideos-rn.mo
[142/226] Building translation po/ro/LC_MESSAGES/com.github.artemanufrij.playmyvideos-ro.mo
[143/226] Building translation po/rue/LC_MESSAGES/com.github.artemanufrij.playmyvideos-rue.mo
[144/226] Building translation po/ru/LC_MESSAGES/com.github.artemanufrij.playmyvideos-ru.mo
[145/226] Building translation po/rw/LC_MESSAGES/com.github.artemanufrij.playmyvideos-rw.mo
[146/226] Building translation po/sa/LC_MESSAGES/com.github.artemanufrij.playmyvideos-sa.mo
[147/226] Building translation po/sc/LC_MESSAGES/com.github.artemanufrij.playmyvideos-sc.mo
[148/226] Building translation po/sd/LC_MESSAGES/com.github.artemanufrij.playmyvideos-sd.mo
[149/226] Building translation po/se/LC_MESSAGES/com.github.artemanufrij.playmyvideos-se.mo
[150/226] Building translation po/sg/LC_MESSAGES/com.github.artemanufrij.playmyvideos-sg.mo
[151/226] Building translation po/si/LC_MESSAGES/com.github.artemanufrij.playmyvideos-si.mo
[152/226] Building translation po/sk/LC_MESSAGES/com.github.artemanufrij.playmyvideos-sk.mo
[153/226] Building translation po/sl/LC_MESSAGES/com.github.artemanufrij.playmyvideos-sl.mo
[154/226] Building translation po/sma/LC_MESSAGES/com.github.artemanufrij.playmyvideos-sma.mo
[155/226] Building translation po/sm/LC_MESSAGES/com.github.artemanufrij.playmyvideos-sm.mo
[156/226] Building translation po/sn/LC_MESSAGES/com.github.artemanufrij.playmyvideos-sn.mo
[157/226] Building translation po/so/LC_MESSAGES/com.github.artemanufrij.playmyvideos-so.mo
[158/226] Building translation po/sr/LC_MESSAGES/com.github.artemanufrij.playmyvideos-sr.mo
[159/226] Building translation po/ss/LC_MESSAGES/com.github.artemanufrij.playmyvideos-ss.mo
[160/226] Building translation po/sq/LC_MESSAGES/com.github.artemanufrij.playmyvideos-sq.mo
[161/226] Building translation po/st/LC_MESSAGES/com.github.artemanufrij.playmyvideos-st.mo
[162/226] Building translation po/su/LC_MESSAGES/com.github.artemanufrij.playmyvideos-su.mo
[163/226] Building translation po/sv/LC_MESSAGES/com.github.artemanufrij.playmyvideos-sv.mo
[164/226] Building translation po/sw/LC_MESSAGES/com.github.artemanufrij.playmyvideos-sw.mo
[165/226] Building translation po/ta/LC_MESSAGES/com.github.artemanufrij.playmyvideos-ta.mo
[166/226] Building translation po/te/LC_MESSAGES/com.github.artemanufrij.playmyvideos-te.mo
[167/226] Building translation po/tg/LC_MESSAGES/com.github.artemanufrij.playmyvideos-tg.mo
[168/226] Building translation po/th/LC_MESSAGES/com.github.artemanufrij.playmyvideos-th.mo
[169/226] Building translation po/ti/LC_MESSAGES/com.github.artemanufrij.playmyvideos-ti.mo
[170/226] Building translation po/tk/LC_MESSAGES/com.github.artemanufrij.playmyvideos-tk.mo
[171/226] Building translation po/tl/LC_MESSAGES/com.github.artemanufrij.playmyvideos-tl.mo
[172/226] Building translation po/tn/LC_MESSAGES/com.github.artemanufrij.playmyvideos-tn.mo
[173/226] Building translation po/to/LC_MESSAGES/com.github.artemanufrij.playmyvideos-to.mo
[174/226] Building translation po/tr/LC_MESSAGES/com.github.artemanufrij.playmyvideos-tr.mo
[175/226] Building translation po/ts/LC_MESSAGES/com.github.artemanufrij.playmyvideos-ts.mo
[176/226] Building translation po/tt/LC_MESSAGES/com.github.artemanufrij.playmyvideos-tt.mo
[177/226] Building translation po/tw/LC_MESSAGES/com.github.artemanufrij.playmyvideos-tw.mo
[178/226] Building translation po/ty/LC_MESSAGES/com.github.artemanufrij.playmyvideos-ty.mo
[179/226] Building translation po/ug/LC_MESSAGES/com.github.artemanufrij.playmyvideos-ug.mo
[180/226] Building translation po/uk/LC_MESSAGES/com.github.artemanufrij.playmyvideos-uk.mo
[181/226] Building translation po/ur/LC_MESSAGES/com.github.artemanufrij.playmyvideos-ur.mo
[182/226] Building translation po/ve/LC_MESSAGES/com.github.artemanufrij.playmyvideos-ve.mo
[183/226] Building translation po/vi/LC_MESSAGES/com.github.artemanufrij.playmyvideos-vi.mo
[184/226] Building translation po/wo/LC_MESSAGES/com.github.artemanufrij.playmyvideos-wo.mo
[185/226] Building translation po/uz/LC_MESSAGES/com.github.artemanufrij.playmyvideos-uz.mo
[186/226] Building translation po/wa/LC_MESSAGES/com.github.artemanufrij.playmyvideos-wa.mo
[187/226] Building translation po/vo/LC_MESSAGES/com.github.artemanufrij.playmyvideos-vo.mo
[188/226] Building translation po/xh/LC_MESSAGES/com.github.artemanufrij.playmyvideos-xh.mo
[189/226] Building translation po/yi/LC_MESSAGES/com.github.artemanufrij.playmyvideos-yi.mo
[190/226] Building translation po/yo/LC_MESSAGES/com.github.artemanufrij.playmyvideos-yo.mo
[191/226] Building translation po/za/LC_MESSAGES/com.github.artemanufrij.playmyvideos-za.mo
[192/226] Building translation po/zh_CN/LC_MESSAGES/com.github.artemanufrij.playmyvideos-zh_CN.mo
[193/226] Building translation po/zh_HK/LC_MESSAGES/com.github.artemanufrij.playmyvideos-zh_HK.mo
[194/226] Building translation po/zh/LC_MESSAGES/com.github.artemanufrij.playmyvideos-zh.mo
[195/226] Building translation po/zh_TW/LC_MESSAGES/com.github.artemanufrij.playmyvideos-zh_TW.mo
[196/226] Building translation po/zu/LC_MESSAGES/com.github.artemanufrij.playmyvideos-zu.mo
[197/226] Merging translations for data/com.github.artemanufrij.playmyvideos.desktop
[198/226] Merging translations for data/com.github.artemanufrij.playmyvideos.appdata.xml
[199/226] Compiling Vala source ../src/Objects/Box.vala ../src/Objects/Video.vala ../src/Services/DataBaseManager.vala ../src/Services/LocalFilesManager.vala ../src/Services/LibraryManager.vala ../src/Services/MovieDatabaseManager.vala ../src/Interfaces/Inhibitor.vala ../src/Interfaces/MediaKeys.vala ../src/Interfaces/Thubnailer.vala ../src/Widgets/Box.vala ../src/Widgets/SubTitleRow.vala ../src/Widgets/Video.vala ../src/Widgets/Playlist.vala ../src/Widgets/VideoTimeLine.vala ../src/Widgets/PreviewPopover.vala ../src/Widgets/Views/Welcome.vala ../src/Widgets/Views/BoxesView.vala ../src/Widgets/Views/BoxView.vala ../src/Widgets/Views/PlayerView.vala ../src/Utils/Utils.vala ../src/Utils/Pixbuf.vala ../src/Utils/MovieDatabase.vala ../src/Dialogs/Preferences.vala ../src/Settings.vala ../src/MainWindow.vala ../src/Application.vala
../src/Widgets/Views/BoxView.vala:132.33-132.69: warning: Access to possible `null'. Perform a check or use an unsafe cast.
  132 |                 video_selected ((selected_row as Widgets.Video).video);
      |                                 ^~~~~~~~~~~~~~~~~~~~~~~~~~~~~~~~~~~~~  
../src/Widgets/Views/BoxesView.vala:184.23-184.48: warning: Access to possible `null'. Perform a check or use an unsafe cast.
  184 |             var box = (child as Widgets.Box).box;
      |                       ^~~~~~~~~~~~~~~~~~~~~~~~~~ 
../src/Widgets/Views/BoxesView.vala:159.23-159.47: warning: Access to possible `null'. Perform a check or use an unsafe cast.
  159 |             var box = (item as Widgets.Box).box;
      |                       ^~~~~~~~~~~~~~~~~~~~~~~~~ 
../src/Widgets/VideoTimeLine.vala:206.35-206.58: warning: Access to possible `null'. Perform a check or use an unsafe cast.
  206 |                         var uri = (row as SubTitleRow).uri;
      |                                   ^~~~~~~~~~~~~~~~~~~~~~~~ 
../src/Widgets/Playlist.vala:108.21-108.49: warning: Access to possible `null'. Perform a check or use an unsafe cast.
  108 |                 if ((item as Widgets.Video).video.ID == video.ID) {
      |                     ^~~~~~~~~~~~~~~~~~~~~~~~~~~~~                  
../src/Widgets/Playlist.vala:98.35-98.71: warning: Access to possible `null'. Perform a check or use an unsafe cast.
   98 |                 player_view.play ((selected_row as Widgets.Video).video);
      |                                   ^~~~~~~~~~~~~~~~~~~~~~~~~~~~~~~~~~~~~  
Compilation succeeded - 6 warning(s)
[200/226] Compiling C object src/com.github.artemanufrij.playmyvideos.p/meson-generated_Utils_Utils.c.o
[201/226] Compiling C object src/com.github.artemanufrij.playmyvideos.p/meson-generated_Utils_MovieDatabase.c.o
[202/226] Compiling C object src/com.github.artemanufrij.playmyvideos.p/meson-generated_Utils_Pixbuf.c.o
[203/226] Compiling C object src/com.github.artemanufrij.playmyvideos.p/meson-generated_Services_LocalFilesManager.c.o
[204/226] Compiling C object src/com.github.artemanufrij.playmyvideos.p/meson-generated_Interfaces_Inhibitor.c.o
[205/226] Compiling C object src/com.github.artemanufrij.playmyvideos.p/meson-generated_Objects_Video.c.o
[206/226] Compiling C object src/com.github.artemanufrij.playmyvideos.p/meson-generated_Interfaces_Thubnailer.c.o
[207/226] Compiling C object src/com.github.artemanufrij.playmyvideos.p/meson-generated_Widgets_Video.c.o
[208/226] Compiling C object src/com.github.artemanufrij.playmyvideos.p/meson-generated_Services_DataBaseManager.c.o
[209/226] Compiling C object src/com.github.artemanufrij.playmyvideos.p/meson-generated_Widgets_Views_BoxView.c.o
[210/226] Compiling C object src/com.github.artemanufrij.playmyvideos.p/meson-generated_Widgets_SubTitleRow.c.o
[211/226] Compiling C object src/com.github.artemanufrij.playmyvideos.p/meson-generated_Services_LibraryManager.c.o
[212/226] Compiling C object src/com.github.artemanufrij.playmyvideos.p/meson-generated_Interfaces_MediaKeys.c.o
[213/226] Compiling C object src/com.github.artemanufrij.playmyvideos.p/meson-generated_Widgets_Views_Welcome.c.o
[214/226] Compiling C object src/com.github.artemanufrij.playmyvideos.p/meson-generated_Widgets_Playlist.c.o
[215/226] Compiling C object src/com.github.artemanufrij.playmyvideos.p/meson-generated_Dialogs_Preferences.c.o
[216/226] Compiling C object src/com.github.artemanufrij.playmyvideos.p/meson-generated_Settings.c.o
[217/226] Compiling C object src/com.github.artemanufrij.playmyvideos.p/meson-generated_Services_MovieDatabaseManager.c.o
[218/226] Compiling C object src/com.github.artemanufrij.playmyvideos.p/meson-generated_Widgets_Views_BoxesView.c.o
[219/226] Compiling C object src/com.github.artemanufrij.playmyvideos.p/meson-generated_Widgets_PreviewPopover.c.o
[220/226] Compiling C object src/com.github.artemanufrij.playmyvideos.p/meson-generated_Objects_Box.c.o
[221/226] Compiling C object src/com.github.artemanufrij.playmyvideos.p/meson-generated_Widgets_Box.c.o
[222/226] Compiling C object src/com.github.artemanufrij.playmyvideos.p/meson-generated_Application.c.o
[223/226] Compiling C object src/com.github.artemanufrij.playmyvideos.p/meson-generated_Widgets_VideoTimeLine.c.o
[224/226] Compiling C object src/com.github.artemanufrij.playmyvideos.p/meson-generated_Widgets_Views_PlayerView.c.o
[225/226] Compiling C object src/com.github.artemanufrij.playmyvideos.p/meson-generated_MainWindow.c.o
[226/226] Linking target src/com.github.artemanufrij.playmyvideos
