[  3%] Building C object pull/CMakeFiles/civetweb.dir/__/3rdparty/civetweb/src/civetweb.c.o
[  3%] Building CXX object CMakeFiles/gmock_main.dir/3rdparty/googletest/googlemock/src/gmock-all.cc.o
[  6%] Building CXX object core/CMakeFiles/core.dir/src/family.cc.o
[  8%] Building CXX object CMakeFiles/gmock_main.dir/3rdparty/googletest/googletest/src/gtest-all.cc.o
[ 11%] Building CXX object pull/CMakeFiles/civetweb.dir/__/3rdparty/civetweb/src/CivetServer.cpp.o
[ 11%] Building CXX object core/CMakeFiles/core.dir/src/detail/time_window_quantiles.cc.o
[ 13%] Building CXX object CMakeFiles/gmock_main.dir/3rdparty/googletest/googlemock/src/gmock_main.cc.o
[ 16%] Building CXX object core/CMakeFiles/core.dir/src/counter.cc.o
[ 15%] Building CXX object core/CMakeFiles/core.dir/src/detail/builder.cc.o
[ 18%] Building CXX object core/CMakeFiles/core.dir/src/histogram.cc.o
[  6%] Building CXX object core/CMakeFiles/core.dir/src/detail/ckms_quantiles.cc.o
[ 20%] Building CXX object core/CMakeFiles/core.dir/src/serializer.cc.o
[ 21%] Building CXX object core/CMakeFiles/core.dir/src/gauge.cc.o
[ 23%] Building CXX object core/CMakeFiles/core.dir/src/info.cc.o
[ 25%] Building CXX object core/CMakeFiles/core.dir/src/registry.cc.o
[ 26%] Building CXX object core/CMakeFiles/core.dir/src/detail/utils.cc.o
[ 28%] Building CXX object core/CMakeFiles/core.dir/src/check_names.cc.o
[ 30%] Building CXX object core/CMakeFiles/core.dir/src/summary.cc.o
[ 31%] Building CXX object core/CMakeFiles/core.dir/src/text_serializer.cc.o
[ 33%] Linking CXX shared library ../lib/libprometheus-cpp-core.so
[ 33%] Built target core
[ 35%] Building CXX object push/CMakeFiles/push.dir/src/detail/curl_wrapper.cc.o
[ 36%] Building CXX object push/CMakeFiles/push.dir/src/gateway.cc.o
[ 38%] Building CXX object push/CMakeFiles/push.dir/src/detail/label_encoder.cc.o
[ 38%] Built target civetweb
[ 45%] Building CXX object pull/CMakeFiles/pull.dir/src/endpoint.cc.o
[ 45%] Building CXX object pull/CMakeFiles/pull.dir/src/handler.cc.o
[ 45%] Building CXX object pull/CMakeFiles/pull.dir/src/exposer.cc.o
[ 45%] Building CXX object pull/CMakeFiles/pull.dir/src/basic_auth.cc.o
[ 46%] Building CXX object pull/CMakeFiles/pull.dir/src/metrics_collector.cc.o
[ 48%] Linking CXX shared library ../lib/libprometheus-cpp-pull.so
[ 48%] Built target pull
[ 50%] Building CXX object pull/tests/integration/CMakeFiles/sample_server_multi.dir/sample_server_multi.cc.o
[ 53%] Building CXX object pull/tests/integration/CMakeFiles/sample_server.dir/sample_server.cc.o
[ 53%] Building CXX object pull/tests/integration/CMakeFiles/sample_server_auth.dir/sample_server_auth.cc.o
[ 55%] Linking CXX shared library ../lib/libprometheus-cpp-push.so
[ 56%] Linking CXX executable ../../../bin/sample_server_multi
[ 58%] Linking CXX executable ../../../bin/sample_server_auth
[ 58%] Built target sample_server_multi
[ 58%] Built target sample_server_auth
[ 58%] Built target push
[ 60%] Building CXX object push/tests/integration/CMakeFiles/sample_client.dir/sample_client.cc.o
[ 61%] Linking CXX executable ../../../bin/sample_server
[ 61%] Built target sample_server
[ 63%] Linking CXX executable ../../../bin/sample_client
[ 63%] Built target sample_client
[ 65%] Linking CXX static library lib/libgmock_main.a
[ 65%] Built target gmock_main
[ 70%] Building CXX object core/tests/CMakeFiles/prometheus_core_test.dir/builder_test.cc.o
[ 70%] Building CXX object util/tests/unit/CMakeFiles/prometheus_util_test.dir/base64_test.cc.o
[ 73%] Building CXX object core/tests/CMakeFiles/prometheus_core_test.dir/check_metric_name_test.cc.o
[ 73%] Building CXX object push/tests/internal/CMakeFiles/prometheus_push_internal_test.dir/label_encoder_test.cc.o
[ 70%] Building CXX object core/tests/CMakeFiles/prometheus_core_test.dir/check_label_name_test.cc.o
[ 75%] Building CXX object pull/tests/integration/CMakeFiles/prometheus_pull_integration_test.dir/integration_test.cc.o
[ 78%] Building CXX object core/tests/CMakeFiles/prometheus_core_test.dir/family_test.cc.o
[ 78%] Building CXX object core/tests/CMakeFiles/prometheus_core_test.dir/gauge_test.cc.o
[ 80%] Building CXX object pull/tests/unit/CMakeFiles/prometheus_pull_test.dir/exposer_test.cc.o
[ 81%] Building CXX object core/tests/CMakeFiles/prometheus_core_test.dir/serializer_test.cc.o
[ 85%] Building CXX object core/tests/CMakeFiles/prometheus_core_test.dir/histogram_test.cc.o
[ 85%] Building CXX object core/tests/CMakeFiles/prometheus_core_test.dir/registry_test.cc.o
[ 86%] Building CXX object core/tests/CMakeFiles/prometheus_core_test.dir/counter_test.cc.o
[ 88%] Building CXX object core/tests/CMakeFiles/prometheus_core_test.dir/summary_test.cc.o
[ 90%] Building CXX object core/tests/CMakeFiles/prometheus_core_test.dir/text_serializer_test.cc.o
[ 91%] Building CXX object core/tests/CMakeFiles/prometheus_core_test.dir/utils_test.cc.o
[ 93%] Linking CXX executable ../../../bin/prometheus_push_internal_test
[ 95%] Linking CXX executable ../../../bin/prometheus_util_test
[ 95%] Built target prometheus_push_internal_test
[ 95%] Built target prometheus_util_test
[ 96%] Linking CXX executable ../../../bin/prometheus_pull_test
[ 96%] Built target prometheus_pull_test
[ 98%] Linking CXX executable ../../../bin/prometheus_pull_integration_test
[ 98%] Built target prometheus_pull_integration_test
[100%] Linking CXX executable ../../bin/prometheus_core_test
[100%] Built target prometheus_core_test
