-- The C compiler identification is GNU 15.1.1
-- The CXX compiler identification is GNU 15.1.1
-- Detecting C compiler ABI info
-- Detecting C compiler ABI info - done
-- Check for working C compiler: /usr/bin/cc - skipped
-- Detecting C compile features
-- Detecting C compile features - done
-- Detecting CXX compiler ABI info
-- Detecting CXX compiler ABI info - done
-- Check for working CXX compiler: /usr/bin/c++ - skipped
-- Detecting CXX compile features
-- Detecting CXX compile features - done
-- Performing Test CMAKE_HAVE_LIBC_PTHREAD
-- Performing Test CMAKE_HAVE_LIBC_PTHREAD - Success
-- Found Threads: TRUE
-- Performing Test HAVE_CXX_ATOMICS_WITHOUT_LIB
-- Performing Test HAVE_CXX_ATOMICS_WITHOUT_LIB - Success
-- Performing Test COMPILER_HAS_HIDDEN_VISIBILITY
-- Performing Test COMPILER_HAS_HIDDEN_VISIBILITY - Success
-- Performing Test COMPILER_HAS_HIDDEN_INLINE_VISIBILITY
-- Performing Test COMPILER_HAS_HIDDEN_INLINE_VISIBILITY - Success
-- Performing Test COMPILER_HAS_DEPRECATED_ATTR
-- Performing Test COMPILER_HAS_DEPRECATED_ATTR - Success
-- Found ZLIB: /usr/lib/libz.so (found version "1.3.1")
-- Found CURL: /usr/lib/libcurl.so (found version "8.15.0")
-- The following features have been enabled:

 * Pull, support for pulling metrics
 * Push, support for pushing metrics to a push-gateway
 * Compression, support for zlib compression of metrics
 * pkg-config, generate pkg-config files

-- The following OPTIONAL packages have been found:

 * Threads
 * benchmark

-- The following REQUIRED packages have been found:

 * googlemock-3rdparty
 * civetweb-3rdparty
 * ZLIB
 * CURL

-- The following features have been disabled:

 * IYWU, include-what-you-use

-- Configuring done (0.9s)
-- Generating done (0.0s)
CMake Warning:
  Manually-specified variables were not used by the project:

    FETCHCONTENT_FULLY_DISCONNECTED


-- Build files have been written to: /build/prometheus-cpp/src/prometheus-cpp-with-submodules/build
