
Welcome to .NET 9.0!
---------------------
SDK Version: 9.0.109

----------------
Installed an ASP.NET Core HTTPS development certificate.
To trust the certificate, run 'dotnet dev-certs https --trust'
Learn about HTTPS: https://aka.ms/dotnet-https

----------------
Write your first app: https://aka.ms/dotnet-hello-world
Find out what's new: https://aka.ms/dotnet-whats-new
Explore documentation: https://aka.ms/dotnet-docs
Report issues and find source on GitHub: https://github.com/dotnet/core
Use 'dotnet --help' to see available commands or visit: https://aka.ms/dotnet-cli
--------------------------------------------------------------------------------------
An issue was encountered verifying workloads. For more information, run "dotnet workload update".
  Determining projects to restore...
  Restored /build/ps2_manager-git/src/ps2_manager/PS2_Manager/PS2_Manager.csproj (in 26.55 sec).
/build/ps2_manager-git/src/ps2_manager/PS2_Manager/Core/Globals.cs(36,13): warning CS8981: The type name 'settings' only contains lower-cased ascii characters. Such names may become reserved for the language. [/build/ps2_manager-git/src/ps2_manager/PS2_Manager/PS2_Manager.csproj]
/build/ps2_manager-git/src/ps2_manager/PS2_Manager/Core/Console.cs(107,48): warning CS8625: Cannot convert null literal to non-nullable reference type. [/build/ps2_manager-git/src/ps2_manager/PS2_Manager/PS2_Manager.csproj]
/build/ps2_manager-git/src/ps2_manager/PS2_Manager/Core/Console.cs(115,48): warning CS8625: Cannot convert null literal to non-nullable reference type. [/build/ps2_manager-git/src/ps2_manager/PS2_Manager/PS2_Manager.csproj]
/build/ps2_manager-git/src/ps2_manager/PS2_Manager/Core/Console.cs(123,48): warning CS8625: Cannot convert null literal to non-nullable reference type. [/build/ps2_manager-git/src/ps2_manager/PS2_Manager/PS2_Manager.csproj]
/build/ps2_manager-git/src/ps2_manager/PS2_Manager/Core/Console.cs(131,48): warning CS8625: Cannot convert null literal to non-nullable reference type. [/build/ps2_manager-git/src/ps2_manager/PS2_Manager/PS2_Manager.csproj]
/build/ps2_manager-git/src/ps2_manager/PS2_Manager/Core/Console.cs(139,48): warning CS8625: Cannot convert null literal to non-nullable reference type. [/build/ps2_manager-git/src/ps2_manager/PS2_Manager/PS2_Manager.csproj]
/build/ps2_manager-git/src/ps2_manager/PS2_Manager/Core/Console.cs(147,48): warning CS8625: Cannot convert null literal to non-nullable reference type. [/build/ps2_manager-git/src/ps2_manager/PS2_Manager/PS2_Manager.csproj]
/build/ps2_manager-git/src/ps2_manager/PS2_Manager/Core/Console.cs(155,48): warning CS8625: Cannot convert null literal to non-nullable reference type. [/build/ps2_manager-git/src/ps2_manager/PS2_Manager/PS2_Manager.csproj]
/build/ps2_manager-git/src/ps2_manager/PS2_Manager/Core/Console.cs(163,48): warning CS8625: Cannot convert null literal to non-nullable reference type. [/build/ps2_manager-git/src/ps2_manager/PS2_Manager/PS2_Manager.csproj]
/build/ps2_manager-git/src/ps2_manager/PS2_Manager/App.axaml.cs(19,35): warning CS8600: Converting null literal or possible null value to non-nullable type. [/build/ps2_manager-git/src/ps2_manager/PS2_Manager/PS2_Manager.csproj]
/build/ps2_manager-git/src/ps2_manager/PS2_Manager/Core/Util.cs(17,26): warning CS0618: 'OpenFileDialog' is obsolete: 'Use Window.StorageProvider API or TopLevel.StorageProvider API' [/build/ps2_manager-git/src/ps2_manager/PS2_Manager/PS2_Manager.csproj]
/build/ps2_manager-git/src/ps2_manager/PS2_Manager/Core/Util.cs(21,32): warning CS0618: 'FileDialogFilter' is obsolete: 'Use Window.StorageProvider API or TopLevel.StorageProvider API' [/build/ps2_manager-git/src/ps2_manager/PS2_Manager/PS2_Manager.csproj]
/build/ps2_manager-git/src/ps2_manager/PS2_Manager/Core/Util.cs(23,21): warning CS0618: 'FileDialogFilter' is obsolete: 'Use Window.StorageProvider API or TopLevel.StorageProvider API' [/build/ps2_manager-git/src/ps2_manager/PS2_Manager/PS2_Manager.csproj]
/build/ps2_manager-git/src/ps2_manager/PS2_Manager/Core/Util.cs(24,21): warning CS0618: 'FileDialogFilter' is obsolete: 'Use Window.StorageProvider API or TopLevel.StorageProvider API' [/build/ps2_manager-git/src/ps2_manager/PS2_Manager/PS2_Manager.csproj]
/build/ps2_manager-git/src/ps2_manager/PS2_Manager/Core/Globals.cs(64,19): warning CS8618: Non-nullable property 'id' must contain a non-null value when exiting constructor. Consider adding the 'required' modifier or declaring the property as nullable. [/build/ps2_manager-git/src/ps2_manager/PS2_Manager/PS2_Manager.csproj]
/build/ps2_manager-git/src/ps2_manager/PS2_Manager/Core/Globals.cs(65,19): warning CS8618: Non-nullable property 'title' must contain a non-null value when exiting constructor. Consider adding the 'required' modifier or declaring the property as nullable. [/build/ps2_manager-git/src/ps2_manager/PS2_Manager/PS2_Manager.csproj]
/build/ps2_manager-git/src/ps2_manager/PS2_Manager/Core/Globals.cs(14,30): warning CS8618: Non-nullable property 'Games' must contain a non-null value when exiting constructor. Consider adding the 'required' modifier or declaring the property as nullable. [/build/ps2_manager-git/src/ps2_manager/PS2_Manager/PS2_Manager.csproj]
/build/ps2_manager-git/src/ps2_manager/PS2_Manager/Core/Globals.cs(44,15): warning CS8618: Non-nullable field '_value' must contain a non-null value when exiting constructor. Consider adding the 'required' modifier or declaring the field as nullable. [/build/ps2_manager-git/src/ps2_manager/PS2_Manager/PS2_Manager.csproj]
/build/ps2_manager-git/src/ps2_manager/PS2_Manager/Core/Globals.cs(46,19): warning CS8618: Non-nullable field 'ValueChanged' must contain a non-null value when exiting constructor. Consider adding the 'required' modifier or declaring the field as nullable. [/build/ps2_manager-git/src/ps2_manager/PS2_Manager/PS2_Manager.csproj]
/build/ps2_manager-git/src/ps2_manager/PS2_Manager/Core/Config.cs(19,12): warning CS8618: Non-nullable property 'MemoryCard1' must contain a non-null value when exiting constructor. Consider adding the 'required' modifier or declaring the property as nullable. [/build/ps2_manager-git/src/ps2_manager/PS2_Manager/PS2_Manager.csproj]
/build/ps2_manager-git/src/ps2_manager/PS2_Manager/Core/Config.cs(19,12): warning CS8618: Non-nullable property 'MemoryCard2' must contain a non-null value when exiting constructor. Consider adding the 'required' modifier or declaring the property as nullable. [/build/ps2_manager-git/src/ps2_manager/PS2_Manager/PS2_Manager.csproj]
/build/ps2_manager-git/src/ps2_manager/PS2_Manager/Core/ConfigUtils.cs(22,63): warning CS8602: Dereference of a possibly null reference. [/build/ps2_manager-git/src/ps2_manager/PS2_Manager/PS2_Manager.csproj]
/build/ps2_manager-git/src/ps2_manager/PS2_Manager/Core/ConfigUtils.cs(22,63): warning CS8604: Possible null reference argument for parameter 'value' in 'void INIFile.SetValue(string section, string key, string value, bool convertValueToLower = false)'. [/build/ps2_manager-git/src/ps2_manager/PS2_Manager/PS2_Manager.csproj]
/build/ps2_manager-git/src/ps2_manager/PS2_Manager/Core/ISO.cs(20,36): warning CS8600: Converting null literal or possible null value to non-nullable type. [/build/ps2_manager-git/src/ps2_manager/PS2_Manager/PS2_Manager.csproj]
/build/ps2_manager-git/src/ps2_manager/PS2_Manager/Core/ISO.cs(40,16): warning CS8603: Possible null reference return. [/build/ps2_manager-git/src/ps2_manager/PS2_Manager/PS2_Manager.csproj]
/build/ps2_manager-git/src/ps2_manager/PS2_Manager/AddGameWindow.axaml.cs(22,12): warning CS8618: Non-nullable property 'Gamepath' must contain a non-null value when exiting constructor. Consider adding the 'required' modifier or declaring the property as nullable. [/build/ps2_manager-git/src/ps2_manager/PS2_Manager/PS2_Manager.csproj]
/build/ps2_manager-git/src/ps2_manager/PS2_Manager/Core/ConfigUtils.cs(46,16): warning CS8603: Possible null reference return. [/build/ps2_manager-git/src/ps2_manager/PS2_Manager/PS2_Manager.csproj]
/build/ps2_manager-git/src/ps2_manager/PS2_Manager/Core/Game.cs(31,12): warning CS8618: Non-nullable property 'InstallProgress' must contain a non-null value when exiting constructor. Consider adding the 'required' modifier or declaring the property as nullable. [/build/ps2_manager-git/src/ps2_manager/PS2_Manager/PS2_Manager.csproj]
/build/ps2_manager-git/src/ps2_manager/PS2_Manager/Core/ConfigUtils.cs(12,28): warning CS8618: Non-nullable field 'config' must contain a non-null value when exiting constructor. Consider adding the 'required' modifier or declaring the field as nullable. [/build/ps2_manager-git/src/ps2_manager/PS2_Manager/PS2_Manager.csproj]
/build/ps2_manager-git/src/ps2_manager/PS2_Manager/Core/Game.cs(69,38): warning CS8600: Converting null literal or possible null value to non-nullable type. [/build/ps2_manager-git/src/ps2_manager/PS2_Manager/PS2_Manager.csproj]
/build/ps2_manager-git/src/ps2_manager/PS2_Manager/Core/Game.cs(71,57): warning CS8604: Possible null reference argument for parameter 'path1' in 'string Path.Combine(string path1, string path2)'. [/build/ps2_manager-git/src/ps2_manager/PS2_Manager/PS2_Manager.csproj]
/build/ps2_manager-git/src/ps2_manager/PS2_Manager/Core/ConfigUtils.cs(190,20): warning CS8603: Possible null reference return. [/build/ps2_manager-git/src/ps2_manager/PS2_Manager/PS2_Manager.csproj]
/build/ps2_manager-git/src/ps2_manager/PS2_Manager/Core/Console.cs(13,49): warning CS8625: Cannot convert null literal to non-nullable reference type. [/build/ps2_manager-git/src/ps2_manager/PS2_Manager/PS2_Manager.csproj]
/build/ps2_manager-git/src/ps2_manager/PS2_Manager/Core/ConfigUtils.cs(229,44): warning CS8625: Cannot convert null literal to non-nullable reference type. [/build/ps2_manager-git/src/ps2_manager/PS2_Manager/PS2_Manager.csproj]
/build/ps2_manager-git/src/ps2_manager/PS2_Manager/Core/IsoConverter.cs(54,30): warning CS0168: The variable 'ex' is declared but never used [/build/ps2_manager-git/src/ps2_manager/PS2_Manager/PS2_Manager.csproj]
/build/ps2_manager-git/src/ps2_manager/PS2_Manager/MainWindow.axaml.cs(109,27): warning CS8602: Dereference of a possibly null reference. [/build/ps2_manager-git/src/ps2_manager/PS2_Manager/PS2_Manager.csproj]
/build/ps2_manager-git/src/ps2_manager/PS2_Manager/AddGameWindow.axaml.cs(87,27): warning CS8602: Dereference of a possibly null reference. [/build/ps2_manager-git/src/ps2_manager/PS2_Manager/PS2_Manager.csproj]
/build/ps2_manager-git/src/ps2_manager/PS2_Manager/Setup.axaml.cs(47,26): warning CS8602: Dereference of a possibly null reference. [/build/ps2_manager-git/src/ps2_manager/PS2_Manager/PS2_Manager.csproj]
/build/ps2_manager-git/src/ps2_manager/PS2_Manager/MainWindow.axaml.cs(155,23): warning CS8604: Possible null reference argument for parameter 'path' in 'void Util.CheckDir(string path)'. [/build/ps2_manager-git/src/ps2_manager/PS2_Manager/PS2_Manager.csproj]
/build/ps2_manager-git/src/ps2_manager/PS2_Manager/MainWindow.axaml.cs(156,36): warning CS8604: Possible null reference argument for parameter 'path1' in 'string Path.Combine(string path1, string path2)'. [/build/ps2_manager-git/src/ps2_manager/PS2_Manager/PS2_Manager.csproj]
/build/ps2_manager-git/src/ps2_manager/PS2_Manager/MainWindow.axaml.cs(157,36): warning CS8604: Possible null reference argument for parameter 'path1' in 'string Path.Combine(string path1, string path2)'. [/build/ps2_manager-git/src/ps2_manager/PS2_Manager/PS2_Manager.csproj]
/build/ps2_manager-git/src/ps2_manager/PS2_Manager/MainWindow.axaml.cs(158,36): warning CS8604: Possible null reference argument for parameter 'path1' in 'string Path.Combine(string path1, string path2)'. [/build/ps2_manager-git/src/ps2_manager/PS2_Manager/PS2_Manager.csproj]
/build/ps2_manager-git/src/ps2_manager/PS2_Manager/MainWindow.axaml.cs(159,36): warning CS8604: Possible null reference argument for parameter 'path1' in 'string Path.Combine(string path1, string path2)'. [/build/ps2_manager-git/src/ps2_manager/PS2_Manager/PS2_Manager.csproj]
/build/ps2_manager-git/src/ps2_manager/PS2_Manager/MainWindow.axaml.cs(160,36): warning CS8604: Possible null reference argument for parameter 'path1' in 'string Path.Combine(string path1, string path2)'. [/build/ps2_manager-git/src/ps2_manager/PS2_Manager/PS2_Manager.csproj]
/build/ps2_manager-git/src/ps2_manager/PS2_Manager/MainWindow.axaml.cs(149,26): warning CS0168: The variable 'ex' is declared but never used [/build/ps2_manager-git/src/ps2_manager/PS2_Manager/PS2_Manager.csproj]
/build/ps2_manager-git/src/ps2_manager/PS2_Manager/MainWindow.axaml.cs(139,24): warning CS1998: This async method lacks 'await' operators and will run synchronously. Consider using the 'await' operator to await non-blocking API calls, or 'await Task.Run(...)' to do CPU-bound work on a background thread. [/build/ps2_manager-git/src/ps2_manager/PS2_Manager/PS2_Manager.csproj]
/build/ps2_manager-git/src/ps2_manager/PS2_Manager/Core/Game.cs(130,24): warning CS8600: Converting null literal or possible null value to non-nullable type. [/build/ps2_manager-git/src/ps2_manager/PS2_Manager/PS2_Manager.csproj]
/build/ps2_manager-git/src/ps2_manager/PS2_Manager/Core/Game.cs(162,16): warning CS8603: Possible null reference return. [/build/ps2_manager-git/src/ps2_manager/PS2_Manager/PS2_Manager.csproj]
/build/ps2_manager-git/src/ps2_manager/PS2_Manager/MainWindow.axaml.cs(169,64): warning CS8604: Possible null reference argument for parameter 'path1' in 'string Path.Combine(string path1, string path2)'. [/build/ps2_manager-git/src/ps2_manager/PS2_Manager/PS2_Manager.csproj]
/build/ps2_manager-git/src/ps2_manager/PS2_Manager/MainWindow.axaml.cs(184,63): warning CS8604: Possible null reference argument for parameter 'path1' in 'string Path.Combine(string path1, string path2)'. [/build/ps2_manager-git/src/ps2_manager/PS2_Manager/PS2_Manager.csproj]
/build/ps2_manager-git/src/ps2_manager/PS2_Manager/MainWindow.axaml.cs(207,58): warning CS8604: Possible null reference argument for parameter 'path1' in 'string Path.Combine(string path1, string path2)'. [/build/ps2_manager-git/src/ps2_manager/PS2_Manager/PS2_Manager.csproj]
/build/ps2_manager-git/src/ps2_manager/PS2_Manager/Core/Game.cs(175,44): warning CS8604: Possible null reference argument for parameter 'path1' in 'string Path.Combine(string path1, string path2)'. [/build/ps2_manager-git/src/ps2_manager/PS2_Manager/PS2_Manager.csproj]
/build/ps2_manager-git/src/ps2_manager/PS2_Manager/Core/Game.cs(177,44): warning CS8604: Possible null reference argument for parameter 'path1' in 'string Path.Combine(string path1, string path2)'. [/build/ps2_manager-git/src/ps2_manager/PS2_Manager/PS2_Manager.csproj]
/build/ps2_manager-git/src/ps2_manager/PS2_Manager/Core/Game.cs(212,34): warning CS8600: Converting null literal or possible null value to non-nullable type. [/build/ps2_manager-git/src/ps2_manager/PS2_Manager/PS2_Manager.csproj]
/build/ps2_manager-git/src/ps2_manager/PS2_Manager/Core/Game.cs(213,36): warning CS8604: Possible null reference argument for parameter 'path1' in 'string Path.Combine(string path1, string path2)'. [/build/ps2_manager-git/src/ps2_manager/PS2_Manager/PS2_Manager.csproj]
/build/ps2_manager-git/src/ps2_manager/PS2_Manager/Core/Game.cs(220,21): warning CS0162: Unreachable code detected [/build/ps2_manager-git/src/ps2_manager/PS2_Manager/PS2_Manager.csproj]
/build/ps2_manager-git/src/ps2_manager/PS2_Manager/Core/Game.cs(223,21): warning CS0162: Unreachable code detected [/build/ps2_manager-git/src/ps2_manager/PS2_Manager/PS2_Manager.csproj]
/build/ps2_manager-git/src/ps2_manager/PS2_Manager/Core/Game.cs(226,21): warning CS0162: Unreachable code detected [/build/ps2_manager-git/src/ps2_manager/PS2_Manager/PS2_Manager.csproj]
/build/ps2_manager-git/src/ps2_manager/PS2_Manager/Core/Game.cs(229,21): warning CS0162: Unreachable code detected [/build/ps2_manager-git/src/ps2_manager/PS2_Manager/PS2_Manager.csproj]
/build/ps2_manager-git/src/ps2_manager/PS2_Manager/Core/Game.cs(239,34): warning CS8600: Converting null literal or possible null value to non-nullable type. [/build/ps2_manager-git/src/ps2_manager/PS2_Manager/PS2_Manager.csproj]
/build/ps2_manager-git/src/ps2_manager/PS2_Manager/Core/Game.cs(240,36): warning CS8604: Possible null reference argument for parameter 'path1' in 'string Path.Combine(string path1, string path2)'. [/build/ps2_manager-git/src/ps2_manager/PS2_Manager/PS2_Manager.csproj]
/build/ps2_manager-git/src/ps2_manager/PS2_Manager/Core/Game.cs(273,42): warning CS8604: Possible null reference argument for parameter 'path1' in 'string Path.Combine(string path1, string path2)'. [/build/ps2_manager-git/src/ps2_manager/PS2_Manager/PS2_Manager.csproj]
/build/ps2_manager-git/src/ps2_manager/PS2_Manager/Core/Game.cs(277,34): warning CS8600: Converting null literal or possible null value to non-nullable type. [/build/ps2_manager-git/src/ps2_manager/PS2_Manager/PS2_Manager.csproj]
/build/ps2_manager-git/src/ps2_manager/PS2_Manager/Core/Game.cs(291,42): warning CS8604: Possible null reference argument for parameter 'path1' in 'string Path.Combine(string path1, string path2)'. [/build/ps2_manager-git/src/ps2_manager/PS2_Manager/PS2_Manager.csproj]
/build/ps2_manager-git/src/ps2_manager/PS2_Manager/MainWindow.axaml.cs(361,31): warning CS8602: Dereference of a possibly null reference. [/build/ps2_manager-git/src/ps2_manager/PS2_Manager/PS2_Manager.csproj]
/build/ps2_manager-git/src/ps2_manager/PS2_Manager/MainWindow.axaml.cs(415,17): warning CS8602: Dereference of a possibly null reference. [/build/ps2_manager-git/src/ps2_manager/PS2_Manager/PS2_Manager.csproj]
/build/ps2_manager-git/src/ps2_manager/PS2_Manager/MainWindow.axaml.cs(428,17): warning CS8602: Dereference of a possibly null reference. [/build/ps2_manager-git/src/ps2_manager/PS2_Manager/PS2_Manager.csproj]
/build/ps2_manager-git/src/ps2_manager/PS2_Manager/MainWindow.axaml.cs(443,25): warning CS8602: Dereference of a possibly null reference. [/build/ps2_manager-git/src/ps2_manager/PS2_Manager/PS2_Manager.csproj]
/build/ps2_manager-git/src/ps2_manager/PS2_Manager/MainWindow.axaml.cs(443,53): warning CS8629: Nullable value type may be null. [/build/ps2_manager-git/src/ps2_manager/PS2_Manager/PS2_Manager.csproj]
/build/ps2_manager-git/src/ps2_manager/PS2_Manager/MainWindow.axaml.cs(447,25): warning CS8602: Dereference of a possibly null reference. [/build/ps2_manager-git/src/ps2_manager/PS2_Manager/PS2_Manager.csproj]
/build/ps2_manager-git/src/ps2_manager/PS2_Manager/MainWindow.axaml.cs(447,53): warning CS8629: Nullable value type may be null. [/build/ps2_manager-git/src/ps2_manager/PS2_Manager/PS2_Manager.csproj]
/build/ps2_manager-git/src/ps2_manager/PS2_Manager/MainWindow.axaml.cs(451,25): warning CS8602: Dereference of a possibly null reference. [/build/ps2_manager-git/src/ps2_manager/PS2_Manager/PS2_Manager.csproj]
/build/ps2_manager-git/src/ps2_manager/PS2_Manager/MainWindow.axaml.cs(451,53): warning CS8629: Nullable value type may be null. [/build/ps2_manager-git/src/ps2_manager/PS2_Manager/PS2_Manager.csproj]
/build/ps2_manager-git/src/ps2_manager/PS2_Manager/MainWindow.axaml.cs(455,25): warning CS8602: Dereference of a possibly null reference. [/build/ps2_manager-git/src/ps2_manager/PS2_Manager/PS2_Manager.csproj]
/build/ps2_manager-git/src/ps2_manager/PS2_Manager/MainWindow.axaml.cs(455,53): warning CS8629: Nullable value type may be null. [/build/ps2_manager-git/src/ps2_manager/PS2_Manager/PS2_Manager.csproj]
/build/ps2_manager-git/src/ps2_manager/PS2_Manager/MainWindow.axaml.cs(459,25): warning CS8602: Dereference of a possibly null reference. [/build/ps2_manager-git/src/ps2_manager/PS2_Manager/PS2_Manager.csproj]
/build/ps2_manager-git/src/ps2_manager/PS2_Manager/MainWindow.axaml.cs(459,53): warning CS8629: Nullable value type may be null. [/build/ps2_manager-git/src/ps2_manager/PS2_Manager/PS2_Manager.csproj]
/build/ps2_manager-git/src/ps2_manager/PS2_Manager/MainWindow.axaml.cs(463,25): warning CS8602: Dereference of a possibly null reference. [/build/ps2_manager-git/src/ps2_manager/PS2_Manager/PS2_Manager.csproj]
/build/ps2_manager-git/src/ps2_manager/PS2_Manager/MainWindow.axaml.cs(463,53): warning CS8629: Nullable value type may be null. [/build/ps2_manager-git/src/ps2_manager/PS2_Manager/PS2_Manager.csproj]
/build/ps2_manager-git/src/ps2_manager/PS2_Manager/MainWindow.axaml.cs(468,13): warning CS8602: Dereference of a possibly null reference. [/build/ps2_manager-git/src/ps2_manager/PS2_Manager/PS2_Manager.csproj]
/build/ps2_manager-git/src/ps2_manager/PS2_Manager/Core/Game.cs(91,33): warning IL2026: Using member 'System.Text.Json.JsonSerializer.Deserialize<TValue>(String, JsonSerializerOptions)' which has 'RequiresUnreferencedCodeAttribute' can break functionality when trimming application code. JSON serialization and deserialization might require types that cannot be statically analyzed. Use the overload that takes a JsonTypeInfo or JsonSerializerContext, or make sure all of the required types are preserved. [/build/ps2_manager-git/src/ps2_manager/PS2_Manager/PS2_Manager.csproj]
/build/ps2_manager-git/src/ps2_manager/PS2_Manager/MainWindow.axaml.cs(145,33): warning IL3000: 'System.Reflection.Assembly.Location' always returns an empty string for assemblies embedded in a single-file app. If the path to the app directory is needed, consider calling 'System.AppContext.BaseDirectory'. [/build/ps2_manager-git/src/ps2_manager/PS2_Manager/PS2_Manager.csproj]
/build/ps2_manager-git/src/ps2_manager/PS2_Manager/AddGameWindow.axaml : Avalonia warning AVLN3001: XAML resource "avares://PS2_Manager/AddGameWindow.axaml" won't be reachable via runtime loader, as no public constructor was found [/build/ps2_manager-git/src/ps2_manager/PS2_Manager/PS2_Manager.csproj]
/build/ps2_manager-git/src/ps2_manager/PS2_Manager/ConvertGameWindow.axaml : Avalonia warning AVLN3001: XAML resource "avares://PS2_Manager/ConvertGameWindow.axaml" won't be reachable via runtime loader, as no public constructor was found [/build/ps2_manager-git/src/ps2_manager/PS2_Manager/PS2_Manager.csproj]
  PS2_Manager -> /build/ps2_manager-git/src/ps2_manager/PS2_Manager/bin/Release/net8.0/linux-x64/PS2_Manager.dll
  Optimizing assemblies for size. This process might take a while.
/build/ps2_manager-git/src/ps2_manager/PS2_Manager/Core/Game.cs(91,13): Trim analysis warning IL2026: PS2_Manager.Core.Game.GetGameTitle(): Using member 'System.Text.Json.JsonSerializer.Deserialize<TValue>(String, JsonSerializerOptions)' which has 'RequiresUnreferencedCodeAttribute' can break functionality when trimming application code. JSON serialization and deserialization might require types that cannot be statically analyzed. Use the overload that takes a JsonTypeInfo or JsonSerializerContext, or make sure all of the required types are preserved. [/build/ps2_manager-git/src/ps2_manager/PS2_Manager/PS2_Manager.csproj]
  PS2_Manager -> /build/ps2_manager-git/src/output_linux/
