* Getting build dependencies for wheel...
running egg_info
creating mutagen.egg-info
writing mutagen.egg-info/PKG-INFO
writing dependency_links to mutagen.egg-info/dependency_links.txt
writing entry points to mutagen.egg-info/entry_points.txt
writing top-level names to mutagen.egg-info/top_level.txt
writing manifest file 'mutagen.egg-info/SOURCES.txt'
reading manifest file 'mutagen.egg-info/SOURCES.txt'
reading manifest template 'MANIFEST.in'
warning: no files found matching '*.pyi' under directory 'mutagen'
warning: no files found matching 'README.rst' under directory 'mutagen'
warning: no files found matching '*.png' under directory 'docs'
no previously-included directories found matching 'docs/_build'
adding license file 'COPYING'
writing manifest file 'mutagen.egg-info/SOURCES.txt'
* Building wheel...
running bdist_wheel
running build
running build_py
creating build/lib/mutagen
copying mutagen/m4a.py -> build/lib/mutagen
copying mutagen/easymp4.py -> build/lib/mutagen
copying mutagen/__init__.py -> build/lib/mutagen
copying mutagen/_riff.py -> build/lib/mutagen
copying mutagen/_constants.py -> build/lib/mutagen
copying mutagen/wave.py -> build/lib/mutagen
copying mutagen/easyid3.py -> build/lib/mutagen
copying mutagen/oggvorbis.py -> build/lib/mutagen
copying mutagen/oggopus.py -> build/lib/mutagen
copying mutagen/optimfrog.py -> build/lib/mutagen
copying mutagen/oggspeex.py -> build/lib/mutagen
copying mutagen/oggflac.py -> build/lib/mutagen
copying mutagen/dsdiff.py -> build/lib/mutagen
copying mutagen/dsf.py -> build/lib/mutagen
copying mutagen/_util.py -> build/lib/mutagen
copying mutagen/trueaudio.py -> build/lib/mutagen
copying mutagen/monkeysaudio.py -> build/lib/mutagen
copying mutagen/_file.py -> build/lib/mutagen
copying mutagen/apev2.py -> build/lib/mutagen
copying mutagen/ogg.py -> build/lib/mutagen
copying mutagen/_iff.py -> build/lib/mutagen
copying mutagen/wavpack.py -> build/lib/mutagen
copying mutagen/aiff.py -> build/lib/mutagen
copying mutagen/_vorbis.py -> build/lib/mutagen
copying mutagen/smf.py -> build/lib/mutagen
copying mutagen/_tags.py -> build/lib/mutagen
copying mutagen/musepack.py -> build/lib/mutagen
copying mutagen/flac.py -> build/lib/mutagen
copying mutagen/aac.py -> build/lib/mutagen
copying mutagen/tak.py -> build/lib/mutagen
copying mutagen/ac3.py -> build/lib/mutagen
copying mutagen/oggtheora.py -> build/lib/mutagen
creating build/lib/mutagen/id3
copying mutagen/id3/__init__.py -> build/lib/mutagen/id3
copying mutagen/id3/_frames.py -> build/lib/mutagen/id3
copying mutagen/id3/_specs.py -> build/lib/mutagen/id3
copying mutagen/id3/_util.py -> build/lib/mutagen/id3
copying mutagen/id3/_file.py -> build/lib/mutagen/id3
copying mutagen/id3/_tags.py -> build/lib/mutagen/id3
copying mutagen/id3/_id3v1.py -> build/lib/mutagen/id3
creating build/lib/mutagen/mp4
copying mutagen/mp4/__init__.py -> build/lib/mutagen/mp4
copying mutagen/mp4/_util.py -> build/lib/mutagen/mp4
copying mutagen/mp4/_atom.py -> build/lib/mutagen/mp4
copying mutagen/mp4/_as_entry.py -> build/lib/mutagen/mp4
creating build/lib/mutagen/asf
copying mutagen/asf/__init__.py -> build/lib/mutagen/asf
copying mutagen/asf/_util.py -> build/lib/mutagen/asf
copying mutagen/asf/_objects.py -> build/lib/mutagen/asf
copying mutagen/asf/_attrs.py -> build/lib/mutagen/asf
creating build/lib/mutagen/mp3
copying mutagen/mp3/__init__.py -> build/lib/mutagen/mp3
copying mutagen/mp3/_util.py -> build/lib/mutagen/mp3
creating build/lib/mutagen/_tools
copying mutagen/_tools/mid3iconv.py -> build/lib/mutagen/_tools
copying mutagen/_tools/__init__.py -> build/lib/mutagen/_tools
copying mutagen/_tools/mid3v2.py -> build/lib/mutagen/_tools
copying mutagen/_tools/mutagen_inspect.py -> build/lib/mutagen/_tools
copying mutagen/_tools/_util.py -> build/lib/mutagen/_tools
copying mutagen/_tools/mutagen_pony.py -> build/lib/mutagen/_tools
copying mutagen/_tools/moggsplit.py -> build/lib/mutagen/_tools
copying mutagen/_tools/mid3cp.py -> build/lib/mutagen/_tools
running egg_info
writing mutagen.egg-info/PKG-INFO
writing dependency_links to mutagen.egg-info/dependency_links.txt
writing entry points to mutagen.egg-info/entry_points.txt
writing top-level names to mutagen.egg-info/top_level.txt
reading manifest file 'mutagen.egg-info/SOURCES.txt'
reading manifest template 'MANIFEST.in'
warning: no files found matching '*.pyi' under directory 'mutagen'
warning: no files found matching 'README.rst' under directory 'mutagen'
warning: no files found matching '*.png' under directory 'docs'
no previously-included directories found matching 'docs/_build'
adding license file 'COPYING'
writing manifest file 'mutagen.egg-info/SOURCES.txt'
copying mutagen/py.typed -> build/lib/mutagen
installing to build/bdist.linux-x86_64/wheel
running install
running install_lib
creating build/bdist.linux-x86_64/wheel
creating build/bdist.linux-x86_64/wheel/mutagen
copying build/lib/mutagen/m4a.py -> build/bdist.linux-x86_64/wheel/./mutagen
copying build/lib/mutagen/py.typed -> build/bdist.linux-x86_64/wheel/./mutagen
copying build/lib/mutagen/easymp4.py -> build/bdist.linux-x86_64/wheel/./mutagen
copying build/lib/mutagen/__init__.py -> build/bdist.linux-x86_64/wheel/./mutagen
copying build/lib/mutagen/_riff.py -> build/bdist.linux-x86_64/wheel/./mutagen
copying build/lib/mutagen/_constants.py -> build/bdist.linux-x86_64/wheel/./mutagen
copying build/lib/mutagen/wave.py -> build/bdist.linux-x86_64/wheel/./mutagen
copying build/lib/mutagen/easyid3.py -> build/bdist.linux-x86_64/wheel/./mutagen
copying build/lib/mutagen/oggvorbis.py -> build/bdist.linux-x86_64/wheel/./mutagen
copying build/lib/mutagen/oggopus.py -> build/bdist.linux-x86_64/wheel/./mutagen
copying build/lib/mutagen/optimfrog.py -> build/bdist.linux-x86_64/wheel/./mutagen
copying build/lib/mutagen/oggspeex.py -> build/bdist.linux-x86_64/wheel/./mutagen
copying build/lib/mutagen/oggflac.py -> build/bdist.linux-x86_64/wheel/./mutagen
copying build/lib/mutagen/dsdiff.py -> build/bdist.linux-x86_64/wheel/./mutagen
copying build/lib/mutagen/dsf.py -> build/bdist.linux-x86_64/wheel/./mutagen
copying build/lib/mutagen/_util.py -> build/bdist.linux-x86_64/wheel/./mutagen
copying build/lib/mutagen/trueaudio.py -> build/bdist.linux-x86_64/wheel/./mutagen
creating build/bdist.linux-x86_64/wheel/mutagen/mp3
copying build/lib/mutagen/mp3/__init__.py -> build/bdist.linux-x86_64/wheel/./mutagen/mp3
copying build/lib/mutagen/mp3/_util.py -> build/bdist.linux-x86_64/wheel/./mutagen/mp3
copying build/lib/mutagen/monkeysaudio.py -> build/bdist.linux-x86_64/wheel/./mutagen
copying build/lib/mutagen/_file.py -> build/bdist.linux-x86_64/wheel/./mutagen
creating build/bdist.linux-x86_64/wheel/mutagen/id3
copying build/lib/mutagen/id3/__init__.py -> build/bdist.linux-x86_64/wheel/./mutagen/id3
copying build/lib/mutagen/id3/_frames.py -> build/bdist.linux-x86_64/wheel/./mutagen/id3
copying build/lib/mutagen/id3/_specs.py -> build/bdist.linux-x86_64/wheel/./mutagen/id3
copying build/lib/mutagen/id3/_util.py -> build/bdist.linux-x86_64/wheel/./mutagen/id3
copying build/lib/mutagen/id3/_file.py -> build/bdist.linux-x86_64/wheel/./mutagen/id3
copying build/lib/mutagen/id3/_tags.py -> build/bdist.linux-x86_64/wheel/./mutagen/id3
copying build/lib/mutagen/id3/_id3v1.py -> build/bdist.linux-x86_64/wheel/./mutagen/id3
copying build/lib/mutagen/apev2.py -> build/bdist.linux-x86_64/wheel/./mutagen
copying build/lib/mutagen/ogg.py -> build/bdist.linux-x86_64/wheel/./mutagen
copying build/lib/mutagen/_iff.py -> build/bdist.linux-x86_64/wheel/./mutagen
copying build/lib/mutagen/wavpack.py -> build/bdist.linux-x86_64/wheel/./mutagen
copying build/lib/mutagen/aiff.py -> build/bdist.linux-x86_64/wheel/./mutagen
copying build/lib/mutagen/_vorbis.py -> build/bdist.linux-x86_64/wheel/./mutagen
copying build/lib/mutagen/smf.py -> build/bdist.linux-x86_64/wheel/./mutagen
creating build/bdist.linux-x86_64/wheel/mutagen/asf
copying build/lib/mutagen/asf/__init__.py -> build/bdist.linux-x86_64/wheel/./mutagen/asf
copying build/lib/mutagen/asf/_util.py -> build/bdist.linux-x86_64/wheel/./mutagen/asf
copying build/lib/mutagen/asf/_objects.py -> build/bdist.linux-x86_64/wheel/./mutagen/asf
copying build/lib/mutagen/asf/_attrs.py -> build/bdist.linux-x86_64/wheel/./mutagen/asf
copying build/lib/mutagen/_tags.py -> build/bdist.linux-x86_64/wheel/./mutagen
creating build/bdist.linux-x86_64/wheel/mutagen/_tools
copying build/lib/mutagen/_tools/mid3iconv.py -> build/bdist.linux-x86_64/wheel/./mutagen/_tools
copying build/lib/mutagen/_tools/__init__.py -> build/bdist.linux-x86_64/wheel/./mutagen/_tools
copying build/lib/mutagen/_tools/mid3v2.py -> build/bdist.linux-x86_64/wheel/./mutagen/_tools
copying build/lib/mutagen/_tools/mutagen_inspect.py -> build/bdist.linux-x86_64/wheel/./mutagen/_tools
copying build/lib/mutagen/_tools/_util.py -> build/bdist.linux-x86_64/wheel/./mutagen/_tools
copying build/lib/mutagen/_tools/mutagen_pony.py -> build/bdist.linux-x86_64/wheel/./mutagen/_tools
copying build/lib/mutagen/_tools/moggsplit.py -> build/bdist.linux-x86_64/wheel/./mutagen/_tools
copying build/lib/mutagen/_tools/mid3cp.py -> build/bdist.linux-x86_64/wheel/./mutagen/_tools
copying build/lib/mutagen/musepack.py -> build/bdist.linux-x86_64/wheel/./mutagen
copying build/lib/mutagen/flac.py -> build/bdist.linux-x86_64/wheel/./mutagen
creating build/bdist.linux-x86_64/wheel/mutagen/mp4
copying build/lib/mutagen/mp4/__init__.py -> build/bdist.linux-x86_64/wheel/./mutagen/mp4
copying build/lib/mutagen/mp4/_util.py -> build/bdist.linux-x86_64/wheel/./mutagen/mp4
copying build/lib/mutagen/mp4/_atom.py -> build/bdist.linux-x86_64/wheel/./mutagen/mp4
copying build/lib/mutagen/mp4/_as_entry.py -> build/bdist.linux-x86_64/wheel/./mutagen/mp4
copying build/lib/mutagen/aac.py -> build/bdist.linux-x86_64/wheel/./mutagen
copying build/lib/mutagen/tak.py -> build/bdist.linux-x86_64/wheel/./mutagen
copying build/lib/mutagen/ac3.py -> build/bdist.linux-x86_64/wheel/./mutagen
copying build/lib/mutagen/oggtheora.py -> build/bdist.linux-x86_64/wheel/./mutagen
running install_data
creating build/bdist.linux-x86_64/wheel/mutagen-1.47.1.data/data
creating build/bdist.linux-x86_64/wheel/mutagen-1.47.1.data/data/share/man/man1
copying man/mid3cp.1 -> build/bdist.linux-x86_64/wheel/mutagen-1.47.1.data/data/share/man/man1
copying man/mid3iconv.1 -> build/bdist.linux-x86_64/wheel/mutagen-1.47.1.data/data/share/man/man1
copying man/mid3v2.1 -> build/bdist.linux-x86_64/wheel/mutagen-1.47.1.data/data/share/man/man1
copying man/moggsplit.1 -> build/bdist.linux-x86_64/wheel/mutagen-1.47.1.data/data/share/man/man1
copying man/mutagen-inspect.1 -> build/bdist.linux-x86_64/wheel/mutagen-1.47.1.data/data/share/man/man1
copying man/mutagen-pony.1 -> build/bdist.linux-x86_64/wheel/mutagen-1.47.1.data/data/share/man/man1
running install_egg_info
Copying mutagen.egg-info to build/bdist.linux-x86_64/wheel/./mutagen-1.47.1-py3.14.egg-info
running install_scripts
creating build/bdist.linux-x86_64/wheel/mutagen-1.47.1.dist-info/WHEEL
creating '/build/python-mutagen-git/src/mutagen/dist/.tmp-uzhdi71y/mutagen-1.47.1-py3-none-any.whl' and adding 'build/bdist.linux-x86_64/wheel' to it
adding 'mutagen/__init__.py'
adding 'mutagen/_constants.py'
adding 'mutagen/_file.py'
adding 'mutagen/_iff.py'
adding 'mutagen/_riff.py'
adding 'mutagen/_tags.py'
adding 'mutagen/_util.py'
adding 'mutagen/_vorbis.py'
adding 'mutagen/aac.py'
adding 'mutagen/ac3.py'
adding 'mutagen/aiff.py'
adding 'mutagen/apev2.py'
adding 'mutagen/dsdiff.py'
adding 'mutagen/dsf.py'
adding 'mutagen/easyid3.py'
adding 'mutagen/easymp4.py'
adding 'mutagen/flac.py'
adding 'mutagen/m4a.py'
adding 'mutagen/monkeysaudio.py'
adding 'mutagen/musepack.py'
adding 'mutagen/ogg.py'
adding 'mutagen/oggflac.py'
adding 'mutagen/oggopus.py'
adding 'mutagen/oggspeex.py'
adding 'mutagen/oggtheora.py'
adding 'mutagen/oggvorbis.py'
adding 'mutagen/optimfrog.py'
adding 'mutagen/py.typed'
adding 'mutagen/smf.py'
adding 'mutagen/tak.py'
adding 'mutagen/trueaudio.py'
adding 'mutagen/wave.py'
adding 'mutagen/wavpack.py'
adding 'mutagen/_tools/__init__.py'
adding 'mutagen/_tools/_util.py'
adding 'mutagen/_tools/mid3cp.py'
adding 'mutagen/_tools/mid3iconv.py'
adding 'mutagen/_tools/mid3v2.py'
adding 'mutagen/_tools/moggsplit.py'
adding 'mutagen/_tools/mutagen_inspect.py'
adding 'mutagen/_tools/mutagen_pony.py'
adding 'mutagen/asf/__init__.py'
adding 'mutagen/asf/_attrs.py'
adding 'mutagen/asf/_objects.py'
adding 'mutagen/asf/_util.py'
adding 'mutagen/id3/__init__.py'
adding 'mutagen/id3/_file.py'
adding 'mutagen/id3/_frames.py'
adding 'mutagen/id3/_id3v1.py'
adding 'mutagen/id3/_specs.py'
adding 'mutagen/id3/_tags.py'
adding 'mutagen/id3/_util.py'
adding 'mutagen/mp3/__init__.py'
adding 'mutagen/mp3/_util.py'
adding 'mutagen/mp4/__init__.py'
adding 'mutagen/mp4/_as_entry.py'
adding 'mutagen/mp4/_atom.py'
adding 'mutagen/mp4/_util.py'
adding 'mutagen-1.47.1.data/data/share/man/man1/mid3cp.1'
adding 'mutagen-1.47.1.data/data/share/man/man1/mid3iconv.1'
adding 'mutagen-1.47.1.data/data/share/man/man1/mid3v2.1'
adding 'mutagen-1.47.1.data/data/share/man/man1/moggsplit.1'
adding 'mutagen-1.47.1.data/data/share/man/man1/mutagen-inspect.1'
adding 'mutagen-1.47.1.data/data/share/man/man1/mutagen-pony.1'
adding 'mutagen-1.47.1.dist-info/licenses/COPYING'
adding 'mutagen-1.47.1.dist-info/METADATA'
adding 'mutagen-1.47.1.dist-info/WHEEL'
adding 'mutagen-1.47.1.dist-info/entry_points.txt'
adding 'mutagen-1.47.1.dist-info/top_level.txt'
adding 'mutagen-1.47.1.dist-info/RECORD'
removing build/bdist.linux-x86_64/wheel
Successfully built mutagen-1.47.1-py3-none-any.whl
