Warning: 'classifiers' should be a list, got type 'tuple'
/usr/lib/python3.14/site-packages/setuptools/dist.py:759: SetuptoolsDeprecationWarning: License classifiers are deprecated.
!!

        ********************************************************************************
        Please consider removing the following classifiers in favor of a SPDX license expression:

        License :: OSI Approved :: MIT License

        See https://packaging.python.org/en/latest/guides/writing-pyproject-toml/#license for details.
        ********************************************************************************

!!
  self._finalize_license_expression()
running install
/usr/lib/python3.14/site-packages/setuptools/_distutils/cmd.py:90: SetuptoolsDeprecationWarning: setup.py install is deprecated.
!!

        ********************************************************************************
        Please avoid running ``setup.py`` directly.
        Instead, use pypa/build, pypa/installer or other
        standards-based tools.

        This deprecation is overdue, please update your project and remove deprecated
        calls to avoid build errors in the future.

        See https://blog.ganssle.io/articles/2021/10/setup-py-deprecated.html for details.
        ********************************************************************************

!!
  self.initialize_options()
running install_lib
creating /build/python-steamgriddb/pkg/python-steamgriddb/usr/lib/python3.14/site-packages
creating /build/python-steamgriddb/pkg/python-steamgriddb/usr/lib/python3.14/site-packages/steamgrid
copying build/lib/steamgrid/steamgrid.py -> /build/python-steamgriddb/pkg/python-steamgriddb/usr/lib/python3.14/site-packages/steamgrid
copying build/lib/steamgrid/__init__.py -> /build/python-steamgriddb/pkg/python-steamgriddb/usr/lib/python3.14/site-packages/steamgrid
copying build/lib/steamgrid/game.py -> /build/python-steamgriddb/pkg/python-steamgriddb/usr/lib/python3.14/site-packages/steamgrid
copying build/lib/steamgrid/http.py -> /build/python-steamgriddb/pkg/python-steamgriddb/usr/lib/python3.14/site-packages/steamgrid
copying build/lib/steamgrid/author.py -> /build/python-steamgriddb/pkg/python-steamgriddb/usr/lib/python3.14/site-packages/steamgrid
copying build/lib/steamgrid/asset.py -> /build/python-steamgriddb/pkg/python-steamgriddb/usr/lib/python3.14/site-packages/steamgrid
copying build/lib/steamgrid/enums.py -> /build/python-steamgriddb/pkg/python-steamgriddb/usr/lib/python3.14/site-packages/steamgrid
byte-compiling /build/python-steamgriddb/pkg/python-steamgriddb/usr/lib/python3.14/site-packages/steamgrid/steamgrid.py to steamgrid.cpython-314.pyc
byte-compiling /build/python-steamgriddb/pkg/python-steamgriddb/usr/lib/python3.14/site-packages/steamgrid/__init__.py to __init__.cpython-314.pyc
byte-compiling /build/python-steamgriddb/pkg/python-steamgriddb/usr/lib/python3.14/site-packages/steamgrid/game.py to game.cpython-314.pyc
byte-compiling /build/python-steamgriddb/pkg/python-steamgriddb/usr/lib/python3.14/site-packages/steamgrid/http.py to http.cpython-314.pyc
byte-compiling /build/python-steamgriddb/pkg/python-steamgriddb/usr/lib/python3.14/site-packages/steamgrid/author.py to author.cpython-314.pyc
byte-compiling /build/python-steamgriddb/pkg/python-steamgriddb/usr/lib/python3.14/site-packages/steamgrid/asset.py to asset.cpython-314.pyc
byte-compiling /build/python-steamgriddb/pkg/python-steamgriddb/usr/lib/python3.14/site-packages/steamgrid/enums.py to enums.cpython-314.pyc
writing byte-compilation script '/tmp/tmpiprh2hno.py'
/usr/bin/python /tmp/tmpiprh2hno.py
removing /tmp/tmpiprh2hno.py
running install_egg_info
running egg_info
creating python_steamgriddb.egg-info
writing python_steamgriddb.egg-info/PKG-INFO
writing dependency_links to python_steamgriddb.egg-info/dependency_links.txt
writing requirements to python_steamgriddb.egg-info/requires.txt
writing top-level names to python_steamgriddb.egg-info/top_level.txt
writing manifest file 'python_steamgriddb.egg-info/SOURCES.txt'
reading manifest file 'python_steamgriddb.egg-info/SOURCES.txt'
adding license file 'LICENSE'
writing manifest file 'python_steamgriddb.egg-info/SOURCES.txt'
Copying python_steamgriddb.egg-info to /build/python-steamgriddb/pkg/python-steamgriddb/usr/lib/python3.14/site-packages/python_steamgriddb-1.0.5-py3.14.egg-info
running install_scripts
