/usr/lib/python3.13/site-packages/setuptools/dist.py:759: SetuptoolsDeprecationWarning: License classifiers are deprecated.
!!

        ********************************************************************************
        Please consider removing the following classifiers in favor of a SPDX license expression:

        License :: OSI Approved :: Apache Software License

        See https://packaging.python.org/en/latest/guides/writing-pyproject-toml/#license for details.
        ********************************************************************************

!!
  self._finalize_license_expression()
running install
/usr/lib/python3.13/site-packages/setuptools/_distutils/cmd.py:90: SetuptoolsDeprecationWarning: setup.py install is deprecated.
!!

        ********************************************************************************
        Please avoid running ``setup.py`` directly.
        Instead, use pypa/build, pypa/installer or other
        standards-based tools.

        By 2025-Oct-31, you need to update your project and remove deprecated calls
        or your builds will no longer be supported.

        See https://blog.ganssle.io/articles/2021/10/setup-py-deprecated.html for details.
        ********************************************************************************

!!
  self.initialize_options()
running install_lib
creating /build/python-pydvdid/pkg/python-pydvdid/usr/lib/python3.13/site-packages
creating /build/python-pydvdid/pkg/python-pydvdid/usr/lib/python3.13/site-packages/pydvdid
copying build/lib/pydvdid/__init__.py -> /build/python-pydvdid/pkg/python-pydvdid/usr/lib/python3.13/site-packages/pydvdid
copying build/lib/pydvdid/crc64calculator.py -> /build/python-pydvdid/pkg/python-pydvdid/usr/lib/python3.13/site-packages/pydvdid
copying build/lib/pydvdid/crc64result.py -> /build/python-pydvdid/pkg/python-pydvdid/usr/lib/python3.13/site-packages/pydvdid
copying build/lib/pydvdid/functions.py -> /build/python-pydvdid/pkg/python-pydvdid/usr/lib/python3.13/site-packages/pydvdid
copying build/lib/pydvdid/exceptions.py -> /build/python-pydvdid/pkg/python-pydvdid/usr/lib/python3.13/site-packages/pydvdid
byte-compiling /build/python-pydvdid/pkg/python-pydvdid/usr/lib/python3.13/site-packages/pydvdid/__init__.py to __init__.cpython-313.pyc
byte-compiling /build/python-pydvdid/pkg/python-pydvdid/usr/lib/python3.13/site-packages/pydvdid/crc64calculator.py to crc64calculator.cpython-313.pyc
byte-compiling /build/python-pydvdid/pkg/python-pydvdid/usr/lib/python3.13/site-packages/pydvdid/crc64result.py to crc64result.cpython-313.pyc
byte-compiling /build/python-pydvdid/pkg/python-pydvdid/usr/lib/python3.13/site-packages/pydvdid/functions.py to functions.cpython-313.pyc
byte-compiling /build/python-pydvdid/pkg/python-pydvdid/usr/lib/python3.13/site-packages/pydvdid/exceptions.py to exceptions.cpython-313.pyc
writing byte-compilation script '/tmp/tmpcfwo3dfh.py'
/usr/bin/python /tmp/tmpcfwo3dfh.py
removing /tmp/tmpcfwo3dfh.py
running install_egg_info
running egg_info
writing pydvdid.egg-info/PKG-INFO
writing dependency_links to pydvdid.egg-info/dependency_links.txt
writing top-level names to pydvdid.egg-info/top_level.txt
reading manifest file 'pydvdid.egg-info/SOURCES.txt'
reading manifest template 'MANIFEST.in'
adding license file 'LICENSE'
writing manifest file 'pydvdid.egg-info/SOURCES.txt'
Copying pydvdid.egg-info to /build/python-pydvdid/pkg/python-pydvdid/usr/lib/python3.13/site-packages/pydvdid-1.1-py3.13.egg-info
running install_scripts
creating /build/python-pydvdid/pkg/python-pydvdid/usr/bin
copying build/scripts-3.13/pydvdid -> /build/python-pydvdid/pkg/python-pydvdid/usr/bin
changing mode of /build/python-pydvdid/pkg/python-pydvdid/usr/bin/pydvdid to 755
