* Getting build dependencies for wheel...
running egg_info
creating pybind11_stubgen.egg-info
writing pybind11_stubgen.egg-info/PKG-INFO
writing dependency_links to pybind11_stubgen.egg-info/dependency_links.txt
writing entry points to pybind11_stubgen.egg-info/entry_points.txt
writing top-level names to pybind11_stubgen.egg-info/top_level.txt
writing manifest file 'pybind11_stubgen.egg-info/SOURCES.txt'
reading manifest file 'pybind11_stubgen.egg-info/SOURCES.txt'
adding license file 'LICENSE'
writing manifest file 'pybind11_stubgen.egg-info/SOURCES.txt'
* Building wheel...
running bdist_wheel
running build
running build_py
creating build/lib/pybind11_stubgen
copying pybind11_stubgen/printer.py -> build/lib/pybind11_stubgen
copying pybind11_stubgen/__init__.py -> build/lib/pybind11_stubgen
copying pybind11_stubgen/writer.py -> build/lib/pybind11_stubgen
copying pybind11_stubgen/structs.py -> build/lib/pybind11_stubgen
copying pybind11_stubgen/typing_ext.py -> build/lib/pybind11_stubgen
copying pybind11_stubgen/__main__.py -> build/lib/pybind11_stubgen
creating build/lib/pybind11_stubgen/parser
copying pybind11_stubgen/parser/__init__.py -> build/lib/pybind11_stubgen/parser
copying pybind11_stubgen/parser/errors.py -> build/lib/pybind11_stubgen/parser
copying pybind11_stubgen/parser/interface.py -> build/lib/pybind11_stubgen/parser
creating build/lib/pybind11_stubgen/parser/mixins
copying pybind11_stubgen/parser/mixins/__init__.py -> build/lib/pybind11_stubgen/parser/mixins
copying pybind11_stubgen/parser/mixins/parse.py -> build/lib/pybind11_stubgen/parser/mixins
copying pybind11_stubgen/parser/mixins/fix.py -> build/lib/pybind11_stubgen/parser/mixins
copying pybind11_stubgen/parser/mixins/error_handlers.py -> build/lib/pybind11_stubgen/parser/mixins
copying pybind11_stubgen/parser/mixins/filter.py -> build/lib/pybind11_stubgen/parser/mixins
copying pybind11_stubgen/py.typed -> build/lib/pybind11_stubgen
installing to build/bdist.linux-x86_64/wheel
running install
running install_lib
creating build/bdist.linux-x86_64/wheel
creating build/bdist.linux-x86_64/wheel/pybind11_stubgen
copying build/lib/pybind11_stubgen/printer.py -> build/bdist.linux-x86_64/wheel/./pybind11_stubgen
copying build/lib/pybind11_stubgen/py.typed -> build/bdist.linux-x86_64/wheel/./pybind11_stubgen
copying build/lib/pybind11_stubgen/__init__.py -> build/bdist.linux-x86_64/wheel/./pybind11_stubgen
copying build/lib/pybind11_stubgen/writer.py -> build/bdist.linux-x86_64/wheel/./pybind11_stubgen
copying build/lib/pybind11_stubgen/structs.py -> build/bdist.linux-x86_64/wheel/./pybind11_stubgen
creating build/bdist.linux-x86_64/wheel/pybind11_stubgen/parser
copying build/lib/pybind11_stubgen/parser/__init__.py -> build/bdist.linux-x86_64/wheel/./pybind11_stubgen/parser
copying build/lib/pybind11_stubgen/parser/errors.py -> build/bdist.linux-x86_64/wheel/./pybind11_stubgen/parser
copying build/lib/pybind11_stubgen/parser/interface.py -> build/bdist.linux-x86_64/wheel/./pybind11_stubgen/parser
creating build/bdist.linux-x86_64/wheel/pybind11_stubgen/parser/mixins
copying build/lib/pybind11_stubgen/parser/mixins/__init__.py -> build/bdist.linux-x86_64/wheel/./pybind11_stubgen/parser/mixins
copying build/lib/pybind11_stubgen/parser/mixins/parse.py -> build/bdist.linux-x86_64/wheel/./pybind11_stubgen/parser/mixins
copying build/lib/pybind11_stubgen/parser/mixins/fix.py -> build/bdist.linux-x86_64/wheel/./pybind11_stubgen/parser/mixins
copying build/lib/pybind11_stubgen/parser/mixins/error_handlers.py -> build/bdist.linux-x86_64/wheel/./pybind11_stubgen/parser/mixins
copying build/lib/pybind11_stubgen/parser/mixins/filter.py -> build/bdist.linux-x86_64/wheel/./pybind11_stubgen/parser/mixins
copying build/lib/pybind11_stubgen/typing_ext.py -> build/bdist.linux-x86_64/wheel/./pybind11_stubgen
copying build/lib/pybind11_stubgen/__main__.py -> build/bdist.linux-x86_64/wheel/./pybind11_stubgen
running install_egg_info
running egg_info
writing pybind11_stubgen.egg-info/PKG-INFO
writing dependency_links to pybind11_stubgen.egg-info/dependency_links.txt
writing entry points to pybind11_stubgen.egg-info/entry_points.txt
writing top-level names to pybind11_stubgen.egg-info/top_level.txt
reading manifest file 'pybind11_stubgen.egg-info/SOURCES.txt'
adding license file 'LICENSE'
writing manifest file 'pybind11_stubgen.egg-info/SOURCES.txt'
Copying pybind11_stubgen.egg-info to build/bdist.linux-x86_64/wheel/./pybind11_stubgen-2.5.5-py3.13.egg-info
running install_scripts
creating build/bdist.linux-x86_64/wheel/pybind11_stubgen-2.5.5.dist-info/WHEEL
creating '/build/python-pybind11-stubgen/src/pybind11-stubgen/dist/.tmp-cvgs_l_z/pybind11_stubgen-2.5.5-py3-none-any.whl' and adding 'build/bdist.linux-x86_64/wheel' to it
adding 'pybind11_stubgen/__init__.py'
adding 'pybind11_stubgen/__main__.py'
adding 'pybind11_stubgen/printer.py'
adding 'pybind11_stubgen/py.typed'
adding 'pybind11_stubgen/structs.py'
adding 'pybind11_stubgen/typing_ext.py'
adding 'pybind11_stubgen/writer.py'
adding 'pybind11_stubgen/parser/__init__.py'
adding 'pybind11_stubgen/parser/errors.py'
adding 'pybind11_stubgen/parser/interface.py'
adding 'pybind11_stubgen/parser/mixins/__init__.py'
adding 'pybind11_stubgen/parser/mixins/error_handlers.py'
adding 'pybind11_stubgen/parser/mixins/filter.py'
adding 'pybind11_stubgen/parser/mixins/fix.py'
adding 'pybind11_stubgen/parser/mixins/parse.py'
adding 'pybind11_stubgen-2.5.5.dist-info/licenses/LICENSE'
adding 'pybind11_stubgen-2.5.5.dist-info/METADATA'
adding 'pybind11_stubgen-2.5.5.dist-info/WHEEL'
adding 'pybind11_stubgen-2.5.5.dist-info/entry_points.txt'
adding 'pybind11_stubgen-2.5.5.dist-info/top_level.txt'
adding 'pybind11_stubgen-2.5.5.dist-info/RECORD'
removing build/bdist.linux-x86_64/wheel
Successfully built pybind11_stubgen-2.5.5-py3-none-any.whl
