* Getting build dependencies for wheel...
/usr/lib/python3.13/site-packages/setuptools/dist.py:759: SetuptoolsDeprecationWarning: License classifiers are deprecated.
!!

        ********************************************************************************
        Please consider removing the following classifiers in favor of a SPDX license expression:

        License :: OSI Approved :: BSD License

        See https://packaging.python.org/en/latest/guides/writing-pyproject-toml/#license for details.
        ********************************************************************************

!!
  self._finalize_license_expression()
running egg_info
creating unicode_slugify.egg-info
writing unicode_slugify.egg-info/PKG-INFO
writing dependency_links to unicode_slugify.egg-info/dependency_links.txt
writing requirements to unicode_slugify.egg-info/requires.txt
writing top-level names to unicode_slugify.egg-info/top_level.txt
writing manifest file 'unicode_slugify.egg-info/SOURCES.txt'
reading manifest file 'unicode_slugify.egg-info/SOURCES.txt'
reading manifest template 'MANIFEST.in'
adding license file 'LICENSE'
writing manifest file 'unicode_slugify.egg-info/SOURCES.txt'
* Building wheel...
/usr/lib/python3.13/site-packages/setuptools/dist.py:759: SetuptoolsDeprecationWarning: License classifiers are deprecated.
!!

        ********************************************************************************
        Please consider removing the following classifiers in favor of a SPDX license expression:

        License :: OSI Approved :: BSD License

        See https://packaging.python.org/en/latest/guides/writing-pyproject-toml/#license for details.
        ********************************************************************************

!!
  self._finalize_license_expression()
running bdist_wheel
running build
running build_py
creating build/lib/slugify
copying slugify/__init__.py -> build/lib/slugify
running egg_info
writing unicode_slugify.egg-info/PKG-INFO
writing dependency_links to unicode_slugify.egg-info/dependency_links.txt
writing requirements to unicode_slugify.egg-info/requires.txt
writing top-level names to unicode_slugify.egg-info/top_level.txt
reading manifest file 'unicode_slugify.egg-info/SOURCES.txt'
reading manifest template 'MANIFEST.in'
adding license file 'LICENSE'
writing manifest file 'unicode_slugify.egg-info/SOURCES.txt'
installing to build/bdist.linux-x86_64/wheel
running install
running install_lib
creating build/bdist.linux-x86_64/wheel
creating build/bdist.linux-x86_64/wheel/slugify
copying build/lib/slugify/__init__.py -> build/bdist.linux-x86_64/wheel/./slugify
running install_egg_info
Copying unicode_slugify.egg-info to build/bdist.linux-x86_64/wheel/./unicode_slugify-0.1.5-py3.13.egg-info
running install_scripts
creating build/bdist.linux-x86_64/wheel/unicode_slugify-0.1.5.dist-info/WHEEL
creating '/build/python-unicode-slugify/src/unicode-slugify-9306d3fd16763b841132f3be1b2065d8e03f7c90/dist/.tmp-ee_pyysv/unicode_slugify-0.1.5-py3-none-any.whl' and adding 'build/bdist.linux-x86_64/wheel' to it
adding 'slugify/__init__.py'
adding 'unicode_slugify-0.1.5.dist-info/licenses/LICENSE'
adding 'unicode_slugify-0.1.5.dist-info/METADATA'
adding 'unicode_slugify-0.1.5.dist-info/WHEEL'
adding 'unicode_slugify-0.1.5.dist-info/top_level.txt'
adding 'unicode_slugify-0.1.5.dist-info/RECORD'
removing build/bdist.linux-x86_64/wheel
Successfully built unicode_slugify-0.1.5-py3-none-any.whl
