* Getting build dependencies for wheel...
* Building wheel...
/usr/lib/python3.14/site-packages/setuptools/_distutils/dist.py:287: UserWarning: Unknown distribution option: 'long_descripiton'
  warnings.warn(msg)
/usr/lib/python3.14/site-packages/setuptools/dist.py:765: SetuptoolsDeprecationWarning: License classifiers are deprecated.
!!

        ********************************************************************************
        Please consider removing the following classifiers in favor of a SPDX license expression:

        License :: OSI Approved :: Apache Software License

        See https://packaging.python.org/en/latest/guides/writing-pyproject-toml/#license for details.
        ********************************************************************************

!!
  self._finalize_license_expression()
running bdist_wheel
running build
running build_py
file vulkan/_vulkancache.py (for module vulkan._vulkancache) not found
creating build/lib/vulkan
copying vulkan/__init__.py -> build/lib/vulkan
copying vulkan/_vulkan.py -> build/lib/vulkan
copying vulkan/vulkan_build.py -> build/lib/vulkan
running egg_info
creating vulkan.egg-info
writing vulkan.egg-info/PKG-INFO
writing dependency_links to vulkan.egg-info/dependency_links.txt
writing requirements to vulkan.egg-info/requires.txt
writing top-level names to vulkan.egg-info/top_level.txt
writing manifest file 'vulkan.egg-info/SOURCES.txt'
reading manifest file 'vulkan.egg-info/SOURCES.txt'
reading manifest template 'MANIFEST.in'
adding license file 'LICENSE'
writing manifest file 'vulkan.egg-info/SOURCES.txt'
copying vulkan/vulkan.cdef.h -> build/lib/vulkan
file vulkan/_vulkancache.py (for module vulkan._vulkancache) not found
generating cffi module 'build/lib/vulkan/_vulkancache.py'
installing to build/bdist.linux-x86_64/wheel
running install
running install_lib
creating build/bdist.linux-x86_64/wheel
creating build/bdist.linux-x86_64/wheel/vulkan
copying build/lib/vulkan/__init__.py -> build/bdist.linux-x86_64/wheel/./vulkan
copying build/lib/vulkan/vulkan.cdef.h -> build/bdist.linux-x86_64/wheel/./vulkan
copying build/lib/vulkan/_vulkan.py -> build/bdist.linux-x86_64/wheel/./vulkan
copying build/lib/vulkan/vulkan_build.py -> build/bdist.linux-x86_64/wheel/./vulkan
copying build/lib/vulkan/_vulkancache.py -> build/bdist.linux-x86_64/wheel/./vulkan
running install_egg_info
Copying vulkan.egg-info to build/bdist.linux-x86_64/wheel/./vulkan-1.3.275.1-py3.14.egg-info
running install_scripts
creating build/bdist.linux-x86_64/wheel/vulkan-1.3.275.1.dist-info/WHEEL
creating '/build/python-vulkan-git/src/python-vulkan/dist/.tmp-pjcqboxv/vulkan-1.3.275.1-py3-none-any.whl' and adding 'build/bdist.linux-x86_64/wheel' to it
adding 'vulkan/__init__.py'
adding 'vulkan/_vulkan.py'
adding 'vulkan/_vulkancache.py'
adding 'vulkan/vulkan.cdef.h'
adding 'vulkan/vulkan_build.py'
adding 'vulkan-1.3.275.1.dist-info/licenses/LICENSE'
adding 'vulkan-1.3.275.1.dist-info/METADATA'
adding 'vulkan-1.3.275.1.dist-info/WHEEL'
adding 'vulkan-1.3.275.1.dist-info/top_level.txt'
adding 'vulkan-1.3.275.1.dist-info/RECORD'
removing build/bdist.linux-x86_64/wheel
Successfully built vulkan-1.3.275.1-py3-none-any.whl
