/usr/lib/python3.13/site-packages/setuptools/dist.py:759: SetuptoolsDeprecationWarning: License classifiers are deprecated.
!!

        ********************************************************************************
        Please consider removing the following classifiers in favor of a SPDX license expression:

        License :: OSI Approved :: GNU General Public License v3 (GPLv3)

        See https://packaging.python.org/en/latest/guides/writing-pyproject-toml/#license for details.
        ********************************************************************************

!!
  self._finalize_license_expression()
running install
/usr/lib/python3.13/site-packages/setuptools/_distutils/cmd.py:90: SetuptoolsDeprecationWarning: setup.py install is deprecated.
!!

        ********************************************************************************
        Please avoid running ``setup.py`` directly.
        Instead, use pypa/build, pypa/installer or other
        standards-based tools.

        By 2025-Oct-31, you need to update your project and remove deprecated calls
        or your builds will no longer be supported.

        See https://blog.ganssle.io/articles/2021/10/setup-py-deprecated.html for details.
        ********************************************************************************

!!
  self.initialize_options()
running install_lib
creating /build/qoob-git/pkg/qoob-git/usr/lib/python3.13/site-packages
creating /build/qoob-git/pkg/qoob-git/usr/lib/python3.13/site-packages/qoob
creating /build/qoob-git/pkg/qoob-git/usr/lib/python3.13/site-packages/qoob/icons
creating /build/qoob-git/pkg/qoob-git/usr/lib/python3.13/site-packages/qoob/icons/light
copying build/lib/qoob/icons/light/repeat_all.svg -> /build/qoob-git/pkg/qoob-git/usr/lib/python3.13/site-packages/qoob/icons/light
copying build/lib/qoob/icons/light/filter_clear.svg -> /build/qoob-git/pkg/qoob-git/usr/lib/python3.13/site-packages/qoob/icons/light
copying build/lib/qoob/icons/light/refresh.svg -> /build/qoob-git/pkg/qoob-git/usr/lib/python3.13/site-packages/qoob/icons/light
copying build/lib/qoob/icons/light/shuffle_off.svg -> /build/qoob-git/pkg/qoob-git/usr/lib/python3.13/site-packages/qoob/icons/light
copying build/lib/qoob/icons/light/tab_close.svg -> /build/qoob-git/pkg/qoob-git/usr/lib/python3.13/site-packages/qoob/icons/light
copying build/lib/qoob/icons/light/cut.svg -> /build/qoob-git/pkg/qoob-git/usr/lib/python3.13/site-packages/qoob/icons/light
copying build/lib/qoob/icons/light/file.svg -> /build/qoob-git/pkg/qoob-git/usr/lib/python3.13/site-packages/qoob/icons/light
copying build/lib/qoob/icons/light/folder.svg -> /build/qoob-git/pkg/qoob-git/usr/lib/python3.13/site-packages/qoob/icons/light
copying build/lib/qoob/icons/light/preferences.svg -> /build/qoob-git/pkg/qoob-git/usr/lib/python3.13/site-packages/qoob/icons/light
copying build/lib/qoob/icons/light/art_off.svg -> /build/qoob-git/pkg/qoob-git/usr/lib/python3.13/site-packages/qoob/icons/light
copying build/lib/qoob/icons/light/shuffle_on.svg -> /build/qoob-git/pkg/qoob-git/usr/lib/python3.13/site-packages/qoob/icons/light
copying build/lib/qoob/icons/light/repeat_single.svg -> /build/qoob-git/pkg/qoob-git/usr/lib/python3.13/site-packages/qoob/icons/light
copying build/lib/qoob/icons/light/art_on.svg -> /build/qoob-git/pkg/qoob-git/usr/lib/python3.13/site-packages/qoob/icons/light
copying build/lib/qoob/icons/light/expand.svg -> /build/qoob-git/pkg/qoob-git/usr/lib/python3.13/site-packages/qoob/icons/light
copying build/lib/qoob/icons/light/tab_hover.svg -> /build/qoob-git/pkg/qoob-git/usr/lib/python3.13/site-packages/qoob/icons/light
copying build/lib/qoob/icons/light/tab_add.svg -> /build/qoob-git/pkg/qoob-git/usr/lib/python3.13/site-packages/qoob/icons/light
copying build/lib/qoob/icons/light/play.svg -> /build/qoob-git/pkg/qoob-git/usr/lib/python3.13/site-packages/qoob/icons/light
copying build/lib/qoob/icons/light/next.svg -> /build/qoob-git/pkg/qoob-git/usr/lib/python3.13/site-packages/qoob/icons/light
copying build/lib/qoob/icons/light/copy.svg -> /build/qoob-git/pkg/qoob-git/usr/lib/python3.13/site-packages/qoob/icons/light
copying build/lib/qoob/icons/light/previous.svg -> /build/qoob-git/pkg/qoob-git/usr/lib/python3.13/site-packages/qoob/icons/light
copying build/lib/qoob/icons/light/stop.svg -> /build/qoob-git/pkg/qoob-git/usr/lib/python3.13/site-packages/qoob/icons/light
copying build/lib/qoob/icons/light/delete.svg -> /build/qoob-git/pkg/qoob-git/usr/lib/python3.13/site-packages/qoob/icons/light
copying build/lib/qoob/icons/light/qoob.svg -> /build/qoob-git/pkg/qoob-git/usr/lib/python3.13/site-packages/qoob/icons/light
copying build/lib/qoob/icons/light/collapse.svg -> /build/qoob-git/pkg/qoob-git/usr/lib/python3.13/site-packages/qoob/icons/light
copying build/lib/qoob/icons/light/remove.svg -> /build/qoob-git/pkg/qoob-git/usr/lib/python3.13/site-packages/qoob/icons/light
copying build/lib/qoob/icons/light/repeat_off.svg -> /build/qoob-git/pkg/qoob-git/usr/lib/python3.13/site-packages/qoob/icons/light
copying build/lib/qoob/icons/light/pause.svg -> /build/qoob-git/pkg/qoob-git/usr/lib/python3.13/site-packages/qoob/icons/light
copying build/lib/qoob/icons/light/paste.svg -> /build/qoob-git/pkg/qoob-git/usr/lib/python3.13/site-packages/qoob/icons/light
copying build/lib/qoob/icons/light/filter_hover.svg -> /build/qoob-git/pkg/qoob-git/usr/lib/python3.13/site-packages/qoob/icons/light
copying build/lib/qoob/icons/light/reset.svg -> /build/qoob-git/pkg/qoob-git/usr/lib/python3.13/site-packages/qoob/icons/light
copying build/lib/qoob/icons/light/quit.svg -> /build/qoob-git/pkg/qoob-git/usr/lib/python3.13/site-packages/qoob/icons/light
copying build/lib/qoob/icons/credits -> /build/qoob-git/pkg/qoob-git/usr/lib/python3.13/site-packages/qoob/icons
creating /build/qoob-git/pkg/qoob-git/usr/lib/python3.13/site-packages/qoob/icons/dark
copying build/lib/qoob/icons/dark/repeat_all.svg -> /build/qoob-git/pkg/qoob-git/usr/lib/python3.13/site-packages/qoob/icons/dark
copying build/lib/qoob/icons/dark/filter_clear.svg -> /build/qoob-git/pkg/qoob-git/usr/lib/python3.13/site-packages/qoob/icons/dark
copying build/lib/qoob/icons/dark/refresh.svg -> /build/qoob-git/pkg/qoob-git/usr/lib/python3.13/site-packages/qoob/icons/dark
copying build/lib/qoob/icons/dark/shuffle_off.svg -> /build/qoob-git/pkg/qoob-git/usr/lib/python3.13/site-packages/qoob/icons/dark
copying build/lib/qoob/icons/dark/tab_close.svg -> /build/qoob-git/pkg/qoob-git/usr/lib/python3.13/site-packages/qoob/icons/dark
copying build/lib/qoob/icons/dark/cut.svg -> /build/qoob-git/pkg/qoob-git/usr/lib/python3.13/site-packages/qoob/icons/dark
copying build/lib/qoob/icons/dark/file.svg -> /build/qoob-git/pkg/qoob-git/usr/lib/python3.13/site-packages/qoob/icons/dark
copying build/lib/qoob/icons/dark/folder.svg -> /build/qoob-git/pkg/qoob-git/usr/lib/python3.13/site-packages/qoob/icons/dark
copying build/lib/qoob/icons/dark/preferences.svg -> /build/qoob-git/pkg/qoob-git/usr/lib/python3.13/site-packages/qoob/icons/dark
copying build/lib/qoob/icons/dark/art_off.svg -> /build/qoob-git/pkg/qoob-git/usr/lib/python3.13/site-packages/qoob/icons/dark
copying build/lib/qoob/icons/dark/shuffle_on.svg -> /build/qoob-git/pkg/qoob-git/usr/lib/python3.13/site-packages/qoob/icons/dark
copying build/lib/qoob/icons/dark/repeat_single.svg -> /build/qoob-git/pkg/qoob-git/usr/lib/python3.13/site-packages/qoob/icons/dark
copying build/lib/qoob/icons/dark/art_on.svg -> /build/qoob-git/pkg/qoob-git/usr/lib/python3.13/site-packages/qoob/icons/dark
copying build/lib/qoob/icons/dark/expand.svg -> /build/qoob-git/pkg/qoob-git/usr/lib/python3.13/site-packages/qoob/icons/dark
copying build/lib/qoob/icons/dark/tab_hover.svg -> /build/qoob-git/pkg/qoob-git/usr/lib/python3.13/site-packages/qoob/icons/dark
copying build/lib/qoob/icons/dark/tab_add.svg -> /build/qoob-git/pkg/qoob-git/usr/lib/python3.13/site-packages/qoob/icons/dark
copying build/lib/qoob/icons/dark/play.svg -> /build/qoob-git/pkg/qoob-git/usr/lib/python3.13/site-packages/qoob/icons/dark
copying build/lib/qoob/icons/dark/next.svg -> /build/qoob-git/pkg/qoob-git/usr/lib/python3.13/site-packages/qoob/icons/dark
copying build/lib/qoob/icons/dark/copy.svg -> /build/qoob-git/pkg/qoob-git/usr/lib/python3.13/site-packages/qoob/icons/dark
copying build/lib/qoob/icons/dark/previous.svg -> /build/qoob-git/pkg/qoob-git/usr/lib/python3.13/site-packages/qoob/icons/dark
copying build/lib/qoob/icons/dark/stop.svg -> /build/qoob-git/pkg/qoob-git/usr/lib/python3.13/site-packages/qoob/icons/dark
copying build/lib/qoob/icons/dark/delete.svg -> /build/qoob-git/pkg/qoob-git/usr/lib/python3.13/site-packages/qoob/icons/dark
copying build/lib/qoob/icons/dark/qoob.svg -> /build/qoob-git/pkg/qoob-git/usr/lib/python3.13/site-packages/qoob/icons/dark
copying build/lib/qoob/icons/dark/collapse.svg -> /build/qoob-git/pkg/qoob-git/usr/lib/python3.13/site-packages/qoob/icons/dark
copying build/lib/qoob/icons/dark/remove.svg -> /build/qoob-git/pkg/qoob-git/usr/lib/python3.13/site-packages/qoob/icons/dark
copying build/lib/qoob/icons/dark/repeat_off.svg -> /build/qoob-git/pkg/qoob-git/usr/lib/python3.13/site-packages/qoob/icons/dark
copying build/lib/qoob/icons/dark/pause.svg -> /build/qoob-git/pkg/qoob-git/usr/lib/python3.13/site-packages/qoob/icons/dark
copying build/lib/qoob/icons/dark/paste.svg -> /build/qoob-git/pkg/qoob-git/usr/lib/python3.13/site-packages/qoob/icons/dark
copying build/lib/qoob/icons/dark/filter_hover.svg -> /build/qoob-git/pkg/qoob-git/usr/lib/python3.13/site-packages/qoob/icons/dark
copying build/lib/qoob/icons/dark/reset.svg -> /build/qoob-git/pkg/qoob-git/usr/lib/python3.13/site-packages/qoob/icons/dark
copying build/lib/qoob/icons/dark/quit.svg -> /build/qoob-git/pkg/qoob-git/usr/lib/python3.13/site-packages/qoob/icons/dark
copying build/lib/qoob/icons/qoob.svg -> /build/qoob-git/pkg/qoob-git/usr/lib/python3.13/site-packages/qoob/icons
copying build/lib/qoob/__init__.py -> /build/qoob-git/pkg/qoob-git/usr/lib/python3.13/site-packages/qoob
creating /build/qoob-git/pkg/qoob-git/usr/lib/python3.13/site-packages/qoob/frontend
copying build/lib/qoob/frontend/__init__.py -> /build/qoob-git/pkg/qoob-git/usr/lib/python3.13/site-packages/qoob/frontend
copying build/lib/qoob/frontend/preferences.py -> /build/qoob-git/pkg/qoob-git/usr/lib/python3.13/site-packages/qoob/frontend
copying build/lib/qoob/frontend/trinkets.py -> /build/qoob-git/pkg/qoob-git/usr/lib/python3.13/site-packages/qoob/frontend
copying build/lib/qoob/frontend/playlist.py -> /build/qoob-git/pkg/qoob-git/usr/lib/python3.13/site-packages/qoob/frontend
creating /build/qoob-git/pkg/qoob-git/usr/lib/python3.13/site-packages/qoob/backend
copying build/lib/qoob/backend/__init__.py -> /build/qoob-git/pkg/qoob-git/usr/lib/python3.13/site-packages/qoob/backend
copying build/lib/qoob/backend/cli.py -> /build/qoob-git/pkg/qoob-git/usr/lib/python3.13/site-packages/qoob/backend
copying build/lib/qoob/backend/library.py -> /build/qoob-git/pkg/qoob-git/usr/lib/python3.13/site-packages/qoob/backend
copying build/lib/qoob/backend/tools.py -> /build/qoob-git/pkg/qoob-git/usr/lib/python3.13/site-packages/qoob/backend
copying build/lib/qoob/backend/parser.py -> /build/qoob-git/pkg/qoob-git/usr/lib/python3.13/site-packages/qoob/backend
copying build/lib/qoob/backend/player.py -> /build/qoob-git/pkg/qoob-git/usr/lib/python3.13/site-packages/qoob/backend
creating /build/qoob-git/pkg/qoob-git/usr/lib/python3.13/site-packages/qoob/ui
copying build/lib/qoob/ui/__init__.py -> /build/qoob-git/pkg/qoob-git/usr/lib/python3.13/site-packages/qoob/ui
copying build/lib/qoob/ui/player_ui.py -> /build/qoob-git/pkg/qoob-git/usr/lib/python3.13/site-packages/qoob/ui
copying build/lib/qoob/ui/preferences.py -> /build/qoob-git/pkg/qoob-git/usr/lib/python3.13/site-packages/qoob/ui
copying build/lib/qoob/main.py -> /build/qoob-git/pkg/qoob-git/usr/lib/python3.13/site-packages/qoob
copying build/lib/qoob/__id__.py -> /build/qoob-git/pkg/qoob-git/usr/lib/python3.13/site-packages/qoob
byte-compiling /build/qoob-git/pkg/qoob-git/usr/lib/python3.13/site-packages/qoob/__init__.py to __init__.cpython-313.pyc
byte-compiling /build/qoob-git/pkg/qoob-git/usr/lib/python3.13/site-packages/qoob/frontend/__init__.py to __init__.cpython-313.pyc
byte-compiling /build/qoob-git/pkg/qoob-git/usr/lib/python3.13/site-packages/qoob/frontend/preferences.py to preferences.cpython-313.pyc
byte-compiling /build/qoob-git/pkg/qoob-git/usr/lib/python3.13/site-packages/qoob/frontend/trinkets.py to trinkets.cpython-313.pyc
byte-compiling /build/qoob-git/pkg/qoob-git/usr/lib/python3.13/site-packages/qoob/frontend/playlist.py to playlist.cpython-313.pyc
byte-compiling /build/qoob-git/pkg/qoob-git/usr/lib/python3.13/site-packages/qoob/backend/__init__.py to __init__.cpython-313.pyc
byte-compiling /build/qoob-git/pkg/qoob-git/usr/lib/python3.13/site-packages/qoob/backend/cli.py to cli.cpython-313.pyc
byte-compiling /build/qoob-git/pkg/qoob-git/usr/lib/python3.13/site-packages/qoob/backend/library.py to library.cpython-313.pyc
byte-compiling /build/qoob-git/pkg/qoob-git/usr/lib/python3.13/site-packages/qoob/backend/tools.py to tools.cpython-313.pyc
byte-compiling /build/qoob-git/pkg/qoob-git/usr/lib/python3.13/site-packages/qoob/backend/parser.py to parser.cpython-313.pyc
byte-compiling /build/qoob-git/pkg/qoob-git/usr/lib/python3.13/site-packages/qoob/backend/player.py to player.cpython-313.pyc
byte-compiling /build/qoob-git/pkg/qoob-git/usr/lib/python3.13/site-packages/qoob/ui/__init__.py to __init__.cpython-313.pyc
byte-compiling /build/qoob-git/pkg/qoob-git/usr/lib/python3.13/site-packages/qoob/ui/player_ui.py to player_ui.cpython-313.pyc
byte-compiling /build/qoob-git/pkg/qoob-git/usr/lib/python3.13/site-packages/qoob/ui/preferences.py to preferences.cpython-313.pyc
byte-compiling /build/qoob-git/pkg/qoob-git/usr/lib/python3.13/site-packages/qoob/main.py to main.cpython-313.pyc
byte-compiling /build/qoob-git/pkg/qoob-git/usr/lib/python3.13/site-packages/qoob/__id__.py to __id__.cpython-313.pyc
writing byte-compilation script '/tmp/tmpl0kffoll.py'
/usr/bin/python /tmp/tmpl0kffoll.py
removing /tmp/tmpl0kffoll.py
running install_data
creating /build/qoob-git/pkg/qoob-git/usr/share/icons/hicolor/scalable/apps
copying qoob/icons/qoob.svg -> /build/qoob-git/pkg/qoob-git/usr/share/icons/hicolor/scalable/apps
creating /build/qoob-git/pkg/qoob-git/usr/share/applications
copying qoob.desktop -> /build/qoob-git/pkg/qoob-git/usr/share/applications
running install_egg_info
running egg_info
creating qoob.egg-info
writing qoob.egg-info/PKG-INFO
writing dependency_links to qoob.egg-info/dependency_links.txt
writing entry points to qoob.egg-info/entry_points.txt
writing requirements to qoob.egg-info/requires.txt
writing top-level names to qoob.egg-info/top_level.txt
writing manifest file 'qoob.egg-info/SOURCES.txt'
reading manifest file 'qoob.egg-info/SOURCES.txt'
adding license file 'LICENSE'
writing manifest file 'qoob.egg-info/SOURCES.txt'
Copying qoob.egg-info to /build/qoob-git/pkg/qoob-git/usr/lib/python3.13/site-packages/qoob-0.2.1-py3.13.egg-info
running install_scripts
Installing qoob script to /build/qoob-git/pkg/qoob-git/usr/bin
