qoob E: GPL3 is not a valid SPDX license identifier. See https://spdx.org/licenses/ for valid identifiers, or prefix the identifier with 'LicenseRef-', if it is custom.
qoob W: Referenced python module 'backend.cli' is an uninstalled dependency (needed in files ['usr/lib/python3.13/site-packages/qoob/main.py'])
qoob W: Referenced python module 'backend.library' is an uninstalled dependency (needed in files ['usr/lib/python3.13/site-packages/qoob/main.py'])
qoob W: Referenced python module 'importlib_metadata.distribution' is an uninstalled dependency (needed in files ['usr/bin/qoob'])
qoob W: Referenced python module '__id__.HELP' is an uninstalled dependency (needed in files ['usr/lib/python3.13/site-packages/qoob/__init__.py'])
qoob W: Referenced python module 'frontend.trinkets' is an uninstalled dependency (needed in files ['usr/lib/python3.13/site-packages/qoob/main.py', 'usr/lib/python3.13/site-packages/qoob/frontend/playlist.py'])
qoob W: Referenced python module '__id__.ID' is an uninstalled dependency (needed in files ['usr/lib/python3.13/site-packages/qoob/backend/tools.py', 'usr/lib/python3.13/site-packages/qoob/main.py', 'usr/lib/python3.13/site-packages/qoob/frontend/preferences.py', 'usr/lib/python3.13/site-packages/qoob/__init__.py', 'usr/lib/python3.13/site-packages/qoob/backend/cli.py', 'usr/lib/python3.13/site-packages/qoob/frontend/trinkets.py', 'usr/lib/python3.13/site-packages/qoob/frontend/playlist.py'])
qoob W: Referenced python module 'backend.tools' is an uninstalled dependency (needed in files ['usr/lib/python3.13/site-packages/qoob/backend/parser.py', 'usr/lib/python3.13/site-packages/qoob/backend/library.py', 'usr/lib/python3.13/site-packages/qoob/main.py', 'usr/lib/python3.13/site-packages/qoob/frontend/playlist.py'])
qoob W: Referenced python module '__id__.FULLNAME' is an uninstalled dependency (needed in files ['usr/lib/python3.13/site-packages/qoob/main.py'])
qoob W: Referenced python module 'Xlib.ext.record' is an uninstalled dependency (needed in files ['usr/lib/python3.13/site-packages/qoob/main.py'])
qoob W: Referenced python module 'frontend.playlist' is an uninstalled dependency (needed in files ['usr/lib/python3.13/site-packages/qoob/backend/library.py', 'usr/lib/python3.13/site-packages/qoob/main.py'])
qoob W: Referenced python module 'Xlib.X' is an uninstalled dependency (needed in files ['usr/lib/python3.13/site-packages/qoob/main.py'])
qoob W: Referenced python module 'Xlib.display' is an uninstalled dependency (needed in files ['usr/lib/python3.13/site-packages/qoob/main.py'])
qoob W: Referenced python module 'frontend.preferences' is an uninstalled dependency (needed in files ['usr/lib/python3.13/site-packages/qoob/main.py'])
qoob W: Referenced python module 'Xlib.protocol.rq' is an uninstalled dependency (needed in files ['usr/lib/python3.13/site-packages/qoob/main.py'])
qoob W: Referenced python module 'backend.player' is an uninstalled dependency (needed in files ['usr/lib/python3.13/site-packages/qoob/main.py'])
qoob W: Referenced python module 'main' is an uninstalled dependency (needed in files ['usr/lib/python3.13/site-packages/qoob/__init__.py'])
qoob W: Referenced python module 'backend.parser' is an uninstalled dependency (needed in files ['usr/lib/python3.13/site-packages/qoob/backend/library.py', 'usr/lib/python3.13/site-packages/qoob/main.py', 'usr/lib/python3.13/site-packages/qoob/frontend/playlist.py'])
qoob W: Dependency hicolor-icon-theme detected and implicitly satisfied (needed for hicolor theme hierarchy)
qoob W: Dependency included, but may not be needed ('qt5-svg')
qoob W: Dependency included, but may not be needed ('qt5-multimedia')
qoob W: Dependency included, but may not be needed ('gst-plugins-base')
qoob W: Dependency included, but may not be needed ('gst-plugins-good')
