qt5-webengine W: ELF file ('usr/lib/libQt5PdfWidgets.so.5.15.19') lacks FULL RELRO, check LDFLAGS.
qt5-webengine W: ELF file ('usr/lib/libQt5WebEngine.so.5.15.19') lacks FULL RELRO, check LDFLAGS.
qt5-webengine W: ELF file ('usr/lib/libQt5WebEngineWidgets.so.5.15.19') lacks FULL RELRO, check LDFLAGS.
qt5-webengine W: ELF file ('usr/lib/qt/libexec/QtWebEngineProcess') lacks FULL RELRO, check LDFLAGS.
qt5-webengine W: ELF file ('usr/lib/qt/plugins/designer/libqwebengineview.so') lacks FULL RELRO, check LDFLAGS.
qt5-webengine W: ELF file ('usr/lib/qt/plugins/imageformats/libqpdf.so') lacks FULL RELRO, check LDFLAGS.
qt5-webengine W: ELF file ('usr/lib/qt/qml/QtQuick/Pdf/libpdfplugin.so') lacks FULL RELRO, check LDFLAGS.
qt5-webengine W: ELF file ('usr/lib/qt/qml/QtWebEngine/libqtwebengineplugin.so') lacks FULL RELRO, check LDFLAGS.
qt5-webengine W: Referenced QML module 'QtQuick.Pdf' is an uninstalled dependency (needed in files ['usr/lib/qt/qml/QtQuick/Pdf/qml/PdfScrollablePageView.qml', 'usr/lib/qt/qml/QtQuick/Pdf/qml/PdfPageView.qml', 'usr/lib/qt/qml/QtQuick/Pdf/qml/PdfMultiPageView.qml'])
qt5-webengine W: Referenced QML module 'QtQuick' is an uninstalled dependency (needed in files ['usr/lib/qt/qml/QtWebEngine/Controls1Delegates/Menu.qml', 'usr/lib/qt/qml/QtWebEngine/Controls1Delegates/AuthenticationDialog.qml', 'usr/lib/qt/qml/QtWebEngine/Controls2Delegates/Menu.qml', 'usr/lib/qt/qml/QtQuick/Pdf/qml/PdfPageView.qml', 'usr/lib/qt/qml/QtWebEngine/Controls1Delegates/PromptDialog.qml', 'usr/lib/qt/qml/QtWebEngine/Controls1Delegates/TouchHandle.qml', 'usr/lib/qt/qml/QtWebEngine/Controls1Delegates/TouchSelectionMenu.qml', 'usr/lib/qt/qml/QtWebEngine/Controls2Delegates/AuthenticationDialog.qml', 'usr/lib/qt/qml/QtWebEngine/Controls1Delegates/MenuItem.qml', 'usr/lib/qt/qml/QtWebEngine/Controls1Delegates/MenuSeparator.qml', 'usr/lib/qt/qml/QtWebEngine/Controls1Delegates/ToolTip.qml', 'usr/lib/qt/qml/QtQuick/Pdf/qml/PdfScrollablePageView.qml', 'usr/lib/qt/qml/QtWebEngine/Controls2Delegates/MenuItem.qml', 'usr/lib/qt/qml/QtWebEngine/Controls2Delegates/PromptDialog.qml', 'usr/lib/qt/qml/QtWebEngine/Controls2Delegates/AlertDialog.qml', 'usr/lib/qt/qml/QtWebEngine/Controls2Delegates/ConfirmDialog.qml', 'usr/lib/qt/qml/QtQuick/Pdf/qml/PdfMultiPageView.qml', 'usr/lib/qt/qml/QtWebEngine/Controls2Delegates/MenuSeparator.qml'])
qt5-webengine W: Referenced QML module 'QtQuick.Shapes' is an uninstalled dependency (needed in files ['usr/lib/qt/qml/QtQuick/Pdf/qml/PdfScrollablePageView.qml', 'usr/lib/qt/qml/QtQuick/Pdf/qml/PdfPageView.qml', 'usr/lib/qt/qml/QtQuick/Pdf/qml/PdfMultiPageView.qml'])
qt5-webengine W: Referenced QML module 'QtQuick.Dialogs' is an uninstalled dependency (needed in files ['usr/lib/qt/qml/QtWebEngine/Controls2Delegates/AuthenticationDialog.qml', 'usr/lib/qt/qml/QtWebEngine/Controls1Delegates/AlertDialog.qml', 'usr/lib/qt/qml/QtWebEngine/Controls1Delegates/FilePicker.qml', 'usr/lib/qt/qml/QtWebEngine/Controls1Delegates/ConfirmDialog.qml', 'usr/lib/qt/qml/QtWebEngine/Controls1Delegates/ColorDialog.qml', 'usr/lib/qt/qml/QtWebEngine/Controls2Delegates/AlertDialog.qml', 'usr/lib/qt/qml/QtWebEngine/Controls2Delegates/ConfirmDialog.qml', 'usr/lib/qt/qml/QtWebEngine/Controls2Delegates/PromptDialog.qml'])
qt5-webengine W: Referenced QML module 'QtQuick.Controls' is an uninstalled dependency (needed in files ['usr/lib/qt/qml/QtWebEngine/Controls1Delegates/Menu.qml', 'usr/lib/qt/qml/QtWebEngine/Controls1Delegates/AuthenticationDialog.qml', 'usr/lib/qt/qml/QtWebEngine/Controls2Delegates/Menu.qml', 'usr/lib/qt/qml/QtQuick/Pdf/qml/PdfPageView.qml', 'usr/lib/qt/qml/QtWebEngine/Controls1Delegates/PromptDialog.qml', 'usr/lib/qt/qml/QtWebEngine/Controls2Delegates/AuthenticationDialog.qml', 'usr/lib/qt/qml/QtWebEngine/Controls2Delegates/ToolTip.qml', 'usr/lib/qt/qml/QtWebEngine/Controls1Delegates/MenuItem.qml', 'usr/lib/qt/qml/QtWebEngine/Controls1Delegates/MenuSeparator.qml', 'usr/lib/qt/qml/QtQuick/Pdf/qml/PdfScrollablePageView.qml', 'usr/lib/qt/qml/QtWebEngine/Controls2Delegates/MenuItem.qml', 'usr/lib/qt/qml/QtWebEngine/Controls2Delegates/AlertDialog.qml', 'usr/lib/qt/qml/QtWebEngine/Controls2Delegates/ConfirmDialog.qml', 'usr/lib/qt/qml/QtQuick/Pdf/qml/PdfMultiPageView.qml', 'usr/lib/qt/qml/QtWebEngine/Controls2Delegates/PromptDialog.qml'])
qt5-webengine W: Referenced QML module 'QtQuick.Window' is an uninstalled dependency (needed in files ['usr/lib/qt/qml/QtWebEngine/Controls1Delegates/AuthenticationDialog.qml', 'usr/lib/qt/qml/QtQuick/Pdf/qml/PdfMultiPageView.qml'])
qt5-webengine W: Referenced QML module 'Qt.labs.animation' is an uninstalled dependency (needed in files ['usr/lib/qt/qml/QtQuick/Pdf/qml/PdfScrollablePageView.qml', 'usr/lib/qt/qml/QtQuick/Pdf/qml/PdfPageView.qml'])
qt5-webengine W: Referenced QML module 'QtQuick.Layouts' is an uninstalled dependency (needed in files ['usr/lib/qt/qml/QtWebEngine/Controls1Delegates/AuthenticationDialog.qml', 'usr/lib/qt/qml/QtWebEngine/Controls2Delegates/AuthenticationDialog.qml', 'usr/lib/qt/qml/QtWebEngine/Controls1Delegates/PromptDialog.qml', 'usr/lib/qt/qml/QtWebEngine/Controls1Delegates/TouchSelectionMenu.qml', 'usr/lib/qt/qml/QtWebEngine/Controls2Delegates/AlertDialog.qml', 'usr/lib/qt/qml/QtWebEngine/Controls2Delegates/ConfirmDialog.qml', 'usr/lib/qt/qml/QtQuick/Pdf/qml/PdfMultiPageView.qml', 'usr/lib/qt/qml/QtWebEngine/Controls2Delegates/PromptDialog.qml'])
qt5-webengine W: Unused shared library '/usr/lib/libz.so.1' by file ('usr/bin/qwebengine_convert_dict')
qt5-webengine W: Unused shared library '/usr/lib/libevent-2.1.so.7' by file ('usr/bin/qwebengine_convert_dict')
qt5-webengine W: Unused shared library '/usr/lib/libgcc_s.so.1' by file ('usr/bin/qwebengine_convert_dict')
qt5-webengine W: Unused shared library '/usr/lib/libGL.so.1' by file ('usr/lib/libQt5Pdf.so.5.15.19')
qt5-webengine W: Unused shared library '/usr/lib/libgcc_s.so.1' by file ('usr/lib/libQt5Pdf.so.5.15.19')
qt5-webengine W: Unused shared library '/usr/lib/libGL.so.1' by file ('usr/lib/libQt5PdfWidgets.so.5.15.19')
qt5-webengine W: Unused shared library '/usr/lib/libm.so.6' by file ('usr/lib/libQt5PdfWidgets.so.5.15.19')
qt5-webengine W: Unused shared library '/usr/lib/libgcc_s.so.1' by file ('usr/lib/libQt5PdfWidgets.so.5.15.19')
qt5-webengine W: Unused shared library '/usr/lib/libQt5QmlModels.so.5' by file ('usr/lib/libQt5WebEngine.so.5.15.19')
qt5-webengine W: Unused shared library '/usr/lib/libQt5Positioning.so.5' by file ('usr/lib/libQt5WebEngine.so.5.15.19')
qt5-webengine W: Unused shared library '/usr/lib/libGL.so.1' by file ('usr/lib/libQt5WebEngine.so.5.15.19')
qt5-webengine W: Unused shared library '/usr/lib/libm.so.6' by file ('usr/lib/libQt5WebEngine.so.5.15.19')
qt5-webengine W: Unused shared library '/usr/lib/libgcc_s.so.1' by file ('usr/lib/libQt5WebEngine.so.5.15.19')
qt5-webengine W: Unused shared library '/usr/lib/libQt5QmlModels.so.5' by file ('usr/lib/libQt5WebEngineCore.so.5.15.19')
qt5-webengine W: Unused shared library '/usr/lib/libGL.so.1' by file ('usr/lib/libQt5WebEngineCore.so.5.15.19')
qt5-webengine W: Unused shared library '/usr/lib/libsmime3.so' by file ('usr/lib/libQt5WebEngineCore.so.5.15.19')
qt5-webengine W: Unused shared library '/usr/lib/libplds4.so' by file ('usr/lib/libQt5WebEngineCore.so.5.15.19')
qt5-webengine W: Unused shared library '/usr/lib/libplc4.so' by file ('usr/lib/libQt5WebEngineCore.so.5.15.19')
qt5-webengine W: Unused shared library '/usr/lib/libresolv.so.2' by file ('usr/lib/libQt5WebEngineCore.so.5.15.19')
qt5-webengine W: Unused shared library '/usr/lib/libXrender.so.1' by file ('usr/lib/libQt5WebEngineCore.so.5.15.19')
qt5-webengine W: Unused shared library '/usr/lib/libXtst.so.6' by file ('usr/lib/libQt5WebEngineCore.so.5.15.19')
qt5-webengine W: Unused shared library '/usr/lib/libxkbcommon.so.0' by file ('usr/lib/libQt5WebEngineCore.so.5.15.19')
qt5-webengine W: Unused shared library '/usr/lib/libpci.so.3' by file ('usr/lib/libQt5WebEngineCore.so.5.15.19')
qt5-webengine W: Unused shared library '/usr/lib/libQt5QmlModels.so.5' by file ('usr/lib/libQt5WebEngineWidgets.so.5.15.19')
qt5-webengine W: Unused shared library '/usr/lib/libQt5WebChannel.so.5' by file ('usr/lib/libQt5WebEngineWidgets.so.5.15.19')
qt5-webengine W: Unused shared library '/usr/lib/libQt5Qml.so.5' by file ('usr/lib/libQt5WebEngineWidgets.so.5.15.19')
qt5-webengine W: Unused shared library '/usr/lib/libQt5Positioning.so.5' by file ('usr/lib/libQt5WebEngineWidgets.so.5.15.19')
qt5-webengine W: Unused shared library '/usr/lib/libGL.so.1' by file ('usr/lib/libQt5WebEngineWidgets.so.5.15.19')
qt5-webengine W: Unused shared library '/usr/lib/libm.so.6' by file ('usr/lib/libQt5WebEngineWidgets.so.5.15.19')
qt5-webengine W: Unused shared library '/usr/lib/libgcc_s.so.1' by file ('usr/lib/libQt5WebEngineWidgets.so.5.15.19')
qt5-webengine W: Unused shared library '/usr/lib/libQt5Gui.so.5' by file ('usr/lib/qt/libexec/QtWebEngineProcess')
qt5-webengine W: Unused shared library '/usr/lib/libGL.so.1' by file ('usr/lib/qt/libexec/QtWebEngineProcess')
qt5-webengine W: Unused shared library '/usr/lib/libQt5Quick.so.5' by file ('usr/lib/qt/libexec/QtWebEngineProcess')
qt5-webengine W: Unused shared library '/usr/lib/libQt5QmlModels.so.5' by file ('usr/lib/qt/libexec/QtWebEngineProcess')
qt5-webengine W: Unused shared library '/usr/lib/libQt5WebChannel.so.5' by file ('usr/lib/qt/libexec/QtWebEngineProcess')
qt5-webengine W: Unused shared library '/usr/lib/libQt5Qml.so.5' by file ('usr/lib/qt/libexec/QtWebEngineProcess')
qt5-webengine W: Unused shared library '/usr/lib/libQt5Network.so.5' by file ('usr/lib/qt/libexec/QtWebEngineProcess')
qt5-webengine W: Unused shared library '/usr/lib/libQt5Positioning.so.5' by file ('usr/lib/qt/libexec/QtWebEngineProcess')
qt5-webengine W: Unused shared library '/usr/lib/libm.so.6' by file ('usr/lib/qt/libexec/QtWebEngineProcess')
qt5-webengine W: Unused shared library '/usr/lib/libgcc_s.so.1' by file ('usr/lib/qt/libexec/QtWebEngineProcess')
qt5-webengine W: Unused shared library '/usr/lib/libQt5WebEngineCore.so.5' by file ('usr/lib/qt/plugins/designer/libqwebengineview.so')
qt5-webengine W: Unused shared library '/usr/lib/libQt5Designer.so.5' by file ('usr/lib/qt/plugins/designer/libqwebengineview.so')
qt5-webengine W: Unused shared library '/usr/lib/libQt5PrintSupport.so.5' by file ('usr/lib/qt/plugins/designer/libqwebengineview.so')
qt5-webengine W: Unused shared library '/usr/lib/libQt5Quick.so.5' by file ('usr/lib/qt/plugins/designer/libqwebengineview.so')
qt5-webengine W: Unused shared library '/usr/lib/libQt5Xml.so.5' by file ('usr/lib/qt/plugins/designer/libqwebengineview.so')
qt5-webengine W: Unused shared library '/usr/lib/libQt5QmlModels.so.5' by file ('usr/lib/qt/plugins/designer/libqwebengineview.so')
qt5-webengine W: Unused shared library '/usr/lib/libQt5WebChannel.so.5' by file ('usr/lib/qt/plugins/designer/libqwebengineview.so')
qt5-webengine W: Unused shared library '/usr/lib/libQt5Qml.so.5' by file ('usr/lib/qt/plugins/designer/libqwebengineview.so')
qt5-webengine W: Unused shared library '/usr/lib/libQt5Network.so.5' by file ('usr/lib/qt/plugins/designer/libqwebengineview.so')
qt5-webengine W: Unused shared library '/usr/lib/libQt5Positioning.so.5' by file ('usr/lib/qt/plugins/designer/libqwebengineview.so')
qt5-webengine W: Unused shared library '/usr/lib/libGL.so.1' by file ('usr/lib/qt/plugins/designer/libqwebengineview.so')
qt5-webengine W: Unused shared library '/usr/lib/libm.so.6' by file ('usr/lib/qt/plugins/designer/libqwebengineview.so')
qt5-webengine W: Unused shared library '/usr/lib/libgcc_s.so.1' by file ('usr/lib/qt/plugins/designer/libqwebengineview.so')
qt5-webengine W: Unused shared library '/usr/lib/libGL.so.1' by file ('usr/lib/qt/plugins/imageformats/libqpdf.so')
qt5-webengine W: Unused shared library '/usr/lib/libm.so.6' by file ('usr/lib/qt/plugins/imageformats/libqpdf.so')
qt5-webengine W: Unused shared library '/usr/lib/libgcc_s.so.1' by file ('usr/lib/qt/plugins/imageformats/libqpdf.so')
qt5-webengine W: Unused shared library '/usr/lib/libQt5QmlModels.so.5' by file ('usr/lib/qt/qml/QtQuick/Pdf/libpdfplugin.so')
qt5-webengine W: Unused shared library '/usr/lib/libQt5Network.so.5' by file ('usr/lib/qt/qml/QtQuick/Pdf/libpdfplugin.so')
qt5-webengine W: Unused shared library '/usr/lib/libGL.so.1' by file ('usr/lib/qt/qml/QtQuick/Pdf/libpdfplugin.so')
qt5-webengine W: Unused shared library '/usr/lib/libm.so.6' by file ('usr/lib/qt/qml/QtQuick/Pdf/libpdfplugin.so')
qt5-webengine W: Unused shared library '/usr/lib/libgcc_s.so.1' by file ('usr/lib/qt/qml/QtQuick/Pdf/libpdfplugin.so')
qt5-webengine W: Unused shared library '/usr/lib/libQt5Gui.so.5' by file ('usr/lib/qt/qml/QtWebEngine/libqtwebengineplugin.so')
qt5-webengine W: Unused shared library '/usr/lib/libQt5QmlModels.so.5' by file ('usr/lib/qt/qml/QtWebEngine/libqtwebengineplugin.so')
qt5-webengine W: Unused shared library '/usr/lib/libQt5Network.so.5' by file ('usr/lib/qt/qml/QtWebEngine/libqtwebengineplugin.so')
qt5-webengine W: Unused shared library '/usr/lib/libGL.so.1' by file ('usr/lib/qt/qml/QtWebEngine/libqtwebengineplugin.so')
qt5-webengine W: Unused shared library '/usr/lib/libQt5WebChannel.so.5' by file ('usr/lib/qt/qml/QtWebEngine/libqtwebengineplugin.so')
qt5-webengine W: Unused shared library '/usr/lib/libQt5Positioning.so.5' by file ('usr/lib/qt/qml/QtWebEngine/libqtwebengineplugin.so')
qt5-webengine W: Unused shared library '/usr/lib/libm.so.6' by file ('usr/lib/qt/qml/QtWebEngine/libqtwebengineplugin.so')
qt5-webengine W: Unused shared library '/usr/lib/libgcc_s.so.1' by file ('usr/lib/qt/qml/QtWebEngine/libqtwebengineplugin.so')
