cd src/ && ( test -e Makefile || /usr/bin/qmake -o Makefile /build/qt5-charts/src/kde-qtcharts/src/src.pro ) && make -f Makefile install
make[1]: Entering directory '/build/qt5-charts/src/build/src'
cd charts/ && ( test -e Makefile || /usr/bin/qmake -o Makefile /build/qt5-charts/src/kde-qtcharts/src/charts/charts.pro ) && make -f Makefile install
make[2]: Entering directory '/build/qt5-charts/src/build/src/charts'
/usr/bin/qmake -install qinstall -exe ../../lib/libQt5Charts.so.5.15.18 /build/qt5-charts/pkg/qt5-charts/usr/lib/libQt5Charts.so.5.15.18
/usr/bin/qmake -install qinstall /build/qt5-charts/src/build/include/QtCharts/QAbstractSeries /build/qt5-charts/pkg/qt5-charts/usr/include/qt/QtCharts/QAbstractSeries
/usr/bin/qmake -install qinstall /build/qt5-charts/src/kde-qtcharts/src/charts/chartsnamespace.h /build/qt5-charts/pkg/qt5-charts/usr/include/qt/QtCharts/chartsnamespace.h
/usr/bin/qmake -install qinstall /build/qt5-charts/src/kde-qtcharts/src/charts/chartbackground_p.h /build/qt5-charts/pkg/qt5-charts/usr/include/qt/QtCharts/5.15.18/QtCharts/private/chartbackground_p.h
/usr/bin/qmake -install qinstall /build/qt5-charts/src/build/mkspecs/modules-inst/qt_lib_charts.pri /build/qt5-charts/pkg/qt5-charts/usr/lib/qt/mkspecs/modules/qt_lib_charts.pri
/usr/bin/qmake -install qinstall /build/qt5-charts/src/build/lib/cmake/Qt5Charts/Qt5ChartsConfig.cmake /build/qt5-charts/pkg/qt5-charts/usr/lib/cmake/Qt5Charts/Qt5ChartsConfig.cmake
/usr/bin/qmake -install qinstall /build/qt5-charts/src/build/mkspecs/modules-inst/qt_lib_charts_private.pri /build/qt5-charts/pkg/qt5-charts/usr/lib/qt/mkspecs/modules/qt_lib_charts_private.pri
/usr/bin/qmake -install qinstall /build/qt5-charts/src/build/include/QtCharts/QChart /build/qt5-charts/pkg/qt5-charts/usr/include/qt/QtCharts/QChart
/usr/bin/qmake -install qinstall /build/qt5-charts/src/kde-qtcharts/src/charts/chartconfig_p.h /build/qt5-charts/pkg/qt5-charts/usr/include/qt/QtCharts/5.15.18/QtCharts/private/chartconfig_p.h
/usr/bin/qmake -install qinstall /build/qt5-charts/src/kde-qtcharts/src/charts/qabstractseries.h /build/qt5-charts/pkg/qt5-charts/usr/include/qt/QtCharts/qabstractseries.h
/usr/bin/qmake -install qinstall /build/qt5-charts/src/build/lib/cmake/Qt5Charts/Qt5ChartsConfigVersion.cmake /build/qt5-charts/pkg/qt5-charts/usr/lib/cmake/Qt5Charts/Qt5ChartsConfigVersion.cmake
/usr/bin/qmake -install qinstall /build/qt5-charts/src/build/include/QtCharts/QChartGlobal /build/qt5-charts/pkg/qt5-charts/usr/include/qt/QtCharts/QChartGlobal
/usr/bin/qmake -install qinstall /build/qt5-charts/src/kde-qtcharts/src/charts/chartdataset_p.h /build/qt5-charts/pkg/qt5-charts/usr/include/qt/QtCharts/5.15.18/QtCharts/private/chartdataset_p.h
/usr/bin/qmake -install qinstall /build/qt5-charts/src/kde-qtcharts/src/charts/qchart.h /build/qt5-charts/pkg/qt5-charts/usr/include/qt/QtCharts/qchart.h
/usr/bin/qmake -install qinstall /build/qt5-charts/src/kde-qtcharts/src/charts/chartelement_p.h /build/qt5-charts/pkg/qt5-charts/usr/include/qt/QtCharts/5.15.18/QtCharts/private/chartelement_p.h
/usr/bin/qmake -install qinstall /build/qt5-charts/src/build/include/QtCharts/QChartView /build/qt5-charts/pkg/qt5-charts/usr/include/qt/QtCharts/QChartView
/usr/bin/qmake -install qinstall /build/qt5-charts/src/kde-qtcharts/src/charts/qchartglobal.h /build/qt5-charts/pkg/qt5-charts/usr/include/qt/QtCharts/qchartglobal.h
/usr/bin/qmake -install qinstall /build/qt5-charts/src/build/include/QtCharts/QPolarChart /build/qt5-charts/pkg/qt5-charts/usr/include/qt/QtCharts/QPolarChart
/usr/bin/qmake -install qinstall /build/qt5-charts/src/kde-qtcharts/src/charts/charthelpers_p.h /build/qt5-charts/pkg/qt5-charts/usr/include/qt/QtCharts/5.15.18/QtCharts/private/charthelpers_p.h
/usr/bin/qmake -install qinstall /build/qt5-charts/src/kde-qtcharts/src/charts/qchartview.h /build/qt5-charts/pkg/qt5-charts/usr/include/qt/QtCharts/qchartview.h
/usr/bin/qmake -install qinstall /build/qt5-charts/src/kde-qtcharts/src/charts/chartitem_p.h /build/qt5-charts/pkg/qt5-charts/usr/include/qt/QtCharts/5.15.18/QtCharts/private/chartitem_p.h
/usr/bin/qmake -install qinstall /build/qt5-charts/src/build/include/QtCharts/QAreaSeries /build/qt5-charts/pkg/qt5-charts/usr/include/qt/QtCharts/QAreaSeries
/usr/bin/qmake -install qinstall /build/qt5-charts/src/kde-qtcharts/src/charts/qpolarchart.h /build/qt5-charts/pkg/qt5-charts/usr/include/qt/QtCharts/qpolarchart.h
/usr/bin/qmake -install qinstall /build/qt5-charts/src/kde-qtcharts/src/charts/chartpresenter_p.h /build/qt5-charts/pkg/qt5-charts/usr/include/qt/QtCharts/5.15.18/QtCharts/private/chartpresenter_p.h
/usr/bin/qmake -install qinstall /build/qt5-charts/src/build/include/QtCharts/QAbstractAxis /build/qt5-charts/pkg/qt5-charts/usr/include/qt/QtCharts/QAbstractAxis
/usr/bin/qmake -install qinstall /build/qt5-charts/src/build/include/QtCharts/QAbstractBarSeries /build/qt5-charts/pkg/qt5-charts/usr/include/qt/QtCharts/QAbstractBarSeries
/usr/bin/qmake -install qinstall /build/qt5-charts/src/kde-qtcharts/src/charts/chartthememanager_p.h /build/qt5-charts/pkg/qt5-charts/usr/include/qt/QtCharts/5.15.18/QtCharts/private/chartthememanager_p.h
ln -f -s libQt5Charts.so.5.15.18 /build/qt5-charts/pkg/qt5-charts/usr/lib/libQt5Charts.so
/usr/bin/qmake -install qinstall /build/qt5-charts/src/kde-qtcharts/src/charts/areachart/qareaseries.h /build/qt5-charts/pkg/qt5-charts/usr/include/qt/QtCharts/qareaseries.h
ln -f -s libQt5Charts.so.5.15.18 /build/qt5-charts/pkg/qt5-charts/usr/lib/libQt5Charts.so.5
/usr/bin/qmake -install qinstall /build/qt5-charts/src/build/include/QtCharts/QBarModelMapper /build/qt5-charts/pkg/qt5-charts/usr/include/qt/QtCharts/QBarModelMapper
ln -f -s libQt5Charts.so.5.15.18 /build/qt5-charts/pkg/qt5-charts/usr/lib/libQt5Charts.so.5.15
/usr/bin/qmake -install qinstall /build/qt5-charts/src/kde-qtcharts/src/charts/charttitle_p.h /build/qt5-charts/pkg/qt5-charts/usr/include/qt/QtCharts/5.15.18/QtCharts/private/charttitle_p.h
/usr/bin/qmake -install qinstall /build/qt5-charts/src/build/include/QtCharts/QBarSet /build/qt5-charts/pkg/qt5-charts/usr/include/qt/QtCharts/QBarSet
/usr/bin/qmake -install qinstall /build/qt5-charts/src/kde-qtcharts/src/charts/axis/qabstractaxis.h /build/qt5-charts/pkg/qt5-charts/usr/include/qt/QtCharts/qabstractaxis.h
/usr/bin/qmake -install qinstall /build/qt5-charts/src/kde-qtcharts/src/charts/glwidget_p.h /build/qt5-charts/pkg/qt5-charts/usr/include/qt/QtCharts/5.15.18/QtCharts/private/glwidget_p.h
sed  -e 's,/build/qt5-charts/src/build/lib/,$$[QT_INSTALL_LIBS]/,g' -e 's,[^ '\'']*/build/qt5-charts/src/build/lib,,g' -e 's,/usr/lib,$$[QT_INSTALL_LIBS],g' ../../lib/libQt5Charts.prl > /build/qt5-charts/pkg/qt5-charts/usr/lib/libQt5Charts.prl
/usr/bin/qmake -install qinstall /build/qt5-charts/src/kde-qtcharts/src/charts/barchart/qabstractbarseries.h /build/qt5-charts/pkg/qt5-charts/usr/include/qt/QtCharts/qabstractbarseries.h
/usr/bin/qmake -install qinstall /build/qt5-charts/src/kde-qtcharts/src/charts/qabstractseries_p.h /build/qt5-charts/pkg/qt5-charts/usr/include/qt/QtCharts/5.15.18/QtCharts/private/qabstractseries_p.h
/usr/bin/qmake -install qinstall /build/qt5-charts/src/build/include/QtCharts/QHBarModelMapper /build/qt5-charts/pkg/qt5-charts/usr/include/qt/QtCharts/QHBarModelMapper
/usr/bin/qmake -install qinstall /build/qt5-charts/src/kde-qtcharts/src/charts/barchart/qbarmodelmapper.h /build/qt5-charts/pkg/qt5-charts/usr/include/qt/QtCharts/qbarmodelmapper.h
/usr/bin/qmake -install qinstall /build/qt5-charts/src/kde-qtcharts/src/charts/qchart_p.h /build/qt5-charts/pkg/qt5-charts/usr/include/qt/QtCharts/5.15.18/QtCharts/private/qchart_p.h
sed  -e s,/build/qt5-charts/src/build/lib/,=/usr/lib/,g -e 's,[^ '\'']*/build/qt5-charts/src/build/lib,,g' ../../lib/libQt5Charts.la > /build/qt5-charts/pkg/qt5-charts/usr/lib/libQt5Charts.la
/usr/bin/qmake -install qinstall /build/qt5-charts/src/kde-qtcharts/src/charts/barchart/qbarset.h /build/qt5-charts/pkg/qt5-charts/usr/include/qt/QtCharts/qbarset.h
/usr/bin/qmake -install qinstall /build/qt5-charts/src/build/include/QtCharts/QVBarModelMapper /build/qt5-charts/pkg/qt5-charts/usr/include/qt/QtCharts/QVBarModelMapper
/usr/bin/qmake -install qinstall /build/qt5-charts/src/kde-qtcharts/src/charts/qchartglobal_p.h /build/qt5-charts/pkg/qt5-charts/usr/include/qt/QtCharts/5.15.18/QtCharts/private/qchartglobal_p.h
/usr/bin/qmake -install qinstall /build/qt5-charts/src/kde-qtcharts/src/charts/barchart/qhbarmodelmapper.h /build/qt5-charts/pkg/qt5-charts/usr/include/qt/QtCharts/qhbarmodelmapper.h
/usr/bin/qmake -install qinstall /build/qt5-charts/src/build/include/QtCharts/QBoxPlotModelMapper /build/qt5-charts/pkg/qt5-charts/usr/include/qt/QtCharts/QBoxPlotModelMapper
/usr/bin/qmake -install qinstall /build/qt5-charts/src/kde-qtcharts/src/charts/qchartview_p.h /build/qt5-charts/pkg/qt5-charts/usr/include/qt/QtCharts/5.15.18/QtCharts/private/qchartview_p.h
/usr/bin/qmake -install qinstall /build/qt5-charts/src/kde-qtcharts/src/charts/barchart/qvbarmodelmapper.h /build/qt5-charts/pkg/qt5-charts/usr/include/qt/QtCharts/qvbarmodelmapper.h
sed  -e s,/build/qt5-charts/src/build/lib/,/usr/lib/,g -e 's,[^ '\'']*/build/qt5-charts/src/build/lib,,g' ../../lib/pkgconfig/Qt5Charts.pc > /build/qt5-charts/pkg/qt5-charts/usr/lib/pkgconfig/Qt5Charts.pc
/usr/bin/qmake -install qinstall /build/qt5-charts/src/kde-qtcharts/src/charts/scroller_p.h /build/qt5-charts/pkg/qt5-charts/usr/include/qt/QtCharts/5.15.18/QtCharts/private/scroller_p.h
/usr/bin/qmake -install qinstall /build/qt5-charts/src/build/include/QtCharts/QBoxPlotSeries /build/qt5-charts/pkg/qt5-charts/usr/include/qt/QtCharts/QBoxPlotSeries
/usr/bin/qmake -install qinstall /build/qt5-charts/src/kde-qtcharts/src/charts/boxplotchart/qboxplotmodelmapper.h /build/qt5-charts/pkg/qt5-charts/usr/include/qt/QtCharts/qboxplotmodelmapper.h
/usr/bin/qmake -install qinstall /build/qt5-charts/src/kde-qtcharts/src/charts/animations/axisanimation_p.h /build/qt5-charts/pkg/qt5-charts/usr/include/qt/QtCharts/5.15.18/QtCharts/private/axisanimation_p.h
/usr/bin/qmake -install qinstall /build/qt5-charts/src/build/include/QtCharts/QBoxSet /build/qt5-charts/pkg/qt5-charts/usr/include/qt/QtCharts/QBoxSet
/usr/bin/qmake -install qinstall /build/qt5-charts/src/kde-qtcharts/src/charts/boxplotchart/qboxplotseries.h /build/qt5-charts/pkg/qt5-charts/usr/include/qt/QtCharts/qboxplotseries.h
/usr/bin/qmake -install qinstall /build/qt5-charts/src/kde-qtcharts/src/charts/animations/baranimation_p.h /build/qt5-charts/pkg/qt5-charts/usr/include/qt/QtCharts/5.15.18/QtCharts/private/baranimation_p.h
/usr/bin/qmake -install qinstall /build/qt5-charts/src/build/include/QtCharts/QHBoxPlotModelMapper /build/qt5-charts/pkg/qt5-charts/usr/include/qt/QtCharts/QHBoxPlotModelMapper
/usr/bin/qmake -install qinstall /build/qt5-charts/src/kde-qtcharts/src/charts/boxplotchart/qboxset.h /build/qt5-charts/pkg/qt5-charts/usr/include/qt/QtCharts/qboxset.h
/usr/bin/qmake -install qinstall /build/qt5-charts/src/kde-qtcharts/src/charts/animations/boxplotanimation_p.h /build/qt5-charts/pkg/qt5-charts/usr/include/qt/QtCharts/5.15.18/QtCharts/private/boxplotanimation_p.h
/usr/bin/qmake -install qinstall /build/qt5-charts/src/build/include/QtCharts/QVBoxPlotModelMapper /build/qt5-charts/pkg/qt5-charts/usr/include/qt/QtCharts/QVBoxPlotModelMapper
/usr/bin/qmake -install qinstall /build/qt5-charts/src/kde-qtcharts/src/charts/boxplotchart/qhboxplotmodelmapper.h /build/qt5-charts/pkg/qt5-charts/usr/include/qt/QtCharts/qhboxplotmodelmapper.h
/usr/bin/qmake -install qinstall /build/qt5-charts/src/kde-qtcharts/src/charts/animations/boxwhiskersanimation_p.h /build/qt5-charts/pkg/qt5-charts/usr/include/qt/QtCharts/5.15.18/QtCharts/private/boxwhiskersanimation_p.h
/usr/bin/qmake -install qinstall /build/qt5-charts/src/build/include/QtCharts/QCandlestickModelMapper /build/qt5-charts/pkg/qt5-charts/usr/include/qt/QtCharts/QCandlestickModelMapper
/usr/bin/qmake -install qinstall /build/qt5-charts/src/kde-qtcharts/src/charts/boxplotchart/qvboxplotmodelmapper.h /build/qt5-charts/pkg/qt5-charts/usr/include/qt/QtCharts/qvboxplotmodelmapper.h
/usr/bin/qmake -install qinstall /build/qt5-charts/src/build/include/QtCharts/QCandlestickSeries /build/qt5-charts/pkg/qt5-charts/usr/include/qt/QtCharts/QCandlestickSeries
/usr/bin/qmake -install qinstall /build/qt5-charts/src/kde-qtcharts/src/charts/animations/candlestickanimation_p.h /build/qt5-charts/pkg/qt5-charts/usr/include/qt/QtCharts/5.15.18/QtCharts/private/candlestickanimation_p.h
/usr/bin/qmake -install qinstall /build/qt5-charts/src/kde-qtcharts/src/charts/candlestickchart/qcandlestickmodelmapper.h /build/qt5-charts/pkg/qt5-charts/usr/include/qt/QtCharts/qcandlestickmodelmapper.h
/usr/bin/qmake -install qinstall /build/qt5-charts/src/build/include/QtCharts/QCandlestickSet /build/qt5-charts/pkg/qt5-charts/usr/include/qt/QtCharts/QCandlestickSet
/usr/bin/qmake -install qinstall /build/qt5-charts/src/kde-qtcharts/src/charts/candlestickchart/qcandlestickseries.h /build/qt5-charts/pkg/qt5-charts/usr/include/qt/QtCharts/qcandlestickseries.h
/usr/bin/qmake -install qinstall /build/qt5-charts/src/kde-qtcharts/src/charts/animations/candlestickbodywicksanimation_p.h /build/qt5-charts/pkg/qt5-charts/usr/include/qt/QtCharts/5.15.18/QtCharts/private/candlestickbodywicksanimation_p.h
/usr/bin/qmake -install qinstall /build/qt5-charts/src/build/include/QtCharts/QHCandlestickModelMapper /build/qt5-charts/pkg/qt5-charts/usr/include/qt/QtCharts/QHCandlestickModelMapper
/usr/bin/qmake -install qinstall /build/qt5-charts/src/kde-qtcharts/src/charts/candlestickchart/qcandlestickset.h /build/qt5-charts/pkg/qt5-charts/usr/include/qt/QtCharts/qcandlestickset.h
/usr/bin/qmake -install qinstall /build/qt5-charts/src/kde-qtcharts/src/charts/animations/chartanimation_p.h /build/qt5-charts/pkg/qt5-charts/usr/include/qt/QtCharts/5.15.18/QtCharts/private/chartanimation_p.h
/usr/bin/qmake -install qinstall /build/qt5-charts/src/build/include/QtCharts/QVCandlestickModelMapper /build/qt5-charts/pkg/qt5-charts/usr/include/qt/QtCharts/QVCandlestickModelMapper
/usr/bin/qmake -install qinstall /build/qt5-charts/src/kde-qtcharts/src/charts/candlestickchart/qhcandlestickmodelmapper.h /build/qt5-charts/pkg/qt5-charts/usr/include/qt/QtCharts/qhcandlestickmodelmapper.h
/usr/bin/qmake -install qinstall /build/qt5-charts/src/kde-qtcharts/src/charts/animations/pieanimation_p.h /build/qt5-charts/pkg/qt5-charts/usr/include/qt/QtCharts/5.15.18/QtCharts/private/pieanimation_p.h
/usr/bin/qmake -install qinstall /build/qt5-charts/src/build/include/QtCharts/QAreaLegendMarker /build/qt5-charts/pkg/qt5-charts/usr/include/qt/QtCharts/QAreaLegendMarker
/usr/bin/qmake -install qinstall /build/qt5-charts/src/kde-qtcharts/src/charts/candlestickchart/qvcandlestickmodelmapper.h /build/qt5-charts/pkg/qt5-charts/usr/include/qt/QtCharts/qvcandlestickmodelmapper.h
/usr/bin/qmake -install qinstall /build/qt5-charts/src/kde-qtcharts/src/charts/animations/piesliceanimation_p.h /build/qt5-charts/pkg/qt5-charts/usr/include/qt/QtCharts/5.15.18/QtCharts/private/piesliceanimation_p.h
/usr/bin/qmake -install qinstall /build/qt5-charts/src/build/include/QtCharts/QBarLegendMarker /build/qt5-charts/pkg/qt5-charts/usr/include/qt/QtCharts/QBarLegendMarker
/usr/bin/qmake -install qinstall /build/qt5-charts/src/kde-qtcharts/src/charts/legend/qarealegendmarker.h /build/qt5-charts/pkg/qt5-charts/usr/include/qt/QtCharts/qarealegendmarker.h
/usr/bin/qmake -install qinstall /build/qt5-charts/src/kde-qtcharts/src/charts/animations/scatteranimation_p.h /build/qt5-charts/pkg/qt5-charts/usr/include/qt/QtCharts/5.15.18/QtCharts/private/scatteranimation_p.h
/usr/bin/qmake -install qinstall /build/qt5-charts/src/build/include/QtCharts/QBoxPlotLegendMarker /build/qt5-charts/pkg/qt5-charts/usr/include/qt/QtCharts/QBoxPlotLegendMarker
/usr/bin/qmake -install qinstall /build/qt5-charts/src/kde-qtcharts/src/charts/legend/qbarlegendmarker.h /build/qt5-charts/pkg/qt5-charts/usr/include/qt/QtCharts/qbarlegendmarker.h
/usr/bin/qmake -install qinstall /build/qt5-charts/src/kde-qtcharts/src/charts/animations/splineanimation_p.h /build/qt5-charts/pkg/qt5-charts/usr/include/qt/QtCharts/5.15.18/QtCharts/private/splineanimation_p.h
/usr/bin/qmake -install qinstall /build/qt5-charts/src/build/include/QtCharts/QCandlestickLegendMarker /build/qt5-charts/pkg/qt5-charts/usr/include/qt/QtCharts/QCandlestickLegendMarker
/usr/bin/qmake -install qinstall /build/qt5-charts/src/kde-qtcharts/src/charts/legend/qboxplotlegendmarker.h /build/qt5-charts/pkg/qt5-charts/usr/include/qt/QtCharts/qboxplotlegendmarker.h
/usr/bin/qmake -install qinstall /build/qt5-charts/src/kde-qtcharts/src/charts/animations/xyanimation_p.h /build/qt5-charts/pkg/qt5-charts/usr/include/qt/QtCharts/5.15.18/QtCharts/private/xyanimation_p.h
/usr/bin/qmake -install qinstall /build/qt5-charts/src/build/include/QtCharts/QLegend /build/qt5-charts/pkg/qt5-charts/usr/include/qt/QtCharts/QLegend
/usr/bin/qmake -install qinstall /build/qt5-charts/src/kde-qtcharts/src/charts/legend/qcandlesticklegendmarker.h /build/qt5-charts/pkg/qt5-charts/usr/include/qt/QtCharts/qcandlesticklegendmarker.h
/usr/bin/qmake -install qinstall /build/qt5-charts/src/kde-qtcharts/src/charts/areachart/areachartitem_p.h /build/qt5-charts/pkg/qt5-charts/usr/include/qt/QtCharts/5.15.18/QtCharts/private/areachartitem_p.h
/usr/bin/qmake -install qinstall /build/qt5-charts/src/build/include/QtCharts/QLegendMarker /build/qt5-charts/pkg/qt5-charts/usr/include/qt/QtCharts/QLegendMarker
/usr/bin/qmake -install qinstall /build/qt5-charts/src/kde-qtcharts/src/charts/legend/qlegend.h /build/qt5-charts/pkg/qt5-charts/usr/include/qt/QtCharts/qlegend.h
/usr/bin/qmake -install qinstall /build/qt5-charts/src/build/include/QtCharts/QPieLegendMarker /build/qt5-charts/pkg/qt5-charts/usr/include/qt/QtCharts/QPieLegendMarker
/usr/bin/qmake -install qinstall /build/qt5-charts/src/kde-qtcharts/src/charts/areachart/qareaseries_p.h /build/qt5-charts/pkg/qt5-charts/usr/include/qt/QtCharts/5.15.18/QtCharts/private/qareaseries_p.h
/usr/bin/qmake -install qinstall /build/qt5-charts/src/kde-qtcharts/src/charts/legend/qlegendmarker.h /build/qt5-charts/pkg/qt5-charts/usr/include/qt/QtCharts/qlegendmarker.h
/usr/bin/qmake -install qinstall /build/qt5-charts/src/kde-qtcharts/src/charts/axis/cartesianchartaxis_p.h /build/qt5-charts/pkg/qt5-charts/usr/include/qt/QtCharts/5.15.18/QtCharts/private/cartesianchartaxis_p.h
/usr/bin/qmake -install qinstall /build/qt5-charts/src/build/include/QtCharts/QXYLegendMarker /build/qt5-charts/pkg/qt5-charts/usr/include/qt/QtCharts/QXYLegendMarker
/usr/bin/qmake -install qinstall /build/qt5-charts/src/kde-qtcharts/src/charts/legend/qpielegendmarker.h /build/qt5-charts/pkg/qt5-charts/usr/include/qt/QtCharts/qpielegendmarker.h
/usr/bin/qmake -install qinstall /build/qt5-charts/src/build/include/QtCharts/QLineSeries /build/qt5-charts/pkg/qt5-charts/usr/include/qt/QtCharts/QLineSeries
/usr/bin/qmake -install qinstall /build/qt5-charts/src/kde-qtcharts/src/charts/legend/qxylegendmarker.h /build/qt5-charts/pkg/qt5-charts/usr/include/qt/QtCharts/qxylegendmarker.h
/usr/bin/qmake -install qinstall /build/qt5-charts/src/kde-qtcharts/src/charts/axis/chartaxiselement_p.h /build/qt5-charts/pkg/qt5-charts/usr/include/qt/QtCharts/5.15.18/QtCharts/private/chartaxiselement_p.h
/usr/bin/qmake -install qinstall /build/qt5-charts/src/build/include/QtCharts/QHPieModelMapper /build/qt5-charts/pkg/qt5-charts/usr/include/qt/QtCharts/QHPieModelMapper
/usr/bin/qmake -install qinstall /build/qt5-charts/src/kde-qtcharts/src/charts/linechart/qlineseries.h /build/qt5-charts/pkg/qt5-charts/usr/include/qt/QtCharts/qlineseries.h
/usr/bin/qmake -install qinstall /build/qt5-charts/src/kde-qtcharts/src/charts/axis/editableaxislabel_p.h /build/qt5-charts/pkg/qt5-charts/usr/include/qt/QtCharts/5.15.18/QtCharts/private/editableaxislabel_p.h
/usr/bin/qmake -install qinstall /build/qt5-charts/src/build/include/QtCharts/QPieModelMapper /build/qt5-charts/pkg/qt5-charts/usr/include/qt/QtCharts/QPieModelMapper
/usr/bin/qmake -install qinstall /build/qt5-charts/src/kde-qtcharts/src/charts/axis/horizontalaxis_p.h /build/qt5-charts/pkg/qt5-charts/usr/include/qt/QtCharts/5.15.18/QtCharts/private/horizontalaxis_p.h
/usr/bin/qmake -install qinstall /build/qt5-charts/src/kde-qtcharts/src/charts/piechart/qhpiemodelmapper.h /build/qt5-charts/pkg/qt5-charts/usr/include/qt/QtCharts/qhpiemodelmapper.h
/usr/bin/qmake -install qinstall /build/qt5-charts/src/build/include/QtCharts/QPieSeries /build/qt5-charts/pkg/qt5-charts/usr/include/qt/QtCharts/QPieSeries
/usr/bin/qmake -install qinstall /build/qt5-charts/src/kde-qtcharts/src/charts/piechart/qpiemodelmapper.h /build/qt5-charts/pkg/qt5-charts/usr/include/qt/QtCharts/qpiemodelmapper.h
/usr/bin/qmake -install qinstall /build/qt5-charts/src/kde-qtcharts/src/charts/axis/linearrowitem_p.h /build/qt5-charts/pkg/qt5-charts/usr/include/qt/QtCharts/5.15.18/QtCharts/private/linearrowitem_p.h
/usr/bin/qmake -install qinstall /build/qt5-charts/src/build/include/QtCharts/QPieSlice /build/qt5-charts/pkg/qt5-charts/usr/include/qt/QtCharts/QPieSlice
/usr/bin/qmake -install qinstall /build/qt5-charts/src/kde-qtcharts/src/charts/piechart/qpieseries.h /build/qt5-charts/pkg/qt5-charts/usr/include/qt/QtCharts/qpieseries.h
/usr/bin/qmake -install qinstall /build/qt5-charts/src/kde-qtcharts/src/charts/axis/polarchartaxis_p.h /build/qt5-charts/pkg/qt5-charts/usr/include/qt/QtCharts/5.15.18/QtCharts/private/polarchartaxis_p.h
/usr/bin/qmake -install qinstall /build/qt5-charts/src/build/include/QtCharts/QVPieModelMapper /build/qt5-charts/pkg/qt5-charts/usr/include/qt/QtCharts/QVPieModelMapper
/usr/bin/qmake -install qinstall /build/qt5-charts/src/kde-qtcharts/src/charts/piechart/qpieslice.h /build/qt5-charts/pkg/qt5-charts/usr/include/qt/QtCharts/qpieslice.h
/usr/bin/qmake -install qinstall /build/qt5-charts/src/kde-qtcharts/src/charts/axis/polarchartaxisangular_p.h /build/qt5-charts/pkg/qt5-charts/usr/include/qt/QtCharts/5.15.18/QtCharts/private/polarchartaxisangular_p.h
/usr/bin/qmake -install qinstall /build/qt5-charts/src/build/include/QtCharts/QScatterSeries /build/qt5-charts/pkg/qt5-charts/usr/include/qt/QtCharts/QScatterSeries
/usr/bin/qmake -install qinstall /build/qt5-charts/src/kde-qtcharts/src/charts/piechart/qvpiemodelmapper.h /build/qt5-charts/pkg/qt5-charts/usr/include/qt/QtCharts/qvpiemodelmapper.h
/usr/bin/qmake -install qinstall /build/qt5-charts/src/kde-qtcharts/src/charts/axis/polarchartaxisradial_p.h /build/qt5-charts/pkg/qt5-charts/usr/include/qt/QtCharts/5.15.18/QtCharts/private/polarchartaxisradial_p.h
/usr/bin/qmake -install qinstall /build/qt5-charts/src/build/include/QtCharts/QSplineSeries /build/qt5-charts/pkg/qt5-charts/usr/include/qt/QtCharts/QSplineSeries
/usr/bin/qmake -install qinstall /build/qt5-charts/src/kde-qtcharts/src/charts/scatterchart/qscatterseries.h /build/qt5-charts/pkg/qt5-charts/usr/include/qt/QtCharts/qscatterseries.h
/usr/bin/qmake -install qinstall /build/qt5-charts/src/kde-qtcharts/src/charts/axis/qabstractaxis_p.h /build/qt5-charts/pkg/qt5-charts/usr/include/qt/QtCharts/5.15.18/QtCharts/private/qabstractaxis_p.h
/usr/bin/qmake -install qinstall /build/qt5-charts/src/build/include/QtCharts/QHXYModelMapper /build/qt5-charts/pkg/qt5-charts/usr/include/qt/QtCharts/QHXYModelMapper
/usr/bin/qmake -install qinstall /build/qt5-charts/src/kde-qtcharts/src/charts/splinechart/qsplineseries.h /build/qt5-charts/pkg/qt5-charts/usr/include/qt/QtCharts/qsplineseries.h
/usr/bin/qmake -install qinstall /build/qt5-charts/src/kde-qtcharts/src/charts/axis/verticalaxis_p.h /build/qt5-charts/pkg/qt5-charts/usr/include/qt/QtCharts/5.15.18/QtCharts/private/verticalaxis_p.h
/usr/bin/qmake -install qinstall /build/qt5-charts/src/build/include/QtCharts/QVXYModelMapper /build/qt5-charts/pkg/qt5-charts/usr/include/qt/QtCharts/QVXYModelMapper
/usr/bin/qmake -install qinstall /build/qt5-charts/src/kde-qtcharts/src/charts/barchart/abstractbarchartitem_p.h /build/qt5-charts/pkg/qt5-charts/usr/include/qt/QtCharts/5.15.18/QtCharts/private/abstractbarchartitem_p.h
/usr/bin/qmake -install qinstall /build/qt5-charts/src/kde-qtcharts/src/charts/xychart/qhxymodelmapper.h /build/qt5-charts/pkg/qt5-charts/usr/include/qt/QtCharts/qhxymodelmapper.h
/usr/bin/qmake -install qinstall /build/qt5-charts/src/build/include/QtCharts/QXYModelMapper /build/qt5-charts/pkg/qt5-charts/usr/include/qt/QtCharts/QXYModelMapper
/usr/bin/qmake -install qinstall /build/qt5-charts/src/kde-qtcharts/src/charts/barchart/bar_p.h /build/qt5-charts/pkg/qt5-charts/usr/include/qt/QtCharts/5.15.18/QtCharts/private/bar_p.h
/usr/bin/qmake -install qinstall /build/qt5-charts/src/build/include/QtCharts/QXYSeries /build/qt5-charts/pkg/qt5-charts/usr/include/qt/QtCharts/QXYSeries
/usr/bin/qmake -install qinstall /build/qt5-charts/src/kde-qtcharts/src/charts/xychart/qvxymodelmapper.h /build/qt5-charts/pkg/qt5-charts/usr/include/qt/QtCharts/qvxymodelmapper.h
/usr/bin/qmake -install qinstall /build/qt5-charts/src/kde-qtcharts/src/charts/barchart/qabstractbarseries_p.h /build/qt5-charts/pkg/qt5-charts/usr/include/qt/QtCharts/5.15.18/QtCharts/private/qabstractbarseries_p.h
/usr/bin/qmake -install qinstall /build/qt5-charts/src/kde-qtcharts/src/charts/xychart/qxymodelmapper.h /build/qt5-charts/pkg/qt5-charts/usr/include/qt/QtCharts/qxymodelmapper.h
/usr/bin/qmake -install qinstall /build/qt5-charts/src/build/include/QtCharts/QBarCategoryAxis /build/qt5-charts/pkg/qt5-charts/usr/include/qt/QtCharts/QBarCategoryAxis
/usr/bin/qmake -install qinstall /build/qt5-charts/src/kde-qtcharts/src/charts/barchart/qbarmodelmapper_p.h /build/qt5-charts/pkg/qt5-charts/usr/include/qt/QtCharts/5.15.18/QtCharts/private/qbarmodelmapper_p.h
/usr/bin/qmake -install qinstall /build/qt5-charts/src/kde-qtcharts/src/charts/xychart/qxyseries.h /build/qt5-charts/pkg/qt5-charts/usr/include/qt/QtCharts/qxyseries.h
/usr/bin/qmake -install qinstall /build/qt5-charts/src/build/include/QtCharts/QCategoryAxis /build/qt5-charts/pkg/qt5-charts/usr/include/qt/QtCharts/QCategoryAxis
/usr/bin/qmake -install qinstall /build/qt5-charts/src/kde-qtcharts/src/charts/barchart/qbarset_p.h /build/qt5-charts/pkg/qt5-charts/usr/include/qt/QtCharts/5.15.18/QtCharts/private/qbarset_p.h
/usr/bin/qmake -install qinstall /build/qt5-charts/src/kde-qtcharts/src/charts/axis/barcategoryaxis/qbarcategoryaxis.h /build/qt5-charts/pkg/qt5-charts/usr/include/qt/QtCharts/qbarcategoryaxis.h
/usr/bin/qmake -install qinstall /build/qt5-charts/src/build/include/QtCharts/QDateTimeAxis /build/qt5-charts/pkg/qt5-charts/usr/include/qt/QtCharts/QDateTimeAxis
/usr/bin/qmake -install qinstall /build/qt5-charts/src/kde-qtcharts/src/charts/boxplotchart/boxplotchartitem_p.h /build/qt5-charts/pkg/qt5-charts/usr/include/qt/QtCharts/5.15.18/QtCharts/private/boxplotchartitem_p.h
/usr/bin/qmake -install qinstall /build/qt5-charts/src/kde-qtcharts/src/charts/axis/categoryaxis/qcategoryaxis.h /build/qt5-charts/pkg/qt5-charts/usr/include/qt/QtCharts/qcategoryaxis.h
/usr/bin/qmake -install qinstall /build/qt5-charts/src/build/include/QtCharts/QLogValueAxis /build/qt5-charts/pkg/qt5-charts/usr/include/qt/QtCharts/QLogValueAxis
/usr/bin/qmake -install qinstall /build/qt5-charts/src/kde-qtcharts/src/charts/boxplotchart/boxwhiskers_p.h /build/qt5-charts/pkg/qt5-charts/usr/include/qt/QtCharts/5.15.18/QtCharts/private/boxwhiskers_p.h
/usr/bin/qmake -install qinstall /build/qt5-charts/src/kde-qtcharts/src/charts/axis/datetimeaxis/qdatetimeaxis.h /build/qt5-charts/pkg/qt5-charts/usr/include/qt/QtCharts/qdatetimeaxis.h
/usr/bin/qmake -install qinstall /build/qt5-charts/src/build/include/QtCharts/QValueAxis /build/qt5-charts/pkg/qt5-charts/usr/include/qt/QtCharts/QValueAxis
/usr/bin/qmake -install qinstall /build/qt5-charts/src/kde-qtcharts/src/charts/boxplotchart/boxwhiskersdata_p.h /build/qt5-charts/pkg/qt5-charts/usr/include/qt/QtCharts/5.15.18/QtCharts/private/boxwhiskersdata_p.h
/usr/bin/qmake -install qinstall /build/qt5-charts/src/kde-qtcharts/src/charts/axis/logvalueaxis/qlogvalueaxis.h /build/qt5-charts/pkg/qt5-charts/usr/include/qt/QtCharts/qlogvalueaxis.h
/usr/bin/qmake -install qinstall /build/qt5-charts/src/build/include/QtCharts/QHorizontalBarSeries /build/qt5-charts/pkg/qt5-charts/usr/include/qt/QtCharts/QHorizontalBarSeries
/usr/bin/qmake -install qinstall /build/qt5-charts/src/kde-qtcharts/src/charts/boxplotchart/qboxplotmodelmapper_p.h /build/qt5-charts/pkg/qt5-charts/usr/include/qt/QtCharts/5.15.18/QtCharts/private/qboxplotmodelmapper_p.h
/usr/bin/qmake -install qinstall /build/qt5-charts/src/kde-qtcharts/src/charts/axis/valueaxis/qvalueaxis.h /build/qt5-charts/pkg/qt5-charts/usr/include/qt/QtCharts/qvalueaxis.h
/usr/bin/qmake -install qinstall /build/qt5-charts/src/build/include/QtCharts/QHorizontalPercentBarSeries /build/qt5-charts/pkg/qt5-charts/usr/include/qt/QtCharts/QHorizontalPercentBarSeries
/usr/bin/qmake -install qinstall /build/qt5-charts/src/kde-qtcharts/src/charts/boxplotchart/qboxplotseries_p.h /build/qt5-charts/pkg/qt5-charts/usr/include/qt/QtCharts/5.15.18/QtCharts/private/qboxplotseries_p.h
/usr/bin/qmake -install qinstall /build/qt5-charts/src/kde-qtcharts/src/charts/barchart/horizontal/bar/qhorizontalbarseries.h /build/qt5-charts/pkg/qt5-charts/usr/include/qt/QtCharts/qhorizontalbarseries.h
/usr/bin/qmake -install qinstall /build/qt5-charts/src/build/include/QtCharts/QHorizontalStackedBarSeries /build/qt5-charts/pkg/qt5-charts/usr/include/qt/QtCharts/QHorizontalStackedBarSeries
/usr/bin/qmake -install qinstall /build/qt5-charts/src/kde-qtcharts/src/charts/boxplotchart/qboxset_p.h /build/qt5-charts/pkg/qt5-charts/usr/include/qt/QtCharts/5.15.18/QtCharts/private/qboxset_p.h
/usr/bin/qmake -install qinstall /build/qt5-charts/src/kde-qtcharts/src/charts/barchart/horizontal/percent/qhorizontalpercentbarseries.h /build/qt5-charts/pkg/qt5-charts/usr/include/qt/QtCharts/qhorizontalpercentbarseries.h
/usr/bin/qmake -install qinstall /build/qt5-charts/src/build/include/QtCharts/QBarSeries /build/qt5-charts/pkg/qt5-charts/usr/include/qt/QtCharts/QBarSeries
/usr/bin/qmake -install qinstall /build/qt5-charts/src/kde-qtcharts/src/charts/barchart/horizontal/stacked/qhorizontalstackedbarseries.h /build/qt5-charts/pkg/qt5-charts/usr/include/qt/QtCharts/qhorizontalstackedbarseries.h
/usr/bin/qmake -install qinstall /build/qt5-charts/src/kde-qtcharts/src/charts/candlestickchart/candlestick_p.h /build/qt5-charts/pkg/qt5-charts/usr/include/qt/QtCharts/5.15.18/QtCharts/private/candlestick_p.h
/usr/bin/qmake -install qinstall /build/qt5-charts/src/build/include/QtCharts/QPercentBarSeries /build/qt5-charts/pkg/qt5-charts/usr/include/qt/QtCharts/QPercentBarSeries
/usr/bin/qmake -install qinstall /build/qt5-charts/src/kde-qtcharts/src/charts/barchart/vertical/bar/qbarseries.h /build/qt5-charts/pkg/qt5-charts/usr/include/qt/QtCharts/qbarseries.h
/usr/bin/qmake -install qinstall /build/qt5-charts/src/kde-qtcharts/src/charts/candlestickchart/candlestickchartitem_p.h /build/qt5-charts/pkg/qt5-charts/usr/include/qt/QtCharts/5.15.18/QtCharts/private/candlestickchartitem_p.h
/usr/bin/qmake -install qinstall /build/qt5-charts/src/build/include/QtCharts/QStackedBarSeries /build/qt5-charts/pkg/qt5-charts/usr/include/qt/QtCharts/QStackedBarSeries
/usr/bin/qmake -install qinstall /build/qt5-charts/src/kde-qtcharts/src/charts/barchart/vertical/percent/qpercentbarseries.h /build/qt5-charts/pkg/qt5-charts/usr/include/qt/QtCharts/qpercentbarseries.h
/usr/bin/qmake -install qinstall /build/qt5-charts/src/kde-qtcharts/src/charts/candlestickchart/candlestickdata_p.h /build/qt5-charts/pkg/qt5-charts/usr/include/qt/QtCharts/5.15.18/QtCharts/private/candlestickdata_p.h
/usr/bin/qmake -install qinstall /build/qt5-charts/src/build/include/QtCharts/qtchartsversion.h /build/qt5-charts/pkg/qt5-charts/usr/include/qt/QtCharts/qtchartsversion.h
/usr/bin/qmake -install qinstall /build/qt5-charts/src/kde-qtcharts/src/charts/barchart/vertical/stacked/qstackedbarseries.h /build/qt5-charts/pkg/qt5-charts/usr/include/qt/QtCharts/qstackedbarseries.h
/usr/bin/qmake -install qinstall /build/qt5-charts/src/build/include/QtCharts/QtChartsVersion /build/qt5-charts/pkg/qt5-charts/usr/include/qt/QtCharts/QtChartsVersion
/usr/bin/qmake -install qinstall /build/qt5-charts/src/kde-qtcharts/src/charts/candlestickchart/qcandlestickmodelmapper_p.h /build/qt5-charts/pkg/qt5-charts/usr/include/qt/QtCharts/5.15.18/QtCharts/private/qcandlestickmodelmapper_p.h
/usr/bin/qmake -install qinstall /build/qt5-charts/src/build/include/QtCharts/QtChartsDepends /build/qt5-charts/pkg/qt5-charts/usr/include/qt/QtCharts/QtChartsDepends
/usr/bin/qmake -install qinstall /build/qt5-charts/src/kde-qtcharts/src/charts/candlestickchart/qcandlestickseries_p.h /build/qt5-charts/pkg/qt5-charts/usr/include/qt/QtCharts/5.15.18/QtCharts/private/qcandlestickseries_p.h
/usr/bin/qmake -install qinstall /build/qt5-charts/src/build/include/QtCharts/QtCharts /build/qt5-charts/pkg/qt5-charts/usr/include/qt/QtCharts/QtCharts
/usr/bin/qmake -install qinstall /build/qt5-charts/src/kde-qtcharts/src/charts/candlestickchart/qcandlestickset_p.h /build/qt5-charts/pkg/qt5-charts/usr/include/qt/QtCharts/5.15.18/QtCharts/private/qcandlestickset_p.h
/usr/bin/qmake -install qinstall /build/qt5-charts/src/kde-qtcharts/src/charts/domain/abstractdomain_p.h /build/qt5-charts/pkg/qt5-charts/usr/include/qt/QtCharts/5.15.18/QtCharts/private/abstractdomain_p.h
/usr/bin/qmake -install qinstall /build/qt5-charts/src/kde-qtcharts/src/charts/domain/logxlogydomain_p.h /build/qt5-charts/pkg/qt5-charts/usr/include/qt/QtCharts/5.15.18/QtCharts/private/logxlogydomain_p.h
/usr/bin/qmake -install qinstall /build/qt5-charts/src/kde-qtcharts/src/charts/domain/logxlogypolardomain_p.h /build/qt5-charts/pkg/qt5-charts/usr/include/qt/QtCharts/5.15.18/QtCharts/private/logxlogypolardomain_p.h
/usr/bin/qmake -install qinstall /build/qt5-charts/src/kde-qtcharts/src/charts/domain/logxydomain_p.h /build/qt5-charts/pkg/qt5-charts/usr/include/qt/QtCharts/5.15.18/QtCharts/private/logxydomain_p.h
/usr/bin/qmake -install qinstall /build/qt5-charts/src/kde-qtcharts/src/charts/domain/logxypolardomain_p.h /build/qt5-charts/pkg/qt5-charts/usr/include/qt/QtCharts/5.15.18/QtCharts/private/logxypolardomain_p.h
/usr/bin/qmake -install qinstall /build/qt5-charts/src/kde-qtcharts/src/charts/domain/polardomain_p.h /build/qt5-charts/pkg/qt5-charts/usr/include/qt/QtCharts/5.15.18/QtCharts/private/polardomain_p.h
/usr/bin/qmake -install qinstall /build/qt5-charts/src/kde-qtcharts/src/charts/domain/xlogydomain_p.h /build/qt5-charts/pkg/qt5-charts/usr/include/qt/QtCharts/5.15.18/QtCharts/private/xlogydomain_p.h
/usr/bin/qmake -install qinstall /build/qt5-charts/src/kde-qtcharts/src/charts/domain/xlogypolardomain_p.h /build/qt5-charts/pkg/qt5-charts/usr/include/qt/QtCharts/5.15.18/QtCharts/private/xlogypolardomain_p.h
/usr/bin/qmake -install qinstall /build/qt5-charts/src/kde-qtcharts/src/charts/domain/xydomain_p.h /build/qt5-charts/pkg/qt5-charts/usr/include/qt/QtCharts/5.15.18/QtCharts/private/xydomain_p.h
/usr/bin/qmake -install qinstall /build/qt5-charts/src/kde-qtcharts/src/charts/domain/xypolardomain_p.h /build/qt5-charts/pkg/qt5-charts/usr/include/qt/QtCharts/5.15.18/QtCharts/private/xypolardomain_p.h
/usr/bin/qmake -install qinstall /build/qt5-charts/src/kde-qtcharts/src/charts/layout/abstractchartlayout_p.h /build/qt5-charts/pkg/qt5-charts/usr/include/qt/QtCharts/5.15.18/QtCharts/private/abstractchartlayout_p.h
/usr/bin/qmake -install qinstall /build/qt5-charts/src/kde-qtcharts/src/charts/layout/cartesianchartlayout_p.h /build/qt5-charts/pkg/qt5-charts/usr/include/qt/QtCharts/5.15.18/QtCharts/private/cartesianchartlayout_p.h
/usr/bin/qmake -install qinstall /build/qt5-charts/src/kde-qtcharts/src/charts/layout/polarchartlayout_p.h /build/qt5-charts/pkg/qt5-charts/usr/include/qt/QtCharts/5.15.18/QtCharts/private/polarchartlayout_p.h
/usr/bin/qmake -install qinstall /build/qt5-charts/src/kde-qtcharts/src/charts/legend/legendlayout_p.h /build/qt5-charts/pkg/qt5-charts/usr/include/qt/QtCharts/5.15.18/QtCharts/private/legendlayout_p.h
/usr/bin/qmake -install qinstall /build/qt5-charts/src/kde-qtcharts/src/charts/legend/legendmarkeritem_p.h /build/qt5-charts/pkg/qt5-charts/usr/include/qt/QtCharts/5.15.18/QtCharts/private/legendmarkeritem_p.h
/usr/bin/qmake -install qinstall /build/qt5-charts/src/kde-qtcharts/src/charts/legend/legendscroller_p.h /build/qt5-charts/pkg/qt5-charts/usr/include/qt/QtCharts/5.15.18/QtCharts/private/legendscroller_p.h
/usr/bin/qmake -install qinstall /build/qt5-charts/src/kde-qtcharts/src/charts/legend/qarealegendmarker_p.h /build/qt5-charts/pkg/qt5-charts/usr/include/qt/QtCharts/5.15.18/QtCharts/private/qarealegendmarker_p.h
/usr/bin/qmake -install qinstall /build/qt5-charts/src/kde-qtcharts/src/charts/legend/qbarlegendmarker_p.h /build/qt5-charts/pkg/qt5-charts/usr/include/qt/QtCharts/5.15.18/QtCharts/private/qbarlegendmarker_p.h
/usr/bin/qmake -install qinstall /build/qt5-charts/src/kde-qtcharts/src/charts/legend/qboxplotlegendmarker_p.h /build/qt5-charts/pkg/qt5-charts/usr/include/qt/QtCharts/5.15.18/QtCharts/private/qboxplotlegendmarker_p.h
/usr/bin/qmake -install qinstall /build/qt5-charts/src/kde-qtcharts/src/charts/legend/qcandlesticklegendmarker_p.h /build/qt5-charts/pkg/qt5-charts/usr/include/qt/QtCharts/5.15.18/QtCharts/private/qcandlesticklegendmarker_p.h
/usr/bin/qmake -install qinstall /build/qt5-charts/src/kde-qtcharts/src/charts/legend/qlegend_p.h /build/qt5-charts/pkg/qt5-charts/usr/include/qt/QtCharts/5.15.18/QtCharts/private/qlegend_p.h
/usr/bin/qmake -install qinstall /build/qt5-charts/src/kde-qtcharts/src/charts/legend/qlegendmarker_p.h /build/qt5-charts/pkg/qt5-charts/usr/include/qt/QtCharts/5.15.18/QtCharts/private/qlegendmarker_p.h
/usr/bin/qmake -install qinstall /build/qt5-charts/src/kde-qtcharts/src/charts/legend/qpielegendmarker_p.h /build/qt5-charts/pkg/qt5-charts/usr/include/qt/QtCharts/5.15.18/QtCharts/private/qpielegendmarker_p.h
/usr/bin/qmake -install qinstall /build/qt5-charts/src/kde-qtcharts/src/charts/legend/qxylegendmarker_p.h /build/qt5-charts/pkg/qt5-charts/usr/include/qt/QtCharts/5.15.18/QtCharts/private/qxylegendmarker_p.h
/usr/bin/qmake -install qinstall /build/qt5-charts/src/kde-qtcharts/src/charts/linechart/linechartitem_p.h /build/qt5-charts/pkg/qt5-charts/usr/include/qt/QtCharts/5.15.18/QtCharts/private/linechartitem_p.h
/usr/bin/qmake -install qinstall /build/qt5-charts/src/kde-qtcharts/src/charts/linechart/qlineseries_p.h /build/qt5-charts/pkg/qt5-charts/usr/include/qt/QtCharts/5.15.18/QtCharts/private/qlineseries_p.h
/usr/bin/qmake -install qinstall /build/qt5-charts/src/kde-qtcharts/src/charts/piechart/piechartitem_p.h /build/qt5-charts/pkg/qt5-charts/usr/include/qt/QtCharts/5.15.18/QtCharts/private/piechartitem_p.h
/usr/bin/qmake -install qinstall /build/qt5-charts/src/kde-qtcharts/src/charts/piechart/pieslicedata_p.h /build/qt5-charts/pkg/qt5-charts/usr/include/qt/QtCharts/5.15.18/QtCharts/private/pieslicedata_p.h
/usr/bin/qmake -install qinstall /build/qt5-charts/src/kde-qtcharts/src/charts/piechart/piesliceitem_p.h /build/qt5-charts/pkg/qt5-charts/usr/include/qt/QtCharts/5.15.18/QtCharts/private/piesliceitem_p.h
/usr/bin/qmake -install qinstall /build/qt5-charts/src/kde-qtcharts/src/charts/piechart/qpiemodelmapper_p.h /build/qt5-charts/pkg/qt5-charts/usr/include/qt/QtCharts/5.15.18/QtCharts/private/qpiemodelmapper_p.h
/usr/bin/qmake -install qinstall /build/qt5-charts/src/kde-qtcharts/src/charts/piechart/qpieseries_p.h /build/qt5-charts/pkg/qt5-charts/usr/include/qt/QtCharts/5.15.18/QtCharts/private/qpieseries_p.h
/usr/bin/qmake -install qinstall /build/qt5-charts/src/kde-qtcharts/src/charts/piechart/qpieslice_p.h /build/qt5-charts/pkg/qt5-charts/usr/include/qt/QtCharts/5.15.18/QtCharts/private/qpieslice_p.h
/usr/bin/qmake -install qinstall /build/qt5-charts/src/kde-qtcharts/src/charts/scatterchart/qscatterseries_p.h /build/qt5-charts/pkg/qt5-charts/usr/include/qt/QtCharts/5.15.18/QtCharts/private/qscatterseries_p.h
/usr/bin/qmake -install qinstall /build/qt5-charts/src/kde-qtcharts/src/charts/scatterchart/scatterchartitem_p.h /build/qt5-charts/pkg/qt5-charts/usr/include/qt/QtCharts/5.15.18/QtCharts/private/scatterchartitem_p.h
/usr/bin/qmake -install qinstall /build/qt5-charts/src/kde-qtcharts/src/charts/splinechart/qsplineseries_p.h /build/qt5-charts/pkg/qt5-charts/usr/include/qt/QtCharts/5.15.18/QtCharts/private/qsplineseries_p.h
/usr/bin/qmake -install qinstall /build/qt5-charts/src/kde-qtcharts/src/charts/splinechart/splinechartitem_p.h /build/qt5-charts/pkg/qt5-charts/usr/include/qt/QtCharts/5.15.18/QtCharts/private/splinechartitem_p.h
/usr/bin/qmake -install qinstall /build/qt5-charts/src/kde-qtcharts/src/charts/themes/charttheme_p.h /build/qt5-charts/pkg/qt5-charts/usr/include/qt/QtCharts/5.15.18/QtCharts/private/charttheme_p.h
/usr/bin/qmake -install qinstall /build/qt5-charts/src/kde-qtcharts/src/charts/themes/chartthemebluecerulean_p.h /build/qt5-charts/pkg/qt5-charts/usr/include/qt/QtCharts/5.15.18/QtCharts/private/chartthemebluecerulean_p.h
/usr/bin/qmake -install qinstall /build/qt5-charts/src/kde-qtcharts/src/charts/themes/chartthemeblueicy_p.h /build/qt5-charts/pkg/qt5-charts/usr/include/qt/QtCharts/5.15.18/QtCharts/private/chartthemeblueicy_p.h
/usr/bin/qmake -install qinstall /build/qt5-charts/src/kde-qtcharts/src/charts/themes/chartthemebluencs_p.h /build/qt5-charts/pkg/qt5-charts/usr/include/qt/QtCharts/5.15.18/QtCharts/private/chartthemebluencs_p.h
/usr/bin/qmake -install qinstall /build/qt5-charts/src/kde-qtcharts/src/charts/themes/chartthemebrownsand_p.h /build/qt5-charts/pkg/qt5-charts/usr/include/qt/QtCharts/5.15.18/QtCharts/private/chartthemebrownsand_p.h
/usr/bin/qmake -install qinstall /build/qt5-charts/src/kde-qtcharts/src/charts/themes/chartthemedark_p.h /build/qt5-charts/pkg/qt5-charts/usr/include/qt/QtCharts/5.15.18/QtCharts/private/chartthemedark_p.h
/usr/bin/qmake -install qinstall /build/qt5-charts/src/kde-qtcharts/src/charts/themes/chartthemehighcontrast_p.h /build/qt5-charts/pkg/qt5-charts/usr/include/qt/QtCharts/5.15.18/QtCharts/private/chartthemehighcontrast_p.h
/usr/bin/qmake -install qinstall /build/qt5-charts/src/kde-qtcharts/src/charts/themes/chartthemelight_p.h /build/qt5-charts/pkg/qt5-charts/usr/include/qt/QtCharts/5.15.18/QtCharts/private/chartthemelight_p.h
/usr/bin/qmake -install qinstall /build/qt5-charts/src/kde-qtcharts/src/charts/themes/chartthemeqt_p.h /build/qt5-charts/pkg/qt5-charts/usr/include/qt/QtCharts/5.15.18/QtCharts/private/chartthemeqt_p.h
/usr/bin/qmake -install qinstall /build/qt5-charts/src/kde-qtcharts/src/charts/themes/chartthemesystem_p.h /build/qt5-charts/pkg/qt5-charts/usr/include/qt/QtCharts/5.15.18/QtCharts/private/chartthemesystem_p.h
/usr/bin/qmake -install qinstall /build/qt5-charts/src/kde-qtcharts/src/charts/xychart/glxyseriesdata_p.h /build/qt5-charts/pkg/qt5-charts/usr/include/qt/QtCharts/5.15.18/QtCharts/private/glxyseriesdata_p.h
/usr/bin/qmake -install qinstall /build/qt5-charts/src/kde-qtcharts/src/charts/xychart/qxymodelmapper_p.h /build/qt5-charts/pkg/qt5-charts/usr/include/qt/QtCharts/5.15.18/QtCharts/private/qxymodelmapper_p.h
/usr/bin/qmake -install qinstall /build/qt5-charts/src/kde-qtcharts/src/charts/xychart/qxyseries_p.h /build/qt5-charts/pkg/qt5-charts/usr/include/qt/QtCharts/5.15.18/QtCharts/private/qxyseries_p.h
/usr/bin/qmake -install qinstall /build/qt5-charts/src/kde-qtcharts/src/charts/xychart/xychart_p.h /build/qt5-charts/pkg/qt5-charts/usr/include/qt/QtCharts/5.15.18/QtCharts/private/xychart_p.h
/usr/bin/qmake -install qinstall /build/qt5-charts/src/kde-qtcharts/src/charts/axis/barcategoryaxis/chartbarcategoryaxisx_p.h /build/qt5-charts/pkg/qt5-charts/usr/include/qt/QtCharts/5.15.18/QtCharts/private/chartbarcategoryaxisx_p.h
/usr/bin/qmake -install qinstall /build/qt5-charts/src/kde-qtcharts/src/charts/axis/barcategoryaxis/chartbarcategoryaxisy_p.h /build/qt5-charts/pkg/qt5-charts/usr/include/qt/QtCharts/5.15.18/QtCharts/private/chartbarcategoryaxisy_p.h
/usr/bin/qmake -install qinstall /build/qt5-charts/src/kde-qtcharts/src/charts/axis/barcategoryaxis/qbarcategoryaxis_p.h /build/qt5-charts/pkg/qt5-charts/usr/include/qt/QtCharts/5.15.18/QtCharts/private/qbarcategoryaxis_p.h
/usr/bin/qmake -install qinstall /build/qt5-charts/src/kde-qtcharts/src/charts/axis/categoryaxis/chartcategoryaxisx_p.h /build/qt5-charts/pkg/qt5-charts/usr/include/qt/QtCharts/5.15.18/QtCharts/private/chartcategoryaxisx_p.h
/usr/bin/qmake -install qinstall /build/qt5-charts/src/kde-qtcharts/src/charts/axis/categoryaxis/chartcategoryaxisy_p.h /build/qt5-charts/pkg/qt5-charts/usr/include/qt/QtCharts/5.15.18/QtCharts/private/chartcategoryaxisy_p.h
/usr/bin/qmake -install qinstall /build/qt5-charts/src/kde-qtcharts/src/charts/axis/categoryaxis/polarchartcategoryaxisangular_p.h /build/qt5-charts/pkg/qt5-charts/usr/include/qt/QtCharts/5.15.18/QtCharts/private/polarchartcategoryaxisangular_p.h
/usr/bin/qmake -install qinstall /build/qt5-charts/src/kde-qtcharts/src/charts/axis/categoryaxis/polarchartcategoryaxisradial_p.h /build/qt5-charts/pkg/qt5-charts/usr/include/qt/QtCharts/5.15.18/QtCharts/private/polarchartcategoryaxisradial_p.h
/usr/bin/qmake -install qinstall /build/qt5-charts/src/kde-qtcharts/src/charts/axis/categoryaxis/qcategoryaxis_p.h /build/qt5-charts/pkg/qt5-charts/usr/include/qt/QtCharts/5.15.18/QtCharts/private/qcategoryaxis_p.h
/usr/bin/qmake -install qinstall /build/qt5-charts/src/kde-qtcharts/src/charts/axis/datetimeaxis/chartdatetimeaxisx_p.h /build/qt5-charts/pkg/qt5-charts/usr/include/qt/QtCharts/5.15.18/QtCharts/private/chartdatetimeaxisx_p.h
/usr/bin/qmake -install qinstall /build/qt5-charts/src/kde-qtcharts/src/charts/axis/datetimeaxis/chartdatetimeaxisy_p.h /build/qt5-charts/pkg/qt5-charts/usr/include/qt/QtCharts/5.15.18/QtCharts/private/chartdatetimeaxisy_p.h
/usr/bin/qmake -install qinstall /build/qt5-charts/src/kde-qtcharts/src/charts/axis/datetimeaxis/datetimeaxislabel_p.h /build/qt5-charts/pkg/qt5-charts/usr/include/qt/QtCharts/5.15.18/QtCharts/private/datetimeaxislabel_p.h
/usr/bin/qmake -install qinstall /build/qt5-charts/src/kde-qtcharts/src/charts/axis/datetimeaxis/polarchartdatetimeaxisangular_p.h /build/qt5-charts/pkg/qt5-charts/usr/include/qt/QtCharts/5.15.18/QtCharts/private/polarchartdatetimeaxisangular_p.h
/usr/bin/qmake -install qinstall /build/qt5-charts/src/kde-qtcharts/src/charts/axis/datetimeaxis/polarchartdatetimeaxisradial_p.h /build/qt5-charts/pkg/qt5-charts/usr/include/qt/QtCharts/5.15.18/QtCharts/private/polarchartdatetimeaxisradial_p.h
/usr/bin/qmake -install qinstall /build/qt5-charts/src/kde-qtcharts/src/charts/axis/datetimeaxis/qdatetimeaxis_p.h /build/qt5-charts/pkg/qt5-charts/usr/include/qt/QtCharts/5.15.18/QtCharts/private/qdatetimeaxis_p.h
/usr/bin/qmake -install qinstall /build/qt5-charts/src/kde-qtcharts/src/charts/axis/logvalueaxis/chartlogvalueaxisx_p.h /build/qt5-charts/pkg/qt5-charts/usr/include/qt/QtCharts/5.15.18/QtCharts/private/chartlogvalueaxisx_p.h
/usr/bin/qmake -install qinstall /build/qt5-charts/src/kde-qtcharts/src/charts/axis/logvalueaxis/chartlogvalueaxisy_p.h /build/qt5-charts/pkg/qt5-charts/usr/include/qt/QtCharts/5.15.18/QtCharts/private/chartlogvalueaxisy_p.h
/usr/bin/qmake -install qinstall /build/qt5-charts/src/kde-qtcharts/src/charts/axis/logvalueaxis/polarchartlogvalueaxisangular_p.h /build/qt5-charts/pkg/qt5-charts/usr/include/qt/QtCharts/5.15.18/QtCharts/private/polarchartlogvalueaxisangular_p.h
/usr/bin/qmake -install qinstall /build/qt5-charts/src/kde-qtcharts/src/charts/axis/logvalueaxis/polarchartlogvalueaxisradial_p.h /build/qt5-charts/pkg/qt5-charts/usr/include/qt/QtCharts/5.15.18/QtCharts/private/polarchartlogvalueaxisradial_p.h
/usr/bin/qmake -install qinstall /build/qt5-charts/src/kde-qtcharts/src/charts/axis/logvalueaxis/qlogvalueaxis_p.h /build/qt5-charts/pkg/qt5-charts/usr/include/qt/QtCharts/5.15.18/QtCharts/private/qlogvalueaxis_p.h
/usr/bin/qmake -install qinstall /build/qt5-charts/src/kde-qtcharts/src/charts/axis/valueaxis/chartvalueaxisx_p.h /build/qt5-charts/pkg/qt5-charts/usr/include/qt/QtCharts/5.15.18/QtCharts/private/chartvalueaxisx_p.h
/usr/bin/qmake -install qinstall /build/qt5-charts/src/kde-qtcharts/src/charts/axis/valueaxis/chartvalueaxisy_p.h /build/qt5-charts/pkg/qt5-charts/usr/include/qt/QtCharts/5.15.18/QtCharts/private/chartvalueaxisy_p.h
/usr/bin/qmake -install qinstall /build/qt5-charts/src/kde-qtcharts/src/charts/axis/valueaxis/polarchartvalueaxisangular_p.h /build/qt5-charts/pkg/qt5-charts/usr/include/qt/QtCharts/5.15.18/QtCharts/private/polarchartvalueaxisangular_p.h
/usr/bin/qmake -install qinstall /build/qt5-charts/src/kde-qtcharts/src/charts/axis/valueaxis/polarchartvalueaxisradial_p.h /build/qt5-charts/pkg/qt5-charts/usr/include/qt/QtCharts/5.15.18/QtCharts/private/polarchartvalueaxisradial_p.h
/usr/bin/qmake -install qinstall /build/qt5-charts/src/kde-qtcharts/src/charts/axis/valueaxis/qvalueaxis_p.h /build/qt5-charts/pkg/qt5-charts/usr/include/qt/QtCharts/5.15.18/QtCharts/private/qvalueaxis_p.h
/usr/bin/qmake -install qinstall /build/qt5-charts/src/kde-qtcharts/src/charts/axis/valueaxis/valueaxislabel_p.h /build/qt5-charts/pkg/qt5-charts/usr/include/qt/QtCharts/5.15.18/QtCharts/private/valueaxislabel_p.h
/usr/bin/qmake -install qinstall /build/qt5-charts/src/kde-qtcharts/src/charts/barchart/horizontal/bar/horizontalbarchartitem_p.h /build/qt5-charts/pkg/qt5-charts/usr/include/qt/QtCharts/5.15.18/QtCharts/private/horizontalbarchartitem_p.h
/usr/bin/qmake -install qinstall /build/qt5-charts/src/kde-qtcharts/src/charts/barchart/horizontal/bar/qhorizontalbarseries_p.h /build/qt5-charts/pkg/qt5-charts/usr/include/qt/QtCharts/5.15.18/QtCharts/private/qhorizontalbarseries_p.h
/usr/bin/qmake -install qinstall /build/qt5-charts/src/kde-qtcharts/src/charts/barchart/horizontal/percent/horizontalpercentbarchartitem_p.h /build/qt5-charts/pkg/qt5-charts/usr/include/qt/QtCharts/5.15.18/QtCharts/private/horizontalpercentbarchartitem_p.h
/usr/bin/qmake -install qinstall /build/qt5-charts/src/kde-qtcharts/src/charts/barchart/horizontal/percent/qhorizontalpercentbarseries_p.h /build/qt5-charts/pkg/qt5-charts/usr/include/qt/QtCharts/5.15.18/QtCharts/private/qhorizontalpercentbarseries_p.h
/usr/bin/qmake -install qinstall /build/qt5-charts/src/kde-qtcharts/src/charts/barchart/horizontal/stacked/horizontalstackedbarchartitem_p.h /build/qt5-charts/pkg/qt5-charts/usr/include/qt/QtCharts/5.15.18/QtCharts/private/horizontalstackedbarchartitem_p.h
/usr/bin/qmake -install qinstall /build/qt5-charts/src/kde-qtcharts/src/charts/barchart/horizontal/stacked/qhorizontalstackedbarseries_p.h /build/qt5-charts/pkg/qt5-charts/usr/include/qt/QtCharts/5.15.18/QtCharts/private/qhorizontalstackedbarseries_p.h
/usr/bin/qmake -install qinstall /build/qt5-charts/src/kde-qtcharts/src/charts/barchart/vertical/bar/barchartitem_p.h /build/qt5-charts/pkg/qt5-charts/usr/include/qt/QtCharts/5.15.18/QtCharts/private/barchartitem_p.h
/usr/bin/qmake -install qinstall /build/qt5-charts/src/kde-qtcharts/src/charts/barchart/vertical/bar/qbarseries_p.h /build/qt5-charts/pkg/qt5-charts/usr/include/qt/QtCharts/5.15.18/QtCharts/private/qbarseries_p.h
/usr/bin/qmake -install qinstall /build/qt5-charts/src/kde-qtcharts/src/charts/barchart/vertical/percent/percentbarchartitem_p.h /build/qt5-charts/pkg/qt5-charts/usr/include/qt/QtCharts/5.15.18/QtCharts/private/percentbarchartitem_p.h
/usr/bin/qmake -install qinstall /build/qt5-charts/src/kde-qtcharts/src/charts/barchart/vertical/percent/qpercentbarseries_p.h /build/qt5-charts/pkg/qt5-charts/usr/include/qt/QtCharts/5.15.18/QtCharts/private/qpercentbarseries_p.h
/usr/bin/qmake -install qinstall /build/qt5-charts/src/kde-qtcharts/src/charts/barchart/vertical/stacked/qstackedbarseries_p.h /build/qt5-charts/pkg/qt5-charts/usr/include/qt/QtCharts/5.15.18/QtCharts/private/qstackedbarseries_p.h
/usr/bin/qmake -install qinstall /build/qt5-charts/src/kde-qtcharts/src/charts/barchart/vertical/stacked/stackedbarchartitem_p.h /build/qt5-charts/pkg/qt5-charts/usr/include/qt/QtCharts/5.15.18/QtCharts/private/stackedbarchartitem_p.h
/usr/bin/qmake -install qinstall /build/qt5-charts/src/kde-qtcharts/src/chartsqml2/declarativeabstractrendernode_p.h /build/qt5-charts/pkg/qt5-charts/usr/include/qt/QtCharts/5.15.18/QtCharts/private/declarativeabstractrendernode_p.h
/usr/bin/qmake -install qinstall /build/qt5-charts/src/kde-qtcharts/src/chartsqml2/declarativeareaseries_p.h /build/qt5-charts/pkg/qt5-charts/usr/include/qt/QtCharts/5.15.18/QtCharts/private/declarativeareaseries_p.h
/usr/bin/qmake -install qinstall /build/qt5-charts/src/kde-qtcharts/src/chartsqml2/declarativeaxes_p.h /build/qt5-charts/pkg/qt5-charts/usr/include/qt/QtCharts/5.15.18/QtCharts/private/declarativeaxes_p.h
/usr/bin/qmake -install qinstall /build/qt5-charts/src/kde-qtcharts/src/chartsqml2/declarativebarseries_p.h /build/qt5-charts/pkg/qt5-charts/usr/include/qt/QtCharts/5.15.18/QtCharts/private/declarativebarseries_p.h
/usr/bin/qmake -install qinstall /build/qt5-charts/src/kde-qtcharts/src/chartsqml2/declarativeboxplotseries_p.h /build/qt5-charts/pkg/qt5-charts/usr/include/qt/QtCharts/5.15.18/QtCharts/private/declarativeboxplotseries_p.h
/usr/bin/qmake -install qinstall /build/qt5-charts/src/kde-qtcharts/src/chartsqml2/declarativecandlestickseries_p.h /build/qt5-charts/pkg/qt5-charts/usr/include/qt/QtCharts/5.15.18/QtCharts/private/declarativecandlestickseries_p.h
/usr/bin/qmake -install qinstall /build/qt5-charts/src/kde-qtcharts/src/chartsqml2/declarativecategoryaxis_p.h /build/qt5-charts/pkg/qt5-charts/usr/include/qt/QtCharts/5.15.18/QtCharts/private/declarativecategoryaxis_p.h
/usr/bin/qmake -install qinstall /build/qt5-charts/src/kde-qtcharts/src/chartsqml2/declarativechart_p.h /build/qt5-charts/pkg/qt5-charts/usr/include/qt/QtCharts/5.15.18/QtCharts/private/declarativechart_p.h
/usr/bin/qmake -install qinstall /build/qt5-charts/src/kde-qtcharts/src/chartsqml2/declarativechartglobal_p.h /build/qt5-charts/pkg/qt5-charts/usr/include/qt/QtCharts/5.15.18/QtCharts/private/declarativechartglobal_p.h
/usr/bin/qmake -install qinstall /build/qt5-charts/src/kde-qtcharts/src/chartsqml2/declarativechartnode_p.h /build/qt5-charts/pkg/qt5-charts/usr/include/qt/QtCharts/5.15.18/QtCharts/private/declarativechartnode_p.h
/usr/bin/qmake -install qinstall /build/qt5-charts/src/kde-qtcharts/src/chartsqml2/declarativelineseries_p.h /build/qt5-charts/pkg/qt5-charts/usr/include/qt/QtCharts/5.15.18/QtCharts/private/declarativelineseries_p.h
/usr/bin/qmake -install qinstall /build/qt5-charts/src/kde-qtcharts/src/chartsqml2/declarativemargins_p.h /build/qt5-charts/pkg/qt5-charts/usr/include/qt/QtCharts/5.15.18/QtCharts/private/declarativemargins_p.h
/usr/bin/qmake -install qinstall /build/qt5-charts/src/kde-qtcharts/src/chartsqml2/declarativeopenglrendernode_p.h /build/qt5-charts/pkg/qt5-charts/usr/include/qt/QtCharts/5.15.18/QtCharts/private/declarativeopenglrendernode_p.h
/usr/bin/qmake -install qinstall /build/qt5-charts/src/kde-qtcharts/src/chartsqml2/declarativepieseries_p.h /build/qt5-charts/pkg/qt5-charts/usr/include/qt/QtCharts/5.15.18/QtCharts/private/declarativepieseries_p.h
/usr/bin/qmake -install qinstall /build/qt5-charts/src/kde-qtcharts/src/chartsqml2/declarativepolarchart_p.h /build/qt5-charts/pkg/qt5-charts/usr/include/qt/QtCharts/5.15.18/QtCharts/private/declarativepolarchart_p.h
/usr/bin/qmake -install qinstall /build/qt5-charts/src/kde-qtcharts/src/chartsqml2/declarativescatterseries_p.h /build/qt5-charts/pkg/qt5-charts/usr/include/qt/QtCharts/5.15.18/QtCharts/private/declarativescatterseries_p.h
/usr/bin/qmake -install qinstall /build/qt5-charts/src/kde-qtcharts/src/chartsqml2/declarativesplineseries_p.h /build/qt5-charts/pkg/qt5-charts/usr/include/qt/QtCharts/5.15.18/QtCharts/private/declarativesplineseries_p.h
/usr/bin/qmake -install qinstall /build/qt5-charts/src/kde-qtcharts/src/chartsqml2/declarativexypoint_p.h /build/qt5-charts/pkg/qt5-charts/usr/include/qt/QtCharts/5.15.18/QtCharts/private/declarativexypoint_p.h
/usr/bin/qmake -install qinstall /build/qt5-charts/src/kde-qtcharts/src/chartsqml2/declarativexyseries_p.h /build/qt5-charts/pkg/qt5-charts/usr/include/qt/QtCharts/5.15.18/QtCharts/private/declarativexyseries_p.h
make[2]: Leaving directory '/build/qt5-charts/src/build/src/charts'
cd chartsqml2/ && ( test -e Makefile || /usr/bin/qmake -o Makefile /build/qt5-charts/src/kde-qtcharts/src/chartsqml2/chartsqml2.pro ) && make -f Makefile install
make[2]: Entering directory '/build/qt5-charts/src/build/src/chartsqml2'
/usr/bin/qmake -install qinstall -exe ../../qml/QtCharts/libqtchartsqml2.so /build/qt5-charts/pkg/qt5-charts/usr/lib/qt/qml/QtCharts/libqtchartsqml2.so
/usr/bin/qmake -install qinstall /build/qt5-charts/src/kde-qtcharts/src/chartsqml2/qmldir /build/qt5-charts/pkg/qt5-charts/usr/lib/qt/qml/QtCharts/qmldir
/usr/bin/qmake -install qinstall /build/qt5-charts/src/kde-qtcharts/src/chartsqml2/plugins.qmltypes /build/qt5-charts/pkg/qt5-charts/usr/lib/qt/qml/QtCharts/plugins.qmltypes
/usr/bin/qmake -install qinstall /build/qt5-charts/src/kde-qtcharts/src/chartsqml2/designer/ChartViewSpecifics.qml /build/qt5-charts/pkg/qt5-charts/usr/lib/qt/qml/QtCharts/designer/ChartViewSpecifics.qml
/usr/bin/qmake -install qinstall /build/qt5-charts/src/kde-qtcharts/src/chartsqml2/designer/default/AreaSeries.qml /build/qt5-charts/pkg/qt5-charts/usr/lib/qt/qml/QtCharts/designer/default/AreaSeries.qml
/usr/bin/qmake -install qinstall /build/qt5-charts/src/kde-qtcharts/src/chartsqml2/designer/default/BarSeries.qml /build/qt5-charts/pkg/qt5-charts/usr/lib/qt/qml/QtCharts/designer/default/BarSeries.qml
/usr/bin/qmake -install qinstall /build/qt5-charts/src/kde-qtcharts/src/chartsqml2/designer/default/BoxPlotSeries.qml /build/qt5-charts/pkg/qt5-charts/usr/lib/qt/qml/QtCharts/designer/default/BoxPlotSeries.qml
/usr/bin/qmake -install qinstall /build/qt5-charts/src/kde-qtcharts/src/chartsqml2/designer/default/HorizontalBarSeries.qml /build/qt5-charts/pkg/qt5-charts/usr/lib/qt/qml/QtCharts/designer/default/HorizontalBarSeries.qml
/usr/bin/qmake -install qinstall /build/qt5-charts/src/kde-qtcharts/src/chartsqml2/designer/default/HorizontalPercentBarSeries.qml /build/qt5-charts/pkg/qt5-charts/usr/lib/qt/qml/QtCharts/designer/default/HorizontalPercentBarSeries.qml
/usr/bin/qmake -install qinstall /build/qt5-charts/src/kde-qtcharts/src/chartsqml2/designer/default/HorizontalStackedBarSeries.qml /build/qt5-charts/pkg/qt5-charts/usr/lib/qt/qml/QtCharts/designer/default/HorizontalStackedBarSeries.qml
/usr/bin/qmake -install qinstall /build/qt5-charts/src/kde-qtcharts/src/chartsqml2/designer/default/LineSeries.qml /build/qt5-charts/pkg/qt5-charts/usr/lib/qt/qml/QtCharts/designer/default/LineSeries.qml
/usr/bin/qmake -install qinstall /build/qt5-charts/src/kde-qtcharts/src/chartsqml2/designer/default/PercentBarSeries.qml /build/qt5-charts/pkg/qt5-charts/usr/lib/qt/qml/QtCharts/designer/default/PercentBarSeries.qml
/usr/bin/qmake -install qinstall /build/qt5-charts/src/kde-qtcharts/src/chartsqml2/designer/default/PieSeries.qml /build/qt5-charts/pkg/qt5-charts/usr/lib/qt/qml/QtCharts/designer/default/PieSeries.qml
/usr/bin/qmake -install qinstall /build/qt5-charts/src/kde-qtcharts/src/chartsqml2/designer/default/ScatterSeries.qml /build/qt5-charts/pkg/qt5-charts/usr/lib/qt/qml/QtCharts/designer/default/ScatterSeries.qml
/usr/bin/qmake -install qinstall /build/qt5-charts/src/kde-qtcharts/src/chartsqml2/designer/default/SplineSeries.qml /build/qt5-charts/pkg/qt5-charts/usr/lib/qt/qml/QtCharts/designer/default/SplineSeries.qml
/usr/bin/qmake -install qinstall /build/qt5-charts/src/kde-qtcharts/src/chartsqml2/designer/default/StackedBarSeries.qml /build/qt5-charts/pkg/qt5-charts/usr/lib/qt/qml/QtCharts/designer/default/StackedBarSeries.qml
/usr/bin/qmake -install qinstall /build/qt5-charts/src/kde-qtcharts/src/chartsqml2/designer/default/PolarAreaSeries.qml /build/qt5-charts/pkg/qt5-charts/usr/lib/qt/qml/QtCharts/designer/default/PolarAreaSeries.qml
/usr/bin/qmake -install qinstall /build/qt5-charts/src/kde-qtcharts/src/chartsqml2/designer/default/PolarLineSeries.qml /build/qt5-charts/pkg/qt5-charts/usr/lib/qt/qml/QtCharts/designer/default/PolarLineSeries.qml
/usr/bin/qmake -install qinstall /build/qt5-charts/src/kde-qtcharts/src/chartsqml2/designer/default/PolarScatterSeries.qml /build/qt5-charts/pkg/qt5-charts/usr/lib/qt/qml/QtCharts/designer/default/PolarScatterSeries.qml
/usr/bin/qmake -install qinstall /build/qt5-charts/src/kde-qtcharts/src/chartsqml2/designer/default/PolarSplineSeries.qml /build/qt5-charts/pkg/qt5-charts/usr/lib/qt/qml/QtCharts/designer/default/PolarSplineSeries.qml
/usr/bin/qmake -install qinstall /build/qt5-charts/src/kde-qtcharts/src/chartsqml2/designer/qtcharts.metainfo /build/qt5-charts/pkg/qt5-charts/usr/lib/qt/qml/QtCharts/designer/qtcharts.metainfo
/usr/bin/qmake -install qinstall /build/qt5-charts/src/kde-qtcharts/src/chartsqml2/designer/images/areaseries-chart-icon.png /build/qt5-charts/pkg/qt5-charts/usr/lib/qt/qml/QtCharts/designer/images/areaseries-chart-icon.png
/usr/bin/qmake -install qinstall /build/qt5-charts/src/kde-qtcharts/src/chartsqml2/designer/images/areaseries-chart-icon16.png /build/qt5-charts/pkg/qt5-charts/usr/lib/qt/qml/QtCharts/designer/images/areaseries-chart-icon16.png
/usr/bin/qmake -install qinstall /build/qt5-charts/src/kde-qtcharts/src/chartsqml2/designer/images/barseries-icon.png /build/qt5-charts/pkg/qt5-charts/usr/lib/qt/qml/QtCharts/designer/images/barseries-icon.png
/usr/bin/qmake -install qinstall /build/qt5-charts/src/kde-qtcharts/src/chartsqml2/designer/images/barseries-icon16.png /build/qt5-charts/pkg/qt5-charts/usr/lib/qt/qml/QtCharts/designer/images/barseries-icon16.png
/usr/bin/qmake -install qinstall /build/qt5-charts/src/kde-qtcharts/src/chartsqml2/designer/images/boxplotseries-chart-icon.png /build/qt5-charts/pkg/qt5-charts/usr/lib/qt/qml/QtCharts/designer/images/boxplotseries-chart-icon.png
/usr/bin/qmake -install qinstall /build/qt5-charts/src/kde-qtcharts/src/chartsqml2/designer/images/boxplotseries-chart-icon16.png /build/qt5-charts/pkg/qt5-charts/usr/lib/qt/qml/QtCharts/designer/images/boxplotseries-chart-icon16.png
/usr/bin/qmake -install qinstall /build/qt5-charts/src/kde-qtcharts/src/chartsqml2/designer/images/horizontalbarseries-icon.png /build/qt5-charts/pkg/qt5-charts/usr/lib/qt/qml/QtCharts/designer/images/horizontalbarseries-icon.png
/usr/bin/qmake -install qinstall /build/qt5-charts/src/kde-qtcharts/src/chartsqml2/designer/images/horizontalbarseries-icon16.png /build/qt5-charts/pkg/qt5-charts/usr/lib/qt/qml/QtCharts/designer/images/horizontalbarseries-icon16.png
/usr/bin/qmake -install qinstall /build/qt5-charts/src/kde-qtcharts/src/chartsqml2/designer/images/horizontalpercentbarseries-icon.png /build/qt5-charts/pkg/qt5-charts/usr/lib/qt/qml/QtCharts/designer/images/horizontalpercentbarseries-icon.png
/usr/bin/qmake -install qinstall /build/qt5-charts/src/kde-qtcharts/src/chartsqml2/designer/images/horizontalpercentbarseries-icon16.png /build/qt5-charts/pkg/qt5-charts/usr/lib/qt/qml/QtCharts/designer/images/horizontalpercentbarseries-icon16.png
/usr/bin/qmake -install qinstall /build/qt5-charts/src/kde-qtcharts/src/chartsqml2/designer/images/horizontalstackedbarseries-icon.png /build/qt5-charts/pkg/qt5-charts/usr/lib/qt/qml/QtCharts/designer/images/horizontalstackedbarseries-icon.png
/usr/bin/qmake -install qinstall /build/qt5-charts/src/kde-qtcharts/src/chartsqml2/designer/images/horizontalstackedbarseries-icon16.png /build/qt5-charts/pkg/qt5-charts/usr/lib/qt/qml/QtCharts/designer/images/horizontalstackedbarseries-icon16.png
/usr/bin/qmake -install qinstall /build/qt5-charts/src/kde-qtcharts/src/chartsqml2/designer/images/lineseries-chart-icon.png /build/qt5-charts/pkg/qt5-charts/usr/lib/qt/qml/QtCharts/designer/images/lineseries-chart-icon.png
/usr/bin/qmake -install qinstall /build/qt5-charts/src/kde-qtcharts/src/chartsqml2/designer/images/lineseries-chart-icon16.png /build/qt5-charts/pkg/qt5-charts/usr/lib/qt/qml/QtCharts/designer/images/lineseries-chart-icon16.png
/usr/bin/qmake -install qinstall /build/qt5-charts/src/kde-qtcharts/src/chartsqml2/designer/images/percentbarseries-icon.png /build/qt5-charts/pkg/qt5-charts/usr/lib/qt/qml/QtCharts/designer/images/percentbarseries-icon.png
/usr/bin/qmake -install qinstall /build/qt5-charts/src/kde-qtcharts/src/chartsqml2/designer/images/percentbarseries-icon16.png /build/qt5-charts/pkg/qt5-charts/usr/lib/qt/qml/QtCharts/designer/images/percentbarseries-icon16.png
/usr/bin/qmake -install qinstall /build/qt5-charts/src/kde-qtcharts/src/chartsqml2/designer/images/pieseries-chart-icon.png /build/qt5-charts/pkg/qt5-charts/usr/lib/qt/qml/QtCharts/designer/images/pieseries-chart-icon.png
/usr/bin/qmake -install qinstall /build/qt5-charts/src/kde-qtcharts/src/chartsqml2/designer/images/pieseries-chart-icon16.png /build/qt5-charts/pkg/qt5-charts/usr/lib/qt/qml/QtCharts/designer/images/pieseries-chart-icon16.png
/usr/bin/qmake -install qinstall /build/qt5-charts/src/kde-qtcharts/src/chartsqml2/designer/images/scatterseries-chart-icon.png /build/qt5-charts/pkg/qt5-charts/usr/lib/qt/qml/QtCharts/designer/images/scatterseries-chart-icon.png
/usr/bin/qmake -install qinstall /build/qt5-charts/src/kde-qtcharts/src/chartsqml2/designer/images/scatterseries-chart-icon16.png /build/qt5-charts/pkg/qt5-charts/usr/lib/qt/qml/QtCharts/designer/images/scatterseries-chart-icon16.png
/usr/bin/qmake -install qinstall /build/qt5-charts/src/kde-qtcharts/src/chartsqml2/designer/images/splineseries-chart-icon.png /build/qt5-charts/pkg/qt5-charts/usr/lib/qt/qml/QtCharts/designer/images/splineseries-chart-icon.png
/usr/bin/qmake -install qinstall /build/qt5-charts/src/kde-qtcharts/src/chartsqml2/designer/images/splineseries-chart-icon16.png /build/qt5-charts/pkg/qt5-charts/usr/lib/qt/qml/QtCharts/designer/images/splineseries-chart-icon16.png
/usr/bin/qmake -install qinstall /build/qt5-charts/src/kde-qtcharts/src/chartsqml2/designer/images/stackedbarseries-icon.png /build/qt5-charts/pkg/qt5-charts/usr/lib/qt/qml/QtCharts/designer/images/stackedbarseries-icon.png
/usr/bin/qmake -install qinstall /build/qt5-charts/src/kde-qtcharts/src/chartsqml2/designer/images/stackedbarseries-icon16.png /build/qt5-charts/pkg/qt5-charts/usr/lib/qt/qml/QtCharts/designer/images/stackedbarseries-icon16.png
/usr/bin/qmake -install qinstall /build/qt5-charts/src/kde-qtcharts/src/chartsqml2/designer/images/areaseries-polar-icon.png /build/qt5-charts/pkg/qt5-charts/usr/lib/qt/qml/QtCharts/designer/images/areaseries-polar-icon.png
/usr/bin/qmake -install qinstall /build/qt5-charts/src/kde-qtcharts/src/chartsqml2/designer/images/areaseries-polar-icon16.png /build/qt5-charts/pkg/qt5-charts/usr/lib/qt/qml/QtCharts/designer/images/areaseries-polar-icon16.png
/usr/bin/qmake -install qinstall /build/qt5-charts/src/kde-qtcharts/src/chartsqml2/designer/images/lineseries-polar-icon.png /build/qt5-charts/pkg/qt5-charts/usr/lib/qt/qml/QtCharts/designer/images/lineseries-polar-icon.png
/usr/bin/qmake -install qinstall /build/qt5-charts/src/kde-qtcharts/src/chartsqml2/designer/images/lineseries-polar-icon16.png /build/qt5-charts/pkg/qt5-charts/usr/lib/qt/qml/QtCharts/designer/images/lineseries-polar-icon16.png
/usr/bin/qmake -install qinstall /build/qt5-charts/src/kde-qtcharts/src/chartsqml2/designer/images/scatterseries-polar-icon.png /build/qt5-charts/pkg/qt5-charts/usr/lib/qt/qml/QtCharts/designer/images/scatterseries-polar-icon.png
/usr/bin/qmake -install qinstall /build/qt5-charts/src/kde-qtcharts/src/chartsqml2/designer/images/scatterseries-polar-icon16.png /build/qt5-charts/pkg/qt5-charts/usr/lib/qt/qml/QtCharts/designer/images/scatterseries-polar-icon16.png
/usr/bin/qmake -install qinstall /build/qt5-charts/src/kde-qtcharts/src/chartsqml2/designer/images/splineseries-polar-icon.png /build/qt5-charts/pkg/qt5-charts/usr/lib/qt/qml/QtCharts/designer/images/splineseries-polar-icon.png
/usr/bin/qmake -install qinstall /build/qt5-charts/src/kde-qtcharts/src/chartsqml2/designer/images/splineseries-polar-icon16.png /build/qt5-charts/pkg/qt5-charts/usr/lib/qt/qml/QtCharts/designer/images/splineseries-polar-icon16.png
make[2]: Leaving directory '/build/qt5-charts/src/build/src/chartsqml2'
make[1]: Leaving directory '/build/qt5-charts/src/build/src'
