go: downloading github.com/spf13/cobra v1.9.1
go: downloading github.com/spf13/pflag v1.0.6
go: downloading golang.org/x/text v0.26.0
go: downloading github.com/cloudinary/cloudinary-go/v2 v2.10.0
go: downloading github.com/zeebo/blake3 v0.2.4
go: downloading github.com/golang-jwt/jwt/v4 v4.5.2
go: downloading github.com/youmark/pkcs8 v0.0.0-20240726163527-a2c0da244d78
go: downloading golang.org/x/net v0.41.0
go: downloading golang.org/x/time v0.12.0
go: downloading go.etcd.io/bbolt v1.4.0
go: downloading golang.org/x/oauth2 v0.30.0
go: downloading golang.org/x/sync v0.15.0
go: downloading google.golang.org/api v0.236.0
go: downloading github.com/gabriel-vasile/mimetype v1.4.9
go: downloading github.com/jlaffaye/ftp v0.2.1-0.20240918233326-1b970516f5d3
go: downloading github.com/ncw/swift/v2 v2.0.4
go: downloading github.com/Files-com/files-sdk-go/v3 v3.2.173
go: downloading golang.org/x/crypto v0.39.0
go: downloading github.com/t3rm1n4l/go-mega v0.0.0-20241213151442-a19cff0ec7b5
go: downloading github.com/Azure/azure-sdk-for-go/sdk/azcore v1.18.0
go: downloading github.com/Azure/azure-sdk-for-go/sdk/azidentity v1.10.0
go: downloading github.com/Azure/azure-sdk-for-go/sdk/storage/azfile v1.5.1
go: downloading github.com/Azure/azure-sdk-for-go/sdk/storage/azblob v1.6.1
go: downloading github.com/go-chi/chi/v5 v5.2.2
go: downloading github.com/prometheus/client_golang v1.22.0
go: downloading github.com/pkg/xattr v0.4.10
go: downloading golang.org/x/sys v0.33.0
go: downloading github.com/shirou/gopsutil/v4 v4.25.5
go: downloading github.com/aws/aws-sdk-go-v2 v1.36.3
go: downloading github.com/aws/aws-sdk-go-v2/config v1.29.14
go: downloading github.com/aws/aws-sdk-go-v2/credentials v1.17.67
go: downloading github.com/aws/aws-sdk-go-v2/service/s3 v1.80.0
go: downloading github.com/mattn/go-colorable v0.1.14
go: downloading golang.org/x/term v0.32.0
go: downloading github.com/oracle/oci-go-sdk/v65 v65.93.0
go: downloading github.com/pkg/sftp v1.13.9
go: downloading github.com/cloudsoda/go-smb2 v0.0.0-20250228001242-d4c70e6251cc
go: downloading github.com/IBM/go-sdk-core/v5 v5.20.0
go: downloading github.com/aws/aws-sdk-go-v2/feature/s3/manager v1.17.77
go: downloading github.com/aws/smithy-go v1.22.3
go: downloading github.com/gdamore/tcell/v2 v2.8.1
go: downloading github.com/mattn/go-runewidth v0.0.16
go: downloading github.com/hanwen/go-fuse/v2 v2.7.2
go: downloading github.com/ProtonMail/go-crypto v1.3.0
go: downloading github.com/willscott/go-nfs v0.0.3
go: downloading github.com/go-git/go-billy/v5 v5.6.2
go: downloading github.com/zeebo/xxh3 v1.0.2
go: downloading github.com/anacrolix/log v0.16.0
go: downloading github.com/rclone/gofakes3 v0.0.4
go: downloading github.com/lanrat/extsort v1.0.2
go: downloading github.com/klauspost/compress v1.18.0
go: downloading github.com/cpuguy83/go-md2man/v2 v2.0.7
go: downloading cloud.google.com/go/compute/metadata v0.7.0
go: downloading github.com/panjf2000/ants/v2 v2.11.3
go: downloading github.com/samber/lo v1.50.0
go: downloading google.golang.org/protobuf v1.36.6
go: downloading github.com/Azure/azure-sdk-for-go/sdk/internal v1.11.1
go: downloading github.com/AzureAD/microsoft-authentication-library-for-go v1.4.2
go: downloading github.com/prometheus/client_model v0.6.2
go: downloading github.com/prometheus/common v0.64.0
go: downloading github.com/prometheus/procfs v0.16.1
go: downloading github.com/ProtonMail/gopenpgp/v2 v2.9.0
go: downloading github.com/relvacode/iso8601 v1.6.0
go: downloading github.com/PuerkitoBio/goquery v1.10.3
go: downloading github.com/bradenaw/juniper v0.15.3
go: downloading github.com/emersion/go-message v0.18.2
go: downloading github.com/emersion/go-vcard v0.0.0-20241024213814-c9703dde27ff
go: downloading github.com/go-resty/resty/v2 v2.16.5
go: downloading golang.org/x/exp v0.0.0-20250606033433-dcc06ee1d476
go: downloading github.com/spacemonkeygo/monkit/v3 v3.0.24
go: downloading github.com/zeebo/errs v1.4.0
go: downloading storj.io/common v0.0.0-20250605163628-70ca83b6228e
go: downloading storj.io/eventkit v0.0.0-20250410172343-61f26d3de156
go: downloading github.com/aws/aws-sdk-go-v2/service/sso v1.25.3
go: downloading github.com/aws/aws-sdk-go-v2/service/ssooidc v1.30.1
go: downloading github.com/aws/aws-sdk-go-v2/service/sts v1.33.19
go: downloading github.com/aws/aws-sdk-go-v2/internal/ini v1.8.3
go: downloading github.com/aws/aws-sdk-go-v2/internal/configsources v1.3.34
go: downloading github.com/aws/aws-sdk-go-v2/feature/ec2/imds v1.16.30
go: downloading github.com/aws/aws-sdk-go-v2/service/internal/checksum v1.7.2
go: downloading github.com/aws/aws-sdk-go-v2/internal/v4a v1.3.34
go: downloading github.com/aws/aws-sdk-go-v2/service/internal/accept-encoding v1.12.3
go: downloading github.com/aws/aws-sdk-go-v2/service/internal/presigned-url v1.12.15
go: downloading github.com/aws/aws-sdk-go-v2/aws/protocol/eventstream v1.6.10
go: downloading github.com/aws/aws-sdk-go-v2/service/internal/s3shared v1.18.15
go: downloading github.com/cloudsoda/sddl v0.0.0-20250224235906-926454e91efc
go: downloading github.com/go-openapi/strfmt v0.23.0
go: downloading github.com/go-playground/validator/v10 v10.26.0
go: downloading github.com/gdamore/encoding v1.0.1
go: downloading github.com/creasty/defaults v1.8.0
go: downloading github.com/klauspost/cpuid/v2 v2.2.10
go: downloading github.com/gorilla/schema v1.4.1
go: downloading github.com/stretchr/testify v1.10.0
go: downloading github.com/anacrolix/generics v0.0.3
go: downloading github.com/minio/xxml v0.0.3
go: downloading github.com/andybalholm/cascadia v1.3.3
go: downloading storj.io/picobuf v0.0.4
go: downloading storj.io/drpc v0.0.35-0.20250513201419-f7819ea69b55
go: downloading github.com/geoffgarside/ber v1.2.0
go: downloading github.com/aws/aws-sdk-go-v2/internal/endpoints/v2 v2.6.34
go: downloading github.com/cloudflare/circl v1.6.1
go: downloading github.com/asaskevich/govalidator v0.0.0-20230301143203-a9d515a09cc2
go: downloading github.com/go-openapi/errors v0.22.1
go: downloading go.mongodb.org/mongo-driver v1.17.4
go: downloading github.com/oklog/ulid v1.3.1
go: downloading github.com/golang-jwt/jwt/v5 v5.2.2
go: downloading github.com/go-playground/universal-translator v0.18.1
go: downloading github.com/leodido/go-urn v1.4.0
go: downloading github.com/flynn/noise v1.1.0
go: downloading github.com/go-playground/locales v0.14.1
go: downloading cloud.google.com/go/auth v0.16.2
go: downloading github.com/google/s2a-go v0.1.9
go: downloading cloud.google.com/go/auth/oauth2adapt v0.2.8
go: downloading google.golang.org/grpc v1.73.0
go: downloading github.com/googleapis/enterprise-certificate-proxy v0.3.6
go: downloading github.com/googleapis/gax-go/v2 v2.14.2
go: downloading go.opentelemetry.io/contrib/instrumentation/net/http/otelhttp v0.61.0
go: downloading go.opentelemetry.io/otel v1.36.0
go: downloading go.opentelemetry.io/otel/metric v1.36.0
go: downloading go.opentelemetry.io/otel/trace v1.36.0
go: downloading google.golang.org/genproto/googleapis/rpc v0.0.0-20250603155806-513f23925822
go: downloading go.opentelemetry.io/auto/sdk v1.1.0
go: downloading github.com/go-logr/logr v1.4.3
go: downloading github.com/sony/gobreaker v1.0.0
go: downloading github.com/gofrs/flock v0.12.1
