Submodule 'LibREDasm' (https://github.com/REDasmOrg/REDasm-Library.git) registered for path 'LibREDasm'
Submodule 'libs/qhexview' (https://github.com/Dax89/QHexView.git) registered for path 'libs/qhexview'
Submodule 'submodules/assemblers' (https://github.com/REDasmOrg/REDasm-Assemblers.git) registered for path 'submodules/assemblers'
Submodule 'submodules/database' (https://github.com/REDasmOrg/REDasm-Database.git) registered for path 'submodules/database'
Submodule 'submodules/loaders' (https://github.com/REDasmOrg/REDasm-Loaders.git) registered for path 'submodules/loaders'
Submodule 'submodules/plugins' (https://github.com/REDasmOrg/REDasm-Plugins.git) registered for path 'submodules/plugins'
Cloning into '/build/redasm-git/src/REDasm/LibREDasm'...
done.
Cloning into '/build/redasm-git/src/REDasm/libs/qhexview'...
done.
Cloning into '/build/redasm-git/src/REDasm/submodules/assemblers'...
done.
Cloning into '/build/redasm-git/src/REDasm/submodules/database'...
done.
Cloning into '/build/redasm-git/src/REDasm/submodules/loaders'...
done.
Cloning into '/build/redasm-git/src/REDasm/submodules/plugins'...
done.
Submodule path 'LibREDasm': checked out 'c8f6e162229108cf8d8da55d528444719ba5385e'
Submodule path 'libs/qhexview': checked out 'bc72cd22267f752f6552b4f6e6c733649e54c4c2'
Submodule path 'submodules/assemblers': checked out 'fae51b29e46eab883b6f8eae250713786c0959ec'
Submodule path 'submodules/database': checked out 'f85b189a9b7415b7a4b5a20a0f7f9e49ee7bad25'
Submodule path 'submodules/loaders': checked out '433e9142c4a5a334efadfdedcbe9f81c2fc92ad5'
Submodule path 'submodules/plugins': checked out '8d96325e41a2f4d9fab875778d0287fce5fc66e2'
Submodule 'rdcore/libs/taojson' (https://github.com/taocpp/json.git) registered for path 'rdcore/libs/taojson'
Cloning into '/build/redasm-git/src/REDasm/LibREDasm/rdcore/libs/taojson'...
done.
Submodule path 'rdcore/libs/taojson': checked out 'f6d8c7abb2c36116257e2c6464b00349c9ea2232'
Submodule 'external/PEGTL' (https://github.com/taocpp/PEGTL) registered for path 'external/PEGTL'
Cloning into '/build/redasm-git/src/REDasm/LibREDasm/rdcore/libs/taojson/external/PEGTL'...
done.
Submodule path 'external/PEGTL': checked out 'd4278cb59a9b5b74e5e599ba4859c778b3121dc6'
Submodule 'capstonebundle/capstone' (https://github.com/aquynh/capstone.git) registered for path 'capstonebundle/capstone'
Submodule 'x86/zydis' (https://github.com/zyantific/zydis.git) registered for path 'x86/zydis'
Cloning into '/build/redasm-git/src/REDasm/submodules/assemblers/capstonebundle/capstone'...
done.
Cloning into '/build/redasm-git/src/REDasm/submodules/assemblers/x86/zydis'...
done.
Submodule path 'capstonebundle/capstone': checked out 'c57915c8fd281b68ffa373fa646251fda552e38f'
Submodule path 'x86/zydis': checked out 'ba9431cf143f89f29343d0c3d737935545627367'
Submodule 'dependencies/zycore' (https://github.com/zyantific/zycore-c) registered for path 'dependencies/zycore'
Cloning into '/build/redasm-git/src/REDasm/submodules/assemblers/x86/zydis/dependencies/zycore'...
done.
Submodule path 'dependencies/zycore': checked out '4793880c560f3e11f8d1093ffc407e377fcce20c'
