WARNING:  description and summary are identical
WARNING:  open-ended dependency on cairo (>= 1.16.2) is not recommended
  if cairo is semantically versioned, use:
    add_runtime_dependency "cairo", "~> 1.16", ">= 1.16.2"
WARNING:  make sure you specify the oldest ruby version constraint (like ">= 3.0") that you want your gem to support by setting the `required_ruby_version` gemspec attribute
WARNING:  See https://guides.rubygems.org/specification-reference/ for help
  Successfully built RubyGem
  Name: cairo-gobject
  Version: 4.3.2
  File: cairo-gobject-4.3.2.gem
/build/ruby-cairo-gobject/src/ruby-gnome-4.3.2/cairo-gobject/tmp_install/usr/lib/ruby/gems/3.4.0/gems/cairo-gobject-4.3.2/COPYING.LIB
/build/ruby-cairo-gobject/src/ruby-gnome-4.3.2/cairo-gobject/tmp_install/usr/lib/ruby/gems/3.4.0/gems/cairo-gobject-4.3.2/README.md
/build/ruby-cairo-gobject/src/ruby-gnome-4.3.2/cairo-gobject/tmp_install/usr/lib/ruby/gems/3.4.0/gems/cairo-gobject-4.3.2/Rakefile
/build/ruby-cairo-gobject/src/ruby-gnome-4.3.2/cairo-gobject/tmp_install/usr/lib/ruby/gems/3.4.0/gems/cairo-gobject-4.3.2/cairo-gobject.gemspec
/build/ruby-cairo-gobject/src/ruby-gnome-4.3.2/cairo-gobject/tmp_install/usr/lib/ruby/gems/3.4.0/gems/cairo-gobject-4.3.2/ext/cairo-gobject/extconf.rb
/build/ruby-cairo-gobject/src/ruby-gnome-4.3.2/cairo-gobject/tmp_install/usr/lib/ruby/gems/3.4.0/gems/cairo-gobject-4.3.2/ext/cairo-gobject/rb-cairo-gobject.c
/build/ruby-cairo-gobject/src/ruby-gnome-4.3.2/cairo-gobject/tmp_install/usr/lib/ruby/gems/3.4.0/gems/cairo-gobject-4.3.2/ext/cairo-gobject/rb-cairo-gobject.h
/build/ruby-cairo-gobject/src/ruby-gnome-4.3.2/cairo-gobject/tmp_install/usr/lib/ruby/gems/3.4.0/gems/cairo-gobject-4.3.2/extconf.rb
/build/ruby-cairo-gobject/src/ruby-gnome-4.3.2/cairo-gobject/tmp_install/usr/lib/ruby/gems/3.4.0/gems/cairo-gobject-4.3.2/lib/cairo-gobject.rb
/build/ruby-cairo-gobject/src/ruby-gnome-4.3.2/cairo-gobject/tmp_install/usr/lib/ruby/gems/3.4.0/gems/cairo-gobject-4.3.2/test/cairo-gobject-test-utils.rb
/build/ruby-cairo-gobject/src/ruby-gnome-4.3.2/cairo-gobject/tmp_install/usr/lib/ruby/gems/3.4.0/gems/cairo-gobject-4.3.2/test/run-test.rb
/build/ruby-cairo-gobject/src/ruby-gnome-4.3.2/cairo-gobject/tmp_install/usr/lib/ruby/gems/3.4.0/gems/cairo-gobject-4.3.2/test/test_cairoantialias.rb
/build/ruby-cairo-gobject/src/ruby-gnome-4.3.2/cairo-gobject/tmp_install/usr/lib/ruby/gems/3.4.0/gems/cairo-gobject-4.3.2/test/test_cairocontent.rb
/build/ruby-cairo-gobject/src/ruby-gnome-4.3.2/cairo-gobject/tmp_install/usr/lib/ruby/gems/3.4.0/gems/cairo-gobject-4.3.2/test/test_cairocontext.rb
/build/ruby-cairo-gobject/src/ruby-gnome-4.3.2/cairo-gobject/tmp_install/usr/lib/ruby/gems/3.4.0/gems/cairo-gobject-4.3.2/test/test_cairodevicetype.rb
/build/ruby-cairo-gobject/src/ruby-gnome-4.3.2/cairo-gobject/tmp_install/usr/lib/ruby/gems/3.4.0/gems/cairo-gobject-4.3.2/test/test_cairoextend.rb
/build/ruby-cairo-gobject/src/ruby-gnome-4.3.2/cairo-gobject/tmp_install/usr/lib/ruby/gems/3.4.0/gems/cairo-gobject-4.3.2/test/test_cairofillrule.rb
/build/ruby-cairo-gobject/src/ruby-gnome-4.3.2/cairo-gobject/tmp_install/usr/lib/ruby/gems/3.4.0/gems/cairo-gobject-4.3.2/test/test_cairofilter.rb
/build/ruby-cairo-gobject/src/ruby-gnome-4.3.2/cairo-gobject/tmp_install/usr/lib/ruby/gems/3.4.0/gems/cairo-gobject-4.3.2/test/test_cairofontslant.rb
/build/ruby-cairo-gobject/src/ruby-gnome-4.3.2/cairo-gobject/tmp_install/usr/lib/ruby/gems/3.4.0/gems/cairo-gobject-4.3.2/test/test_cairofonttype.rb
/build/ruby-cairo-gobject/src/ruby-gnome-4.3.2/cairo-gobject/tmp_install/usr/lib/ruby/gems/3.4.0/gems/cairo-gobject-4.3.2/test/test_cairofontweight.rb
/build/ruby-cairo-gobject/src/ruby-gnome-4.3.2/cairo-gobject/tmp_install/usr/lib/ruby/gems/3.4.0/gems/cairo-gobject-4.3.2/test/test_cairoformat.rb
/build/ruby-cairo-gobject/src/ruby-gnome-4.3.2/cairo-gobject/tmp_install/usr/lib/ruby/gems/3.4.0/gems/cairo-gobject-4.3.2/test/test_cairohintmetrics.rb
/build/ruby-cairo-gobject/src/ruby-gnome-4.3.2/cairo-gobject/tmp_install/usr/lib/ruby/gems/3.4.0/gems/cairo-gobject-4.3.2/test/test_cairohintstyle.rb
/build/ruby-cairo-gobject/src/ruby-gnome-4.3.2/cairo-gobject/tmp_install/usr/lib/ruby/gems/3.4.0/gems/cairo-gobject-4.3.2/test/test_cairoimagesurface.rb
/build/ruby-cairo-gobject/src/ruby-gnome-4.3.2/cairo-gobject/tmp_install/usr/lib/ruby/gems/3.4.0/gems/cairo-gobject-4.3.2/test/test_cairolinecap.rb
/build/ruby-cairo-gobject/src/ruby-gnome-4.3.2/cairo-gobject/tmp_install/usr/lib/ruby/gems/3.4.0/gems/cairo-gobject-4.3.2/test/test_cairolinejoin.rb
/build/ruby-cairo-gobject/src/ruby-gnome-4.3.2/cairo-gobject/tmp_install/usr/lib/ruby/gems/3.4.0/gems/cairo-gobject-4.3.2/test/test_cairooperator.rb
/build/ruby-cairo-gobject/src/ruby-gnome-4.3.2/cairo-gobject/tmp_install/usr/lib/ruby/gems/3.4.0/gems/cairo-gobject-4.3.2/test/test_cairopathdatatype.rb
/build/ruby-cairo-gobject/src/ruby-gnome-4.3.2/cairo-gobject/tmp_install/usr/lib/ruby/gems/3.4.0/gems/cairo-gobject-4.3.2/test/test_cairopatterntype.rb
/build/ruby-cairo-gobject/src/ruby-gnome-4.3.2/cairo-gobject/tmp_install/usr/lib/ruby/gems/3.4.0/gems/cairo-gobject-4.3.2/test/test_cairoregion.rb
/build/ruby-cairo-gobject/src/ruby-gnome-4.3.2/cairo-gobject/tmp_install/usr/lib/ruby/gems/3.4.0/gems/cairo-gobject-4.3.2/test/test_cairoregionoverlap.rb
/build/ruby-cairo-gobject/src/ruby-gnome-4.3.2/cairo-gobject/tmp_install/usr/lib/ruby/gems/3.4.0/gems/cairo-gobject-4.3.2/test/test_cairoscaledfont.rb
/build/ruby-cairo-gobject/src/ruby-gnome-4.3.2/cairo-gobject/tmp_install/usr/lib/ruby/gems/3.4.0/gems/cairo-gobject-4.3.2/test/test_cairostatus.rb
/build/ruby-cairo-gobject/src/ruby-gnome-4.3.2/cairo-gobject/tmp_install/usr/lib/ruby/gems/3.4.0/gems/cairo-gobject-4.3.2/test/test_cairosubpixelorder.rb
/build/ruby-cairo-gobject/src/ruby-gnome-4.3.2/cairo-gobject/tmp_install/usr/lib/ruby/gems/3.4.0/gems/cairo-gobject-4.3.2/test/test_cairosurfacetype.rb
/build/ruby-cairo-gobject/src/ruby-gnome-4.3.2/cairo-gobject/tmp_install/usr/lib/ruby/gems/3.4.0/gems/cairo-gobject-4.3.2/test/test_cairotextclusterflags.rb
Building native extensions. This could take a while...
current directory: /build/ruby-cairo-gobject/src/ruby-gnome-4.3.2/cairo-gobject/tmp_install/usr/lib/ruby/gems/3.4.0/gems/cairo-gobject-4.3.2/ext/cairo-gobject
["/usr/bin/ruby", "extconf.rb"]
checking for --enable-debug-build option... no
checking for -Wall option to compiler... no
checking for -Wcast-align option to compiler... no
checking for -Wextra option to compiler... no
checking for -Wformat=2 option to compiler... no
checking for -Winit-self option to compiler... no
checking for -Wlarger-than-65500 option to compiler... no
checking for -Wmissing-declarations option to compiler... no
checking for -Wmissing-format-attribute option to compiler... no
checking for -Wmissing-include-dirs option to compiler... no
checking for -Wmissing-noreturn option to compiler... no
checking for -Wmissing-prototypes option to compiler... no
checking for -Wnested-externs option to compiler... no
checking for -Wold-style-definition option to compiler... no
checking for -Wpacked option to compiler... no
checking for -Wp,-D_FORTIFY_SOURCE=2 option to compiler... no
checking for -Wpointer-arith option to compiler... no
checking for -Wundef option to compiler... no
checking for -Wout-of-line-declaration option to compiler... no
checking for -Wunsafe-loop-optimizations option to compiler... no
checking for -Wwrite-strings option to compiler... no
checking for Homebrew... no
checking for cairo-gobject... yes (1.18.4)
checking for cairo... yes (1.18.4)
checking for rb_cairo.h... yes
creating ruby-cairo-gobject.pc
creating Makefile
current directory: /build/ruby-cairo-gobject/src/ruby-gnome-4.3.2/cairo-gobject/tmp_install/usr/lib/ruby/gems/3.4.0/gems/cairo-gobject-4.3.2/ext/cairo-gobject
["make", "DESTDIR=", "sitearchdir=./.gem.20250817-2421-hkhmsm", "sitelibdir=./.gem.20250817-2421-hkhmsm", "clean"]
current directory: /build/ruby-cairo-gobject/src/ruby-gnome-4.3.2/cairo-gobject/tmp_install/usr/lib/ruby/gems/3.4.0/gems/cairo-gobject-4.3.2/ext/cairo-gobject
["make", "DESTDIR=", "sitearchdir=./.gem.20250817-2421-hkhmsm", "sitelibdir=./.gem.20250817-2421-hkhmsm"]
compiling rb-cairo-gobject.c
<command-line>: warning: ‘_FORTIFY_SOURCE’ redefined
<command-line>: note: this is the location of the previous definition
In file included from rb-cairo-gobject.h:38,
                 from rb-cairo-gobject.c:21:
/usr/lib/ruby/gems/3.4.0/gems/cairo-1.18.4/ext/cairo/rb_cairo.h:164:9: warning: ‘RVAL2POINTER’ redefined
  164 | #define RVAL2POINTER(obj)       ((void *)(obj))
      |         ^~~~~~~~~~~~
In file included from /usr/lib/ruby/gems/3.4.0/gems/glib2-4.3.2/ext/glib2/rbgobject.h:26,
                 from rb-cairo-gobject.h:25:
/usr/lib/ruby/gems/3.4.0/gems/glib2-4.3.2/ext/glib2/rbglib.h:107:9: note: this is the location of the previous definition
  107 | #define RVAL2POINTER(value) ((gpointer)(value))
      |         ^~~~~~~~~~~~
linking shared-object cairo_gobject.so
current directory: /build/ruby-cairo-gobject/src/ruby-gnome-4.3.2/cairo-gobject/tmp_install/usr/lib/ruby/gems/3.4.0/gems/cairo-gobject-4.3.2/ext/cairo-gobject
["make", "DESTDIR=", "sitearchdir=./.gem.20250817-2421-hkhmsm", "sitelibdir=./.gem.20250817-2421-hkhmsm", "install"]
/usr/bin/install -c -m 0755 cairo_gobject.so ./.gem.20250817-2421-hkhmsm
current directory: /build/ruby-cairo-gobject/src/ruby-gnome-4.3.2/cairo-gobject/tmp_install/usr/lib/ruby/gems/3.4.0/gems/cairo-gobject-4.3.2/ext/cairo-gobject
["make", "DESTDIR=", "sitearchdir=./.gem.20250817-2421-hkhmsm", "sitelibdir=./.gem.20250817-2421-hkhmsm", "clean"]
current directory: /build/ruby-cairo-gobject/src/ruby-gnome-4.3.2/cairo-gobject/tmp_install/usr/lib/ruby/gems/3.4.0/gems/cairo-gobject-4.3.2/ext/cairo-gobject
/usr/bin/ruby extconf.rb
current directory: /build/ruby-cairo-gobject/src/ruby-gnome-4.3.2/cairo-gobject/tmp_install/usr/lib/ruby/gems/3.4.0/gems/cairo-gobject-4.3.2/ext/cairo-gobject
make DESTDIR\= sitearchdir\=./.gem.20250817-2421-hkhmsm sitelibdir\=./.gem.20250817-2421-hkhmsm clean
current directory: /build/ruby-cairo-gobject/src/ruby-gnome-4.3.2/cairo-gobject/tmp_install/usr/lib/ruby/gems/3.4.0/gems/cairo-gobject-4.3.2/ext/cairo-gobject
make DESTDIR\= sitearchdir\=./.gem.20250817-2421-hkhmsm sitelibdir\=./.gem.20250817-2421-hkhmsm
current directory: /build/ruby-cairo-gobject/src/ruby-gnome-4.3.2/cairo-gobject/tmp_install/usr/lib/ruby/gems/3.4.0/gems/cairo-gobject-4.3.2/ext/cairo-gobject
make DESTDIR\= sitearchdir\=./.gem.20250817-2421-hkhmsm sitelibdir\=./.gem.20250817-2421-hkhmsm install
current directory: /build/ruby-cairo-gobject/src/ruby-gnome-4.3.2/cairo-gobject/tmp_install/usr/lib/ruby/gems/3.4.0/gems/cairo-gobject-4.3.2/ext/cairo-gobject
make DESTDIR\= sitearchdir\=./.gem.20250817-2421-hkhmsm sitelibdir\=./.gem.20250817-2421-hkhmsm clean
Successfully installed cairo-gobject-4.3.2
1 gem installed
GET https://rubygems.org/latest_specs.4.8.gz
200 OK
GET https://rubygems.org/quick/Marshal.4.8/rubygems-update-3.7.1.gemspec.rz
200 OK

A new release of RubyGems is available: 3.6.9 → 3.7.1!
Run `gem update --system 3.7.1` to update your installation.

removed 'tmp_install//usr/lib/ruby/gems/3.4.0/cache/cairo-gobject-4.3.2.gem'
removed directory 'tmp_install//usr/lib/ruby/gems/3.4.0/cache/'
