WARNING:  License identifier 'LGPL-3+' is invalid. Use an identifier from
https://spdx.org/licenses or 'Nonstandard' for a nonstandard license,
or set it to nil if you don't want to specify a license.
Did you mean 'LGPLLR'?
WARNING:  make sure you specify the oldest ruby version constraint (like ">= 3.0") that you want your gem to support by setting the `required_ruby_version` gemspec attribute
WARNING:  See https://guides.rubygems.org/specification-reference/ for help
  Successfully built RubyGem
  Name: native-package-installer
  Version: 1.1.9
  File: native-package-installer-1.1.9.gem
/build/ruby-native-package-installer/src/native-package-installer-1.1.9/tmp_install/usr/lib/ruby/gems/3.4.0/gems/native-package-installer-1.1.9/README.md
/build/ruby-native-package-installer/src/native-package-installer-1.1.9/tmp_install/usr/lib/ruby/gems/3.4.0/gems/native-package-installer-1.1.9/Rakefile
/build/ruby-native-package-installer/src/native-package-installer-1.1.9/tmp_install/usr/lib/ruby/gems/3.4.0/gems/native-package-installer-1.1.9/doc/text/gpl-3.txt
/build/ruby-native-package-installer/src/native-package-installer-1.1.9/tmp_install/usr/lib/ruby/gems/3.4.0/gems/native-package-installer-1.1.9/doc/text/lgpl-3.txt
/build/ruby-native-package-installer/src/native-package-installer-1.1.9/tmp_install/usr/lib/ruby/gems/3.4.0/gems/native-package-installer-1.1.9/doc/text/news.md
/build/ruby-native-package-installer/src/native-package-installer-1.1.9/tmp_install/usr/lib/ruby/gems/3.4.0/gems/native-package-installer-1.1.9/lib/native-package-installer.rb
/build/ruby-native-package-installer/src/native-package-installer-1.1.9/tmp_install/usr/lib/ruby/gems/3.4.0/gems/native-package-installer-1.1.9/lib/native-package-installer/executable-finder.rb
/build/ruby-native-package-installer/src/native-package-installer-1.1.9/tmp_install/usr/lib/ruby/gems/3.4.0/gems/native-package-installer-1.1.9/lib/native-package-installer/os-release.rb
/build/ruby-native-package-installer/src/native-package-installer-1.1.9/tmp_install/usr/lib/ruby/gems/3.4.0/gems/native-package-installer-1.1.9/lib/native-package-installer/platform.rb
/build/ruby-native-package-installer/src/native-package-installer-1.1.9/tmp_install/usr/lib/ruby/gems/3.4.0/gems/native-package-installer-1.1.9/lib/native-package-installer/platform/alpine-linux.rb
/build/ruby-native-package-installer/src/native-package-installer-1.1.9/tmp_install/usr/lib/ruby/gems/3.4.0/gems/native-package-installer-1.1.9/lib/native-package-installer/platform/alt-linux.rb
/build/ruby-native-package-installer/src/native-package-installer-1.1.9/tmp_install/usr/lib/ruby/gems/3.4.0/gems/native-package-installer-1.1.9/lib/native-package-installer/platform/amazon-linux-2.rb
/build/ruby-native-package-installer/src/native-package-installer-1.1.9/tmp_install/usr/lib/ruby/gems/3.4.0/gems/native-package-installer-1.1.9/lib/native-package-installer/platform/amazon-linux-2023.rb
/build/ruby-native-package-installer/src/native-package-installer-1.1.9/tmp_install/usr/lib/ruby/gems/3.4.0/gems/native-package-installer-1.1.9/lib/native-package-installer/platform/arch-linux.rb
/build/ruby-native-package-installer/src/native-package-installer-1.1.9/tmp_install/usr/lib/ruby/gems/3.4.0/gems/native-package-installer-1.1.9/lib/native-package-installer/platform/conda.rb
/build/ruby-native-package-installer/src/native-package-installer-1.1.9/tmp_install/usr/lib/ruby/gems/3.4.0/gems/native-package-installer-1.1.9/lib/native-package-installer/platform/debian.rb
/build/ruby-native-package-installer/src/native-package-installer-1.1.9/tmp_install/usr/lib/ruby/gems/3.4.0/gems/native-package-installer-1.1.9/lib/native-package-installer/platform/fedora.rb
/build/ruby-native-package-installer/src/native-package-installer-1.1.9/tmp_install/usr/lib/ruby/gems/3.4.0/gems/native-package-installer-1.1.9/lib/native-package-installer/platform/freebsd.rb
/build/ruby-native-package-installer/src/native-package-installer-1.1.9/tmp_install/usr/lib/ruby/gems/3.4.0/gems/native-package-installer-1.1.9/lib/native-package-installer/platform/gentoo-linux.rb
/build/ruby-native-package-installer/src/native-package-installer-1.1.9/tmp_install/usr/lib/ruby/gems/3.4.0/gems/native-package-installer-1.1.9/lib/native-package-installer/platform/homebrew.rb
/build/ruby-native-package-installer/src/native-package-installer-1.1.9/tmp_install/usr/lib/ruby/gems/3.4.0/gems/native-package-installer-1.1.9/lib/native-package-installer/platform/macports.rb
/build/ruby-native-package-installer/src/native-package-installer-1.1.9/tmp_install/usr/lib/ruby/gems/3.4.0/gems/native-package-installer-1.1.9/lib/native-package-installer/platform/msys2.rb
/build/ruby-native-package-installer/src/native-package-installer-1.1.9/tmp_install/usr/lib/ruby/gems/3.4.0/gems/native-package-installer-1.1.9/lib/native-package-installer/platform/pld-linux.rb
/build/ruby-native-package-installer/src/native-package-installer-1.1.9/tmp_install/usr/lib/ruby/gems/3.4.0/gems/native-package-installer-1.1.9/lib/native-package-installer/platform/red-hat-enterprise-linux.rb
/build/ruby-native-package-installer/src/native-package-installer-1.1.9/tmp_install/usr/lib/ruby/gems/3.4.0/gems/native-package-installer-1.1.9/lib/native-package-installer/platform/suse.rb
/build/ruby-native-package-installer/src/native-package-installer-1.1.9/tmp_install/usr/lib/ruby/gems/3.4.0/gems/native-package-installer-1.1.9/lib/native-package-installer/platform/ubuntu.rb
/build/ruby-native-package-installer/src/native-package-installer-1.1.9/tmp_install/usr/lib/ruby/gems/3.4.0/gems/native-package-installer-1.1.9/lib/native-package-installer/platform/unknown.rb
/build/ruby-native-package-installer/src/native-package-installer-1.1.9/tmp_install/usr/lib/ruby/gems/3.4.0/gems/native-package-installer-1.1.9/lib/native-package-installer/version.rb
Successfully installed native-package-installer-1.1.9
1 gem installed
GET https://rubygems.org/latest_specs.4.8.gz
200 OK
GET https://rubygems.org/quick/Marshal.4.8/rubygems-update-3.7.1.gemspec.rz
200 OK

A new release of RubyGems is available: 3.6.9 → 3.7.1!
Run `gem update --system 3.7.1` to update your installation.

removed 'tmp_install//usr/lib/ruby/gems/3.4.0/cache/native-package-installer-1.1.9.gem'
removed directory 'tmp_install//usr/lib/ruby/gems/3.4.0/cache/'
