'tmp_install/usr' -> '/build/ruby-gdk_pixbuf2/pkg/ruby-gdk_pixbuf2/usr'
'tmp_install/usr/lib' -> '/build/ruby-gdk_pixbuf2/pkg/ruby-gdk_pixbuf2/usr/lib'
'tmp_install/usr/lib/ruby' -> '/build/ruby-gdk_pixbuf2/pkg/ruby-gdk_pixbuf2/usr/lib/ruby'
'tmp_install/usr/lib/ruby/gems' -> '/build/ruby-gdk_pixbuf2/pkg/ruby-gdk_pixbuf2/usr/lib/ruby/gems'
'tmp_install/usr/lib/ruby/gems/3.4.0' -> '/build/ruby-gdk_pixbuf2/pkg/ruby-gdk_pixbuf2/usr/lib/ruby/gems/3.4.0'
'tmp_install/usr/lib/ruby/gems/3.4.0/build_info' -> '/build/ruby-gdk_pixbuf2/pkg/ruby-gdk_pixbuf2/usr/lib/ruby/gems/3.4.0/build_info'
'tmp_install/usr/lib/ruby/gems/3.4.0/doc' -> '/build/ruby-gdk_pixbuf2/pkg/ruby-gdk_pixbuf2/usr/lib/ruby/gems/3.4.0/doc'
'tmp_install/usr/lib/ruby/gems/3.4.0/extensions' -> '/build/ruby-gdk_pixbuf2/pkg/ruby-gdk_pixbuf2/usr/lib/ruby/gems/3.4.0/extensions'
'tmp_install/usr/lib/ruby/gems/3.4.0/extensions/x86_64-linux' -> '/build/ruby-gdk_pixbuf2/pkg/ruby-gdk_pixbuf2/usr/lib/ruby/gems/3.4.0/extensions/x86_64-linux'
'tmp_install/usr/lib/ruby/gems/3.4.0/extensions/x86_64-linux/3.4.0' -> '/build/ruby-gdk_pixbuf2/pkg/ruby-gdk_pixbuf2/usr/lib/ruby/gems/3.4.0/extensions/x86_64-linux/3.4.0'
'tmp_install/usr/lib/ruby/gems/3.4.0/extensions/x86_64-linux/3.4.0/gdk_pixbuf2-4.3.2' -> '/build/ruby-gdk_pixbuf2/pkg/ruby-gdk_pixbuf2/usr/lib/ruby/gems/3.4.0/extensions/x86_64-linux/3.4.0/gdk_pixbuf2-4.3.2'
'tmp_install/usr/lib/ruby/gems/3.4.0/extensions/x86_64-linux/3.4.0/gdk_pixbuf2-4.3.2/gem.build_complete' -> '/build/ruby-gdk_pixbuf2/pkg/ruby-gdk_pixbuf2/usr/lib/ruby/gems/3.4.0/extensions/x86_64-linux/3.4.0/gdk_pixbuf2-4.3.2/gem.build_complete'
'tmp_install/usr/lib/ruby/gems/3.4.0/gems' -> '/build/ruby-gdk_pixbuf2/pkg/ruby-gdk_pixbuf2/usr/lib/ruby/gems/3.4.0/gems'
'tmp_install/usr/lib/ruby/gems/3.4.0/gems/gdk_pixbuf2-4.3.2' -> '/build/ruby-gdk_pixbuf2/pkg/ruby-gdk_pixbuf2/usr/lib/ruby/gems/3.4.0/gems/gdk_pixbuf2-4.3.2'
'tmp_install/usr/lib/ruby/gems/3.4.0/gems/gdk_pixbuf2-4.3.2/COPYING.LIB' -> '/build/ruby-gdk_pixbuf2/pkg/ruby-gdk_pixbuf2/usr/lib/ruby/gems/3.4.0/gems/gdk_pixbuf2-4.3.2/COPYING.LIB'
'tmp_install/usr/lib/ruby/gems/3.4.0/gems/gdk_pixbuf2-4.3.2/README.md' -> '/build/ruby-gdk_pixbuf2/pkg/ruby-gdk_pixbuf2/usr/lib/ruby/gems/3.4.0/gems/gdk_pixbuf2-4.3.2/README.md'
'tmp_install/usr/lib/ruby/gems/3.4.0/gems/gdk_pixbuf2-4.3.2/Rakefile' -> '/build/ruby-gdk_pixbuf2/pkg/ruby-gdk_pixbuf2/usr/lib/ruby/gems/3.4.0/gems/gdk_pixbuf2-4.3.2/Rakefile'
'tmp_install/usr/lib/ruby/gems/3.4.0/gems/gdk_pixbuf2-4.3.2/dependency-check' -> '/build/ruby-gdk_pixbuf2/pkg/ruby-gdk_pixbuf2/usr/lib/ruby/gems/3.4.0/gems/gdk_pixbuf2-4.3.2/dependency-check'
'tmp_install/usr/lib/ruby/gems/3.4.0/gems/gdk_pixbuf2-4.3.2/dependency-check/Rakefile' -> '/build/ruby-gdk_pixbuf2/pkg/ruby-gdk_pixbuf2/usr/lib/ruby/gems/3.4.0/gems/gdk_pixbuf2-4.3.2/dependency-check/Rakefile'
'tmp_install/usr/lib/ruby/gems/3.4.0/gems/gdk_pixbuf2-4.3.2/gdk_pixbuf2.gemspec' -> '/build/ruby-gdk_pixbuf2/pkg/ruby-gdk_pixbuf2/usr/lib/ruby/gems/3.4.0/gems/gdk_pixbuf2-4.3.2/gdk_pixbuf2.gemspec'
'tmp_install/usr/lib/ruby/gems/3.4.0/gems/gdk_pixbuf2-4.3.2/lib' -> '/build/ruby-gdk_pixbuf2/pkg/ruby-gdk_pixbuf2/usr/lib/ruby/gems/3.4.0/gems/gdk_pixbuf2-4.3.2/lib'
'tmp_install/usr/lib/ruby/gems/3.4.0/gems/gdk_pixbuf2-4.3.2/lib/gdk_pixbuf2.rb' -> '/build/ruby-gdk_pixbuf2/pkg/ruby-gdk_pixbuf2/usr/lib/ruby/gems/3.4.0/gems/gdk_pixbuf2-4.3.2/lib/gdk_pixbuf2.rb'
'tmp_install/usr/lib/ruby/gems/3.4.0/gems/gdk_pixbuf2-4.3.2/lib/gdk_pixbuf2' -> '/build/ruby-gdk_pixbuf2/pkg/ruby-gdk_pixbuf2/usr/lib/ruby/gems/3.4.0/gems/gdk_pixbuf2-4.3.2/lib/gdk_pixbuf2'
'tmp_install/usr/lib/ruby/gems/3.4.0/gems/gdk_pixbuf2-4.3.2/lib/gdk_pixbuf2/deprecated.rb' -> '/build/ruby-gdk_pixbuf2/pkg/ruby-gdk_pixbuf2/usr/lib/ruby/gems/3.4.0/gems/gdk_pixbuf2-4.3.2/lib/gdk_pixbuf2/deprecated.rb'
'tmp_install/usr/lib/ruby/gems/3.4.0/gems/gdk_pixbuf2-4.3.2/lib/gdk_pixbuf2/loader.rb' -> '/build/ruby-gdk_pixbuf2/pkg/ruby-gdk_pixbuf2/usr/lib/ruby/gems/3.4.0/gems/gdk_pixbuf2-4.3.2/lib/gdk_pixbuf2/loader.rb'
'tmp_install/usr/lib/ruby/gems/3.4.0/gems/gdk_pixbuf2-4.3.2/lib/gdk_pixbuf2/pixbuf-loader.rb' -> '/build/ruby-gdk_pixbuf2/pkg/ruby-gdk_pixbuf2/usr/lib/ruby/gems/3.4.0/gems/gdk_pixbuf2-4.3.2/lib/gdk_pixbuf2/pixbuf-loader.rb'
'tmp_install/usr/lib/ruby/gems/3.4.0/gems/gdk_pixbuf2-4.3.2/lib/gdk_pixbuf2/pixbuf.rb' -> '/build/ruby-gdk_pixbuf2/pkg/ruby-gdk_pixbuf2/usr/lib/ruby/gems/3.4.0/gems/gdk_pixbuf2-4.3.2/lib/gdk_pixbuf2/pixbuf.rb'
'tmp_install/usr/lib/ruby/gems/3.4.0/gems/gdk_pixbuf2-4.3.2/lib/gdk_pixbuf2/version.rb' -> '/build/ruby-gdk_pixbuf2/pkg/ruby-gdk_pixbuf2/usr/lib/ruby/gems/3.4.0/gems/gdk_pixbuf2-4.3.2/lib/gdk_pixbuf2/version.rb'
'tmp_install/usr/lib/ruby/gems/3.4.0/gems/gdk_pixbuf2-4.3.2/sample' -> '/build/ruby-gdk_pixbuf2/pkg/ruby-gdk_pixbuf2/usr/lib/ruby/gems/3.4.0/gems/gdk_pixbuf2-4.3.2/sample'
'tmp_install/usr/lib/ruby/gems/3.4.0/gems/gdk_pixbuf2-4.3.2/sample/anim.rb' -> '/build/ruby-gdk_pixbuf2/pkg/ruby-gdk_pixbuf2/usr/lib/ruby/gems/3.4.0/gems/gdk_pixbuf2-4.3.2/sample/anim.rb'
'tmp_install/usr/lib/ruby/gems/3.4.0/gems/gdk_pixbuf2-4.3.2/sample/composite.rb' -> '/build/ruby-gdk_pixbuf2/pkg/ruby-gdk_pixbuf2/usr/lib/ruby/gems/3.4.0/gems/gdk_pixbuf2-4.3.2/sample/composite.rb'
'tmp_install/usr/lib/ruby/gems/3.4.0/gems/gdk_pixbuf2-4.3.2/sample/flip.rb' -> '/build/ruby-gdk_pixbuf2/pkg/ruby-gdk_pixbuf2/usr/lib/ruby/gems/3.4.0/gems/gdk_pixbuf2-4.3.2/sample/flip.rb'
'tmp_install/usr/lib/ruby/gems/3.4.0/gems/gdk_pixbuf2-4.3.2/sample/floppybuddy.gif' -> '/build/ruby-gdk_pixbuf2/pkg/ruby-gdk_pixbuf2/usr/lib/ruby/gems/3.4.0/gems/gdk_pixbuf2-4.3.2/sample/floppybuddy.gif'
'tmp_install/usr/lib/ruby/gems/3.4.0/gems/gdk_pixbuf2-4.3.2/sample/format.rb' -> '/build/ruby-gdk_pixbuf2/pkg/ruby-gdk_pixbuf2/usr/lib/ruby/gems/3.4.0/gems/gdk_pixbuf2-4.3.2/sample/format.rb'
'tmp_install/usr/lib/ruby/gems/3.4.0/gems/gdk_pixbuf2-4.3.2/sample/gnome-foot.png' -> '/build/ruby-gdk_pixbuf2/pkg/ruby-gdk_pixbuf2/usr/lib/ruby/gems/3.4.0/gems/gdk_pixbuf2-4.3.2/sample/gnome-foot.png'
'tmp_install/usr/lib/ruby/gems/3.4.0/gems/gdk_pixbuf2-4.3.2/sample/loader.rb' -> '/build/ruby-gdk_pixbuf2/pkg/ruby-gdk_pixbuf2/usr/lib/ruby/gems/3.4.0/gems/gdk_pixbuf2-4.3.2/sample/loader.rb'
'tmp_install/usr/lib/ruby/gems/3.4.0/gems/gdk_pixbuf2-4.3.2/sample/rotate.rb' -> '/build/ruby-gdk_pixbuf2/pkg/ruby-gdk_pixbuf2/usr/lib/ruby/gems/3.4.0/gems/gdk_pixbuf2-4.3.2/sample/rotate.rb'
'tmp_install/usr/lib/ruby/gems/3.4.0/gems/gdk_pixbuf2-4.3.2/sample/save.rb' -> '/build/ruby-gdk_pixbuf2/pkg/ruby-gdk_pixbuf2/usr/lib/ruby/gems/3.4.0/gems/gdk_pixbuf2-4.3.2/sample/save.rb'
'tmp_install/usr/lib/ruby/gems/3.4.0/gems/gdk_pixbuf2-4.3.2/sample/scale.rb' -> '/build/ruby-gdk_pixbuf2/pkg/ruby-gdk_pixbuf2/usr/lib/ruby/gems/3.4.0/gems/gdk_pixbuf2-4.3.2/sample/scale.rb'
'tmp_install/usr/lib/ruby/gems/3.4.0/gems/gdk_pixbuf2-4.3.2/sample/simpleanim.rb' -> '/build/ruby-gdk_pixbuf2/pkg/ruby-gdk_pixbuf2/usr/lib/ruby/gems/3.4.0/gems/gdk_pixbuf2-4.3.2/sample/simpleanim.rb'
'tmp_install/usr/lib/ruby/gems/3.4.0/gems/gdk_pixbuf2-4.3.2/sample/utils.rb' -> '/build/ruby-gdk_pixbuf2/pkg/ruby-gdk_pixbuf2/usr/lib/ruby/gems/3.4.0/gems/gdk_pixbuf2-4.3.2/sample/utils.rb'
'tmp_install/usr/lib/ruby/gems/3.4.0/gems/gdk_pixbuf2-4.3.2/sample/xpm.rb' -> '/build/ruby-gdk_pixbuf2/pkg/ruby-gdk_pixbuf2/usr/lib/ruby/gems/3.4.0/gems/gdk_pixbuf2-4.3.2/sample/xpm.rb'
'tmp_install/usr/lib/ruby/gems/3.4.0/gems/gdk_pixbuf2-4.3.2/test' -> '/build/ruby-gdk_pixbuf2/pkg/ruby-gdk_pixbuf2/usr/lib/ruby/gems/3.4.0/gems/gdk_pixbuf2-4.3.2/test'
'tmp_install/usr/lib/ruby/gems/3.4.0/gems/gdk_pixbuf2-4.3.2/test/fixture' -> '/build/ruby-gdk_pixbuf2/pkg/ruby-gdk_pixbuf2/usr/lib/ruby/gems/3.4.0/gems/gdk_pixbuf2-4.3.2/test/fixture'
'tmp_install/usr/lib/ruby/gems/3.4.0/gems/gdk_pixbuf2-4.3.2/test/fixture/floppybuddy.gif' -> '/build/ruby-gdk_pixbuf2/pkg/ruby-gdk_pixbuf2/usr/lib/ruby/gems/3.4.0/gems/gdk_pixbuf2-4.3.2/test/fixture/floppybuddy.gif'
'tmp_install/usr/lib/ruby/gems/3.4.0/gems/gdk_pixbuf2-4.3.2/test/fixture/gnome-logo-icon.png' -> '/build/ruby-gdk_pixbuf2/pkg/ruby-gdk_pixbuf2/usr/lib/ruby/gems/3.4.0/gems/gdk_pixbuf2-4.3.2/test/fixture/gnome-logo-icon.png'
'tmp_install/usr/lib/ruby/gems/3.4.0/gems/gdk_pixbuf2-4.3.2/test/fixture/image.gresource' -> '/build/ruby-gdk_pixbuf2/pkg/ruby-gdk_pixbuf2/usr/lib/ruby/gems/3.4.0/gems/gdk_pixbuf2-4.3.2/test/fixture/image.gresource'
'tmp_install/usr/lib/ruby/gems/3.4.0/gems/gdk_pixbuf2-4.3.2/test/fixture/image.gresource.xml' -> '/build/ruby-gdk_pixbuf2/pkg/ruby-gdk_pixbuf2/usr/lib/ruby/gems/3.4.0/gems/gdk_pixbuf2-4.3.2/test/fixture/image.gresource.xml'
'tmp_install/usr/lib/ruby/gems/3.4.0/gems/gdk_pixbuf2-4.3.2/test/gdk_pixbuf2-test-utils.rb' -> '/build/ruby-gdk_pixbuf2/pkg/ruby-gdk_pixbuf2/usr/lib/ruby/gems/3.4.0/gems/gdk_pixbuf2-4.3.2/test/gdk_pixbuf2-test-utils.rb'
'tmp_install/usr/lib/ruby/gems/3.4.0/gems/gdk_pixbuf2-4.3.2/test/run-test.rb' -> '/build/ruby-gdk_pixbuf2/pkg/ruby-gdk_pixbuf2/usr/lib/ruby/gems/3.4.0/gems/gdk_pixbuf2-4.3.2/test/run-test.rb'
'tmp_install/usr/lib/ruby/gems/3.4.0/gems/gdk_pixbuf2-4.3.2/test/test-animation.rb' -> '/build/ruby-gdk_pixbuf2/pkg/ruby-gdk_pixbuf2/usr/lib/ruby/gems/3.4.0/gems/gdk_pixbuf2-4.3.2/test/test-animation.rb'
'tmp_install/usr/lib/ruby/gems/3.4.0/gems/gdk_pixbuf2-4.3.2/test/test-loader.rb' -> '/build/ruby-gdk_pixbuf2/pkg/ruby-gdk_pixbuf2/usr/lib/ruby/gems/3.4.0/gems/gdk_pixbuf2-4.3.2/test/test-loader.rb'
'tmp_install/usr/lib/ruby/gems/3.4.0/gems/gdk_pixbuf2-4.3.2/test/test-pixbuf.rb' -> '/build/ruby-gdk_pixbuf2/pkg/ruby-gdk_pixbuf2/usr/lib/ruby/gems/3.4.0/gems/gdk_pixbuf2-4.3.2/test/test-pixbuf.rb'
'tmp_install/usr/lib/ruby/gems/3.4.0/plugins' -> '/build/ruby-gdk_pixbuf2/pkg/ruby-gdk_pixbuf2/usr/lib/ruby/gems/3.4.0/plugins'
'tmp_install/usr/lib/ruby/gems/3.4.0/specifications' -> '/build/ruby-gdk_pixbuf2/pkg/ruby-gdk_pixbuf2/usr/lib/ruby/gems/3.4.0/specifications'
'tmp_install/usr/lib/ruby/gems/3.4.0/specifications/gdk_pixbuf2-4.3.2.gemspec' -> '/build/ruby-gdk_pixbuf2/pkg/ruby-gdk_pixbuf2/usr/lib/ruby/gems/3.4.0/specifications/gdk_pixbuf2-4.3.2.gemspec'
