'tmp_install/usr' -> '/build/ruby-gobject-introspection/pkg/ruby-gobject-introspection/usr'
'tmp_install/usr/lib' -> '/build/ruby-gobject-introspection/pkg/ruby-gobject-introspection/usr/lib'
'tmp_install/usr/lib/ruby' -> '/build/ruby-gobject-introspection/pkg/ruby-gobject-introspection/usr/lib/ruby'
'tmp_install/usr/lib/ruby/gems' -> '/build/ruby-gobject-introspection/pkg/ruby-gobject-introspection/usr/lib/ruby/gems'
'tmp_install/usr/lib/ruby/gems/3.4.0' -> '/build/ruby-gobject-introspection/pkg/ruby-gobject-introspection/usr/lib/ruby/gems/3.4.0'
'tmp_install/usr/lib/ruby/gems/3.4.0/build_info' -> '/build/ruby-gobject-introspection/pkg/ruby-gobject-introspection/usr/lib/ruby/gems/3.4.0/build_info'
'tmp_install/usr/lib/ruby/gems/3.4.0/doc' -> '/build/ruby-gobject-introspection/pkg/ruby-gobject-introspection/usr/lib/ruby/gems/3.4.0/doc'
'tmp_install/usr/lib/ruby/gems/3.4.0/extensions' -> '/build/ruby-gobject-introspection/pkg/ruby-gobject-introspection/usr/lib/ruby/gems/3.4.0/extensions'
'tmp_install/usr/lib/ruby/gems/3.4.0/extensions/x86_64-linux' -> '/build/ruby-gobject-introspection/pkg/ruby-gobject-introspection/usr/lib/ruby/gems/3.4.0/extensions/x86_64-linux'
'tmp_install/usr/lib/ruby/gems/3.4.0/extensions/x86_64-linux/3.4.0' -> '/build/ruby-gobject-introspection/pkg/ruby-gobject-introspection/usr/lib/ruby/gems/3.4.0/extensions/x86_64-linux/3.4.0'
'tmp_install/usr/lib/ruby/gems/3.4.0/extensions/x86_64-linux/3.4.0/gobject-introspection-4.3.2' -> '/build/ruby-gobject-introspection/pkg/ruby-gobject-introspection/usr/lib/ruby/gems/3.4.0/extensions/x86_64-linux/3.4.0/gobject-introspection-4.3.2'
'tmp_install/usr/lib/ruby/gems/3.4.0/extensions/x86_64-linux/3.4.0/gobject-introspection-4.3.2/gem.build_complete' -> '/build/ruby-gobject-introspection/pkg/ruby-gobject-introspection/usr/lib/ruby/gems/3.4.0/extensions/x86_64-linux/3.4.0/gobject-introspection-4.3.2/gem.build_complete'
'tmp_install/usr/lib/ruby/gems/3.4.0/extensions/x86_64-linux/3.4.0/gobject-introspection-4.3.2/rb-gobject-introspection.h' -> '/build/ruby-gobject-introspection/pkg/ruby-gobject-introspection/usr/lib/ruby/gems/3.4.0/extensions/x86_64-linux/3.4.0/gobject-introspection-4.3.2/rb-gobject-introspection.h'
'tmp_install/usr/lib/ruby/gems/3.4.0/extensions/x86_64-linux/3.4.0/gobject-introspection-4.3.2/gobject_introspection.so' -> '/build/ruby-gobject-introspection/pkg/ruby-gobject-introspection/usr/lib/ruby/gems/3.4.0/extensions/x86_64-linux/3.4.0/gobject-introspection-4.3.2/gobject_introspection.so'
'tmp_install/usr/lib/ruby/gems/3.4.0/gems' -> '/build/ruby-gobject-introspection/pkg/ruby-gobject-introspection/usr/lib/ruby/gems/3.4.0/gems'
'tmp_install/usr/lib/ruby/gems/3.4.0/gems/gobject-introspection-4.3.2' -> '/build/ruby-gobject-introspection/pkg/ruby-gobject-introspection/usr/lib/ruby/gems/3.4.0/gems/gobject-introspection-4.3.2'
'tmp_install/usr/lib/ruby/gems/3.4.0/gems/gobject-introspection-4.3.2/COPYING.LIB' -> '/build/ruby-gobject-introspection/pkg/ruby-gobject-introspection/usr/lib/ruby/gems/3.4.0/gems/gobject-introspection-4.3.2/COPYING.LIB'
'tmp_install/usr/lib/ruby/gems/3.4.0/gems/gobject-introspection-4.3.2/README.md' -> '/build/ruby-gobject-introspection/pkg/ruby-gobject-introspection/usr/lib/ruby/gems/3.4.0/gems/gobject-introspection-4.3.2/README.md'
'tmp_install/usr/lib/ruby/gems/3.4.0/gems/gobject-introspection-4.3.2/Rakefile' -> '/build/ruby-gobject-introspection/pkg/ruby-gobject-introspection/usr/lib/ruby/gems/3.4.0/gems/gobject-introspection-4.3.2/Rakefile'
'tmp_install/usr/lib/ruby/gems/3.4.0/gems/gobject-introspection-4.3.2/ext' -> '/build/ruby-gobject-introspection/pkg/ruby-gobject-introspection/usr/lib/ruby/gems/3.4.0/gems/gobject-introspection-4.3.2/ext'
'tmp_install/usr/lib/ruby/gems/3.4.0/gems/gobject-introspection-4.3.2/ext/gobject-introspection' -> '/build/ruby-gobject-introspection/pkg/ruby-gobject-introspection/usr/lib/ruby/gems/3.4.0/gems/gobject-introspection-4.3.2/ext/gobject-introspection'
'tmp_install/usr/lib/ruby/gems/3.4.0/gems/gobject-introspection-4.3.2/ext/gobject-introspection/depend' -> '/build/ruby-gobject-introspection/pkg/ruby-gobject-introspection/usr/lib/ruby/gems/3.4.0/gems/gobject-introspection-4.3.2/ext/gobject-introspection/depend'
'tmp_install/usr/lib/ruby/gems/3.4.0/gems/gobject-introspection-4.3.2/ext/gobject-introspection/extconf.rb' -> '/build/ruby-gobject-introspection/pkg/ruby-gobject-introspection/usr/lib/ruby/gems/3.4.0/gems/gobject-introspection-4.3.2/ext/gobject-introspection/extconf.rb'
'tmp_install/usr/lib/ruby/gems/3.4.0/gems/gobject-introspection-4.3.2/ext/gobject-introspection/gobject_introspection.def' -> '/build/ruby-gobject-introspection/pkg/ruby-gobject-introspection/usr/lib/ruby/gems/3.4.0/gems/gobject-introspection-4.3.2/ext/gobject-introspection/gobject_introspection.def'
'tmp_install/usr/lib/ruby/gems/3.4.0/gems/gobject-introspection-4.3.2/ext/gobject-introspection/rb-gi-conversions.h' -> '/build/ruby-gobject-introspection/pkg/ruby-gobject-introspection/usr/lib/ruby/gems/3.4.0/gems/gobject-introspection-4.3.2/ext/gobject-introspection/rb-gi-conversions.h'
'tmp_install/usr/lib/ruby/gems/3.4.0/gems/gobject-introspection-4.3.2/ext/gobject-introspection/rb-gi-private-arg-info.h' -> '/build/ruby-gobject-introspection/pkg/ruby-gobject-introspection/usr/lib/ruby/gems/3.4.0/gems/gobject-introspection-4.3.2/ext/gobject-introspection/rb-gi-private-arg-info.h'
'tmp_install/usr/lib/ruby/gems/3.4.0/gems/gobject-introspection-4.3.2/ext/gobject-introspection/rb-gi-private-arguments-in.h' -> '/build/ruby-gobject-introspection/pkg/ruby-gobject-introspection/usr/lib/ruby/gems/3.4.0/gems/gobject-introspection-4.3.2/ext/gobject-introspection/rb-gi-private-arguments-in.h'
'tmp_install/usr/lib/ruby/gems/3.4.0/gems/gobject-introspection-4.3.2/ext/gobject-introspection/rb-gi-private-arguments-out.h' -> '/build/ruby-gobject-introspection/pkg/ruby-gobject-introspection/usr/lib/ruby/gems/3.4.0/gems/gobject-introspection-4.3.2/ext/gobject-introspection/rb-gi-private-arguments-out.h'
'tmp_install/usr/lib/ruby/gems/3.4.0/gems/gobject-introspection-4.3.2/ext/gobject-introspection/rb-gi-private-arguments.h' -> '/build/ruby-gobject-introspection/pkg/ruby-gobject-introspection/usr/lib/ruby/gems/3.4.0/gems/gobject-introspection-4.3.2/ext/gobject-introspection/rb-gi-private-arguments.h'
'tmp_install/usr/lib/ruby/gems/3.4.0/gems/gobject-introspection-4.3.2/ext/gobject-introspection/rb-gi-private-array-type.h' -> '/build/ruby-gobject-introspection/pkg/ruby-gobject-introspection/usr/lib/ruby/gems/3.4.0/gems/gobject-introspection-4.3.2/ext/gobject-introspection/rb-gi-private-array-type.h'
'tmp_install/usr/lib/ruby/gems/3.4.0/gems/gobject-introspection-4.3.2/ext/gobject-introspection/rb-gi-private-callback.h' -> '/build/ruby-gobject-introspection/pkg/ruby-gobject-introspection/usr/lib/ruby/gems/3.4.0/gems/gobject-introspection-4.3.2/ext/gobject-introspection/rb-gi-private-callback.h'
'tmp_install/usr/lib/ruby/gems/3.4.0/gems/gobject-introspection-4.3.2/ext/gobject-introspection/rb-gi-private-direction.h' -> '/build/ruby-gobject-introspection/pkg/ruby-gobject-introspection/usr/lib/ruby/gems/3.4.0/gems/gobject-introspection-4.3.2/ext/gobject-introspection/rb-gi-private-direction.h'
'tmp_install/usr/lib/ruby/gems/3.4.0/gems/gobject-introspection-4.3.2/ext/gobject-introspection/rb-gi-private-transfer.h' -> '/build/ruby-gobject-introspection/pkg/ruby-gobject-introspection/usr/lib/ruby/gems/3.4.0/gems/gobject-introspection-4.3.2/ext/gobject-introspection/rb-gi-private-transfer.h'
'tmp_install/usr/lib/ruby/gems/3.4.0/gems/gobject-introspection-4.3.2/ext/gobject-introspection/rb-gi-private.h' -> '/build/ruby-gobject-introspection/pkg/ruby-gobject-introspection/usr/lib/ruby/gems/3.4.0/gems/gobject-introspection-4.3.2/ext/gobject-introspection/rb-gi-private.h'
'tmp_install/usr/lib/ruby/gems/3.4.0/gems/gobject-introspection-4.3.2/ext/gobject-introspection/rb-gi-types.h' -> '/build/ruby-gobject-introspection/pkg/ruby-gobject-introspection/usr/lib/ruby/gems/3.4.0/gems/gobject-introspection-4.3.2/ext/gobject-introspection/rb-gi-types.h'
'tmp_install/usr/lib/ruby/gems/3.4.0/gems/gobject-introspection-4.3.2/ext/gobject-introspection/rb-gobject-introspection.h' -> '/build/ruby-gobject-introspection/pkg/ruby-gobject-introspection/usr/lib/ruby/gems/3.4.0/gems/gobject-introspection-4.3.2/ext/gobject-introspection/rb-gobject-introspection.h'
'tmp_install/usr/lib/ruby/gems/3.4.0/gems/gobject-introspection-4.3.2/ext/gobject-introspection/rbgiversion.h' -> '/build/ruby-gobject-introspection/pkg/ruby-gobject-introspection/usr/lib/ruby/gems/3.4.0/gems/gobject-introspection-4.3.2/ext/gobject-introspection/rbgiversion.h'
'tmp_install/usr/lib/ruby/gems/3.4.0/gems/gobject-introspection-4.3.2/ext/gobject-introspection/gobject-introspection-enum-types.h' -> '/build/ruby-gobject-introspection/pkg/ruby-gobject-introspection/usr/lib/ruby/gems/3.4.0/gems/gobject-introspection-4.3.2/ext/gobject-introspection/gobject-introspection-enum-types.h'
'tmp_install/usr/lib/ruby/gems/3.4.0/gems/gobject-introspection-4.3.2/ext/gobject-introspection/ruby-gobject-introspection.pc' -> '/build/ruby-gobject-introspection/pkg/ruby-gobject-introspection/usr/lib/ruby/gems/3.4.0/gems/gobject-introspection-4.3.2/ext/gobject-introspection/ruby-gobject-introspection.pc'
'tmp_install/usr/lib/ruby/gems/3.4.0/gems/gobject-introspection-4.3.2/extconf.rb' -> '/build/ruby-gobject-introspection/pkg/ruby-gobject-introspection/usr/lib/ruby/gems/3.4.0/gems/gobject-introspection-4.3.2/extconf.rb'
'tmp_install/usr/lib/ruby/gems/3.4.0/gems/gobject-introspection-4.3.2/gobject-introspection.gemspec' -> '/build/ruby-gobject-introspection/pkg/ruby-gobject-introspection/usr/lib/ruby/gems/3.4.0/gems/gobject-introspection-4.3.2/gobject-introspection.gemspec'
'tmp_install/usr/lib/ruby/gems/3.4.0/gems/gobject-introspection-4.3.2/lib' -> '/build/ruby-gobject-introspection/pkg/ruby-gobject-introspection/usr/lib/ruby/gems/3.4.0/gems/gobject-introspection-4.3.2/lib'
'tmp_install/usr/lib/ruby/gems/3.4.0/gems/gobject-introspection-4.3.2/lib/gi.rb' -> '/build/ruby-gobject-introspection/pkg/ruby-gobject-introspection/usr/lib/ruby/gems/3.4.0/gems/gobject-introspection-4.3.2/lib/gi.rb'
'tmp_install/usr/lib/ruby/gems/3.4.0/gems/gobject-introspection-4.3.2/lib/gobject-introspection.rb' -> '/build/ruby-gobject-introspection/pkg/ruby-gobject-introspection/usr/lib/ruby/gems/3.4.0/gems/gobject-introspection-4.3.2/lib/gobject-introspection.rb'
'tmp_install/usr/lib/ruby/gems/3.4.0/gems/gobject-introspection-4.3.2/lib/gobject-introspection' -> '/build/ruby-gobject-introspection/pkg/ruby-gobject-introspection/usr/lib/ruby/gems/3.4.0/gems/gobject-introspection-4.3.2/lib/gobject-introspection'
'tmp_install/usr/lib/ruby/gems/3.4.0/gems/gobject-introspection-4.3.2/lib/gobject-introspection/arg-info.rb' -> '/build/ruby-gobject-introspection/pkg/ruby-gobject-introspection/usr/lib/ruby/gems/3.4.0/gems/gobject-introspection-4.3.2/lib/gobject-introspection/arg-info.rb'
'tmp_install/usr/lib/ruby/gems/3.4.0/gems/gobject-introspection-4.3.2/lib/gobject-introspection/boxed-info.rb' -> '/build/ruby-gobject-introspection/pkg/ruby-gobject-introspection/usr/lib/ruby/gems/3.4.0/gems/gobject-introspection-4.3.2/lib/gobject-introspection/boxed-info.rb'
'tmp_install/usr/lib/ruby/gems/3.4.0/gems/gobject-introspection-4.3.2/lib/gobject-introspection/callable-info.rb' -> '/build/ruby-gobject-introspection/pkg/ruby-gobject-introspection/usr/lib/ruby/gems/3.4.0/gems/gobject-introspection-4.3.2/lib/gobject-introspection/callable-info.rb'
'tmp_install/usr/lib/ruby/gems/3.4.0/gems/gobject-introspection-4.3.2/lib/gobject-introspection/collection-reader.rb' -> '/build/ruby-gobject-introspection/pkg/ruby-gobject-introspection/usr/lib/ruby/gems/3.4.0/gems/gobject-introspection-4.3.2/lib/gobject-introspection/collection-reader.rb'
'tmp_install/usr/lib/ruby/gems/3.4.0/gems/gobject-introspection-4.3.2/lib/gobject-introspection/function-info.rb' -> '/build/ruby-gobject-introspection/pkg/ruby-gobject-introspection/usr/lib/ruby/gems/3.4.0/gems/gobject-introspection-4.3.2/lib/gobject-introspection/function-info.rb'
'tmp_install/usr/lib/ruby/gems/3.4.0/gems/gobject-introspection-4.3.2/lib/gobject-introspection/interface-info.rb' -> '/build/ruby-gobject-introspection/pkg/ruby-gobject-introspection/usr/lib/ruby/gems/3.4.0/gems/gobject-introspection-4.3.2/lib/gobject-introspection/interface-info.rb'
'tmp_install/usr/lib/ruby/gems/3.4.0/gems/gobject-introspection-4.3.2/lib/gobject-introspection/loader.rb' -> '/build/ruby-gobject-introspection/pkg/ruby-gobject-introspection/usr/lib/ruby/gems/3.4.0/gems/gobject-introspection-4.3.2/lib/gobject-introspection/loader.rb'
'tmp_install/usr/lib/ruby/gems/3.4.0/gems/gobject-introspection-4.3.2/lib/gobject-introspection/object-info.rb' -> '/build/ruby-gobject-introspection/pkg/ruby-gobject-introspection/usr/lib/ruby/gems/3.4.0/gems/gobject-introspection-4.3.2/lib/gobject-introspection/object-info.rb'
'tmp_install/usr/lib/ruby/gems/3.4.0/gems/gobject-introspection-4.3.2/lib/gobject-introspection/registered-type-info.rb' -> '/build/ruby-gobject-introspection/pkg/ruby-gobject-introspection/usr/lib/ruby/gems/3.4.0/gems/gobject-introspection-4.3.2/lib/gobject-introspection/registered-type-info.rb'
'tmp_install/usr/lib/ruby/gems/3.4.0/gems/gobject-introspection-4.3.2/lib/gobject-introspection/repository.rb' -> '/build/ruby-gobject-introspection/pkg/ruby-gobject-introspection/usr/lib/ruby/gems/3.4.0/gems/gobject-introspection-4.3.2/lib/gobject-introspection/repository.rb'
'tmp_install/usr/lib/ruby/gems/3.4.0/gems/gobject-introspection-4.3.2/lib/gobject-introspection/struct-info.rb' -> '/build/ruby-gobject-introspection/pkg/ruby-gobject-introspection/usr/lib/ruby/gems/3.4.0/gems/gobject-introspection-4.3.2/lib/gobject-introspection/struct-info.rb'
'tmp_install/usr/lib/ruby/gems/3.4.0/gems/gobject-introspection-4.3.2/lib/gobject-introspection/type-info.rb' -> '/build/ruby-gobject-introspection/pkg/ruby-gobject-introspection/usr/lib/ruby/gems/3.4.0/gems/gobject-introspection-4.3.2/lib/gobject-introspection/type-info.rb'
'tmp_install/usr/lib/ruby/gems/3.4.0/gems/gobject-introspection-4.3.2/lib/gobject-introspection/type-tag.rb' -> '/build/ruby-gobject-introspection/pkg/ruby-gobject-introspection/usr/lib/ruby/gems/3.4.0/gems/gobject-introspection-4.3.2/lib/gobject-introspection/type-tag.rb'
'tmp_install/usr/lib/ruby/gems/3.4.0/gems/gobject-introspection-4.3.2/lib/gobject-introspection/union-info.rb' -> '/build/ruby-gobject-introspection/pkg/ruby-gobject-introspection/usr/lib/ruby/gems/3.4.0/gems/gobject-introspection-4.3.2/lib/gobject-introspection/union-info.rb'
'tmp_install/usr/lib/ruby/gems/3.4.0/gems/gobject-introspection-4.3.2/lib/gobject-introspection/version.rb' -> '/build/ruby-gobject-introspection/pkg/ruby-gobject-introspection/usr/lib/ruby/gems/3.4.0/gems/gobject-introspection-4.3.2/lib/gobject-introspection/version.rb'
'tmp_install/usr/lib/ruby/gems/3.4.0/gems/gobject-introspection-4.3.2/test' -> '/build/ruby-gobject-introspection/pkg/ruby-gobject-introspection/usr/lib/ruby/gems/3.4.0/gems/gobject-introspection-4.3.2/test'
'tmp_install/usr/lib/ruby/gems/3.4.0/gems/gobject-introspection-4.3.2/test/gobject-introspection-test-utils.rb' -> '/build/ruby-gobject-introspection/pkg/ruby-gobject-introspection/usr/lib/ruby/gems/3.4.0/gems/gobject-introspection-4.3.2/test/gobject-introspection-test-utils.rb'
'tmp_install/usr/lib/ruby/gems/3.4.0/gems/gobject-introspection-4.3.2/test/run-test.rb' -> '/build/ruby-gobject-introspection/pkg/ruby-gobject-introspection/usr/lib/ruby/gems/3.4.0/gems/gobject-introspection-4.3.2/test/run-test.rb'
'tmp_install/usr/lib/ruby/gems/3.4.0/gems/gobject-introspection-4.3.2/test/test-arg-info.rb' -> '/build/ruby-gobject-introspection/pkg/ruby-gobject-introspection/usr/lib/ruby/gems/3.4.0/gems/gobject-introspection-4.3.2/test/test-arg-info.rb'
'tmp_install/usr/lib/ruby/gems/3.4.0/gems/gobject-introspection-4.3.2/test/test-base-info.rb' -> '/build/ruby-gobject-introspection/pkg/ruby-gobject-introspection/usr/lib/ruby/gems/3.4.0/gems/gobject-introspection-4.3.2/test/test-base-info.rb'
'tmp_install/usr/lib/ruby/gems/3.4.0/gems/gobject-introspection-4.3.2/test/test-boxed-info.rb' -> '/build/ruby-gobject-introspection/pkg/ruby-gobject-introspection/usr/lib/ruby/gems/3.4.0/gems/gobject-introspection-4.3.2/test/test-boxed-info.rb'
'tmp_install/usr/lib/ruby/gems/3.4.0/gems/gobject-introspection-4.3.2/test/test-callable-info.rb' -> '/build/ruby-gobject-introspection/pkg/ruby-gobject-introspection/usr/lib/ruby/gems/3.4.0/gems/gobject-introspection-4.3.2/test/test-callable-info.rb'
'tmp_install/usr/lib/ruby/gems/3.4.0/gems/gobject-introspection-4.3.2/test/test-callback-info.rb' -> '/build/ruby-gobject-introspection/pkg/ruby-gobject-introspection/usr/lib/ruby/gems/3.4.0/gems/gobject-introspection-4.3.2/test/test-callback-info.rb'
'tmp_install/usr/lib/ruby/gems/3.4.0/gems/gobject-introspection-4.3.2/test/test-constant-info.rb' -> '/build/ruby-gobject-introspection/pkg/ruby-gobject-introspection/usr/lib/ruby/gems/3.4.0/gems/gobject-introspection-4.3.2/test/test-constant-info.rb'
'tmp_install/usr/lib/ruby/gems/3.4.0/gems/gobject-introspection-4.3.2/test/test-enum-info.rb' -> '/build/ruby-gobject-introspection/pkg/ruby-gobject-introspection/usr/lib/ruby/gems/3.4.0/gems/gobject-introspection-4.3.2/test/test-enum-info.rb'
'tmp_install/usr/lib/ruby/gems/3.4.0/gems/gobject-introspection-4.3.2/test/test-field-type.rb' -> '/build/ruby-gobject-introspection/pkg/ruby-gobject-introspection/usr/lib/ruby/gems/3.4.0/gems/gobject-introspection-4.3.2/test/test-field-type.rb'
'tmp_install/usr/lib/ruby/gems/3.4.0/gems/gobject-introspection-4.3.2/test/test-flags-info.rb' -> '/build/ruby-gobject-introspection/pkg/ruby-gobject-introspection/usr/lib/ruby/gems/3.4.0/gems/gobject-introspection-4.3.2/test/test-flags-info.rb'
'tmp_install/usr/lib/ruby/gems/3.4.0/gems/gobject-introspection-4.3.2/test/test-function-info.rb' -> '/build/ruby-gobject-introspection/pkg/ruby-gobject-introspection/usr/lib/ruby/gems/3.4.0/gems/gobject-introspection-4.3.2/test/test-function-info.rb'
'tmp_install/usr/lib/ruby/gems/3.4.0/gems/gobject-introspection-4.3.2/test/test-interface-info.rb' -> '/build/ruby-gobject-introspection/pkg/ruby-gobject-introspection/usr/lib/ruby/gems/3.4.0/gems/gobject-introspection-4.3.2/test/test-interface-info.rb'
'tmp_install/usr/lib/ruby/gems/3.4.0/gems/gobject-introspection-4.3.2/test/test-loader.rb' -> '/build/ruby-gobject-introspection/pkg/ruby-gobject-introspection/usr/lib/ruby/gems/3.4.0/gems/gobject-introspection-4.3.2/test/test-loader.rb'
'tmp_install/usr/lib/ruby/gems/3.4.0/gems/gobject-introspection-4.3.2/test/test-object-info.rb' -> '/build/ruby-gobject-introspection/pkg/ruby-gobject-introspection/usr/lib/ruby/gems/3.4.0/gems/gobject-introspection-4.3.2/test/test-object-info.rb'
'tmp_install/usr/lib/ruby/gems/3.4.0/gems/gobject-introspection-4.3.2/test/test-property-info.rb' -> '/build/ruby-gobject-introspection/pkg/ruby-gobject-introspection/usr/lib/ruby/gems/3.4.0/gems/gobject-introspection-4.3.2/test/test-property-info.rb'
'tmp_install/usr/lib/ruby/gems/3.4.0/gems/gobject-introspection-4.3.2/test/test-registered-type-info.rb' -> '/build/ruby-gobject-introspection/pkg/ruby-gobject-introspection/usr/lib/ruby/gems/3.4.0/gems/gobject-introspection-4.3.2/test/test-registered-type-info.rb'
'tmp_install/usr/lib/ruby/gems/3.4.0/gems/gobject-introspection-4.3.2/test/test-repository.rb' -> '/build/ruby-gobject-introspection/pkg/ruby-gobject-introspection/usr/lib/ruby/gems/3.4.0/gems/gobject-introspection-4.3.2/test/test-repository.rb'
'tmp_install/usr/lib/ruby/gems/3.4.0/gems/gobject-introspection-4.3.2/test/test-signal-info.rb' -> '/build/ruby-gobject-introspection/pkg/ruby-gobject-introspection/usr/lib/ruby/gems/3.4.0/gems/gobject-introspection-4.3.2/test/test-signal-info.rb'
'tmp_install/usr/lib/ruby/gems/3.4.0/gems/gobject-introspection-4.3.2/test/test-struct-info.rb' -> '/build/ruby-gobject-introspection/pkg/ruby-gobject-introspection/usr/lib/ruby/gems/3.4.0/gems/gobject-introspection-4.3.2/test/test-struct-info.rb'
'tmp_install/usr/lib/ruby/gems/3.4.0/gems/gobject-introspection-4.3.2/test/test-type-info.rb' -> '/build/ruby-gobject-introspection/pkg/ruby-gobject-introspection/usr/lib/ruby/gems/3.4.0/gems/gobject-introspection-4.3.2/test/test-type-info.rb'
'tmp_install/usr/lib/ruby/gems/3.4.0/gems/gobject-introspection-4.3.2/test/test-type-tag.rb' -> '/build/ruby-gobject-introspection/pkg/ruby-gobject-introspection/usr/lib/ruby/gems/3.4.0/gems/gobject-introspection-4.3.2/test/test-type-tag.rb'
'tmp_install/usr/lib/ruby/gems/3.4.0/gems/gobject-introspection-4.3.2/test/test-union-info.rb' -> '/build/ruby-gobject-introspection/pkg/ruby-gobject-introspection/usr/lib/ruby/gems/3.4.0/gems/gobject-introspection-4.3.2/test/test-union-info.rb'
'tmp_install/usr/lib/ruby/gems/3.4.0/gems/gobject-introspection-4.3.2/test/test-value-info.rb' -> '/build/ruby-gobject-introspection/pkg/ruby-gobject-introspection/usr/lib/ruby/gems/3.4.0/gems/gobject-introspection-4.3.2/test/test-value-info.rb'
'tmp_install/usr/lib/ruby/gems/3.4.0/gems/gobject-introspection-4.3.2/test/test-version.rb' -> '/build/ruby-gobject-introspection/pkg/ruby-gobject-introspection/usr/lib/ruby/gems/3.4.0/gems/gobject-introspection-4.3.2/test/test-version.rb'
'tmp_install/usr/lib/ruby/gems/3.4.0/gems/gobject-introspection-4.3.2/test/test-vfunc-info.rb' -> '/build/ruby-gobject-introspection/pkg/ruby-gobject-introspection/usr/lib/ruby/gems/3.4.0/gems/gobject-introspection-4.3.2/test/test-vfunc-info.rb'
'tmp_install/usr/lib/ruby/gems/3.4.0/plugins' -> '/build/ruby-gobject-introspection/pkg/ruby-gobject-introspection/usr/lib/ruby/gems/3.4.0/plugins'
'tmp_install/usr/lib/ruby/gems/3.4.0/specifications' -> '/build/ruby-gobject-introspection/pkg/ruby-gobject-introspection/usr/lib/ruby/gems/3.4.0/specifications'
'tmp_install/usr/lib/ruby/gems/3.4.0/specifications/gobject-introspection-4.3.2.gemspec' -> '/build/ruby-gobject-introspection/pkg/ruby-gobject-introspection/usr/lib/ruby/gems/3.4.0/specifications/gobject-introspection-4.3.2.gemspec'
