'tmp_install/usr' -> '/build/ruby-pango/pkg/ruby-pango/usr'
'tmp_install/usr/lib' -> '/build/ruby-pango/pkg/ruby-pango/usr/lib'
'tmp_install/usr/lib/ruby' -> '/build/ruby-pango/pkg/ruby-pango/usr/lib/ruby'
'tmp_install/usr/lib/ruby/gems' -> '/build/ruby-pango/pkg/ruby-pango/usr/lib/ruby/gems'
'tmp_install/usr/lib/ruby/gems/3.4.0' -> '/build/ruby-pango/pkg/ruby-pango/usr/lib/ruby/gems/3.4.0'
'tmp_install/usr/lib/ruby/gems/3.4.0/build_info' -> '/build/ruby-pango/pkg/ruby-pango/usr/lib/ruby/gems/3.4.0/build_info'
'tmp_install/usr/lib/ruby/gems/3.4.0/doc' -> '/build/ruby-pango/pkg/ruby-pango/usr/lib/ruby/gems/3.4.0/doc'
'tmp_install/usr/lib/ruby/gems/3.4.0/extensions' -> '/build/ruby-pango/pkg/ruby-pango/usr/lib/ruby/gems/3.4.0/extensions'
'tmp_install/usr/lib/ruby/gems/3.4.0/extensions/x86_64-linux' -> '/build/ruby-pango/pkg/ruby-pango/usr/lib/ruby/gems/3.4.0/extensions/x86_64-linux'
'tmp_install/usr/lib/ruby/gems/3.4.0/extensions/x86_64-linux/3.4.0' -> '/build/ruby-pango/pkg/ruby-pango/usr/lib/ruby/gems/3.4.0/extensions/x86_64-linux/3.4.0'
'tmp_install/usr/lib/ruby/gems/3.4.0/extensions/x86_64-linux/3.4.0/pango-4.3.2' -> '/build/ruby-pango/pkg/ruby-pango/usr/lib/ruby/gems/3.4.0/extensions/x86_64-linux/3.4.0/pango-4.3.2'
'tmp_install/usr/lib/ruby/gems/3.4.0/extensions/x86_64-linux/3.4.0/pango-4.3.2/gem.build_complete' -> '/build/ruby-pango/pkg/ruby-pango/usr/lib/ruby/gems/3.4.0/extensions/x86_64-linux/3.4.0/pango-4.3.2/gem.build_complete'
'tmp_install/usr/lib/ruby/gems/3.4.0/extensions/x86_64-linux/3.4.0/pango-4.3.2/rb-pango.h' -> '/build/ruby-pango/pkg/ruby-pango/usr/lib/ruby/gems/3.4.0/extensions/x86_64-linux/3.4.0/pango-4.3.2/rb-pango.h'
'tmp_install/usr/lib/ruby/gems/3.4.0/extensions/x86_64-linux/3.4.0/pango-4.3.2/rb-pango-conversions.h' -> '/build/ruby-pango/pkg/ruby-pango/usr/lib/ruby/gems/3.4.0/extensions/x86_64-linux/3.4.0/pango-4.3.2/rb-pango-conversions.h'
'tmp_install/usr/lib/ruby/gems/3.4.0/extensions/x86_64-linux/3.4.0/pango-4.3.2/pango.so' -> '/build/ruby-pango/pkg/ruby-pango/usr/lib/ruby/gems/3.4.0/extensions/x86_64-linux/3.4.0/pango-4.3.2/pango.so'
'tmp_install/usr/lib/ruby/gems/3.4.0/gems' -> '/build/ruby-pango/pkg/ruby-pango/usr/lib/ruby/gems/3.4.0/gems'
'tmp_install/usr/lib/ruby/gems/3.4.0/gems/pango-4.3.2' -> '/build/ruby-pango/pkg/ruby-pango/usr/lib/ruby/gems/3.4.0/gems/pango-4.3.2'
'tmp_install/usr/lib/ruby/gems/3.4.0/gems/pango-4.3.2/COPYING.LIB' -> '/build/ruby-pango/pkg/ruby-pango/usr/lib/ruby/gems/3.4.0/gems/pango-4.3.2/COPYING.LIB'
'tmp_install/usr/lib/ruby/gems/3.4.0/gems/pango-4.3.2/README.md' -> '/build/ruby-pango/pkg/ruby-pango/usr/lib/ruby/gems/3.4.0/gems/pango-4.3.2/README.md'
'tmp_install/usr/lib/ruby/gems/3.4.0/gems/pango-4.3.2/Rakefile' -> '/build/ruby-pango/pkg/ruby-pango/usr/lib/ruby/gems/3.4.0/gems/pango-4.3.2/Rakefile'
'tmp_install/usr/lib/ruby/gems/3.4.0/gems/pango-4.3.2/ext' -> '/build/ruby-pango/pkg/ruby-pango/usr/lib/ruby/gems/3.4.0/gems/pango-4.3.2/ext'
'tmp_install/usr/lib/ruby/gems/3.4.0/gems/pango-4.3.2/ext/pango' -> '/build/ruby-pango/pkg/ruby-pango/usr/lib/ruby/gems/3.4.0/gems/pango-4.3.2/ext/pango'
'tmp_install/usr/lib/ruby/gems/3.4.0/gems/pango-4.3.2/ext/pango/depend' -> '/build/ruby-pango/pkg/ruby-pango/usr/lib/ruby/gems/3.4.0/gems/pango-4.3.2/ext/pango/depend'
'tmp_install/usr/lib/ruby/gems/3.4.0/gems/pango-4.3.2/ext/pango/extconf.rb' -> '/build/ruby-pango/pkg/ruby-pango/usr/lib/ruby/gems/3.4.0/gems/pango-4.3.2/ext/pango/extconf.rb'
'tmp_install/usr/lib/ruby/gems/3.4.0/gems/pango-4.3.2/ext/pango/pango.def' -> '/build/ruby-pango/pkg/ruby-pango/usr/lib/ruby/gems/3.4.0/gems/pango-4.3.2/ext/pango/pango.def'
'tmp_install/usr/lib/ruby/gems/3.4.0/gems/pango-4.3.2/ext/pango/rb-pango-conversions.h' -> '/build/ruby-pango/pkg/ruby-pango/usr/lib/ruby/gems/3.4.0/gems/pango-4.3.2/ext/pango/rb-pango-conversions.h'
'tmp_install/usr/lib/ruby/gems/3.4.0/gems/pango-4.3.2/ext/pango/rb-pango-private.h' -> '/build/ruby-pango/pkg/ruby-pango/usr/lib/ruby/gems/3.4.0/gems/pango-4.3.2/ext/pango/rb-pango-private.h'
'tmp_install/usr/lib/ruby/gems/3.4.0/gems/pango-4.3.2/ext/pango/rb-pango.h' -> '/build/ruby-pango/pkg/ruby-pango/usr/lib/ruby/gems/3.4.0/gems/pango-4.3.2/ext/pango/rb-pango.h'
'tmp_install/usr/lib/ruby/gems/3.4.0/gems/pango-4.3.2/ext/pango/ruby-pango.pc' -> '/build/ruby-pango/pkg/ruby-pango/usr/lib/ruby/gems/3.4.0/gems/pango-4.3.2/ext/pango/ruby-pango.pc'
'tmp_install/usr/lib/ruby/gems/3.4.0/gems/pango-4.3.2/extconf.rb' -> '/build/ruby-pango/pkg/ruby-pango/usr/lib/ruby/gems/3.4.0/gems/pango-4.3.2/extconf.rb'
'tmp_install/usr/lib/ruby/gems/3.4.0/gems/pango-4.3.2/lib' -> '/build/ruby-pango/pkg/ruby-pango/usr/lib/ruby/gems/3.4.0/gems/pango-4.3.2/lib'
'tmp_install/usr/lib/ruby/gems/3.4.0/gems/pango-4.3.2/lib/pango.rb' -> '/build/ruby-pango/pkg/ruby-pango/usr/lib/ruby/gems/3.4.0/gems/pango-4.3.2/lib/pango.rb'
'tmp_install/usr/lib/ruby/gems/3.4.0/gems/pango-4.3.2/lib/pango' -> '/build/ruby-pango/pkg/ruby-pango/usr/lib/ruby/gems/3.4.0/gems/pango-4.3.2/lib/pango'
'tmp_install/usr/lib/ruby/gems/3.4.0/gems/pango-4.3.2/lib/pango/attr-list.rb' -> '/build/ruby-pango/pkg/ruby-pango/usr/lib/ruby/gems/3.4.0/gems/pango-4.3.2/lib/pango/attr-list.rb'
'tmp_install/usr/lib/ruby/gems/3.4.0/gems/pango-4.3.2/lib/pango/attr-type.rb' -> '/build/ruby-pango/pkg/ruby-pango/usr/lib/ruby/gems/3.4.0/gems/pango-4.3.2/lib/pango/attr-type.rb'
'tmp_install/usr/lib/ruby/gems/3.4.0/gems/pango-4.3.2/lib/pango/cairo-loader.rb' -> '/build/ruby-pango/pkg/ruby-pango/usr/lib/ruby/gems/3.4.0/gems/pango-4.3.2/lib/pango/cairo-loader.rb'
'tmp_install/usr/lib/ruby/gems/3.4.0/gems/pango-4.3.2/lib/pango/color.rb' -> '/build/ruby-pango/pkg/ruby-pango/usr/lib/ruby/gems/3.4.0/gems/pango-4.3.2/lib/pango/color.rb'
'tmp_install/usr/lib/ruby/gems/3.4.0/gems/pango-4.3.2/lib/pango/deprecated.rb' -> '/build/ruby-pango/pkg/ruby-pango/usr/lib/ruby/gems/3.4.0/gems/pango-4.3.2/lib/pango/deprecated.rb'
'tmp_install/usr/lib/ruby/gems/3.4.0/gems/pango-4.3.2/lib/pango/fc-loader.rb' -> '/build/ruby-pango/pkg/ruby-pango/usr/lib/ruby/gems/3.4.0/gems/pango-4.3.2/lib/pango/fc-loader.rb'
'tmp_install/usr/lib/ruby/gems/3.4.0/gems/pango-4.3.2/lib/pango/font-description.rb' -> '/build/ruby-pango/pkg/ruby-pango/usr/lib/ruby/gems/3.4.0/gems/pango-4.3.2/lib/pango/font-description.rb'
'tmp_install/usr/lib/ruby/gems/3.4.0/gems/pango-4.3.2/lib/pango/ft2-loader.rb' -> '/build/ruby-pango/pkg/ruby-pango/usr/lib/ruby/gems/3.4.0/gems/pango-4.3.2/lib/pango/ft2-loader.rb'
'tmp_install/usr/lib/ruby/gems/3.4.0/gems/pango-4.3.2/lib/pango/language.rb' -> '/build/ruby-pango/pkg/ruby-pango/usr/lib/ruby/gems/3.4.0/gems/pango-4.3.2/lib/pango/language.rb'
'tmp_install/usr/lib/ruby/gems/3.4.0/gems/pango-4.3.2/lib/pango/layout.rb' -> '/build/ruby-pango/pkg/ruby-pango/usr/lib/ruby/gems/3.4.0/gems/pango-4.3.2/lib/pango/layout.rb'
'tmp_install/usr/lib/ruby/gems/3.4.0/gems/pango-4.3.2/lib/pango/loader.rb' -> '/build/ruby-pango/pkg/ruby-pango/usr/lib/ruby/gems/3.4.0/gems/pango-4.3.2/lib/pango/loader.rb'
'tmp_install/usr/lib/ruby/gems/3.4.0/gems/pango-4.3.2/lib/pango/markup.rb' -> '/build/ruby-pango/pkg/ruby-pango/usr/lib/ruby/gems/3.4.0/gems/pango-4.3.2/lib/pango/markup.rb'
'tmp_install/usr/lib/ruby/gems/3.4.0/gems/pango-4.3.2/lib/pango/matrix.rb' -> '/build/ruby-pango/pkg/ruby-pango/usr/lib/ruby/gems/3.4.0/gems/pango-4.3.2/lib/pango/matrix.rb'
'tmp_install/usr/lib/ruby/gems/3.4.0/gems/pango-4.3.2/lib/pango/ot-loader.rb' -> '/build/ruby-pango/pkg/ruby-pango/usr/lib/ruby/gems/3.4.0/gems/pango-4.3.2/lib/pango/ot-loader.rb'
'tmp_install/usr/lib/ruby/gems/3.4.0/gems/pango-4.3.2/lib/pango/rectangle.rb' -> '/build/ruby-pango/pkg/ruby-pango/usr/lib/ruby/gems/3.4.0/gems/pango-4.3.2/lib/pango/rectangle.rb'
'tmp_install/usr/lib/ruby/gems/3.4.0/gems/pango-4.3.2/lib/pango/version.rb' -> '/build/ruby-pango/pkg/ruby-pango/usr/lib/ruby/gems/3.4.0/gems/pango-4.3.2/lib/pango/version.rb'
'tmp_install/usr/lib/ruby/gems/3.4.0/gems/pango-4.3.2/pango.gemspec' -> '/build/ruby-pango/pkg/ruby-pango/usr/lib/ruby/gems/3.4.0/gems/pango-4.3.2/pango.gemspec'
'tmp_install/usr/lib/ruby/gems/3.4.0/plugins' -> '/build/ruby-pango/pkg/ruby-pango/usr/lib/ruby/gems/3.4.0/plugins'
'tmp_install/usr/lib/ruby/gems/3.4.0/specifications' -> '/build/ruby-pango/pkg/ruby-pango/usr/lib/ruby/gems/3.4.0/specifications'
'tmp_install/usr/lib/ruby/gems/3.4.0/specifications/pango-4.3.2.gemspec' -> '/build/ruby-pango/pkg/ruby-pango/usr/lib/ruby/gems/3.4.0/specifications/pango-4.3.2.gemspec'
