WARNING:  description and summary are identical
WARNING:  open-ended dependency on rake (>= 0) is not recommended
  use a bounded requirement, such as "~> x.y"
WARNING:  make sure you specify the oldest ruby version constraint (like ">= 3.0") that you want your gem to support by setting the `required_ruby_version` gemspec attribute
WARNING:  See https://guides.rubygems.org/specification-reference/ for help
  Successfully built RubyGem
  Name: atk
  Version: 4.3.2
  File: atk-4.3.2.gem
/build/ruby-atk/src/ruby-gnome-4.3.2/atk/tmp_install/usr/lib/ruby/gems/3.4.0/gems/atk-4.3.2/COPYING.LIB
/build/ruby-atk/src/ruby-gnome-4.3.2/atk/tmp_install/usr/lib/ruby/gems/3.4.0/gems/atk-4.3.2/README.md
/build/ruby-atk/src/ruby-gnome-4.3.2/atk/tmp_install/usr/lib/ruby/gems/3.4.0/gems/atk-4.3.2/Rakefile
/build/ruby-atk/src/ruby-gnome-4.3.2/atk/tmp_install/usr/lib/ruby/gems/3.4.0/gems/atk-4.3.2/atk.gemspec
/build/ruby-atk/src/ruby-gnome-4.3.2/atk/tmp_install/usr/lib/ruby/gems/3.4.0/gems/atk-4.3.2/dependency-check/Rakefile
/build/ruby-atk/src/ruby-gnome-4.3.2/atk/tmp_install/usr/lib/ruby/gems/3.4.0/gems/atk-4.3.2/lib/atk.rb
/build/ruby-atk/src/ruby-gnome-4.3.2/atk/tmp_install/usr/lib/ruby/gems/3.4.0/gems/atk-4.3.2/test/atk-test-utils.rb
/build/ruby-atk/src/ruby-gnome-4.3.2/atk/tmp_install/usr/lib/ruby/gems/3.4.0/gems/atk-4.3.2/test/run-test.rb
/build/ruby-atk/src/ruby-gnome-4.3.2/atk/tmp_install/usr/lib/ruby/gems/3.4.0/gems/atk-4.3.2/test/test-text-rectangle.rb
/build/ruby-atk/src/ruby-gnome-4.3.2/atk/tmp_install/usr/lib/ruby/gems/3.4.0/gems/atk-4.3.2/test/test-version.rb
Building native extensions. This could take a while...
current directory: /build/ruby-atk/src/ruby-gnome-4.3.2/atk/tmp_install/usr/lib/ruby/gems/3.4.0/gems/atk-4.3.2/dependency-check
["/usr/bin/ruby", "-rrubygems", "/usr/lib/ruby/gems/3.4.0/gems/rake-13.2.1/exe/rake", "RUBYARCHDIR=/build/ruby-atk/src/ruby-gnome-4.3.2/atk/tmp_install/usr/lib/ruby/gems/3.4.0/extensions/x86_64-linux/3.4.0/atk-4.3.2", "RUBYLIBDIR=/build/ruby-atk/src/ruby-gnome-4.3.2/atk/tmp_install/usr/lib/ruby/gems/3.4.0/extensions/x86_64-linux/3.4.0/atk-4.3.2"]
current directory: /build/ruby-atk/src/ruby-gnome-4.3.2/atk/tmp_install/usr/lib/ruby/gems/3.4.0/gems/atk-4.3.2/dependency-check
/usr/bin/ruby -rrubygems /usr/lib/ruby/gems/3.4.0/gems/rake-13.2.1/exe/rake RUBYARCHDIR\=/build/ruby-atk/src/ruby-gnome-4.3.2/atk/tmp_install/usr/lib/ruby/gems/3.4.0/extensions/x86_64-linux/3.4.0/atk-4.3.2 RUBYLIBDIR\=/build/ruby-atk/src/ruby-gnome-4.3.2/atk/tmp_install/usr/lib/ruby/gems/3.4.0/extensions/x86_64-linux/3.4.0/atk-4.3.2
Successfully installed atk-4.3.2
1 gem installed
GET https://rubygems.org/latest_specs.4.8.gz
200 OK
GET https://rubygems.org/quick/Marshal.4.8/rubygems-update-3.7.1.gemspec.rz
200 OK

A new release of RubyGems is available: 3.6.9 → 3.7.1!
Run `gem update --system 3.7.1` to update your installation.

removed 'tmp_install//usr/lib/ruby/gems/3.4.0/cache/atk-4.3.2.gem'
removed directory 'tmp_install//usr/lib/ruby/gems/3.4.0/cache/'
