WARNING:  description and summary are identical
WARNING:  open-ended dependency on native-package-installer (>= 1.0.3) is not recommended
  if native-package-installer is semantically versioned, use:
    add_runtime_dependency "native-package-installer", "~> 1.0", ">= 1.0.3"
WARNING:  open-ended dependency on pkg-config (>= 1.2.2) is not recommended
  if pkg-config is semantically versioned, use:
    add_runtime_dependency "pkg-config", "~> 1.2", ">= 1.2.2"
WARNING:  open-ended dependency on red-colors (>= 0) is not recommended
  use a bounded requirement, such as "~> x.y"
WARNING:  See https://guides.rubygems.org/specification-reference/ for help
  Successfully built RubyGem
  Name: cairo
  Version: 1.18.4
  File: cairo-1.18.4.gem
/build/ruby-cairo/src/rcairo-1.18.4/tmp_install/usr/lib/ruby/gems/3.4.0/gems/cairo-1.18.4/AUTHORS
/build/ruby-cairo/src/rcairo-1.18.4/tmp_install/usr/lib/ruby/gems/3.4.0/gems/cairo-1.18.4/COPYING
/build/ruby-cairo/src/rcairo-1.18.4/tmp_install/usr/lib/ruby/gems/3.4.0/gems/cairo-1.18.4/GPL
/build/ruby-cairo/src/rcairo-1.18.4/tmp_install/usr/lib/ruby/gems/3.4.0/gems/cairo-1.18.4/Gemfile
/build/ruby-cairo/src/rcairo-1.18.4/tmp_install/usr/lib/ruby/gems/3.4.0/gems/cairo-1.18.4/NEWS
/build/ruby-cairo/src/rcairo-1.18.4/tmp_install/usr/lib/ruby/gems/3.4.0/gems/cairo-1.18.4/README.rdoc
/build/ruby-cairo/src/rcairo-1.18.4/tmp_install/usr/lib/ruby/gems/3.4.0/gems/cairo-1.18.4/Rakefile
/build/ruby-cairo/src/rcairo-1.18.4/tmp_install/usr/lib/ruby/gems/3.4.0/gems/cairo-1.18.4/ext/cairo/cairo.def
/build/ruby-cairo/src/rcairo-1.18.4/tmp_install/usr/lib/ruby/gems/3.4.0/gems/cairo-1.18.4/ext/cairo/depend
/build/ruby-cairo/src/rcairo-1.18.4/tmp_install/usr/lib/ruby/gems/3.4.0/gems/cairo-1.18.4/ext/cairo/extconf.rb
/build/ruby-cairo/src/rcairo-1.18.4/tmp_install/usr/lib/ruby/gems/3.4.0/gems/cairo-1.18.4/ext/cairo/rb_cairo.c
/build/ruby-cairo/src/rcairo-1.18.4/tmp_install/usr/lib/ruby/gems/3.4.0/gems/cairo-1.18.4/ext/cairo/rb_cairo.h
/build/ruby-cairo/src/rcairo-1.18.4/tmp_install/usr/lib/ruby/gems/3.4.0/gems/cairo-1.18.4/ext/cairo/rb_cairo_constants.c
/build/ruby-cairo/src/rcairo-1.18.4/tmp_install/usr/lib/ruby/gems/3.4.0/gems/cairo-1.18.4/ext/cairo/rb_cairo_context.c
/build/ruby-cairo/src/rcairo-1.18.4/tmp_install/usr/lib/ruby/gems/3.4.0/gems/cairo-1.18.4/ext/cairo/rb_cairo_device.c
/build/ruby-cairo/src/rcairo-1.18.4/tmp_install/usr/lib/ruby/gems/3.4.0/gems/cairo-1.18.4/ext/cairo/rb_cairo_exception.c
/build/ruby-cairo/src/rcairo-1.18.4/tmp_install/usr/lib/ruby/gems/3.4.0/gems/cairo-1.18.4/ext/cairo/rb_cairo_font_extents.c
/build/ruby-cairo/src/rcairo-1.18.4/tmp_install/usr/lib/ruby/gems/3.4.0/gems/cairo-1.18.4/ext/cairo/rb_cairo_font_face.c
/build/ruby-cairo/src/rcairo-1.18.4/tmp_install/usr/lib/ruby/gems/3.4.0/gems/cairo-1.18.4/ext/cairo/rb_cairo_font_options.c
/build/ruby-cairo/src/rcairo-1.18.4/tmp_install/usr/lib/ruby/gems/3.4.0/gems/cairo-1.18.4/ext/cairo/rb_cairo_glyph.c
/build/ruby-cairo/src/rcairo-1.18.4/tmp_install/usr/lib/ruby/gems/3.4.0/gems/cairo-1.18.4/ext/cairo/rb_cairo_io.c
/build/ruby-cairo/src/rcairo-1.18.4/tmp_install/usr/lib/ruby/gems/3.4.0/gems/cairo-1.18.4/ext/cairo/rb_cairo_io.h
/build/ruby-cairo/src/rcairo-1.18.4/tmp_install/usr/lib/ruby/gems/3.4.0/gems/cairo-1.18.4/ext/cairo/rb_cairo_matrix.c
/build/ruby-cairo/src/rcairo-1.18.4/tmp_install/usr/lib/ruby/gems/3.4.0/gems/cairo-1.18.4/ext/cairo/rb_cairo_path.c
/build/ruby-cairo/src/rcairo-1.18.4/tmp_install/usr/lib/ruby/gems/3.4.0/gems/cairo-1.18.4/ext/cairo/rb_cairo_pattern.c
/build/ruby-cairo/src/rcairo-1.18.4/tmp_install/usr/lib/ruby/gems/3.4.0/gems/cairo-1.18.4/ext/cairo/rb_cairo_private.c
/build/ruby-cairo/src/rcairo-1.18.4/tmp_install/usr/lib/ruby/gems/3.4.0/gems/cairo-1.18.4/ext/cairo/rb_cairo_private.h
/build/ruby-cairo/src/rcairo-1.18.4/tmp_install/usr/lib/ruby/gems/3.4.0/gems/cairo-1.18.4/ext/cairo/rb_cairo_quartz_surface.c
/build/ruby-cairo/src/rcairo-1.18.4/tmp_install/usr/lib/ruby/gems/3.4.0/gems/cairo-1.18.4/ext/cairo/rb_cairo_rectangle.c
/build/ruby-cairo/src/rcairo-1.18.4/tmp_install/usr/lib/ruby/gems/3.4.0/gems/cairo-1.18.4/ext/cairo/rb_cairo_region.c
/build/ruby-cairo/src/rcairo-1.18.4/tmp_install/usr/lib/ruby/gems/3.4.0/gems/cairo-1.18.4/ext/cairo/rb_cairo_scaled_font.c
/build/ruby-cairo/src/rcairo-1.18.4/tmp_install/usr/lib/ruby/gems/3.4.0/gems/cairo-1.18.4/ext/cairo/rb_cairo_surface.c
/build/ruby-cairo/src/rcairo-1.18.4/tmp_install/usr/lib/ruby/gems/3.4.0/gems/cairo-1.18.4/ext/cairo/rb_cairo_text_cluster.c
/build/ruby-cairo/src/rcairo-1.18.4/tmp_install/usr/lib/ruby/gems/3.4.0/gems/cairo-1.18.4/ext/cairo/rb_cairo_text_extents.c
/build/ruby-cairo/src/rcairo-1.18.4/tmp_install/usr/lib/ruby/gems/3.4.0/gems/cairo-1.18.4/lib/cairo.rb
/build/ruby-cairo/src/rcairo-1.18.4/tmp_install/usr/lib/ruby/gems/3.4.0/gems/cairo-1.18.4/lib/cairo/color.rb
/build/ruby-cairo/src/rcairo-1.18.4/tmp_install/usr/lib/ruby/gems/3.4.0/gems/cairo-1.18.4/lib/cairo/colors.rb
/build/ruby-cairo/src/rcairo-1.18.4/tmp_install/usr/lib/ruby/gems/3.4.0/gems/cairo-1.18.4/lib/cairo/constants.rb
/build/ruby-cairo/src/rcairo-1.18.4/tmp_install/usr/lib/ruby/gems/3.4.0/gems/cairo-1.18.4/lib/cairo/context.rb
/build/ruby-cairo/src/rcairo-1.18.4/tmp_install/usr/lib/ruby/gems/3.4.0/gems/cairo-1.18.4/lib/cairo/context/blur.rb
/build/ruby-cairo/src/rcairo-1.18.4/tmp_install/usr/lib/ruby/gems/3.4.0/gems/cairo-1.18.4/lib/cairo/context/circle.rb
/build/ruby-cairo/src/rcairo-1.18.4/tmp_install/usr/lib/ruby/gems/3.4.0/gems/cairo-1.18.4/lib/cairo/context/color.rb
/build/ruby-cairo/src/rcairo-1.18.4/tmp_install/usr/lib/ruby/gems/3.4.0/gems/cairo-1.18.4/lib/cairo/context/path.rb
/build/ruby-cairo/src/rcairo-1.18.4/tmp_install/usr/lib/ruby/gems/3.4.0/gems/cairo-1.18.4/lib/cairo/context/rectangle.rb
/build/ruby-cairo/src/rcairo-1.18.4/tmp_install/usr/lib/ruby/gems/3.4.0/gems/cairo-1.18.4/lib/cairo/context/triangle.rb
/build/ruby-cairo/src/rcairo-1.18.4/tmp_install/usr/lib/ruby/gems/3.4.0/gems/cairo-1.18.4/lib/cairo/device.rb
/build/ruby-cairo/src/rcairo-1.18.4/tmp_install/usr/lib/ruby/gems/3.4.0/gems/cairo-1.18.4/lib/cairo/paper.rb
/build/ruby-cairo/src/rcairo-1.18.4/tmp_install/usr/lib/ruby/gems/3.4.0/gems/cairo-1.18.4/lib/cairo/papers.rb
/build/ruby-cairo/src/rcairo-1.18.4/tmp_install/usr/lib/ruby/gems/3.4.0/gems/cairo-1.18.4/lib/cairo/path.rb
/build/ruby-cairo/src/rcairo-1.18.4/tmp_install/usr/lib/ruby/gems/3.4.0/gems/cairo-1.18.4/lib/cairo/pattern.rb
/build/ruby-cairo/src/rcairo-1.18.4/tmp_install/usr/lib/ruby/gems/3.4.0/gems/cairo-1.18.4/lib/cairo/point.rb
/build/ruby-cairo/src/rcairo-1.18.4/tmp_install/usr/lib/ruby/gems/3.4.0/gems/cairo-1.18.4/lib/cairo/region.rb
/build/ruby-cairo/src/rcairo-1.18.4/tmp_install/usr/lib/ruby/gems/3.4.0/gems/cairo-1.18.4/lib/cairo/surface.rb
/build/ruby-cairo/src/rcairo-1.18.4/tmp_install/usr/lib/ruby/gems/3.4.0/gems/cairo-1.18.4/samples/agg/aa_test.rb
/build/ruby-cairo/src/rcairo-1.18.4/tmp_install/usr/lib/ruby/gems/3.4.0/gems/cairo-1.18.4/samples/blur.rb
/build/ruby-cairo/src/rcairo-1.18.4/tmp_install/usr/lib/ruby/gems/3.4.0/gems/cairo-1.18.4/samples/link.rb
/build/ruby-cairo/src/rcairo-1.18.4/tmp_install/usr/lib/ruby/gems/3.4.0/gems/cairo-1.18.4/samples/pac-nomralize.rb
/build/ruby-cairo/src/rcairo-1.18.4/tmp_install/usr/lib/ruby/gems/3.4.0/gems/cairo-1.18.4/samples/pac-tee.rb
/build/ruby-cairo/src/rcairo-1.18.4/tmp_install/usr/lib/ruby/gems/3.4.0/gems/cairo-1.18.4/samples/pac.rb
/build/ruby-cairo/src/rcairo-1.18.4/tmp_install/usr/lib/ruby/gems/3.4.0/gems/cairo-1.18.4/samples/png.rb
/build/ruby-cairo/src/rcairo-1.18.4/tmp_install/usr/lib/ruby/gems/3.4.0/gems/cairo-1.18.4/samples/scalable.rb
/build/ruby-cairo/src/rcairo-1.18.4/tmp_install/usr/lib/ruby/gems/3.4.0/gems/cairo-1.18.4/samples/text-on-path.rb
/build/ruby-cairo/src/rcairo-1.18.4/tmp_install/usr/lib/ruby/gems/3.4.0/gems/cairo-1.18.4/samples/text2.rb
/build/ruby-cairo/src/rcairo-1.18.4/tmp_install/usr/lib/ruby/gems/3.4.0/gems/cairo-1.18.4/test/helper.rb
/build/ruby-cairo/src/rcairo-1.18.4/tmp_install/usr/lib/ruby/gems/3.4.0/gems/cairo-1.18.4/test/run-test.rb
/build/ruby-cairo/src/rcairo-1.18.4/tmp_install/usr/lib/ruby/gems/3.4.0/gems/cairo-1.18.4/test/test_color.rb
/build/ruby-cairo/src/rcairo-1.18.4/tmp_install/usr/lib/ruby/gems/3.4.0/gems/cairo-1.18.4/test/test_colors.rb
/build/ruby-cairo/src/rcairo-1.18.4/tmp_install/usr/lib/ruby/gems/3.4.0/gems/cairo-1.18.4/test/test_constants.rb
/build/ruby-cairo/src/rcairo-1.18.4/tmp_install/usr/lib/ruby/gems/3.4.0/gems/cairo-1.18.4/test/test_context.rb
/build/ruby-cairo/src/rcairo-1.18.4/tmp_install/usr/lib/ruby/gems/3.4.0/gems/cairo-1.18.4/test/test_exception.rb
/build/ruby-cairo/src/rcairo-1.18.4/tmp_install/usr/lib/ruby/gems/3.4.0/gems/cairo-1.18.4/test/test_font_extents.rb
/build/ruby-cairo/src/rcairo-1.18.4/tmp_install/usr/lib/ruby/gems/3.4.0/gems/cairo-1.18.4/test/test_font_face.rb
/build/ruby-cairo/src/rcairo-1.18.4/tmp_install/usr/lib/ruby/gems/3.4.0/gems/cairo-1.18.4/test/test_font_options.rb
/build/ruby-cairo/src/rcairo-1.18.4/tmp_install/usr/lib/ruby/gems/3.4.0/gems/cairo-1.18.4/test/test_image_surface.rb
/build/ruby-cairo/src/rcairo-1.18.4/tmp_install/usr/lib/ruby/gems/3.4.0/gems/cairo-1.18.4/test/test_paper.rb
/build/ruby-cairo/src/rcairo-1.18.4/tmp_install/usr/lib/ruby/gems/3.4.0/gems/cairo-1.18.4/test/test_pdf_surface.rb
/build/ruby-cairo/src/rcairo-1.18.4/tmp_install/usr/lib/ruby/gems/3.4.0/gems/cairo-1.18.4/test/test_quartz_image_surface.rb
/build/ruby-cairo/src/rcairo-1.18.4/tmp_install/usr/lib/ruby/gems/3.4.0/gems/cairo-1.18.4/test/test_raster_source_pattern.rb
/build/ruby-cairo/src/rcairo-1.18.4/tmp_install/usr/lib/ruby/gems/3.4.0/gems/cairo-1.18.4/test/test_recording_surface.rb
/build/ruby-cairo/src/rcairo-1.18.4/tmp_install/usr/lib/ruby/gems/3.4.0/gems/cairo-1.18.4/test/test_region.rb
/build/ruby-cairo/src/rcairo-1.18.4/tmp_install/usr/lib/ruby/gems/3.4.0/gems/cairo-1.18.4/test/test_scaled_font.rb
/build/ruby-cairo/src/rcairo-1.18.4/tmp_install/usr/lib/ruby/gems/3.4.0/gems/cairo-1.18.4/test/test_script_device.rb
/build/ruby-cairo/src/rcairo-1.18.4/tmp_install/usr/lib/ruby/gems/3.4.0/gems/cairo-1.18.4/test/test_script_surface.rb
/build/ruby-cairo/src/rcairo-1.18.4/tmp_install/usr/lib/ruby/gems/3.4.0/gems/cairo-1.18.4/test/test_surface.rb
/build/ruby-cairo/src/rcairo-1.18.4/tmp_install/usr/lib/ruby/gems/3.4.0/gems/cairo-1.18.4/test/test_svg_surface.rb
/build/ruby-cairo/src/rcairo-1.18.4/tmp_install/usr/lib/ruby/gems/3.4.0/gems/cairo-1.18.4/test/test_tee_surface.rb
/build/ruby-cairo/src/rcairo-1.18.4/tmp_install/usr/lib/ruby/gems/3.4.0/gems/cairo-1.18.4/test/test_text_cluster.rb
/build/ruby-cairo/src/rcairo-1.18.4/tmp_install/usr/lib/ruby/gems/3.4.0/gems/cairo-1.18.4/test/test_text_extents.rb
/build/ruby-cairo/src/rcairo-1.18.4/tmp_install/usr/lib/ruby/gems/3.4.0/gems/cairo-1.18.4/test/test_text_to_glyphs_data.rb
/build/ruby-cairo/src/rcairo-1.18.4/tmp_install/usr/lib/ruby/gems/3.4.0/gems/cairo-1.18.4/test/test_xml_device.rb
/build/ruby-cairo/src/rcairo-1.18.4/tmp_install/usr/lib/ruby/gems/3.4.0/gems/cairo-1.18.4/test/test_xml_surface.rb
Building native extensions. This could take a while...
current directory: /build/ruby-cairo/src/rcairo-1.18.4/tmp_install/usr/lib/ruby/gems/3.4.0/gems/cairo-1.18.4/ext/cairo
["/usr/bin/ruby", "extconf.rb"]
checking for GCC... yes
checking for Homebrew... no
checking for cairo version (>= 1.2.0)... yes (1.18.4)
checking for cairo-ft... yes (1.18.4)
checking for macOS... no
checking for HAVE_RUBY_ST_H in ruby.h... yes
checking for HAVE_RUBY_IO_H in ruby.h... yes
checking for rb_errinfo() in ruby.h... yes
checking for rb_gc_adjust_memory_usage() in ruby.h... yes
checking for enum ruby_value_type in ruby.h... yes
creating Makefile
current directory: /build/ruby-cairo/src/rcairo-1.18.4/tmp_install/usr/lib/ruby/gems/3.4.0/gems/cairo-1.18.4/ext/cairo
["make", "DESTDIR=", "sitearchdir=./.gem.20250817-1113-f0vnik", "sitelibdir=./.gem.20250817-1113-f0vnik", "clean"]
current directory: /build/ruby-cairo/src/rcairo-1.18.4/tmp_install/usr/lib/ruby/gems/3.4.0/gems/cairo-1.18.4/ext/cairo
["make", "DESTDIR=", "sitearchdir=./.gem.20250817-1113-f0vnik", "sitelibdir=./.gem.20250817-1113-f0vnik"]
compiling rb_cairo.c
compiling rb_cairo_constants.c
compiling rb_cairo_context.c
compiling rb_cairo_device.c
compiling rb_cairo_exception.c
compiling rb_cairo_font_extents.c
compiling rb_cairo_font_face.c
compiling rb_cairo_font_options.c
compiling rb_cairo_glyph.c
compiling rb_cairo_io.c
compiling rb_cairo_matrix.c
compiling rb_cairo_path.c
compiling rb_cairo_pattern.c
compiling rb_cairo_private.c
compiling rb_cairo_quartz_surface.c
compiling rb_cairo_rectangle.c
compiling rb_cairo_region.c
compiling rb_cairo_scaled_font.c
compiling rb_cairo_surface.c
compiling rb_cairo_text_cluster.c
compiling rb_cairo_text_extents.c
linking shared-object cairo.so
current directory: /build/ruby-cairo/src/rcairo-1.18.4/tmp_install/usr/lib/ruby/gems/3.4.0/gems/cairo-1.18.4/ext/cairo
["make", "DESTDIR=", "sitearchdir=./.gem.20250817-1113-f0vnik", "sitelibdir=./.gem.20250817-1113-f0vnik", "install"]
/usr/bin/install -c -m 644 ./rb_cairo.h ./.gem.20250817-1113-f0vnik
/usr/bin/install -c -m 0755 cairo.so ./.gem.20250817-1113-f0vnik
current directory: /build/ruby-cairo/src/rcairo-1.18.4/tmp_install/usr/lib/ruby/gems/3.4.0/gems/cairo-1.18.4/ext/cairo
["make", "DESTDIR=", "sitearchdir=./.gem.20250817-1113-f0vnik", "sitelibdir=./.gem.20250817-1113-f0vnik", "clean"]
current directory: /build/ruby-cairo/src/rcairo-1.18.4/tmp_install/usr/lib/ruby/gems/3.4.0/gems/cairo-1.18.4/ext/cairo
/usr/bin/ruby extconf.rb
current directory: /build/ruby-cairo/src/rcairo-1.18.4/tmp_install/usr/lib/ruby/gems/3.4.0/gems/cairo-1.18.4/ext/cairo
make DESTDIR\= sitearchdir\=./.gem.20250817-1113-f0vnik sitelibdir\=./.gem.20250817-1113-f0vnik clean
current directory: /build/ruby-cairo/src/rcairo-1.18.4/tmp_install/usr/lib/ruby/gems/3.4.0/gems/cairo-1.18.4/ext/cairo
make DESTDIR\= sitearchdir\=./.gem.20250817-1113-f0vnik sitelibdir\=./.gem.20250817-1113-f0vnik
current directory: /build/ruby-cairo/src/rcairo-1.18.4/tmp_install/usr/lib/ruby/gems/3.4.0/gems/cairo-1.18.4/ext/cairo
make DESTDIR\= sitearchdir\=./.gem.20250817-1113-f0vnik sitelibdir\=./.gem.20250817-1113-f0vnik install
current directory: /build/ruby-cairo/src/rcairo-1.18.4/tmp_install/usr/lib/ruby/gems/3.4.0/gems/cairo-1.18.4/ext/cairo
make DESTDIR\= sitearchdir\=./.gem.20250817-1113-f0vnik sitelibdir\=./.gem.20250817-1113-f0vnik clean
Successfully installed cairo-1.18.4
1 gem installed
GET https://rubygems.org/latest_specs.4.8.gz
200 OK
GET https://rubygems.org/quick/Marshal.4.8/rubygems-update-3.7.1.gemspec.rz
200 OK

A new release of RubyGems is available: 3.6.9 → 3.7.1!
Run `gem update --system 3.7.1` to update your installation.

removed 'tmp_install//usr/lib/ruby/gems/3.4.0/cache/cairo-1.18.4.gem'
removed directory 'tmp_install//usr/lib/ruby/gems/3.4.0/cache/'
