WARNING:  description and summary are identical
WARNING:  open-ended dependency on rake (>= 0) is not recommended
  use a bounded requirement, such as "~> x.y"
WARNING:  make sure you specify the oldest ruby version constraint (like ">= 3.0") that you want your gem to support by setting the `required_ruby_version` gemspec attribute
WARNING:  See https://guides.rubygems.org/specification-reference/ for help
  Successfully built RubyGem
  Name: gdk_pixbuf2
  Version: 4.3.2
  File: gdk_pixbuf2-4.3.2.gem
/build/ruby-gdk_pixbuf2/src/ruby-gnome-4.3.2/gdk_pixbuf2/tmp_install/usr/lib/ruby/gems/3.4.0/gems/gdk_pixbuf2-4.3.2/COPYING.LIB
/build/ruby-gdk_pixbuf2/src/ruby-gnome-4.3.2/gdk_pixbuf2/tmp_install/usr/lib/ruby/gems/3.4.0/gems/gdk_pixbuf2-4.3.2/README.md
/build/ruby-gdk_pixbuf2/src/ruby-gnome-4.3.2/gdk_pixbuf2/tmp_install/usr/lib/ruby/gems/3.4.0/gems/gdk_pixbuf2-4.3.2/Rakefile
/build/ruby-gdk_pixbuf2/src/ruby-gnome-4.3.2/gdk_pixbuf2/tmp_install/usr/lib/ruby/gems/3.4.0/gems/gdk_pixbuf2-4.3.2/dependency-check/Rakefile
/build/ruby-gdk_pixbuf2/src/ruby-gnome-4.3.2/gdk_pixbuf2/tmp_install/usr/lib/ruby/gems/3.4.0/gems/gdk_pixbuf2-4.3.2/gdk_pixbuf2.gemspec
/build/ruby-gdk_pixbuf2/src/ruby-gnome-4.3.2/gdk_pixbuf2/tmp_install/usr/lib/ruby/gems/3.4.0/gems/gdk_pixbuf2-4.3.2/lib/gdk_pixbuf2.rb
/build/ruby-gdk_pixbuf2/src/ruby-gnome-4.3.2/gdk_pixbuf2/tmp_install/usr/lib/ruby/gems/3.4.0/gems/gdk_pixbuf2-4.3.2/lib/gdk_pixbuf2/deprecated.rb
/build/ruby-gdk_pixbuf2/src/ruby-gnome-4.3.2/gdk_pixbuf2/tmp_install/usr/lib/ruby/gems/3.4.0/gems/gdk_pixbuf2-4.3.2/lib/gdk_pixbuf2/loader.rb
/build/ruby-gdk_pixbuf2/src/ruby-gnome-4.3.2/gdk_pixbuf2/tmp_install/usr/lib/ruby/gems/3.4.0/gems/gdk_pixbuf2-4.3.2/lib/gdk_pixbuf2/pixbuf-loader.rb
/build/ruby-gdk_pixbuf2/src/ruby-gnome-4.3.2/gdk_pixbuf2/tmp_install/usr/lib/ruby/gems/3.4.0/gems/gdk_pixbuf2-4.3.2/lib/gdk_pixbuf2/pixbuf.rb
/build/ruby-gdk_pixbuf2/src/ruby-gnome-4.3.2/gdk_pixbuf2/tmp_install/usr/lib/ruby/gems/3.4.0/gems/gdk_pixbuf2-4.3.2/lib/gdk_pixbuf2/version.rb
/build/ruby-gdk_pixbuf2/src/ruby-gnome-4.3.2/gdk_pixbuf2/tmp_install/usr/lib/ruby/gems/3.4.0/gems/gdk_pixbuf2-4.3.2/sample/anim.rb
/build/ruby-gdk_pixbuf2/src/ruby-gnome-4.3.2/gdk_pixbuf2/tmp_install/usr/lib/ruby/gems/3.4.0/gems/gdk_pixbuf2-4.3.2/sample/composite.rb
/build/ruby-gdk_pixbuf2/src/ruby-gnome-4.3.2/gdk_pixbuf2/tmp_install/usr/lib/ruby/gems/3.4.0/gems/gdk_pixbuf2-4.3.2/sample/flip.rb
/build/ruby-gdk_pixbuf2/src/ruby-gnome-4.3.2/gdk_pixbuf2/tmp_install/usr/lib/ruby/gems/3.4.0/gems/gdk_pixbuf2-4.3.2/sample/floppybuddy.gif
/build/ruby-gdk_pixbuf2/src/ruby-gnome-4.3.2/gdk_pixbuf2/tmp_install/usr/lib/ruby/gems/3.4.0/gems/gdk_pixbuf2-4.3.2/sample/format.rb
/build/ruby-gdk_pixbuf2/src/ruby-gnome-4.3.2/gdk_pixbuf2/tmp_install/usr/lib/ruby/gems/3.4.0/gems/gdk_pixbuf2-4.3.2/sample/gnome-foot.png
/build/ruby-gdk_pixbuf2/src/ruby-gnome-4.3.2/gdk_pixbuf2/tmp_install/usr/lib/ruby/gems/3.4.0/gems/gdk_pixbuf2-4.3.2/sample/loader.rb
/build/ruby-gdk_pixbuf2/src/ruby-gnome-4.3.2/gdk_pixbuf2/tmp_install/usr/lib/ruby/gems/3.4.0/gems/gdk_pixbuf2-4.3.2/sample/rotate.rb
/build/ruby-gdk_pixbuf2/src/ruby-gnome-4.3.2/gdk_pixbuf2/tmp_install/usr/lib/ruby/gems/3.4.0/gems/gdk_pixbuf2-4.3.2/sample/save.rb
/build/ruby-gdk_pixbuf2/src/ruby-gnome-4.3.2/gdk_pixbuf2/tmp_install/usr/lib/ruby/gems/3.4.0/gems/gdk_pixbuf2-4.3.2/sample/scale.rb
/build/ruby-gdk_pixbuf2/src/ruby-gnome-4.3.2/gdk_pixbuf2/tmp_install/usr/lib/ruby/gems/3.4.0/gems/gdk_pixbuf2-4.3.2/sample/simpleanim.rb
/build/ruby-gdk_pixbuf2/src/ruby-gnome-4.3.2/gdk_pixbuf2/tmp_install/usr/lib/ruby/gems/3.4.0/gems/gdk_pixbuf2-4.3.2/sample/utils.rb
/build/ruby-gdk_pixbuf2/src/ruby-gnome-4.3.2/gdk_pixbuf2/tmp_install/usr/lib/ruby/gems/3.4.0/gems/gdk_pixbuf2-4.3.2/sample/xpm.rb
/build/ruby-gdk_pixbuf2/src/ruby-gnome-4.3.2/gdk_pixbuf2/tmp_install/usr/lib/ruby/gems/3.4.0/gems/gdk_pixbuf2-4.3.2/test/fixture/floppybuddy.gif
/build/ruby-gdk_pixbuf2/src/ruby-gnome-4.3.2/gdk_pixbuf2/tmp_install/usr/lib/ruby/gems/3.4.0/gems/gdk_pixbuf2-4.3.2/test/fixture/gnome-logo-icon.png
/build/ruby-gdk_pixbuf2/src/ruby-gnome-4.3.2/gdk_pixbuf2/tmp_install/usr/lib/ruby/gems/3.4.0/gems/gdk_pixbuf2-4.3.2/test/fixture/image.gresource
/build/ruby-gdk_pixbuf2/src/ruby-gnome-4.3.2/gdk_pixbuf2/tmp_install/usr/lib/ruby/gems/3.4.0/gems/gdk_pixbuf2-4.3.2/test/fixture/image.gresource.xml
/build/ruby-gdk_pixbuf2/src/ruby-gnome-4.3.2/gdk_pixbuf2/tmp_install/usr/lib/ruby/gems/3.4.0/gems/gdk_pixbuf2-4.3.2/test/gdk_pixbuf2-test-utils.rb
/build/ruby-gdk_pixbuf2/src/ruby-gnome-4.3.2/gdk_pixbuf2/tmp_install/usr/lib/ruby/gems/3.4.0/gems/gdk_pixbuf2-4.3.2/test/run-test.rb
/build/ruby-gdk_pixbuf2/src/ruby-gnome-4.3.2/gdk_pixbuf2/tmp_install/usr/lib/ruby/gems/3.4.0/gems/gdk_pixbuf2-4.3.2/test/test-animation.rb
/build/ruby-gdk_pixbuf2/src/ruby-gnome-4.3.2/gdk_pixbuf2/tmp_install/usr/lib/ruby/gems/3.4.0/gems/gdk_pixbuf2-4.3.2/test/test-loader.rb
/build/ruby-gdk_pixbuf2/src/ruby-gnome-4.3.2/gdk_pixbuf2/tmp_install/usr/lib/ruby/gems/3.4.0/gems/gdk_pixbuf2-4.3.2/test/test-pixbuf.rb
Building native extensions. This could take a while...
current directory: /build/ruby-gdk_pixbuf2/src/ruby-gnome-4.3.2/gdk_pixbuf2/tmp_install/usr/lib/ruby/gems/3.4.0/gems/gdk_pixbuf2-4.3.2/dependency-check
["/usr/bin/ruby", "-rrubygems", "/usr/lib/ruby/gems/3.4.0/gems/rake-13.2.1/exe/rake", "RUBYARCHDIR=/build/ruby-gdk_pixbuf2/src/ruby-gnome-4.3.2/gdk_pixbuf2/tmp_install/usr/lib/ruby/gems/3.4.0/extensions/x86_64-linux/3.4.0/gdk_pixbuf2-4.3.2", "RUBYLIBDIR=/build/ruby-gdk_pixbuf2/src/ruby-gnome-4.3.2/gdk_pixbuf2/tmp_install/usr/lib/ruby/gems/3.4.0/extensions/x86_64-linux/3.4.0/gdk_pixbuf2-4.3.2"]
current directory: /build/ruby-gdk_pixbuf2/src/ruby-gnome-4.3.2/gdk_pixbuf2/tmp_install/usr/lib/ruby/gems/3.4.0/gems/gdk_pixbuf2-4.3.2/dependency-check
/usr/bin/ruby -rrubygems /usr/lib/ruby/gems/3.4.0/gems/rake-13.2.1/exe/rake RUBYARCHDIR\=/build/ruby-gdk_pixbuf2/src/ruby-gnome-4.3.2/gdk_pixbuf2/tmp_install/usr/lib/ruby/gems/3.4.0/extensions/x86_64-linux/3.4.0/gdk_pixbuf2-4.3.2 RUBYLIBDIR\=/build/ruby-gdk_pixbuf2/src/ruby-gnome-4.3.2/gdk_pixbuf2/tmp_install/usr/lib/ruby/gems/3.4.0/extensions/x86_64-linux/3.4.0/gdk_pixbuf2-4.3.2
Successfully installed gdk_pixbuf2-4.3.2
1 gem installed
GET https://rubygems.org/latest_specs.4.8.gz
200 OK
GET https://rubygems.org/quick/Marshal.4.8/rubygems-update-3.7.1.gemspec.rz
200 OK

A new release of RubyGems is available: 3.6.9 → 3.7.1!
Run `gem update --system 3.7.1` to update your installation.

removed 'tmp_install//usr/lib/ruby/gems/3.4.0/cache/gdk_pixbuf2-4.3.2.gem'
removed directory 'tmp_install//usr/lib/ruby/gems/3.4.0/cache/'
