WARNING:  description and summary are identical
WARNING:  make sure you specify the oldest ruby version constraint (like ">= 3.0") that you want your gem to support by setting the `required_ruby_version` gemspec attribute
WARNING:  See https://guides.rubygems.org/specification-reference/ for help
  Successfully built RubyGem
  Name: gstreamer
  Version: 4.3.2
  File: gstreamer-4.3.2.gem
/build/ruby-gstreamer/src/ruby-gnome-4.3.2/gstreamer/tmp_install/usr/lib/ruby/gems/3.4.0/gems/gstreamer-4.3.2/COPYING.LIB
/build/ruby-gstreamer/src/ruby-gnome-4.3.2/gstreamer/tmp_install/usr/lib/ruby/gems/3.4.0/gems/gstreamer-4.3.2/README.md
/build/ruby-gstreamer/src/ruby-gnome-4.3.2/gstreamer/tmp_install/usr/lib/ruby/gems/3.4.0/gems/gstreamer-4.3.2/Rakefile
/build/ruby-gstreamer/src/ruby-gnome-4.3.2/gstreamer/tmp_install/usr/lib/ruby/gems/3.4.0/gems/gstreamer-4.3.2/ext/gstreamer/depend
/build/ruby-gstreamer/src/ruby-gnome-4.3.2/gstreamer/tmp_install/usr/lib/ruby/gems/3.4.0/gems/gstreamer-4.3.2/ext/gstreamer/extconf.rb
/build/ruby-gstreamer/src/ruby-gnome-4.3.2/gstreamer/tmp_install/usr/lib/ruby/gems/3.4.0/gems/gstreamer-4.3.2/ext/gstreamer/rbgst-child-proxy.c
/build/ruby-gstreamer/src/ruby-gnome-4.3.2/gstreamer/tmp_install/usr/lib/ruby/gems/3.4.0/gems/gstreamer-4.3.2/ext/gstreamer/rbgst-element.c
/build/ruby-gstreamer/src/ruby-gnome-4.3.2/gstreamer/tmp_install/usr/lib/ruby/gems/3.4.0/gems/gstreamer-4.3.2/ext/gstreamer/rbgst.c
/build/ruby-gstreamer/src/ruby-gnome-4.3.2/gstreamer/tmp_install/usr/lib/ruby/gems/3.4.0/gems/gstreamer-4.3.2/ext/gstreamer/rbgst.h
/build/ruby-gstreamer/src/ruby-gnome-4.3.2/gstreamer/tmp_install/usr/lib/ruby/gems/3.4.0/gems/gstreamer-4.3.2/extconf.rb
/build/ruby-gstreamer/src/ruby-gnome-4.3.2/gstreamer/tmp_install/usr/lib/ruby/gems/3.4.0/gems/gstreamer-4.3.2/gstreamer.gemspec
/build/ruby-gstreamer/src/ruby-gnome-4.3.2/gstreamer/tmp_install/usr/lib/ruby/gems/3.4.0/gems/gstreamer-4.3.2/lib/gst.rb
/build/ruby-gstreamer/src/ruby-gnome-4.3.2/gstreamer/tmp_install/usr/lib/ruby/gems/3.4.0/gems/gstreamer-4.3.2/lib/gst/audio-loader.rb
/build/ruby-gstreamer/src/ruby-gnome-4.3.2/gstreamer/tmp_install/usr/lib/ruby/gems/3.4.0/gems/gstreamer-4.3.2/lib/gst/base-loader.rb
/build/ruby-gstreamer/src/ruby-gnome-4.3.2/gstreamer/tmp_install/usr/lib/ruby/gems/3.4.0/gems/gstreamer-4.3.2/lib/gst/bin.rb
/build/ruby-gstreamer/src/ruby-gnome-4.3.2/gstreamer/tmp_install/usr/lib/ruby/gems/3.4.0/gems/gstreamer-4.3.2/lib/gst/bus.rb
/build/ruby-gstreamer/src/ruby-gnome-4.3.2/gstreamer/tmp_install/usr/lib/ruby/gems/3.4.0/gems/gstreamer-4.3.2/lib/gst/caps.rb
/build/ruby-gstreamer/src/ruby-gnome-4.3.2/gstreamer/tmp_install/usr/lib/ruby/gems/3.4.0/gems/gstreamer-4.3.2/lib/gst/controller-loader.rb
/build/ruby-gstreamer/src/ruby-gnome-4.3.2/gstreamer/tmp_install/usr/lib/ruby/gems/3.4.0/gems/gstreamer-4.3.2/lib/gst/element-factory.rb
/build/ruby-gstreamer/src/ruby-gnome-4.3.2/gstreamer/tmp_install/usr/lib/ruby/gems/3.4.0/gems/gstreamer-4.3.2/lib/gst/element.rb
/build/ruby-gstreamer/src/ruby-gnome-4.3.2/gstreamer/tmp_install/usr/lib/ruby/gems/3.4.0/gems/gstreamer-4.3.2/lib/gst/loader.rb
/build/ruby-gstreamer/src/ruby-gnome-4.3.2/gstreamer/tmp_install/usr/lib/ruby/gems/3.4.0/gems/gstreamer-4.3.2/lib/gst/plugin-feature.rb
/build/ruby-gstreamer/src/ruby-gnome-4.3.2/gstreamer/tmp_install/usr/lib/ruby/gems/3.4.0/gems/gstreamer-4.3.2/lib/gst/registry.rb
/build/ruby-gstreamer/src/ruby-gnome-4.3.2/gstreamer/tmp_install/usr/lib/ruby/gems/3.4.0/gems/gstreamer-4.3.2/lib/gst/structure.rb
/build/ruby-gstreamer/src/ruby-gnome-4.3.2/gstreamer/tmp_install/usr/lib/ruby/gems/3.4.0/gems/gstreamer-4.3.2/lib/gst/tag-list.rb
/build/ruby-gstreamer/src/ruby-gnome-4.3.2/gstreamer/tmp_install/usr/lib/ruby/gems/3.4.0/gems/gstreamer-4.3.2/lib/gst/type-find-factory.rb
/build/ruby-gstreamer/src/ruby-gnome-4.3.2/gstreamer/tmp_install/usr/lib/ruby/gems/3.4.0/gems/gstreamer-4.3.2/lib/gst/version.rb
/build/ruby-gstreamer/src/ruby-gnome-4.3.2/gstreamer/tmp_install/usr/lib/ruby/gems/3.4.0/gems/gstreamer-4.3.2/lib/gstreamer.rb
/build/ruby-gstreamer/src/ruby-gnome-4.3.2/gstreamer/tmp_install/usr/lib/ruby/gems/3.4.0/gems/gstreamer-4.3.2/sample/audio-example.rb
/build/ruby-gstreamer/src/ruby-gnome-4.3.2/gstreamer/tmp_install/usr/lib/ruby/gems/3.4.0/gems/gstreamer-4.3.2/sample/audio-extract.rb
/build/ruby-gstreamer/src/ruby-gnome-4.3.2/gstreamer/tmp_install/usr/lib/ruby/gems/3.4.0/gems/gstreamer-4.3.2/sample/framestep1.rb
/build/ruby-gstreamer/src/ruby-gnome-4.3.2/gstreamer/tmp_install/usr/lib/ruby/gems/3.4.0/gems/gstreamer-4.3.2/sample/gst-inspect.rb
/build/ruby-gstreamer/src/ruby-gnome-4.3.2/gstreamer/tmp_install/usr/lib/ruby/gems/3.4.0/gems/gstreamer-4.3.2/sample/gtk-video.rb
/build/ruby-gstreamer/src/ruby-gnome-4.3.2/gstreamer/tmp_install/usr/lib/ruby/gems/3.4.0/gems/gstreamer-4.3.2/sample/helloworld.rb
/build/ruby-gstreamer/src/ruby-gnome-4.3.2/gstreamer/tmp_install/usr/lib/ruby/gems/3.4.0/gems/gstreamer-4.3.2/sample/mp3parselaunch.rb
/build/ruby-gstreamer/src/ruby-gnome-4.3.2/gstreamer/tmp_install/usr/lib/ruby/gems/3.4.0/gems/gstreamer-4.3.2/sample/queue.rb
/build/ruby-gstreamer/src/ruby-gnome-4.3.2/gstreamer/tmp_install/usr/lib/ruby/gems/3.4.0/gems/gstreamer-4.3.2/sample/stream-status.rb
/build/ruby-gstreamer/src/ruby-gnome-4.3.2/gstreamer/tmp_install/usr/lib/ruby/gems/3.4.0/gems/gstreamer-4.3.2/sample/text-color-example.rb
/build/ruby-gstreamer/src/ruby-gnome-4.3.2/gstreamer/tmp_install/usr/lib/ruby/gems/3.4.0/gems/gstreamer-4.3.2/sample/typefind.rb
/build/ruby-gstreamer/src/ruby-gnome-4.3.2/gstreamer/tmp_install/usr/lib/ruby/gems/3.4.0/gems/gstreamer-4.3.2/test/gstreamer-test-utils.rb
/build/ruby-gstreamer/src/ruby-gnome-4.3.2/gstreamer/tmp_install/usr/lib/ruby/gems/3.4.0/gems/gstreamer-4.3.2/test/run-test.rb
/build/ruby-gstreamer/src/ruby-gnome-4.3.2/gstreamer/tmp_install/usr/lib/ruby/gems/3.4.0/gems/gstreamer-4.3.2/test/test-audio.rb
/build/ruby-gstreamer/src/ruby-gnome-4.3.2/gstreamer/tmp_install/usr/lib/ruby/gems/3.4.0/gems/gstreamer-4.3.2/test/test-bin.rb
/build/ruby-gstreamer/src/ruby-gnome-4.3.2/gstreamer/tmp_install/usr/lib/ruby/gems/3.4.0/gems/gstreamer-4.3.2/test/test-bus.rb
/build/ruby-gstreamer/src/ruby-gnome-4.3.2/gstreamer/tmp_install/usr/lib/ruby/gems/3.4.0/gems/gstreamer-4.3.2/test/test-caps.rb
/build/ruby-gstreamer/src/ruby-gnome-4.3.2/gstreamer/tmp_install/usr/lib/ruby/gems/3.4.0/gems/gstreamer-4.3.2/test/test-child-proxy.rb
/build/ruby-gstreamer/src/ruby-gnome-4.3.2/gstreamer/tmp_install/usr/lib/ruby/gems/3.4.0/gems/gstreamer-4.3.2/test/test-element-factory.rb
/build/ruby-gstreamer/src/ruby-gnome-4.3.2/gstreamer/tmp_install/usr/lib/ruby/gems/3.4.0/gems/gstreamer-4.3.2/test/test-map-info.rb
/build/ruby-gstreamer/src/ruby-gnome-4.3.2/gstreamer/tmp_install/usr/lib/ruby/gems/3.4.0/gems/gstreamer-4.3.2/test/test-tag-list.rb
/build/ruby-gstreamer/src/ruby-gnome-4.3.2/gstreamer/tmp_install/usr/lib/ruby/gems/3.4.0/gems/gstreamer-4.3.2/test/test-version.rb
Building native extensions. This could take a while...
current directory: /build/ruby-gstreamer/src/ruby-gnome-4.3.2/gstreamer/tmp_install/usr/lib/ruby/gems/3.4.0/gems/gstreamer-4.3.2/ext/gstreamer
["/usr/bin/ruby", "extconf.rb"]
checking for --enable-debug-build option... no
checking for -Wall option to compiler... no
checking for -Wcast-align option to compiler... no
checking for -Wextra option to compiler... no
checking for -Wformat=2 option to compiler... no
checking for -Winit-self option to compiler... no
checking for -Wlarger-than-65500 option to compiler... no
checking for -Wmissing-declarations option to compiler... no
checking for -Wmissing-format-attribute option to compiler... no
checking for -Wmissing-include-dirs option to compiler... no
checking for -Wmissing-noreturn option to compiler... no
checking for -Wmissing-prototypes option to compiler... no
checking for -Wnested-externs option to compiler... no
checking for -Wold-style-definition option to compiler... no
checking for -Wpacked option to compiler... no
checking for -Wp,-D_FORTIFY_SOURCE=2 option to compiler... no
checking for -Wpointer-arith option to compiler... no
checking for -Wundef option to compiler... no
checking for -Wout-of-line-declaration option to compiler... no
checking for -Wunsafe-loop-optimizations option to compiler... no
checking for -Wwrite-strings option to compiler... no
checking for Homebrew... no
checking for gstreamer-1.0... yes (1.26.5)
checking for gobject-introspection-1.0... yes (1.84.0)
creating ruby-gstreamer.pc
creating Makefile
current directory: /build/ruby-gstreamer/src/ruby-gnome-4.3.2/gstreamer/tmp_install/usr/lib/ruby/gems/3.4.0/gems/gstreamer-4.3.2/ext/gstreamer
["make", "DESTDIR=", "sitearchdir=./.gem.20250817-971-4z95wt", "sitelibdir=./.gem.20250817-971-4z95wt", "clean"]
current directory: /build/ruby-gstreamer/src/ruby-gnome-4.3.2/gstreamer/tmp_install/usr/lib/ruby/gems/3.4.0/gems/gstreamer-4.3.2/ext/gstreamer
["make", "DESTDIR=", "sitearchdir=./.gem.20250817-971-4z95wt", "sitelibdir=./.gem.20250817-971-4z95wt"]
compiling rbgst-child-proxy.c
compiling rbgst-element.c
compiling rbgst.c
<command-line>: warning: ‘_FORTIFY_SOURCE’ redefined
<command-line>: warning: ‘_FORTIFY_SOURCE’ redefined
<command-line>: note: this is the location of the previous definition
<command-line>: note: this is the location of the previous definition
<command-line>: warning: ‘_FORTIFY_SOURCE’ redefined
<command-line>: note: this is the location of the previous definition
linking shared-object gstreamer.so
current directory: /build/ruby-gstreamer/src/ruby-gnome-4.3.2/gstreamer/tmp_install/usr/lib/ruby/gems/3.4.0/gems/gstreamer-4.3.2/ext/gstreamer
["make", "DESTDIR=", "sitearchdir=./.gem.20250817-971-4z95wt", "sitelibdir=./.gem.20250817-971-4z95wt", "install"]
if test -n ""; then			\
  /usr/bin/mkdir -p ;				\
  /usr/bin/install -c -m 644 ruby-gstreamer.pc ;	\
fi
/usr/bin/install -c -m 0755 gstreamer.so ./.gem.20250817-971-4z95wt
current directory: /build/ruby-gstreamer/src/ruby-gnome-4.3.2/gstreamer/tmp_install/usr/lib/ruby/gems/3.4.0/gems/gstreamer-4.3.2/ext/gstreamer
["make", "DESTDIR=", "sitearchdir=./.gem.20250817-971-4z95wt", "sitelibdir=./.gem.20250817-971-4z95wt", "clean"]
current directory: /build/ruby-gstreamer/src/ruby-gnome-4.3.2/gstreamer/tmp_install/usr/lib/ruby/gems/3.4.0/gems/gstreamer-4.3.2/ext/gstreamer
/usr/bin/ruby extconf.rb
current directory: /build/ruby-gstreamer/src/ruby-gnome-4.3.2/gstreamer/tmp_install/usr/lib/ruby/gems/3.4.0/gems/gstreamer-4.3.2/ext/gstreamer
make DESTDIR\= sitearchdir\=./.gem.20250817-971-4z95wt sitelibdir\=./.gem.20250817-971-4z95wt clean
current directory: /build/ruby-gstreamer/src/ruby-gnome-4.3.2/gstreamer/tmp_install/usr/lib/ruby/gems/3.4.0/gems/gstreamer-4.3.2/ext/gstreamer
make DESTDIR\= sitearchdir\=./.gem.20250817-971-4z95wt sitelibdir\=./.gem.20250817-971-4z95wt
current directory: /build/ruby-gstreamer/src/ruby-gnome-4.3.2/gstreamer/tmp_install/usr/lib/ruby/gems/3.4.0/gems/gstreamer-4.3.2/ext/gstreamer
make DESTDIR\= sitearchdir\=./.gem.20250817-971-4z95wt sitelibdir\=./.gem.20250817-971-4z95wt install
current directory: /build/ruby-gstreamer/src/ruby-gnome-4.3.2/gstreamer/tmp_install/usr/lib/ruby/gems/3.4.0/gems/gstreamer-4.3.2/ext/gstreamer
make DESTDIR\= sitearchdir\=./.gem.20250817-971-4z95wt sitelibdir\=./.gem.20250817-971-4z95wt clean
Successfully installed gstreamer-4.3.2
1 gem installed
GET https://rubygems.org/latest_specs.4.8.gz
200 OK
GET https://rubygems.org/quick/Marshal.4.8/rubygems-update-3.7.1.gemspec.rz
200 OK

A new release of RubyGems is available: 3.6.9 → 3.7.1!
Run `gem update --system 3.7.1` to update your installation.

removed 'tmp_install//usr/lib/ruby/gems/3.4.0/cache/gstreamer-4.3.2.gem'
removed directory 'tmp_install//usr/lib/ruby/gems/3.4.0/cache/'
