'tmp_install/usr' -> '/build/ruby-atk/pkg/ruby-atk/usr'
'tmp_install/usr/lib' -> '/build/ruby-atk/pkg/ruby-atk/usr/lib'
'tmp_install/usr/lib/ruby' -> '/build/ruby-atk/pkg/ruby-atk/usr/lib/ruby'
'tmp_install/usr/lib/ruby/gems' -> '/build/ruby-atk/pkg/ruby-atk/usr/lib/ruby/gems'
'tmp_install/usr/lib/ruby/gems/3.4.0' -> '/build/ruby-atk/pkg/ruby-atk/usr/lib/ruby/gems/3.4.0'
'tmp_install/usr/lib/ruby/gems/3.4.0/build_info' -> '/build/ruby-atk/pkg/ruby-atk/usr/lib/ruby/gems/3.4.0/build_info'
'tmp_install/usr/lib/ruby/gems/3.4.0/doc' -> '/build/ruby-atk/pkg/ruby-atk/usr/lib/ruby/gems/3.4.0/doc'
'tmp_install/usr/lib/ruby/gems/3.4.0/extensions' -> '/build/ruby-atk/pkg/ruby-atk/usr/lib/ruby/gems/3.4.0/extensions'
'tmp_install/usr/lib/ruby/gems/3.4.0/extensions/x86_64-linux' -> '/build/ruby-atk/pkg/ruby-atk/usr/lib/ruby/gems/3.4.0/extensions/x86_64-linux'
'tmp_install/usr/lib/ruby/gems/3.4.0/extensions/x86_64-linux/3.4.0' -> '/build/ruby-atk/pkg/ruby-atk/usr/lib/ruby/gems/3.4.0/extensions/x86_64-linux/3.4.0'
'tmp_install/usr/lib/ruby/gems/3.4.0/extensions/x86_64-linux/3.4.0/atk-4.3.2' -> '/build/ruby-atk/pkg/ruby-atk/usr/lib/ruby/gems/3.4.0/extensions/x86_64-linux/3.4.0/atk-4.3.2'
'tmp_install/usr/lib/ruby/gems/3.4.0/extensions/x86_64-linux/3.4.0/atk-4.3.2/gem.build_complete' -> '/build/ruby-atk/pkg/ruby-atk/usr/lib/ruby/gems/3.4.0/extensions/x86_64-linux/3.4.0/atk-4.3.2/gem.build_complete'
'tmp_install/usr/lib/ruby/gems/3.4.0/gems' -> '/build/ruby-atk/pkg/ruby-atk/usr/lib/ruby/gems/3.4.0/gems'
'tmp_install/usr/lib/ruby/gems/3.4.0/gems/atk-4.3.2' -> '/build/ruby-atk/pkg/ruby-atk/usr/lib/ruby/gems/3.4.0/gems/atk-4.3.2'
'tmp_install/usr/lib/ruby/gems/3.4.0/gems/atk-4.3.2/COPYING.LIB' -> '/build/ruby-atk/pkg/ruby-atk/usr/lib/ruby/gems/3.4.0/gems/atk-4.3.2/COPYING.LIB'
'tmp_install/usr/lib/ruby/gems/3.4.0/gems/atk-4.3.2/README.md' -> '/build/ruby-atk/pkg/ruby-atk/usr/lib/ruby/gems/3.4.0/gems/atk-4.3.2/README.md'
'tmp_install/usr/lib/ruby/gems/3.4.0/gems/atk-4.3.2/Rakefile' -> '/build/ruby-atk/pkg/ruby-atk/usr/lib/ruby/gems/3.4.0/gems/atk-4.3.2/Rakefile'
'tmp_install/usr/lib/ruby/gems/3.4.0/gems/atk-4.3.2/atk.gemspec' -> '/build/ruby-atk/pkg/ruby-atk/usr/lib/ruby/gems/3.4.0/gems/atk-4.3.2/atk.gemspec'
'tmp_install/usr/lib/ruby/gems/3.4.0/gems/atk-4.3.2/dependency-check' -> '/build/ruby-atk/pkg/ruby-atk/usr/lib/ruby/gems/3.4.0/gems/atk-4.3.2/dependency-check'
'tmp_install/usr/lib/ruby/gems/3.4.0/gems/atk-4.3.2/dependency-check/Rakefile' -> '/build/ruby-atk/pkg/ruby-atk/usr/lib/ruby/gems/3.4.0/gems/atk-4.3.2/dependency-check/Rakefile'
'tmp_install/usr/lib/ruby/gems/3.4.0/gems/atk-4.3.2/lib' -> '/build/ruby-atk/pkg/ruby-atk/usr/lib/ruby/gems/3.4.0/gems/atk-4.3.2/lib'
'tmp_install/usr/lib/ruby/gems/3.4.0/gems/atk-4.3.2/lib/atk.rb' -> '/build/ruby-atk/pkg/ruby-atk/usr/lib/ruby/gems/3.4.0/gems/atk-4.3.2/lib/atk.rb'
'tmp_install/usr/lib/ruby/gems/3.4.0/gems/atk-4.3.2/test' -> '/build/ruby-atk/pkg/ruby-atk/usr/lib/ruby/gems/3.4.0/gems/atk-4.3.2/test'
'tmp_install/usr/lib/ruby/gems/3.4.0/gems/atk-4.3.2/test/atk-test-utils.rb' -> '/build/ruby-atk/pkg/ruby-atk/usr/lib/ruby/gems/3.4.0/gems/atk-4.3.2/test/atk-test-utils.rb'
'tmp_install/usr/lib/ruby/gems/3.4.0/gems/atk-4.3.2/test/run-test.rb' -> '/build/ruby-atk/pkg/ruby-atk/usr/lib/ruby/gems/3.4.0/gems/atk-4.3.2/test/run-test.rb'
'tmp_install/usr/lib/ruby/gems/3.4.0/gems/atk-4.3.2/test/test-text-rectangle.rb' -> '/build/ruby-atk/pkg/ruby-atk/usr/lib/ruby/gems/3.4.0/gems/atk-4.3.2/test/test-text-rectangle.rb'
'tmp_install/usr/lib/ruby/gems/3.4.0/gems/atk-4.3.2/test/test-version.rb' -> '/build/ruby-atk/pkg/ruby-atk/usr/lib/ruby/gems/3.4.0/gems/atk-4.3.2/test/test-version.rb'
'tmp_install/usr/lib/ruby/gems/3.4.0/plugins' -> '/build/ruby-atk/pkg/ruby-atk/usr/lib/ruby/gems/3.4.0/plugins'
'tmp_install/usr/lib/ruby/gems/3.4.0/specifications' -> '/build/ruby-atk/pkg/ruby-atk/usr/lib/ruby/gems/3.4.0/specifications'
'tmp_install/usr/lib/ruby/gems/3.4.0/specifications/atk-4.3.2.gemspec' -> '/build/ruby-atk/pkg/ruby-atk/usr/lib/ruby/gems/3.4.0/specifications/atk-4.3.2.gemspec'
