'tmp_install/usr' -> '/build/ruby-cairo-gobject/pkg/ruby-cairo-gobject/usr'
'tmp_install/usr/lib' -> '/build/ruby-cairo-gobject/pkg/ruby-cairo-gobject/usr/lib'
'tmp_install/usr/lib/ruby' -> '/build/ruby-cairo-gobject/pkg/ruby-cairo-gobject/usr/lib/ruby'
'tmp_install/usr/lib/ruby/gems' -> '/build/ruby-cairo-gobject/pkg/ruby-cairo-gobject/usr/lib/ruby/gems'
'tmp_install/usr/lib/ruby/gems/3.4.0' -> '/build/ruby-cairo-gobject/pkg/ruby-cairo-gobject/usr/lib/ruby/gems/3.4.0'
'tmp_install/usr/lib/ruby/gems/3.4.0/build_info' -> '/build/ruby-cairo-gobject/pkg/ruby-cairo-gobject/usr/lib/ruby/gems/3.4.0/build_info'
'tmp_install/usr/lib/ruby/gems/3.4.0/doc' -> '/build/ruby-cairo-gobject/pkg/ruby-cairo-gobject/usr/lib/ruby/gems/3.4.0/doc'
'tmp_install/usr/lib/ruby/gems/3.4.0/extensions' -> '/build/ruby-cairo-gobject/pkg/ruby-cairo-gobject/usr/lib/ruby/gems/3.4.0/extensions'
'tmp_install/usr/lib/ruby/gems/3.4.0/extensions/x86_64-linux' -> '/build/ruby-cairo-gobject/pkg/ruby-cairo-gobject/usr/lib/ruby/gems/3.4.0/extensions/x86_64-linux'
'tmp_install/usr/lib/ruby/gems/3.4.0/extensions/x86_64-linux/3.4.0' -> '/build/ruby-cairo-gobject/pkg/ruby-cairo-gobject/usr/lib/ruby/gems/3.4.0/extensions/x86_64-linux/3.4.0'
'tmp_install/usr/lib/ruby/gems/3.4.0/extensions/x86_64-linux/3.4.0/cairo-gobject-4.3.2' -> '/build/ruby-cairo-gobject/pkg/ruby-cairo-gobject/usr/lib/ruby/gems/3.4.0/extensions/x86_64-linux/3.4.0/cairo-gobject-4.3.2'
'tmp_install/usr/lib/ruby/gems/3.4.0/extensions/x86_64-linux/3.4.0/cairo-gobject-4.3.2/gem.build_complete' -> '/build/ruby-cairo-gobject/pkg/ruby-cairo-gobject/usr/lib/ruby/gems/3.4.0/extensions/x86_64-linux/3.4.0/cairo-gobject-4.3.2/gem.build_complete'
'tmp_install/usr/lib/ruby/gems/3.4.0/extensions/x86_64-linux/3.4.0/cairo-gobject-4.3.2/cairo_gobject.so' -> '/build/ruby-cairo-gobject/pkg/ruby-cairo-gobject/usr/lib/ruby/gems/3.4.0/extensions/x86_64-linux/3.4.0/cairo-gobject-4.3.2/cairo_gobject.so'
'tmp_install/usr/lib/ruby/gems/3.4.0/gems' -> '/build/ruby-cairo-gobject/pkg/ruby-cairo-gobject/usr/lib/ruby/gems/3.4.0/gems'
'tmp_install/usr/lib/ruby/gems/3.4.0/gems/cairo-gobject-4.3.2' -> '/build/ruby-cairo-gobject/pkg/ruby-cairo-gobject/usr/lib/ruby/gems/3.4.0/gems/cairo-gobject-4.3.2'
'tmp_install/usr/lib/ruby/gems/3.4.0/gems/cairo-gobject-4.3.2/COPYING.LIB' -> '/build/ruby-cairo-gobject/pkg/ruby-cairo-gobject/usr/lib/ruby/gems/3.4.0/gems/cairo-gobject-4.3.2/COPYING.LIB'
'tmp_install/usr/lib/ruby/gems/3.4.0/gems/cairo-gobject-4.3.2/README.md' -> '/build/ruby-cairo-gobject/pkg/ruby-cairo-gobject/usr/lib/ruby/gems/3.4.0/gems/cairo-gobject-4.3.2/README.md'
'tmp_install/usr/lib/ruby/gems/3.4.0/gems/cairo-gobject-4.3.2/Rakefile' -> '/build/ruby-cairo-gobject/pkg/ruby-cairo-gobject/usr/lib/ruby/gems/3.4.0/gems/cairo-gobject-4.3.2/Rakefile'
'tmp_install/usr/lib/ruby/gems/3.4.0/gems/cairo-gobject-4.3.2/cairo-gobject.gemspec' -> '/build/ruby-cairo-gobject/pkg/ruby-cairo-gobject/usr/lib/ruby/gems/3.4.0/gems/cairo-gobject-4.3.2/cairo-gobject.gemspec'
'tmp_install/usr/lib/ruby/gems/3.4.0/gems/cairo-gobject-4.3.2/ext' -> '/build/ruby-cairo-gobject/pkg/ruby-cairo-gobject/usr/lib/ruby/gems/3.4.0/gems/cairo-gobject-4.3.2/ext'
'tmp_install/usr/lib/ruby/gems/3.4.0/gems/cairo-gobject-4.3.2/ext/cairo-gobject' -> '/build/ruby-cairo-gobject/pkg/ruby-cairo-gobject/usr/lib/ruby/gems/3.4.0/gems/cairo-gobject-4.3.2/ext/cairo-gobject'
'tmp_install/usr/lib/ruby/gems/3.4.0/gems/cairo-gobject-4.3.2/ext/cairo-gobject/extconf.rb' -> '/build/ruby-cairo-gobject/pkg/ruby-cairo-gobject/usr/lib/ruby/gems/3.4.0/gems/cairo-gobject-4.3.2/ext/cairo-gobject/extconf.rb'
'tmp_install/usr/lib/ruby/gems/3.4.0/gems/cairo-gobject-4.3.2/ext/cairo-gobject/rb-cairo-gobject.h' -> '/build/ruby-cairo-gobject/pkg/ruby-cairo-gobject/usr/lib/ruby/gems/3.4.0/gems/cairo-gobject-4.3.2/ext/cairo-gobject/rb-cairo-gobject.h'
'tmp_install/usr/lib/ruby/gems/3.4.0/gems/cairo-gobject-4.3.2/ext/cairo-gobject/ruby-cairo-gobject.pc' -> '/build/ruby-cairo-gobject/pkg/ruby-cairo-gobject/usr/lib/ruby/gems/3.4.0/gems/cairo-gobject-4.3.2/ext/cairo-gobject/ruby-cairo-gobject.pc'
'tmp_install/usr/lib/ruby/gems/3.4.0/gems/cairo-gobject-4.3.2/extconf.rb' -> '/build/ruby-cairo-gobject/pkg/ruby-cairo-gobject/usr/lib/ruby/gems/3.4.0/gems/cairo-gobject-4.3.2/extconf.rb'
'tmp_install/usr/lib/ruby/gems/3.4.0/gems/cairo-gobject-4.3.2/lib' -> '/build/ruby-cairo-gobject/pkg/ruby-cairo-gobject/usr/lib/ruby/gems/3.4.0/gems/cairo-gobject-4.3.2/lib'
'tmp_install/usr/lib/ruby/gems/3.4.0/gems/cairo-gobject-4.3.2/lib/cairo-gobject.rb' -> '/build/ruby-cairo-gobject/pkg/ruby-cairo-gobject/usr/lib/ruby/gems/3.4.0/gems/cairo-gobject-4.3.2/lib/cairo-gobject.rb'
'tmp_install/usr/lib/ruby/gems/3.4.0/gems/cairo-gobject-4.3.2/test' -> '/build/ruby-cairo-gobject/pkg/ruby-cairo-gobject/usr/lib/ruby/gems/3.4.0/gems/cairo-gobject-4.3.2/test'
'tmp_install/usr/lib/ruby/gems/3.4.0/gems/cairo-gobject-4.3.2/test/cairo-gobject-test-utils.rb' -> '/build/ruby-cairo-gobject/pkg/ruby-cairo-gobject/usr/lib/ruby/gems/3.4.0/gems/cairo-gobject-4.3.2/test/cairo-gobject-test-utils.rb'
'tmp_install/usr/lib/ruby/gems/3.4.0/gems/cairo-gobject-4.3.2/test/run-test.rb' -> '/build/ruby-cairo-gobject/pkg/ruby-cairo-gobject/usr/lib/ruby/gems/3.4.0/gems/cairo-gobject-4.3.2/test/run-test.rb'
'tmp_install/usr/lib/ruby/gems/3.4.0/gems/cairo-gobject-4.3.2/test/test_cairoantialias.rb' -> '/build/ruby-cairo-gobject/pkg/ruby-cairo-gobject/usr/lib/ruby/gems/3.4.0/gems/cairo-gobject-4.3.2/test/test_cairoantialias.rb'
'tmp_install/usr/lib/ruby/gems/3.4.0/gems/cairo-gobject-4.3.2/test/test_cairocontent.rb' -> '/build/ruby-cairo-gobject/pkg/ruby-cairo-gobject/usr/lib/ruby/gems/3.4.0/gems/cairo-gobject-4.3.2/test/test_cairocontent.rb'
'tmp_install/usr/lib/ruby/gems/3.4.0/gems/cairo-gobject-4.3.2/test/test_cairocontext.rb' -> '/build/ruby-cairo-gobject/pkg/ruby-cairo-gobject/usr/lib/ruby/gems/3.4.0/gems/cairo-gobject-4.3.2/test/test_cairocontext.rb'
'tmp_install/usr/lib/ruby/gems/3.4.0/gems/cairo-gobject-4.3.2/test/test_cairodevicetype.rb' -> '/build/ruby-cairo-gobject/pkg/ruby-cairo-gobject/usr/lib/ruby/gems/3.4.0/gems/cairo-gobject-4.3.2/test/test_cairodevicetype.rb'
'tmp_install/usr/lib/ruby/gems/3.4.0/gems/cairo-gobject-4.3.2/test/test_cairoextend.rb' -> '/build/ruby-cairo-gobject/pkg/ruby-cairo-gobject/usr/lib/ruby/gems/3.4.0/gems/cairo-gobject-4.3.2/test/test_cairoextend.rb'
'tmp_install/usr/lib/ruby/gems/3.4.0/gems/cairo-gobject-4.3.2/test/test_cairofillrule.rb' -> '/build/ruby-cairo-gobject/pkg/ruby-cairo-gobject/usr/lib/ruby/gems/3.4.0/gems/cairo-gobject-4.3.2/test/test_cairofillrule.rb'
'tmp_install/usr/lib/ruby/gems/3.4.0/gems/cairo-gobject-4.3.2/test/test_cairofilter.rb' -> '/build/ruby-cairo-gobject/pkg/ruby-cairo-gobject/usr/lib/ruby/gems/3.4.0/gems/cairo-gobject-4.3.2/test/test_cairofilter.rb'
'tmp_install/usr/lib/ruby/gems/3.4.0/gems/cairo-gobject-4.3.2/test/test_cairofontslant.rb' -> '/build/ruby-cairo-gobject/pkg/ruby-cairo-gobject/usr/lib/ruby/gems/3.4.0/gems/cairo-gobject-4.3.2/test/test_cairofontslant.rb'
'tmp_install/usr/lib/ruby/gems/3.4.0/gems/cairo-gobject-4.3.2/test/test_cairofonttype.rb' -> '/build/ruby-cairo-gobject/pkg/ruby-cairo-gobject/usr/lib/ruby/gems/3.4.0/gems/cairo-gobject-4.3.2/test/test_cairofonttype.rb'
'tmp_install/usr/lib/ruby/gems/3.4.0/gems/cairo-gobject-4.3.2/test/test_cairofontweight.rb' -> '/build/ruby-cairo-gobject/pkg/ruby-cairo-gobject/usr/lib/ruby/gems/3.4.0/gems/cairo-gobject-4.3.2/test/test_cairofontweight.rb'
'tmp_install/usr/lib/ruby/gems/3.4.0/gems/cairo-gobject-4.3.2/test/test_cairoformat.rb' -> '/build/ruby-cairo-gobject/pkg/ruby-cairo-gobject/usr/lib/ruby/gems/3.4.0/gems/cairo-gobject-4.3.2/test/test_cairoformat.rb'
'tmp_install/usr/lib/ruby/gems/3.4.0/gems/cairo-gobject-4.3.2/test/test_cairohintmetrics.rb' -> '/build/ruby-cairo-gobject/pkg/ruby-cairo-gobject/usr/lib/ruby/gems/3.4.0/gems/cairo-gobject-4.3.2/test/test_cairohintmetrics.rb'
'tmp_install/usr/lib/ruby/gems/3.4.0/gems/cairo-gobject-4.3.2/test/test_cairohintstyle.rb' -> '/build/ruby-cairo-gobject/pkg/ruby-cairo-gobject/usr/lib/ruby/gems/3.4.0/gems/cairo-gobject-4.3.2/test/test_cairohintstyle.rb'
'tmp_install/usr/lib/ruby/gems/3.4.0/gems/cairo-gobject-4.3.2/test/test_cairoimagesurface.rb' -> '/build/ruby-cairo-gobject/pkg/ruby-cairo-gobject/usr/lib/ruby/gems/3.4.0/gems/cairo-gobject-4.3.2/test/test_cairoimagesurface.rb'
'tmp_install/usr/lib/ruby/gems/3.4.0/gems/cairo-gobject-4.3.2/test/test_cairolinecap.rb' -> '/build/ruby-cairo-gobject/pkg/ruby-cairo-gobject/usr/lib/ruby/gems/3.4.0/gems/cairo-gobject-4.3.2/test/test_cairolinecap.rb'
'tmp_install/usr/lib/ruby/gems/3.4.0/gems/cairo-gobject-4.3.2/test/test_cairolinejoin.rb' -> '/build/ruby-cairo-gobject/pkg/ruby-cairo-gobject/usr/lib/ruby/gems/3.4.0/gems/cairo-gobject-4.3.2/test/test_cairolinejoin.rb'
'tmp_install/usr/lib/ruby/gems/3.4.0/gems/cairo-gobject-4.3.2/test/test_cairooperator.rb' -> '/build/ruby-cairo-gobject/pkg/ruby-cairo-gobject/usr/lib/ruby/gems/3.4.0/gems/cairo-gobject-4.3.2/test/test_cairooperator.rb'
'tmp_install/usr/lib/ruby/gems/3.4.0/gems/cairo-gobject-4.3.2/test/test_cairopathdatatype.rb' -> '/build/ruby-cairo-gobject/pkg/ruby-cairo-gobject/usr/lib/ruby/gems/3.4.0/gems/cairo-gobject-4.3.2/test/test_cairopathdatatype.rb'
'tmp_install/usr/lib/ruby/gems/3.4.0/gems/cairo-gobject-4.3.2/test/test_cairopatterntype.rb' -> '/build/ruby-cairo-gobject/pkg/ruby-cairo-gobject/usr/lib/ruby/gems/3.4.0/gems/cairo-gobject-4.3.2/test/test_cairopatterntype.rb'
'tmp_install/usr/lib/ruby/gems/3.4.0/gems/cairo-gobject-4.3.2/test/test_cairoregion.rb' -> '/build/ruby-cairo-gobject/pkg/ruby-cairo-gobject/usr/lib/ruby/gems/3.4.0/gems/cairo-gobject-4.3.2/test/test_cairoregion.rb'
'tmp_install/usr/lib/ruby/gems/3.4.0/gems/cairo-gobject-4.3.2/test/test_cairoregionoverlap.rb' -> '/build/ruby-cairo-gobject/pkg/ruby-cairo-gobject/usr/lib/ruby/gems/3.4.0/gems/cairo-gobject-4.3.2/test/test_cairoregionoverlap.rb'
'tmp_install/usr/lib/ruby/gems/3.4.0/gems/cairo-gobject-4.3.2/test/test_cairoscaledfont.rb' -> '/build/ruby-cairo-gobject/pkg/ruby-cairo-gobject/usr/lib/ruby/gems/3.4.0/gems/cairo-gobject-4.3.2/test/test_cairoscaledfont.rb'
'tmp_install/usr/lib/ruby/gems/3.4.0/gems/cairo-gobject-4.3.2/test/test_cairostatus.rb' -> '/build/ruby-cairo-gobject/pkg/ruby-cairo-gobject/usr/lib/ruby/gems/3.4.0/gems/cairo-gobject-4.3.2/test/test_cairostatus.rb'
'tmp_install/usr/lib/ruby/gems/3.4.0/gems/cairo-gobject-4.3.2/test/test_cairosubpixelorder.rb' -> '/build/ruby-cairo-gobject/pkg/ruby-cairo-gobject/usr/lib/ruby/gems/3.4.0/gems/cairo-gobject-4.3.2/test/test_cairosubpixelorder.rb'
'tmp_install/usr/lib/ruby/gems/3.4.0/gems/cairo-gobject-4.3.2/test/test_cairosurfacetype.rb' -> '/build/ruby-cairo-gobject/pkg/ruby-cairo-gobject/usr/lib/ruby/gems/3.4.0/gems/cairo-gobject-4.3.2/test/test_cairosurfacetype.rb'
'tmp_install/usr/lib/ruby/gems/3.4.0/gems/cairo-gobject-4.3.2/test/test_cairotextclusterflags.rb' -> '/build/ruby-cairo-gobject/pkg/ruby-cairo-gobject/usr/lib/ruby/gems/3.4.0/gems/cairo-gobject-4.3.2/test/test_cairotextclusterflags.rb'
'tmp_install/usr/lib/ruby/gems/3.4.0/plugins' -> '/build/ruby-cairo-gobject/pkg/ruby-cairo-gobject/usr/lib/ruby/gems/3.4.0/plugins'
'tmp_install/usr/lib/ruby/gems/3.4.0/specifications' -> '/build/ruby-cairo-gobject/pkg/ruby-cairo-gobject/usr/lib/ruby/gems/3.4.0/specifications'
'tmp_install/usr/lib/ruby/gems/3.4.0/specifications/cairo-gobject-4.3.2.gemspec' -> '/build/ruby-cairo-gobject/pkg/ruby-cairo-gobject/usr/lib/ruby/gems/3.4.0/specifications/cairo-gobject-4.3.2.gemspec'
