'tmp_install/usr' -> '/build/ruby-native-package-installer/pkg/ruby-native-package-installer/usr'
'tmp_install/usr/lib' -> '/build/ruby-native-package-installer/pkg/ruby-native-package-installer/usr/lib'
'tmp_install/usr/lib/ruby' -> '/build/ruby-native-package-installer/pkg/ruby-native-package-installer/usr/lib/ruby'
'tmp_install/usr/lib/ruby/gems' -> '/build/ruby-native-package-installer/pkg/ruby-native-package-installer/usr/lib/ruby/gems'
'tmp_install/usr/lib/ruby/gems/3.4.0' -> '/build/ruby-native-package-installer/pkg/ruby-native-package-installer/usr/lib/ruby/gems/3.4.0'
'tmp_install/usr/lib/ruby/gems/3.4.0/build_info' -> '/build/ruby-native-package-installer/pkg/ruby-native-package-installer/usr/lib/ruby/gems/3.4.0/build_info'
'tmp_install/usr/lib/ruby/gems/3.4.0/doc' -> '/build/ruby-native-package-installer/pkg/ruby-native-package-installer/usr/lib/ruby/gems/3.4.0/doc'
'tmp_install/usr/lib/ruby/gems/3.4.0/extensions' -> '/build/ruby-native-package-installer/pkg/ruby-native-package-installer/usr/lib/ruby/gems/3.4.0/extensions'
'tmp_install/usr/lib/ruby/gems/3.4.0/gems' -> '/build/ruby-native-package-installer/pkg/ruby-native-package-installer/usr/lib/ruby/gems/3.4.0/gems'
'tmp_install/usr/lib/ruby/gems/3.4.0/gems/native-package-installer-1.1.9' -> '/build/ruby-native-package-installer/pkg/ruby-native-package-installer/usr/lib/ruby/gems/3.4.0/gems/native-package-installer-1.1.9'
'tmp_install/usr/lib/ruby/gems/3.4.0/gems/native-package-installer-1.1.9/README.md' -> '/build/ruby-native-package-installer/pkg/ruby-native-package-installer/usr/lib/ruby/gems/3.4.0/gems/native-package-installer-1.1.9/README.md'
'tmp_install/usr/lib/ruby/gems/3.4.0/gems/native-package-installer-1.1.9/Rakefile' -> '/build/ruby-native-package-installer/pkg/ruby-native-package-installer/usr/lib/ruby/gems/3.4.0/gems/native-package-installer-1.1.9/Rakefile'
'tmp_install/usr/lib/ruby/gems/3.4.0/gems/native-package-installer-1.1.9/doc' -> '/build/ruby-native-package-installer/pkg/ruby-native-package-installer/usr/lib/ruby/gems/3.4.0/gems/native-package-installer-1.1.9/doc'
'tmp_install/usr/lib/ruby/gems/3.4.0/gems/native-package-installer-1.1.9/doc/text' -> '/build/ruby-native-package-installer/pkg/ruby-native-package-installer/usr/lib/ruby/gems/3.4.0/gems/native-package-installer-1.1.9/doc/text'
'tmp_install/usr/lib/ruby/gems/3.4.0/gems/native-package-installer-1.1.9/doc/text/gpl-3.txt' -> '/build/ruby-native-package-installer/pkg/ruby-native-package-installer/usr/lib/ruby/gems/3.4.0/gems/native-package-installer-1.1.9/doc/text/gpl-3.txt'
'tmp_install/usr/lib/ruby/gems/3.4.0/gems/native-package-installer-1.1.9/doc/text/lgpl-3.txt' -> '/build/ruby-native-package-installer/pkg/ruby-native-package-installer/usr/lib/ruby/gems/3.4.0/gems/native-package-installer-1.1.9/doc/text/lgpl-3.txt'
'tmp_install/usr/lib/ruby/gems/3.4.0/gems/native-package-installer-1.1.9/doc/text/news.md' -> '/build/ruby-native-package-installer/pkg/ruby-native-package-installer/usr/lib/ruby/gems/3.4.0/gems/native-package-installer-1.1.9/doc/text/news.md'
'tmp_install/usr/lib/ruby/gems/3.4.0/gems/native-package-installer-1.1.9/lib' -> '/build/ruby-native-package-installer/pkg/ruby-native-package-installer/usr/lib/ruby/gems/3.4.0/gems/native-package-installer-1.1.9/lib'
'tmp_install/usr/lib/ruby/gems/3.4.0/gems/native-package-installer-1.1.9/lib/native-package-installer.rb' -> '/build/ruby-native-package-installer/pkg/ruby-native-package-installer/usr/lib/ruby/gems/3.4.0/gems/native-package-installer-1.1.9/lib/native-package-installer.rb'
'tmp_install/usr/lib/ruby/gems/3.4.0/gems/native-package-installer-1.1.9/lib/native-package-installer' -> '/build/ruby-native-package-installer/pkg/ruby-native-package-installer/usr/lib/ruby/gems/3.4.0/gems/native-package-installer-1.1.9/lib/native-package-installer'
'tmp_install/usr/lib/ruby/gems/3.4.0/gems/native-package-installer-1.1.9/lib/native-package-installer/executable-finder.rb' -> '/build/ruby-native-package-installer/pkg/ruby-native-package-installer/usr/lib/ruby/gems/3.4.0/gems/native-package-installer-1.1.9/lib/native-package-installer/executable-finder.rb'
'tmp_install/usr/lib/ruby/gems/3.4.0/gems/native-package-installer-1.1.9/lib/native-package-installer/os-release.rb' -> '/build/ruby-native-package-installer/pkg/ruby-native-package-installer/usr/lib/ruby/gems/3.4.0/gems/native-package-installer-1.1.9/lib/native-package-installer/os-release.rb'
'tmp_install/usr/lib/ruby/gems/3.4.0/gems/native-package-installer-1.1.9/lib/native-package-installer/platform.rb' -> '/build/ruby-native-package-installer/pkg/ruby-native-package-installer/usr/lib/ruby/gems/3.4.0/gems/native-package-installer-1.1.9/lib/native-package-installer/platform.rb'
'tmp_install/usr/lib/ruby/gems/3.4.0/gems/native-package-installer-1.1.9/lib/native-package-installer/platform' -> '/build/ruby-native-package-installer/pkg/ruby-native-package-installer/usr/lib/ruby/gems/3.4.0/gems/native-package-installer-1.1.9/lib/native-package-installer/platform'
'tmp_install/usr/lib/ruby/gems/3.4.0/gems/native-package-installer-1.1.9/lib/native-package-installer/platform/alpine-linux.rb' -> '/build/ruby-native-package-installer/pkg/ruby-native-package-installer/usr/lib/ruby/gems/3.4.0/gems/native-package-installer-1.1.9/lib/native-package-installer/platform/alpine-linux.rb'
'tmp_install/usr/lib/ruby/gems/3.4.0/gems/native-package-installer-1.1.9/lib/native-package-installer/platform/alt-linux.rb' -> '/build/ruby-native-package-installer/pkg/ruby-native-package-installer/usr/lib/ruby/gems/3.4.0/gems/native-package-installer-1.1.9/lib/native-package-installer/platform/alt-linux.rb'
'tmp_install/usr/lib/ruby/gems/3.4.0/gems/native-package-installer-1.1.9/lib/native-package-installer/platform/amazon-linux-2.rb' -> '/build/ruby-native-package-installer/pkg/ruby-native-package-installer/usr/lib/ruby/gems/3.4.0/gems/native-package-installer-1.1.9/lib/native-package-installer/platform/amazon-linux-2.rb'
'tmp_install/usr/lib/ruby/gems/3.4.0/gems/native-package-installer-1.1.9/lib/native-package-installer/platform/amazon-linux-2023.rb' -> '/build/ruby-native-package-installer/pkg/ruby-native-package-installer/usr/lib/ruby/gems/3.4.0/gems/native-package-installer-1.1.9/lib/native-package-installer/platform/amazon-linux-2023.rb'
'tmp_install/usr/lib/ruby/gems/3.4.0/gems/native-package-installer-1.1.9/lib/native-package-installer/platform/arch-linux.rb' -> '/build/ruby-native-package-installer/pkg/ruby-native-package-installer/usr/lib/ruby/gems/3.4.0/gems/native-package-installer-1.1.9/lib/native-package-installer/platform/arch-linux.rb'
'tmp_install/usr/lib/ruby/gems/3.4.0/gems/native-package-installer-1.1.9/lib/native-package-installer/platform/conda.rb' -> '/build/ruby-native-package-installer/pkg/ruby-native-package-installer/usr/lib/ruby/gems/3.4.0/gems/native-package-installer-1.1.9/lib/native-package-installer/platform/conda.rb'
'tmp_install/usr/lib/ruby/gems/3.4.0/gems/native-package-installer-1.1.9/lib/native-package-installer/platform/debian.rb' -> '/build/ruby-native-package-installer/pkg/ruby-native-package-installer/usr/lib/ruby/gems/3.4.0/gems/native-package-installer-1.1.9/lib/native-package-installer/platform/debian.rb'
'tmp_install/usr/lib/ruby/gems/3.4.0/gems/native-package-installer-1.1.9/lib/native-package-installer/platform/fedora.rb' -> '/build/ruby-native-package-installer/pkg/ruby-native-package-installer/usr/lib/ruby/gems/3.4.0/gems/native-package-installer-1.1.9/lib/native-package-installer/platform/fedora.rb'
'tmp_install/usr/lib/ruby/gems/3.4.0/gems/native-package-installer-1.1.9/lib/native-package-installer/platform/freebsd.rb' -> '/build/ruby-native-package-installer/pkg/ruby-native-package-installer/usr/lib/ruby/gems/3.4.0/gems/native-package-installer-1.1.9/lib/native-package-installer/platform/freebsd.rb'
'tmp_install/usr/lib/ruby/gems/3.4.0/gems/native-package-installer-1.1.9/lib/native-package-installer/platform/gentoo-linux.rb' -> '/build/ruby-native-package-installer/pkg/ruby-native-package-installer/usr/lib/ruby/gems/3.4.0/gems/native-package-installer-1.1.9/lib/native-package-installer/platform/gentoo-linux.rb'
'tmp_install/usr/lib/ruby/gems/3.4.0/gems/native-package-installer-1.1.9/lib/native-package-installer/platform/homebrew.rb' -> '/build/ruby-native-package-installer/pkg/ruby-native-package-installer/usr/lib/ruby/gems/3.4.0/gems/native-package-installer-1.1.9/lib/native-package-installer/platform/homebrew.rb'
'tmp_install/usr/lib/ruby/gems/3.4.0/gems/native-package-installer-1.1.9/lib/native-package-installer/platform/macports.rb' -> '/build/ruby-native-package-installer/pkg/ruby-native-package-installer/usr/lib/ruby/gems/3.4.0/gems/native-package-installer-1.1.9/lib/native-package-installer/platform/macports.rb'
'tmp_install/usr/lib/ruby/gems/3.4.0/gems/native-package-installer-1.1.9/lib/native-package-installer/platform/msys2.rb' -> '/build/ruby-native-package-installer/pkg/ruby-native-package-installer/usr/lib/ruby/gems/3.4.0/gems/native-package-installer-1.1.9/lib/native-package-installer/platform/msys2.rb'
'tmp_install/usr/lib/ruby/gems/3.4.0/gems/native-package-installer-1.1.9/lib/native-package-installer/platform/pld-linux.rb' -> '/build/ruby-native-package-installer/pkg/ruby-native-package-installer/usr/lib/ruby/gems/3.4.0/gems/native-package-installer-1.1.9/lib/native-package-installer/platform/pld-linux.rb'
'tmp_install/usr/lib/ruby/gems/3.4.0/gems/native-package-installer-1.1.9/lib/native-package-installer/platform/red-hat-enterprise-linux.rb' -> '/build/ruby-native-package-installer/pkg/ruby-native-package-installer/usr/lib/ruby/gems/3.4.0/gems/native-package-installer-1.1.9/lib/native-package-installer/platform/red-hat-enterprise-linux.rb'
'tmp_install/usr/lib/ruby/gems/3.4.0/gems/native-package-installer-1.1.9/lib/native-package-installer/platform/suse.rb' -> '/build/ruby-native-package-installer/pkg/ruby-native-package-installer/usr/lib/ruby/gems/3.4.0/gems/native-package-installer-1.1.9/lib/native-package-installer/platform/suse.rb'
'tmp_install/usr/lib/ruby/gems/3.4.0/gems/native-package-installer-1.1.9/lib/native-package-installer/platform/ubuntu.rb' -> '/build/ruby-native-package-installer/pkg/ruby-native-package-installer/usr/lib/ruby/gems/3.4.0/gems/native-package-installer-1.1.9/lib/native-package-installer/platform/ubuntu.rb'
'tmp_install/usr/lib/ruby/gems/3.4.0/gems/native-package-installer-1.1.9/lib/native-package-installer/platform/unknown.rb' -> '/build/ruby-native-package-installer/pkg/ruby-native-package-installer/usr/lib/ruby/gems/3.4.0/gems/native-package-installer-1.1.9/lib/native-package-installer/platform/unknown.rb'
'tmp_install/usr/lib/ruby/gems/3.4.0/gems/native-package-installer-1.1.9/lib/native-package-installer/version.rb' -> '/build/ruby-native-package-installer/pkg/ruby-native-package-installer/usr/lib/ruby/gems/3.4.0/gems/native-package-installer-1.1.9/lib/native-package-installer/version.rb'
'tmp_install/usr/lib/ruby/gems/3.4.0/plugins' -> '/build/ruby-native-package-installer/pkg/ruby-native-package-installer/usr/lib/ruby/gems/3.4.0/plugins'
'tmp_install/usr/lib/ruby/gems/3.4.0/specifications' -> '/build/ruby-native-package-installer/pkg/ruby-native-package-installer/usr/lib/ruby/gems/3.4.0/specifications'
'tmp_install/usr/lib/ruby/gems/3.4.0/specifications/native-package-installer-1.1.9.gemspec' -> '/build/ruby-native-package-installer/pkg/ruby-native-package-installer/usr/lib/ruby/gems/3.4.0/specifications/native-package-installer-1.1.9.gemspec'
