'tmp_install/usr' -> '/build/ruby-gstreamer/pkg/ruby-gstreamer/usr'
'tmp_install/usr/lib' -> '/build/ruby-gstreamer/pkg/ruby-gstreamer/usr/lib'
'tmp_install/usr/lib/ruby' -> '/build/ruby-gstreamer/pkg/ruby-gstreamer/usr/lib/ruby'
'tmp_install/usr/lib/ruby/gems' -> '/build/ruby-gstreamer/pkg/ruby-gstreamer/usr/lib/ruby/gems'
'tmp_install/usr/lib/ruby/gems/3.4.0' -> '/build/ruby-gstreamer/pkg/ruby-gstreamer/usr/lib/ruby/gems/3.4.0'
'tmp_install/usr/lib/ruby/gems/3.4.0/build_info' -> '/build/ruby-gstreamer/pkg/ruby-gstreamer/usr/lib/ruby/gems/3.4.0/build_info'
'tmp_install/usr/lib/ruby/gems/3.4.0/doc' -> '/build/ruby-gstreamer/pkg/ruby-gstreamer/usr/lib/ruby/gems/3.4.0/doc'
'tmp_install/usr/lib/ruby/gems/3.4.0/extensions' -> '/build/ruby-gstreamer/pkg/ruby-gstreamer/usr/lib/ruby/gems/3.4.0/extensions'
'tmp_install/usr/lib/ruby/gems/3.4.0/extensions/x86_64-linux' -> '/build/ruby-gstreamer/pkg/ruby-gstreamer/usr/lib/ruby/gems/3.4.0/extensions/x86_64-linux'
'tmp_install/usr/lib/ruby/gems/3.4.0/extensions/x86_64-linux/3.4.0' -> '/build/ruby-gstreamer/pkg/ruby-gstreamer/usr/lib/ruby/gems/3.4.0/extensions/x86_64-linux/3.4.0'
'tmp_install/usr/lib/ruby/gems/3.4.0/extensions/x86_64-linux/3.4.0/gstreamer-4.3.2' -> '/build/ruby-gstreamer/pkg/ruby-gstreamer/usr/lib/ruby/gems/3.4.0/extensions/x86_64-linux/3.4.0/gstreamer-4.3.2'
'tmp_install/usr/lib/ruby/gems/3.4.0/extensions/x86_64-linux/3.4.0/gstreamer-4.3.2/gem.build_complete' -> '/build/ruby-gstreamer/pkg/ruby-gstreamer/usr/lib/ruby/gems/3.4.0/extensions/x86_64-linux/3.4.0/gstreamer-4.3.2/gem.build_complete'
'tmp_install/usr/lib/ruby/gems/3.4.0/extensions/x86_64-linux/3.4.0/gstreamer-4.3.2/gstreamer.so' -> '/build/ruby-gstreamer/pkg/ruby-gstreamer/usr/lib/ruby/gems/3.4.0/extensions/x86_64-linux/3.4.0/gstreamer-4.3.2/gstreamer.so'
'tmp_install/usr/lib/ruby/gems/3.4.0/gems' -> '/build/ruby-gstreamer/pkg/ruby-gstreamer/usr/lib/ruby/gems/3.4.0/gems'
'tmp_install/usr/lib/ruby/gems/3.4.0/gems/gstreamer-4.3.2' -> '/build/ruby-gstreamer/pkg/ruby-gstreamer/usr/lib/ruby/gems/3.4.0/gems/gstreamer-4.3.2'
'tmp_install/usr/lib/ruby/gems/3.4.0/gems/gstreamer-4.3.2/COPYING.LIB' -> '/build/ruby-gstreamer/pkg/ruby-gstreamer/usr/lib/ruby/gems/3.4.0/gems/gstreamer-4.3.2/COPYING.LIB'
'tmp_install/usr/lib/ruby/gems/3.4.0/gems/gstreamer-4.3.2/README.md' -> '/build/ruby-gstreamer/pkg/ruby-gstreamer/usr/lib/ruby/gems/3.4.0/gems/gstreamer-4.3.2/README.md'
'tmp_install/usr/lib/ruby/gems/3.4.0/gems/gstreamer-4.3.2/Rakefile' -> '/build/ruby-gstreamer/pkg/ruby-gstreamer/usr/lib/ruby/gems/3.4.0/gems/gstreamer-4.3.2/Rakefile'
'tmp_install/usr/lib/ruby/gems/3.4.0/gems/gstreamer-4.3.2/ext' -> '/build/ruby-gstreamer/pkg/ruby-gstreamer/usr/lib/ruby/gems/3.4.0/gems/gstreamer-4.3.2/ext'
'tmp_install/usr/lib/ruby/gems/3.4.0/gems/gstreamer-4.3.2/ext/gstreamer' -> '/build/ruby-gstreamer/pkg/ruby-gstreamer/usr/lib/ruby/gems/3.4.0/gems/gstreamer-4.3.2/ext/gstreamer'
'tmp_install/usr/lib/ruby/gems/3.4.0/gems/gstreamer-4.3.2/ext/gstreamer/depend' -> '/build/ruby-gstreamer/pkg/ruby-gstreamer/usr/lib/ruby/gems/3.4.0/gems/gstreamer-4.3.2/ext/gstreamer/depend'
'tmp_install/usr/lib/ruby/gems/3.4.0/gems/gstreamer-4.3.2/ext/gstreamer/extconf.rb' -> '/build/ruby-gstreamer/pkg/ruby-gstreamer/usr/lib/ruby/gems/3.4.0/gems/gstreamer-4.3.2/ext/gstreamer/extconf.rb'
'tmp_install/usr/lib/ruby/gems/3.4.0/gems/gstreamer-4.3.2/ext/gstreamer/rbgst.h' -> '/build/ruby-gstreamer/pkg/ruby-gstreamer/usr/lib/ruby/gems/3.4.0/gems/gstreamer-4.3.2/ext/gstreamer/rbgst.h'
'tmp_install/usr/lib/ruby/gems/3.4.0/gems/gstreamer-4.3.2/ext/gstreamer/ruby-gstreamer.pc' -> '/build/ruby-gstreamer/pkg/ruby-gstreamer/usr/lib/ruby/gems/3.4.0/gems/gstreamer-4.3.2/ext/gstreamer/ruby-gstreamer.pc'
'tmp_install/usr/lib/ruby/gems/3.4.0/gems/gstreamer-4.3.2/extconf.rb' -> '/build/ruby-gstreamer/pkg/ruby-gstreamer/usr/lib/ruby/gems/3.4.0/gems/gstreamer-4.3.2/extconf.rb'
'tmp_install/usr/lib/ruby/gems/3.4.0/gems/gstreamer-4.3.2/gstreamer.gemspec' -> '/build/ruby-gstreamer/pkg/ruby-gstreamer/usr/lib/ruby/gems/3.4.0/gems/gstreamer-4.3.2/gstreamer.gemspec'
'tmp_install/usr/lib/ruby/gems/3.4.0/gems/gstreamer-4.3.2/lib' -> '/build/ruby-gstreamer/pkg/ruby-gstreamer/usr/lib/ruby/gems/3.4.0/gems/gstreamer-4.3.2/lib'
'tmp_install/usr/lib/ruby/gems/3.4.0/gems/gstreamer-4.3.2/lib/gst.rb' -> '/build/ruby-gstreamer/pkg/ruby-gstreamer/usr/lib/ruby/gems/3.4.0/gems/gstreamer-4.3.2/lib/gst.rb'
'tmp_install/usr/lib/ruby/gems/3.4.0/gems/gstreamer-4.3.2/lib/gst' -> '/build/ruby-gstreamer/pkg/ruby-gstreamer/usr/lib/ruby/gems/3.4.0/gems/gstreamer-4.3.2/lib/gst'
'tmp_install/usr/lib/ruby/gems/3.4.0/gems/gstreamer-4.3.2/lib/gst/audio-loader.rb' -> '/build/ruby-gstreamer/pkg/ruby-gstreamer/usr/lib/ruby/gems/3.4.0/gems/gstreamer-4.3.2/lib/gst/audio-loader.rb'
'tmp_install/usr/lib/ruby/gems/3.4.0/gems/gstreamer-4.3.2/lib/gst/base-loader.rb' -> '/build/ruby-gstreamer/pkg/ruby-gstreamer/usr/lib/ruby/gems/3.4.0/gems/gstreamer-4.3.2/lib/gst/base-loader.rb'
'tmp_install/usr/lib/ruby/gems/3.4.0/gems/gstreamer-4.3.2/lib/gst/bin.rb' -> '/build/ruby-gstreamer/pkg/ruby-gstreamer/usr/lib/ruby/gems/3.4.0/gems/gstreamer-4.3.2/lib/gst/bin.rb'
'tmp_install/usr/lib/ruby/gems/3.4.0/gems/gstreamer-4.3.2/lib/gst/bus.rb' -> '/build/ruby-gstreamer/pkg/ruby-gstreamer/usr/lib/ruby/gems/3.4.0/gems/gstreamer-4.3.2/lib/gst/bus.rb'
'tmp_install/usr/lib/ruby/gems/3.4.0/gems/gstreamer-4.3.2/lib/gst/caps.rb' -> '/build/ruby-gstreamer/pkg/ruby-gstreamer/usr/lib/ruby/gems/3.4.0/gems/gstreamer-4.3.2/lib/gst/caps.rb'
'tmp_install/usr/lib/ruby/gems/3.4.0/gems/gstreamer-4.3.2/lib/gst/controller-loader.rb' -> '/build/ruby-gstreamer/pkg/ruby-gstreamer/usr/lib/ruby/gems/3.4.0/gems/gstreamer-4.3.2/lib/gst/controller-loader.rb'
'tmp_install/usr/lib/ruby/gems/3.4.0/gems/gstreamer-4.3.2/lib/gst/element-factory.rb' -> '/build/ruby-gstreamer/pkg/ruby-gstreamer/usr/lib/ruby/gems/3.4.0/gems/gstreamer-4.3.2/lib/gst/element-factory.rb'
'tmp_install/usr/lib/ruby/gems/3.4.0/gems/gstreamer-4.3.2/lib/gst/element.rb' -> '/build/ruby-gstreamer/pkg/ruby-gstreamer/usr/lib/ruby/gems/3.4.0/gems/gstreamer-4.3.2/lib/gst/element.rb'
'tmp_install/usr/lib/ruby/gems/3.4.0/gems/gstreamer-4.3.2/lib/gst/loader.rb' -> '/build/ruby-gstreamer/pkg/ruby-gstreamer/usr/lib/ruby/gems/3.4.0/gems/gstreamer-4.3.2/lib/gst/loader.rb'
'tmp_install/usr/lib/ruby/gems/3.4.0/gems/gstreamer-4.3.2/lib/gst/plugin-feature.rb' -> '/build/ruby-gstreamer/pkg/ruby-gstreamer/usr/lib/ruby/gems/3.4.0/gems/gstreamer-4.3.2/lib/gst/plugin-feature.rb'
'tmp_install/usr/lib/ruby/gems/3.4.0/gems/gstreamer-4.3.2/lib/gst/registry.rb' -> '/build/ruby-gstreamer/pkg/ruby-gstreamer/usr/lib/ruby/gems/3.4.0/gems/gstreamer-4.3.2/lib/gst/registry.rb'
'tmp_install/usr/lib/ruby/gems/3.4.0/gems/gstreamer-4.3.2/lib/gst/structure.rb' -> '/build/ruby-gstreamer/pkg/ruby-gstreamer/usr/lib/ruby/gems/3.4.0/gems/gstreamer-4.3.2/lib/gst/structure.rb'
'tmp_install/usr/lib/ruby/gems/3.4.0/gems/gstreamer-4.3.2/lib/gst/tag-list.rb' -> '/build/ruby-gstreamer/pkg/ruby-gstreamer/usr/lib/ruby/gems/3.4.0/gems/gstreamer-4.3.2/lib/gst/tag-list.rb'
'tmp_install/usr/lib/ruby/gems/3.4.0/gems/gstreamer-4.3.2/lib/gst/type-find-factory.rb' -> '/build/ruby-gstreamer/pkg/ruby-gstreamer/usr/lib/ruby/gems/3.4.0/gems/gstreamer-4.3.2/lib/gst/type-find-factory.rb'
'tmp_install/usr/lib/ruby/gems/3.4.0/gems/gstreamer-4.3.2/lib/gst/version.rb' -> '/build/ruby-gstreamer/pkg/ruby-gstreamer/usr/lib/ruby/gems/3.4.0/gems/gstreamer-4.3.2/lib/gst/version.rb'
'tmp_install/usr/lib/ruby/gems/3.4.0/gems/gstreamer-4.3.2/lib/gstreamer.rb' -> '/build/ruby-gstreamer/pkg/ruby-gstreamer/usr/lib/ruby/gems/3.4.0/gems/gstreamer-4.3.2/lib/gstreamer.rb'
'tmp_install/usr/lib/ruby/gems/3.4.0/gems/gstreamer-4.3.2/sample' -> '/build/ruby-gstreamer/pkg/ruby-gstreamer/usr/lib/ruby/gems/3.4.0/gems/gstreamer-4.3.2/sample'
'tmp_install/usr/lib/ruby/gems/3.4.0/gems/gstreamer-4.3.2/sample/audio-example.rb' -> '/build/ruby-gstreamer/pkg/ruby-gstreamer/usr/lib/ruby/gems/3.4.0/gems/gstreamer-4.3.2/sample/audio-example.rb'
'tmp_install/usr/lib/ruby/gems/3.4.0/gems/gstreamer-4.3.2/sample/audio-extract.rb' -> '/build/ruby-gstreamer/pkg/ruby-gstreamer/usr/lib/ruby/gems/3.4.0/gems/gstreamer-4.3.2/sample/audio-extract.rb'
'tmp_install/usr/lib/ruby/gems/3.4.0/gems/gstreamer-4.3.2/sample/framestep1.rb' -> '/build/ruby-gstreamer/pkg/ruby-gstreamer/usr/lib/ruby/gems/3.4.0/gems/gstreamer-4.3.2/sample/framestep1.rb'
'tmp_install/usr/lib/ruby/gems/3.4.0/gems/gstreamer-4.3.2/sample/gst-inspect.rb' -> '/build/ruby-gstreamer/pkg/ruby-gstreamer/usr/lib/ruby/gems/3.4.0/gems/gstreamer-4.3.2/sample/gst-inspect.rb'
'tmp_install/usr/lib/ruby/gems/3.4.0/gems/gstreamer-4.3.2/sample/gtk-video.rb' -> '/build/ruby-gstreamer/pkg/ruby-gstreamer/usr/lib/ruby/gems/3.4.0/gems/gstreamer-4.3.2/sample/gtk-video.rb'
'tmp_install/usr/lib/ruby/gems/3.4.0/gems/gstreamer-4.3.2/sample/helloworld.rb' -> '/build/ruby-gstreamer/pkg/ruby-gstreamer/usr/lib/ruby/gems/3.4.0/gems/gstreamer-4.3.2/sample/helloworld.rb'
'tmp_install/usr/lib/ruby/gems/3.4.0/gems/gstreamer-4.3.2/sample/mp3parselaunch.rb' -> '/build/ruby-gstreamer/pkg/ruby-gstreamer/usr/lib/ruby/gems/3.4.0/gems/gstreamer-4.3.2/sample/mp3parselaunch.rb'
'tmp_install/usr/lib/ruby/gems/3.4.0/gems/gstreamer-4.3.2/sample/queue.rb' -> '/build/ruby-gstreamer/pkg/ruby-gstreamer/usr/lib/ruby/gems/3.4.0/gems/gstreamer-4.3.2/sample/queue.rb'
'tmp_install/usr/lib/ruby/gems/3.4.0/gems/gstreamer-4.3.2/sample/stream-status.rb' -> '/build/ruby-gstreamer/pkg/ruby-gstreamer/usr/lib/ruby/gems/3.4.0/gems/gstreamer-4.3.2/sample/stream-status.rb'
'tmp_install/usr/lib/ruby/gems/3.4.0/gems/gstreamer-4.3.2/sample/text-color-example.rb' -> '/build/ruby-gstreamer/pkg/ruby-gstreamer/usr/lib/ruby/gems/3.4.0/gems/gstreamer-4.3.2/sample/text-color-example.rb'
'tmp_install/usr/lib/ruby/gems/3.4.0/gems/gstreamer-4.3.2/sample/typefind.rb' -> '/build/ruby-gstreamer/pkg/ruby-gstreamer/usr/lib/ruby/gems/3.4.0/gems/gstreamer-4.3.2/sample/typefind.rb'
'tmp_install/usr/lib/ruby/gems/3.4.0/gems/gstreamer-4.3.2/test' -> '/build/ruby-gstreamer/pkg/ruby-gstreamer/usr/lib/ruby/gems/3.4.0/gems/gstreamer-4.3.2/test'
'tmp_install/usr/lib/ruby/gems/3.4.0/gems/gstreamer-4.3.2/test/gstreamer-test-utils.rb' -> '/build/ruby-gstreamer/pkg/ruby-gstreamer/usr/lib/ruby/gems/3.4.0/gems/gstreamer-4.3.2/test/gstreamer-test-utils.rb'
'tmp_install/usr/lib/ruby/gems/3.4.0/gems/gstreamer-4.3.2/test/run-test.rb' -> '/build/ruby-gstreamer/pkg/ruby-gstreamer/usr/lib/ruby/gems/3.4.0/gems/gstreamer-4.3.2/test/run-test.rb'
'tmp_install/usr/lib/ruby/gems/3.4.0/gems/gstreamer-4.3.2/test/test-audio.rb' -> '/build/ruby-gstreamer/pkg/ruby-gstreamer/usr/lib/ruby/gems/3.4.0/gems/gstreamer-4.3.2/test/test-audio.rb'
'tmp_install/usr/lib/ruby/gems/3.4.0/gems/gstreamer-4.3.2/test/test-bin.rb' -> '/build/ruby-gstreamer/pkg/ruby-gstreamer/usr/lib/ruby/gems/3.4.0/gems/gstreamer-4.3.2/test/test-bin.rb'
'tmp_install/usr/lib/ruby/gems/3.4.0/gems/gstreamer-4.3.2/test/test-bus.rb' -> '/build/ruby-gstreamer/pkg/ruby-gstreamer/usr/lib/ruby/gems/3.4.0/gems/gstreamer-4.3.2/test/test-bus.rb'
'tmp_install/usr/lib/ruby/gems/3.4.0/gems/gstreamer-4.3.2/test/test-caps.rb' -> '/build/ruby-gstreamer/pkg/ruby-gstreamer/usr/lib/ruby/gems/3.4.0/gems/gstreamer-4.3.2/test/test-caps.rb'
'tmp_install/usr/lib/ruby/gems/3.4.0/gems/gstreamer-4.3.2/test/test-child-proxy.rb' -> '/build/ruby-gstreamer/pkg/ruby-gstreamer/usr/lib/ruby/gems/3.4.0/gems/gstreamer-4.3.2/test/test-child-proxy.rb'
'tmp_install/usr/lib/ruby/gems/3.4.0/gems/gstreamer-4.3.2/test/test-element-factory.rb' -> '/build/ruby-gstreamer/pkg/ruby-gstreamer/usr/lib/ruby/gems/3.4.0/gems/gstreamer-4.3.2/test/test-element-factory.rb'
'tmp_install/usr/lib/ruby/gems/3.4.0/gems/gstreamer-4.3.2/test/test-map-info.rb' -> '/build/ruby-gstreamer/pkg/ruby-gstreamer/usr/lib/ruby/gems/3.4.0/gems/gstreamer-4.3.2/test/test-map-info.rb'
'tmp_install/usr/lib/ruby/gems/3.4.0/gems/gstreamer-4.3.2/test/test-tag-list.rb' -> '/build/ruby-gstreamer/pkg/ruby-gstreamer/usr/lib/ruby/gems/3.4.0/gems/gstreamer-4.3.2/test/test-tag-list.rb'
'tmp_install/usr/lib/ruby/gems/3.4.0/gems/gstreamer-4.3.2/test/test-version.rb' -> '/build/ruby-gstreamer/pkg/ruby-gstreamer/usr/lib/ruby/gems/3.4.0/gems/gstreamer-4.3.2/test/test-version.rb'
'tmp_install/usr/lib/ruby/gems/3.4.0/plugins' -> '/build/ruby-gstreamer/pkg/ruby-gstreamer/usr/lib/ruby/gems/3.4.0/plugins'
'tmp_install/usr/lib/ruby/gems/3.4.0/specifications' -> '/build/ruby-gstreamer/pkg/ruby-gstreamer/usr/lib/ruby/gems/3.4.0/specifications'
'tmp_install/usr/lib/ruby/gems/3.4.0/specifications/gstreamer-4.3.2.gemspec' -> '/build/ruby-gstreamer/pkg/ruby-gstreamer/usr/lib/ruby/gems/3.4.0/specifications/gstreamer-4.3.2.gemspec'
