'tmp_install/usr' -> '/build/ruby-gio2/pkg/ruby-gio2/usr'
'tmp_install/usr/lib' -> '/build/ruby-gio2/pkg/ruby-gio2/usr/lib'
'tmp_install/usr/lib/ruby' -> '/build/ruby-gio2/pkg/ruby-gio2/usr/lib/ruby'
'tmp_install/usr/lib/ruby/gems' -> '/build/ruby-gio2/pkg/ruby-gio2/usr/lib/ruby/gems'
'tmp_install/usr/lib/ruby/gems/3.4.0' -> '/build/ruby-gio2/pkg/ruby-gio2/usr/lib/ruby/gems/3.4.0'
'tmp_install/usr/lib/ruby/gems/3.4.0/build_info' -> '/build/ruby-gio2/pkg/ruby-gio2/usr/lib/ruby/gems/3.4.0/build_info'
'tmp_install/usr/lib/ruby/gems/3.4.0/doc' -> '/build/ruby-gio2/pkg/ruby-gio2/usr/lib/ruby/gems/3.4.0/doc'
'tmp_install/usr/lib/ruby/gems/3.4.0/extensions' -> '/build/ruby-gio2/pkg/ruby-gio2/usr/lib/ruby/gems/3.4.0/extensions'
'tmp_install/usr/lib/ruby/gems/3.4.0/extensions/x86_64-linux' -> '/build/ruby-gio2/pkg/ruby-gio2/usr/lib/ruby/gems/3.4.0/extensions/x86_64-linux'
'tmp_install/usr/lib/ruby/gems/3.4.0/extensions/x86_64-linux/3.4.0' -> '/build/ruby-gio2/pkg/ruby-gio2/usr/lib/ruby/gems/3.4.0/extensions/x86_64-linux/3.4.0'
'tmp_install/usr/lib/ruby/gems/3.4.0/extensions/x86_64-linux/3.4.0/gio2-4.3.2' -> '/build/ruby-gio2/pkg/ruby-gio2/usr/lib/ruby/gems/3.4.0/extensions/x86_64-linux/3.4.0/gio2-4.3.2'
'tmp_install/usr/lib/ruby/gems/3.4.0/extensions/x86_64-linux/3.4.0/gio2-4.3.2/gem.build_complete' -> '/build/ruby-gio2/pkg/ruby-gio2/usr/lib/ruby/gems/3.4.0/extensions/x86_64-linux/3.4.0/gio2-4.3.2/gem.build_complete'
'tmp_install/usr/lib/ruby/gems/3.4.0/extensions/x86_64-linux/3.4.0/gio2-4.3.2/gio2.so' -> '/build/ruby-gio2/pkg/ruby-gio2/usr/lib/ruby/gems/3.4.0/extensions/x86_64-linux/3.4.0/gio2-4.3.2/gio2.so'
'tmp_install/usr/lib/ruby/gems/3.4.0/gems' -> '/build/ruby-gio2/pkg/ruby-gio2/usr/lib/ruby/gems/3.4.0/gems'
'tmp_install/usr/lib/ruby/gems/3.4.0/gems/gio2-4.3.2' -> '/build/ruby-gio2/pkg/ruby-gio2/usr/lib/ruby/gems/3.4.0/gems/gio2-4.3.2'
'tmp_install/usr/lib/ruby/gems/3.4.0/gems/gio2-4.3.2/COPYING.LIB' -> '/build/ruby-gio2/pkg/ruby-gio2/usr/lib/ruby/gems/3.4.0/gems/gio2-4.3.2/COPYING.LIB'
'tmp_install/usr/lib/ruby/gems/3.4.0/gems/gio2-4.3.2/README.md' -> '/build/ruby-gio2/pkg/ruby-gio2/usr/lib/ruby/gems/3.4.0/gems/gio2-4.3.2/README.md'
'tmp_install/usr/lib/ruby/gems/3.4.0/gems/gio2-4.3.2/Rakefile' -> '/build/ruby-gio2/pkg/ruby-gio2/usr/lib/ruby/gems/3.4.0/gems/gio2-4.3.2/Rakefile'
'tmp_install/usr/lib/ruby/gems/3.4.0/gems/gio2-4.3.2/ext' -> '/build/ruby-gio2/pkg/ruby-gio2/usr/lib/ruby/gems/3.4.0/gems/gio2-4.3.2/ext'
'tmp_install/usr/lib/ruby/gems/3.4.0/gems/gio2-4.3.2/ext/gio2' -> '/build/ruby-gio2/pkg/ruby-gio2/usr/lib/ruby/gems/3.4.0/gems/gio2-4.3.2/ext/gio2'
'tmp_install/usr/lib/ruby/gems/3.4.0/gems/gio2-4.3.2/ext/gio2/depend' -> '/build/ruby-gio2/pkg/ruby-gio2/usr/lib/ruby/gems/3.4.0/gems/gio2-4.3.2/ext/gio2/depend'
'tmp_install/usr/lib/ruby/gems/3.4.0/gems/gio2-4.3.2/ext/gio2/extconf.rb' -> '/build/ruby-gio2/pkg/ruby-gio2/usr/lib/ruby/gems/3.4.0/gems/gio2-4.3.2/ext/gio2/extconf.rb'
'tmp_install/usr/lib/ruby/gems/3.4.0/gems/gio2-4.3.2/ext/gio2/rb-gio2.h' -> '/build/ruby-gio2/pkg/ruby-gio2/usr/lib/ruby/gems/3.4.0/gems/gio2-4.3.2/ext/gio2/rb-gio2.h'
'tmp_install/usr/lib/ruby/gems/3.4.0/gems/gio2-4.3.2/ext/gio2/ruby-gio2.pc' -> '/build/ruby-gio2/pkg/ruby-gio2/usr/lib/ruby/gems/3.4.0/gems/gio2-4.3.2/ext/gio2/ruby-gio2.pc'
'tmp_install/usr/lib/ruby/gems/3.4.0/gems/gio2-4.3.2/extconf.rb' -> '/build/ruby-gio2/pkg/ruby-gio2/usr/lib/ruby/gems/3.4.0/gems/gio2-4.3.2/extconf.rb'
'tmp_install/usr/lib/ruby/gems/3.4.0/gems/gio2-4.3.2/gio2.gemspec' -> '/build/ruby-gio2/pkg/ruby-gio2/usr/lib/ruby/gems/3.4.0/gems/gio2-4.3.2/gio2.gemspec'
'tmp_install/usr/lib/ruby/gems/3.4.0/gems/gio2-4.3.2/lib' -> '/build/ruby-gio2/pkg/ruby-gio2/usr/lib/ruby/gems/3.4.0/gems/gio2-4.3.2/lib'
'tmp_install/usr/lib/ruby/gems/3.4.0/gems/gio2-4.3.2/lib/gio2.rb' -> '/build/ruby-gio2/pkg/ruby-gio2/usr/lib/ruby/gems/3.4.0/gems/gio2-4.3.2/lib/gio2.rb'
'tmp_install/usr/lib/ruby/gems/3.4.0/gems/gio2-4.3.2/lib/gio2' -> '/build/ruby-gio2/pkg/ruby-gio2/usr/lib/ruby/gems/3.4.0/gems/gio2-4.3.2/lib/gio2'
'tmp_install/usr/lib/ruby/gems/3.4.0/gems/gio2-4.3.2/lib/gio2/action-map.rb' -> '/build/ruby-gio2/pkg/ruby-gio2/usr/lib/ruby/gems/3.4.0/gems/gio2-4.3.2/lib/gio2/action-map.rb'
'tmp_install/usr/lib/ruby/gems/3.4.0/gems/gio2-4.3.2/lib/gio2/action.rb' -> '/build/ruby-gio2/pkg/ruby-gio2/usr/lib/ruby/gems/3.4.0/gems/gio2-4.3.2/lib/gio2/action.rb'
'tmp_install/usr/lib/ruby/gems/3.4.0/gems/gio2-4.3.2/lib/gio2/application-command-line.rb' -> '/build/ruby-gio2/pkg/ruby-gio2/usr/lib/ruby/gems/3.4.0/gems/gio2-4.3.2/lib/gio2/application-command-line.rb'
'tmp_install/usr/lib/ruby/gems/3.4.0/gems/gio2-4.3.2/lib/gio2/bytes-icon.rb' -> '/build/ruby-gio2/pkg/ruby-gio2/usr/lib/ruby/gems/3.4.0/gems/gio2-4.3.2/lib/gio2/bytes-icon.rb'
'tmp_install/usr/lib/ruby/gems/3.4.0/gems/gio2-4.3.2/lib/gio2/content-type.rb' -> '/build/ruby-gio2/pkg/ruby-gio2/usr/lib/ruby/gems/3.4.0/gems/gio2-4.3.2/lib/gio2/content-type.rb'
'tmp_install/usr/lib/ruby/gems/3.4.0/gems/gio2-4.3.2/lib/gio2/deprecated.rb' -> '/build/ruby-gio2/pkg/ruby-gio2/usr/lib/ruby/gems/3.4.0/gems/gio2-4.3.2/lib/gio2/deprecated.rb'
'tmp_install/usr/lib/ruby/gems/3.4.0/gems/gio2-4.3.2/lib/gio2/file.rb' -> '/build/ruby-gio2/pkg/ruby-gio2/usr/lib/ruby/gems/3.4.0/gems/gio2-4.3.2/lib/gio2/file.rb'
'tmp_install/usr/lib/ruby/gems/3.4.0/gems/gio2-4.3.2/lib/gio2/icon.rb' -> '/build/ruby-gio2/pkg/ruby-gio2/usr/lib/ruby/gems/3.4.0/gems/gio2-4.3.2/lib/gio2/icon.rb'
'tmp_install/usr/lib/ruby/gems/3.4.0/gems/gio2-4.3.2/lib/gio2/inet-address.rb' -> '/build/ruby-gio2/pkg/ruby-gio2/usr/lib/ruby/gems/3.4.0/gems/gio2-4.3.2/lib/gio2/inet-address.rb'
'tmp_install/usr/lib/ruby/gems/3.4.0/gems/gio2-4.3.2/lib/gio2/input-stream.rb' -> '/build/ruby-gio2/pkg/ruby-gio2/usr/lib/ruby/gems/3.4.0/gems/gio2-4.3.2/lib/gio2/input-stream.rb'
'tmp_install/usr/lib/ruby/gems/3.4.0/gems/gio2-4.3.2/lib/gio2/list-model.rb' -> '/build/ruby-gio2/pkg/ruby-gio2/usr/lib/ruby/gems/3.4.0/gems/gio2-4.3.2/lib/gio2/list-model.rb'
'tmp_install/usr/lib/ruby/gems/3.4.0/gems/gio2-4.3.2/lib/gio2/loader.rb' -> '/build/ruby-gio2/pkg/ruby-gio2/usr/lib/ruby/gems/3.4.0/gems/gio2-4.3.2/lib/gio2/loader.rb'
'tmp_install/usr/lib/ruby/gems/3.4.0/gems/gio2-4.3.2/lib/gio2/menu-item.rb' -> '/build/ruby-gio2/pkg/ruby-gio2/usr/lib/ruby/gems/3.4.0/gems/gio2-4.3.2/lib/gio2/menu-item.rb'
'tmp_install/usr/lib/ruby/gems/3.4.0/gems/gio2-4.3.2/lib/gio2/output-stream.rb' -> '/build/ruby-gio2/pkg/ruby-gio2/usr/lib/ruby/gems/3.4.0/gems/gio2-4.3.2/lib/gio2/output-stream.rb'
'tmp_install/usr/lib/ruby/gems/3.4.0/gems/gio2-4.3.2/lib/gio2/pollable-input-stream.rb' -> '/build/ruby-gio2/pkg/ruby-gio2/usr/lib/ruby/gems/3.4.0/gems/gio2-4.3.2/lib/gio2/pollable-input-stream.rb'
'tmp_install/usr/lib/ruby/gems/3.4.0/gems/gio2-4.3.2/lib/gio2/pollable-output-stream.rb' -> '/build/ruby-gio2/pkg/ruby-gio2/usr/lib/ruby/gems/3.4.0/gems/gio2-4.3.2/lib/gio2/pollable-output-stream.rb'
'tmp_install/usr/lib/ruby/gems/3.4.0/gems/gio2-4.3.2/lib/gio2/resources.rb' -> '/build/ruby-gio2/pkg/ruby-gio2/usr/lib/ruby/gems/3.4.0/gems/gio2-4.3.2/lib/gio2/resources.rb'
'tmp_install/usr/lib/ruby/gems/3.4.0/gems/gio2-4.3.2/lib/gio2/ruby-input-stream.rb' -> '/build/ruby-gio2/pkg/ruby-gio2/usr/lib/ruby/gems/3.4.0/gems/gio2-4.3.2/lib/gio2/ruby-input-stream.rb'
'tmp_install/usr/lib/ruby/gems/3.4.0/gems/gio2-4.3.2/lib/gio2/ruby-output-stream.rb' -> '/build/ruby-gio2/pkg/ruby-gio2/usr/lib/ruby/gems/3.4.0/gems/gio2-4.3.2/lib/gio2/ruby-output-stream.rb'
'tmp_install/usr/lib/ruby/gems/3.4.0/gems/gio2-4.3.2/lib/gio2/ruby-seekable.rb' -> '/build/ruby-gio2/pkg/ruby-gio2/usr/lib/ruby/gems/3.4.0/gems/gio2-4.3.2/lib/gio2/ruby-seekable.rb'
'tmp_install/usr/lib/ruby/gems/3.4.0/gems/gio2-4.3.2/lib/gio2/settings-schema-source.rb' -> '/build/ruby-gio2/pkg/ruby-gio2/usr/lib/ruby/gems/3.4.0/gems/gio2-4.3.2/lib/gio2/settings-schema-source.rb'
'tmp_install/usr/lib/ruby/gems/3.4.0/gems/gio2-4.3.2/lib/gio2/settings.rb' -> '/build/ruby-gio2/pkg/ruby-gio2/usr/lib/ruby/gems/3.4.0/gems/gio2-4.3.2/lib/gio2/settings.rb'
'tmp_install/usr/lib/ruby/gems/3.4.0/gems/gio2-4.3.2/lib/gio2/simple-action.rb' -> '/build/ruby-gio2/pkg/ruby-gio2/usr/lib/ruby/gems/3.4.0/gems/gio2-4.3.2/lib/gio2/simple-action.rb'
'tmp_install/usr/lib/ruby/gems/3.4.0/gems/gio2-4.3.2/lib/gio2/volume.rb' -> '/build/ruby-gio2/pkg/ruby-gio2/usr/lib/ruby/gems/3.4.0/gems/gio2-4.3.2/lib/gio2/volume.rb'
'tmp_install/usr/lib/ruby/gems/3.4.0/gems/gio2-4.3.2/test' -> '/build/ruby-gio2/pkg/ruby-gio2/usr/lib/ruby/gems/3.4.0/gems/gio2-4.3.2/test'
'tmp_install/usr/lib/ruby/gems/3.4.0/gems/gio2-4.3.2/test/fixture' -> '/build/ruby-gio2/pkg/ruby-gio2/usr/lib/ruby/gems/3.4.0/gems/gio2-4.3.2/test/fixture'
'tmp_install/usr/lib/ruby/gems/3.4.0/gems/gio2-4.3.2/test/fixture/Rakefile' -> '/build/ruby-gio2/pkg/ruby-gio2/usr/lib/ruby/gems/3.4.0/gems/gio2-4.3.2/test/fixture/Rakefile'
'tmp_install/usr/lib/ruby/gems/3.4.0/gems/gio2-4.3.2/test/fixture/content-type' -> '/build/ruby-gio2/pkg/ruby-gio2/usr/lib/ruby/gems/3.4.0/gems/gio2-4.3.2/test/fixture/content-type'
'tmp_install/usr/lib/ruby/gems/3.4.0/gems/gio2-4.3.2/test/fixture/content-type/x-content' -> '/build/ruby-gio2/pkg/ruby-gio2/usr/lib/ruby/gems/3.4.0/gems/gio2-4.3.2/test/fixture/content-type/x-content'
'tmp_install/usr/lib/ruby/gems/3.4.0/gems/gio2-4.3.2/test/fixture/content-type/x-content/unix-software' -> '/build/ruby-gio2/pkg/ruby-gio2/usr/lib/ruby/gems/3.4.0/gems/gio2-4.3.2/test/fixture/content-type/x-content/unix-software'
'tmp_install/usr/lib/ruby/gems/3.4.0/gems/gio2-4.3.2/test/fixture/content-type/x-content/unix-software/autorun.sh' -> '/build/ruby-gio2/pkg/ruby-gio2/usr/lib/ruby/gems/3.4.0/gems/gio2-4.3.2/test/fixture/content-type/x-content/unix-software/autorun.sh'
'tmp_install/usr/lib/ruby/gems/3.4.0/gems/gio2-4.3.2/test/fixture/resource' -> '/build/ruby-gio2/pkg/ruby-gio2/usr/lib/ruby/gems/3.4.0/gems/gio2-4.3.2/test/fixture/resource'
'tmp_install/usr/lib/ruby/gems/3.4.0/gems/gio2-4.3.2/test/fixture/resource/Rakefile' -> '/build/ruby-gio2/pkg/ruby-gio2/usr/lib/ruby/gems/3.4.0/gems/gio2-4.3.2/test/fixture/resource/Rakefile'
'tmp_install/usr/lib/ruby/gems/3.4.0/gems/gio2-4.3.2/test/fixture/resource/logo.png' -> '/build/ruby-gio2/pkg/ruby-gio2/usr/lib/ruby/gems/3.4.0/gems/gio2-4.3.2/test/fixture/resource/logo.png'
'tmp_install/usr/lib/ruby/gems/3.4.0/gems/gio2-4.3.2/test/fixture/resource/ruby-gio2.gresource.xml' -> '/build/ruby-gio2/pkg/ruby-gio2/usr/lib/ruby/gems/3.4.0/gems/gio2-4.3.2/test/fixture/resource/ruby-gio2.gresource.xml'
'tmp_install/usr/lib/ruby/gems/3.4.0/gems/gio2-4.3.2/test/fixture/schema' -> '/build/ruby-gio2/pkg/ruby-gio2/usr/lib/ruby/gems/3.4.0/gems/gio2-4.3.2/test/fixture/schema'
'tmp_install/usr/lib/ruby/gems/3.4.0/gems/gio2-4.3.2/test/fixture/schema/default' -> '/build/ruby-gio2/pkg/ruby-gio2/usr/lib/ruby/gems/3.4.0/gems/gio2-4.3.2/test/fixture/schema/default'
'tmp_install/usr/lib/ruby/gems/3.4.0/gems/gio2-4.3.2/test/fixture/schema/default/jp.ruby-gnome2.test.settings.gschema.xml' -> '/build/ruby-gio2/pkg/ruby-gio2/usr/lib/ruby/gems/3.4.0/gems/gio2-4.3.2/test/fixture/schema/default/jp.ruby-gnome2.test.settings.gschema.xml'
'tmp_install/usr/lib/ruby/gems/3.4.0/gems/gio2-4.3.2/test/fixture/schema/source' -> '/build/ruby-gio2/pkg/ruby-gio2/usr/lib/ruby/gems/3.4.0/gems/gio2-4.3.2/test/fixture/schema/source'
'tmp_install/usr/lib/ruby/gems/3.4.0/gems/gio2-4.3.2/test/fixture/schema/source/jp.ruby-gnome2.test.source.gschema.xml' -> '/build/ruby-gio2/pkg/ruby-gio2/usr/lib/ruby/gems/3.4.0/gems/gio2-4.3.2/test/fixture/schema/source/jp.ruby-gnome2.test.source.gschema.xml'
'tmp_install/usr/lib/ruby/gems/3.4.0/gems/gio2-4.3.2/test/gio2-test-utils.rb' -> '/build/ruby-gio2/pkg/ruby-gio2/usr/lib/ruby/gems/3.4.0/gems/gio2-4.3.2/test/gio2-test-utils.rb'
'tmp_install/usr/lib/ruby/gems/3.4.0/gems/gio2-4.3.2/test/gio2-test-utils' -> '/build/ruby-gio2/pkg/ruby-gio2/usr/lib/ruby/gems/3.4.0/gems/gio2-4.3.2/test/gio2-test-utils'
'tmp_install/usr/lib/ruby/gems/3.4.0/gems/gio2-4.3.2/test/gio2-test-utils/fixture.rb' -> '/build/ruby-gio2/pkg/ruby-gio2/usr/lib/ruby/gems/3.4.0/gems/gio2-4.3.2/test/gio2-test-utils/fixture.rb'
'tmp_install/usr/lib/ruby/gems/3.4.0/gems/gio2-4.3.2/test/gio2-test-utils/omissions.rb' -> '/build/ruby-gio2/pkg/ruby-gio2/usr/lib/ruby/gems/3.4.0/gems/gio2-4.3.2/test/gio2-test-utils/omissions.rb'
'tmp_install/usr/lib/ruby/gems/3.4.0/gems/gio2-4.3.2/test/gio2-test-utils/socket-client.rb' -> '/build/ruby-gio2/pkg/ruby-gio2/usr/lib/ruby/gems/3.4.0/gems/gio2-4.3.2/test/gio2-test-utils/socket-client.rb'
'tmp_install/usr/lib/ruby/gems/3.4.0/gems/gio2-4.3.2/test/run-test.rb' -> '/build/ruby-gio2/pkg/ruby-gio2/usr/lib/ruby/gems/3.4.0/gems/gio2-4.3.2/test/run-test.rb'
'tmp_install/usr/lib/ruby/gems/3.4.0/gems/gio2-4.3.2/test/test-action-map.rb' -> '/build/ruby-gio2/pkg/ruby-gio2/usr/lib/ruby/gems/3.4.0/gems/gio2-4.3.2/test/test-action-map.rb'
'tmp_install/usr/lib/ruby/gems/3.4.0/gems/gio2-4.3.2/test/test-application-command-line.rb' -> '/build/ruby-gio2/pkg/ruby-gio2/usr/lib/ruby/gems/3.4.0/gems/gio2-4.3.2/test/test-application-command-line.rb'
'tmp_install/usr/lib/ruby/gems/3.4.0/gems/gio2-4.3.2/test/test-buffered-input-stream.rb' -> '/build/ruby-gio2/pkg/ruby-gio2/usr/lib/ruby/gems/3.4.0/gems/gio2-4.3.2/test/test-buffered-input-stream.rb'
'tmp_install/usr/lib/ruby/gems/3.4.0/gems/gio2-4.3.2/test/test-charset-converter.rb' -> '/build/ruby-gio2/pkg/ruby-gio2/usr/lib/ruby/gems/3.4.0/gems/gio2-4.3.2/test/test-charset-converter.rb'
'tmp_install/usr/lib/ruby/gems/3.4.0/gems/gio2-4.3.2/test/test-content-type.rb' -> '/build/ruby-gio2/pkg/ruby-gio2/usr/lib/ruby/gems/3.4.0/gems/gio2-4.3.2/test/test-content-type.rb'
'tmp_install/usr/lib/ruby/gems/3.4.0/gems/gio2-4.3.2/test/test-data-input-stream.rb' -> '/build/ruby-gio2/pkg/ruby-gio2/usr/lib/ruby/gems/3.4.0/gems/gio2-4.3.2/test/test-data-input-stream.rb'
'tmp_install/usr/lib/ruby/gems/3.4.0/gems/gio2-4.3.2/test/test-dbus.rb' -> '/build/ruby-gio2/pkg/ruby-gio2/usr/lib/ruby/gems/3.4.0/gems/gio2-4.3.2/test/test-dbus.rb'
'tmp_install/usr/lib/ruby/gems/3.4.0/gems/gio2-4.3.2/test/test-file-enumerator.rb' -> '/build/ruby-gio2/pkg/ruby-gio2/usr/lib/ruby/gems/3.4.0/gems/gio2-4.3.2/test/test-file-enumerator.rb'
'tmp_install/usr/lib/ruby/gems/3.4.0/gems/gio2-4.3.2/test/test-file-monitor.rb' -> '/build/ruby-gio2/pkg/ruby-gio2/usr/lib/ruby/gems/3.4.0/gems/gio2-4.3.2/test/test-file-monitor.rb'
'tmp_install/usr/lib/ruby/gems/3.4.0/gems/gio2-4.3.2/test/test-file.rb' -> '/build/ruby-gio2/pkg/ruby-gio2/usr/lib/ruby/gems/3.4.0/gems/gio2-4.3.2/test/test-file.rb'
'tmp_install/usr/lib/ruby/gems/3.4.0/gems/gio2-4.3.2/test/test-icon.rb' -> '/build/ruby-gio2/pkg/ruby-gio2/usr/lib/ruby/gems/3.4.0/gems/gio2-4.3.2/test/test-icon.rb'
'tmp_install/usr/lib/ruby/gems/3.4.0/gems/gio2-4.3.2/test/test-inet-address.rb' -> '/build/ruby-gio2/pkg/ruby-gio2/usr/lib/ruby/gems/3.4.0/gems/gio2-4.3.2/test/test-inet-address.rb'
'tmp_install/usr/lib/ruby/gems/3.4.0/gems/gio2-4.3.2/test/test-input-stream.rb' -> '/build/ruby-gio2/pkg/ruby-gio2/usr/lib/ruby/gems/3.4.0/gems/gio2-4.3.2/test/test-input-stream.rb'
'tmp_install/usr/lib/ruby/gems/3.4.0/gems/gio2-4.3.2/test/test-list-model.rb' -> '/build/ruby-gio2/pkg/ruby-gio2/usr/lib/ruby/gems/3.4.0/gems/gio2-4.3.2/test/test-list-model.rb'
'tmp_install/usr/lib/ruby/gems/3.4.0/gems/gio2-4.3.2/test/test-memory-input-stream.rb' -> '/build/ruby-gio2/pkg/ruby-gio2/usr/lib/ruby/gems/3.4.0/gems/gio2-4.3.2/test/test-memory-input-stream.rb'
'tmp_install/usr/lib/ruby/gems/3.4.0/gems/gio2-4.3.2/test/test-memory-output-stream.rb' -> '/build/ruby-gio2/pkg/ruby-gio2/usr/lib/ruby/gems/3.4.0/gems/gio2-4.3.2/test/test-memory-output-stream.rb'
'tmp_install/usr/lib/ruby/gems/3.4.0/gems/gio2-4.3.2/test/test-menu-item.rb' -> '/build/ruby-gio2/pkg/ruby-gio2/usr/lib/ruby/gems/3.4.0/gems/gio2-4.3.2/test/test-menu-item.rb'
'tmp_install/usr/lib/ruby/gems/3.4.0/gems/gio2-4.3.2/test/test-mount.rb' -> '/build/ruby-gio2/pkg/ruby-gio2/usr/lib/ruby/gems/3.4.0/gems/gio2-4.3.2/test/test-mount.rb'
'tmp_install/usr/lib/ruby/gems/3.4.0/gems/gio2-4.3.2/test/test-output-stream.rb' -> '/build/ruby-gio2/pkg/ruby-gio2/usr/lib/ruby/gems/3.4.0/gems/gio2-4.3.2/test/test-output-stream.rb'
'tmp_install/usr/lib/ruby/gems/3.4.0/gems/gio2-4.3.2/test/test-pollable-input-stream.rb' -> '/build/ruby-gio2/pkg/ruby-gio2/usr/lib/ruby/gems/3.4.0/gems/gio2-4.3.2/test/test-pollable-input-stream.rb'
'tmp_install/usr/lib/ruby/gems/3.4.0/gems/gio2-4.3.2/test/test-pollable-output-stream.rb' -> '/build/ruby-gio2/pkg/ruby-gio2/usr/lib/ruby/gems/3.4.0/gems/gio2-4.3.2/test/test-pollable-output-stream.rb'
'tmp_install/usr/lib/ruby/gems/3.4.0/gems/gio2-4.3.2/test/test-resolver.rb' -> '/build/ruby-gio2/pkg/ruby-gio2/usr/lib/ruby/gems/3.4.0/gems/gio2-4.3.2/test/test-resolver.rb'
'tmp_install/usr/lib/ruby/gems/3.4.0/gems/gio2-4.3.2/test/test-resources.rb' -> '/build/ruby-gio2/pkg/ruby-gio2/usr/lib/ruby/gems/3.4.0/gems/gio2-4.3.2/test/test-resources.rb'
'tmp_install/usr/lib/ruby/gems/3.4.0/gems/gio2-4.3.2/test/test-ruby-input-stream.rb' -> '/build/ruby-gio2/pkg/ruby-gio2/usr/lib/ruby/gems/3.4.0/gems/gio2-4.3.2/test/test-ruby-input-stream.rb'
'tmp_install/usr/lib/ruby/gems/3.4.0/gems/gio2-4.3.2/test/test-ruby-output-stream.rb' -> '/build/ruby-gio2/pkg/ruby-gio2/usr/lib/ruby/gems/3.4.0/gems/gio2-4.3.2/test/test-ruby-output-stream.rb'
'tmp_install/usr/lib/ruby/gems/3.4.0/gems/gio2-4.3.2/test/test-settings-schema-source.rb' -> '/build/ruby-gio2/pkg/ruby-gio2/usr/lib/ruby/gems/3.4.0/gems/gio2-4.3.2/test/test-settings-schema-source.rb'
'tmp_install/usr/lib/ruby/gems/3.4.0/gems/gio2-4.3.2/test/test-settings.rb' -> '/build/ruby-gio2/pkg/ruby-gio2/usr/lib/ruby/gems/3.4.0/gems/gio2-4.3.2/test/test-settings.rb'
'tmp_install/usr/lib/ruby/gems/3.4.0/gems/gio2-4.3.2/test/test-simple-action.rb' -> '/build/ruby-gio2/pkg/ruby-gio2/usr/lib/ruby/gems/3.4.0/gems/gio2-4.3.2/test/test-simple-action.rb'
'tmp_install/usr/lib/ruby/gems/3.4.0/gems/gio2-4.3.2/test/test-version.rb' -> '/build/ruby-gio2/pkg/ruby-gio2/usr/lib/ruby/gems/3.4.0/gems/gio2-4.3.2/test/test-version.rb'
'tmp_install/usr/lib/ruby/gems/3.4.0/plugins' -> '/build/ruby-gio2/pkg/ruby-gio2/usr/lib/ruby/gems/3.4.0/plugins'
'tmp_install/usr/lib/ruby/gems/3.4.0/specifications' -> '/build/ruby-gio2/pkg/ruby-gio2/usr/lib/ruby/gems/3.4.0/specifications'
'tmp_install/usr/lib/ruby/gems/3.4.0/specifications/gio2-4.3.2.gemspec' -> '/build/ruby-gio2/pkg/ruby-gio2/usr/lib/ruby/gems/3.4.0/specifications/gio2-4.3.2.gemspec'
