-- Install configuration: "None"
-- Installing: /build/sayonara-player-git/pkg/sayonara-player-git/usr/bin/sayonara
-- Installing: /build/sayonara-player-git/pkg/sayonara-player-git/usr/bin/sayonara-query
-- Installing: /build/sayonara-player-git/pkg/sayonara-player-git/usr/bin/sayonara-ctl
-- Installing: /build/sayonara-player-git/pkg/sayonara-player-git/usr/share/sayonara/translations/icons
-- Installing: /build/sayonara-player-git/pkg/sayonara-player-git/usr/share/sayonara/translations/icons/de_DE.png
-- Installing: /build/sayonara-player-git/pkg/sayonara-player-git/usr/share/sayonara/translations/icons/id_ID.png
-- Installing: /build/sayonara-player-git/pkg/sayonara-player-git/usr/share/sayonara/translations/icons/uk_UA.png
-- Installing: /build/sayonara-player-git/pkg/sayonara-player-git/usr/share/sayonara/translations/icons/it_IT.png
-- Installing: /build/sayonara-player-git/pkg/sayonara-player-git/usr/share/sayonara/translations/icons/en.png
-- Installing: /build/sayonara-player-git/pkg/sayonara-player-git/usr/share/sayonara/translations/icons/cs_CZ.png
-- Installing: /build/sayonara-player-git/pkg/sayonara-player-git/usr/share/sayonara/translations/icons/el.png
-- Installing: /build/sayonara-player-git/pkg/sayonara-player-git/usr/share/sayonara/translations/icons/ja_JP.png
-- Installing: /build/sayonara-player-git/pkg/sayonara-player-git/usr/share/sayonara/translations/icons/tr_TR.png
-- Installing: /build/sayonara-player-git/pkg/sayonara-player-git/usr/share/sayonara/translations/icons/sk_SK.png
-- Installing: /build/sayonara-player-git/pkg/sayonara-player-git/usr/share/sayonara/translations/icons/pt_BR.png
-- Installing: /build/sayonara-player-git/pkg/sayonara-player-git/usr/share/sayonara/translations/icons/fr_FR.png
-- Installing: /build/sayonara-player-git/pkg/sayonara-player-git/usr/share/sayonara/translations/icons/ar_SA.png
-- Installing: /build/sayonara-player-git/pkg/sayonara-player-git/usr/share/sayonara/translations/icons/pt_PT.png
-- Installing: /build/sayonara-player-git/pkg/sayonara-player-git/usr/share/sayonara/translations/icons/ro_RO.png
-- Installing: /build/sayonara-player-git/pkg/sayonara-player-git/usr/share/sayonara/translations/icons/hu_HU.png
-- Installing: /build/sayonara-player-git/pkg/sayonara-player-git/usr/share/sayonara/translations/icons/fi_FI.png
-- Installing: /build/sayonara-player-git/pkg/sayonara-player-git/usr/share/sayonara/translations/icons/es_ES.png
-- Installing: /build/sayonara-player-git/pkg/sayonara-player-git/usr/share/sayonara/translations/icons/zh_CN.png
-- Installing: /build/sayonara-player-git/pkg/sayonara-player-git/usr/share/sayonara/translations/icons/ru_RU.png
-- Installing: /build/sayonara-player-git/pkg/sayonara-player-git/usr/share/sayonara/translations/icons/pl_PL.png
-- Installing: /build/sayonara-player-git/pkg/sayonara-player-git/usr/share/sayonara/translations/icons/nl_NL.png
-- Installing: /build/sayonara-player-git/pkg/sayonara-player-git/usr/share/sayonara/translations/sayonara_lang_ar_SA.qm
-- Installing: /build/sayonara-player-git/pkg/sayonara-player-git/usr/share/sayonara/translations/sayonara_lang_ca.qm
-- Installing: /build/sayonara-player-git/pkg/sayonara-player-git/usr/share/sayonara/translations/sayonara_lang_cs_CZ.qm
-- Installing: /build/sayonara-player-git/pkg/sayonara-player-git/usr/share/sayonara/translations/sayonara_lang_de_DE.qm
-- Installing: /build/sayonara-player-git/pkg/sayonara-player-git/usr/share/sayonara/translations/sayonara_lang_el.qm
-- Installing: /build/sayonara-player-git/pkg/sayonara-player-git/usr/share/sayonara/translations/sayonara_lang_en.qm
-- Installing: /build/sayonara-player-git/pkg/sayonara-player-git/usr/share/sayonara/translations/sayonara_lang_es_ES.qm
-- Installing: /build/sayonara-player-git/pkg/sayonara-player-git/usr/share/sayonara/translations/sayonara_lang_fi_FI.qm
-- Installing: /build/sayonara-player-git/pkg/sayonara-player-git/usr/share/sayonara/translations/sayonara_lang_fr_FR.qm
-- Installing: /build/sayonara-player-git/pkg/sayonara-player-git/usr/share/sayonara/translations/sayonara_lang_hu_HU.qm
-- Installing: /build/sayonara-player-git/pkg/sayonara-player-git/usr/share/sayonara/translations/sayonara_lang_id_ID.qm
-- Installing: /build/sayonara-player-git/pkg/sayonara-player-git/usr/share/sayonara/translations/sayonara_lang_it_IT.qm
-- Installing: /build/sayonara-player-git/pkg/sayonara-player-git/usr/share/sayonara/translations/sayonara_lang_ja_JP.qm
-- Installing: /build/sayonara-player-git/pkg/sayonara-player-git/usr/share/sayonara/translations/sayonara_lang_nl_NL.qm
-- Installing: /build/sayonara-player-git/pkg/sayonara-player-git/usr/share/sayonara/translations/sayonara_lang_pl_PL.qm
-- Installing: /build/sayonara-player-git/pkg/sayonara-player-git/usr/share/sayonara/translations/sayonara_lang_pt_BR.qm
-- Installing: /build/sayonara-player-git/pkg/sayonara-player-git/usr/share/sayonara/translations/sayonara_lang_pt_PT.qm
-- Installing: /build/sayonara-player-git/pkg/sayonara-player-git/usr/share/sayonara/translations/sayonara_lang_ro_RO.qm
-- Installing: /build/sayonara-player-git/pkg/sayonara-player-git/usr/share/sayonara/translations/sayonara_lang_ru_RU.qm
-- Installing: /build/sayonara-player-git/pkg/sayonara-player-git/usr/share/sayonara/translations/sayonara_lang_sk_SK.qm
-- Installing: /build/sayonara-player-git/pkg/sayonara-player-git/usr/share/sayonara/translations/sayonara_lang_tr_TR.qm
-- Installing: /build/sayonara-player-git/pkg/sayonara-player-git/usr/share/sayonara/translations/sayonara_lang_uk_UA.qm
-- Installing: /build/sayonara-player-git/pkg/sayonara-player-git/usr/share/sayonara/translations/sayonara_lang_zh_CN.qm
-- Installing: /build/sayonara-player-git/pkg/sayonara-player-git/usr/share/man/man1/sayonara.1.gz
-- Installing: /build/sayonara-player-git/pkg/sayonara-player-git/usr/share/man/man1/sayonara-ctl.1.gz
-- Installing: /build/sayonara-player-git/pkg/sayonara-player-git/usr/share/man/man1/sayonara-query.1.gz
-- Installing: /build/sayonara-player-git/pkg/sayonara-player-git/usr/share/applications/com.sayonara-player.Sayonara.desktop
-- Installing: /build/sayonara-player-git/pkg/sayonara-player-git/usr/share/metainfo/com.sayonara-player.Sayonara.appdata.xml
-- Installing: /build/sayonara-player-git/pkg/sayonara-player-git/usr/share/icons/hicolor
-- Installing: /build/sayonara-player-git/pkg/sayonara-player-git/usr/share/icons/hicolor/64x64
-- Installing: /build/sayonara-player-git/pkg/sayonara-player-git/usr/share/icons/hicolor/64x64/apps
-- Installing: /build/sayonara-player-git/pkg/sayonara-player-git/usr/share/icons/hicolor/64x64/apps/sayonara.png
-- Installing: /build/sayonara-player-git/pkg/sayonara-player-git/usr/share/icons/hicolor/32x32
-- Installing: /build/sayonara-player-git/pkg/sayonara-player-git/usr/share/icons/hicolor/32x32/apps
-- Installing: /build/sayonara-player-git/pkg/sayonara-player-git/usr/share/icons/hicolor/32x32/apps/sayonara.png
-- Installing: /build/sayonara-player-git/pkg/sayonara-player-git/usr/share/icons/hicolor/72x72
-- Installing: /build/sayonara-player-git/pkg/sayonara-player-git/usr/share/icons/hicolor/72x72/apps
-- Installing: /build/sayonara-player-git/pkg/sayonara-player-git/usr/share/icons/hicolor/72x72/apps/sayonara.png
-- Installing: /build/sayonara-player-git/pkg/sayonara-player-git/usr/share/icons/hicolor/192x192
-- Installing: /build/sayonara-player-git/pkg/sayonara-player-git/usr/share/icons/hicolor/192x192/apps
-- Installing: /build/sayonara-player-git/pkg/sayonara-player-git/usr/share/icons/hicolor/192x192/apps/sayonara.png
-- Installing: /build/sayonara-player-git/pkg/sayonara-player-git/usr/share/icons/hicolor/36x36
-- Installing: /build/sayonara-player-git/pkg/sayonara-player-git/usr/share/icons/hicolor/36x36/apps
-- Installing: /build/sayonara-player-git/pkg/sayonara-player-git/usr/share/icons/hicolor/36x36/apps/sayonara.png
-- Installing: /build/sayonara-player-git/pkg/sayonara-player-git/usr/share/icons/hicolor/256x256
-- Installing: /build/sayonara-player-git/pkg/sayonara-player-git/usr/share/icons/hicolor/256x256/apps
-- Installing: /build/sayonara-player-git/pkg/sayonara-player-git/usr/share/icons/hicolor/256x256/apps/sayonara.png
-- Installing: /build/sayonara-player-git/pkg/sayonara-player-git/usr/share/icons/hicolor/22x22
-- Installing: /build/sayonara-player-git/pkg/sayonara-player-git/usr/share/icons/hicolor/22x22/apps
-- Installing: /build/sayonara-player-git/pkg/sayonara-player-git/usr/share/icons/hicolor/22x22/apps/sayonara.png
-- Installing: /build/sayonara-player-git/pkg/sayonara-player-git/usr/share/icons/hicolor/96x96
-- Installing: /build/sayonara-player-git/pkg/sayonara-player-git/usr/share/icons/hicolor/96x96/apps
-- Installing: /build/sayonara-player-git/pkg/sayonara-player-git/usr/share/icons/hicolor/96x96/apps/sayonara.png
-- Installing: /build/sayonara-player-git/pkg/sayonara-player-git/usr/share/icons/hicolor/48x48
-- Installing: /build/sayonara-player-git/pkg/sayonara-player-git/usr/share/icons/hicolor/48x48/apps
-- Installing: /build/sayonara-player-git/pkg/sayonara-player-git/usr/share/icons/hicolor/48x48/apps/sayonara.png
-- Installing: /build/sayonara-player-git/pkg/sayonara-player-git/usr/share/icons/hicolor/16x16
-- Installing: /build/sayonara-player-git/pkg/sayonara-player-git/usr/share/icons/hicolor/16x16/apps
-- Installing: /build/sayonara-player-git/pkg/sayonara-player-git/usr/share/icons/hicolor/16x16/apps/sayonara.png
-- Installing: /build/sayonara-player-git/pkg/sayonara-player-git/usr/share/icons/hicolor/24x24
-- Installing: /build/sayonara-player-git/pkg/sayonara-player-git/usr/share/icons/hicolor/24x24/apps
-- Installing: /build/sayonara-player-git/pkg/sayonara-player-git/usr/share/icons/hicolor/24x24/apps/sayonara.png
-- Installing: /build/sayonara-player-git/pkg/sayonara-player-git/usr/share/icons/hicolor/128x128
-- Installing: /build/sayonara-player-git/pkg/sayonara-player-git/usr/share/icons/hicolor/128x128/apps
-- Installing: /build/sayonara-player-git/pkg/sayonara-player-git/usr/share/icons/hicolor/128x128/apps/sayonara.png
