-- Install configuration: "None"
-- Installing: /build/sfl/pkg/sfl/usr/include/sfl
-- Installing: /build/sfl/pkg/sfl/usr/include/sfl/flat_map.hpp
-- Installing: /build/sfl/pkg/sfl/usr/include/sfl/static_unordered_linear_multimap.hpp
-- Installing: /build/sfl/pkg/sfl/usr/include/sfl/compact_vector.hpp
-- Installing: /build/sfl/pkg/sfl/usr/include/sfl/unordered_set.hpp
-- Installing: /build/sfl/pkg/sfl/usr/include/sfl/detail
-- Installing: /build/sfl/pkg/sfl/usr/include/sfl/detail/static_node_allocator.hpp
-- Installing: /build/sfl/pkg/sfl/usr/include/sfl/detail/allocator_traits.hpp
-- Installing: /build/sfl/pkg/sfl/usr/include/sfl/detail/rb_tree.hpp
-- Installing: /build/sfl/pkg/sfl/usr/include/sfl/detail/utility
-- Installing: /build/sfl/pkg/sfl/usr/include/sfl/detail/utility/floating_point_to_size_t.hpp
-- Installing: /build/sfl/pkg/sfl/usr/include/sfl/detail/utility/compressed_pair.hpp
-- Installing: /build/sfl/pkg/sfl/usr/include/sfl/detail/utility/index_sequence.hpp
-- Installing: /build/sfl/pkg/sfl/usr/include/sfl/detail/utility/ignore_unused.hpp
-- Installing: /build/sfl/pkg/sfl/usr/include/sfl/detail/utility/scope_guard.hpp
-- Installing: /build/sfl/pkg/sfl/usr/include/sfl/detail/utility/optional_value.hpp
-- Installing: /build/sfl/pkg/sfl/usr/include/sfl/detail/static_pool.hpp
-- Installing: /build/sfl/pkg/sfl/usr/include/sfl/detail/normal_iterator.hpp
-- Installing: /build/sfl/pkg/sfl/usr/include/sfl/detail/static_storage_allocator.hpp
-- Installing: /build/sfl/pkg/sfl/usr/include/sfl/detail/bit
-- Installing: /build/sfl/pkg/sfl/usr/include/sfl/detail/bit/bit_log2.hpp
-- Installing: /build/sfl/pkg/sfl/usr/include/sfl/detail/bit/bit_width.hpp
-- Installing: /build/sfl/pkg/sfl/usr/include/sfl/detail/bit/bit_ceil.hpp
-- Installing: /build/sfl/pkg/sfl/usr/include/sfl/detail/bit/countl_zero.hpp
-- Installing: /build/sfl/pkg/sfl/usr/include/sfl/detail/bit/has_single_bit.hpp
-- Installing: /build/sfl/pkg/sfl/usr/include/sfl/detail/tags
-- Installing: /build/sfl/pkg/sfl/usr/include/sfl/detail/tags/default_init_t.hpp
-- Installing: /build/sfl/pkg/sfl/usr/include/sfl/detail/tags/from_range_t.hpp
-- Installing: /build/sfl/pkg/sfl/usr/include/sfl/detail/exceptions.hpp
-- Installing: /build/sfl/pkg/sfl/usr/include/sfl/detail/small_node_allocator.hpp
-- Installing: /build/sfl/pkg/sfl/usr/include/sfl/detail/algorithm
-- Installing: /build/sfl/pkg/sfl/usr/include/sfl/detail/algorithm/copy_backward.hpp
-- Installing: /build/sfl/pkg/sfl/usr/include/sfl/detail/algorithm/copy_n.hpp
-- Installing: /build/sfl/pkg/sfl/usr/include/sfl/detail/algorithm/copy.hpp
-- Installing: /build/sfl/pkg/sfl/usr/include/sfl/detail/algorithm/move.hpp
-- Installing: /build/sfl/pkg/sfl/usr/include/sfl/detail/algorithm/fill_n.hpp
-- Installing: /build/sfl/pkg/sfl/usr/include/sfl/detail/algorithm/move_backward.hpp
-- Installing: /build/sfl/pkg/sfl/usr/include/sfl/detail/algorithm/fill.hpp
-- Installing: /build/sfl/pkg/sfl/usr/include/sfl/detail/cpp.hpp
-- Installing: /build/sfl/pkg/sfl/usr/include/sfl/detail/associative_vector.hpp
-- Installing: /build/sfl/pkg/sfl/usr/include/sfl/detail/type_traits
-- Installing: /build/sfl/pkg/sfl/usr/include/sfl/detail/type_traits/is_exactly_input_iterator.hpp
-- Installing: /build/sfl/pkg/sfl/usr/include/sfl/detail/type_traits/is_forward_iterator.hpp
-- Installing: /build/sfl/pkg/sfl/usr/include/sfl/detail/type_traits/is_segmented_iterator.hpp
-- Installing: /build/sfl/pkg/sfl/usr/include/sfl/detail/type_traits/disjunction.hpp
-- Installing: /build/sfl/pkg/sfl/usr/include/sfl/detail/type_traits/void_t.hpp
-- Installing: /build/sfl/pkg/sfl/usr/include/sfl/detail/type_traits/negation.hpp
-- Installing: /build/sfl/pkg/sfl/usr/include/sfl/detail/type_traits/conjunction.hpp
-- Installing: /build/sfl/pkg/sfl/usr/include/sfl/detail/type_traits/has_is_transparent.hpp
-- Installing: /build/sfl/pkg/sfl/usr/include/sfl/detail/type_traits/enable_if_t.hpp
-- Installing: /build/sfl/pkg/sfl/usr/include/sfl/detail/type_traits/remove_cvref_t.hpp
-- Installing: /build/sfl/pkg/sfl/usr/include/sfl/detail/type_traits/is_random_access_iterator.hpp
-- Installing: /build/sfl/pkg/sfl/usr/include/sfl/detail/type_traits/is_input_iterator.hpp
-- Installing: /build/sfl/pkg/sfl/usr/include/sfl/detail/type_traits/is_unsigned_integer.hpp
-- Installing: /build/sfl/pkg/sfl/usr/include/sfl/detail/type_traits/is_nothrow_swappable.hpp
-- Installing: /build/sfl/pkg/sfl/usr/include/sfl/detail/type_traits/segmented_iterator_traits.hpp
-- Installing: /build/sfl/pkg/sfl/usr/include/sfl/detail/functional
-- Installing: /build/sfl/pkg/sfl/usr/include/sfl/detail/functional/identity.hpp
-- Installing: /build/sfl/pkg/sfl/usr/include/sfl/detail/functional/first.hpp
-- Installing: /build/sfl/pkg/sfl/usr/include/sfl/detail/concepts
-- Installing: /build/sfl/pkg/sfl/usr/include/sfl/detail/concepts/container_compatible_range.hpp
-- Installing: /build/sfl/pkg/sfl/usr/include/sfl/detail/memory
-- Installing: /build/sfl/pkg/sfl/usr/include/sfl/detail/memory/uninitialized_fill_n.hpp
-- Installing: /build/sfl/pkg/sfl/usr/include/sfl/detail/memory/destroy_n_a.hpp
-- Installing: /build/sfl/pkg/sfl/usr/include/sfl/detail/memory/destroy_at.hpp
-- Installing: /build/sfl/pkg/sfl/usr/include/sfl/detail/memory/uninitialized_fill_a.hpp
-- Installing: /build/sfl/pkg/sfl/usr/include/sfl/detail/memory/uninitialized_default_construct_n_a.hpp
-- Installing: /build/sfl/pkg/sfl/usr/include/sfl/detail/memory/uninitialized_fill_n_a.hpp
-- Installing: /build/sfl/pkg/sfl/usr/include/sfl/detail/memory/uninitialized_copy.hpp
-- Installing: /build/sfl/pkg/sfl/usr/include/sfl/detail/memory/deallocate.hpp
-- Installing: /build/sfl/pkg/sfl/usr/include/sfl/detail/memory/default_construct_at.hpp
-- Installing: /build/sfl/pkg/sfl/usr/include/sfl/detail/memory/destroy_at_a.hpp
-- Installing: /build/sfl/pkg/sfl/usr/include/sfl/detail/memory/uninitialized_value_construct_n.hpp
-- Installing: /build/sfl/pkg/sfl/usr/include/sfl/detail/memory/allocate.hpp
-- Installing: /build/sfl/pkg/sfl/usr/include/sfl/detail/memory/uninitialized_move_a.hpp
-- Installing: /build/sfl/pkg/sfl/usr/include/sfl/detail/memory/uninitialized_default_construct_n.hpp
-- Installing: /build/sfl/pkg/sfl/usr/include/sfl/detail/memory/value_construct_at.hpp
-- Installing: /build/sfl/pkg/sfl/usr/include/sfl/detail/memory/destroy_a.hpp
-- Installing: /build/sfl/pkg/sfl/usr/include/sfl/detail/memory/uninitialized_move_if_noexcept_a.hpp
-- Installing: /build/sfl/pkg/sfl/usr/include/sfl/detail/memory/construct_at_a.hpp
-- Installing: /build/sfl/pkg/sfl/usr/include/sfl/detail/memory/construct_at.hpp
-- Installing: /build/sfl/pkg/sfl/usr/include/sfl/detail/memory/uninitialized_copy_a.hpp
-- Installing: /build/sfl/pkg/sfl/usr/include/sfl/detail/memory/uninitialized_move.hpp
-- Installing: /build/sfl/pkg/sfl/usr/include/sfl/detail/memory/to_address.hpp
-- Installing: /build/sfl/pkg/sfl/usr/include/sfl/detail/memory/destroy.hpp
-- Installing: /build/sfl/pkg/sfl/usr/include/sfl/detail/memory/uninitialized_fill.hpp
-- Installing: /build/sfl/pkg/sfl/usr/include/sfl/detail/memory/uninitialized_default_construct_a.hpp
-- Installing: /build/sfl/pkg/sfl/usr/include/sfl/detail/small_storage_allocator.hpp
-- Installing: /build/sfl/pkg/sfl/usr/include/sfl/detail/unordered_associative_vector.hpp
-- Installing: /build/sfl/pkg/sfl/usr/include/sfl/detail/math
-- Installing: /build/sfl/pkg/sfl/usr/include/sfl/detail/math/is_prime.hpp
-- Installing: /build/sfl/pkg/sfl/usr/include/sfl/detail/math/is_pow2.hpp
-- Installing: /build/sfl/pkg/sfl/usr/include/sfl/detail/segmented_iterator.hpp
-- Installing: /build/sfl/pkg/sfl/usr/include/sfl/detail/hash_table.hpp
-- Installing: /build/sfl/pkg/sfl/usr/include/sfl/small_vector.hpp
-- Installing: /build/sfl/pkg/sfl/usr/include/sfl/vector.hpp
-- Installing: /build/sfl/pkg/sfl/usr/include/sfl/small_unordered_linear_multimap.hpp
-- Installing: /build/sfl/pkg/sfl/usr/include/sfl/small_unordered_map.hpp
-- Installing: /build/sfl/pkg/sfl/usr/include/sfl/unordered_map.hpp
-- Installing: /build/sfl/pkg/sfl/usr/include/sfl/segmented_vector.hpp
-- Installing: /build/sfl/pkg/sfl/usr/include/sfl/small_multiset.hpp
-- Installing: /build/sfl/pkg/sfl/usr/include/sfl/static_unordered_linear_map.hpp
-- Installing: /build/sfl/pkg/sfl/usr/include/sfl/static_unordered_set.hpp
-- Installing: /build/sfl/pkg/sfl/usr/include/sfl/segmented_devector.hpp
-- Installing: /build/sfl/pkg/sfl/usr/include/sfl/small_map.hpp
-- Installing: /build/sfl/pkg/sfl/usr/include/sfl/set.hpp
-- Installing: /build/sfl/pkg/sfl/usr/include/sfl/static_multimap.hpp
-- Installing: /build/sfl/pkg/sfl/usr/include/sfl/multimap.hpp
-- Installing: /build/sfl/pkg/sfl/usr/include/sfl/unordered_multimap.hpp
-- Installing: /build/sfl/pkg/sfl/usr/include/sfl/static_flat_map.hpp
-- Installing: /build/sfl/pkg/sfl/usr/include/sfl/static_unordered_multiset.hpp
-- Installing: /build/sfl/pkg/sfl/usr/include/sfl/static_set.hpp
-- Installing: /build/sfl/pkg/sfl/usr/include/sfl/small_flat_map.hpp
-- Installing: /build/sfl/pkg/sfl/usr/include/sfl/static_multiset.hpp
-- Installing: /build/sfl/pkg/sfl/usr/include/sfl/small_unordered_set.hpp
-- Installing: /build/sfl/pkg/sfl/usr/include/sfl/small_unordered_multiset.hpp
-- Installing: /build/sfl/pkg/sfl/usr/include/sfl/devector.hpp
-- Installing: /build/sfl/pkg/sfl/usr/include/sfl/static_flat_set.hpp
-- Installing: /build/sfl/pkg/sfl/usr/include/sfl/small_flat_multimap.hpp
-- Installing: /build/sfl/pkg/sfl/usr/include/sfl/small_multimap.hpp
-- Installing: /build/sfl/pkg/sfl/usr/include/sfl/static_unordered_linear_set.hpp
-- Installing: /build/sfl/pkg/sfl/usr/include/sfl/small_flat_set.hpp
-- Installing: /build/sfl/pkg/sfl/usr/include/sfl/static_vector.hpp
-- Installing: /build/sfl/pkg/sfl/usr/include/sfl/static_unordered_map.hpp
-- Installing: /build/sfl/pkg/sfl/usr/include/sfl/multiset.hpp
-- Installing: /build/sfl/pkg/sfl/usr/include/sfl/small_unordered_linear_set.hpp
-- Installing: /build/sfl/pkg/sfl/usr/include/sfl/small_unordered_multimap.hpp
-- Installing: /build/sfl/pkg/sfl/usr/include/sfl/static_unordered_multimap.hpp
-- Installing: /build/sfl/pkg/sfl/usr/include/sfl/small_unordered_linear_map.hpp
-- Installing: /build/sfl/pkg/sfl/usr/include/sfl/unordered_multiset.hpp
-- Installing: /build/sfl/pkg/sfl/usr/include/sfl/static_flat_multimap.hpp
-- Installing: /build/sfl/pkg/sfl/usr/include/sfl/small_unordered_linear_multiset.hpp
-- Installing: /build/sfl/pkg/sfl/usr/include/sfl/static_map.hpp
-- Installing: /build/sfl/pkg/sfl/usr/include/sfl/flat_set.hpp
-- Installing: /build/sfl/pkg/sfl/usr/include/sfl/small_set.hpp
-- Installing: /build/sfl/pkg/sfl/usr/include/sfl/flat_multimap.hpp
-- Installing: /build/sfl/pkg/sfl/usr/include/sfl/small_flat_multiset.hpp
-- Installing: /build/sfl/pkg/sfl/usr/include/sfl/static_flat_multiset.hpp
-- Installing: /build/sfl/pkg/sfl/usr/include/sfl/map.hpp
-- Installing: /build/sfl/pkg/sfl/usr/include/sfl/static_unordered_linear_multiset.hpp
-- Installing: /build/sfl/pkg/sfl/usr/include/sfl/flat_multiset.hpp
