Config file path source is default config file.
Config file not found: /build/.cabal/config
Writing default configuration to /build/.cabal/config
Cloning into '/build/simplex-chat/src/simplex-chat-6.4.6/dist-newstyle/src/aeson-dbbb7a8763942a5f'...
HEAD is now at aab7b5a support tagging objects with single field
Cloning into '/build/simplex-chat/src/simplex-chat-6.4.6/dist-newstyle/src/android-s_-ccc17a999376c140'...
HEAD is now at 9aa09f1 allow base versions < 4.19
Cloning into '/build/simplex-chat/src/simplex-chat-6.4.6/dist-newstyle/src/direct-sq_-1b2fcd7cbfced3f'...
HEAD is now at f814ee6 update .gitmodules
Submodule 'sqlcipher' (https://github.com/sqlcipher/sqlcipher.git) registered for path 'sqlcipher'
Cloning into '/build/simplex-chat/src/simplex-chat-6.4.6/dist-newstyle/src/direct-sq_-1b2fcd7cbfced3f/sqlcipher'...
Submodule path 'sqlcipher': checked out '104f2d2fda33f4c179960d628e7446f3869ef4ed'
Entering 'sqlcipher'
Cloning into '/build/simplex-chat/src/simplex-chat-6.4.6/dist-newstyle/src/haskell-t_-36d1cd933148ce27'...
HEAD is now at f708b00 use capi ffi for ioctl
Cloning into '/build/simplex-chat/src/simplex-chat-6.4.6/dist-newstyle/src/hs-socks-971db3112169d339'...
HEAD is now at a30cc7a export type
Cloning into '/build/simplex-chat/src/simplex-chat-6.4.6/dist-newstyle/src/simplexmq-dc052f6f7480a714'...
HEAD is now at 538dcb6a 6.4.6.0
Cloning into '/build/simplex-chat/src/simplex-chat-6.4.6/dist-newstyle/src/sqlcipher_-a3b3131ce10439d6'...
HEAD is now at a46bd36 Merge remote-tracking branch 'upstream/master'
Cloning into '/build/simplex-chat/src/simplex-chat-6.4.6/dist-newstyle/src/wai-36a42d421d84be01'...
HEAD is now at 2f6e5aa5 warp: Add Run.serveConnection to Internal re-exports
Cloning into '/build/simplex-chat/src/simplex-chat-6.4.6/dist-newstyle/src/zip-2874133204681ea'...
HEAD is now at bd421c6 allow transformers 0.6.*
Cloning into '/build/simplex-chat/src/simplex-chat-6.4.6/dist-newstyle/src/wai-beaa2319cf7a1f1d'...
HEAD is now at ec5e017d Merge PR #1007
Downloading the latest package list from hackage.haskell.org
Package list of hackage.haskell.org has been updated.
The index-state is set to 2025-10-21T17:48:54Z.
