Makefile:199: Your system does not have gtk3/gtk2, disabling test-inspect
Makefile:236: Your system does not have llvm, disabling sparse-llvm
  CC      compile.o
  CC      allocate.o
  CC      builtin.o
  CC      char.o
  CC      compat-linux.o
  CC      cse.o
  CC      dissect.o
  CC      dominate.o
  CC      evaluate.o
  CC      expand.o
  CC      expression.o
  CC      flow.o
  CC      flowgraph.o
  CC      inline.o
  CC      ir.o
  CC      lib.o
  CC      linearize.o
  CC      liveness.o
  CC      memops.o
  CC      opcode.o
  CC      optimize.o
  CC      options.o
  CC      parse.o
  CC      predefine.o
  CC      pre-process.o
  CC      ptrlist.o
  CC      ptrmap.o
  CC      show-parse.o
  CC      scope.o
  CC      simplify.o
  CC      sort.o
  CC      ssa.o
  CC      stats.o
  CC      storage.o
  CC      symbol.o
  CC      target.o
  CC      target-alpha.o
  CC      target-arm.o
  CC      target-arm64.o
  CC      target-bfin.o
  CC      target-default.o
  CC      target-h8300.o
  CC      target-m68k.o
pre-process.c: In function ‘find_include’:
pre-process.c:981:25: warning: ignoring return value of ‘chdir’ declared with attribute ‘warn_unused_result’ [-Wunused-result]
  981 |                         chdir(entry->d_name);
      |                         ^~~~~~~~~~~~~~~~~~~~
pre-process.c:983:25: warning: ignoring return value of ‘chdir’ declared with attribute ‘warn_unused_result’ [-Wunused-result]
  983 |                         chdir("..");
      |                         ^~~~~~~~~~~
pre-process.c: In function ‘search_dir’:
pre-process.c:1026:17: warning: ignoring return value of ‘chdir’ declared with attribute ‘warn_unused_result’ [-Wunused-result]
 1026 |                 chdir("..");
      |                 ^~~~~~~~~~~
  CC      target-microblaze.o
  CC      target-mips.o
pre-process.c: In function ‘use_best_guess_header_file’:
pre-process.c:1068:9: warning: ignoring return value of ‘chdir’ declared with attribute ‘warn_unused_result’ [-Wunused-result]
 1068 |         chdir(dir_part);
      |         ^~~~~~~~~~~~~~~
pre-process.c:1070:9: warning: ignoring return value of ‘chdir’ declared with attribute ‘warn_unused_result’ [-Wunused-result]
 1070 |         chdir(cwd);
      |         ^~~~~~~~~~
  CC      target-nds32.o
  CC      target-nios2.o
  CC      target-openrisc.o
  CC      target-ppc.o
  CC      target-riscv.o
  CC      target-s390.o
  CC      target-sh.o
  CC      target-sparc.o
  CC      target-x86.o
  CC      target-xtensa.o
  CC      tokenize.o
  CC      unssa.o
  CC      utils.o
  CC      macro_table.o
  CC      token_store.o
  CC      cwchash/hashtable.o
  CC      compile-i386.o
  GEN     version.h
  CC      ctags.o
  CC      example.o
  CC      graph.o
  CC      obfuscate.o
  CC      test-dissect.o
  CC      sparse.o
  CC      test-lexing.o
  CC      test-linearize.o
  CC      test-parsing.o
  CC      test-show-type.o
  CC      test-unssa.o
  CC      c2xml.o
  CC      semind.o
touch check_list_local.h
  CC      avl.o
  CC      smatch_about_fn_ptr_arg.o
  CC      smatch_address.o
  CC      smatch_allocations.o
  CC      smatch_annotate.o
  CC      smatch_array_values.o
  CC      smatch_assigned_expr.o
  CC      smatch_bits.o
  CC      smatch_buf_comparison.o
  CC      smatch_buf_comparison2.o
  CC      smatch_buf_size.o
  CC      smatch_capped.o
  CC      smatch_common_functions.o
  CC      smatch_comparison.o
  CC      smatch_conditions.o
  CC      smatch_constraints.o
  CC      smatch_constraints_required.o
  CC      smatch_container_of.o
  CC      smatch_data_source.o
  CC      smatch_db.o
  CC      smatch_dereference.o
  CC      smatch_equiv.o
  CC      smatch_estate.o
  CC      smatch_expressions.o
  CC      smatch_expression_stacks.o
  CC      smatch_extra.o
  CC      smatch_files.o
  CC      smatch_flow.o
  CC      smatch_fn_arg_link.o
  CC      smatch_fresh_alloc.o
  CC      smatch_function_hooks.o
  CC      smatch_function_info.o
  CC      smatch_function_ptrs.o
  CC      smatch_goto_tracker.o
  CC      smatch_hash.o
  CC      smatch_helper.o
  CC      smatch_hooks.o
  CC      smatch_ignore.o
  CC      smatch_imaginary_absolute.o
  CC      smatch_implied.o
  CC      smatch_impossible.o
  CC      smatch_integer_overflow.o
  CC      smatch_kernel_atomic_dec_test_path.o
  CC      smatch_kernel_err_ptr.o
  CC      smatch_kernel_has_devm_cleanup.o
  CC      smatch_kernel_irq_context.o
smatch_extra.c:2304:13: warning: ‘assume_indexes_are_valid’ defined but not used [-Wunused-function]
 2304 | static void assume_indexes_are_valid(struct expression *expr)
      |             ^~~~~~~~~~~~~~~~~~~~~~~~
  CC      smatch_kernel_kref_put.o
  CC      smatch_kernel_netdev_priv.o
  CC      smatch_kernel_task_state.o
  CC      smatch_kernel_task_state_info.o
  CC      smatch_kernel_user_data.o
  CC      smatch_kernel_host_data.o
  CC      smatch_kernel_xa_err.o
  CC      smatch_leaf_fn.o
  CC      smatch_links.o
  CC      smatch_locking.o
  CC      smatch_locking_info.o
  CC      smatch_locking_type.o
  CC      smatch_math.o
  CC      smatch_mem_tracker.o
  CC      smatch_modification_hooks.o
  CC      smatch_mtag_data.o
  CC      smatch_mtag_map.o
smatch_kernel_user_data.c: In function ‘set_param_user_data’:
smatch_kernel_user_data.c:1175:63: warning: comparison between pointer and integer
 1175 |         if (param_data_treat_untagged(value) || sym->ctype.as == 5)
      |                                                               ^~
  CC      smatch_mtag.o
  CC      smatch_nul_terminator.o
  CC      smatch_param_bits_set.o
  CC      smatch_param_bits_clear.o
  CC      smatch_param_cleared.o
  CC      smatch_param_compare_limit.o
  CC      smatch_parameter_names.o
  CC      smatch_param_filter.o
smatch_mem_tracker.c: In function ‘get_mem_kb’:
smatch_mem_tracker.c:60:9: warning: ignoring return value of ‘fread’ declared with attribute ‘warn_unused_result’ [-Wunused-result]
   60 |         fread(buf, 1, sizeof(buf), file);
      |         ^~~~~~~~~~~~~~~~~~~~~~~~~~~~~~~~
  CC      smatch_param_key.o
  CC      smatch_param_limit.o
  CC      smatch_param_set.o
  CC      smatch_param_to_mtag_data.o
  CC      smatch_param_used.o
  CC      smatch_parse_call_math.o
  CC      smatch_parsed_conditions.o
  CC      smatch_passes_array_size.o
  CC      smatch_points_to_container.o
  CC      smatch_points_to_user_data.o
  CC      smatch_points_to_host_data.o
  CC      smatch_power_of_two.o
  CC      smatch_project.o
  CC      smatch_ranges.o
  CC      smatch_real_absolute.o
  CC      smatch_recurse.o
  CC      smatch_refcount.o
  CC      smatch_refcount_info.o
  CC      smatch_returns.o
  CC      smatch_return_to_param.o
  CC      smatch_ssa.o
  CC      smatch_scope.o
  CC      smatch_simple_no_overflow.o
  CC      smatch_slist.o
  CC      smatch_start_states.o
  CC      smatch_statement_count.o
  CC      smatch_states.o
  CC      smatch_state_assigned.o
  CC      smatch_stored_conditions.o
  CC      smatch_string_list.o
  CC      smatch_strings.o
  CC      smatch_strlen.o
  CC      smatch_struct_assignment.o
  CC      smatch_sval.o
  CC      smatch_tracker.o
  CC      smatch_type_links.o
  CC      smatch_type.o
  CC      smatch_type_val.o
  CC      smatch_unconstant_macros.o
  CC      smatch_units.o
  CC      smatch_unknown_value.o
  CC      smatch_untracked_param.o
  CC      smatch_untracked_var.o
  CC      smatch_var_sym.o
  CC      check_64bit_shift.o
  CC      check_access_ok_math.o
  CC      check_all_func_returns.o
  CC      check_allocating_enough_data.o
  CC      check_allocation_funcs.o
  CC      check_always_true.o
  CC      check_arm64_tagged.o
smatch_untracked_param.c: In function ‘mark_call_params_untracked’:
smatch_untracked_param.c:139:43: warning: passing argument 3 of ‘mark_untracked’ discards ‘const’ qualifier from pointer target type [-Wdiscarded-qualifiers]
  139 |                 mark_untracked(call, i++, "$", NULL);
      |                                           ^~~
smatch_untracked_param.c:123:63: note: expected ‘char *’ but argument is of type ‘const char *’
  123 | void mark_untracked(struct expression *expr, int param, char *key, char *value)
      |                                                         ~~~~~~^~~
  CC      check_array_condition.o
  CC      check_assign_vs_compare.o
  CC      check_bit_shift.o
  CC      check_bogus_address_param.o
  CC      check_bogus_irqrestore.o
  CC      check_bogus_loop.o
  CC      check_buffer_too_small_for_struct.o
  CC      check_call_tree.o
  CC      check_capable.o
  CC      check_cast_assign.o
  CC      check_check_deref.o
  CC      check_checking_for_null_instead_of_err_ptr.o
  CC      check_cmn_err.o
  CC      check_container_of.o
  CC      check_continue_vs_break.o
  CC      check_debug.o
  CC      check_deref.o
  CC      check_deref_check.o
  CC      check_dereferences_param.o
  CC      check_dev_queue_xmit.o
  CC      check_direct_return_instead_of_goto.o
  CC      check_dma_on_stack.o
  CC      check_do_while_loop_limit.o
  CC      check_double_checking.o
  CC      check_double_fget.o
  CC      check_err_ptr.o
  CC      check_err_ptr_deref.o
  CC      check_expects_err_ptr.o
  CC      check_free.o
  CC      check_free_strict.o
  CC      check_freeing_devm.o
  CC      check_freeing_null.o
  CC      check_frees_argument.o
  CC      check_frees_param.o
  CC      check_frees_param_strict.o
  CC      check_get_user_overflow.o
  CC      check_gfp_dma.o
  CC      check_host_input.o
  CC      check_ida_alloc.o
  CC      check_implicit_dependencies.o
  CC      check_implicit_dependencies_tester.o
  CC      check_impossible_compare.o
  CC      check_impossible_mask.o
  CC      check_inconsistent_locking.o
  CC      check_indenting.o
  CC      check_index_overflow.o
  CC      check_info_leak.o
  CC      check_input_free_device.o
  CC      check_integer_overflow_sizeof.o
  CC      check_iterator_outside_loop.o
  CC      check_kernel.o
  CC      check_kernel_printf.o
  CC      check_kmalloc_to_bugon.o
  CC      check_kmalloc_wrong_size.o
  CC      check_kunmap.o
  CC      check_kvmalloc_NOFS.o
  CC      check_kvmalloc_array_zero.o
  CC      check_leaks.o
  CC      check_list_add.o
  CC      check_logical_instead_of_bitwise.o
  CC      check_macro_side_effects.o
  CC      check_macros.o
  CC      check_memcpy_overflow.o
  CC      check_memset.o
  CC      check_min_t.o
  CC      check_missing_error_code.o
  CC      check_missing_error_code2.o
  CC      check_mixing_irq_and_irqsave.o
  CC      check_mod_timer.o
  CC      check_negative_error_code_type_promoted.o
  CC      check_netdev_priv.o
  CC      check_no_effect.o
  CC      check_no_if_block.o
  CC      check_no_increment.o
  CC      check_no_null_check_on_mixed.o
  CC      check_no_return.o
  CC      check_nospec.o
  CC      check_not_passing_gfp.o
  CC      check_off_by_one_relative.o
  CC      check_or_vs_and.o
  CC      check_param_mapper.o
  CC      check_passes_sizeof.o
  CC      check_platform_device_put.o
  CC      check_pm_runtime_get_sync.o
  CC      check_platform_get_irq_return.o
  CC      check_pointer_math.o
  CC      check_postop_timeout.o
  CC      check_precedence.o
  CC      check_preempt.o
  CC      check_preempt_info.o
  CC      check_proc_create.o
  CC      check_puts_argument.o
  CC      check_refcount_inconsistent_returns.o
  CC      check_release_resource.o
  CC      check_resource_size.o
  CC      check_return.o
  CC      check_return_cast.o
  CC      check_return_efault.o
  CC      check_return_enomem.o
  CC      check_return_negative_var.o
  CC      check_returns_negative_error_code.o
  CC      check_rosenberg.o
  CC      check_scheduling_in_atomic.o
  CC      check_select.o
  CC      check_select_type.o
  CC      check_sentinel_ctltable.o
  CC      check_shift_to_zero.o
  CC      check_signed.o
  CC      check_signed_integer_overflow_check.o
  CC      check_sizeof.o
  CC      check_sleep_info.o
  CC      check_snprintf.o
  CC      check_snprintf_overflow.o
  CC      check_spectre.o
  CC      check_spectre_second_half.o
  CC      check_sprintf_overflow.o
  CC      check_sscanf_return.o
  CC      check_stack.o
  CC      check_strcpy_overflow.o
  CC      check_string_len.o
  CC      check_struct_type.o
  CC      check_syscall_arg_type.o
  CC      check_template.o
  CC      check_test_bit.o
  CC      check_testing_index_after_use.o
  CC      check_type.o
  CC      check_unchecked_allocation.o
  CC      check_uninitialized.o
  CC      check_uninitialized_kobj.o
  CC      check_units.o
  CC      check_unlikely_parens.o
  CC      check_unreachable.o
  CC      check_unsigned_lt_zero.o
  CC      check_unused_ret.o
  CC      check_unwind.o
  CC      check_wait_for_common.o
  CC      check_wine.o
  CC      check_wine_WtoA.o
  CC      check_wine_filehandles.o
  CC      check_wrong_size_arg.o
  CC      check_zero_to_err_ptr.o
cc -march=x86-64 -mtune=generic -O2 -pipe -fno-plt -fexceptions         -Wp,-D_FORTIFY_SOURCE=3 -Wformat -Werror=format-security         -fstack-clash-protection -fcf-protection         -fno-omit-frame-pointer -mno-omit-leaf-frame-pointer -g -ffile-prefix-map=/build/smatch/src=/usr/src/debug/smatch -flto=auto -D__CHECKNAME__='"sm_hash"' -c sm_hash.c
  CC      version.o
cc -march=x86-64 -mtune=generic -O2 -pipe -fno-plt -fexceptions         -Wp,-D_FORTIFY_SOURCE=3 -Wformat -Werror=format-security         -fstack-clash-protection -fcf-protection         -fno-omit-frame-pointer -mno-omit-leaf-frame-pointer -g -ffile-prefix-map=/build/smatch/src=/usr/src/debug/smatch -flto=auto -D__CHECKNAME__='"smatch"' -c smatch.c -DSMATCHDATADIR='"/build/share/smatch"'
  AR      libsparse.a
  LD      compile
  LD      ctags
  LD      graph
  LD      example
  LD      test-dissect
  LD      obfuscate
  LD      sparse
  LD      test-lexing
  LD      test-linearize
  LD      test-parsing
  LD      test-show-type
  LD      test-unssa
  LD      c2xml
  LD      semind
In function ‘check_balance’,
    inlined from ‘match_check_balanced’ at check_unwind.c:403:3:
check_unwind.c:340:23: note: the ABI of passing union with ‘long double’ has changed in GCC 4.4
  340 |         sval_t line = sval_type_val(&int_ctype, 0);
      |                       ^
smatch_db.c: In function ‘estate_min’:
smatch_db.c:2083:21: note: the ABI of passing union with ‘long double’ has changed in GCC 4.4
 2083 |                 if (sval_is_negative(estate_min(tmp->state)) &&
      |                     ^
check_kernel.c: In function ‘hack_ERR_PTR’:
check_kernel.c:68:25: note: the ABI of passing union with ‘long double’ has changed in GCC 4.4
   68 |                 after = alloc_rl(low_error, minus_one);
      |                         ^
In function ‘size_to_estate’,
    inlined from ‘unmatched_size_state’ at smatch_buf_size.c:76:9:
smatch_buf_size.c:61:16: note: the ABI of passing union with ‘long double’ has changed in GCC 4.4
   61 |         return alloc_estate_sval(sval);
      |                ^
smatch_extra.c: In function ‘move_known_to_rl’:
smatch_extra.c:1836:25: note: the ABI of passing union with ‘long double’ has changed in GCC 4.4
 1836 |                 *rl_p = rl_binop(rl, flip_op(expr->op), alloc_rl(sval, sval));
      |                         ^
smatch_annotate.c: In function ‘sval_type_val’:
smatch_annotate.c:34:24: note: the ABI of passing union with ‘long double’ has changed in GCC 4.4
   34 |                 *res = alloc_rl(sval_type_val(rl_type(rl), 0), rl_max(rl));
      |                        ^
smatch_ranges.c: In function ‘is_whole_rl’:
smatch_ranges.c:773:13: note: the ABI of passing union with ‘long double’ has changed in GCC 4.4
  773 |         if (sval_is_min(drange->min) && sval_is_max(drange->max))
      |             ^
In function ‘return_implies_param_key’,
    inlined from ‘load_func_table’ at smatch_param_cleared.c:642:4,
    inlined from ‘register_param_cleared’ at smatch_param_cleared.c:713:2:
smatch_function_hooks.c:459:9: note: the ABI of passing union with ‘long double’ has changed in GCC 4.4
  459 |         return_implies_state_sval(look_for, start, end, &param_key_implies_function, pkd);
      |         ^
In function ‘estate_has_fuzzy_max’,
    inlined from ‘estate_is_unknown’ at smatch_estate.c:302:6,
    inlined from ‘estate_is_unknown’ at smatch_estate.c:296:5:
smatch_estate.c:109:13: note: the ABI of passing union with ‘long double’ has changed in GCC 4.4
  109 |         if (estate_get_fuzzy_max(state).type)
      |             ^
smatch_sval.c: In function ‘fp_to_str’:
smatch_sval.c:788:14: note: the ABI of passing union with ‘long double’ has changed in GCC 4.4
  788 | static char *fp_to_str(sval_t sval)
      |              ^
In function ‘check_preempt’,
    inlined from ‘check_preempt’ at check_preempt.c:245:6:
check_preempt.c:256:9: note: the ABI of passing union with ‘long double’ has changed in GCC 4.4
  256 |         return_implies_exact("preempt_count", int_zero, int_zero, &match_preempt_count_zero, NULL);
      |         ^
smatch_function_hooks.c: In function ‘return_implies_param_key_exact’:
smatch_function_hooks.c:462:6: note: the ABI of passing union with ‘long double’ has changed in GCC 4.4
  462 | void return_implies_param_key_exact(const char *look_for, sval_t start, sval_t end,
      |      ^
In function ‘sval_cmp_val’,
    inlined from ‘check_expr’ at check_get_user_overflow.c:131:7:
smatch_sval.c:281:16: note: the ABI of passing union with ‘long double’ has changed in GCC 4.4
  281 |         return sval_cmp(one, sval);
      |                ^
check_snprintf_overflow.c: In function ‘match_snprintf’:
check_snprintf_overflow.c:41:17: note: the ABI of passing union with ‘long double’ has changed in GCC 4.4
   41 |                 sm_error("snprintf() is printing too much %s vs %d",
      |                 ^
In function ‘return_implies_param_key’,
    inlined from ‘register_refcount_info’ at smatch_refcount_info.c:371:4,
    inlined from ‘register_refcount_info’ at smatch_refcount_info.c:347:6:
smatch_function_hooks.c:459:9: note: the ABI of passing union with ‘long double’ has changed in GCC 4.4
  459 |         return_implies_state_sval(look_for, start, end, &param_key_implies_function, pkd);
      |         ^
In function ‘load_tag_info_sym’,
    inlined from ‘load_container_data’ at smatch_container_of.c:604:10:
smatch_container_of.c:544:17: note: the ABI of passing union with ‘long double’ has changed in GCC 4.4
  544 |                 set_state_stree(&db_info.stree, SMATCH_EXTRA, arg->ident->name, arg, alloc_estate_sval(sval));
      |                 ^
check_testing_index_after_use.c: In function ‘array_check’:
check_testing_index_after_use.c:33:13: note: the ABI of passing union with ‘long double’ has changed in GCC 4.4
   33 | static void array_check(struct expression *expr)
      |             ^
In function ‘unknown_strlen’,
    inlined from ‘unmatched_strlen_state’ at smatch_strlen.c:51:9:
smatch_strlen.c:46:16: note: the ABI of passing union with ‘long double’ has changed in GCC 4.4
   46 |         return alloc_estate_sval(int_minus_one);
      |                ^
In function ‘implied_not_equal_name_sym’,
    inlined from ‘get_checked_line_var_sym’ at check_check_deref.c:58:6,
    inlined from ‘get_checked_line’ at check_check_deref.c:82:9,
    inlined from ‘deref_hook’ at check_check_deref.c:98:9:
smatch_extra.c:2355:14: note: the ABI of passing union with ‘long double’ has changed in GCC 4.4
 2355 |         if (!rl_has_sval(estate_rl(estate), sval_type_val(estate_type(estate), 0)))
      |              ^
smatch_math.c: In function ‘has_actual_ranges’:
smatch_math.c:688:12: note: the ABI of passing union with ‘long double’ has changed in GCC 4.4
  688 | static int has_actual_ranges(struct range_list *rl)
      |            ^
smatch.h: In function ‘fp_cmp’:
smatch.h:1735:19: note: the ABI of passing union with ‘long double’ has changed in GCC 4.4
 1735 | static inline int fp_cmp(sval_t one, sval_t two)
      |                   ^
check_nospec.c: In function ‘mark_user_data_as_nospec’:
check_nospec.c:201:13: note: the ABI of passing union with ‘long double’ has changed in GCC 4.4
  201 | static void mark_user_data_as_nospec(void)
      |             ^
check_logical_instead_of_bitwise.c: In function ‘is_bool’:
check_logical_instead_of_bitwise.c:100:12: note: the ABI of passing union with ‘long double’ has changed in GCC 4.4
  100 | static int is_bool(struct expression *expr)
      |            ^
smatch_implied.c: In function ‘__separate_pools’:
smatch_implied.c:357:13: note: the ABI of passing union with ‘long double’ has changed in GCC 4.4
  357 | static void __separate_pools(struct sm_state *sm, int comparison, struct range_list *rl,
      |             ^
smatch.h: In function ‘fp_cmp’:
smatch.h:1735:19: note: the ABI of passing union with ‘long double’ has changed in GCC 4.4
 1735 | static inline int fp_cmp(sval_t one, sval_t two)
      |                   ^
smatch_power_of_two.c: In function ‘match_assign’:
smatch_power_of_two.c:105:13: note: the ABI of passing union with ‘long double’ has changed in GCC 4.4
  105 | static void match_assign(struct expression *expr)
      |             ^
check_allocating_enough_data.c: In function ‘db_returns_buf_size’:
check_allocating_enough_data.c:51:9: note: the ABI of passing union with ‘long double’ has changed in GCC 4.4
   51 |         sm_error("not allocating enough for = '%s' %d vs %s", str, bytes, sval_to_str(sval));
      |         ^
In function ‘sval_cmp_val’,
    inlined from ‘check_size_matches’ at check_kmalloc_wrong_size.c:44:6:
smatch_sval.c:281:16: note: the ABI of passing union with ‘long double’ has changed in GCC 4.4
  281 |         return sval_cmp(one, sval);
      |                ^
In function ‘return_implies_param_key’,
    inlined from ‘check_free_strict’ at check_free_strict.c:701:4:
smatch_function_hooks.c:459:9: note: the ABI of passing union with ‘long double’ has changed in GCC 4.4
  459 |         return_implies_state_sval(look_for, start, end, &param_key_implies_function, pkd);
      |         ^
check_deref.c: In function ‘is_possibly_zero’:
check_deref.c:64:13: note: the ABI of passing union with ‘long double’ has changed in GCC 4.4
   64 | static bool is_possibly_zero(const char *name, struct symbol *sym)
      |             ^
