patching file Documentation/admin-guide/kernel-parameters.txt
patching file Documentation/admin-guide/sysctl/kernel.rst
patching file Documentation/scheduler/sched-BMQ.txt
patching file Makefile
patching file arch/arm/include/asm/mmu_context.h
patching file arch/riscv/include/asm/sync_core.h
patching file arch/s390/include/asm/mmu_context.h
patching file arch/sparc/include/asm/mmu_context_64.h
patching file arch/x86/Makefile
patching file arch/x86/include/asm/mmu_context.h
patching file arch/x86/include/asm/pci.h
patching file arch/x86/include/asm/sync_core.h
patching file arch/x86/kernel/cpu/bus_lock.c
patching file arch/x86/mm/tlb.c
patching file arch/x86/pci/common.c
patching file block/elevator.c
patching file drivers/Makefile
patching file drivers/ata/ahci.c
patching file drivers/ata/libahci.c
patching file drivers/cpufreq/Kconfig.x86
patching file drivers/cpufreq/cpufreq_ondemand.c
patching file drivers/cpufreq/intel_pstate.c
patching file drivers/dma-buf/udmabuf.c
patching file drivers/gpu/drm/amd/amdgpu/amdgpu.h
patching file drivers/gpu/drm/amd/amdgpu/amdgpu_drv.c
patching file drivers/gpu/drm/amd/pm/amdgpu_pm.c
patching file drivers/gpu/drm/amd/pm/swsmu/amdgpu_smu.c
patching file drivers/gpu/drm/ttm/ttm_bo.c
patching file drivers/gpu/drm/ttm/ttm_resource.c
patching file drivers/input/evdev.c
patching file drivers/pci/controller/Makefile
patching file drivers/pci/controller/intel-nvme-remap.c
patching file drivers/pci/quirks.c
patching file drivers/scsi/Kconfig
patching file drivers/scsi/Makefile
patching file drivers/scsi/vhba/Kconfig
patching file drivers/scsi/vhba/Makefile
patching file drivers/scsi/vhba/vhba.c
patching file fs/f2fs/checkpoint.c
patching file fs/proc/base.c
patching file include/drm/ttm/ttm_resource.h
patching file include/linux/cgroup.h
patching file include/linux/cgroup_dmem.h
patching file include/linux/mm.h
patching file include/linux/perf_event.h
patching file include/linux/rseq_entry.h
patching file include/linux/sched.h
patching file include/linux/sched/deadline.h
patching file include/linux/sched/mm.h
patching file include/linux/sched/prio.h
patching file include/linux/sched/rt.h
patching file include/linux/sched/topology.h
patching file include/linux/tcp.h
patching file include/linux/tick.h
patching file include/linux/vtime.h
patching file include/net/inet_connection_sock.h
patching file include/net/tcp.h
patching file include/net/tcp_ecn.h
patching file include/uapi/linux/inet_diag.h
patching file include/uapi/linux/rtnetlink.h
patching file include/uapi/linux/tcp.h
patching file init/Kconfig
patching file init/Makefile
patching file init/init_task.c
patching file kernel/Kconfig.preempt
patching file kernel/cgroup/cpuset.c
patching file kernel/cgroup/dmem.c
patching file kernel/delayacct.c
patching file kernel/exit.c
patching file kernel/fork.c
patching file kernel/locking/rtmutex.c
patching file kernel/locking/ww_mutex.h
patching file kernel/sched/Makefile
patching file kernel/sched/alt_core.c (copied from kernel/sched/core.c)
patching file kernel/sched/alt_core.h
patching file kernel/sched/alt_debug.c
patching file kernel/sched/alt_sched.h
patching file kernel/sched/alt_topology.c
patching file kernel/sched/alt_topology.h
patching file kernel/sched/bmq.h
patching file kernel/sched/build_policy.c
patching file kernel/sched/build_utility.c
patching file kernel/sched/core.c
patching file kernel/sched/cpufreq_schedutil.c
patching file kernel/sched/cputime.c
patching file kernel/sched/debug.c
patching file kernel/sched/fair.c
patching file kernel/sched/idle.c
patching file kernel/sched/pds.h
patching file kernel/sched/pelt.c
patching file kernel/sched/pelt.h
patching file kernel/sched/sched.h
patching file kernel/sched/stats.c
patching file kernel/sched/stats.h
patching file kernel/sched/syscalls.c
patching file kernel/sched/topology.c
patching file kernel/sysctl.c
patching file kernel/time/posix-cpu-timers.c
patching file kernel/trace/trace_osnoise.c
patching file kernel/trace/trace_selftest.c
patching file kernel/workqueue.c
patching file mm/Kconfig
patching file mm/huge_memory.c
patching file mm/internal.h
patching file mm/page_alloc.c
patching file mm/swap.c
patching file mm/vmscan.c
patching file net/ipv4/Kconfig
patching file net/ipv4/bpf_tcp_ca.c
patching file net/ipv4/tcp.c
patching file net/ipv4/tcp_bbr.c
patching file net/ipv4/tcp_cong.c
patching file net/ipv4/tcp_input.c
patching file net/ipv4/tcp_minisocks.c
patching file net/ipv4/tcp_output.c
patching file net/ipv4/tcp_timer.c
patching file net/rxrpc/call_event.c
patching file net/rxrpc/conn_event.c
  HOSTCC  scripts/basic/fixdep
  HOSTCC  scripts/kconfig/conf.o
  HOSTCC  scripts/kconfig/confdata.o
  HOSTCC  scripts/kconfig/expr.o
  LEX     scripts/kconfig/lexer.lex.c
  YACC    scripts/kconfig/parser.tab.[ch]
  HOSTCC  scripts/kconfig/lexer.lex.o
  HOSTCC  scripts/kconfig/menu.o
  HOSTCC  scripts/kconfig/parser.tab.o
  HOSTCC  scripts/kconfig/preprocess.o
  HOSTCC  scripts/kconfig/symbol.o
  HOSTCC  scripts/kconfig/util.o
  HOSTLD  scripts/kconfig/conf
#
# configuration written to .config
#
