-- The CXX compiler identification is GNU 15.2.1
-- Detecting CXX compiler ABI info
-- Detecting CXX compiler ABI info - done
-- Check for working CXX compiler: /usr/bin/c++ - skipped
-- Detecting CXX compile features
-- Detecting CXX compile features - done
-- Build spdlog: 1.16.0
-- Performing Test CMAKE_HAVE_LIBC_PTHREAD
-- Performing Test CMAKE_HAVE_LIBC_PTHREAD - Success
-- Found Threads: TRUE
-- Build type: RelWithDebInfo
-- Looking for fwrite_unlocked
-- Looking for fwrite_unlocked - found
-- Generating tests
-- Found PkgConfig: /usr/bin/pkg-config (found version "2.5.1")
-- Checking for module 'libsystemd'
--   Found libsystemd, version 258
-- Packaged version of Catch will be used.
-- Generating install
-- Configuring done (0.6s)
-- Generating done (0.0s)
-- Build files have been written to: /build/spdlog-git/src/build
[  2%] Building CXX object CMakeFiles/spdlog.dir/src/spdlog.cpp.o
[  8%] Building CXX object CMakeFiles/spdlog.dir/src/stdout_sinks.cpp.o
[  8%] Building CXX object CMakeFiles/spdlog.dir/src/file_sinks.cpp.o
[ 11%] Building CXX object CMakeFiles/spdlog.dir/src/color_sinks.cpp.o
[ 14%] Building CXX object CMakeFiles/spdlog.dir/src/cfg.cpp.o
[ 17%] Building CXX object CMakeFiles/spdlog.dir/src/async.cpp.o
[ 20%] Linking CXX shared library libspdlog.so
[ 20%] Built target spdlog
[ 23%] Building CXX object tests/CMakeFiles/spdlog-utests.dir/test_file_helper.cpp.o
[ 26%] Building CXX object tests/CMakeFiles/spdlog-utests.dir/test_daily_logger.cpp.o
[ 29%] Building CXX object tests/CMakeFiles/spdlog-utests.dir/test_eventlog.cpp.o
[ 38%] Building CXX object tests/CMakeFiles/spdlog-utests.dir/test_registry.cpp.o
[ 38%] Building CXX object tests/CMakeFiles/spdlog-utests.dir/test_async.cpp.o
[ 38%] Building CXX object tests/CMakeFiles/spdlog-utests.dir/test_misc.cpp.o
[ 41%] Building CXX object tests/CMakeFiles/spdlog-utests.dir/test_file_logging.cpp.o
[ 44%] Building CXX object tests/CMakeFiles/spdlog-utests.dir/test_pattern_formatter.cpp.o
[ 50%] Building CXX object tests/CMakeFiles/spdlog-utests.dir/utils.cpp.o
[ 50%] Building CXX object tests/CMakeFiles/spdlog-utests.dir/test_macros.cpp.o
[ 52%] Building CXX object tests/CMakeFiles/spdlog-utests.dir/test_mpmc_q.cpp.o
[ 55%] Building CXX object tests/CMakeFiles/spdlog-utests.dir/test_dup_filter.cpp.o
[ 58%] Building CXX object tests/CMakeFiles/spdlog-utests.dir/test_stdout_api.cpp.o
[ 61%] Building CXX object tests/CMakeFiles/spdlog-utests.dir/test_backtrace.cpp.o
[ 64%] Building CXX object tests/CMakeFiles/spdlog-utests.dir/test_custom_callbacks.cpp.o
[ 70%] Building CXX object tests/CMakeFiles/spdlog-utests.dir/main.cpp.o
[ 70%] Building CXX object tests/CMakeFiles/spdlog-utests.dir/test_cfg.cpp.o
[ 73%] Building CXX object tests/CMakeFiles/spdlog-utests.dir/test_create_dir.cpp.o
[ 76%] Building CXX object tests/CMakeFiles/spdlog-utests.dir/test_time_point.cpp.o
[ 79%] Building CXX object tests/CMakeFiles/spdlog-utests.dir/test_fmt_helper.cpp.o
[ 82%] Building CXX object tests/CMakeFiles/spdlog-utests.dir/test_stopwatch.cpp.o
[ 85%] Building CXX object tests/CMakeFiles/spdlog-utests.dir/test_circular_q.cpp.o
[ 88%] Building CXX object tests/CMakeFiles/spdlog-utests.dir/test_bin_to_hex.cpp.o
[ 91%] Building CXX object tests/CMakeFiles/spdlog-utests.dir/test_ringbuffer.cpp.o
[ 94%] Building CXX object tests/CMakeFiles/spdlog-utests.dir/test_errors.cpp.o
[ 97%] Building CXX object tests/CMakeFiles/spdlog-utests.dir/test_systemd.cpp.o
[100%] Linking CXX executable spdlog-utests
[100%] Built target spdlog-utests
