-- The CXX compiler identification is GNU 15.1.1
-- Detecting CXX compiler ABI info
-- Detecting CXX compiler ABI info - done
-- Check for working CXX compiler: /usr/bin/c++ - skipped
-- Detecting CXX compile features
-- Detecting CXX compile features - done
-- Performing Test CMAKE_HAVE_LIBC_PTHREAD
-- Performing Test CMAKE_HAVE_LIBC_PTHREAD - Success
-- Found Threads: TRUE
-- Performing Test HAVE_STDATOMIC
-- Performing Test HAVE_STDATOMIC - Success
-- Found WrapAtomic: TRUE
-- Found OpenGL: /usr/lib/libOpenGL.so
-- Found WrapOpenGL: TRUE
-- Found WrapVulkanHeaders: /usr/include
-- Found LibXml2: /usr/lib/libxml2.so (found version "2.14.5")
-- Found LibArchive: /usr/lib/libarchive.so (found version "3.8.1")
-- The following packages have been found:

 * Qt6WidgetsTools (required version >= 6.9.1)
 * OpenGL
 * WrapVulkanHeaders
 * Qt6GuiTools (required version >= 6.9.1)
 * Qt6CoreTools (required version >= 6.9.1)
 * Qt6DBusTools (required version >= 6.9.1)
 * Qt6Widgets (required version >= 6.5)
 * Qt6Multimedia (required version >= 6.5)
 * Qt6LinguistTools (required version >= 6.5)
 * Qt6 (required version >= 6.5)
 * LibXml2
 * LibArchive

-- Configuring done (0.9s)
-- Generating done (0.0s)
-- Build files have been written to: /build/stopmotion-git/src/build
[  0%] Built target stopmotion_autogen_timestamp_deps
[  1%] Automatic MOC and UIC for target stopmotion
[  1%] Built target stopmotion_autogen
[  2%] Generating stopmotion_it.qm
[  2%] Generating stopmotion_ar.qm
[  3%] Generating stopmotion_sl.qm
[  4%] Generating stopmotion_gr.qm
[  5%] Generating stopmotion_zh_CN.qm
[  7%] Generating stopmotion_tr.qm
[  6%] Generating stopmotion_cz.qm
[  9%] Generating stopmotion_es.qm
[  9%] Generating stopmotion_zh_TW.qm
[ 11%] Generating stopmotion_no_nb.qm
[ 11%] Generating stopmotion_de.qm
[ 12%] Generating stopmotion_fi.qm
[ 13%] Generating stopmotion_fr.qm
[ 14%] Generating stopmotion_br.qm
[ 15%] Generating stopmotion_dk.qm
[ 16%] Generating stopmotion_no_nn.qm
[ 17%] Generating stopmotion_no_se.qm
[ 18%] Generating stopmotion_pt.qm
[ 19%] Generating stopmotion_kl.qm
[ 20%] Generating stopmotion_ru.qm
Updating '/build/stopmotion-git/src/build/stopmotion_it.qm'...
Updating '/build/stopmotion-git/src/build/stopmotion_cz.qm'...
    Generated 159 translation(s) (145 finished and 14 unfinished)
    Ignored 82 untranslated source text(s)
    Generated 224 translation(s) (220 finished and 4 unfinished)
    Ignored 17 untranslated source text(s)
Updating '/build/stopmotion-git/src/build/stopmotion_zh_CN.qm'...
Updating '/build/stopmotion-git/src/build/stopmotion_tr.qm'...
Updating '/build/stopmotion-git/src/build/stopmotion_gr.qm'...
Updating '/build/stopmotion-git/src/build/stopmotion_es.qm'...
    Generated 0 translation(s) (0 finished and 0 unfinished)
    Ignored 241 untranslated source text(s)
Updating '/build/stopmotion-git/src/build/stopmotion_zh_TW.qm'...
Updating '/build/stopmotion-git/src/build/stopmotion_ar.qm'...
    Generated 209 translation(s) (208 finished and 1 unfinished)
    Ignored 32 untranslated source text(s)
Updating '/build/stopmotion-git/src/build/stopmotion_sl.qm'...
    Generated 204 translation(s) (204 finished and 0 unfinished)
    Ignored 37 untranslated source text(s)
    Generated 292 translation(s) (292 finished and 0 unfinished)
    Generated 217 translation(s) (215 finished and 2 unfinished)
    Ignored 24 untranslated source text(s)
    Generated 216 translation(s) (211 finished and 5 unfinished)
    Ignored 25 untranslated source text(s)
    Generated 160 translation(s) (0 finished and 160 unfinished)
    Ignored 81 untranslated source text(s)
Updating '/build/stopmotion-git/src/build/stopmotion_br.qm'...
    Generated 0 translation(s) (0 finished and 0 unfinished)
    Ignored 241 untranslated source text(s)
Updating '/build/stopmotion-git/src/build/stopmotion_fi.qm'...
    Generated 0 translation(s) (0 finished and 0 unfinished)
    Ignored 241 untranslated source text(s)
Updating '/build/stopmotion-git/src/build/stopmotion_de.qm'...
Updating '/build/stopmotion-git/src/build/stopmotion_no_nb.qm'...
    Generated 209 translation(s) (208 finished and 1 unfinished)
    Ignored 32 untranslated source text(s)
Updating '/build/stopmotion-git/src/build/stopmotion_dk.qm'...
Updating '/build/stopmotion-git/src/build/stopmotion_no_nn.qm'...
    Generated 241 translation(s) (241 finished and 0 unfinished)
    Generated 0 translation(s) (0 finished and 0 unfinished)
    Ignored 241 untranslated source text(s)
Updating '/build/stopmotion-git/src/build/stopmotion_fr.qm'...
    Generated 157 translation(s) (145 finished and 12 unfinished)
    Ignored 84 untranslated source text(s)
    Generated 209 translation(s) (208 finished and 1 unfinished)
    Ignored 32 untranslated source text(s)
Updating '/build/stopmotion-git/src/build/stopmotion_no_se.qm'...
Updating '/build/stopmotion-git/src/build/stopmotion_pt.qm'...
    Generated 0 translation(s) (0 finished and 0 unfinished)
    Ignored 241 untranslated source text(s)
    Generated 209 translation(s) (208 finished and 1 unfinished)
    Ignored 32 untranslated source text(s)
Updating '/build/stopmotion-git/src/build/stopmotion_ru.qm'...
Updating '/build/stopmotion-git/src/build/stopmotion_kl.qm'...
    Generated 0 translation(s) (0 finished and 0 unfinished)
    Ignored 241 untranslated source text(s)
    Generated 217 translation(s) (217 finished and 0 unfinished)
    Ignored 24 untranslated source text(s)
[ 21%] Generating stopmotion_sv.qm
[ 22%] Generating stopmotion_he.qm
Updating '/build/stopmotion-git/src/build/stopmotion_he.qm'...
Updating '/build/stopmotion-git/src/build/stopmotion_sv.qm'...
    Generated 219 translation(s) (219 finished and 0 unfinished)
    Ignored 22 untranslated source text(s)
    Generated 217 translation(s) (217 finished and 0 unfinished)
    Ignored 24 untranslated source text(s)
[ 23%] Automatic RCC for translations.qrc
[ 24%] Building CXX object CMakeFiles/stopmotion.dir/src/domain/domainfacade.cpp.o
[ 25%] Building CXX object CMakeFiles/stopmotion.dir/stopmotion_autogen/mocs_compilation.cpp.o
[ 26%] Building CXX object CMakeFiles/stopmotion.dir/src/domain/animation/frame.cpp.o
[ 26%] Building CXX object CMakeFiles/stopmotion.dir/src/foundation/stringwriter.cpp.o
[ 28%] Building CXX object CMakeFiles/stopmotion.dir/src/foundation/uiexception.cpp.o
[ 28%] Building CXX object CMakeFiles/stopmotion.dir/src/config.cpp.o
[ 30%] Building CXX object CMakeFiles/stopmotion.dir/src/domain/observernotifier.cpp.o
[ 30%] Building CXX object CMakeFiles/stopmotion.dir/src/domain/animation/animation.cpp.o
[ 32%] Building CXX object CMakeFiles/stopmotion.dir/src/main.cpp.o
[ 36%] Building CXX object CMakeFiles/stopmotion.dir/src/domain/animation/errorhandler.cpp.o
[ 36%] Building CXX object CMakeFiles/stopmotion.dir/src/domain/animation/scenevector.cpp.o
[ 36%] Building CXX object CMakeFiles/stopmotion.dir/src/foundation/logger.cpp.o
[ 37%] Building CXX object CMakeFiles/stopmotion.dir/src/domain/animation/sound.cpp.o
[ 36%] Building CXX object CMakeFiles/stopmotion.dir/src/domain/animation/animationimpl.cpp.o
[ 37%] Building CXX object CMakeFiles/stopmotion.dir/src/presentation/imagecache.cpp.o
[ 39%] Building CXX object CMakeFiles/stopmotion.dir/src/presentation/frontends/qtfrontend/qtfrontend.cpp.o
[ 39%] Building CXX object CMakeFiles/stopmotion.dir/src/presentation/frontends/qtfrontend/mainwindowgui.cpp.o
[ 40%] Building CXX object CMakeFiles/stopmotion.dir/src/presentation/frontends/nonguifrontend/nonguifrontend.cpp.o
[ 42%] Building CXX object CMakeFiles/stopmotion.dir/src/domain/undo/commandadd.cpp.o
[ 42%] Building CXX object CMakeFiles/stopmotion.dir/src/application/runanimationhandler.cpp.o
[ 43%] Building CXX object CMakeFiles/stopmotion.dir/src/domain/undo/commandmove.cpp.o
[ 44%] Building CXX object CMakeFiles/stopmotion.dir/src/domain/undo/commandremove.cpp.o
[ 45%] Building CXX object CMakeFiles/stopmotion.dir/src/domain/undo/commandsetimage.cpp.o
[ 46%] Building CXX object CMakeFiles/stopmotion.dir/src/domain/undo/commandaddsound.cpp.o
[ 47%] Building CXX object CMakeFiles/stopmotion.dir/src/domain/undo/commandrenamesound.cpp.o
[ 48%] Building CXX object CMakeFiles/stopmotion.dir/src/domain/undo/commandremovesound.cpp.o
[ 49%] Building CXX object CMakeFiles/stopmotion.dir/src/domain/undo/commandaddscene.cpp.o
[ 50%] Building CXX object CMakeFiles/stopmotion.dir/src/domain/undo/commandmovescene.cpp.o
[ 51%] Building CXX object CMakeFiles/stopmotion.dir/src/domain/undo/commandremovescene.cpp.o
/build/stopmotion-git/src/stopmotion/src/presentation/frontends/nonguifrontend/nonguifrontend.cpp: In member function ‘virtual void DirIterator::next()’:
/build/stopmotion-git/src/stopmotion/src/presentation/frontends/nonguifrontend/nonguifrontend.cpp:194:45: warning: ignoring return value of ‘constexpr const _CharT* std::__cxx11::basic_string<_CharT, _Traits, _Alloc>::c_str() const [with _CharT = char; _Traits = std::char_traits<char>; _Alloc = std::allocator<char>]’, declared with attribute ‘nodiscard’ [-Wunused-result]
  194 |                                 buffer.c_str();
      |                                 ~~~~~~~~~~~~^~
In file included from /usr/include/c++/15.1.1/string:56,
                 from /build/stopmotion-git/src/stopmotion/src/presentation/frontends/nonguifrontend/nonguifrontend.h:23,
                 from /build/stopmotion-git/src/stopmotion/src/presentation/frontends/nonguifrontend/nonguifrontend.cpp:20:
/usr/include/c++/15.1.1/bits/basic_string.h:2873:7: note: declared here
 2873 |       c_str() const _GLIBCXX_NOEXCEPT
      |       ^~~~~
[ 51%] Building CXX object CMakeFiles/stopmotion.dir/src/domain/undo/filelogger.cpp.o
[ 52%] Building CXX object CMakeFiles/stopmotion.dir/src/domain/animation/workspacefile.cpp.o
[ 53%] Building CXX object CMakeFiles/stopmotion.dir/src/application/camerahandler.cpp.o
[ 54%] Building CXX object CMakeFiles/stopmotion.dir/src/presentation/frontends/qtfrontend/frameview.cpp.o
[ 55%] Building CXX object CMakeFiles/stopmotion.dir/src/presentation/frontends/qtfrontend/flexiblespinbox.cpp.o
[ 56%] Building CXX object CMakeFiles/stopmotion.dir/src/presentation/frontends/qtfrontend/menuframe.cpp.o
[ 57%] Building CXX object CMakeFiles/stopmotion.dir/src/presentation/frontends/qtfrontend/flexiblelineedit.cpp.o
[ 58%] Building CXX object CMakeFiles/stopmotion.dir/src/application/soundhandler.cpp.o
[ 59%] Building CXX object CMakeFiles/stopmotion.dir/src/presentation/frontends/qtfrontend/framepreferencesmenu.cpp.o
[ 60%] Building CXX object CMakeFiles/stopmotion.dir/src/application/editmenuhandler.cpp.o
[ 61%] Building CXX object CMakeFiles/stopmotion.dir/src/domain/animation/scene.cpp.o
/build/stopmotion-git/src/stopmotion/src/domain/animation/workspacefile.cpp: In constructor ‘ExportDirectory::ExportDirectory()’:
/build/stopmotion-git/src/stopmotion/src/domain/animation/workspacefile.cpp:347:22: warning: ignoring return value of ‘constexpr const _CharT* std::__cxx11::basic_string<_CharT, _Traits, _Alloc>::c_str() const [with _CharT = char; _Traits = std::char_traits<char>; _Alloc = std::allocator<char>]’, declared with attribute ‘nodiscard’ [-Wunused-result]
  347 |         pathOut.c_str();  // force allocation of trailing '\0'
      |         ~~~~~~~~~~~~~^~
In file included from /usr/include/c++/15.1.1/string:56,
                 from /build/stopmotion-git/src/stopmotion/./src/technical/util.h:24,
                 from /build/stopmotion-git/src/stopmotion/src/domain/animation/workspacefile.cpp:23:
/usr/include/c++/15.1.1/bits/basic_string.h:2873:7: note: declared here
 2873 |       c_str() const _GLIBCXX_NOEXCEPT
      |       ^~~~~
[ 62%] Building CXX object CMakeFiles/stopmotion.dir/src/technical/projectserializer.cpp.o
[ 63%] Building CXX object CMakeFiles/stopmotion.dir/src/technical/audio/oggvorbis.cpp.o
[ 64%] Building CXX object CMakeFiles/stopmotion.dir/src/technical/audio/audioformat.cpp.o
[ 65%] Building CXX object CMakeFiles/stopmotion.dir/src/technical/audio/qtaudiodriver.cpp.o
[ 66%] Building CXX object CMakeFiles/stopmotion.dir/src/technical/grabber/imagegrabber.cpp.o
[ 67%] Building CXX object CMakeFiles/stopmotion.dir/src/technical/grabber/commandlinegrabber.cpp.o
[ 68%] Building CXX object CMakeFiles/stopmotion.dir/src/presentation/frontends/qtfrontend/imagegrabthread.cpp.o
[ 69%] Building CXX object CMakeFiles/stopmotion.dir/src/presentation/frontends/qtfrontend/preferencesmenu.cpp.o
/build/stopmotion-git/src/stopmotion/src/technical/projectserializer.cpp: In member function ‘void TarFileRead::extract(std::string&)’:
/build/stopmotion-git/src/stopmotion/src/technical/projectserializer.cpp:103:31: warning: ignoring return value of ‘constexpr const _CharT* std::__cxx11::basic_string<_CharT, _Traits, _Alloc>::c_str() const [with _CharT = char; _Traits = std::char_traits<char>; _Alloc = std::allocator<char>]’, declared with attribute ‘nodiscard’ [-Wunused-result]
  103 |                 filename.c_str();
      |                 ~~~~~~~~~~~~~~^~
In file included from /usr/include/c++/15.1.1/string:56,
                 from /build/stopmotion-git/src/stopmotion/./src/domain/animation/sound.h:24,
                 from /build/stopmotion-git/src/stopmotion/src/technical/projectserializer.cpp:27:
/usr/include/c++/15.1.1/bits/basic_string.h:2873:7: note: declared here
 2873 |       c_str() const _GLIBCXX_NOEXCEPT
      |       ^~~~~
[ 70%] Building CXX object CMakeFiles/stopmotion.dir/src/foundation/preferencestool.cpp.o
[ 71%] Building CXX object CMakeFiles/stopmotion.dir/src/application/modelhandler.cpp.o
[ 72%] Building CXX object CMakeFiles/stopmotion.dir/src/presentation/frontends/qtfrontend/toolsmenu.cpp.o
[ 73%] Building CXX object CMakeFiles/stopmotion.dir/src/application/languagehandler.cpp.o
[ 75%] Building CXX object CMakeFiles/stopmotion.dir/src/technical/video/videofactory.cpp.o
[ 75%] Building CXX object CMakeFiles/stopmotion.dir/src/technical/video/videoencoder.cpp.o
[ 76%] Building CXX object CMakeFiles/stopmotion.dir/src/presentation/frontends/qtfrontend/importtab.cpp.o
[ 76%] Building CXX object CMakeFiles/stopmotion.dir/src/presentation/frontends/qtfrontend/framebar/framebar.cpp.o
[ 77%] Building CXX object CMakeFiles/stopmotion.dir/src/presentation/frontends/qtfrontend/framebar/framethumbview.cpp.o
[ 78%] Building CXX object CMakeFiles/stopmotion.dir/src/presentation/frontends/qtfrontend/framebar/filenamesfromurlsiterator.cpp.o
[ 79%] Building CXX object CMakeFiles/stopmotion.dir/src/presentation/frontends/qtfrontend/framebar/scenearrowbutton.cpp.o
[ 80%] Building CXX object CMakeFiles/stopmotion.dir/src/presentation/frontends/qtfrontend/framebar/scenethumbview.cpp.o
[ 81%] Building CXX object CMakeFiles/stopmotion.dir/src/presentation/frontends/qtfrontend/framebar/thumbview.cpp.o
[ 82%] Building CXX object CMakeFiles/stopmotion.dir/src/presentation/frontends/qtfrontend/framebar/thumbdragger.cpp.o
[ 83%] Building CXX object CMakeFiles/stopmotion.dir/src/presentation/frontends/qtfrontend/exporttab.cpp.o
[ 84%] Building CXX object CMakeFiles/stopmotion.dir/src/presentation/frontends/qtfrontend/helpwindow.cpp.o
[ 85%] Building CXX object CMakeFiles/stopmotion.dir/src/presentation/frontends/qtfrontend/editobserver.cpp.o
/build/stopmotion-git/src/stopmotion/src/application/modelhandler.cpp: In member function ‘void StringListIterator::set()’:
/build/stopmotion-git/src/stopmotion/src/application/modelhandler.cpp:98:37: warning: ignoring return value of ‘constexpr const _CharT* std::__cxx11::basic_string<_CharT, _Traits, _Alloc>::c_str() const [with _CharT = char; _Traits = std::char_traits<char>; _Alloc = std::allocator<char>]’, declared with attribute ‘nodiscard’ [-Wunused-result]
   98 |                         buffer.c_str();
      |                         ~~~~~~~~~~~~^~
In file included from /usr/include/c++/15.1.1/string:56,
                 from /usr/include/c++/15.1.1/bits/locale_classes.h:42,
                 from /usr/include/c++/15.1.1/bits/ios_base.h:43,
                 from /usr/include/c++/15.1.1/ios:46,
                 from /usr/include/c++/15.1.1/bits/ostream.h:43,
                 from /usr/include/c++/15.1.1/bits/unique_ptr.h:43,
                 from /usr/include/c++/15.1.1/memory:80,
                 from /usr/include/qt6/QtCore/qobjectdefs_impl.h:17,
                 from /usr/include/qt6/QtCore/qobjectdefs.h:13,
                 from /usr/include/qt6/QtCore/qobject.h:10,
                 from /usr/include/qt6/QtCore/QObject:1,
                 from /build/stopmotion-git/src/stopmotion/src/application/modelhandler.h:23,
                 from /build/stopmotion-git/src/stopmotion/src/application/modelhandler.cpp:20:
/usr/include/c++/15.1.1/bits/basic_string.h:2873:7: note: declared here
 2873 |       c_str() const _GLIBCXX_NOEXCEPT
      |       ^~~~~
[ 86%] Building CXX object CMakeFiles/stopmotion.dir/src/technical/util.cpp.o
[ 87%] Building CXX object CMakeFiles/stopmotion.dir/src/technical/stringiterator.cpp.o
[ 88%] Building CXX object CMakeFiles/stopmotion.dir/src/application/externalcommand.cpp.o
[ 89%] Building CXX object CMakeFiles/stopmotion.dir/src/application/externalcommandwithtemporarydirectory.cpp.o
[ 90%] Building CXX object CMakeFiles/stopmotion.dir/src/presentation/frontends/qtfrontend/aboutdialog.cpp.o
/build/stopmotion-git/src/stopmotion/src/application/languagehandler.cpp: In constructor ‘LanguageHandler::LanguageHandler(QObject*, QApplication*, const char*)’:
/build/stopmotion-git/src/stopmotion/src/application/languagehandler.cpp:78:29: warning: ignoring return value of ‘bool QTranslator::load(const QString&, const QString&, const QString&, const QString&)’, declared with attribute ‘nodiscard’ [-Wunused-result]
   78 |             translator->load(translationFile);
      |             ~~~~~~~~~~~~~~~~^~~~~~~~~~~~~~~~~
In file included from /usr/include/qt6/QtCore/QTranslator:1,
                 from /build/stopmotion-git/src/stopmotion/src/application/languagehandler.h:28,
                 from /build/stopmotion-git/src/stopmotion/src/application/languagehandler.cpp:20:
/usr/include/qt6/QtCore/qtranslator.h:33:24: note: declared here
   33 |     [[nodiscard]] bool load(const QString & filename,
      |                        ^~~~
/build/stopmotion-git/src/stopmotion/src/application/languagehandler.cpp: In member function ‘QMenu* LanguageHandler::createLanguagesMenu(QMenu*)’:
/build/stopmotion-git/src/stopmotion/src/application/languagehandler.cpp:106:32: warning: ignoring return value of ‘bool QTranslator::load(const QString&, const QString&, const QString&, const QString&)’, declared with attribute ‘nodiscard’ [-Wunused-result]
  106 |                 translator.load(fileNames[i], qmPath);
      |                 ~~~~~~~~~~~~~~~^~~~~~~~~~~~~~~~~~~~~~
/usr/include/qt6/QtCore/qtranslator.h:33:24: note: declared here
   33 |     [[nodiscard]] bool load(const QString & filename,
      |                        ^~~~
/build/stopmotion-git/src/stopmotion/src/application/languagehandler.cpp: In member function ‘void LanguageHandler::changeLanguage(QAction*)’:
/build/stopmotion-git/src/stopmotion/src/application/languagehandler.cpp:149:33: warning: ignoring return value of ‘bool QTranslator::load(const QString&, const QString&, const QString&, const QString&)’, declared with attribute ‘nodiscard’ [-Wunused-result]
  149 |                 translator->load("stopmotion_" + locale, qmPath);
      |                 ~~~~~~~~~~~~~~~~^~~~~~~~~~~~~~~~~~~~~~~~~~~~~~~~
/usr/include/qt6/QtCore/qtranslator.h:33:24: note: declared here
   33 |     [[nodiscard]] bool load(const QString & filename,
      |                        ^~~~
/build/stopmotion-git/src/stopmotion/src/application/languagehandler.cpp:152:33: warning: ignoring return value of ‘bool QTranslator::load(const QString&, const QString&, const QString&, const QString&)’, declared with attribute ‘nodiscard’ [-Wunused-result]
  152 |                 translator->load("");
      |                 ~~~~~~~~~~~~~~~~^~~~
/usr/include/qt6/QtCore/qtranslator.h:33:24: note: declared here
   33 |     [[nodiscard]] bool load(const QString & filename,
      |                        ^~~~
/build/stopmotion-git/src/stopmotion/src/technical/util.cpp: In static member function ‘static void Util::ensurePathExists(const char*)’:
/build/stopmotion-git/src/stopmotion/src/technical/util.cpp:282:19: warning: ignoring return value of ‘constexpr const _CharT* std::__cxx11::basic_string<_CharT, _Traits, _Alloc>::c_str() const [with _CharT = char; _Traits = std::char_traits<char>; _Alloc = std::allocator<char>]’, declared with attribute ‘nodiscard’ [-Wunused-result]
  282 |         copy.c_str();  // ensure terminating '\0'
      |         ~~~~~~~~~~^~
In file included from /usr/include/c++/15.1.1/string:56,
                 from /build/stopmotion-git/src/stopmotion/./src/technical/util.h:24,
                 from /build/stopmotion-git/src/stopmotion/src/technical/util.cpp:20:
/usr/include/c++/15.1.1/bits/basic_string.h:2873:7: note: declared here
 2873 |       c_str() const _GLIBCXX_NOEXCEPT
      |       ^~~~~
/build/stopmotion-git/src/stopmotion/src/presentation/frontends/qtfrontend/framebar/filenamesfromurlsiterator.cpp: In member function ‘void FileNamesFromUrlsIterator::set()’:
/build/stopmotion-git/src/stopmotion/src/presentation/frontends/qtfrontend/framebar/filenamesfromurlsiterator.cpp:30:29: warning: ignoring return value of ‘constexpr const _CharT* std::__cxx11::basic_string<_CharT, _Traits, _Alloc>::c_str() const [with _CharT = char; _Traits = std::char_traits<char>; _Alloc = std::allocator<char>]’, declared with attribute ‘nodiscard’ [-Wunused-result]
   30 |                 buffer.c_str();
      |                 ~~~~~~~~~~~~^~
In file included from /usr/include/c++/15.1.1/string:56,
                 from /build/stopmotion-git/src/stopmotion/src/presentation/frontends/qtfrontend/framebar/filenamesfromurlsiterator.h:26,
                 from /build/stopmotion-git/src/stopmotion/src/presentation/frontends/qtfrontend/framebar/filenamesfromurlsiterator.cpp:21:
/usr/include/c++/15.1.1/bits/basic_string.h:2873:7: note: declared here
 2873 |       c_str() const _GLIBCXX_NOEXCEPT
      |       ^~~~~
[ 91%] Building CXX object CMakeFiles/stopmotion.dir/src/presentation/frontends/qtfrontend/devicetab.cpp.o
[ 92%] Building CXX object CMakeFiles/stopmotion.dir/src/presentation/frontends/frontend.cpp.o
[ 93%] Building CXX object CMakeFiles/stopmotion.dir/src/domain/undo/command.cpp.o
[ 94%] Building CXX object CMakeFiles/stopmotion.dir/src/domain/undo/undoredoobserver.cpp.o
[ 95%] Building CXX object CMakeFiles/stopmotion.dir/src/domain/undo/commandlogger.cpp.o
[ 96%] Building CXX object CMakeFiles/stopmotion.dir/src/domain/undo/executor.cpp.o
[ 97%] Building CXX object CMakeFiles/stopmotion.dir/src/domain/undo/addallcommands.cpp.o
[ 98%] Building CXX object CMakeFiles/stopmotion.dir/src/domain/undo/random.cpp.o
[ 99%] Building CXX object CMakeFiles/stopmotion.dir/stopmotion_autogen/EJRQKI7XPS/qrc_translations.cpp.o
[100%] Linking CXX executable stopmotion
[100%] Built target stopmotion
