Submodule 'third_party/PowerVR_Examples' (https://github.com/powervr-graphics/Native_SDK.git) registered for path 'third_party/PowerVR_Examples'
Submodule 'third_party/benchmark' (https://github.com/google/benchmark.git) registered for path 'third_party/benchmark'
Submodule 'third_party/cppdap' (https://github.com/google/cppdap) registered for path 'third_party/cppdap'
Submodule 'third_party/git-hooks' (https://swiftshader.googlesource.com/git-hooks) registered for path 'third_party/git-hooks'
Submodule 'third_party/glslang' (https://github.com/KhronosGroup/glslang.git) registered for path 'third_party/glslang'
Submodule 'third_party/googletest' (https://github.com/google/googletest.git) registered for path 'third_party/googletest'
Submodule 'third_party/json' (https://github.com/nlohmann/json.git) registered for path 'third_party/json'
Submodule 'third_party/libbacktrace/src' (https://github.com/ianlancetaylor/libbacktrace.git) registered for path 'third_party/libbacktrace/src'
Submodule 'third_party/llvm-project' (https://github.com/llvm/llvm-project.git) registered for path 'third_party/llvm-project'
Cloning into '/build/swiftshader-git/src/SwiftShader/third_party/PowerVR_Examples'...
done.
Cloning into '/build/swiftshader-git/src/SwiftShader/third_party/benchmark'...
done.
Cloning into '/build/swiftshader-git/src/SwiftShader/third_party/cppdap'...
done.
Skipping submodule 'third_party/git-hooks'
Cloning into '/build/swiftshader-git/src/SwiftShader/third_party/glslang'...
done.
Cloning into '/build/swiftshader-git/src/SwiftShader/third_party/googletest'...
done.
Cloning into '/build/swiftshader-git/src/SwiftShader/third_party/json'...
done.
Cloning into '/build/swiftshader-git/src/SwiftShader/third_party/libbacktrace/src'...
done.
Skipping submodule 'third_party/llvm-project'
Submodule path 'third_party/PowerVR_Examples': checked out '409c9d54fdaffe68565283e38dcbbe6c58535925'
Submodule path 'third_party/benchmark': checked out 'dfc8a92abc88a9d630a9f8e01c678fedde4c3090'
Submodule path 'third_party/cppdap': checked out '1fd23dda91e01550be1a421de307e6fedb2035a9'
Submodule path 'third_party/glslang': checked out '2b2523fb951f63f072cfba514c26f2feea5f4329'
Submodule path 'third_party/googletest': checked out 'e2239ee6043f73722e7aa812a459f54a28552929'
Submodule path 'third_party/json': checked out 'ed5541440a36bf7dc1a544f9a84fa3e5ae97b71f'
Submodule path 'third_party/libbacktrace/src': checked out '5a99ff7fed66b8ea8f09c9805c138524a7035ece'
-- The C compiler identification is GNU 15.1.1
-- The CXX compiler identification is GNU 15.1.1
-- The ASM compiler identification is GNU
-- Found assembler: /usr/bin/cc
-- Detecting C compiler ABI info
-- Detecting C compiler ABI info - done
-- Check for working C compiler: /usr/bin/cc - skipped
-- Detecting C compile features
-- Detecting C compile features - done
-- Detecting CXX compiler ABI info
-- Detecting CXX compiler ABI info - done
-- Check for working CXX compiler: /usr/bin/c++ - skipped
-- Detecting CXX compile features
-- Detecting CXX compile features - done
CMake Warning at CMakeLists.txt:120 (message):


          .git/hooks/commit-msg was not found.
          Downloading from https://gerrit-review.googlesource.com/tools/hooks/commit-msg...
      


-- Looking for mallinfo
-- Looking for mallinfo - found
-- Looking for mallinfo2
-- Looking for mallinfo2 - found
CMake Deprecation Warning at third_party/marl/CMakeLists.txt:15 (cmake_minimum_required):
  Compatibility with CMake < 3.10 will be removed from a future version of
  CMake.

  Update the VERSION argument <min> value.  Or, use the <min>...<max> syntax
  to tell CMake that the project requires at least <min> but has been updated
  to work with policies introduced by <max> or earlier.


-- Performing Test MARL_THREAD_SAFETY_ANALYSIS_SUPPORTED
-- Performing Test MARL_THREAD_SAFETY_ANALYSIS_SUPPORTED - Failed
-- Performing Test MARL_UCONTEXT_SUPPORTED
-- Performing Test MARL_UCONTEXT_SUPPORTED - Success
-- Performing Test CMAKE_HAVE_LIBC_PTHREAD
-- Performing Test CMAKE_HAVE_LIBC_PTHREAD - Success
-- Found Threads: TRUE
CMake Deprecation Warning at third_party/googletest/CMakeLists.txt:4 (cmake_minimum_required):
  Compatibility with CMake < 3.10 will be removed from a future version of
  CMake.

  Update the VERSION argument <min> value.  Or, use the <min>...<max> syntax
  to tell CMake that the project requires at least <min> but has been updated
  to work with policies introduced by <max> or earlier.


CMake Deprecation Warning at third_party/googletest/googlemock/CMakeLists.txt:45 (cmake_minimum_required):
  Compatibility with CMake < 3.10 will be removed from a future version of
  CMake.

  Update the VERSION argument <min> value.  Or, use the <min>...<max> syntax
  to tell CMake that the project requires at least <min> but has been updated
  to work with policies introduced by <max> or earlier.


CMake Deprecation Warning at third_party/googletest/googletest/CMakeLists.txt:56 (cmake_minimum_required):
  Compatibility with CMake < 3.10 will be removed from a future version of
  CMake.

  Update the VERSION argument <min> value.  Or, use the <min>...<max> syntax
  to tell CMake that the project requires at least <min> but has been updated
  to work with policies introduced by <max> or earlier.


-- Found Python: /usr/bin/python3.13 (found version "3.13.5") found components: Interpreter
-- Found Python3: /usr/bin/python3.13 (found version "3.13.5") found components: Interpreter
CMake Warning (dev) at third_party/SPIRV-Tools/CMakeLists.txt:255 (find_package):
  Policy CMP0148 is not set: The FindPythonInterp and FindPythonLibs modules
  are removed.  Run "cmake --help-policy CMP0148" for policy details.  Use
  the cmake_policy command to set the policy and suppress this warning.

Call Stack (most recent call first):
  third_party/glslang/CMakeLists.txt:316 (find_host_package)
This warning is for project developers.  Use -Wno-dev to suppress it.

-- Found PythonInterp: /usr/bin/python3 (found suitable version "3.13.5", minimum required is "3")
-- Google Mock already configured - use it
-- optimizer enabled
CMake Warning (dev) at third_party/SPIRV-Tools/CMakeLists.txt:255 (find_package):
  Policy CMP0148 is not set: The FindPythonInterp and FindPythonLibs modules
  are removed.  Run "cmake --help-policy CMP0148" for policy details.  Use
  the cmake_policy command to set the policy and suppress this warning.

Call Stack (most recent call first):
  third_party/glslang/StandAlone/CMakeLists.txt:34 (find_host_package)
This warning is for project developers.  Use -Wno-dev to suppress it.

-- Google Mock found - building tests
-- Configuring done (1.1s)
-- Generating done (0.1s)
-- Build files have been written to: /build/swiftshader-git/src/build
