tahoma2d W: File name usr/share/tahoma2d/stuff/config/loc/Español contains non standard characters
tahoma2d W: File name usr/share/tahoma2d/stuff/config/loc/Español/colorfx.qm contains non standard characters
tahoma2d W: File name usr/share/tahoma2d/stuff/config/loc/Español/current.txt contains non standard characters
tahoma2d W: File name usr/share/tahoma2d/stuff/config/loc/Español/image.qm contains non standard characters
tahoma2d W: File name usr/share/tahoma2d/stuff/config/loc/Español/tnzcore.qm contains non standard characters
tahoma2d W: File name usr/share/tahoma2d/stuff/config/loc/Español/tnztools.qm contains non standard characters
tahoma2d W: File name usr/share/tahoma2d/stuff/config/loc/Español/toonz.qm contains non standard characters
tahoma2d W: File name usr/share/tahoma2d/stuff/config/loc/Español/toonzlib.qm contains non standard characters
tahoma2d W: File name usr/share/tahoma2d/stuff/config/loc/Español/toonzqt.qm contains non standard characters
tahoma2d W: File name usr/share/tahoma2d/stuff/config/loc/Français contains non standard characters
tahoma2d W: File name usr/share/tahoma2d/stuff/config/loc/Français/colorfx.qm contains non standard characters
tahoma2d W: File name usr/share/tahoma2d/stuff/config/loc/Français/image.qm contains non standard characters
tahoma2d W: File name usr/share/tahoma2d/stuff/config/loc/Français/tnzcore.qm contains non standard characters
tahoma2d W: File name usr/share/tahoma2d/stuff/config/loc/Français/tnztools.qm contains non standard characters
tahoma2d W: File name usr/share/tahoma2d/stuff/config/loc/Français/toonz.qm contains non standard characters
tahoma2d W: File name usr/share/tahoma2d/stuff/config/loc/Français/toonzlib.qm contains non standard characters
tahoma2d W: File name usr/share/tahoma2d/stuff/config/loc/Français/toonzqt.qm contains non standard characters
tahoma2d W: File name usr/share/tahoma2d/stuff/config/loc/Português(Brasil) contains non standard characters
tahoma2d W: File name usr/share/tahoma2d/stuff/config/loc/Português(Brasil)/colorfx.qm contains non standard characters
tahoma2d W: File name usr/share/tahoma2d/stuff/config/loc/Português(Brasil)/image.qm contains non standard characters
tahoma2d W: File name usr/share/tahoma2d/stuff/config/loc/Português(Brasil)/tnzcore.qm contains non standard characters
tahoma2d W: File name usr/share/tahoma2d/stuff/config/loc/Português(Brasil)/tnztools.qm contains non standard characters
tahoma2d W: File name usr/share/tahoma2d/stuff/config/loc/Português(Brasil)/toonz.qm contains non standard characters
tahoma2d W: File name usr/share/tahoma2d/stuff/config/loc/Português(Brasil)/toonzlib.qm contains non standard characters
tahoma2d W: File name usr/share/tahoma2d/stuff/config/loc/Português(Brasil)/toonzqt.qm contains non standard characters
tahoma2d W: File name usr/share/tahoma2d/stuff/config/loc/Čeština contains non standard characters
tahoma2d W: File name usr/share/tahoma2d/stuff/config/loc/Čeština/colorfx.qm contains non standard characters
tahoma2d W: File name usr/share/tahoma2d/stuff/config/loc/Čeština/image.qm contains non standard characters
tahoma2d W: File name usr/share/tahoma2d/stuff/config/loc/Čeština/tnzcore.qm contains non standard characters
tahoma2d W: File name usr/share/tahoma2d/stuff/config/loc/Čeština/tnztools.qm contains non standard characters
tahoma2d W: File name usr/share/tahoma2d/stuff/config/loc/Čeština/toonz.qm contains non standard characters
tahoma2d W: File name usr/share/tahoma2d/stuff/config/loc/Čeština/toonzlib.qm contains non standard characters
tahoma2d W: File name usr/share/tahoma2d/stuff/config/loc/Čeština/toonzqt.qm contains non standard characters
tahoma2d W: File name usr/share/tahoma2d/stuff/config/loc/Русский contains non standard characters
tahoma2d W: File name usr/share/tahoma2d/stuff/config/loc/Русский/colorfx.qm contains non standard characters
tahoma2d W: File name usr/share/tahoma2d/stuff/config/loc/Русский/current.txt contains non standard characters
tahoma2d W: File name usr/share/tahoma2d/stuff/config/loc/Русский/image.qm contains non standard characters
tahoma2d W: File name usr/share/tahoma2d/stuff/config/loc/Русский/tnzcore.qm contains non standard characters
tahoma2d W: File name usr/share/tahoma2d/stuff/config/loc/Русский/tnztools.qm contains non standard characters
tahoma2d W: File name usr/share/tahoma2d/stuff/config/loc/Русский/toonz.qm contains non standard characters
tahoma2d W: File name usr/share/tahoma2d/stuff/config/loc/Русский/toonzlib.qm contains non standard characters
tahoma2d W: File name usr/share/tahoma2d/stuff/config/loc/Русский/toonzqt.qm contains non standard characters
tahoma2d W: File name usr/share/tahoma2d/stuff/config/loc/中文 contains non standard characters
tahoma2d W: File name usr/share/tahoma2d/stuff/config/loc/中文/colorfx.qm contains non standard characters
tahoma2d W: File name usr/share/tahoma2d/stuff/config/loc/中文/image.qm contains non standard characters
tahoma2d W: File name usr/share/tahoma2d/stuff/config/loc/中文/tnzcore.qm contains non standard characters
tahoma2d W: File name usr/share/tahoma2d/stuff/config/loc/中文/tnztools.qm contains non standard characters
tahoma2d W: File name usr/share/tahoma2d/stuff/config/loc/中文/toonz.qm contains non standard characters
tahoma2d W: File name usr/share/tahoma2d/stuff/config/loc/中文/toonzlib.qm contains non standard characters
tahoma2d W: File name usr/share/tahoma2d/stuff/config/loc/中文/toonzqt.qm contains non standard characters
tahoma2d W: File name usr/share/tahoma2d/stuff/config/loc/日本語 contains non standard characters
tahoma2d W: File name usr/share/tahoma2d/stuff/config/loc/日本語/colorfx.qm contains non standard characters
tahoma2d W: File name usr/share/tahoma2d/stuff/config/loc/日本語/image.qm contains non standard characters
tahoma2d W: File name usr/share/tahoma2d/stuff/config/loc/日本語/tnzcore.qm contains non standard characters
tahoma2d W: File name usr/share/tahoma2d/stuff/config/loc/日本語/tnztools.qm contains non standard characters
tahoma2d W: File name usr/share/tahoma2d/stuff/config/loc/日本語/toonz.qm contains non standard characters
tahoma2d W: File name usr/share/tahoma2d/stuff/config/loc/日本語/toonzlib.qm contains non standard characters
tahoma2d W: File name usr/share/tahoma2d/stuff/config/loc/日本語/toonzqt.qm contains non standard characters
tahoma2d W: File name usr/share/tahoma2d/stuff/config/loc/한국어 contains non standard characters
tahoma2d W: File name usr/share/tahoma2d/stuff/config/loc/한국어/colorfx.qm contains non standard characters
tahoma2d W: File name usr/share/tahoma2d/stuff/config/loc/한국어/image.qm contains non standard characters
tahoma2d W: File name usr/share/tahoma2d/stuff/config/loc/한국어/tnzcore.qm contains non standard characters
tahoma2d W: File name usr/share/tahoma2d/stuff/config/loc/한국어/tnztools.qm contains non standard characters
tahoma2d W: File name usr/share/tahoma2d/stuff/config/loc/한국어/toonz.qm contains non standard characters
tahoma2d W: File name usr/share/tahoma2d/stuff/config/loc/한국어/toonzlib.qm contains non standard characters
tahoma2d W: File name usr/share/tahoma2d/stuff/config/loc/한국어/toonzqt.qm contains non standard characters
tahoma2d W: File name usr/share/tahoma2d/stuff/doc/Español contains non standard characters
tahoma2d W: File name usr/share/tahoma2d/stuff/doc/Español/AddIno.pdf contains non standard characters
tahoma2d W: File name usr/share/tahoma2d/stuff/doc/Español/BlurIno.pdf contains non standard characters
tahoma2d W: File name usr/share/tahoma2d/stuff/doc/Español/BokehAdvancedIwa.html contains non standard characters
tahoma2d W: File name usr/share/tahoma2d/stuff/doc/Español/BokehIwa.html contains non standard characters
tahoma2d W: File name usr/share/tahoma2d/stuff/doc/Español/BokehRefIwa.html contains non standard characters
tahoma2d W: File name usr/share/tahoma2d/stuff/doc/Español/ChannelSelectorIno.pdf contains non standard characters
tahoma2d W: File name usr/share/tahoma2d/stuff/doc/Español/ColorBurnIno.pdf contains non standard characters
tahoma2d W: File name usr/share/tahoma2d/stuff/doc/Español/ColorDodgeIno.pdf contains non standard characters
tahoma2d W: File name usr/share/tahoma2d/stuff/doc/Español/CrossDissolveIno.pdf contains non standard characters
tahoma2d W: File name usr/share/tahoma2d/stuff/doc/Español/DarkenIno.pdf contains non standard characters
tahoma2d W: File name usr/share/tahoma2d/stuff/doc/Español/DarkerColorIno.pdf contains non standard characters
tahoma2d W: File name usr/share/tahoma2d/stuff/doc/Español/DensityIno.pdf contains non standard characters
tahoma2d W: File name usr/share/tahoma2d/stuff/doc/Español/DivideIno.pdf contains non standard characters
tahoma2d W: File name usr/share/tahoma2d/stuff/doc/Español/FogIno.pdf contains non standard characters
tahoma2d W: File name usr/share/tahoma2d/stuff/doc/Español/HLSAddIno.pdf contains non standard characters
tahoma2d W: File name usr/share/tahoma2d/stuff/doc/Español/HLSAdjustIno.pdf contains non standard characters
tahoma2d W: File name usr/share/tahoma2d/stuff/doc/Español/HLSNoiseIno.pdf contains non standard characters
tahoma2d W: File name usr/share/tahoma2d/stuff/doc/Español/HSVAddIno.pdf contains non standard characters
tahoma2d W: File name usr/share/tahoma2d/stuff/doc/Español/HSVAdjustIno.pdf contains non standard characters
tahoma2d W: File name usr/share/tahoma2d/stuff/doc/Español/HSVNoiseIno.pdf contains non standard characters
tahoma2d W: File name usr/share/tahoma2d/stuff/doc/Español/HardLightIno.pdf contains non standard characters
tahoma2d W: File name usr/share/tahoma2d/stuff/doc/Español/HardMixIno.pdf contains non standard characters
tahoma2d W: File name usr/share/tahoma2d/stuff/doc/Español/LevelAutoIno.pdf contains non standard characters
tahoma2d W: File name usr/share/tahoma2d/stuff/doc/Español/LevelMasterIno.pdf contains non standard characters
tahoma2d W: File name usr/share/tahoma2d/stuff/doc/Español/LevelRGBAIno.pdf contains non standard characters
tahoma2d W: File name usr/share/tahoma2d/stuff/doc/Español/LightenIno.pdf contains non standard characters
tahoma2d W: File name usr/share/tahoma2d/stuff/doc/Español/LighterColorIno.pdf contains non standard characters
tahoma2d W: File name usr/share/tahoma2d/stuff/doc/Español/LinearBurnIno.pdf contains non standard characters
tahoma2d W: File name usr/share/tahoma2d/stuff/doc/Español/LinearDodgeIno.pdf contains non standard characters
tahoma2d W: File name usr/share/tahoma2d/stuff/doc/Español/LinearLightIno.pdf contains non standard characters
tahoma2d W: File name usr/share/tahoma2d/stuff/doc/Español/MaxMinIno.pdf contains non standard characters
tahoma2d W: File name usr/share/tahoma2d/stuff/doc/Español/MedianIno.pdf contains non standard characters
tahoma2d W: File name usr/share/tahoma2d/stuff/doc/Español/MotionBlurIno.pdf contains non standard characters
tahoma2d W: File name usr/share/tahoma2d/stuff/doc/Español/MotionBlurIwa.html contains non standard characters
tahoma2d W: File name usr/share/tahoma2d/stuff/doc/Español/MotionWindIno.pdf contains non standard characters
tahoma2d W: File name usr/share/tahoma2d/stuff/doc/Español/MultiplyIno.pdf contains non standard characters
tahoma2d W: File name usr/share/tahoma2d/stuff/doc/Español/NegateIno.pdf contains non standard characters
tahoma2d W: File name usr/share/tahoma2d/stuff/doc/Español/OverIno.pdf contains non standard characters
tahoma2d W: File name usr/share/tahoma2d/stuff/doc/Español/OverlayIno.pdf contains non standard characters
tahoma2d W: File name usr/share/tahoma2d/stuff/doc/Español/PNCloudsIno.pdf contains non standard characters
tahoma2d W: File name usr/share/tahoma2d/stuff/doc/Español/PNPerspectiveIwa.html contains non standard characters
tahoma2d W: File name usr/share/tahoma2d/stuff/doc/Español/PerspectiveDistortIwa.html contains non standard characters
tahoma2d W: File name usr/share/tahoma2d/stuff/doc/Español/PinLightIno.pdf contains non standard characters
tahoma2d W: File name usr/share/tahoma2d/stuff/doc/Español/RadialBlurIno.pdf contains non standard characters
tahoma2d W: File name usr/share/tahoma2d/stuff/doc/Español/ScreenIno.pdf contains non standard characters
tahoma2d W: File name usr/share/tahoma2d/stuff/doc/Español/SoftLightIno.pdf contains non standard characters
tahoma2d W: File name usr/share/tahoma2d/stuff/doc/Español/SpectrumIwa.html contains non standard characters
tahoma2d W: File name usr/share/tahoma2d/stuff/doc/Español/SpinBlurIno.pdf contains non standard characters
tahoma2d W: File name usr/share/tahoma2d/stuff/doc/Español/SubtractIno.pdf contains non standard characters
tahoma2d W: File name usr/share/tahoma2d/stuff/doc/Español/TileIwa.html contains non standard characters
tahoma2d W: File name usr/share/tahoma2d/stuff/doc/Español/VividLightIno.pdf contains non standard characters
tahoma2d W: File name usr/share/tahoma2d/stuff/doc/Español/WarpHVIno.pdf contains non standard characters
tahoma2d W: File name usr/share/tahoma2d/stuff/doc/Español/img contains non standard characters
tahoma2d W: File name usr/share/tahoma2d/stuff/doc/Español/img/fx_iwa_bokeh.png contains non standard characters
tahoma2d W: File name usr/share/tahoma2d/stuff/doc/Español/img/fx_iwa_bokeh_advanced.png contains non standard characters
tahoma2d W: File name usr/share/tahoma2d/stuff/doc/Español/img/fx_iwa_bokeh_ref.png contains non standard characters
tahoma2d W: File name usr/share/tahoma2d/stuff/doc/Español/img/fx_iwa_motionblur.png contains non standard characters
tahoma2d W: File name usr/share/tahoma2d/stuff/doc/Español/img/fx_iwa_perspective_distort.png contains non standard characters
tahoma2d W: File name usr/share/tahoma2d/stuff/doc/Español/img/fx_iwa_pn_perspective.png contains non standard characters
tahoma2d W: File name usr/share/tahoma2d/stuff/doc/Español/img/fx_iwa_spectrum.png contains non standard characters
tahoma2d W: File name usr/share/tahoma2d/stuff/doc/Español/img/fx_iwa_tile.png contains non standard characters
tahoma2d W: File name usr/share/tahoma2d/stuff/doc/Español/img/motionblur.png contains non standard characters
tahoma2d W: File name usr/share/tahoma2d/stuff/doc/Español/img/perspective_distort.png contains non standard characters
tahoma2d W: File name usr/share/tahoma2d/stuff/doc/Español/particlesFx.html contains non standard characters
tahoma2d W: File name usr/share/tahoma2d/stuff/doc/Español/tips.md contains non standard characters
tahoma2d W: File name usr/share/tahoma2d/stuff/doc/Português((Brasil) contains non standard characters
tahoma2d W: File name usr/share/tahoma2d/stuff/doc/Português((Brasil)/tips.md contains non standard characters
tahoma2d W: File name usr/share/tahoma2d/stuff/doc/Русский contains non standard characters
tahoma2d W: File name usr/share/tahoma2d/stuff/doc/Русский/tips.md contains non standard characters
tahoma2d W: File name usr/share/tahoma2d/stuff/doc/日本語 contains non standard characters
tahoma2d W: File name usr/share/tahoma2d/stuff/doc/日本語/AddIno.pdf contains non standard characters
tahoma2d W: File name usr/share/tahoma2d/stuff/doc/日本語/BlurIno.pdf contains non standard characters
tahoma2d W: File name usr/share/tahoma2d/stuff/doc/日本語/BokehAdvancedIwa.html contains non standard characters
tahoma2d W: File name usr/share/tahoma2d/stuff/doc/日本語/BokehIwa.html contains non standard characters
tahoma2d W: File name usr/share/tahoma2d/stuff/doc/日本語/BokehRefIwa.html contains non standard characters
tahoma2d W: File name usr/share/tahoma2d/stuff/doc/日本語/ChannelSelectorIno.pdf contains non standard characters
tahoma2d W: File name usr/share/tahoma2d/stuff/doc/日本語/ColorBurnIno.pdf contains non standard characters
tahoma2d W: File name usr/share/tahoma2d/stuff/doc/日本語/ColorDodgeIno.pdf contains non standard characters
tahoma2d W: File name usr/share/tahoma2d/stuff/doc/日本語/CrossDissolveIno.pdf contains non standard characters
tahoma2d W: File name usr/share/tahoma2d/stuff/doc/日本語/DarkenIno.pdf contains non standard characters
tahoma2d W: File name usr/share/tahoma2d/stuff/doc/日本語/DarkerColorIno.pdf contains non standard characters
tahoma2d W: File name usr/share/tahoma2d/stuff/doc/日本語/DensityIno.pdf contains non standard characters
tahoma2d W: File name usr/share/tahoma2d/stuff/doc/日本語/DivideIno.pdf contains non standard characters
tahoma2d W: File name usr/share/tahoma2d/stuff/doc/日本語/FogIno.pdf contains non standard characters
tahoma2d W: File name usr/share/tahoma2d/stuff/doc/日本語/HLSAddIno.pdf contains non standard characters
tahoma2d W: File name usr/share/tahoma2d/stuff/doc/日本語/HLSAdjustIno.pdf contains non standard characters
tahoma2d W: File name usr/share/tahoma2d/stuff/doc/日本語/HLSNoiseIno.pdf contains non standard characters
tahoma2d W: File name usr/share/tahoma2d/stuff/doc/日本語/HSVAddIno.pdf contains non standard characters
tahoma2d W: File name usr/share/tahoma2d/stuff/doc/日本語/HSVAdjustIno.pdf contains non standard characters
tahoma2d W: File name usr/share/tahoma2d/stuff/doc/日本語/HSVNoiseIno.pdf contains non standard characters
tahoma2d W: File name usr/share/tahoma2d/stuff/doc/日本語/HardLightIno.pdf contains non standard characters
tahoma2d W: File name usr/share/tahoma2d/stuff/doc/日本語/HardMixIno.pdf contains non standard characters
tahoma2d W: File name usr/share/tahoma2d/stuff/doc/日本語/LevelAutoIno.pdf contains non standard characters
tahoma2d W: File name usr/share/tahoma2d/stuff/doc/日本語/LevelMasterIno.pdf contains non standard characters
tahoma2d W: File name usr/share/tahoma2d/stuff/doc/日本語/LevelRGBAIno.pdf contains non standard characters
tahoma2d W: File name usr/share/tahoma2d/stuff/doc/日本語/LightenIno.pdf contains non standard characters
tahoma2d W: File name usr/share/tahoma2d/stuff/doc/日本語/LighterColorIno.pdf contains non standard characters
tahoma2d W: File name usr/share/tahoma2d/stuff/doc/日本語/LinearBurnIno.pdf contains non standard characters
tahoma2d W: File name usr/share/tahoma2d/stuff/doc/日本語/LinearDodgeIno.pdf contains non standard characters
tahoma2d W: File name usr/share/tahoma2d/stuff/doc/日本語/LinearLightIno.pdf contains non standard characters
tahoma2d W: File name usr/share/tahoma2d/stuff/doc/日本語/MaxMinIno.pdf contains non standard characters
tahoma2d W: File name usr/share/tahoma2d/stuff/doc/日本語/MedianIno.pdf contains non standard characters
tahoma2d W: File name usr/share/tahoma2d/stuff/doc/日本語/MotionBlurIno.pdf contains non standard characters
tahoma2d W: File name usr/share/tahoma2d/stuff/doc/日本語/MotionBlurIwa.html contains non standard characters
tahoma2d W: File name usr/share/tahoma2d/stuff/doc/日本語/MotionWindIno.pdf contains non standard characters
tahoma2d W: File name usr/share/tahoma2d/stuff/doc/日本語/MultiplyIno.pdf contains non standard characters
tahoma2d W: File name usr/share/tahoma2d/stuff/doc/日本語/NegateIno.pdf contains non standard characters
tahoma2d W: File name usr/share/tahoma2d/stuff/doc/日本語/OverIno.pdf contains non standard characters
tahoma2d W: File name usr/share/tahoma2d/stuff/doc/日本語/OverlayIno.pdf contains non standard characters
tahoma2d W: File name usr/share/tahoma2d/stuff/doc/日本語/PNCloudsIno.pdf contains non standard characters
tahoma2d W: File name usr/share/tahoma2d/stuff/doc/日本語/PNPerspectiveIwa.html contains non standard characters
tahoma2d W: File name usr/share/tahoma2d/stuff/doc/日本語/PerspectiveDistortIwa.html contains non standard characters
tahoma2d W: File name usr/share/tahoma2d/stuff/doc/日本語/PinLightIno.pdf contains non standard characters
tahoma2d W: File name usr/share/tahoma2d/stuff/doc/日本語/RadialBlurIno.pdf contains non standard characters
tahoma2d W: File name usr/share/tahoma2d/stuff/doc/日本語/ScreenIno.pdf contains non standard characters
tahoma2d W: File name usr/share/tahoma2d/stuff/doc/日本語/SoftLightIno.pdf contains non standard characters
tahoma2d W: File name usr/share/tahoma2d/stuff/doc/日本語/SpectrumIwa.html contains non standard characters
tahoma2d W: File name usr/share/tahoma2d/stuff/doc/日本語/SpinBlurIno.pdf contains non standard characters
tahoma2d W: File name usr/share/tahoma2d/stuff/doc/日本語/SubtractIno.pdf contains non standard characters
tahoma2d W: File name usr/share/tahoma2d/stuff/doc/日本語/TileIwa.html contains non standard characters
tahoma2d W: File name usr/share/tahoma2d/stuff/doc/日本語/VividLightIno.pdf contains non standard characters
tahoma2d W: File name usr/share/tahoma2d/stuff/doc/日本語/WarpHVIno.pdf contains non standard characters
tahoma2d W: File name usr/share/tahoma2d/stuff/doc/日本語/img contains non standard characters
tahoma2d W: File name usr/share/tahoma2d/stuff/doc/日本語/img/fx_iwa_bokeh.png contains non standard characters
tahoma2d W: File name usr/share/tahoma2d/stuff/doc/日本語/img/fx_iwa_bokeh_advanced.png contains non standard characters
tahoma2d W: File name usr/share/tahoma2d/stuff/doc/日本語/img/fx_iwa_bokeh_ref.png contains non standard characters
tahoma2d W: File name usr/share/tahoma2d/stuff/doc/日本語/img/fx_iwa_motionblur.png contains non standard characters
tahoma2d W: File name usr/share/tahoma2d/stuff/doc/日本語/img/fx_iwa_perspective_distort.png contains non standard characters
tahoma2d W: File name usr/share/tahoma2d/stuff/doc/日本語/img/fx_iwa_pn_perspective.png contains non standard characters
tahoma2d W: File name usr/share/tahoma2d/stuff/doc/日本語/img/fx_iwa_spectrum.png contains non standard characters
tahoma2d W: File name usr/share/tahoma2d/stuff/doc/日本語/img/fx_iwa_tile.png contains non standard characters
tahoma2d W: File name usr/share/tahoma2d/stuff/doc/日本語/img/motionblur.png contains non standard characters
tahoma2d W: File name usr/share/tahoma2d/stuff/doc/日本語/img/perspective_distort.png contains non standard characters
tahoma2d W: File name usr/share/tahoma2d/stuff/doc/日本語/particlesFx.html contains non standard characters
tahoma2d W: Referenced library 'libtnzstdfx.so' is an uninstalled dependency (needed in files ['usr/bin/tdcomposer', 'usr/bin/Tahoma2D'])
tahoma2d W: Referenced library 'libtoonzqt.so' is an uninstalled dependency (needed in files ['usr/lib/tahoma2d/libtnztools.so', 'usr/bin/tdcomposer', 'usr/bin/Tahoma2D'])
tahoma2d W: Referenced library 'libtfarm.so' is an uninstalled dependency (needed in files ['usr/bin/tdfarmserver', 'usr/bin/Tahoma2D', 'usr/bin/tdfarmcontroller', 'usr/bin/tdcleanup', 'usr/bin/tdcomposer'])
tahoma2d W: Referenced library 'libtnzext.so' is an uninstalled dependency (needed in files ['usr/lib/tahoma2d/libtnztools.so', 'usr/lib/tahoma2d/libtnzstdfx.so', 'usr/lib/tahoma2d/libimage.so', 'usr/lib/tahoma2d/libtoonzlib.so', 'usr/bin/Tahoma2D', 'usr/lib/tahoma2d/libtoonzqt.so', 'usr/bin/tdcleanup', 'usr/bin/tdcomposer'])
tahoma2d W: Referenced library 'libcolorfx.so' is an uninstalled dependency (needed in files ['usr/bin/tdcomposer', 'usr/bin/Tahoma2D'])
tahoma2d W: Referenced library 'libtoonzlib.so' is an uninstalled dependency (needed in files ['usr/lib/tahoma2d/libtnztools.so', 'usr/lib/tahoma2d/libtnzstdfx.so', 'usr/lib/tahoma2d/libsound.so', 'usr/lib/tahoma2d/libimage.so', 'usr/bin/Tahoma2D', 'usr/lib/tahoma2d/libtoonzqt.so', 'usr/bin/tdconverter', 'usr/bin/tdcleanup', 'usr/bin/tdcomposer'])
tahoma2d W: Referenced library 'libimage.so' is an uninstalled dependency (needed in files ['usr/bin/tdconverter', 'usr/bin/tdcomposer', 'usr/bin/tdcleanup', 'usr/bin/Tahoma2D'])
tahoma2d W: Referenced library 'libsound.so' is an uninstalled dependency (needed in files ['usr/bin/tdcomposer', 'usr/bin/Tahoma2D'])
tahoma2d W: Referenced library 'libtnzcore.so' is an uninstalled dependency (needed in files ['usr/lib/tahoma2d/libtnztools.so', 'usr/lib/tahoma2d/libtnzstdfx.so', 'usr/bin/tdfarmserver', 'usr/lib/tahoma2d/libtfarm.so', 'usr/lib/tahoma2d/libsound.so', 'usr/lib/tahoma2d/libimage.so', 'usr/lib/tahoma2d/libtoonzlib.so', 'usr/bin/Tahoma2D', 'usr/lib/tahoma2d/libtoonzqt.so', 'usr/bin/tdconverter', 'usr/bin/tdfarmcontroller', 'usr/lib/tahoma2d/libtnzext.so', 'usr/lib/tahoma2d/libcolorfx.so', 'usr/bin/tdcleanup', 'usr/lib/tahoma2d/libtnzbase.so', 'usr/bin/tdcomposer'])
tahoma2d W: Referenced library 'libtnzbase.so' is an uninstalled dependency (needed in files ['usr/lib/tahoma2d/libtnztools.so', 'usr/lib/tahoma2d/libtnzstdfx.so', 'usr/bin/tdfarmserver', 'usr/lib/tahoma2d/libimage.so', 'usr/lib/tahoma2d/libtoonzlib.so', 'usr/bin/Tahoma2D', 'usr/lib/tahoma2d/libtoonzqt.so', 'usr/bin/tdconverter', 'usr/bin/tdfarmcontroller', 'usr/lib/tahoma2d/libtnzext.so', 'usr/bin/tdcleanup', 'usr/bin/tdcomposer'])
tahoma2d W: Referenced library 'libtnztools.so' is an uninstalled dependency (needed in files ['usr/bin/Tahoma2D'])
tahoma2d W: Unused shared library '/usr/lib/libopencv_stitching.so.413' by file ('usr/bin/Tahoma2D')
tahoma2d W: Unused shared library '/usr/lib/libopencv_stitching.so.413' by file ('usr/lib/tahoma2d/libtoonzlib.so')
tahoma2d W: Dependency glu detected and implicitly satisfied (libraries ['usr/lib/libGLU.so.1'] needed in files ['usr/lib/tahoma2d/libtnzstdfx.so', 'usr/lib/tahoma2d/libtnzext.so', 'usr/lib/tahoma2d/libtnzcore.so', 'usr/lib/tahoma2d/libtoonzlib.so', 'usr/bin/Tahoma2D', 'usr/lib/tahoma2d/libtoonzqt.so'])
tahoma2d W: Dependency lz4 detected and implicitly satisfied (libraries ['usr/lib/liblz4.so.1'] needed in files ['usr/lib/tahoma2d/libtnzcore.so'])
tahoma2d W: Dependency libglvnd detected and implicitly satisfied (libraries ['usr/lib/libGL.so.1'] needed in files ['usr/lib/tahoma2d/libtnztools.so', 'usr/lib/tahoma2d/libtnzstdfx.so', 'usr/lib/tahoma2d/libtnzcore.so', 'usr/lib/tahoma2d/libtoonzlib.so', 'usr/bin/Tahoma2D', 'usr/lib/tahoma2d/libtoonzqt.so', 'usr/lib/tahoma2d/libtnzext.so', 'usr/lib/tahoma2d/libcolorfx.so'])
tahoma2d W: Dependency xz detected and implicitly satisfied (libraries ['usr/lib/liblzma.so.5'] needed in files ['usr/lib/tahoma2d/libimage.so'])
tahoma2d W: Dependency zlib detected and implicitly satisfied (libraries ['usr/lib/libz.so.1'] needed in files ['usr/lib/tahoma2d/libtnzcore.so', 'usr/lib/tahoma2d/libimage.so'])
tahoma2d W: Dependency glibc detected and implicitly satisfied (libraries ['usr/lib/libc.so.6', 'usr/lib/libm.so.6'] needed in files ['usr/lib/tahoma2d/libtnztools.so', 'usr/lib/tahoma2d/libtfarm.so', 'usr/lib/tahoma2d/libsound.so', 'usr/lib/tahoma2d/libtnzcore.so', 'usr/lib/tahoma2d/libtoonzlib.so', 'usr/bin/tdlzodecompress', 'usr/lib/tahoma2d/libcolorfx.so', 'usr/bin/tdfarmserver', 'usr/bin/tdcleanup', 'usr/lib/tahoma2d/libtnzstdfx.so', 'usr/lib/tahoma2d/libimage.so', 'usr/lib/tahoma2d/libtnzbase.so', 'usr/bin/Tahoma2D', 'usr/lib/tahoma2d/libtoonzqt.so', 'usr/bin/tdfarmcontroller', 'usr/bin/tdconverter', 'usr/lib/tahoma2d/libtnzext.so', 'usr/bin/tdlzocompress', 'usr/bin/tdcomposer'])
tahoma2d W: Dependency libpng detected and implicitly satisfied (libraries ['usr/lib/libpng16.so.16'] needed in files ['usr/lib/tahoma2d/libimage.so'])
tahoma2d W: Dependency libstdc++ detected and implicitly satisfied (libraries ['usr/lib/libstdc++.so.6'] needed in files ['usr/lib/tahoma2d/libtnztools.so', 'usr/lib/tahoma2d/libtfarm.so', 'usr/lib/tahoma2d/libtnzcore.so', 'usr/lib/tahoma2d/libtoonzlib.so', 'usr/bin/tdcomposer', 'usr/lib/tahoma2d/libcolorfx.so', 'usr/bin/tdfarmserver', 'usr/bin/tdcleanup', 'usr/lib/tahoma2d/libtnzstdfx.so', 'usr/lib/tahoma2d/libimage.so', 'usr/bin/Tahoma2D', 'usr/lib/tahoma2d/libtoonzqt.so', 'usr/bin/tdconverter', 'usr/bin/tdfarmcontroller', 'usr/lib/tahoma2d/libtnzext.so', 'usr/lib/tahoma2d/libtnzbase.so', 'usr/lib/tahoma2d/libsound.so'])
tahoma2d W: Dependency libjpeg-turbo detected and implicitly satisfied (libraries ['usr/lib/libturbojpeg.so.0', 'usr/lib/libjpeg.so.8'] needed in files ['usr/lib/tahoma2d/libtnzcore.so', 'usr/bin/Tahoma2D', 'usr/lib/tahoma2d/libimage.so'])
tahoma2d W: Dependency libgcc detected and implicitly satisfied (libraries ['usr/lib/libgcc_s.so.1'] needed in files ['usr/lib/tahoma2d/libtnztools.so', 'usr/lib/tahoma2d/libtfarm.so', 'usr/lib/tahoma2d/libtnzcore.so', 'usr/lib/tahoma2d/libtoonzlib.so', 'usr/bin/tdcomposer', 'usr/lib/tahoma2d/libcolorfx.so', 'usr/bin/tdfarmserver', 'usr/bin/tdcleanup', 'usr/lib/tahoma2d/libtnzstdfx.so', 'usr/lib/tahoma2d/libimage.so', 'usr/bin/Tahoma2D', 'usr/lib/tahoma2d/libtoonzqt.so', 'usr/bin/tdconverter', 'usr/bin/tdfarmcontroller', 'usr/lib/tahoma2d/libtnzext.so', 'usr/lib/tahoma2d/libtnzbase.so', 'usr/lib/tahoma2d/libsound.so'])
tahoma2d W: Dependency lzo detected and implicitly satisfied (libraries ['usr/lib/liblzo2.so.2'] needed in files ['usr/bin/tdlzodecompress', 'usr/bin/tdlzocompress'])
tahoma2d W: Dependency libdeflate detected and implicitly satisfied (libraries ['usr/lib/libdeflate.so.0'] needed in files ['usr/lib/tahoma2d/libimage.so'])
tahoma2d W: Dependency qt5-base detected and implicitly satisfied (libraries ['usr/lib/libQt5Core.so.5', 'usr/lib/libQt5Gui.so.5', 'usr/lib/libQt5PrintSupport.so.5', 'usr/lib/libQt5Network.so.5', 'usr/lib/libQt5Widgets.so.5', 'usr/lib/libQt5Xml.so.5'] needed in files ['usr/lib/tahoma2d/libtnztools.so', 'usr/lib/tahoma2d/libtfarm.so', 'usr/lib/tahoma2d/libtnzcore.so', 'usr/lib/tahoma2d/libtoonzlib.so', 'usr/bin/tdcomposer', 'usr/lib/tahoma2d/libcolorfx.so', 'usr/bin/tdfarmserver', 'usr/bin/tdcleanup', 'usr/lib/tahoma2d/libtnzstdfx.so', 'usr/lib/tahoma2d/libimage.so', 'usr/bin/Tahoma2D', 'usr/lib/tahoma2d/libtoonzqt.so', 'usr/bin/tdconverter', 'usr/bin/tdfarmcontroller', 'usr/lib/tahoma2d/libtnzext.so', 'usr/lib/tahoma2d/libtnzbase.so', 'usr/lib/tahoma2d/libsound.so'])
tahoma2d W: Dependency bash detected and implicitly satisfied (programs ['sh'] needed in scripts ['usr/bin/tahoma2d'])
tahoma2d W: Dependency included, but may not be needed ('ffmpeg')
