-- The C compiler identification is GNU 15.1.1
-- The CXX compiler identification is GNU 15.1.1
-- Detecting C compiler ABI info
-- Detecting C compiler ABI info - done
-- Check for working C compiler: /usr/bin/cc - skipped
-- Detecting C compile features
-- Detecting C compile features - done
-- Detecting CXX compiler ABI info
-- Detecting CXX compiler ABI info - done
-- Check for working CXX compiler: /usr/bin/c++ - skipped
-- Detecting CXX compile features
-- Detecting CXX compile features - done
-- Found PkgConfig: /usr/bin/pkg-config (found version "2.5.1")
-- Looking for GDK_WINDOWING_WAYLAND
-- Looking for GDK_WINDOWING_WAYLAND - not found
-- Looking for GDK_WINDOWING_X11
-- Looking for GDK_WINDOWING_X11 - not found
CMake Error at /usr/share/cmake/Modules/FindPackageHandleStandardArgs.cmake:227 (message):
  Could NOT find GTK3 (missing: GTK3_INCLUDE_DIRS GTK3_LIBRARIES)
Call Stack (most recent call first):
  /usr/share/cmake/Modules/FindPackageHandleStandardArgs.cmake:591 (_FPHSA_FAILURE_MESSAGE)
  /build/treesheets-qt5-git/src/build/_deps/wxwidgets-src/build/cmake/modules/FindGTK3.cmake:51 (FIND_PACKAGE_HANDLE_STANDARD_ARGS)
  /build/treesheets-qt5-git/src/build/_deps/wxwidgets-src/build/cmake/toolkit.cmake:81 (find_package)
  /build/treesheets-qt5-git/src/build/_deps/wxwidgets-src/build/cmake/main.cmake:17 (include)
  /build/treesheets-qt5-git/src/build/_deps/wxwidgets-src/CMakeLists.txt:98 (include)


-- Configuring incomplete, errors occurred!
[1m[31m==> ERROR:(B[m[1m A failure occurred in build().(B[m
[1m    Aborting...(B[m
