Copying file ABOUT-NLS
Copying file upstream/config.rpath
Copying file upstream/aclocal/codeset.m4
Copying file upstream/aclocal/extern-inline.m4
Copying file upstream/aclocal/fcntl-o.m4
Copying file upstream/aclocal/gettext.m4
Copying file upstream/aclocal/glibc2.m4
Copying file upstream/aclocal/glibc21.m4
Copying file upstream/aclocal/iconv.m4
Copying file upstream/aclocal/intdiv0.m4
Copying file upstream/aclocal/intl.m4
Copying file upstream/aclocal/intldir.m4
Copying file upstream/aclocal/intlmacosx.m4
Copying file upstream/aclocal/intmax.m4
Copying file upstream/aclocal/inttypes-pri.m4
Copying file upstream/aclocal/inttypes_h.m4
Copying file upstream/aclocal/lcmessage.m4
Copying file upstream/aclocal/lib-ld.m4
Copying file upstream/aclocal/lib-link.m4
Copying file upstream/aclocal/lib-prefix.m4
Copying file upstream/aclocal/lock.m4
Copying file upstream/aclocal/longlong.m4
Copying file upstream/aclocal/nls.m4
Copying file upstream/aclocal/po.m4
Copying file upstream/aclocal/printf-posix.m4
Copying file upstream/aclocal/progtest.m4
Copying file upstream/aclocal/size_max.m4
Copying file upstream/aclocal/stdint_h.m4
Copying file upstream/aclocal/threadlib.m4
Copying file upstream/aclocal/uintmax_t.m4
Copying file upstream/aclocal/visibility.m4
Copying file upstream/aclocal/wchar_t.m4
Copying file upstream/aclocal/wint_t.m4
Copying file upstream/aclocal/xsize.m4
Copying file po/Makefile.in.in
Copying file po/Makevars.template
Copying file po/Rules-quot
Copying file po/boldquot.sed
Copying file po/en@boldquot.header
Copying file po/en@quot.header
Copying file po/insert-header.sin
Copying file po/quot.sed
Copying file po/remove-potcdate.sin
aclocal: installing 'upstream/aclocal/ax_boost_base.m4' from '/usr/share/aclocal/ax_boost_base.m4'
aclocal: installing 'upstream/aclocal/ax_boost_filesystem.m4' from '/usr/share/aclocal/ax_boost_filesystem.m4'
aclocal: installing 'upstream/aclocal/ax_boost_iostreams.m4' from '/usr/share/aclocal/ax_boost_iostreams.m4'
aclocal: installing 'upstream/aclocal/ax_boost_program_options.m4' from '/usr/share/aclocal/ax_boost_program_options.m4'
aclocal: installing 'upstream/aclocal/ax_boost_regex.m4' from '/usr/share/aclocal/ax_boost_regex.m4'
aclocal: installing 'upstream/aclocal/ax_boost_system.m4' from '/usr/share/aclocal/ax_boost_system.m4'
aclocal: installing 'upstream/aclocal/ax_boost_thread.m4' from '/usr/share/aclocal/ax_boost_thread.m4'
aclocal: installing 'upstream/aclocal/ax_boost_unit_test_framework.m4' from '/usr/share/aclocal/ax_boost_unit_test_framework.m4'
aclocal: installing 'upstream/aclocal/ax_c___attribute__.m4' from '/usr/share/aclocal/ax_c___attribute__.m4'
aclocal: installing 'upstream/aclocal/libtool.m4' from '/usr/share/aclocal/libtool.m4'
aclocal: installing 'upstream/aclocal/ltargz.m4' from '/usr/share/aclocal/ltargz.m4'
aclocal: installing 'upstream/aclocal/ltdl.m4' from '/usr/share/aclocal/ltdl.m4'
aclocal: installing 'upstream/aclocal/ltoptions.m4' from '/usr/share/aclocal/ltoptions.m4'
aclocal: installing 'upstream/aclocal/ltsugar.m4' from '/usr/share/aclocal/ltsugar.m4'
aclocal: installing 'upstream/aclocal/ltversion.m4' from '/usr/share/aclocal/ltversion.m4'
aclocal: installing 'upstream/aclocal/lt~obsolete.m4' from '/usr/share/aclocal/lt~obsolete.m4'
aclocal: overwriting 'upstream/aclocal/nls.m4' with '/usr/share/aclocal/nls.m4'
aclocal: installing 'upstream/aclocal/pkg.m4' from '/usr/share/aclocal/pkg.m4'
libtoolize: putting auxiliary files in AC_CONFIG_AUX_DIR, 'upstream'.
libtoolize: copying file 'upstream/ltmain.sh'
libtoolize: putting libltdl files in LT_CONFIG_LTDL_DIR, 'upstream/ltdl'.
libtoolize: copying file 'upstream/ltdl/COPYING.LIB'
libtoolize: creating file 'upstream/ltdl/Makefile.am'
libtoolize: copying file 'upstream/ltdl/README'
libtoolize: creating file 'upstream/ltdl/Makefile.in'
libtoolize: copying file 'upstream/ltdl/libltdl/lt__alloc.h'
libtoolize: copying file 'upstream/ltdl/libltdl/lt__argz_.h'
libtoolize: copying file 'upstream/ltdl/libltdl/lt__dirent.h'
libtoolize: copying file 'upstream/ltdl/libltdl/lt__glibc.h'
libtoolize: copying file 'upstream/ltdl/libltdl/lt__private.h'
libtoolize: copying file 'upstream/ltdl/libltdl/lt__strl.h'
libtoolize: copying file 'upstream/ltdl/libltdl/lt_dlloader.h'
libtoolize: copying file 'upstream/ltdl/libltdl/lt_error.h'
libtoolize: copying file 'upstream/ltdl/libltdl/lt_system.h'
libtoolize: copying file 'upstream/ltdl/libltdl/slist.h'
libtoolize: copying file 'upstream/ltdl/loaders/dld_link.c'
libtoolize: copying file 'upstream/ltdl/loaders/dlopen.c'
libtoolize: copying file 'upstream/ltdl/loaders/dyld.c'
libtoolize: copying file 'upstream/ltdl/loaders/load_add_on.c'
libtoolize: copying file 'upstream/ltdl/loaders/loadlibrary.c'
libtoolize: copying file 'upstream/ltdl/loaders/preopen.c'
libtoolize: copying file 'upstream/ltdl/loaders/shl_load.c'
libtoolize: copying file 'upstream/ltdl/lt__alloc.c'
libtoolize: copying file 'upstream/ltdl/lt__argz.c'
libtoolize: copying file 'upstream/ltdl/lt__dirent.c'
libtoolize: copying file 'upstream/ltdl/lt__strl.c'
libtoolize: copying file 'upstream/ltdl/lt_dlloader.c'
libtoolize: copying file 'upstream/ltdl/lt_error.c'
libtoolize: copying file 'upstream/ltdl/ltdl.c'
libtoolize: copying file 'upstream/ltdl/ltdl.h'
libtoolize: copying file 'upstream/ltdl/slist.c'
configure.ac:207: installing 'upstream/ar-lib'
configure.ac:192: installing 'upstream/compile'
configure.ac:211: installing 'upstream/config.guess'
configure.ac:211: installing 'upstream/config.sub'
configure.ac:188: installing 'upstream/install-sh'
configure.ac:188: installing 'upstream/missing'
Makefile.am: installing './INSTALL'
connexions/Makefile.am: installing 'upstream/depcomp'
automake: warnings are treated as errors
drivers/esci/Makefile.am:264: warning: escaping \# comment markers is not portable
parallel-tests: installing 'upstream/test-driver'
autoreconf: error: automake failed with exit status: 1
