make  check-recursive
make[1]: Entering directory '/build/vala-git/src/vala'
Making check in gee
make[2]: Entering directory '/build/vala-git/src/vala/gee'
make  check-am
make[3]: Entering directory '/build/vala-git/src/vala/gee'
make[3]: Nothing to be done for 'check-am'.
make[3]: Leaving directory '/build/vala-git/src/vala/gee'
make[2]: Leaving directory '/build/vala-git/src/vala/gee'
Making check in vala
make[2]: Entering directory '/build/vala-git/src/vala/vala'
make  check-am
make[3]: Entering directory '/build/vala-git/src/vala/vala'
make[3]: Nothing to be done for 'check-am'.
make[3]: Leaving directory '/build/vala-git/src/vala/vala'
make[2]: Leaving directory '/build/vala-git/src/vala/vala'
Making check in ccode
make[2]: Entering directory '/build/vala-git/src/vala/ccode'
make  check-am
make[3]: Entering directory '/build/vala-git/src/vala/ccode'
make[3]: Nothing to be done for 'check-am'.
make[3]: Leaving directory '/build/vala-git/src/vala/ccode'
make[2]: Leaving directory '/build/vala-git/src/vala/ccode'
Making check in codegen
make[2]: Entering directory '/build/vala-git/src/vala/codegen'
make  check-am
make[3]: Entering directory '/build/vala-git/src/vala/codegen'
make[3]: Nothing to be done for 'check-am'.
make[3]: Leaving directory '/build/vala-git/src/vala/codegen'
make[2]: Leaving directory '/build/vala-git/src/vala/codegen'
Making check in compiler
make[2]: Entering directory '/build/vala-git/src/vala/compiler'
make  check-am
make[3]: Entering directory '/build/vala-git/src/vala/compiler'
make[3]: Nothing to be done for 'check-am'.
make[3]: Leaving directory '/build/vala-git/src/vala/compiler'
make[2]: Leaving directory '/build/vala-git/src/vala/compiler'
Making check in vapi
make[2]: Entering directory '/build/vala-git/src/vala/vapi'
echo "void main () {}" > test.vala; \
for vapi in `ls *.vapi | sed -e "s/\.vapi//g"`; do \
	echo "Checking $vapi..."; \
	../compiler/valac -C --enable-deprecated --pkg=$vapi --vapidir=. test.vala || exit 1; \
done; \
rm -f test.vala test.c
Checking SDL2_gfx...
Checking SDL2_image...
Checking SDL2_mixer...
Checking SDL2_net...
Checking SDL2_ttf...
Checking alsa...
Checking atk...
Checking atspi-2...
Checking avahi-client...
Checking avahi-gobject...
Checking bzlib...
Checking cairo-gobject...
Checking cairo-xcb...
Checking cairo...
Checking ccss-1...
Checking clutter-1.0...
Checking clutter-gdk-1.0...
Checking clutter-gst-2.0...
Checking clutter-gst-3.0...
Checking clutter-gtk-0.10...
Checking clutter-gtk-1.0...
Checking clutter-x11-1.0...
Checking cogl-1.0...
Checking cogl-pango-1.0...
Checking config...
Checking curses...
Checking dbus-glib-1...
Checking enchant-2...
Checking enchant...
Checking freetype2...
Checking fuse...
Checking gconf-2.0...
Checking gdesktopenums-3.0...
Checking gdk-2.0...
Checking gdk-3.0...
Checking gdk-pixbuf-2.0...
Checking gdk-x11-2.0...
Checking gdk-x11-3.0...
Checking gdl-1.0...
Checking gdl-3.0...
Checking geocode-glib-1.0...
Checking geocode-glib-2.0...
Checking gio-2.0...
Checking gio-unix-2.0...
Checking gio-windows-2.0...
Checking glib-2.0...
Checking gmodule-2.0...
Checking gnet-2.0...
Checking gnome-bg-4...
Checking gnome-desktop-2.0...
Checking gnome-desktop-3.0...
Checking gnome-desktop-4...
Checking gnome-rr-4...
Checking gnome-vfs-2.0...
Checking gnu...
Checking gnutls...
Checking gobject-2.0...
Checking gobject-introspection-1.0...
Checking goocanvas-2.0...
Checking goocanvas...
Checking graphene-1.0...
Checking graphene-gobject-1.0...
Checking gsl...
Checking gst-editing-services-1.0...
Checking gstreamer-1.0...
Checking gstreamer-allocators-1.0...
Checking gstreamer-app-1.0...
Checking gstreamer-audio-1.0...
Checking gstreamer-bad-allocators-1.0...
Checking gstreamer-base-1.0...
Checking gstreamer-check-1.0...
Checking gstreamer-controller-1.0...
Checking gstreamer-fft-1.0...
Checking gstreamer-net-1.0...
Checking gstreamer-pbutils-1.0...
Checking gstreamer-play-1.0...
gstreamer-play-1.0.vapi:285:4-285:33: warning: Instance methods are not supported in error domains yet
  285 | 			public unowned string get_name ();
      | 			^~~~~~~~~~~~~~~~~~~~~~~~~~~~~~    
Compilation succeeded - 1 warning(s)
Checking gstreamer-player-1.0...
gstreamer-player-1.0.vapi:250:3-250:32: warning: Instance methods are not supported in error domains yet
  250 | 		public unowned string get_name ();
      | 		^~~~~~~~~~~~~~~~~~~~~~~~~~~~~~    
Compilation succeeded - 1 warning(s)
Checking gstreamer-riff-1.0...
Checking gstreamer-rtp-1.0...
Checking gstreamer-rtsp-1.0...
Checking gstreamer-rtsp-server-1.0...
Checking gstreamer-sdp-1.0...
Checking gstreamer-tag-1.0...
Checking gstreamer-video-1.0...
Checking gstreamer-webrtc-1.0...
Checking gtk+-2.0...
Checking gtk+-3.0...
Checking gtk+-unix-print-2.0...
Checking gtk+-unix-print-3.0...
Checking gtk4-unix-print...
Checking gtk4-wayland...
Checking gtk4-x11...
Checking gtk4...
Checking gtkmozembed...
Checking gtksourceview-2.0...
Checking gudev-1.0...
Checking hal...
Checking harfbuzz-gobject...
Checking javascriptcoregtk-4.0...
Checking javascriptcoregtk-4.1...
Checking javascriptcoregtk-6.0...
Checking json-glib-1.0...
Checking libarchive...
Checking libbonoboui-2.0...
Checking libdaemon...
Checking libepc-1.0...
Checking libesmtp...
Checking libftdi...
Checking libgeoclue-2.0...
Checking libglade-2.0...
Checking libgnome-2.0...
Checking libgnome-menu-3.0...
Checking libgnome-menu...
Checking libgnomeui-2.0...
Checking libgrss...
Checking libgsf-1...
libgsf-1.vapi:127:3-127:23: warning: Creation method of abstract class cannot be public.
  127 | 		public Input.mmap_new (string filename) throws GLib.Error;
      | 		^~~~~~~~~~~~~~~~~~~~~                                     
Compilation succeeded - 1 warning(s)
Checking libgvc...
Checking libmagic...
Checking libnl-1...
Checking libnl-2.0...
Checking libnl-3.0...
Checking libnotify...
Checking liboobs-1...
Checking libosso...
Checking libpanelapplet-2.0...
Checking libpeas-1.0...
Checking libpeas-gtk-1.0...
Checking libpq...
Checking libsexy...
Checking libsoup-2.4...
Checking libsoup-3.0...
Checking libunwind-generic...
Checking libusb-1.0...
Checking libusb...
Checking libwnck-1.0...
Checking libwnck-3.0...
Checking libxml-2.0...
Checking linux-media...
Checking linux...
Checking loudmouth-1.0...
Checking lua...
Checking mysql...
Checking orc-0.4...
Checking packagekit-glib2...
Checking pango...
Checking pangocairo...
Checking pixman-1...
Checking polkit-agent-1...
Checking polkit-gobject-1...
Checking poppler-glib...
Checking posix...
Checking purple...
Checking raptor...
Checking rasqal...
Checking readline...
Checking rest-0.7...
Checking rest-1.0...
Checking rest-extras-0.7...
Checking rest-extras-1.0...
Checking sdl2-android...
Checking sdl2-ios...
Checking sdl2-windows...
Checking sdl2-winrt...
Checking sdl2...
Checking sqlite3...
Checking taglib_c...
Checking tiff...
Checking tokyocabinet...
Checking udisks2...
Checking unique-1.0...
Checking v4l2...
Checking wayland-client...
Checking webkit2gtk-4.0...
Checking webkit2gtk-4.1...
Checking webkit2gtk-web-extension-4.0...
Checking webkit2gtk-web-extension-4.1...
Checking webkitgtk-6.0...
Checking webkitgtk-web-extension-6.0...
Checking webkitgtk-web-process-extension-6.0...
Checking x11...
Checking xcb-icccm...
Checking xcb...
Checking xtst...
Checking zlib...
make[2]: Leaving directory '/build/vala-git/src/vala/vapi'
Making check in tests
make[2]: Entering directory '/build/vala-git/src/vala/tests'
make  check-recursive
make[3]: Entering directory '/build/vala-git/src/vala/tests'
Making check in fastvapi
make[4]: Entering directory '/build/vala-git/src/vala/tests/fastvapi'
G_DEBUG=fatal-warnings ../../compiler/valac \
	-C \
	--disable-version-header \
	--vapidir ../../vapi \
	--fast-vapi fastvapitest.vapi \
	--basedir . \
	./fastvapitest.vala; \
tail -n +3 fastvapitest.vapi | diff -wu ./fastvapitest.vapi-expected - || exit 1; \
G_DEBUG=fatal-warnings ../../compiler/valac \
	-C \
	--disable-version-header \
	--vapidir ../../vapi \
	--use-fast-vapi fastvapitest.vapi \
	--basedir . \
	./usefastvapitest.vala || exit 1; \
rm -f fastvapitest.vapi fastvapitest.c usefastvapitest.c
make[4]: Leaving directory '/build/vala-git/src/vala/tests/fastvapi'
Making check in girwriter
make[4]: Entering directory '/build/vala-git/src/vala/tests/girwriter'
G_DEBUG=fatal-warnings ../../compiler/valac \
	-C \
	--disable-version-header \
	--vapidir ../../vapi \
	--pkg gio-2.0 \
	--gir ./GirTest-1.0.gir \
	--library girtest \
	--shared-library girtest \
	./girtest.vala; \
tail -n +3 girtest.vapi | diff -wu ./girtest.vapi-expected - || exit 1; \
tail -n +3 GirTest-1.0.gir | diff -wu ./GirTest-1.0.gir-expected - || exit 1;
./girtest.vala:5:3-5:34: warning: accessibility of struct fields can only be `public`
    5 | 		internal int internal_field_name;
      | 		^~~~~~~~~~~~~~~~~~~~~~~~~~~~~~~~ 
./girtest.vala:29:3-29:34: warning: accessibility of struct fields can only be `public`
   29 | 		internal int internal_field_name;
      | 		^~~~~~~~~~~~~~~~~~~~~~~~~~~~~~~~ 
./girtest.vala:148:3-148:39: warning: Method `GirTest.InterfaceTest.internal_method' never used
  148 | 		internal virtual void internal_method () {
      | 		^~~~~~~~~~~~~~~~~~~~~~~~~~~~~~~~~~~~~     
./girtest.vala:196:3-196:43: warning: Field `GirTest.ObjectTest.internal_global_field' never used
  196 | 		internal static int internal_global_field = 4711;
      | 		^~~~~~~~~~~~~~~~~~~~~~~~~~~~~~~~~~~~~~~~~        
./girtest.vala:207:3-207:29: warning: Field `GirTest.ObjectTest.internal_field' never used
  207 | 		internal int internal_field = 23;
      | 		^~~~~~~~~~~~~~~~~~~~~~~~~~~      
./girtest.vala:265:3-265:57: warning: Method `GirTest.ObjectTest.internal_method_with_default_impl' never used
  265 | 		internal virtual void internal_method_with_default_impl (int8 param) {
      | 		^~~~~~~~~~~~~~~~~~~~~~~~~~~~~~~~~~~~~~~~~~~~~~~~~~~~~~~               
./girtest.vala:402:3-402:40: warning: Method `GirTest.AbstractObjectTest.internal_method' never used
  402 | 		internal abstract void internal_method (int8 param);
      | 		^~~~~~~~~~~~~~~~~~~~~~~~~~~~~~~~~~~~~~              
./girtest.vala:496:1-496:23: warning: `InvalidEnum' must be part of namespace to be included in GIR
  496 | public enum InvalidEnum {
      | ^~~~~~~~~~~~~~~~~~~~~~~  
./girtest.vala:500:1-500:31: warning: `InvalidError' must be part of namespace to be included in GIR
  500 | public errordomain InvalidError {
      | ^~~~~~~~~~~~~~~~~~~~~~~~~~~~~~~  
./girtest.vala:504:1-504:25: warning: `InvalidClass' must be part of namespace to be included in GIR
  504 | public class InvalidClass {
      | ^~~~~~~~~~~~~~~~~~~~~~~~~  
./girtest.vala:507:1-507:29: warning: `InvalidIface' must be part of namespace to be included in GIR
  507 | public interface InvalidIface {
      | ^~~~~~~~~~~~~~~~~~~~~~~~~~~~~  
./girtest.vala:510:1-510:27: warning: `InvalidStruct' must be part of namespace to be included in GIR
  510 | public struct InvalidStruct {
      | ^~~~~~~~~~~~~~~~~~~~~~~~~~~  
./girtest.vala:514:1-514:32: warning: `InvalidFunc' must be part of namespace to be included in GIR
  514 | public delegate void InvalidFunc ();
      | ^~~~~~~~~~~~~~~~~~~~~~~~~~~~~~~~    
./girtest.vala:516:1-516:30: warning: `INVALID_CONST' must be part of namespace to be included in GIR
  516 | public const int INVALID_CONST = 0;
      | ^~~~~~~~~~~~~~~~~~~~~~~~~~~~~~     
./girtest.vala:518:1-518:24: warning: `invalid_field' must be part of namespace to be included in GIR
  518 | public int invalid_field;
      | ^~~~~~~~~~~~~~~~~~~~~~~~ 
./girtest.vala:520:1-520:26: warning: `invalid_method' must be part of namespace to be included in GIR
  520 | public void invalid_method () {
      | ^~~~~~~~~~~~~~~~~~~~~~~~~~     
Compilation succeeded - 16 warning(s)
/usr/bin/g-ir-compiler -o GirTest-1.0.typelib GirTest-1.0.gir;
rm -f girtest.vapi girtest.c;
G_DEBUG=fatal-warnings ../../vapigen/vapigen \
	--vapidir ../../vapi \
	--pkg gio-2.0 \
	--library girtest \
	--metadatadir . \
	GirTest-1.0.gir; \
tail -n +3 girtest.vapi | diff -wu ./girtest.vapigen-expected - || exit 1;
Generation succeeded - 0 warning(s)
rm -f GirTest-1.0.gir GirTest-1.0.typelib girtest.vapi;
make[4]: Leaving directory '/build/vala-git/src/vala/tests/girwriter'
Making check in gtktemplate
make[4]: Entering directory '/build/vala-git/src/vala/tests/gtktemplate'
G_DEBUG=fatal-warnings ../../compiler/valac \
	-C \
	--vapidir ../../vapi \
	--pkg gtk+-3.0 \
	--gresources ./gtktemplate.gresource.xml \
	./gtktemplate.vala; \
rm -f gtktemplate.c
./gtktemplate.vala:4:2-4:26: warning: [GtkChild] properties must be declared as `unowned'
    4 | 	public Gtk.Button button0 { get; }
      | 	^~~~~~~~~~~~~~~~~~~~~~~~~         
./gtktemplate.vala:7:2-7:26: warning: [GtkChild] fields must be declared as `unowned'
    7 | 	public Gtk.Button button1;
      | 	^~~~~~~~~~~~~~~~~~~~~~~~~ 
Compilation succeeded - 2 warning(s)
make[4]: Leaving directory '/build/vala-git/src/vala/tests/gtktemplate'
make[4]: Entering directory '/build/vala-git/src/vala/tests'
make  check-TESTS
make[5]: Entering directory '/build/vala-git/src/vala/tests'
make[6]: Entering directory '/build/vala-git/src/vala/tests'
PASS: basic-types/integer-unsigned-erange.test
PASS: basic-types/integer-unsigned-invalid.test
PASS: basic-types/integer-unsigned-binary-erange.test
PASS: basic-types/integer-negative-rank-incompatible.test
PASS: basic-types/integers-octal-invalid.test
PASS: basic-types/integer-negative-rank-incompatible2.test
PASS: basic-types/integer-unsigned-octal-erange.test
PASS: basic-types/integers-binary-invalid.test
PASS: basic-types/integer-signed-erange2.test
PASS: basic-types/integer-literals.vala
PASS: basic-types/integer-signed-binary-erange.test
PASS: basic-types/integer-signed-octal-erange.test
PASS: basic-types/integer-negative-rank-incompatible3.test
PASS: basic-types/integer-signed-erange.test
PASS: basic-types/integers.vala
PASS: basic-types/integers-boxed-cast.vala
PASS: basic-types/gassert.vala
PASS: basic-types/integers-negative-rank.vala
PASS: basic-types/integers-binary.vala
PASS: basic-types/float-literals.vala
PASS: basic-types/string-concat-null.test
PASS: basic-types/floats-hexadecimal.vala
PASS: basic-types/boolean-literal.vala
PASS: basic-types/floats.vala
PASS: basic-types/escape-chars.vala
PASS: basic-types/integers-octal.vala
PASS: basic-types/string-relation.vala
PASS: basic-types/floats-boxed-cast.vala
PASS: basic-types/arrays-fixed-assignment.vala
PASS: basic-types/boolean.vala
PASS: basic-types/string-array-append.vala
PASS: basic-types/custom-types.vala
PASS: basic-types/default-gtype.vala
PASS: basic-types/arrays-generics.vala
PASS: basic-types/gvariants-hashtable-deserialize-missing-type-arguments.test
PASS: basic-types/arrays.vala
PASS: basic-types/pointers.vala
PASS: basic-types/gvariants-hashtable-serialize-missing-type-arguments.test
PASS: basic-types/sizeof.vala
PASS: basic-types/bug570846.test
PASS: basic-types/garray.vala
PASS: basic-types/array-uint8-uchar-compat.vala
PASS: basic-types/glists_remove.vala
PASS: basic-types/glists.vala
PASS: basic-types/strings.vala
PASS: basic-types/pointers-arithmetic.vala
PASS: basic-types/bug591552.vala
PASS: basic-types/bug595751.vala
PASS: basic-types/null.vala
PASS: basic-types/bug604589.test
PASS: basic-types/gvariants.vala
PASS: basic-types/bug571486.vala
PASS: basic-types/bug641308.test
PASS: basic-types/bug596637.vala
PASS: basic-types/gptrarray.vala
PASS: basic-types/gvariants-unboxing-safe.vala
PASS: basic-types/bug596785.vala
PASS: basic-types/bug604371.vala
PASS: basic-types/bug610660.vala
PASS: basic-types/bug655908.vala
PASS: basic-types/bug647222.vala
PASS: basic-types/bug632322.vala
PASS: basic-types/bug771626.test
PASS: basic-types/bug643612.vala
PASS: basic-types/bug622178.vala
PASS: basic-types/bug644046.vala
PASS: basic-types/bug777697.test
PASS: basic-types/bug659975.vala
PASS: basic-types/bug686336.vala
PASS: basic-types/bug652380.vala
PASS: basic-types/bug744923.test
PASS: basic-types/bug678791.vala
PASS: basic-types/bug756376.vala
PASS: basic-types/bug731017.vala
PASS: basic-types/bug729907.vala
PASS: constants/array-type-invalid.test
PASS: basic-types/bug648364.vala
PASS: basic-types/bug650993.vala
PASS: basic-types/bug761307.vala
PASS: basic-types/bug787152.vala
PASS: basic-types/bug772426.vala
PASS: basic-types/bug788775.vala
PASS: arrays/cast-silent-invalid.test
PASS: basic-types/bug761736.vala
PASS: constants/strings.vala
PASS: constants/member-access.vala
PASS: constants/glog.vala
PASS: constants/delegate-type.vala
PASS: constants/member-access-enum.vala
PASS: arrays/element-class-assignment-invalid.test
PASS: namespace/unique.vala
PASS: arrays/fixed-length-non-const.test
PASS: arrays/class-field-fixed-length-initializer.vala
PASS: arrays/fixed-length-concat-invalid.test
PASS: arrays/expression-bracket.test
PASS: arrays/class-field-initializer.vala
PASS: arrays/element-class-assignment.vala
PASS: arrays/inline-local-instantiation.test
PASS: arrays/element-nullable-assignment.vala
PASS: arrays/inline-field.test
PASS: arrays/cast-struct-boxed-element-access.vala
PASS: arrays/class-field-length-cname.vala
PASS: arrays/constant-element-access.vala
PASS: arrays/fixed-length-enum-value.vala
PASS: arrays/inline-local-variable.test
PASS: arrays/inline-parameter.test
PASS: arrays/fixed-length-resize-invalid.test
PASS: arrays/fixed-length-init0-not-allowed.vala
PASS: arrays/inline-struct-field.test
PASS: arrays/field-global-length-cname.vala
PASS: arrays/empty-length-0.vala
PASS: arrays/inline-ownership-transfer.test
PASS: arrays/length-type-no-integer.test
PASS: arrays/in-operator-with-boxed-needle.vala
PASS: arrays/length-no-int-type.test
PASS: arrays/incompatible-integer-elements.test
PASS: arrays/inline-namespace-field.vala
PASS: arrays/inline-struct.vala
PASS: arrays/length-type.vala
PASS: arrays/resize-constant.test
PASS: arrays/resize-unowned-invalid.test
PASS: arrays/resize-unowned-invalid-2.test
PASS: arrays/resize-unowned-invalid-3.test
PASS: arrays/struct-field-initializer.vala
PASS: arrays/struct-namespaced-initializer.vala
PASS: arrays/struct-initializer-null.vala
PASS: arrays/length-inline-assignment.vala
PASS: arrays/length-type-include.vala
PASS: arrays/slice-no-array.test
PASS: arrays/resize-local-size.vala
PASS: arrays/slice-invalid-stop.test
PASS: arrays/slice-invalid-start.test
PASS: arrays/struct-field-length-cname.vala
PASS: chainup/base-class-invalid.test
PASS: chainup/base-enum-invalid.test
PASS: chainup/base-invalid.test
PASS: arrays/resize.vala
PASS: arrays/resize-local-size-captured.vala
PASS: chainup/base-private.test
PASS: arrays/slice-fixed-length.vala
PASS: chainup/base-struct-invalid.test
PASS: chainup/class-compact-base.vala
PASS: chainup/class-base.vala
PASS: chainup/class-object.vala
PASS: chainup/base-arguments.test
PASS: chainup/class-this-foo.vala
PASS: chainup/struct-base-foo.vala
PASS: chainup/class-compact-this.vala
PASS: chainup/class-base-foo.vala
PASS: chainup/class-this.vala
PASS: chainup/signal-default-handler.vala
PASS: chainup/struct-no-gtype-base.vala
PASS: chainup/method-lambda-base.vala
PASS: chainup/struct-this.vala
PASS: chainup/struct-this-foo.vala
PASS: methods/ellipsis-preceding.test
PASS: chainup/no-chainup.vala
PASS: pointers/delete.vala
PASS: pointers/bug590641.vala
PASS: chainup/struct-simple-no-gtype-base.vala
PASS: chainup/struct-base.vala
PASS: methods/contains.vala
PASS: methods/local-functions-to-delegate.vala
PASS: methods/array-length-type.vala
PASS: methods/parameter-fixed-array-initializer.vala
PASS: chainup/bug791785.vala
PASS: methods/parameter-out-free-on-error.vala
PASS: methods/parameter-ref-delegate.vala
PASS: methods/local-functions.vala
PASS: methods/lambda.vala
PASS: methods/parameter-ref-array-resize-null-terminated.vala
PASS: methods/parameter-out-array-resize-null-terminated.vala
PASS: methods/closures.vala
PASS: methods/parameter-ref-element-access.vala
PASS: methods/parameter-ref-array-resize-captured.vala
PASS: methods/prepostconditions.vala
PASS: methods/parameter-ref-array-resize.vala
PASS: methods/extern.vala
PASS: methods/preconditions-temp-variables.vala
PASS: methods/prepostconditions-captured.vala
PASS: methods/prepostconditions-contains.vala
PASS: methods/iterator.vala
PASS: methods/same-name.vala
PASS: methods/postconditions-temp-variables.vala
PASS: methods/return-unowned-delegate.vala
PASS: methods/bug615450.test
PASS: methods/postconditions.vala
PASS: methods/symbolresolution.vala
PASS: methods/bug540483.vala
PASS: methods/bug596726.vala
PASS: methods/bug595538.vala
PASS: methods/bug597426.vala
PASS: methods/bug598738.vala
PASS: methods/bug622570.vala
PASS: methods/bug599892.vala
PASS: methods/bug613483.vala
PASS: methods/bug620673-2.test
PASS: methods/bug634753.vala
PASS: methods/bug626783.vala
PASS: methods/bug643088.test
PASS: methods/bug648030.test
PASS: methods/bug620673.vala
PASS: methods/bug649562.vala
PASS: methods/bug642885.vala
PASS: methods/bug646345.vala
PASS: methods/bug639054.vala
PASS: methods/bug642899.vala
PASS: methods/bug653908.vala
PASS: methods/bug653391.vala
PASS: methods/bug652098.vala
PASS: methods/bug642350.vala
PASS: methods/bug648320.vala
PASS: methods/bug723009.vala
PASS: methods/bug726347.vala
PASS: methods/bug723195.vala
PASS: methods/bug737222.vala
PASS: methods/bug663210.vala
PASS: methods/bug775466.test
PASS: methods/bug736235.vala
PASS: methods/bug743877.vala
PASS: methods/bug699956.vala
PASS: methods/bug771964.vala
PASS: methods/main-entry-exists.test
PASS: methods/nowrapper-no-vfunc.test
PASS: methods/bug784691.vala
PASS: methods/argument-array-initilizer.vala
PASS: methods/bug710862.vala
PASS: methods/bug781061.vala
PASS: methods/params-array-abstract.test
PASS: methods/params-array-multi-dimensional.test
PASS: methods/nowrapper-interface.vala
PASS: methods/bug774060.vala
PASS: methods/generics.vala
PASS: methods/print-attribute-invalid.test
PASS: methods/printf-invalid.test
PASS: methods/bug791215.vala
PASS: methods/argument-named.vala
PASS: methods/params-array-preceding.test
PASS: methods/bug791283.vala
PASS: methods/printf-constructor-invalid.test
PASS: methods/params-array.vala
PASS: methods/parameter-ccode-type.vala
PASS: methods/params-array-with-throws.vala
PASS: methods/print-attribute.vala
PASS: methods/delegate-target.vala
PASS: methods/varargs-delegate.vala
PASS: control-flow/break-invalid.test
PASS: methods/varargs-ref.vala
PASS: methods/printf-constructor.vala
PASS: methods/varargs-struct.vala
PASS: methods/profile.vala
PASS: control-flow/break.vala
PASS: methods/varargs-delegate-without-target.vala
PASS: control-flow/coalesce-reference-transfer.vala
PASS: control-flow/double-catch.test
PASS: control-flow/continue-invalid.test
PASS: control-flow/assigned-local-variable.vala
PASS: control-flow/coalesce-short-circuit.vala
PASS: methods/varargs-gvalue.vala
PASS: control-flow/coalesce-as-argument.vala
PASS: control-flow/coalesce-execution-order.vala
PASS: control-flow/coalesce-right-value.vala
PASS: control-flow/garray-foreach-variable.test
PASS: control-flow/finally-no-return.vala
PASS: control-flow/finally-return.test
PASS: control-flow/gptrarray-foreach-variable.test
PASS: control-flow/missing-return.test
PASS: control-flow/for.vala
PASS: control-flow/foreach.vala
PASS: control-flow/conditional-as-argument.vala
PASS: methods/varargs-out.vala
PASS: control-flow/missing-break.test
PASS: control-flow/for-switch-continue.vala
PASS: control-flow/gsequence-foreach-variable.test
PASS: control-flow/nested-conditional.vala
PASS: control-flow/expressions-conditional.vala
PASS: control-flow/local-clash-with-implicit-this.vala
PASS: control-flow/lock-if-throw.vala
PASS: control-flow/pre-post-increment-array-index.vala
PASS: control-flow/switch-try-finally-throw.test
PASS: control-flow/pre-post-increment-field.vala
PASS: control-flow/unassigned-local-variable-2.test
PASS: control-flow/unassigned-local-block-variable.test
PASS: control-flow/unassigned-captured-local-variable.test
PASS: control-flow/unassigned-local-variable.test
PASS: control-flow/pre-post-increment-local.vala
PASS: control-flow/null-conditional-bool.vala
PASS: control-flow/pre-post-increment-property.vala
PASS: control-flow/unassigned-local-variable-while.test
PASS: control-flow/pre-post-increment-parameter.vala
PASS: control-flow/switch-string.vala
PASS: control-flow/sideeffects.vala
PASS: control-flow/switch.vala
PASS: control-flow/unassigned-local-variable-3.test
PASS: control-flow/while-false.vala
PASS: control-flow/bug790903-2.test
PASS: control-flow/switch-enum.vala
PASS: control-flow/bug761267-3.test
PASS: control-flow/bug790903.test
PASS: control-flow/bug639482.vala
PASS: control-flow/bug665904.vala
PASS: control-flow/bug661985.vala
PASS: control-flow/pre-post-increment.vala
PASS: control-semantic/argument-missing.test
PASS: control-flow/bug691514.vala
PASS: control-flow/bug764440.vala
PASS: control-flow/bug652549.vala
PASS: control-flow/bug761267-1.vala
PASS: control-semantic/argument-named.test
PASS: control-semantic/argument-no-ref.test
PASS: control-flow/bug736774-2.vala
PASS: control-semantic/argument-extra.test
PASS: control-semantic/argument-incompatible-type-ref.test
PASS: control-flow/bug628336.vala
PASS: control-semantic/argument-incompatible-type-out.test
PASS: control-semantic/argument-no-out.test
PASS: control-flow/bug761267-2.vala
PASS: control-semantic/argument-value-out.test
PASS: control-semantic/argument-owned-ref.test
PASS: control-semantic/argument-owned-out.test
PASS: control-flow/bug736774-1.vala
PASS: control-semantic/argument-null-ref.test
PASS: control-semantic/argument-value-ref.test
PASS: control-semantic/condition-not-boolean.test
PASS: control-semantic/member-incompatible-type.test
PASS: control-semantic/member-private.test
PASS: control-semantic/member-protected.test
PASS: control-semantic/expression-not-boolean.test
PASS: control-semantic/member-invalid.test
PASS: control-semantic/printf-too-few.test
PASS: control-semantic/printf-too-many.test
PASS: control-semantic/member-readonly.test
PASS: control-semantic/literal-immutable.test
PASS: control-semantic/variadic-argument-invalid.test
PASS: enums/enum-gtype-too-short.test
PASS: control-semantic/this-assignment.test
PASS: enums/enum_only.vala
PASS: enums/in-invalid.test
PASS: enums/enum-no-gtype.vala
PASS: enums/bug666035-2.test
PASS: enums/default-gtype.vala
PASS: enums/bug666035-1.test
PASS: enums/bug614424.vala
PASS: enums/from-0-literal.vala
PASS: enums/enums.vala
PASS: enums/enum-boxed.vala
PASS: enums/bug673879.vala
PASS: enums/no_gtype_to_string.vala
PASS: enums/flags.vala
PASS: structs/cast-struct-to-class.test
PASS: enums/unsafe-assignment.vala
PASS: enums/in-inference.vala
PASS: enums/switch.vala
PASS: enums/bug763831.vala
PASS: enums/bug780050.vala
PASS: structs/struct_only.vala
PASS: structs/struct-empty-still.test
PASS: enums/bug666035.vala
PASS: structs/cast-struct-boxed.vala
PASS: structs/cast-struct-to-simple-struct.test
PASS: structs/struct-base-types.vala
PASS: structs/struct-static-field-initializer-2.test
PASS: structs/struct-gtype-too-short.test
PASS: structs/constructor-wrong-name.test
PASS: structs/struct-static-field-initializer-3.vala
PASS: structs/struct-no-gtype.vala
PASS: structs/struct-static-property-initializer.test
PASS: structs/struct-static-field-initializer.vala
PASS: structs/namespace-field-nested-initializer-2.test
PASS: structs/constructor-params-array.vala
PASS: structs/struct-boxed-cast.vala
PASS: structs/struct-no-gtype-inherit.vala
PASS: structs/constructor-variadic.vala
PASS: structs/struct-initializer-list-nested.vala
PASS: structs/struct-initializer-list-in-array.vala
PASS: structs/gtype-base-struct.vala
PASS: structs/simple-type-disposable.test
PASS: structs/structs.vala
PASS: structs/gvalue-implicit-comparison.vala
PASS: structs/default-gtype.vala
PASS: structs/gvalue.vala
PASS: structs/simple-type-constructor.vala
PASS: structs/simple-type-boxed.vala
PASS: structs/properties.vala
PASS: structs/bug530605.vala
PASS: structs/namespace-field-nested-initializer.vala
PASS: structs/gmutex.vala
PASS: structs/bug603056.vala
PASS: structs/bug583603.vala
PASS: structs/bug595587.vala
PASS: structs/bug623092.vala
PASS: structs/bug596144.vala
PASS: structs/bug658048.vala
PASS: structs/bug572091.vala
PASS: structs/bug609642.vala
PASS: structs/bug654753.vala
PASS: structs/bug613825.vala
PASS: structs/bug622422.vala
PASS: structs/bug621176.vala
PASS: structs/bug613513.vala
PASS: structs/bug651441.vala
PASS: structs/bug606202.vala
PASS: structs/bug656693.vala
PASS: structs/bug654646.vala
PASS: structs/bug657378.vala
PASS: structs/bug669580.vala
PASS: structs/bug660426.vala
PASS: structs/bug661945.vala
PASS: structs/bug686190.vala
PASS: structs/bug775761.vala
PASS: structs/bug694140.vala
PASS: structs/bug688732.vala
PASS: structs/bug685177.vala
PASS: delegates/casting.vala
PASS: structs/bug749952.vala
PASS: structs/bug777194.vala
PASS: structs/bug690380.vala
PASS: delegates/delegates-error.test
PASS: structs/bug777194-2.vala
PASS: delegates/compatible.vala
PASS: delegates/delegates.vala
PASS: structs/bug667890.vala
PASS: delegates/incompatible.test
PASS: delegates/class-field-initializer.vala
PASS: delegates/delegate-recusive.vala
PASS: delegates/fields.vala
PASS: delegates/delegate_only.vala
PASS: delegates/incompatible-assignment.test
PASS: delegates/implicit-local-variable.vala
PASS: delegates/error-pos.vala
PASS: delegates/fields-no-target.vala
PASS: delegates/instance-method-to-no-target.test
PASS: delegates/incompatible-initializer.test
PASS: delegates/incompatible-error-assignment.test
PASS: delegates/gclosure-conversion.vala
PASS: delegates/lambda-incompatible.test
PASS: delegates/incompatible-error-argument-2.test
PASS: delegates/incompatible-target.test
PASS: delegates/incompatible-error-argument.test
PASS: delegates/bug519949.test
PASS: delegates/instance-method-to-no-target-2.test
PASS: delegates/lambda-mixed-instance-static.vala
PASS: delegates/member-target-destroy-2.vala
PASS: delegates/lambda-outer-constant.test
PASS: delegates/bug595610.vala
PASS: delegates/bug632017.test
PASS: delegates/params-array-with-throws.vala
PASS: delegates/bug598869.test
PASS: delegates/variadic.vala
PASS: delegates/reference_transfer.vala
PASS: delegates/bug638415.vala
PASS: delegates/params-array.vala
PASS: delegates/bug595639.vala
PASS: delegates/lambda-shared-closure.vala
PASS: delegates/bug761360.vala
PASS: delegates/return-array-null-terminated.vala
PASS: delegates/member-target-destroy.vala
PASS: delegates/bug703804.vala
PASS: delegates/wrapper.vala
PASS: delegates/bug772204.test
PASS: delegates/bug683925.vala
PASS: delegates/bug639751.vala
PASS: delegates/bug659778.vala
PASS: objects/class-partial-conflict-partial.test
PASS: delegates/bug792077.vala
PASS: objects/class-partial-conflict-sealed.test
PASS: objects/class-ccode-cprefix.vala
PASS: delegates/bug539166.vala
PASS: objects/class-partial-conflict-abstract.test
PASS: objects/class_only.vala
PASS: objects/class-inner-types.vala
PASS: objects/class-partial-conflict-access.test
PASS: objects/constructor-abstract-public.test
PASS: objects/class-partial.vala
PASS: objects/chainup.vala
PASS: objects/class-partial-nested.vala
PASS: objects/class-gtype-too-short.test
PASS: objects/class-destroysinstance.vala
PASS: objects/class-vfunc-base-access.vala
PASS: objects/class-new-no-override.vala
PASS: objects/compact-class.vala
PASS: objects/class-ref-void.vala
PASS: objects/constructor-inner-error.vala
PASS: objects/classes-interfaces.vala
PASS: objects/classes.vala
PASS: objects/constructor-wrong-name.test
PASS: objects/constructor-variadic-invalid.test
PASS: objects/constructor-variadic.vala
PASS: objects/field-leading-digit.test
PASS: objects/compact-class-refcount.vala
PASS: objects/classes-implicit-implementation.vala
PASS: objects/compact-class-custom-ref.vala
PASS: objects/destructors.vala
PASS: objects/compact-class-destructor.vala
PASS: objects/constructors.vala
PASS: objects/duplicating-instance-invalid.test
PASS: objects/initially-unowned.vala
PASS: objects/classes-interfaces-virtuals.vala
PASS: objects/interface_only.vala
PASS: objects/gsource.vala
PASS: objects/dynamic.vala
PASS: objects/generics.vala
PASS: objects/instance-comparison.vala
PASS: objects/interface-gtype-too-short.test
PASS: objects/interface-async-base-access.vala
PASS: objects/gtype-class-lifetime.vala
PASS: objects/gobject-class-lifetime.vala
PASS: objects/interfaces.vala
PASS: objects/interface-abstract-async-override.vala
PASS: objects/interface-async-captured-generic.vala
PASS: objects/fields.vala
PASS: objects/interface-property-base-access.vala
PASS: objects/interface-inner-types.vala
PASS: objects/interface-property-base-impl.vala
PASS: objects/member-initializer-property.vala
PASS: objects/interface-property-override.vala
PASS: objects/member-initializer-base-properties.vala
PASS: objects/member-initializer-protected.vala
PASS: objects/member-initializer-private.vala
PASS: objects/interface-virtual-override.vala
PASS: objects/paramspec.vala
PASS: objects/property-dynamic-not-supported.test
PASS: objects/interface-generics.vala
PASS: objects/properties.vala
PASS: objects/member-initializer-property-owned-setter.vala
PASS: objects/interface-parameter-nowrapper.vala
PASS: objects/property-dynamic-type-inference.vala
PASS: objects/methods.vala
PASS: objects/member-initializer-chained.vala
PASS: objects/interface-base-access.vala
PASS: objects/plugin-module-init.vala
PASS: objects/interface-property-delegate.vala
PASS: objects/property-notify-owned-getter.vala
PASS: objects/property-enum.vala
PASS: objects/property-read-only-member-write.test
PASS: objects/property-array.vala
PASS: objects/property-construct-only-write-after.test
PASS: objects/property-base-access.vala
PASS: objects/property-read-only-write.test
PASS: objects/property-class-invalid-name.test
PASS: objects/member-initializer-chained-2.vala
PASS: objects/property-notify.vala
PASS: objects/property-owned-simple-type.test
PASS: objects/property-read-only-auto.vala
PASS: objects/property-construct-only-write.test
PASS: objects/property-interface-invalid-name.test
PASS: objects/property-construct-only-write-foreign.test
PASS: objects/property-write-only-member-read.test
PASS: objects/property-delegate-owned.vala
PASS: objects/property-ownership.vala
PASS: objects/property-array-length.vala
PASS: objects/property-real-struct-no-accessor.test
PASS: objects/property-delegate.vala
PASS: objects/sealed-abstract-class.test
PASS: objects/property-real-struct-assignment.vala
PASS: objects/property-construct-only.vala
PASS: objects/property-struct-no-gtype.vala
PASS: objects/property-enum-nullable.vala
PASS: objects/sealed-compact-class.test
PASS: objects/property-error.vala
PASS: objects/regex.vala
PASS: objects/property-simple-type-struct-nullable.vala
PASS: objects/property-struct.vala
PASS: objects/signals-default-class-handler.vala
PASS: objects/property-strv-noaccessor.vala
PASS: objects/signals-enum-marshal.vala
PASS: objects/signals.vala
PASS: objects/signals-fundamental-return.vala
PASS: objects/signals-emit.vala
PASS: objects/signals-error-marshal.vala
PASS: objects/property-gboxed-nullable.vala
PASS: objects/signals-dynamic-invalid-return-type.test
PASS: objects/signals-delegate-parameter.vala
PASS: objects/signals-delegate.vala
PASS: objects/signals-generic-return.vala
PASS: objects/signals-prototype-access-invalid-2.test
PASS: objects/signals-dymanic-invalid-handler.test
PASS: objects/signals-gobject-return.vala
PASS: objects/signals-dynamic-lambda-handler.test
PASS: objects/property-static.vala
PASS: objects/sealed-class.test
PASS: objects/signals-prototype-access-invalid.test
PASS: objects/signals-lambda-delegate.vala
PASS: objects/signals-dynamic-emit.vala
PASS: objects/signals-struct-return.vala
PASS: objects/signals-lambda-delegate-2.vala
PASS: objects/signals-prototype-access.vala
PASS: objects/test-029.vala
PASS: objects/signals-struct.vala
PASS: objects/type-narrowing-by-precondition.vala
PASS: objects/singleton.vala
PASS: objects/bug541728.test
PASS: objects/test-025.vala
PASS: objects/bug564090.test
PASS: objects/type-narrowing-fallback.vala
PASS: objects/bug554329.test
PASS: objects/test-026.vala
PASS: objects/bug564011.test
PASS: objects/type-narrowing.vala
PASS: objects/simple-generics-chainup.vala
PASS: objects/bug574146.test
PASS: objects/signals-dynamic-invalid-disconnect.test
PASS: objects/bug585344.test
PASS: objects/bug566909.vala
PASS: objects/bug603491.test
PASS: objects/bug588203.vala
PASS: objects/bug587905.test
PASS: objects/bug626038.vala
PASS: objects/bug628639.vala
PASS: objects/bug597161.vala
PASS: objects/bug613840.vala
PASS: objects/bug620675.vala
PASS: objects/bug593260.vala
PASS: objects/test-034.vala
PASS: objects/bug629593.vala
PASS: objects/bug620706.vala
PASS: objects/bug624594.vala
PASS: objects/bug631267.vala
PASS: objects/bug596621.vala
PASS: objects/bug589928.vala
PASS: objects/bug613486.vala
PASS: objects/bug641418-1.test
PASS: objects/bug634782.vala
PASS: objects/bug641418-3.test
PASS: objects/bug641418-2.test
PASS: objects/bug642809.vala
PASS: objects/bug597155.vala
PASS: objects/bug641828.vala
PASS: objects/bug647018.vala
PASS: objects/bug646792.vala
PASS: objects/bug626038-2.vala
PASS: objects/bug644938.vala
PASS: objects/bug760031.test
PASS: objects/bug664529.vala
PASS: objects/bug646362.vala
PASS: objects/bug681356.vala
PASS: objects/bug654702.vala
PASS: objects/bug643711.vala
PASS: objects/bug663134.vala
PASS: objects/bug653138.vala
PASS: objects/bug683646.vala
PASS: objects/bug767092.test
PASS: objects/bug751338.vala
PASS: objects/bug702846.vala
PASS: objects/bug731547.vala
PASS: objects/bug764481.vala
PASS: objects/bug695671.vala
PASS: objects/bug615830-2.test
PASS: objects/bug593137.vala
PASS: objects/bug741465.vala
PASS: objects/bug768823.test
PASS: objects/bug779038-2.test
PASS: objects/bug615830-1.test
PASS: objects/bug758816.vala
PASS: objects/bug779038-1.test
PASS: objects/bug795225-1.test
PASS: objects/bug795225-3.test
PASS: objects/bug773956-2.test
PASS: objects/bug702736.vala
PASS: objects/bug773956-1.test
PASS: objects/bug795225-2.test
PASS: objects/bug779038-3.test
PASS: objects/bug788964.vala
PASS: objects/bug779219.vala
PASS: objects/bug766739.vala
PASS: objects/bug779955.vala
PASS: objects/bug778632.vala
PASS: objects/with-instance.vala
PASS: objects/bug795521.vala
PASS: objects/bug795225-4.test
PASS: errors/delegate-throws-no-error-type.test
PASS: errors/error-creation-invalid.test
PASS: errors/catch-no-error-type.test
PASS: objects/with-nested-method.vala
PASS: objects/with-expression.vala
PASS: objects/with-nested.vala
PASS: objects/with-nested-unambigous-signal.vala
PASS: objects/with-nested-signal.vala
PASS: errors/catch-error-code.vala
PASS: errors/errordomain-instance-method.test
PASS: errors/default-gtype.vala
PASS: objects/bug783897.vala
PASS: errors/errors.vala
PASS: objects/with-nested-in-lambda.vala
PASS: errors/error-creation-invalid-type.test
PASS: headers/sealed-class.vala
PASS: errors/invalid-type-check.test
PASS: errors/errorcode.vala
PASS: errors/catch-in-finally.vala
PASS: errors/method-throws-no-error-type.test
PASS: errors/errordomain.vala
PASS: errors/bug651145.vala
PASS: errors/method-throws-error-code.vala
PASS: errors/bug579101.vala
PASS: errors/bug623049.vala
PASS: errors/loops.vala
PASS: errors/bug627090.vala
PASS: errors/errordomain-static-method.vala
PASS: errors/bug778224.vala
PASS: errors/bug596228.vala
PASS: errors/bug567181.vala
PASS: errors/unhandled.vala
PASS: errors/bug639589.vala
PASS: errors/method-throws.vala
PASS: asynchronous/bug595735.vala
PASS: errors/delegate-throws-error-code.vala
PASS: asynchronous/bug596177.vala
PASS: asynchronous/bug596861.vala
PASS: errors/bug762377.vala
PASS: asynchronous/bug640721.vala
PASS: asynchronous/bug595755.vala
PASS: asynchronous/bug598698.vala
PASS: asynchronous/bug597294.vala
PASS: asynchronous/bug601558.vala
PASS: asynchronous/bug599568.vala
PASS: asynchronous/bug598677.vala
PASS: asynchronous/bug600827.vala
PASS: asynchronous/bug613484.vala
PASS: asynchronous/bug620740.vala
PASS: asynchronous/bug639591.vala
PASS: asynchronous/bug612641.vala
PASS: asynchronous/bug652252.vala
PASS: asynchronous/bug598697.vala
PASS: asynchronous/bug646945.vala
PASS: asynchronous/bug614294.vala
PASS: asynchronous/bug602594.vala
PASS: asynchronous/bug659886.vala
PASS: asynchronous/bug626053.vala
PASS: asynchronous/creation-missing-yield.test
PASS: asynchronous/bug653861.vala
PASS: asynchronous/bug741929.vala
PASS: asynchronous/bug792660.vala
PASS: asynchronous/bug777242.vala
PASS: asynchronous/catch-error-scope.vala
PASS: asynchronous/bug641182.vala
PASS: asynchronous/bug742621.vala
PASS: asynchronous/creation-method-uncaught.vala
PASS: asynchronous/bug762819.vala
PASS: asynchronous/bug783543.vala
PASS: asynchronous/bug654337.vala
PASS: asynchronous/bug710103.vala
PASS: asynchronous/bug654336.vala
PASS: asynchronous/bug793158.vala
PASS: asynchronous/closures.vala
PASS: asynchronous/out-parameter-invalid.test
PASS: asynchronous/main-block-async-yield.vala
PASS: asynchronous/params-array-invalid.test
PASS: asynchronous/captured-fixed-array.vala
PASS: asynchronous/main-block-async-creation.vala
PASS: asynchronous/bug792942.vala
PASS: asynchronous/bug661961.vala
PASS: asynchronous/catch-in-finally.vala
PASS: asynchronous/variadic-invalid-2.test
PASS: asynchronous/finish-name.vala
PASS: asynchronous/generator.vala
PASS: asynchronous/variadic-invalid.test
PASS: generics/arrays-not-supported.test
PASS: asynchronous/main-block-async-call.vala
PASS: asynchronous/out-parameter-free-on-error.vala
PASS: asynchronous/method-main-async-void.vala
PASS: generics/arrays-not-supported-3.test
PASS: asynchronous/constructor-argument-check.vala
PASS: generics/gvariant-serialization.test
PASS: generics/arrays-not-supported-2.test
PASS: threads/threadpool.vala
PASS: asynchronous/result-pos.vala
PASS: asynchronous/nowrapper.vala
PASS: generics/inference-argument-may-fail.vala
PASS: generics/constructor-chain-up.vala
PASS: generics/foreach-iterator-nullable.vala
PASS: generics/arrays.vala
PASS: generics/delegate-return-type-missing.test
PASS: generics/interface-property-impl.vala
PASS: generics/inference-argument-may-fail-2.vala
PASS: generics/integer-type-cast-return.vala
PASS: asynchronous/yield.vala
PASS: generics/inference-static-function.vala
PASS: generics/floating-type-cast.vala
PASS: generics/method-parameter-type-missing.test
PASS: generics/class-property-override.vala
PASS: generics/integer-member-access.vala
PASS: generics/method-return-type-missing.test
PASS: generics/parameter-invalid-initializer.test
PASS: generics/parameter-typeof.vala
PASS: generics/parameter-sizeof-initializer.vala
PASS: generics/method-return-unknown-type-parameter-2.test
PASS: generics/parameter-in-cast.vala
PASS: generics/method-parameter-unknown-type-parameter.test
PASS: generics/integer-type-cast.vala
PASS: generics/parameter-sizeof-initializer-2.vala
PASS: generics/method-to-delegate-incompatible-3.test
PASS: generics/method-parameter-unknown-type-parameter-2.test
PASS: asynchronous/method-main-async.vala
PASS: generics/parameter-typeof-initializer.vala
PASS: generics/method-to-delegate.vala
PASS: generics/method-to-delegate-incompatible.test
PASS: generics/method-return-unknown-type-parameter.test
PASS: generics/method-return-cast.vala
PASS: generics/property-int-cast.vala
PASS: generics/method-to-delegate-incompatible-2.test
PASS: generics/method-to-delegate-2.vala
PASS: generics/member-dup-destroy.vala
PASS: generics/property-gobject-set.vala
PASS: generics/string-literal-comparison.vala
PASS: generics/type-parameter-static-in-runtime.test
PASS: generics/signal-return-type-missing.test
PASS: generics/parameter-out-cast.vala
PASS: generics/bug694765-1.vala
PASS: generics/value-pointer-type-access.vala
PASS: generics/bug640330-2.test
PASS: generics/bug694765-3.vala
PASS: generics/null-type.vala
PASS: dbus/dbus-name-missing.test
PASS: generics/reference-transfer.vala
PASS: generics/bug640330.vala
PASS: generics/bug694765-2.vala
PASS: generics/type-parameter-property-clash.vala
PASS: generics/type-parameter-properties.vala
PASS: dbus/enum-string-marshalling.vala
PASS: dbus/bug596862.vala
PASS: dbus/arrays.test
PASS: dbus/async-bus.test
PASS: dbus/async.test
PASS: dbus/async-errors.test
PASS: dbus/dicts.test
PASS: dbus/connection.test
PASS: dbus/errors.test
PASS: dbus/async-connection.test
PASS: dbus/basic-types.test
PASS: dbus/dynamic-method.test
PASS: dbus/bug602003.test
PASS: dbus/async-no-reply.test
PASS: dbus/signals.test
PASS: gir/bug651773.gir
PASS: gir/bug792998.gir
PASS: dbus/structs.test
PASS: gir/bug742012.gir
PASS: gir/bug667751.gir
PASS: gir/bug788775.gir
PASS: gir/alias.gir
PASS: dbus/bug792277.vala
PASS: dbus/filedescriptor-errors.test
PASS: gir/async-creation-method.gir
PASS: gir/class.gir
PASS: gir/class-final.gir
PASS: dbus/bug735437.test
PASS: gir/async-result-pos.gir
PASS: dbus/no-reply.test
PASS: gir/class-ref-unref-function.gir
PASS: gir/delegate-alias-without-target.gir
PASS: gir/constant.gir
PASS: dbus/filedescriptor.test
PASS: gir/array-fixed-length.gir
PASS: gir/delegate-array-length-type.gir
PASS: gir/delegate-closure-destroy-index-conflict.gir
PASS: gir/errordomain.gir
PASS: gir/gtype-struct-name.gir
PASS: gir/dev_t.gir
PASS: gir/instance-parameter-owned.gir
PASS: gir/delegate-anonymous.gir
PASS: gir/async-sync-out.gir
PASS: dbus/filedescriptor-async.test
PASS: gir/enum.gir
PASS: gir/delegate-error-pos.gir
PASS: gir/gid_t.gir
PASS: gir/off_t.gir
PASS: gir/doc-format.gir
PASS: dbus/generics.test
PASS: gir/pid_t.gir
PASS: gir/method-array-return.gir
PASS: gir/method-class.gir
PASS: gir/method-array-length-type.gir
PASS: gir/socklen_t.gir
PASS: gir/record-copy-free-func.gir
PASS: gir/symbol-redefined.gir
PASS: gir/parameter-array-length-type.gir
PASS: gir/symbol-without-name.gir
PASS: gir/union-transparent.gir
PASS: gir/symbol-type-csuffix.gir
PASS: gir/method-nowrapper.gir
PASS: gir/union.gir
PASS: gir/parameter-nullable-out-simple-type.gir
PASS: gir/property-non-readable.gir
PASS: gir/time_t.gir
PASS: gir/uid_t.gir
PASS: gir/signal-virtual.gir
PASS: gir/parameter-array-out.gir
PASS: dbus/bug782719.test
PASS: girwriter/combined.test
PASS: gtktemplate/gtkchild-field-incompatible-type.test
PASS: dbus/interface-info.test
PASS: gtktemplate/gtkchild-property-assignment.test
PASS: gtktemplate/gtkchild-field-assignment.test
PASS: gtktemplate/gtkcallback-incompatible.test
PASS: gtktemplate/gtkchild-field-out-assignment.test
PASS: girwriter/class-final.test
PASS: dbus/bug783002.test
PASS: gtktemplate/gtkchild-field-ref-assignment.test
PASS: scanner/comment-not-closed.test
PASS: gtktemplate/gtkchild-property-not-automatic.test
PASS: gtktemplate/gtktemplate-gtkwidget-subclass.test
PASS: scanner/preprocessor-invalid.test
PASS: dbus/rawvariants.test
PASS: scanner/preprocessor-missing-paren.test
PASS: gtktemplate/gtkchild-field-unknown.test
PASS: scanner/floats-hexadecimal-invalid2.test
PASS: scanner/preprocessor-unexpected.test
PASS: gtktemplate/gtkchild-property-unknown.test
PASS: scanner/regex-escape-u-digit-length.test
PASS: annotations/deprecated-property-minimal.vala
PASS: scanner/regex-escape-invalid.test
PASS: gtktemplate/gtkcallback-unknown.test
PASS: annotations/description.vala
PASS: gtktemplate/gtkchild-without-gtktemplate.test
PASS: gtktemplate/gtktemplate-unknown-template.test
PASS: scanner/regex-escape-x-empty.test
PASS: scanner/floats-hexadecimal-invalid1.test
PASS: annotations/noaccessormethod.test
PASS: scanner/regex-escape-u-empty.test
PASS: scanner/regex-multiple-o.test
PASS: scanner/regex-escape-x-digit-length.test
PASS: annotations/deprecated-struct-minimal.vala
PASS: scanner/regex-multiple-m.test
PASS: scanner/regex-multiple-i.test
PASS: scanner/string-escape-u-empty.test
PASS: scanner/string-escape-x-digit-length.test
PASS: annotations/deprecated-enum-minimal.vala
PASS: scanner/string-escape-x-empty.test
PASS: parser/argument-list-incomplete.test
PASS: scanner/string-escape-u-digit-length.test
PASS: annotations/deprecated-method-minimal.vala
PASS: parser/attribute-duplicate.test
PASS: scanner/regex-multiple-s.test
PASS: scanner/regex-escape-x.vala
PASS: scanner/regex-modifier-o.vala
PASS: scanner/regex-multiple-x.test
PASS: parser/attribute-missing-literal.test
PASS: annotations/deprecated-delegate-minimal.vala
PASS: annotations/deprecated.vala
PASS: parser/constant-local-owned.test
PASS: parser/attribute-wrong-number.test
PASS: scanner/string-escape-x.vala
PASS: parser/block-delimiter-missing.test
PASS: parser/constructor-class-exists.test
PASS: scanner/string-template.vala
PASS: parser/constructor-no-new.test
PASS: parser/constant-owned.test
PASS: parser/array-creation-invalid.test
PASS: parser/creation-no-abstract.test
PASS: parser/chained-equality-type-invalid.test
PASS: parser/constructor-exists.test
PASS: parser/assignment.vala
PASS: parser/constructor-no-static-class.test
PASS: parser/constructor-static-exists.test
PASS: parser/array-length.vala
PASS: parser/delegate-anonymous.test
PASS: parser/creation-no-new.test
PASS: parser/delegate-no-new.test
PASS: parser/creation-no-virtual.test
PASS: parser/declaration-embedded.test
PASS: parser/creation-no-override.test
PASS: scanner/string-verbatim-template.vala
PASS: parser/chained-equality.vala
PASS: parser/destructor-no-static-class.test
PASS: parser/destructor-exists.test
PASS: parser/destructor-class-exists.test
PASS: parser/destructor-wrong-name.test
PASS: parser/expect-error.test
PASS: parser/field-no-abstract.test
PASS: parser/foreach-no-type.test
PASS: parser/continue-statement.vala
PASS: parser/field-no-override.test
PASS: parser/field-no-virtual.test
PASS: parser/function-syntax-error.test
PASS: parser/initializer-list-incomplete.test
PASS: parser/expect-endbrace.test
PASS: parser/inner-array-size.test
PASS: parser/invalid-statement-delimiter.test
PASS: parser/destructor-no-new.test
PASS: parser/destructor-static-exists.test
PASS: parser/field-no-static-class.test
PASS: parser/invalid-brace.test
PASS: parser/method-no-abstract-virtual-override.test
PASS: parser/method-no-class-abstract.test
PASS: parser/foreach.vala
PASS: parser/local-variable-array-type-invalid.test
PASS: parser/method-no-class-virtual.test
PASS: parser/method-no-abstract-override.test
PASS: parser/method-no-static-abstract.test
PASS: parser/method-no-class-override.test
PASS: parser/method-no-abstract-virtual.test
PASS: parser/method-no-static-override.test
PASS: parser/main-block-minimal.vala
PASS: parser/method-no-static-class.test
PASS: parser/member-access-pointer.vala
PASS: parser/method-no-static-virtual.test
PASS: parser/method-no-virtual-override.test
PASS: parser/main-block.vala
PASS: parser/local-variable-multi-one-line.vala
PASS: parser/do-statement.vala
PASS: parser/local-variable.vala
PASS: parser/field-multi-one-line.vala
PASS: parser/namespace-missing-bracket.test
PASS: parser/member-initializer.vala
PASS: parser/property-no-abstract-override.test
PASS: parser/property-default-redefined.test
PASS: parser/property-get-set-construct.test
PASS: parser/member-initializer-trailing-comma.vala
PASS: parser/property-no-static-class.test
PASS: parser/property-no-abstract-virtual.test
PASS: parser/property-get-must-have-body.test
PASS: parser/property-get-redefined.test
PASS: parser/property-set-must-have-body.test
PASS: parser/preprocessor.vala
PASS: parser/property-no-virtual-override.test
PASS: parser/property-no-abstract-virtual-override.test
PASS: parser/lock-statement.vala
PASS: parser/member-initializer-empty.vala
PASS: parser/property-set-redefined.test
PASS: parser/signal-no-class.test
PASS: parser/preprocessor-glib.vala
PASS: parser/statement-outside-root.test
PASS: parser/try-catch-format-string.test
PASS: parser/unsupported-property-async.test
PASS: parser/signal-no-static.test
PASS: parser/switch-section-missing-colon.test
PASS: parser/try-catch-in-switch-case-invalid.test
PASS: parser/namespaces.vala
PASS: parser/using-invalid-namespace.test
PASS: parser/unsupported-property-throws.test
PASS: parser/switch-section-outside-switch.test
PASS: parser/sealed-class.vala
PASS: parser/tuple.vala
PASS: parser/switch-statement.vala
PASS: parser/using-directive.vala
PASS: parser/using-ambiguous-reference.test
PASS: parser/with-invalid-expression.test
PASS: parser/with-invalid-declaration.test
PASS: parser/qualified-member-access.vala
PASS: parser/template.vala
PASS: parser/with-no-block.test
PASS: parser/qualified-symbol-access.vala
PASS: parser/statement-keyword-as-identifier.vala
PASS: parser/preprocessor-vala.vala
PASS: parser/yield-return-invalid.test
PASS: parser/with-no-expression.test
PASS: parser/yield-method.test
PASS: resolver/class-base-cycle.test
PASS: parser/verbatim-template.vala
PASS: resolver/struct-base-cycle.test
PASS: parser/with-embedded.vala
PASS: resolver/interface-prerequisite-cycle.test
PASS: parser/var-type-nullable.vala
PASS: parser/var-type-dynamic.vala
PASS: parser/with-empty.vala
PASS: resolver/peek-inner-types-ambiguous.test
PASS: semantic/address-of-invalid.test
PASS: parser-keep-going/member-initializer.vala
PASS: parser/bug728574.vala
PASS: parser/yield-return.vala
PASS: semantic/array-stacked.test
PASS: resolver/peek-inner-types.vala
PASS: semantic/array-incompatible-initializer2.test
PASS: ordering/delegate-interface.vala
PASS: semantic/array-incompatible-initializer.test
PASS: parser/bug749576.vala
PASS: ordering/delegate-enum.vala
PASS: ordering/constant-class.vala
PASS: ordering/delegate-class.vala
PASS: semantic/array-length-nullable.test
PASS: ordering/delegate-struct.vala
PASS: ordering/constant-constant.vala
PASS: ordering/constant-enum.vala
PASS: semantic/array-invalid-type-argument.test
PASS: semantic/array-length-invalid.test
PASS: ordering/constant-field.vala
PASS: semantic/array-too-many-type-arguments.test
PASS: ordering/constant-struct.vala
PASS: ordering/struct-delegate.vala
PASS: semantic/assignment-fixed-array-length.test
PASS: semantic/array-too-few-type-arguments.test
PASS: semantic/assignment-signal-incompatible-method.test
PASS: semantic/assignment-element-incompatible-type.test
PASS: semantic/cast-gvariant-unsupported.test
PASS: semantic/assignment-signal-incompatible-type.test
PASS: semantic/chainup-gobject-incompatible-type-property.test
PASS: semantic/class-base-type-invalid.test
PASS: semantic/chainup-gobject-unknown-property.test
PASS: semantic/class-base-type-multiple.test
PASS: semantic/cast-void-not-allowed.test
PASS: semantic/assignment-element-incompatible-ownership.test
PASS: semantic/assignment-invalid-type-2.test
PASS: semantic/cast-gvalue-unsupported.test
PASS: semantic/chainup-gobject-unsupported-type-property.test
PASS: semantic/assignment-element-getter-setter.vala
PASS: semantic/class-base-type-less-accessible.test
PASS: semantic/assignment-invalid-type.test
PASS: semantic/class-base-type-too-few-type-arguments.test
PASS: semantic/class-compact-field-class.test
PASS: semantic/class-base-type-too-many-type-arguments.test
PASS: semantic/class-compact-field-private.test
PASS: semantic/class-compact-derived-instance-field.test
PASS: semantic/assignment-same-variable.vala
PASS: semantic/class-missing-implement-interface-method.test
PASS: semantic/class-compact-field-lock.test
PASS: semantic/class-compact-method-baseaccess.test
PASS: semantic/class-opaque-public-field.test
PASS: semantic/class-opaque-abstract-method.test
PASS: semantic/class-missing-implement-interfaces-methods.test
PASS: semantic/class-compact-inheritance.test
PASS: semantic/class-missing-implement-interfaces-methods3.test
PASS: semantic/class-compact-interface.test
PASS: semantic/class-opaque-abstract-property.test
PASS: semantic/class-compact-property-baseaccess.test
PASS: semantic/class-missing-implement-interfaces-methods2.test
PASS: semantic/class-missing-implement-interface-property.test
PASS: semantic/class-missing-implement-property.test
PASS: semantic/class-missing-implement-method.test
PASS: semantic/class-singleton-non-gobject.test
PASS: semantic/class-missing-prerequisites.test
PASS: semantic/class-opaque-automatic-property.vala
PASS: semantic/class-singleton-base.test
PASS: semantic/constant-extern.test
PASS: semantic/class-opaque.vala
PASS: semantic/constant-reassignment-element.test
PASS: semantic/class-too-few-type-arguments.test
PASS: semantic/conditional-expression-no-block.test
PASS: semantic/constant-value-type.test
PASS: semantic/constant-type-less-accessible.test
PASS: semantic/constant-reassignment-member.test
PASS: semantic/constant-void.test
PASS: semantic/creation-method-errordomain.test
PASS: semantic/constant-value.test
PASS: semantic/constant-value-less-accessible.test
PASS: semantic/class-too-many-type-arguments.test
PASS: semantic/conditional-expression-incompatible.test
PASS: semantic/constant-pointer.test
PASS: semantic/compare-type-check.vala
PASS: semantic/constant-value-missing.test
PASS: semantic/creation-method-interface.test
PASS: semantic/creation-method-enum.test
PASS: semantic/creation-method-namespace.test
PASS: semantic/construct-without-gobject.test
PASS: semantic/delegate-error-accessibility.test
PASS: semantic/creation-error-accessibility.test
PASS: semantic/delegate-return-valist.test
PASS: semantic/delegate-access-target-invalid.test
PASS: semantic/delegate-access-destroy-invalid.test
PASS: semantic/delete-unsupported.test
PASS: semantic/field-incompatible.test
PASS: semantic/delegate-too-few-type-arguments.test
PASS: semantic/errordomain-empty.test
PASS: semantic/field-external.test
PASS: semantic/field-accessibility.test
PASS: semantic/enum-value-less-accessible.test
PASS: semantic/field-interface.test
PASS: semantic/field-compact-static.test
PASS: semantic/field-non-constant.test
PASS: semantic/field-too-few-type-arguments.test
PASS: semantic/delegate-too-many-type-arguments.test
PASS: semantic/field-static-instance-access.test
PASS: semantic/enum-empty.test
PASS: semantic/field-valist.test
PASS: semantic/element-access-index-invalid.test
PASS: semantic/field-namespace-owned.test
PASS: semantic/field-void.test
PASS: semantic/field-owned-to-unowned.test
PASS: semantic/field-constant.vala
PASS: semantic/field-reserved-identifier.test
PASS: semantic/field-too-many-type-arguments.test
PASS: semantic/foreach-missing-iterator.test
PASS: semantic/foreach-missing-generic-type.test
PASS: semantic/foreach-iterator-element-owned.test
PASS: semantic/foreach-next-args.test
PASS: semantic/foreach-iterator-void.test
PASS: semantic/foreach-iterator-args.test
PASS: semantic/floating-reference.vala
PASS: semantic/floating-reference-error.vala
PASS: semantic/foreach-next-missing-get.test
PASS: semantic/foreach-next-value-args.test
PASS: semantic/initializer-invalid-type.test
PASS: semantic/foreach-missing-next-value.test
PASS: semantic/floating-reference-base-method.vala
PASS: semantic/foreach-iterator-wrong-types.test
PASS: semantic/foreach-wrong-types.test
PASS: semantic/foreach-next-get-args.test
PASS: semantic/initializer-unknown-type.test
PASS: semantic/interface-prerequisite-invalid.test
PASS: semantic/foreach-next-value-void.test
PASS: semantic/interface-prerequisite-too-many-type-arguments.test
PASS: semantic/literal-expression.test
PASS: semantic/interface-prerequisite-less-accessible.test
PASS: semantic/localvariable-owned-to-unowned.test
PASS: semantic/localvariable-var-static-access-instance-field.test
PASS: semantic/interface-prerequisite-multiple.test
PASS: semantic/interface-prerequisite-missing-class.test
PASS: semantic/foreach-next-void.test
PASS: semantic/localvariable-void.test
PASS: semantic/localvariable-var-static-access-instance-method.test
PASS: semantic/localvariable-var-static-access-instance-property.test
PASS: semantic/interface-prerequisite-too-few-type-arguments.test
PASS: semantic/lock-not-current-class.test
PASS: semantic/member-access-protected-invalid.test
PASS: semantic/foreach-next-get-void.test
PASS: semantic/member-access-capture-valist-parameter.test
PASS: semantic/member-access-private-invalid.test
PASS: semantic/member-access-this-invalid.test
PASS: semantic/member-access-capture-valist-variable.test
PASS: semantic/member-access-not-found.test
PASS: semantic/member-access-capture-out.test
PASS: semantic/lock-not-lockable.test
PASS: semantic/member-access-async-callback-invalid.test
PASS: semantic/method-abstract.test
PASS: semantic/localvariable-var-without-initializer.test
PASS: semantic/localvariable-var-pointer-initializer.vala
PASS: semantic/member-access-undefined.test
PASS: semantic/method-class-abstract.test
PASS: semantic/member-access-transformed-qualified.vala
PASS: semantic/method-extern-body.test
PASS: semantic/member-access-static-transformed-qualified.vala
PASS: semantic/method-body.test
PASS: semantic/method-main-throws.test
PASS: semantic/method-abstract-body.test
PASS: semantic/method-async-ref-parameter.test
PASS: semantic/method-override.test
PASS: semantic/method-main-inline.test
PASS: semantic/method-derived-compact.test
PASS: semantic/method-extern-virtual.test
PASS: semantic/method-interface-not-found.test
PASS: semantic/method-error-accessibility.test
PASS: semantic/method-extern-abstract.test
PASS: semantic/method-interface-already-found.test
PASS: semantic/member-access-static-with-instance.vala
PASS: semantic/method-precondition.test
PASS: semantic/method-postcondition.test
PASS: semantic/method-override-no-class.test
PASS: semantic/method-return-accessibility.test
PASS: semantic/method-private-abstract.test
PASS: semantic/method-reserved-identifier.test
PASS: semantic/method-protected.test
PASS: semantic/method-private-override.test
PASS: semantic/method-return-too-few-type-arguments.test
PASS: semantic/method-return-valist.test
PASS: semantic/method-too-few-type-arguments.test
PASS: semantic/method-private-virtual.test
PASS: semantic/method-virtual.test
PASS: semantic/method-too-many-type-arguments.test
PASS: semantic/method-return-too-many-type-arguments.test
PASS: semantic/methodcall-field-initializer-throws.test
PASS: semantic/objectcreation-no-creation-method.test
PASS: semantic/objectcreation-abstract-class.test
PASS: semantic/method-virtual-no-class-or-interface.test
PASS: semantic/objectcreation-unsupported-type.test
PASS: semantic/objectcreation-non-public-constructor.test
PASS: semantic/methodcall-yield-with-begin.test
PASS: semantic/methodcall-void-expression.test
PASS: semantic/method-virtual-body.test
PASS: semantic/parameter-default-invalid.test
PASS: semantic/methodcall-invalid-argument-lambda.test
PASS: semantic/objectcreation-field-initializer-throws.test
PASS: semantic/parameter-out-default.test
PASS: semantic/methodcall-invocation-invalid.test
PASS: semantic/parameter-ref-default.test
PASS: semantic/parameter-too-many-type-arguments.test
PASS: semantic/parameter-params.test
PASS: semantic/parameter-default-type.test
PASS: semantic/parameter-void.test
PASS: semantic/params-array-multiple.test
PASS: semantic/params-array-objectcreation-struct-length.test
PASS: semantic/property-construct.test
PASS: semantic/params-array-objectcreation-multiple.test
PASS: semantic/property-override.test
PASS: semantic/pointer-indirection-type-not-supported.test
PASS: semantic/parameter-too-few-type-arguments.test
PASS: semantic/property-initializer-type.test
PASS: semantic/parameter-accessibility.test
PASS: semantic/pointer-indirection-void-not-supported.test
PASS: semantic/params-array-struct-length.test
PASS: semantic/property-abstract-derived-compact.test
PASS: semantic/property-override-class.test
PASS: semantic/property-method-returns-modified-pointer.test
PASS: semantic/property-override-interface.test
PASS: semantic/property-static-instance-access.test
PASS: semantic/property-abstract.test
PASS: semantic/property-accessibility.test
PASS: semantic/property-struct-virtual.test
PASS: semantic/property-struct-abstract.test
PASS: semantic/property-struct-override.test
PASS: semantic/property-void.test
PASS: semantic/property-too-few-type-arguments.test
PASS: semantic/property-too-many-type-arguments.test
PASS: semantic/return-in-void.test
PASS: semantic/reference-transfer-not-supported.test
PASS: semantic/property-struct-protected.test
PASS: semantic/signal-compact-class.test
PASS: semantic/return-missing-ownership.test
PASS: semantic/signal-detail-non-string.test
PASS: semantic/realliteral-exponent-has-no-digits3.test
PASS: semantic/realliteral-exponent-has-no-digits2.test
PASS: semantic/realliteral-exponent-has-no-digits4.test
PASS: semantic/struct-derived.test
PASS: semantic/return-missing-transfer.test
PASS: semantic/realliteral-exponent-has-no-digits.test
PASS: semantic/return-in-nonvoid.test
PASS: semantic/reference-transfer-unavailable.test
PASS: semantic/realliteral-exponent-has-no-digits5.test
PASS: semantic/signal-return-valist.test
PASS: semantic/struct-base-type-less-accessible.test
PASS: semantic/signal-clash-inherited.test
PASS: semantic/signal-detail-invalid.test
PASS: semantic/struct-field-initializer.test
PASS: semantic/signal-disconnect-empty-invalid.test
PASS: semantic/struct-recursive.test
PASS: semantic/signal-disconnect-invalid.test
PASS: semantic/throw-no-error-type.test
PASS: semantic/struct-invalid-base.test
PASS: semantic/struct-recursive-in-struct.test
PASS: semantic/type-argument-ownership-mismatch.test
PASS: semantic/switch-type-unsupported.test
PASS: semantic/switch-label-not-constant.test
PASS: semantic/switch-duplicate-label.test
PASS: semantic/unary-unsupported-minus.test
PASS: semantic/switch-label-not-compatible.test
PASS: semantic/unary-unsupported-complement.test
PASS: semantic/unary-unsupported-negation.test
PASS: semantic/unary-unsupported-decrement.test
PASS: semantic/unlock-not-lockable.test
PASS: semantic/throw-unknown-error-type.test
PASS: semantic/unary-invalid-instance-member-access.test
PASS: semantic/unary-ref-in-initializer-list.vala
PASS: semantic/with-declaration-wrong-type.test
PASS: semantic/unary-unsupported-out-ref.test
PASS: semantic/with-enum.test
PASS: semantic/with-array.test
PASS: semantic/with-no-such-member.test
PASS: semantic/with-class.test
PASS: semantic/with-pointer.test
PASS: semantic/unary-unsupported-increment.test
PASS: semantic/with-namespace.test
PASS: semantic/with-error-member.test
PASS: semantic/with-declaration.vala
PASS: semantic/with-compact.vala
PASS: semantic/with-error.test
PASS: semantic/with-buildin.vala
PASS: semantic/with-dereferenced-pointer.vala
PASS: semantic/with-no-declaration.test
PASS: semantic/unary-ref-in-member-initializer.vala
PASS: semantic/with-declaration-cast-type.vala
PASS: semantic/yield-statement-requires-async-context.test
PASS: semantic/yield-call-requires-async-method.test
PASS: semantic/yield-call-requires-async-context.test
PASS: semantic/unlock-not-current-class.test
PASS: semantic/yield-creation-requires-async-method.test
PASS: nullability/local-variable-invalid-convert.test
PASS: semantic/with-value.vala
PASS: semantic/with-outside-declaration.test
PASS: semantic/with-enum-member.vala
PASS: nullability/array-element-string.vala
PASS: semantic/yield-creation-requires-async-context.test
PASS: semantic/yield-call-requires-async-method-2.test
PASS: nullability/generics-invalid.test
PASS: nullability/method-return-invalid-convert.test
PASS: nullability/method-parameter-invalid-convert.test
PASS: semantic/with-null.vala
PASS: nullability/with-non-null.test
PASS: semantic/with-string.vala
PASS: nullability/string-concat.test
PASS: version/since-constant.test
PASS: version/since-field.test
PASS: version/since-method.test
PASS: nullability/array-element-class.vala
PASS: nullability/member-access-nullable-instance.test
PASS: nullability/member-access-narrowed-instance.vala
PASS: nullability/bug611223.vala
PASS: version/since-parameter.test
PASS: version/since-local-variable.test
PASS: nullability/var-type.vala
PASS: genie/case.gs
PASS: genie/class-field.gs
PASS: nullability/generics.vala
PASS: genie/attributes.gs
PASS: genie/control-flow-if-less-than.gs
PASS: genie/class-init.gs
PASS: genie/class-property.gs
PASS: genie/control-flow-if-else.gs
PASS: genie/class-abstract.gs
PASS: genie/enum.gs
PASS: genie/class.gs
PASS: genie/class-signal.gs
PASS: genie/do-while.gs
PASS: genie/exception.gs
PASS: genie/control-flow-if-else-if.gs
PASS: genie/control-flow-if-do.gs
PASS: genie/control-flow-if-identity.gs
PASS: genie/control-flow-if-greater-than.gs
PASS: genie/control-flow-if.gs
PASS: genie/constant.gs
PASS: genie/enum-with-keyword-values.gs
PASS: genie/for-in.gs
PASS: genie/function-with-return-value.gs
PASS: genie/function.gs
PASS: genie/for-downto.gs
PASS: genie/for-to.gs
PASS: genie/init.gs
PASS: genie/function-returns-closure.gs
PASS: genie/initializer-list.gs
PASS: genie/literal-boolean.gs
PASS: genie/function-with-argument.gs
PASS: genie/init-int.gs
PASS: genie/literal-character.gs
PASS: genie/indentation-with-spaces.gs
PASS: genie/literal-integer.gs
PASS: genie/literal-integer-long-long-suffix.gs
PASS: genie/literal-boolean-assignment.gs
PASS: genie/literal-hexadecimal.gs
PASS: genie/literal-octal.gs
PASS: genie/literal-null.gs
PASS: genie/interface.gs
PASS: genie/literal-template-string.gs
PASS: genie/operator-bitwise-left-shift.gs
PASS: genie/operator-assignment.gs
PASS: genie/operator-bitwise-and.gs
PASS: genie/operator-assignment-combined.gs
PASS: genie/literal-real.gs
PASS: genie/operator-less-than-equal.gs
PASS: genie/literal-verbatim-string.gs
PASS: genie/operator-bitwise-xor.gs
PASS: genie/operator-greater-than-equal.gs
PASS: genie/operator-bitwise-right-shift.gs
PASS: genie/operator-addition.gs
PASS: genie/operator-less-than.gs
PASS: genie/operator-equal.gs
PASS: genie/operator-bitwise-or.gs
PASS: genie/operator-logical-not.gs
PASS: genie/operator-bitwise-not.gs
PASS: genie/literal-regex.gs
PASS: genie/operator-logical-and.gs
PASS: genie/operator-division.gs
PASS: genie/operator-logical-or.gs
PASS: genie/operator-not-equal.gs
PASS: genie/operator-modulo.gs
PASS: genie/preparser-and-expression.gs
PASS: genie/operator-post-decrement.gs
PASS: genie/preparser-elif.gs
PASS: genie/operator-multiply.gs
PASS: genie/operator-subtraction.gs
PASS: genie/operators-greater-than.gs
PASS: genie/operator-post-increment.gs
PASS: genie/operator-ternary.gs
PASS: genie/preparser-equality-expression.gs
PASS: genie/operator-pre-increment.gs
PASS: genie/preparser-not.gs
PASS: genie/operator-pre-decrement.gs
PASS: genie/sizeof.gs
PASS: genie/struct-after-class.gs
PASS: genie/preparser.gs
PASS: genie/preparser-or-expression.gs
PASS: genie/print.gs
PASS: genie/struct.gs
PASS: posix/string-concat.vala
PASS: genie/typeof.gs
PASS: genie/try-except-finally.gs
PASS: genie/verbatim-template.gs
PASS: posix/enum-to-string.vala
PASS: posix/string-printf.vala
PASS: posix/delegate_only.vala
PASS: posix/empty-length-0.vala
PASS: posix/struct_only.vala
PASS: glib/conditional-glib-api.vala
PASS: posix/enum_only.vala
PASS: posix/arrays.vala
PASS: linux/bug793444.vala
PASS: genie/while.gs
PASS: linux/file-commandpipe.vala
PASS: bindings/gio/memoryoutputstream.vala
============================================================================
Testsuite summary for vala 0.57.0.338-279dd
============================================================================
# TOTAL: 1475
# PASS:  1475
# SKIP:  0
# XFAIL: 0
# FAIL:  0
# XPASS: 0
# ERROR: 0
============================================================================
make[6]: Leaving directory '/build/vala-git/src/vala/tests'
make[5]: Leaving directory '/build/vala-git/src/vala/tests'
make[4]: Leaving directory '/build/vala-git/src/vala/tests'
make[3]: Leaving directory '/build/vala-git/src/vala/tests'
make[2]: Leaving directory '/build/vala-git/src/vala/tests'
Making check in doc
make[2]: Entering directory '/build/vala-git/src/vala/doc'
Making check in manual
make[3]: Entering directory '/build/vala-git/src/vala/doc/manual'
make[3]: Nothing to be done for 'check'.
make[3]: Leaving directory '/build/vala-git/src/vala/doc/manual'
make[3]: Entering directory '/build/vala-git/src/vala/doc'
make[3]: Nothing to be done for 'check-am'.
make[3]: Leaving directory '/build/vala-git/src/vala/doc'
make[2]: Leaving directory '/build/vala-git/src/vala/doc'
Making check in gobject-introspection
make[2]: Entering directory '/build/vala-git/src/vala/gobject-introspection'
make  check-am
make[3]: Entering directory '/build/vala-git/src/vala/gobject-introspection'
make[3]: Nothing to be done for 'check-am'.
make[3]: Leaving directory '/build/vala-git/src/vala/gobject-introspection'
make[2]: Leaving directory '/build/vala-git/src/vala/gobject-introspection'
Making check in vapigen
make[2]: Entering directory '/build/vala-git/src/vala/vapigen'
make  check-recursive
make[3]: Entering directory '/build/vala-git/src/vala/vapigen'
Making check in vala-gen-introspect
make[4]: Entering directory '/build/vala-git/src/vala/vapigen/vala-gen-introspect'
make[4]: Nothing to be done for 'check'.
make[4]: Leaving directory '/build/vala-git/src/vala/vapigen/vala-gen-introspect'
make[4]: Entering directory '/build/vala-git/src/vala/vapigen'
make[4]: Nothing to be done for 'check-am'.
make[4]: Leaving directory '/build/vala-git/src/vala/vapigen'
make[3]: Leaving directory '/build/vala-git/src/vala/vapigen'
make[2]: Leaving directory '/build/vala-git/src/vala/vapigen'
Making check in libvaladoc
make[2]: Entering directory '/build/vala-git/src/vala/libvaladoc'
make  check-am
make[3]: Entering directory '/build/vala-git/src/vala/libvaladoc'
make[3]: Nothing to be done for 'check-am'.
make[3]: Leaving directory '/build/vala-git/src/vala/libvaladoc'
make[2]: Leaving directory '/build/vala-git/src/vala/libvaladoc'
Making check in valadoc
make[2]: Entering directory '/build/vala-git/src/vala/valadoc'
make  check-recursive
make[3]: Entering directory '/build/vala-git/src/vala/valadoc'
Making check in doclets
make[4]: Entering directory '/build/vala-git/src/vala/valadoc/doclets'
Making check in html
make[5]: Entering directory '/build/vala-git/src/vala/valadoc/doclets/html'
make  check-am
make[6]: Entering directory '/build/vala-git/src/vala/valadoc/doclets/html'
make[6]: Nothing to be done for 'check-am'.
make[6]: Leaving directory '/build/vala-git/src/vala/valadoc/doclets/html'
make[5]: Leaving directory '/build/vala-git/src/vala/valadoc/doclets/html'
Making check in devhelp
make[5]: Entering directory '/build/vala-git/src/vala/valadoc/doclets/devhelp'
make  check-am
make[6]: Entering directory '/build/vala-git/src/vala/valadoc/doclets/devhelp'
make[6]: Nothing to be done for 'check-am'.
make[6]: Leaving directory '/build/vala-git/src/vala/valadoc/doclets/devhelp'
make[5]: Leaving directory '/build/vala-git/src/vala/valadoc/doclets/devhelp'
Making check in gtkdoc
make[5]: Entering directory '/build/vala-git/src/vala/valadoc/doclets/gtkdoc'
make  check-am
make[6]: Entering directory '/build/vala-git/src/vala/valadoc/doclets/gtkdoc'
make[6]: Nothing to be done for 'check-am'.
make[6]: Leaving directory '/build/vala-git/src/vala/valadoc/doclets/gtkdoc'
make[5]: Leaving directory '/build/vala-git/src/vala/valadoc/doclets/gtkdoc'
make[5]: Entering directory '/build/vala-git/src/vala/valadoc/doclets'
make[5]: Nothing to be done for 'check-am'.
make[5]: Leaving directory '/build/vala-git/src/vala/valadoc/doclets'
make[4]: Leaving directory '/build/vala-git/src/vala/valadoc/doclets'
Making check in icons
make[4]: Entering directory '/build/vala-git/src/vala/valadoc/icons'
make[4]: Nothing to be done for 'check'.
make[4]: Leaving directory '/build/vala-git/src/vala/valadoc/icons'
Making check in tests
make[4]: Entering directory '/build/vala-git/src/vala/valadoc/tests'
make  check-recursive
make[5]: Entering directory '/build/vala-git/src/vala/valadoc/tests'
Making check in girwriter
make[6]: Entering directory '/build/vala-git/src/vala/valadoc/tests/girwriter'
rm -rf ./girtest;
G_DEBUG=fatal-warnings ../../../valadoc/valadoc \
	--vapidir ../../../vapi \
	--directory ./girtest \
	--doclet=../../../valadoc/doclets/html/.libs \
	--pkg gio-2.0 \
	--gir ./GirTest-1.0.gir \
	./girtest.vala; \
tail -n +3 GirTest-1.0.gir | diff -wu ./GirTest-1.0.gir-expected - || exit 1;
Html: warning: Couldn't copy resources from `/usr/share/valadoc-0.58/icons/'
/usr/bin/g-ir-compiler -o GirTest-1.0.typelib GirTest-1.0.gir;
rm -f GirTest-1.0.gir GirTest-1.0.typelib girtest.vapi girtest.c;
rm -rf ./girtest;
make[6]: Leaving directory '/build/vala-git/src/vala/valadoc/tests/girwriter'
make[6]: Entering directory '/build/vala-git/src/vala/valadoc/tests'
make  driver
make[7]: Entering directory '/build/vala-git/src/vala/valadoc/tests'
  CC       initializerbuilder.o
  CC       symbolresolver.o
  CC       treebuilder.o
  CC       girwriter.o
  CC       drivers/driver-test.o
  CC       drivers/generic-api-test.o
In file included from /usr/include/glib-2.0/glib/gthread.h:34,
                 from /usr/include/glib-2.0/glib/gasyncqueue.h:34,
                 from /usr/include/glib-2.0/glib.h:34,
                 from /usr/include/glib-2.0/gobject/gbinding.h:30,
                 from /usr/include/glib-2.0/glib-object.h:24,
                 from ../../libvaladoc/valadoc.h:6,
                 from symbolresolver.c:26:
symbolresolver.c: In function valadoc_symbol_resolver_get_type:
/usr/include/glib-2.0/glib/gatomic.h:131:5: warning: argument 2 of __atomic_load discards volatile qualifier [-Wdiscarded-qualifiers]
  131 |     __atomic_load (gapg_temp_atomic, &gapg_temp_newval, __ATOMIC_SEQ_CST); \
      |     ^~~~~~~~~~~~~
/usr/include/glib-2.0/glib/gthread.h:274:7: note: in expansion of macro g_atomic_pointer_get
  274 |     (!g_atomic_pointer_get (location) &&                             \
      |       ^~~~~~~~~~~~~~~~~~~~
symbolresolver.c:1273:13: note: in expansion of macro g_once_init_enter
 1273 |         if (g_once_init_enter (&valadoc_symbol_resolver_type_id__once)) {
      |             ^~~~~~~~~~~~~~~~~
In file included from /usr/include/glib-2.0/glib/gthread.h:34,
                 from /usr/include/glib-2.0/glib/gasyncqueue.h:34,
                 from /usr/include/glib-2.0/glib.h:34,
                 from /usr/include/glib-2.0/gobject/gbinding.h:30,
                 from /usr/include/glib-2.0/glib-object.h:24,
                 from ../../vala/vala.h:6,
                 from ../../codegen/valacodegen.h:6,
                 from girwriter.c:26:
girwriter.c: In function valadoc_gir_writer_get_type:
/usr/include/glib-2.0/glib/gatomic.h:131:5: warning: argument 2 of __atomic_load discards volatile qualifier [-Wdiscarded-qualifiers]
  131 |     __atomic_load (gapg_temp_atomic, &gapg_temp_newval, __ATOMIC_SEQ_CST); \
      |     ^~~~~~~~~~~~~
/usr/include/glib-2.0/glib/gthread.h:274:7: note: in expansion of macro g_atomic_pointer_get
  274 |     (!g_atomic_pointer_get (location) &&                             \
      |       ^~~~~~~~~~~~~~~~~~~~
girwriter.c:1112:13: note: in expansion of macro g_once_init_enter
 1112 |         if (g_once_init_enter (&valadoc_gir_writer_type_id__once)) {
      |             ^~~~~~~~~~~~~~~~~
In file included from /usr/include/glib-2.0/glib/gthread.h:34,
                 from /usr/include/glib-2.0/glib/gasyncqueue.h:34,
                 from /usr/include/glib-2.0/glib.h:34,
                 from /usr/include/glib-2.0/gobject/gbinding.h:30,
                 from /usr/include/glib-2.0/glib-object.h:24,
                 from ../../vala/vala.h:6,
                 from initializerbuilder.c:26:
initializerbuilder.c: In function valadoc_api_initializer_builder_get_type:
/usr/include/glib-2.0/glib/gatomic.h:131:5: warning: argument 2 of __atomic_load discards volatile qualifier [-Wdiscarded-qualifiers]
  131 |     __atomic_load (gapg_temp_atomic, &gapg_temp_newval, __ATOMIC_SEQ_CST); \
      |     ^~~~~~~~~~~~~
/usr/include/glib-2.0/glib/gthread.h:274:7: note: in expansion of macro g_atomic_pointer_get
  274 |     (!g_atomic_pointer_get (location) &&                             \
      |       ^~~~~~~~~~~~~~~~~~~~
initializerbuilder.c:1669:13: note: in expansion of macro g_once_init_enter
 1669 |         if (g_once_init_enter (&valadoc_api_initializer_builder_type_id__once)) {
      |             ^~~~~~~~~~~~~~~~~
In file included from /usr/include/glib-2.0/glib/gthread.h:34,
                 from /usr/include/glib-2.0/glib/gasyncqueue.h:34,
                 from /usr/include/glib-2.0/glib.h:34,
                 from /usr/include/glib-2.0/gobject/gbinding.h:30,
                 from /usr/include/glib-2.0/glib-object.h:24,
                 from ../../vala/vala.h:6,
                 from treebuilder.c:26:
treebuilder.c: In function valadoc_tree_builder_package_meta_data_get_type:
/usr/include/glib-2.0/glib/gatomic.h:131:5: warning: argument 2 of __atomic_load discards volatile qualifier [-Wdiscarded-qualifiers]
  131 |     __atomic_load (gapg_temp_atomic, &gapg_temp_newval, __ATOMIC_SEQ_CST); \
      |     ^~~~~~~~~~~~~
/usr/include/glib-2.0/glib/gthread.h:274:7: note: in expansion of macro g_atomic_pointer_get
  274 |     (!g_atomic_pointer_get (location) &&                             \
      |       ^~~~~~~~~~~~~~~~~~~~
treebuilder.c:4128:13: note: in expansion of macro g_once_init_enter
 4128 |         if (g_once_init_enter (&valadoc_tree_builder_package_meta_data_type_id__once)) {
      |             ^~~~~~~~~~~~~~~~~
treebuilder.c: In function valadoc_tree_builder_get_type:
/usr/include/glib-2.0/glib/gatomic.h:131:5: warning: argument 2 of __atomic_load discards volatile qualifier [-Wdiscarded-qualifiers]
  131 |     __atomic_load (gapg_temp_atomic, &gapg_temp_newval, __ATOMIC_SEQ_CST); \
      |     ^~~~~~~~~~~~~
/usr/include/glib-2.0/glib/gthread.h:274:7: note: in expansion of macro g_atomic_pointer_get
  274 |     (!g_atomic_pointer_get (location) &&                             \
      |       ^~~~~~~~~~~~~~~~~~~~
treebuilder.c:4247:13: note: in expansion of macro g_once_init_enter
 4247 |         if (g_once_init_enter (&valadoc_tree_builder_type_id__once)) {
      |             ^~~~~~~~~~~~~~~~~
  CCLD     driver
make[7]: Leaving directory '/build/vala-git/src/vala/valadoc/tests'
make  check-TESTS check-local
make[7]: Entering directory '/build/vala-git/src/vala/valadoc/tests'
G_DEBUG=fatal_warnings ./driver
make[8]: Entering directory '/build/vala-git/src/vala/valadoc/tests'
api-test.data.vapi:132:3-132:12: warning: [Deprecated] is deprecated. Use [Version (deprecated = true, deprecated_since = "", replacement = "")]
api-test.data.vapi:134:3-134:12: warning: [Deprecated] is deprecated. Use [Version (deprecated = true, deprecated_since = "", replacement = "")]
api-test.data.vapi:137:3-137:14: warning: [Experimental] is deprecated. Use [Version (experimental = true, experimental_until = "")]
PASS: libvaladoc/gtkdoc-scanner.vala
PASS: libvaladoc/parser-sequencerule.vala
PASS: libvaladoc/markupreader.vala
PASS: libvaladoc/parser-optionalrule.vala
PASS: libvaladoc/errorreporter.vala
PASS: libvaladoc/parser-stubrule.vala
PASS: libvaladoc/parser-oneofrule.vala
PASS: libvaladoc/parser-manyrule.vala
============================================================================
Testsuite summary for vala 0.57.0.338-279dd
============================================================================
# TOTAL: 8
# PASS:  8
# SKIP:  0
# XFAIL: 0
# FAIL:  0
# XPASS: 0
# ERROR: 0
============================================================================
make[8]: Leaving directory '/build/vala-git/src/vala/valadoc/tests'
make[7]: Leaving directory '/build/vala-git/src/vala/valadoc/tests'
make[6]: Leaving directory '/build/vala-git/src/vala/valadoc/tests'
make[5]: Leaving directory '/build/vala-git/src/vala/valadoc/tests'
make[4]: Leaving directory '/build/vala-git/src/vala/valadoc/tests'
make[4]: Entering directory '/build/vala-git/src/vala/valadoc'
make[4]: Nothing to be done for 'check-am'.
make[4]: Leaving directory '/build/vala-git/src/vala/valadoc'
make[3]: Leaving directory '/build/vala-git/src/vala/valadoc'
make[2]: Leaving directory '/build/vala-git/src/vala/valadoc'
make[2]: Entering directory '/build/vala-git/src/vala'
make[2]: Leaving directory '/build/vala-git/src/vala'
make[1]: Leaving directory '/build/vala-git/src/vala'
