valgrind-git W: ELF file ('usr/lib/valgrind/cachegrind-amd64-linux') lacks FULL RELRO, check LDFLAGS.
valgrind-git W: ELF file ('usr/lib/valgrind/callgrind-amd64-linux') lacks FULL RELRO, check LDFLAGS.
valgrind-git W: ELF file ('usr/lib/valgrind/dhat-amd64-linux') lacks FULL RELRO, check LDFLAGS.
valgrind-git W: ELF file ('usr/lib/valgrind/drd-amd64-linux') lacks FULL RELRO, check LDFLAGS.
valgrind-git W: ELF file ('usr/lib/valgrind/exp-bbv-amd64-linux') lacks FULL RELRO, check LDFLAGS.
valgrind-git W: ELF file ('usr/lib/valgrind/helgrind-amd64-linux') lacks FULL RELRO, check LDFLAGS.
valgrind-git W: ELF file ('usr/lib/valgrind/lackey-amd64-linux') lacks FULL RELRO, check LDFLAGS.
valgrind-git W: ELF file ('usr/lib/valgrind/massif-amd64-linux') lacks FULL RELRO, check LDFLAGS.
valgrind-git W: ELF file ('usr/lib/valgrind/memcheck-amd64-linux') lacks FULL RELRO, check LDFLAGS.
valgrind-git W: ELF file ('usr/lib/valgrind/none-amd64-linux') lacks FULL RELRO, check LDFLAGS.
valgrind-git W: ELF file ('usr/lib/valgrind/cachegrind-amd64-linux') is unstripped.
valgrind-git W: ELF file ('usr/lib/valgrind/callgrind-amd64-linux') is unstripped.
valgrind-git W: ELF file ('usr/lib/valgrind/dhat-amd64-linux') is unstripped.
valgrind-git W: ELF file ('usr/lib/valgrind/drd-amd64-linux') is unstripped.
valgrind-git W: ELF file ('usr/lib/valgrind/exp-bbv-amd64-linux') is unstripped.
valgrind-git W: ELF file ('usr/lib/valgrind/helgrind-amd64-linux') is unstripped.
valgrind-git W: ELF file ('usr/lib/valgrind/lackey-amd64-linux') is unstripped.
valgrind-git W: ELF file ('usr/lib/valgrind/massif-amd64-linux') is unstripped.
valgrind-git W: ELF file ('usr/lib/valgrind/memcheck-amd64-linux') is unstripped.
valgrind-git W: ELF file ('usr/lib/valgrind/none-amd64-linux') is unstripped.
valgrind-git W: ELF file ('usr/lib/valgrind/cachegrind-amd64-linux') lacks PIE.
valgrind-git W: ELF file ('usr/lib/valgrind/callgrind-amd64-linux') lacks PIE.
valgrind-git W: ELF file ('usr/lib/valgrind/dhat-amd64-linux') lacks PIE.
valgrind-git W: ELF file ('usr/lib/valgrind/drd-amd64-linux') lacks PIE.
valgrind-git W: ELF file ('usr/lib/valgrind/exp-bbv-amd64-linux') lacks PIE.
valgrind-git W: ELF file ('usr/lib/valgrind/helgrind-amd64-linux') lacks PIE.
valgrind-git W: ELF file ('usr/lib/valgrind/lackey-amd64-linux') lacks PIE.
valgrind-git W: ELF file ('usr/lib/valgrind/massif-amd64-linux') lacks PIE.
valgrind-git W: ELF file ('usr/lib/valgrind/memcheck-amd64-linux') lacks PIE.
valgrind-git W: ELF file ('usr/lib/valgrind/none-amd64-linux') lacks PIE.
valgrind-git W: ELF file ('usr/lib/valgrind/cachegrind-amd64-linux') lacks GNU_PROPERTY_X86_FEATURE_1_SHSTK.
valgrind-git W: ELF file ('usr/lib/valgrind/callgrind-amd64-linux') lacks GNU_PROPERTY_X86_FEATURE_1_SHSTK.
valgrind-git W: ELF file ('usr/lib/valgrind/dhat-amd64-linux') lacks GNU_PROPERTY_X86_FEATURE_1_SHSTK.
valgrind-git W: ELF file ('usr/lib/valgrind/drd-amd64-linux') lacks GNU_PROPERTY_X86_FEATURE_1_SHSTK.
valgrind-git W: ELF file ('usr/lib/valgrind/exp-bbv-amd64-linux') lacks GNU_PROPERTY_X86_FEATURE_1_SHSTK.
valgrind-git W: ELF file ('usr/lib/valgrind/helgrind-amd64-linux') lacks GNU_PROPERTY_X86_FEATURE_1_SHSTK.
valgrind-git W: ELF file ('usr/lib/valgrind/lackey-amd64-linux') lacks GNU_PROPERTY_X86_FEATURE_1_SHSTK.
valgrind-git W: ELF file ('usr/lib/valgrind/massif-amd64-linux') lacks GNU_PROPERTY_X86_FEATURE_1_SHSTK.
valgrind-git W: ELF file ('usr/lib/valgrind/memcheck-amd64-linux') lacks GNU_PROPERTY_X86_FEATURE_1_SHSTK.
valgrind-git W: ELF file ('usr/lib/valgrind/none-amd64-linux') lacks GNU_PROPERTY_X86_FEATURE_1_SHSTK.
valgrind-git E: GPL is not a valid SPDX license identifier. See https://spdx.org/licenses/ for valid identifiers, or prefix the identifier with 'LicenseRef-', if it is custom.
valgrind-git E: Dependency python detected and not included (python modules ['typing.DefaultDict', 're', 'filecmp', 'argparse.BooleanOptionalAction', 'os', 'collections.defaultdict', '__future__.annotations', 'typing.Callable', 'typing.TextIO', 'enum.Enum', 'typing.NoReturn', 'argparse.ArgumentParser', 'argparse.Namespace', 'typing.NewType', 'sys'] needed in files ['usr/lib/valgrind/valgrind-monitor-def.py', 'usr/bin/cg_diff', 'usr/bin/cg_annotate', 'usr/bin/cg_merge', 'usr/lib/valgrind/valgrind-monitor.py'], programs ['python3'] needed in scripts ['usr/bin/cg_diff', 'usr/bin/cg_merge', 'usr/bin/cg_annotate'])
valgrind-git W: Dependency openmpi detected but optional (libraries ['usr/lib/libmpi.so.40'] needed in files ['usr/lib/valgrind/libmpiwrap-amd64-linux.so'])
valgrind-git W: Dependency bash detected and implicitly satisfied (programs ['sh'] needed in scripts ['usr/bin/vgstack'])
valgrind-git W: Dependency gcc-libs detected and implicitly satisfied (libraries ['usr/lib/libgcc_s.so.1'] needed in files ['usr/bin/vgdb'])
valgrind-git W: Dependency included, but may not be needed ('debuginfod')
