-- CMAKE_SOURCE_DIR = /build/vegastrike-engine-git/src/Vega-Strike-Engine-Source
-- GIT_ROOT_DIR = /build/vegastrike-engine-git/src/Vega-Strike-Engine-Source
-- The CXX compiler identification is GNU 16.1.1
-- The C compiler identification is GNU 16.1.1
-- Detecting CXX compiler ABI info
-- Detecting CXX compiler ABI info - done
-- Check for working CXX compiler: /usr/bin/c++ - skipped
-- Detecting CXX compile features
-- Detecting CXX compile features - done
-- Detecting C compiler ABI info
-- Detecting C compiler ABI info - done
-- Check for working C compiler: /usr/bin/cc - skipped
-- Detecting C compile features
-- Detecting C compile features - done
== Vega Strike Version: 0.11.0-e7a876858
-- Always using preferred PIE logic now
CMake Warning at CMakeLists.txt:181 (MESSAGE):
  Enabling Position Independent Executables/Shared Libraries (NOT RECOMMENDED
  on Ubuntu/Mint) !!


-- Found ZLIB: /usr/lib/libz.so (found version "1.3.2")
-- Found EXPAT: /usr/lib/libexpat.so (found version "2.8.1")
-- FFMPEG disabled
-- Always building without Ogre now
-- Found OpenGL: /usr/lib/libOpenGL.so
-- OpenGL found
-- Path to glext.h: /usr/include/GL/glext.h
-- Path to gl.h: /usr/include/GL/gl.h
-- Path to glu.h: /usr/include/GL/glu.h
-- Found GLUT: /usr/lib/libglut.so
-- GLUT found : /usr/lib/libglut.so;/usr/lib/libXi.so
-- Path to glut.h: /usr/include/GL/glut.h
-- glut.h directory: /usr/include/GL
-- Found Python3: /usr/bin/python3.14 (found suitable version "3.14.5", required range is "3.7...<3.15") found components: Development Interpreter Development.Module Development.Embed
-- Python library : /usr/lib/libpython3.14.so (3.14.5)
-- Python include dir : /usr/include/python3.14
TMP_Python_SITELIB = /usr/lib/python3.14/site-packages
-- From now on, always using System Boost (ver. 1.75 or higher)
-- Performing Test CMAKE_HAVE_LIBC_PTHREAD
-- Performing Test CMAKE_HAVE_LIBC_PTHREAD - Success
-- Found Threads: TRUE
-- Found System Boost version 1.91.0
** Boost_LIBRARIES: Boost::python;Boost::json;Boost::log;Boost::log_setup;Boost::date_time;Boost::filesystem;Boost::thread;Boost::chrono;Boost::atomic;Boost::program_options
-- Found LibArchive: /usr/lib/libarchive.so (found version "3.8.7")
** Build Type: Release
-- Configuring Unit Tests
-- Downloading GoogleTest via FetchContent_MakeAvailable
-- GoogleTest fetched via FetchContent_MakeAvailable
-- Found PkgConfig: /usr/bin/pkg-config (found version "2.5.1")
-- SDL3 found via FIND_PACKAGE
CMake Error at CMakeLists.txt:472 (FIND_PACKAGE):
  By not providing "FindSDL3_image.cmake" in CMAKE_MODULE_PATH this project
  has asked CMake to find a package configuration file provided by
  "SDL3_image", but CMake did not find one.

  Could not find a package configuration file provided by "SDL3_image" with
  any of the following names:

    SDL3_image.cps
    sdl3_image.cps
    SDL3_imageConfig.cmake
    sdl3_image-config.cmake

  Add the installation prefix of "SDL3_image" to CMAKE_PREFIX_PATH or set
  "SDL3_image_DIR" to a directory containing one of the above files.  If
  "SDL3_image" provides a separate development package or SDK, be sure it has
  been installed.


-- Configuring incomplete, errors occurred!
[1m[31m==> ERROR:(B[m[1m A failure occurred in build().(B[m
[1m    Aborting...(B[m
