Test project /build/vegastrike-engine-git/src/build
      Start  1: VegaDisk.DiskObjectDefault
 1/82 Test  #1: VegaDisk.DiskObjectDefault ..............................   Passed    0.00 sec
      Start  2: VegaDisk.DiskObjectProperties
 2/82 Test  #2: VegaDisk.DiskObjectProperties ...........................   Passed    0.00 sec
      Start  3: OperationalTests.DamageSystems
 3/82 Test  #3: OperationalTests.DamageSystems ..........................   Passed    0.01 sec
      Start  4: UtilsTests.PrintFormattedComponentInHud
 4/82 Test  #4: UtilsTests.PrintFormattedComponentInHud .................   Passed    0.01 sec
      Start  5: JumpDrive.Damage
 5/82 Test  #5: JumpDrive.Damage ........................................   Passed    0.01 sec
      Start  6: Afterburner.Sanity
 6/82 Test  #6: Afterburner.Sanity ......................................   Passed    0.01 sec
      Start  7: Afterburner.UpgradeDowngrade
 7/82 Test  #7: Afterburner.UpgradeDowngrade ............................   Passed    0.01 sec
      Start  8: Drive.Sanity
 8/82 Test  #8: Drive.Sanity ............................................   Passed    0.00 sec
      Start  9: Drive.UpgradeDowngrade
 9/82 Test  #9: Drive.UpgradeDowngrade ..................................   Passed    0.00 sec
      Start 10: FuelBurn.Trivial
10/82 Test #10: FuelBurn.Trivial ........................................   Passed    0.01 sec
      Start 11: FuelBurn.RobinNaive_1
11/82 Test #11: FuelBurn.RobinNaive_1 ...................................   Passed    0.01 sec
      Start 12: FuelBurn.RobinNaive_2
12/82 Test #12: FuelBurn.RobinNaive_2 ...................................   Passed    0.00 sec
      Start 13: EnergyContainer.Sanity
13/82 Test #13: EnergyContainer.Sanity ..................................   Passed    0.01 sec
      Start 14: EnergyContainer.Upgrade
14/82 Test #14: EnergyContainer.Upgrade .................................   Passed    0.00 sec
      Start 15: Python.Sanity
15/82 Test #15: Python.Sanity ...........................................   Passed    0.00 sec
      Start 16: Python.Call_Function
16/82 Test #16: Python.Call_Function ....................................   Passed    0.05 sec
      Start 17: random_utils.randomInt
17/82 Test #17: random_utils.randomInt ..................................   Passed    0.01 sec
      Start 18: random_utils.randomDouble
18/82 Test #18: random_utils.randomDouble ...............................   Passed    0.01 sec
      Start 19: VegaRandom.GenRandUInt32
19/82 Test #19: VegaRandom.GenRandUInt32 ................................   Passed    0.01 sec
      Start 20: VegaRandom.RandomDouble
20/82 Test #20: VegaRandom.RandomDouble .................................   Passed    0.00 sec
      Start 21: VegaRandom.RandomDoubleUpTo
21/82 Test #21: VegaRandom.RandomDoubleUpTo .............................   Passed    0.00 sec
      Start 22: VegaRandom.RandomDoubleInRange
22/82 Test #22: VegaRandom.RandomDoubleInRange ..........................   Passed    0.00 sec
      Start 23: VegaRandom.RandomRealInRange
23/82 Test #23: VegaRandom.RandomRealInRange ............................   Passed    0.00 sec
      Start 24: VegaRandom.RandomFloatInRange
24/82 Test #24: VegaRandom.RandomFloatInRange ...........................   Passed    0.00 sec
      Start 25: VegaRandom.RandomFloatUpTo
25/82 Test #25: VegaRandom.RandomFloatUpTo ..............................   Passed    0.00 sec
      Start 26: VegaRandom.RandomFloat
26/82 Test #26: VegaRandom.RandomFloat ..................................   Passed    0.00 sec
      Start 27: VegaRandom.RandomInt32InRange
27/82 Test #27: VegaRandom.RandomInt32InRange ...........................   Passed    0.00 sec
      Start 28: VegaRandom.RandomInt32UpTo
28/82 Test #28: VegaRandom.RandomInt32UpTo ..............................   Passed    0.00 sec
      Start 29: VegaRandom.RandomUInt32InRange
29/82 Test #29: VegaRandom.RandomUInt32InRange ..........................   Passed    0.00 sec
      Start 30: VegaRandom.RandomUInt32UpTo
30/82 Test #30: VegaRandom.RandomUInt32UpTo .............................   Passed    0.00 sec
      Start 31: VegaRandom.GenRandRes53
31/82 Test #31: VegaRandom.GenRandRes53 .................................   Passed    0.00 sec
      Start 32: VegaRandom.GenRandReal1
32/82 Test #32: VegaRandom.GenRandReal1 .................................   Passed    0.00 sec
      Start 33: VegaRandom.GenRandReal2
33/82 Test #33: VegaRandom.GenRandReal2 .................................   Passed    0.00 sec
      Start 34: VegaRandom.GenRandReal3
34/82 Test #34: VegaRandom.GenRandReal3 .................................   Passed    0.00 sec
      Start 35: VegaRandom.UniformInclusive
35/82 Test #35: VegaRandom.UniformInclusive .............................   Passed    0.00 sec
      Start 36: VegaRandom.UniformExclusive
36/82 Test #36: VegaRandom.UniformExclusive .............................   Passed    0.00 sec
      Start 37: VegaRandom.GenRandInt31
37/82 Test #37: VegaRandom.GenRandInt31 .................................   Passed    0.00 sec
      Start 38: VegaRandom.RandomUCharInRange
38/82 Test #38: VegaRandom.RandomUCharInRange ...........................   Passed    0.00 sec
      Start 39: VegaRandom.RandomUCharUpTo
39/82 Test #39: VegaRandom.RandomUCharUpTo ..............................   Passed    0.00 sec
      Start 40: VegaRandom.RandomUChar
40/82 Test #40: VegaRandom.RandomUChar ..................................   Passed    0.00 sec
      Start 41: VegaRandom.RandomSizeTInRange
41/82 Test #41: VegaRandom.RandomSizeTInRange ...........................   Passed    0.00 sec
      Start 42: VegaRandom.RandomSizeTUpTo
42/82 Test #42: VegaRandom.RandomSizeTUpTo ..............................   Passed    0.01 sec
      Start 43: VegaRandom.RandomSizeT
43/82 Test #43: VegaRandom.RandomSizeT ..................................   Passed    0.01 sec
      Start 44: VegaRandom.RandomSizeTLessThan
44/82 Test #44: VegaRandom.RandomSizeTLessThan ..........................   Passed    0.00 sec
      Start 45: Manifest.GetItems
45/82 Test #45: Manifest.GetItems .......................................   Passed    0.01 sec
      Start 46: Manifest.GetCargoByName
46/82 Test #46: Manifest.GetCargoByName .................................   Passed    0.01 sec
      Start 47: Manifest.EmptyAndSize
47/82 Test #47: Manifest.EmptyAndSize ...................................   Passed    0.01 sec
      Start 48: Manifest.GetIndex
48/82 Test #48: Manifest.GetIndex .......................................   Passed    0.01 sec
      Start 49: Manifest.HasCargo
49/82 Test #49: Manifest.HasCargo .......................................   Passed    0.01 sec
      Start 50: Manifest.GetRandomCargo
50/82 Test #50: Manifest.GetRandomCargo .................................   Passed    0.01 sec
      Start 51: Manifest.GetCategoryManifest
51/82 Test #51: Manifest.GetCategoryManifest ............................   Passed    0.00 sec
      Start 52: Manifest.Singleton
52/82 Test #52: Manifest.Singleton ......................................   Passed    0.01 sec
      Start 53: Resource.Operators
53/82 Test #53: Resource.Operators ......................................   Passed    0.00 sec
      Start 54: Resource.Methods
54/82 Test #54: Resource.Methods ........................................   Passed    0.01 sec
      Start 55: Resource.Damage_Repair
55/82 Test #55: Resource.Damage_Repair ..................................   Passed    0.01 sec
      Start 56: Resource.Serialization
56/82 Test #56: Resource.Serialization ..................................   Passed    0.01 sec
      Start 57: Store.Sanity
57/82 Test #57: Store.Sanity ............................................   Passed    0.01 sec
      Start 58: Cargo.Sanity
58/82 Test #58: Cargo.Sanity ............................................   Passed    0.00 sec
      Start 59: Cargo.ConstructorAndGetters
59/82 Test #59: Cargo.ConstructorAndGetters .............................   Passed    0.01 sec
      Start 60: Cargo.Setters
60/82 Test #60: Cargo.Setters ...........................................   Passed    0.00 sec
      Start 61: Cargo.EqualityOperators
61/82 Test #61: Cargo.EqualityOperators .................................   Passed    0.00 sec
      Start 62: Cargo.Serialization
62/82 Test #62: Cargo.Serialization .....................................   Passed    0.00 sec
      Start 63: Cargo.IsPassengerAndIsSlave
63/82 Test #63: Cargo.IsPassengerAndIsSlave .............................   Passed    0.00 sec
      Start 64: Cargo.AddAndRemoveQuantity
64/82 Test #64: Cargo.AddAndRemoveQuantity ..............................   Passed    0.01 sec
      Start 65: Cargo.CopyAndAssignment
65/82 Test #65: Cargo.CopyAndAssignment .................................   Passed    0.01 sec
      Start 66: Cargo.Functionality
66/82 Test #66: Cargo.Functionality .....................................   Passed    0.00 sec
      Start 67: DamageableObject.Sanity
67/82 Test #67: DamageableObject.Sanity .................................   Passed    0.01 sec
      Start 68: Layer.Sanity
68/82 Test #68: Layer.Sanity ............................................   Passed    0.01 sec
      Start 69: QVector.Cast_Performance
69/82 Test #69: QVector.Cast_Performance ................................   Passed    0.03 sec
      Start 70: Vector.Cast_Performance
70/82 Test #70: Vector.Cast_Performance .................................   Passed    0.01 sec
      Start 71: vega_dynamic_cast_ptr.Performance
71/82 Test #71: vega_dynamic_cast_ptr.Performance .......................   Passed    0.00 sec
      Start 72: vega_dynamic_const_cast_ptr.Performance
72/82 Test #72: vega_dynamic_const_cast_ptr.Performance .................   Passed    0.01 sec
      Start 73: configuration.const_Performance
73/82 Test #73: configuration.const_Performance .........................   Passed    0.01 sec
      Start 74: configuration.static_optional_Performance
74/82 Test #74: configuration.static_optional_Performance ...............   Passed    0.01 sec
      Start 75: configuration.Performance_of_static_optional_with_get
75/82 Test #75: configuration.Performance_of_static_optional_with_get ...   Passed    0.00 sec
      Start 76: LoadConfig.Sanity
76/82 Test #76: LoadConfig.Sanity .......................................   Passed    0.01 sec
      Start 77: GameConfig.GetFloat_Performance
77/82 Test #77: GameConfig.GetFloat_Performance .........................   Passed    0.01 sec
      Start 78: GFXQuadList.GFXVertex
78/82 Test #78: GFXQuadList.GFXVertex ...................................   Passed    0.00 sec
      Start 79: GFXQuadList.GFXColorVertex
79/82 Test #79: GFXQuadList.GFXColorVertex ..............................   Passed    0.00 sec
      Start 80: GFXColorVertex.SetVtx
80/82 Test #80: GFXColorVertex.SetVtx ...................................   Passed    0.01 sec
      Start 81: JSON.Sanity
81/82 Test #81: JSON.Sanity .............................................   Passed    0.01 sec
      Start 82: CSV.Sanity
82/82 Test #82: CSV.Sanity ..............................................   Passed    0.00 sec

100% tests passed, 0 tests failed out of 82

Total Test time (real) =   0.50 sec
