vnote W: ELF file ('usr/bin/vnote') lacks FULL RELRO, check LDFLAGS.
vnote W: ELF file ('usr/lib/libVTextEdit.so') lacks FULL RELRO, check LDFLAGS.
vnote E: LGPL3 is not a valid SPDX license identifier. See https://spdx.org/licenses/ for valid identifiers, or prefix the identifier with 'LicenseRef-', if it is custom.
vnote W: Unused shared library '/tmp/../lib/libQt6Positioning.so.6' by file ('usr/bin/vnote')
vnote W: Unused shared library '/tmp/../lib/libQt6Quick.so.6' by file ('usr/bin/vnote')
vnote W: Unused shared library '/tmp/../lib/libQt6QmlMeta.so.6' by file ('usr/bin/vnote')
vnote W: Unused shared library '/tmp/../lib/libQt6QmlWorkerScript.so.6' by file ('usr/bin/vnote')
vnote W: Unused shared library '/tmp/../lib/libQt6QmlModels.so.6' by file ('usr/bin/vnote')
vnote W: Unused shared library '/tmp/../lib/libQt6Qml.so.6' by file ('usr/bin/vnote')
vnote W: Unused shared library '/tmp/../lib/libQt6OpenGL.so.6' by file ('usr/bin/vnote')
vnote W: Unused shared library '/tmp/../lib/libGLX.so.0' by file ('usr/bin/vnote')
vnote W: Unused shared library '/tmp/../lib/libOpenGL.so.0' by file ('usr/bin/vnote')
vnote W: Unused shared library '/tmp/../lib/libSM.so.6' by file ('usr/bin/vnote')
vnote W: Unused shared library '/tmp/../lib/libICE.so.6' by file ('usr/bin/vnote')
vnote W: Unused shared library '/tmp/../lib/libXext.so.6' by file ('usr/bin/vnote')
vnote W: Unused shared library '/tmp/../lib/libm.so.6' by file ('usr/bin/vnote')
vnote W: Unused shared library '/tmp/../lib/libQt6Svg.so.6' by file ('usr/lib/libVTextEdit.so')
vnote W: Unused shared library '/tmp/../lib/libGLX.so.0' by file ('usr/lib/libVTextEdit.so')
vnote W: Unused shared library '/tmp/../lib/libOpenGL.so.0' by file ('usr/lib/libVTextEdit.so')
vnote W: Dependency glibc detected and implicitly satisfied (libraries ['usr/lib/libc.so.6', 'usr/lib/libm.so.6', 'usr/lib/ld-linux-x86-64.so.2'] needed in files ['usr/bin/vnote', 'usr/lib/libVTextEdit.so'])
vnote W: Dependency libice detected and implicitly satisfied (libraries ['usr/lib/libICE.so.6'] needed in files ['usr/bin/vnote'])
vnote W: Dependency qt6-declarative detected and implicitly satisfied (libraries ['usr/lib/libQt6Quick.so.6', 'usr/lib/libQt6QmlWorkerScript.so.6', 'usr/lib/libQt6QmlMeta.so.6', 'usr/lib/libQt6QmlModels.so.6', 'usr/lib/libQt6Qml.so.6'] needed in files ['usr/bin/vnote'])
vnote W: Dependency hicolor-icon-theme detected and implicitly satisfied (needed for hicolor theme hierarchy)
vnote W: Dependency qt6-base detected and implicitly satisfied (libraries ['usr/lib/libQt6Core.so.6', 'usr/lib/libQt6OpenGL.so.6', 'usr/lib/libQt6Widgets.so.6', 'usr/lib/libQt6Gui.so.6', 'usr/lib/libQt6Network.so.6', 'usr/lib/libQt6PrintSupport.so.6', 'usr/lib/libQt6Sql.so.6'] needed in files ['usr/bin/vnote', 'usr/lib/libVTextEdit.so'])
vnote W: Dependency gcc-libs detected and implicitly satisfied (libraries ['usr/lib/libstdc++.so.6', 'usr/lib/libgcc_s.so.1'] needed in files ['usr/bin/vnote', 'usr/lib/libVTextEdit.so'])
vnote W: Dependency qt6-positioning detected and implicitly satisfied (libraries ['usr/lib/libQt6Positioning.so.6'] needed in files ['usr/bin/vnote'])
vnote W: Dependency libglvnd detected and implicitly satisfied (libraries ['usr/lib/libOpenGL.so.0', 'usr/lib/libGLX.so.0'] needed in files ['usr/bin/vnote', 'usr/lib/libVTextEdit.so'])
vnote W: Dependency libx11 detected and implicitly satisfied (libraries ['usr/lib/libX11.so.6'] needed in files ['usr/bin/vnote'])
vnote W: Dependency libsm detected and implicitly satisfied (libraries ['usr/lib/libSM.so.6'] needed in files ['usr/bin/vnote'])
vnote W: Dependency libxext detected and implicitly satisfied (libraries ['usr/lib/libXext.so.6'] needed in files ['usr/bin/vnote'])
