'wipeout' -> '/build/wipeout-rewrite-git/pkg/wipeout-rewrite-git/opt/wipeout-rewrite/wipeout'
'wipeout/common' -> '/build/wipeout-rewrite-git/pkg/wipeout-rewrite-git/opt/wipeout-rewrite/wipeout/common'
'wipeout/common/alcol.cmp' -> '/build/wipeout-rewrite-git/pkg/wipeout-rewrite-git/opt/wipeout-rewrite/wipeout/common/alcol.cmp'
'wipeout/common/alcol.prm' -> '/build/wipeout-rewrite-git/pkg/wipeout-rewrite-git/opt/wipeout-rewrite/wipeout/common/alcol.prm'
'wipeout/common/allsh.cmp' -> '/build/wipeout-rewrite-git/pkg/wipeout-rewrite-git/opt/wipeout-rewrite/wipeout/common/allsh.cmp'
'wipeout/common/allsh.prm' -> '/build/wipeout-rewrite-git/pkg/wipeout-rewrite-git/opt/wipeout-rewrite/wipeout/common/allsh.prm'
'wipeout/common/alopt.cmp' -> '/build/wipeout-rewrite-git/pkg/wipeout-rewrite-git/opt/wipeout-rewrite/wipeout/common/alopt.cmp'
'wipeout/common/alopt.prm' -> '/build/wipeout-rewrite-git/pkg/wipeout-rewrite-git/opt/wipeout-rewrite/wipeout/common/alopt.prm'
'wipeout/common/cam1s.prm' -> '/build/wipeout-rewrite-git/pkg/wipeout-rewrite-git/opt/wipeout-rewrite/wipeout/common/cam1s.prm'
'wipeout/common/cam2s.prm' -> '/build/wipeout-rewrite-git/pkg/wipeout-rewrite-git/opt/wipeout-rewrite/wipeout/common/cam2s.prm'
'wipeout/common/cam3s.prm' -> '/build/wipeout-rewrite-git/pkg/wipeout-rewrite-git/opt/wipeout-rewrite/wipeout/common/cam3s.prm'
'wipeout/common/cam4s.prm' -> '/build/wipeout-rewrite-git/pkg/wipeout-rewrite-git/opt/wipeout-rewrite/wipeout/common/cam4s.prm'
'wipeout/common/cam5s.prm' -> '/build/wipeout-rewrite-git/pkg/wipeout-rewrite-git/opt/wipeout-rewrite/wipeout/common/cam5s.prm'
'wipeout/common/cam6s.prm' -> '/build/wipeout-rewrite-git/pkg/wipeout-rewrite-git/opt/wipeout-rewrite/wipeout/common/cam6s.prm'
'wipeout/common/cam7s.prm' -> '/build/wipeout-rewrite-git/pkg/wipeout-rewrite-git/opt/wipeout-rewrite/wipeout/common/cam7s.prm'
'wipeout/common/ebolt.prm' -> '/build/wipeout-rewrite-git/pkg/wipeout-rewrite-git/opt/wipeout-rewrite/wipeout/common/ebolt.prm'
'wipeout/common/effects.cmp' -> '/build/wipeout-rewrite-git/pkg/wipeout-rewrite-git/opt/wipeout-rewrite/wipeout/common/effects.cmp'
'wipeout/common/leeg.cmp' -> '/build/wipeout-rewrite-git/pkg/wipeout-rewrite-git/opt/wipeout-rewrite/wipeout/common/leeg.cmp'
'wipeout/common/leeg.prm' -> '/build/wipeout-rewrite-git/pkg/wipeout-rewrite-git/opt/wipeout-rewrite/wipeout/common/leeg.prm'
'wipeout/common/mine.cmp' -> '/build/wipeout-rewrite-git/pkg/wipeout-rewrite-git/opt/wipeout-rewrite/wipeout/common/mine.cmp'
'wipeout/common/mine.prm' -> '/build/wipeout-rewrite-git/pkg/wipeout-rewrite-git/opt/wipeout-rewrite/wipeout/common/mine.prm'
'wipeout/common/miss.prm' -> '/build/wipeout-rewrite-git/pkg/wipeout-rewrite-git/opt/wipeout-rewrite/wipeout/common/miss.prm'
'wipeout/common/msdos.cmp' -> '/build/wipeout-rewrite-git/pkg/wipeout-rewrite-git/opt/wipeout-rewrite/wipeout/common/msdos.cmp'
'wipeout/common/msdos.prm' -> '/build/wipeout-rewrite-git/pkg/wipeout-rewrite-git/opt/wipeout-rewrite/wipeout/common/msdos.prm'
'wipeout/common/pad1.cmp' -> '/build/wipeout-rewrite-git/pkg/wipeout-rewrite-git/opt/wipeout-rewrite/wipeout/common/pad1.cmp'
'wipeout/common/pad1.prm' -> '/build/wipeout-rewrite-git/pkg/wipeout-rewrite-git/opt/wipeout-rewrite/wipeout/common/pad1.prm'
'wipeout/common/pilot.cmp' -> '/build/wipeout-rewrite-git/pkg/wipeout-rewrite-git/opt/wipeout-rewrite/wipeout/common/pilot.cmp'
'wipeout/common/pilot.prm' -> '/build/wipeout-rewrite-git/pkg/wipeout-rewrite-git/opt/wipeout-rewrite/wipeout/common/pilot.prm'
'wipeout/common/rescu.cmp' -> '/build/wipeout-rewrite-git/pkg/wipeout-rewrite-git/opt/wipeout-rewrite/wipeout/common/rescu.cmp'
'wipeout/common/rescu.prm' -> '/build/wipeout-rewrite-git/pkg/wipeout-rewrite-git/opt/wipeout-rewrite/wipeout/common/rescu.prm'
'wipeout/common/rock.prm' -> '/build/wipeout-rewrite-git/pkg/wipeout-rewrite-git/opt/wipeout-rewrite/wipeout/common/rock.prm'
'wipeout/common/shld.prm' -> '/build/wipeout-rewrite-git/pkg/wipeout-rewrite-git/opt/wipeout-rewrite/wipeout/common/shld.prm'
'wipeout/common/shp1s.prm' -> '/build/wipeout-rewrite-git/pkg/wipeout-rewrite-git/opt/wipeout-rewrite/wipeout/common/shp1s.prm'
'wipeout/common/shp2s.prm' -> '/build/wipeout-rewrite-git/pkg/wipeout-rewrite-git/opt/wipeout-rewrite/wipeout/common/shp2s.prm'
'wipeout/common/shp3s.prm' -> '/build/wipeout-rewrite-git/pkg/wipeout-rewrite-git/opt/wipeout-rewrite/wipeout/common/shp3s.prm'
'wipeout/common/shp4s.prm' -> '/build/wipeout-rewrite-git/pkg/wipeout-rewrite-git/opt/wipeout-rewrite/wipeout/common/shp4s.prm'
'wipeout/common/shp5s.prm' -> '/build/wipeout-rewrite-git/pkg/wipeout-rewrite-git/opt/wipeout-rewrite/wipeout/common/shp5s.prm'
'wipeout/common/shp6s.prm' -> '/build/wipeout-rewrite-git/pkg/wipeout-rewrite-git/opt/wipeout-rewrite/wipeout/common/shp6s.prm'
'wipeout/common/shp7s.prm' -> '/build/wipeout-rewrite-git/pkg/wipeout-rewrite-git/opt/wipeout-rewrite/wipeout/common/shp7s.prm'
'wipeout/common/sky.prm' -> '/build/wipeout-rewrite-git/pkg/wipeout-rewrite-git/opt/wipeout-rewrite/wipeout/common/sky.prm'
'wipeout/common/teams.prm' -> '/build/wipeout-rewrite-git/pkg/wipeout-rewrite-git/opt/wipeout-rewrite/wipeout/common/teams.prm'
'wipeout/common/wicons.cmp' -> '/build/wipeout-rewrite-git/pkg/wipeout-rewrite-git/opt/wipeout-rewrite/wipeout/common/wicons.cmp'
'wipeout/game_data_goes_here.txt' -> '/build/wipeout-rewrite-git/pkg/wipeout-rewrite-git/opt/wipeout-rewrite/wipeout/game_data_goes_here.txt'
'wipeout/intro.mpeg' -> '/build/wipeout-rewrite-git/pkg/wipeout-rewrite-git/opt/wipeout-rewrite/wipeout/intro.mpeg'
'wipeout/music' -> '/build/wipeout-rewrite-git/pkg/wipeout-rewrite-git/opt/wipeout-rewrite/wipeout/music'
'wipeout/music/track01.qoa' -> '/build/wipeout-rewrite-git/pkg/wipeout-rewrite-git/opt/wipeout-rewrite/wipeout/music/track01.qoa'
'wipeout/music/track02.qoa' -> '/build/wipeout-rewrite-git/pkg/wipeout-rewrite-git/opt/wipeout-rewrite/wipeout/music/track02.qoa'
'wipeout/music/track03.qoa' -> '/build/wipeout-rewrite-git/pkg/wipeout-rewrite-git/opt/wipeout-rewrite/wipeout/music/track03.qoa'
'wipeout/music/track04.qoa' -> '/build/wipeout-rewrite-git/pkg/wipeout-rewrite-git/opt/wipeout-rewrite/wipeout/music/track04.qoa'
'wipeout/music/track05.qoa' -> '/build/wipeout-rewrite-git/pkg/wipeout-rewrite-git/opt/wipeout-rewrite/wipeout/music/track05.qoa'
'wipeout/music/track06.qoa' -> '/build/wipeout-rewrite-git/pkg/wipeout-rewrite-git/opt/wipeout-rewrite/wipeout/music/track06.qoa'
'wipeout/music/track07.qoa' -> '/build/wipeout-rewrite-git/pkg/wipeout-rewrite-git/opt/wipeout-rewrite/wipeout/music/track07.qoa'
'wipeout/music/track08.qoa' -> '/build/wipeout-rewrite-git/pkg/wipeout-rewrite-git/opt/wipeout-rewrite/wipeout/music/track08.qoa'
'wipeout/music/track09.qoa' -> '/build/wipeout-rewrite-git/pkg/wipeout-rewrite-git/opt/wipeout-rewrite/wipeout/music/track09.qoa'
'wipeout/music/track10.qoa' -> '/build/wipeout-rewrite-git/pkg/wipeout-rewrite-git/opt/wipeout-rewrite/wipeout/music/track10.qoa'
'wipeout/music/track11.qoa' -> '/build/wipeout-rewrite-git/pkg/wipeout-rewrite-git/opt/wipeout-rewrite/wipeout/music/track11.qoa'
'wipeout/sound' -> '/build/wipeout-rewrite-git/pkg/wipeout-rewrite-git/opt/wipeout-rewrite/wipeout/sound'
'wipeout/sound/wipeout.vb' -> '/build/wipeout-rewrite-git/pkg/wipeout-rewrite-git/opt/wipeout-rewrite/wipeout/sound/wipeout.vb'
'wipeout/sound/wipeout.vh' -> '/build/wipeout-rewrite-git/pkg/wipeout-rewrite-git/opt/wipeout-rewrite/wipeout/sound/wipeout.vh'
'wipeout/textures' -> '/build/wipeout-rewrite-git/pkg/wipeout-rewrite-git/opt/wipeout-rewrite/wipeout/textures'
'wipeout/textures/anast.cmp' -> '/build/wipeout-rewrite-git/pkg/wipeout-rewrite-git/opt/wipeout-rewrite/wipeout/textures/anast.cmp'
'wipeout/textures/arial.cmp' -> '/build/wipeout-rewrite-git/pkg/wipeout-rewrite-git/opt/wipeout-rewrite/wipeout/textures/arial.cmp'
'wipeout/textures/arian.cmp' -> '/build/wipeout-rewrite-git/pkg/wipeout-rewrite-git/opt/wipeout-rewrite/wipeout/textures/arian.cmp'
'wipeout/textures/chang.cmp' -> '/build/wipeout-rewrite-git/pkg/wipeout-rewrite-git/opt/wipeout-rewrite/wipeout/textures/chang.cmp'
'wipeout/textures/dekka.cmp' -> '/build/wipeout-rewrite-git/pkg/wipeout-rewrite-git/opt/wipeout-rewrite/wipeout/textures/dekka.cmp'
'wipeout/textures/drfonts.cmp' -> '/build/wipeout-rewrite-git/pkg/wipeout-rewrite-git/opt/wipeout-rewrite/wipeout/textures/drfonts.cmp'
'wipeout/textures/paul.cmp' -> '/build/wipeout-rewrite-git/pkg/wipeout-rewrite-git/opt/wipeout-rewrite/wipeout/textures/paul.cmp'
'wipeout/textures/shad1.tim' -> '/build/wipeout-rewrite-git/pkg/wipeout-rewrite-git/opt/wipeout-rewrite/wipeout/textures/shad1.tim'
'wipeout/textures/shad2.tim' -> '/build/wipeout-rewrite-git/pkg/wipeout-rewrite-git/opt/wipeout-rewrite/wipeout/textures/shad2.tim'
'wipeout/textures/shad3.tim' -> '/build/wipeout-rewrite-git/pkg/wipeout-rewrite-git/opt/wipeout-rewrite/wipeout/textures/shad3.tim'
'wipeout/textures/shad4.tim' -> '/build/wipeout-rewrite-git/pkg/wipeout-rewrite-git/opt/wipeout-rewrite/wipeout/textures/shad4.tim'
'wipeout/textures/solar.cmp' -> '/build/wipeout-rewrite-git/pkg/wipeout-rewrite-git/opt/wipeout-rewrite/wipeout/textures/solar.cmp'
'wipeout/textures/sophi.cmp' -> '/build/wipeout-rewrite-git/pkg/wipeout-rewrite-git/opt/wipeout-rewrite/wipeout/textures/sophi.cmp'
'wipeout/textures/speedo.tim' -> '/build/wipeout-rewrite-git/pkg/wipeout-rewrite-git/opt/wipeout-rewrite/wipeout/textures/speedo.tim'
'wipeout/textures/target2.tim' -> '/build/wipeout-rewrite-git/pkg/wipeout-rewrite-git/opt/wipeout-rewrite/wipeout/textures/target2.tim'
'wipeout/textures/track.cmp' -> '/build/wipeout-rewrite-git/pkg/wipeout-rewrite-git/opt/wipeout-rewrite/wipeout/textures/track.cmp'
'wipeout/textures/wipeout1.tim' -> '/build/wipeout-rewrite-git/pkg/wipeout-rewrite-git/opt/wipeout-rewrite/wipeout/textures/wipeout1.tim'
'wipeout/textures/wiptitle.tim' -> '/build/wipeout-rewrite-git/pkg/wipeout-rewrite-git/opt/wipeout-rewrite/wipeout/textures/wiptitle.tim'
'wipeout/track01' -> '/build/wipeout-rewrite-git/pkg/wipeout-rewrite-git/opt/wipeout-rewrite/wipeout/track01'
'wipeout/track01/library.cmp' -> '/build/wipeout-rewrite-git/pkg/wipeout-rewrite-git/opt/wipeout-rewrite/wipeout/track01/library.cmp'
'wipeout/track01/library.ttf' -> '/build/wipeout-rewrite-git/pkg/wipeout-rewrite-git/opt/wipeout-rewrite/wipeout/track01/library.ttf'
'wipeout/track01/scene.cmp' -> '/build/wipeout-rewrite-git/pkg/wipeout-rewrite-git/opt/wipeout-rewrite/wipeout/track01/scene.cmp'
'wipeout/track01/scene.prm' -> '/build/wipeout-rewrite-git/pkg/wipeout-rewrite-git/opt/wipeout-rewrite/wipeout/track01/scene.prm'
'wipeout/track01/sky.cmp' -> '/build/wipeout-rewrite-git/pkg/wipeout-rewrite-git/opt/wipeout-rewrite/wipeout/track01/sky.cmp'
'wipeout/track01/sky.prm' -> '/build/wipeout-rewrite-git/pkg/wipeout-rewrite-git/opt/wipeout-rewrite/wipeout/track01/sky.prm'
'wipeout/track01/track.trf' -> '/build/wipeout-rewrite-git/pkg/wipeout-rewrite-git/opt/wipeout-rewrite/wipeout/track01/track.trf'
'wipeout/track01/track.trs' -> '/build/wipeout-rewrite-git/pkg/wipeout-rewrite-git/opt/wipeout-rewrite/wipeout/track01/track.trs'
'wipeout/track01/track.trv' -> '/build/wipeout-rewrite-git/pkg/wipeout-rewrite-git/opt/wipeout-rewrite/wipeout/track01/track.trv'
'wipeout/track02' -> '/build/wipeout-rewrite-git/pkg/wipeout-rewrite-git/opt/wipeout-rewrite/wipeout/track02'
'wipeout/track02/library.cmp' -> '/build/wipeout-rewrite-git/pkg/wipeout-rewrite-git/opt/wipeout-rewrite/wipeout/track02/library.cmp'
'wipeout/track02/library.ttf' -> '/build/wipeout-rewrite-git/pkg/wipeout-rewrite-git/opt/wipeout-rewrite/wipeout/track02/library.ttf'
'wipeout/track02/scene.cmp' -> '/build/wipeout-rewrite-git/pkg/wipeout-rewrite-git/opt/wipeout-rewrite/wipeout/track02/scene.cmp'
'wipeout/track02/scene.prm' -> '/build/wipeout-rewrite-git/pkg/wipeout-rewrite-git/opt/wipeout-rewrite/wipeout/track02/scene.prm'
'wipeout/track02/sky.cmp' -> '/build/wipeout-rewrite-git/pkg/wipeout-rewrite-git/opt/wipeout-rewrite/wipeout/track02/sky.cmp'
'wipeout/track02/sky.prm' -> '/build/wipeout-rewrite-git/pkg/wipeout-rewrite-git/opt/wipeout-rewrite/wipeout/track02/sky.prm'
'wipeout/track02/track.trf' -> '/build/wipeout-rewrite-git/pkg/wipeout-rewrite-git/opt/wipeout-rewrite/wipeout/track02/track.trf'
'wipeout/track02/track.trs' -> '/build/wipeout-rewrite-git/pkg/wipeout-rewrite-git/opt/wipeout-rewrite/wipeout/track02/track.trs'
'wipeout/track02/track.trv' -> '/build/wipeout-rewrite-git/pkg/wipeout-rewrite-git/opt/wipeout-rewrite/wipeout/track02/track.trv'
'wipeout/track03' -> '/build/wipeout-rewrite-git/pkg/wipeout-rewrite-git/opt/wipeout-rewrite/wipeout/track03'
'wipeout/track03/library.cmp' -> '/build/wipeout-rewrite-git/pkg/wipeout-rewrite-git/opt/wipeout-rewrite/wipeout/track03/library.cmp'
'wipeout/track03/library.ttf' -> '/build/wipeout-rewrite-git/pkg/wipeout-rewrite-git/opt/wipeout-rewrite/wipeout/track03/library.ttf'
'wipeout/track03/scene.cmp' -> '/build/wipeout-rewrite-git/pkg/wipeout-rewrite-git/opt/wipeout-rewrite/wipeout/track03/scene.cmp'
'wipeout/track03/scene.prm' -> '/build/wipeout-rewrite-git/pkg/wipeout-rewrite-git/opt/wipeout-rewrite/wipeout/track03/scene.prm'
'wipeout/track03/sky.cmp' -> '/build/wipeout-rewrite-git/pkg/wipeout-rewrite-git/opt/wipeout-rewrite/wipeout/track03/sky.cmp'
'wipeout/track03/sky.prm' -> '/build/wipeout-rewrite-git/pkg/wipeout-rewrite-git/opt/wipeout-rewrite/wipeout/track03/sky.prm'
'wipeout/track03/track.trf' -> '/build/wipeout-rewrite-git/pkg/wipeout-rewrite-git/opt/wipeout-rewrite/wipeout/track03/track.trf'
'wipeout/track03/track.trs' -> '/build/wipeout-rewrite-git/pkg/wipeout-rewrite-git/opt/wipeout-rewrite/wipeout/track03/track.trs'
'wipeout/track03/track.trv' -> '/build/wipeout-rewrite-git/pkg/wipeout-rewrite-git/opt/wipeout-rewrite/wipeout/track03/track.trv'
'wipeout/track04' -> '/build/wipeout-rewrite-git/pkg/wipeout-rewrite-git/opt/wipeout-rewrite/wipeout/track04'
'wipeout/track04/library.cmp' -> '/build/wipeout-rewrite-git/pkg/wipeout-rewrite-git/opt/wipeout-rewrite/wipeout/track04/library.cmp'
'wipeout/track04/library.ttf' -> '/build/wipeout-rewrite-git/pkg/wipeout-rewrite-git/opt/wipeout-rewrite/wipeout/track04/library.ttf'
'wipeout/track04/scene.cmp' -> '/build/wipeout-rewrite-git/pkg/wipeout-rewrite-git/opt/wipeout-rewrite/wipeout/track04/scene.cmp'
'wipeout/track04/scene.prm' -> '/build/wipeout-rewrite-git/pkg/wipeout-rewrite-git/opt/wipeout-rewrite/wipeout/track04/scene.prm'
'wipeout/track04/sky.cmp' -> '/build/wipeout-rewrite-git/pkg/wipeout-rewrite-git/opt/wipeout-rewrite/wipeout/track04/sky.cmp'
'wipeout/track04/sky.prm' -> '/build/wipeout-rewrite-git/pkg/wipeout-rewrite-git/opt/wipeout-rewrite/wipeout/track04/sky.prm'
'wipeout/track04/track.trf' -> '/build/wipeout-rewrite-git/pkg/wipeout-rewrite-git/opt/wipeout-rewrite/wipeout/track04/track.trf'
'wipeout/track04/track.trs' -> '/build/wipeout-rewrite-git/pkg/wipeout-rewrite-git/opt/wipeout-rewrite/wipeout/track04/track.trs'
'wipeout/track04/track.trv' -> '/build/wipeout-rewrite-git/pkg/wipeout-rewrite-git/opt/wipeout-rewrite/wipeout/track04/track.trv'
'wipeout/track05' -> '/build/wipeout-rewrite-git/pkg/wipeout-rewrite-git/opt/wipeout-rewrite/wipeout/track05'
'wipeout/track05/library.cmp' -> '/build/wipeout-rewrite-git/pkg/wipeout-rewrite-git/opt/wipeout-rewrite/wipeout/track05/library.cmp'
'wipeout/track05/library.ttf' -> '/build/wipeout-rewrite-git/pkg/wipeout-rewrite-git/opt/wipeout-rewrite/wipeout/track05/library.ttf'
'wipeout/track05/scene.cmp' -> '/build/wipeout-rewrite-git/pkg/wipeout-rewrite-git/opt/wipeout-rewrite/wipeout/track05/scene.cmp'
'wipeout/track05/scene.prm' -> '/build/wipeout-rewrite-git/pkg/wipeout-rewrite-git/opt/wipeout-rewrite/wipeout/track05/scene.prm'
'wipeout/track05/sky.cmp' -> '/build/wipeout-rewrite-git/pkg/wipeout-rewrite-git/opt/wipeout-rewrite/wipeout/track05/sky.cmp'
'wipeout/track05/sky.prm' -> '/build/wipeout-rewrite-git/pkg/wipeout-rewrite-git/opt/wipeout-rewrite/wipeout/track05/sky.prm'
'wipeout/track05/track.trf' -> '/build/wipeout-rewrite-git/pkg/wipeout-rewrite-git/opt/wipeout-rewrite/wipeout/track05/track.trf'
'wipeout/track05/track.trs' -> '/build/wipeout-rewrite-git/pkg/wipeout-rewrite-git/opt/wipeout-rewrite/wipeout/track05/track.trs'
'wipeout/track05/track.trv' -> '/build/wipeout-rewrite-git/pkg/wipeout-rewrite-git/opt/wipeout-rewrite/wipeout/track05/track.trv'
'wipeout/track06' -> '/build/wipeout-rewrite-git/pkg/wipeout-rewrite-git/opt/wipeout-rewrite/wipeout/track06'
'wipeout/track06/library.cmp' -> '/build/wipeout-rewrite-git/pkg/wipeout-rewrite-git/opt/wipeout-rewrite/wipeout/track06/library.cmp'
'wipeout/track06/library.ttf' -> '/build/wipeout-rewrite-git/pkg/wipeout-rewrite-git/opt/wipeout-rewrite/wipeout/track06/library.ttf'
'wipeout/track06/scene.cmp' -> '/build/wipeout-rewrite-git/pkg/wipeout-rewrite-git/opt/wipeout-rewrite/wipeout/track06/scene.cmp'
'wipeout/track06/scene.prm' -> '/build/wipeout-rewrite-git/pkg/wipeout-rewrite-git/opt/wipeout-rewrite/wipeout/track06/scene.prm'
'wipeout/track06/sky.cmp' -> '/build/wipeout-rewrite-git/pkg/wipeout-rewrite-git/opt/wipeout-rewrite/wipeout/track06/sky.cmp'
'wipeout/track06/sky.prm' -> '/build/wipeout-rewrite-git/pkg/wipeout-rewrite-git/opt/wipeout-rewrite/wipeout/track06/sky.prm'
'wipeout/track06/track.trf' -> '/build/wipeout-rewrite-git/pkg/wipeout-rewrite-git/opt/wipeout-rewrite/wipeout/track06/track.trf'
'wipeout/track06/track.trs' -> '/build/wipeout-rewrite-git/pkg/wipeout-rewrite-git/opt/wipeout-rewrite/wipeout/track06/track.trs'
'wipeout/track06/track.trv' -> '/build/wipeout-rewrite-git/pkg/wipeout-rewrite-git/opt/wipeout-rewrite/wipeout/track06/track.trv'
'wipeout/track07' -> '/build/wipeout-rewrite-git/pkg/wipeout-rewrite-git/opt/wipeout-rewrite/wipeout/track07'
'wipeout/track07/library.cmp' -> '/build/wipeout-rewrite-git/pkg/wipeout-rewrite-git/opt/wipeout-rewrite/wipeout/track07/library.cmp'
'wipeout/track07/library.ttf' -> '/build/wipeout-rewrite-git/pkg/wipeout-rewrite-git/opt/wipeout-rewrite/wipeout/track07/library.ttf'
'wipeout/track07/scene.cmp' -> '/build/wipeout-rewrite-git/pkg/wipeout-rewrite-git/opt/wipeout-rewrite/wipeout/track07/scene.cmp'
'wipeout/track07/scene.prm' -> '/build/wipeout-rewrite-git/pkg/wipeout-rewrite-git/opt/wipeout-rewrite/wipeout/track07/scene.prm'
'wipeout/track07/sky.cmp' -> '/build/wipeout-rewrite-git/pkg/wipeout-rewrite-git/opt/wipeout-rewrite/wipeout/track07/sky.cmp'
'wipeout/track07/sky.prm' -> '/build/wipeout-rewrite-git/pkg/wipeout-rewrite-git/opt/wipeout-rewrite/wipeout/track07/sky.prm'
'wipeout/track07/track.trf' -> '/build/wipeout-rewrite-git/pkg/wipeout-rewrite-git/opt/wipeout-rewrite/wipeout/track07/track.trf'
'wipeout/track07/track.trs' -> '/build/wipeout-rewrite-git/pkg/wipeout-rewrite-git/opt/wipeout-rewrite/wipeout/track07/track.trs'
'wipeout/track07/track.trv' -> '/build/wipeout-rewrite-git/pkg/wipeout-rewrite-git/opt/wipeout-rewrite/wipeout/track07/track.trv'
'wipeout/track08' -> '/build/wipeout-rewrite-git/pkg/wipeout-rewrite-git/opt/wipeout-rewrite/wipeout/track08'
'wipeout/track08/library.cmp' -> '/build/wipeout-rewrite-git/pkg/wipeout-rewrite-git/opt/wipeout-rewrite/wipeout/track08/library.cmp'
'wipeout/track08/library.ttf' -> '/build/wipeout-rewrite-git/pkg/wipeout-rewrite-git/opt/wipeout-rewrite/wipeout/track08/library.ttf'
'wipeout/track08/scene.cmp' -> '/build/wipeout-rewrite-git/pkg/wipeout-rewrite-git/opt/wipeout-rewrite/wipeout/track08/scene.cmp'
'wipeout/track08/scene.prm' -> '/build/wipeout-rewrite-git/pkg/wipeout-rewrite-git/opt/wipeout-rewrite/wipeout/track08/scene.prm'
'wipeout/track08/sky.cmp' -> '/build/wipeout-rewrite-git/pkg/wipeout-rewrite-git/opt/wipeout-rewrite/wipeout/track08/sky.cmp'
'wipeout/track08/sky.prm' -> '/build/wipeout-rewrite-git/pkg/wipeout-rewrite-git/opt/wipeout-rewrite/wipeout/track08/sky.prm'
'wipeout/track08/track.trf' -> '/build/wipeout-rewrite-git/pkg/wipeout-rewrite-git/opt/wipeout-rewrite/wipeout/track08/track.trf'
'wipeout/track08/track.trs' -> '/build/wipeout-rewrite-git/pkg/wipeout-rewrite-git/opt/wipeout-rewrite/wipeout/track08/track.trs'
'wipeout/track08/track.trv' -> '/build/wipeout-rewrite-git/pkg/wipeout-rewrite-git/opt/wipeout-rewrite/wipeout/track08/track.trv'
'wipeout/track09' -> '/build/wipeout-rewrite-git/pkg/wipeout-rewrite-git/opt/wipeout-rewrite/wipeout/track09'
'wipeout/track09/library.cmp' -> '/build/wipeout-rewrite-git/pkg/wipeout-rewrite-git/opt/wipeout-rewrite/wipeout/track09/library.cmp'
'wipeout/track09/library.ttf' -> '/build/wipeout-rewrite-git/pkg/wipeout-rewrite-git/opt/wipeout-rewrite/wipeout/track09/library.ttf'
'wipeout/track09/scene.cmp' -> '/build/wipeout-rewrite-git/pkg/wipeout-rewrite-git/opt/wipeout-rewrite/wipeout/track09/scene.cmp'
'wipeout/track09/scene.prm' -> '/build/wipeout-rewrite-git/pkg/wipeout-rewrite-git/opt/wipeout-rewrite/wipeout/track09/scene.prm'
'wipeout/track09/sky.cmp' -> '/build/wipeout-rewrite-git/pkg/wipeout-rewrite-git/opt/wipeout-rewrite/wipeout/track09/sky.cmp'
'wipeout/track09/sky.prm' -> '/build/wipeout-rewrite-git/pkg/wipeout-rewrite-git/opt/wipeout-rewrite/wipeout/track09/sky.prm'
'wipeout/track09/track.trf' -> '/build/wipeout-rewrite-git/pkg/wipeout-rewrite-git/opt/wipeout-rewrite/wipeout/track09/track.trf'
'wipeout/track09/track.trs' -> '/build/wipeout-rewrite-git/pkg/wipeout-rewrite-git/opt/wipeout-rewrite/wipeout/track09/track.trs'
'wipeout/track09/track.trv' -> '/build/wipeout-rewrite-git/pkg/wipeout-rewrite-git/opt/wipeout-rewrite/wipeout/track09/track.trv'
'wipeout/track10' -> '/build/wipeout-rewrite-git/pkg/wipeout-rewrite-git/opt/wipeout-rewrite/wipeout/track10'
'wipeout/track10/library.cmp' -> '/build/wipeout-rewrite-git/pkg/wipeout-rewrite-git/opt/wipeout-rewrite/wipeout/track10/library.cmp'
'wipeout/track10/library.ttf' -> '/build/wipeout-rewrite-git/pkg/wipeout-rewrite-git/opt/wipeout-rewrite/wipeout/track10/library.ttf'
'wipeout/track10/scene.cmp' -> '/build/wipeout-rewrite-git/pkg/wipeout-rewrite-git/opt/wipeout-rewrite/wipeout/track10/scene.cmp'
'wipeout/track10/scene.prm' -> '/build/wipeout-rewrite-git/pkg/wipeout-rewrite-git/opt/wipeout-rewrite/wipeout/track10/scene.prm'
'wipeout/track10/sky.cmp' -> '/build/wipeout-rewrite-git/pkg/wipeout-rewrite-git/opt/wipeout-rewrite/wipeout/track10/sky.cmp'
'wipeout/track10/sky.prm' -> '/build/wipeout-rewrite-git/pkg/wipeout-rewrite-git/opt/wipeout-rewrite/wipeout/track10/sky.prm'
'wipeout/track10/track.trf' -> '/build/wipeout-rewrite-git/pkg/wipeout-rewrite-git/opt/wipeout-rewrite/wipeout/track10/track.trf'
'wipeout/track10/track.trs' -> '/build/wipeout-rewrite-git/pkg/wipeout-rewrite-git/opt/wipeout-rewrite/wipeout/track10/track.trs'
'wipeout/track10/track.trv' -> '/build/wipeout-rewrite-git/pkg/wipeout-rewrite-git/opt/wipeout-rewrite/wipeout/track10/track.trv'
'wipeout/track11' -> '/build/wipeout-rewrite-git/pkg/wipeout-rewrite-git/opt/wipeout-rewrite/wipeout/track11'
'wipeout/track11/library.cmp' -> '/build/wipeout-rewrite-git/pkg/wipeout-rewrite-git/opt/wipeout-rewrite/wipeout/track11/library.cmp'
'wipeout/track11/library.ttf' -> '/build/wipeout-rewrite-git/pkg/wipeout-rewrite-git/opt/wipeout-rewrite/wipeout/track11/library.ttf'
'wipeout/track11/scene.cmp' -> '/build/wipeout-rewrite-git/pkg/wipeout-rewrite-git/opt/wipeout-rewrite/wipeout/track11/scene.cmp'
'wipeout/track11/scene.prm' -> '/build/wipeout-rewrite-git/pkg/wipeout-rewrite-git/opt/wipeout-rewrite/wipeout/track11/scene.prm'
'wipeout/track11/sky.cmp' -> '/build/wipeout-rewrite-git/pkg/wipeout-rewrite-git/opt/wipeout-rewrite/wipeout/track11/sky.cmp'
'wipeout/track11/sky.prm' -> '/build/wipeout-rewrite-git/pkg/wipeout-rewrite-git/opt/wipeout-rewrite/wipeout/track11/sky.prm'
'wipeout/track11/track.trf' -> '/build/wipeout-rewrite-git/pkg/wipeout-rewrite-git/opt/wipeout-rewrite/wipeout/track11/track.trf'
'wipeout/track11/track.trs' -> '/build/wipeout-rewrite-git/pkg/wipeout-rewrite-git/opt/wipeout-rewrite/wipeout/track11/track.trs'
'wipeout/track11/track.trv' -> '/build/wipeout-rewrite-git/pkg/wipeout-rewrite-git/opt/wipeout-rewrite/wipeout/track11/track.trv'
'wipeout/track12' -> '/build/wipeout-rewrite-git/pkg/wipeout-rewrite-git/opt/wipeout-rewrite/wipeout/track12'
'wipeout/track12/library.cmp' -> '/build/wipeout-rewrite-git/pkg/wipeout-rewrite-git/opt/wipeout-rewrite/wipeout/track12/library.cmp'
'wipeout/track12/library.ttf' -> '/build/wipeout-rewrite-git/pkg/wipeout-rewrite-git/opt/wipeout-rewrite/wipeout/track12/library.ttf'
'wipeout/track12/scene.cmp' -> '/build/wipeout-rewrite-git/pkg/wipeout-rewrite-git/opt/wipeout-rewrite/wipeout/track12/scene.cmp'
'wipeout/track12/scene.prm' -> '/build/wipeout-rewrite-git/pkg/wipeout-rewrite-git/opt/wipeout-rewrite/wipeout/track12/scene.prm'
'wipeout/track12/sky.cmp' -> '/build/wipeout-rewrite-git/pkg/wipeout-rewrite-git/opt/wipeout-rewrite/wipeout/track12/sky.cmp'
'wipeout/track12/sky.prm' -> '/build/wipeout-rewrite-git/pkg/wipeout-rewrite-git/opt/wipeout-rewrite/wipeout/track12/sky.prm'
'wipeout/track12/track.trf' -> '/build/wipeout-rewrite-git/pkg/wipeout-rewrite-git/opt/wipeout-rewrite/wipeout/track12/track.trf'
'wipeout/track12/track.trs' -> '/build/wipeout-rewrite-git/pkg/wipeout-rewrite-git/opt/wipeout-rewrite/wipeout/track12/track.trs'
'wipeout/track12/track.trv' -> '/build/wipeout-rewrite-git/pkg/wipeout-rewrite-git/opt/wipeout-rewrite/wipeout/track12/track.trv'
'wipeout/track13' -> '/build/wipeout-rewrite-git/pkg/wipeout-rewrite-git/opt/wipeout-rewrite/wipeout/track13'
'wipeout/track13/library.cmp' -> '/build/wipeout-rewrite-git/pkg/wipeout-rewrite-git/opt/wipeout-rewrite/wipeout/track13/library.cmp'
'wipeout/track13/library.ttf' -> '/build/wipeout-rewrite-git/pkg/wipeout-rewrite-git/opt/wipeout-rewrite/wipeout/track13/library.ttf'
'wipeout/track13/scene.cmp' -> '/build/wipeout-rewrite-git/pkg/wipeout-rewrite-git/opt/wipeout-rewrite/wipeout/track13/scene.cmp'
'wipeout/track13/scene.prm' -> '/build/wipeout-rewrite-git/pkg/wipeout-rewrite-git/opt/wipeout-rewrite/wipeout/track13/scene.prm'
'wipeout/track13/sky.cmp' -> '/build/wipeout-rewrite-git/pkg/wipeout-rewrite-git/opt/wipeout-rewrite/wipeout/track13/sky.cmp'
'wipeout/track13/sky.prm' -> '/build/wipeout-rewrite-git/pkg/wipeout-rewrite-git/opt/wipeout-rewrite/wipeout/track13/sky.prm'
'wipeout/track13/track.trf' -> '/build/wipeout-rewrite-git/pkg/wipeout-rewrite-git/opt/wipeout-rewrite/wipeout/track13/track.trf'
'wipeout/track13/track.trs' -> '/build/wipeout-rewrite-git/pkg/wipeout-rewrite-git/opt/wipeout-rewrite/wipeout/track13/track.trs'
'wipeout/track13/track.trv' -> '/build/wipeout-rewrite-git/pkg/wipeout-rewrite-git/opt/wipeout-rewrite/wipeout/track13/track.trv'
'wipeout/track14' -> '/build/wipeout-rewrite-git/pkg/wipeout-rewrite-git/opt/wipeout-rewrite/wipeout/track14'
'wipeout/track14/library.cmp' -> '/build/wipeout-rewrite-git/pkg/wipeout-rewrite-git/opt/wipeout-rewrite/wipeout/track14/library.cmp'
'wipeout/track14/library.ttf' -> '/build/wipeout-rewrite-git/pkg/wipeout-rewrite-git/opt/wipeout-rewrite/wipeout/track14/library.ttf'
'wipeout/track14/scene.cmp' -> '/build/wipeout-rewrite-git/pkg/wipeout-rewrite-git/opt/wipeout-rewrite/wipeout/track14/scene.cmp'
'wipeout/track14/scene.prm' -> '/build/wipeout-rewrite-git/pkg/wipeout-rewrite-git/opt/wipeout-rewrite/wipeout/track14/scene.prm'
'wipeout/track14/sky.cmp' -> '/build/wipeout-rewrite-git/pkg/wipeout-rewrite-git/opt/wipeout-rewrite/wipeout/track14/sky.cmp'
'wipeout/track14/sky.prm' -> '/build/wipeout-rewrite-git/pkg/wipeout-rewrite-git/opt/wipeout-rewrite/wipeout/track14/sky.prm'
'wipeout/track14/track.trf' -> '/build/wipeout-rewrite-git/pkg/wipeout-rewrite-git/opt/wipeout-rewrite/wipeout/track14/track.trf'
'wipeout/track14/track.trs' -> '/build/wipeout-rewrite-git/pkg/wipeout-rewrite-git/opt/wipeout-rewrite/wipeout/track14/track.trs'
'wipeout/track14/track.trv' -> '/build/wipeout-rewrite-git/pkg/wipeout-rewrite-git/opt/wipeout-rewrite/wipeout/track14/track.trv'
