-- The C compiler identification is GNU 16.1.1
-- The CXX compiler identification is GNU 16.1.1
-- Detecting C compiler ABI info
-- Detecting C compiler ABI info - done
-- Check for working C compiler: /usr/bin/cc - skipped
-- Detecting C compile features
-- Detecting C compile features - done
-- Detecting CXX compiler ABI info
-- Detecting CXX compiler ABI info - done
-- Check for working CXX compiler: /usr/bin/c++ - skipped
-- Detecting CXX compile features
-- Detecting CXX compile features - done
-- Found PkgConfig: /usr/bin/pkg-config (found version "2.5.1")
-- Performing Test HAVE_W_GNU_VARIADIC_MACROS
-- Performing Test HAVE_W_GNU_VARIADIC_MACROS - Failed
-- Looking for INSTANTIATE_TEST_SUITE_P
-- Looking for INSTANTIATE_TEST_SUITE_P - found
-- Found Boost: /usr/lib/cmake/Boost-1.91.0/BoostConfig.cmake (found version "1.91.0")
-- Found GTest: /usr/lib/cmake/GTest/GTestConfig.cmake (found version "1.17.0")
-- Checking for module 'wayland-client'
--   Found wayland-client, version 1.25.0
-- Checking for module 'wayland-server'
--   Found wayland-server, version 1.25.0
-- Checking for module 'wayland-scanner'
--   Found wayland-scanner, version 1.25.0
-- Found wayland-scanner version 1.25.0, using private-code mode
-- Configuring done (4.7s)
-- Generating done (0.1s)
-- Build files have been written to: /build/wlcs/src/build
[  0%] Generating generated/xdg-shell.c
[  1%] Generating generated/fractional-scale-v1-client.h
[  1%] Generating generated/gtk-primary-selection-client.h
[  1%] Generating generated/fractional-scale-v1.c
[  1%] Generating generated/xdg-shell.c
[  1%] Generating generated/gtk-primary-selection.c
[  2%] Generating generated/fractional-scale-v1-client.h
[  2%] Generating generated/gtk-primary-selection-client.h
[  2%] Generating generated/fractional-scale-v1.c
[  2%] Generating generated/fractional-scale-v1.c
[  2%] Generating generated/input-method-unstable-v1-client.h
[  2%] Generating generated/input-method-unstable-v1-client.h
[  2%] Generating generated/gtk-primary-selection.c
[  2%] Generating generated/input-method-unstable-v1.c
[  2%] Building C object CMakeFiles/test_c_compile.dir/src/test_c_compile.c.o
[  2%] Generating generated/gtk-primary-selection-client.h
[  3%] Generating generated/input-method-unstable-v2-client.h
[  4%] Generating generated/input-method-unstable-v2-client.h
[  5%] Generating generated/input-method-unstable-v2-client.h
[  5%] Generating generated/xdg-shell.c
[  5%] Generating generated/fractional-scale-v1.c
[  5%] Generating generated/pointer-constraints-unstable-v1-client.h
[  6%] Generating generated/input-method-unstable-v2-client.h
[  6%] Generating generated/gtk-primary-selection.c
[  6%] Generating generated/pointer-constraints-unstable-v1-client.h
[  7%] Generating generated/fractional-scale-v1-client.h
[  7%] Generating generated/input-method-unstable-v2.c
[  7%] Generating generated/pointer-constraints-unstable-v1.c
[  7%] Generating generated/input-method-unstable-v2.c
[  7%] Generating generated/xdg-shell.c
[  8%] Generating generated/primary-selection-unstable-v1-client.h
[  9%] Generating generated/fractional-scale-v1-client.h
[ 10%] Generating generated/primary-selection-unstable-v1-client.h
[ 10%] Generating generated/pointer-constraints-unstable-v1.c
[ 10%] Generating generated/input-method-unstable-v1.c
[ 10%] Generating generated/primary-selection-unstable-v1.c
[ 10%] Generating generated/input-method-unstable-v2.c
[ 10%] Generating generated/primary-selection-unstable-v1.c
[ 11%] Generating generated/primary-selection-unstable-v1-client.h
[ 12%] Generating generated/relative-pointer-unstable-v1-client.h
[ 13%] Generating generated/relative-pointer-unstable-v1-client.h
[ 13%] Generating generated/pointer-constraints-unstable-v1.c
[ 13%] Generating generated/primary-selection-unstable-v1.c
[ 13%] Generating generated/relative-pointer-unstable-v1.c
[ 13%] Generating generated/input-method-unstable-v2.c
[ 14%] Generating generated/primary-selection-unstable-v1-client.h
[ 14%] Generating generated/primary-selection-unstable-v1.c
[ 14%] Generating generated/text-input-unstable-v2-client.h
[ 14%] Generating generated/relative-pointer-unstable-v1.c
[ 14%] Generating generated/relative-pointer-unstable-v1.c
[ 14%] Generating generated/text-input-unstable-v2.c
[ 15%] Generating generated/text-input-unstable-v3-client.h
[ 15%] Generating generated/text-input-unstable-v2-client.h
[ 15%] Generating generated/relative-pointer-unstable-v1.c
[ 15%] Generating generated/text-input-unstable-v2.c
[ 16%] Generating generated/relative-pointer-unstable-v1-client.h
[ 17%] Generating generated/text-input-unstable-v3-client.h
[ 17%] Generating generated/text-input-unstable-v2.c
[ 17%] Generating generated/text-input-unstable-v2-client.h
[ 18%] Generating generated/viewporter-client.h
[ 18%] Generating generated/text-input-unstable-v3.c
[ 18%] Generating generated/text-input-unstable-v2.c
[ 19%] Generating generated/relative-pointer-unstable-v1-client.h
[ 18%] Generating generated/text-input-unstable-v3-client.h
[ 20%] Generating generated/text-input-unstable-v3-client.h
[ 20%] Generating generated/text-input-unstable-v2-client.h
[ 20%] Generating generated/viewporter.c
[ 20%] Built target test_c_compile
[ 20%] Generating generated/text-input-unstable-v3.c
[ 20%] Generating generated/text-input-unstable-v3.c
[ 20%] Generating generated/viewporter-client.h
[ 20%] Generating generated/viewporter.c
[ 20%] Generating generated/wayland.c
[ 20%] Generating generated/wayland.c
[ 20%] Generating generated/wlr-foreign-toplevel-management-unstable-v1.c
[ 21%] Generating generated/wlr-foreign-toplevel-management-unstable-v1-client.h
[ 21%] Generating generated/text-input-unstable-v3.c
[ 21%] Generating generated/wayland-client.h
[ 21%] Generating generated/wlr-foreign-toplevel-management-unstable-v1.c
[ 22%] Generating generated/wlr-layer-shell-unstable-v1-client.h
[ 23%] Generating generated/wlr-foreign-toplevel-management-unstable-v1-client.h
[ 24%] Generating generated/wlr-foreign-toplevel-management-unstable-v1-client.h
[ 24%] Generating generated/wayland-client.h
[ 24%] Generating generated/wayland-client.h
[ 24%] Generating generated/wayland.c
[ 24%] Generating generated/wayland-client.h
[ 24%] Generating generated/wlr-foreign-toplevel-management-unstable-v1.c
[ 24%] Generating generated/wlr-virtual-pointer-unstable-v1.c
[ 24%] Generating generated/wlr-virtual-pointer-unstable-v1-client.h
[ 25%] Generating generated/wlr-layer-shell-unstable-v1-client.h
[ 25%] Generating generated/wlr-layer-shell-unstable-v1.c
[ 26%] Generating generated/wlr-layer-shell-unstable-v1-client.h
[ 26%] Generating generated/wlr-virtual-pointer-unstable-v1-client.h
[ 27%] Generating generated/wlr-layer-shell-unstable-v1-client.h
[ 27%] Generating generated/wlr-layer-shell-unstable-v1.c
[ 27%] Generating generated/wlr-layer-shell-unstable-v1.c
[ 27%] Generating generated/viewporter-client.h
[ 28%] Generating generated/xdg-decoration-unstable-v1-client.h
[ 29%] Generating generated/wlr-foreign-toplevel-management-unstable-v1-client.h
[ 29%] Generating generated/wlr-virtual-pointer-unstable-v1.c
[ 29%] Generating generated/xdg-decoration-unstable-v1.c
[ 29%] Generating generated/wlr-layer-shell-unstable-v1.c
[ 29%] Generating generated/wlr-virtual-pointer-unstable-v1.c
[ 29%] Generating generated/xdg-decoration-unstable-v1.c
[ 30%] Generating generated/xdg-decoration-unstable-v1-client.h
[ 30%] Generating generated/xdg-output-unstable-v1-client.h
[ 30%] Generating generated/xdg-output-unstable-v1.c
[ 30%] Generating generated/xdg-output-unstable-v1.c
[ 30%] Generating generated/xdg-output-unstable-v1.c
[ 30%] Generating generated/xdg-output-unstable-v1-client.h
[ 32%] Generating generated/xdg-decoration-unstable-v1-client.h
[ 32%] Generating generated/xdg-decoration-unstable-v1-client.h
[ 32%] Generating generated/xdg-decoration-unstable-v1.c
[ 32%] Generating generated/wlr-virtual-pointer-unstable-v1-client.h
[ 32%] Generating generated/xdg-output-unstable-v1-client.h
[ 32%] Generating generated/wlr-virtual-pointer-unstable-v1-client.h
[ 32%] Generating generated/xdg-shell-client.h
[ 33%] Generating generated/xdg-shell-unstable-v6-client.h
[ 33%] Generating generated/xdg-shell-client.h
[ 33%] Generating generated/xdg-shell-unstable-v6.c
[ 33%] Generating generated/xdg-shell-client.h
[ 33%] Generating generated/xdg-shell-unstable-v6.c
[ 34%] Generating generated/xdg-shell-unstable-v6.c
[ 35%] Generating generated/xdg-shell-unstable-v6-client.h
[ 34%] Generating generated/xdg-shell-unstable-v6-client.h
[ 35%] Generating generated/wlr-virtual-pointer-unstable-v1.c
[ 35%] Generating generated/xdg-output-unstable-v1-client.h
[ 35%] Building CXX object CMakeFiles/wlcs.dir/src/gtk_primary_selection.cpp.o
[ 35%] Building CXX object CMakeFiles/wlcs.asan.dir/src/xdg_shell_stable.cpp.o
[ 35%] Building CXX object CMakeFiles/wlcs.dir/src/data_device.cpp.o
[ 35%] Building CXX object CMakeFiles/wlcs.asan.dir/src/data_device.cpp.o
[ 35%] Building CXX object CMakeFiles/wlcs.dir/src/xdg_shell_v6.cpp.o
[ 35%] Building CXX object CMakeFiles/wlcs.dir/src/xdg_shell_stable.cpp.o
[ 35%] Building CXX object CMakeFiles/wlcs.dir/src/helpers.cpp.o
[ 36%] Building CXX object CMakeFiles/wlcs.dir/src/in_process_server.cpp.o
[ 36%] Building CXX object CMakeFiles/wlcs.dir/src/pointer_constraints_unstable_v1.cpp.o
[ 37%] Building CXX object CMakeFiles/wlcs.asan.dir/src/main.cpp.o
[ 37%] Building CXX object CMakeFiles/wlcs.asan.dir/src/helpers.cpp.o
[ 37%] Building CXX object CMakeFiles/wlcs.asan.dir/src/layer_shell_v1.cpp.o
[ 37%] Building CXX object CMakeFiles/wlcs.asan.dir/src/gtk_primary_selection.cpp.o
[ 38%] Building CXX object CMakeFiles/wlcs.dir/src/main.cpp.o
[ 38%] Building CXX object CMakeFiles/wlcs.asan.dir/src/xdg_shell_v6.cpp.o
[ 38%] Building CXX object CMakeFiles/wlcs.dir/src/layer_shell_v1.cpp.o
[ 38%] Building CXX object CMakeFiles/wlcs.asan.dir/src/pointer_constraints_unstable_v1.cpp.o
[ 39%] Building CXX object CMakeFiles/wlcs.asan.dir/src/in_process_server.cpp.o
[ 39%] Building CXX object CMakeFiles/wlcs.ubsan.dir/src/data_device.cpp.o
[ 39%] Building CXX object CMakeFiles/wlcs.tsan.dir/src/data_device.cpp.o
[ 39%] Building CXX object CMakeFiles/wlcs.dir/src/primary_selection.cpp.o
[ 39%] Building CXX object CMakeFiles/wlcs.asan.dir/src/primary_selection.cpp.o
[ 39%] Building CXX object CMakeFiles/wlcs.ubsan.dir/src/gtk_primary_selection.cpp.o
[ 39%] Building CXX object CMakeFiles/wlcs.asan.dir/src/shared_library.cpp.o
[ 39%] Building CXX object CMakeFiles/wlcs.dir/src/shared_library.cpp.o
[ 39%] Building CXX object CMakeFiles/wlcs.tsan.dir/src/gtk_primary_selection.cpp.o
[ 39%] Building CXX object CMakeFiles/wlcs.tsan.dir/src/helpers.cpp.o
[ 39%] Building CXX object CMakeFiles/wlcs.ubsan.dir/src/helpers.cpp.o
[ 40%] Building CXX object CMakeFiles/wlcs.asan.dir/src/relative_pointer_unstable_v1.cpp.o
[ 40%] Building CXX object CMakeFiles/wlcs.asan.dir/src/xfail_supporting_test_listener.cpp.o
[ 41%] Building CXX object CMakeFiles/wlcs.dir/src/relative_pointer_unstable_v1.cpp.o
[ 41%] Building CXX object CMakeFiles/wlcs.dir/src/xfail_supporting_test_listener.cpp.o
[ 41%] Building CXX object CMakeFiles/wlcs.asan.dir/src/xdg_output_v1.cpp.o
[ 41%] Building CXX object CMakeFiles/wlcs.dir/src/xdg_output_v1.cpp.o
[ 41%] Building CXX object CMakeFiles/wlcs.dir/src/version_specifier.cpp.o
[ 42%] Building CXX object CMakeFiles/wlcs.ubsan.dir/src/in_process_server.cpp.o
[ 42%] Building CXX object CMakeFiles/wlcs.asan.dir/src/version_specifier.cpp.o
[ 43%] Building CXX object CMakeFiles/wlcs.tsan.dir/src/in_process_server.cpp.o
[ 44%] Building CXX object CMakeFiles/wlcs.dir/src/surface_builder.cpp.o
[ 44%] Building CXX object CMakeFiles/wlcs.dir/src/xdg_decoration_unstable_v1.cpp.o
[ 44%] Building CXX object CMakeFiles/wlcs.dir/src/input_method.cpp.o
[ 44%] Building CXX object CMakeFiles/wlcs.ubsan.dir/src/xdg_shell_v6.cpp.o
[ 44%] Building CXX object CMakeFiles/wlcs.ubsan.dir/src/xdg_shell_stable.cpp.o
[ 45%] Building CXX object CMakeFiles/wlcs.asan.dir/src/surface_builder.cpp.o
[ 45%] Building C object CMakeFiles/wlcs.dir/generated/gtk-primary-selection.c.o
[ 46%] Building C object CMakeFiles/wlcs.dir/generated/primary-selection-unstable-v1.c.o
[ 46%] Building CXX object CMakeFiles/wlcs.tsan.dir/src/xdg_shell_v6.cpp.o
[ 46%] Building C object CMakeFiles/wlcs.dir/generated/wayland.c.o
[ 46%] Building C object CMakeFiles/wlcs.dir/generated/xdg-shell-unstable-v6.c.o
[ 46%] Building CXX object CMakeFiles/wlcs.asan.dir/src/input_method.cpp.o
[ 46%] Building C object CMakeFiles/wlcs.dir/generated/xdg-shell.c.o
[ 47%] Building C object CMakeFiles/wlcs.dir/generated/wlr-layer-shell-unstable-v1.c.o
[ 47%] Building C object CMakeFiles/wlcs.dir/generated/xdg-output-unstable-v1.c.o
[ 47%] Building C object CMakeFiles/wlcs.dir/generated/wlr-foreign-toplevel-management-unstable-v1.c.o
[ 47%] Building C object CMakeFiles/wlcs.dir/generated/pointer-constraints-unstable-v1.c.o
[ 47%] Building CXX object CMakeFiles/wlcs.ubsan.dir/src/layer_shell_v1.cpp.o
[ 48%] Building C object CMakeFiles/wlcs.dir/generated/relative-pointer-unstable-v1.c.o
[ 48%] Building CXX object CMakeFiles/wlcs.asan.dir/src/xdg_decoration_unstable_v1.cpp.o
[ 48%] Building CXX object CMakeFiles/wlcs.tsan.dir/src/xdg_shell_stable.cpp.o
[ 48%] Building C object CMakeFiles/wlcs.dir/generated/text-input-unstable-v2.c.o
[ 49%] Building CXX object CMakeFiles/wlcs.ubsan.dir/src/main.cpp.o
[ 49%] Building CXX object CMakeFiles/wlcs.tsan.dir/src/layer_shell_v1.cpp.o
[ 49%] Building CXX object CMakeFiles/wlcs.ubsan.dir/src/pointer_constraints_unstable_v1.cpp.o
[ 49%] Building C object CMakeFiles/wlcs.asan.dir/generated/gtk-primary-selection.c.o
[ 50%] Building CXX object CMakeFiles/wlcs.tsan.dir/src/main.cpp.o
[ 50%] Building CXX object CMakeFiles/wlcs.tsan.dir/src/pointer_constraints_unstable_v1.cpp.o
[ 50%] Building CXX object CMakeFiles/wlcs.ubsan.dir/src/primary_selection.cpp.o
[ 50%] Building CXX object CMakeFiles/wlcs.tsan.dir/src/primary_selection.cpp.o
[ 50%] Building CXX object CMakeFiles/wlcs.tsan.dir/src/shared_library.cpp.o
[ 50%] Building C object CMakeFiles/wlcs.dir/generated/text-input-unstable-v3.c.o
[ 50%] Building CXX object CMakeFiles/wlcs.ubsan.dir/src/shared_library.cpp.o
[ 51%] Building CXX object CMakeFiles/wlcs.ubsan.dir/src/relative_pointer_unstable_v1.cpp.o
[ 51%] Building CXX object CMakeFiles/wlcs.ubsan.dir/src/xfail_supporting_test_listener.cpp.o
[ 51%] Building CXX object CMakeFiles/wlcs.ubsan.dir/src/xdg_output_v1.cpp.o
[ 51%] Building CXX object CMakeFiles/wlcs.ubsan.dir/src/version_specifier.cpp.o
[ 51%] Building C object CMakeFiles/wlcs.dir/generated/input-method-unstable-v1.c.o
[ 52%] Building C object CMakeFiles/wlcs.asan.dir/generated/primary-selection-unstable-v1.c.o
[ 52%] Building C object CMakeFiles/wlcs.asan.dir/generated/wayland.c.o
[ 53%] Building CXX object CMakeFiles/wlcs.tsan.dir/src/relative_pointer_unstable_v1.cpp.o
[ 53%] Building CXX object CMakeFiles/wlcs.tsan.dir/src/xfail_supporting_test_listener.cpp.o
[ 54%] Building CXX object CMakeFiles/wlcs.ubsan.dir/src/surface_builder.cpp.o
[ 55%] Building C object CMakeFiles/wlcs.dir/generated/input-method-unstable-v2.c.o
[ 55%] Building C object CMakeFiles/wlcs.asan.dir/generated/xdg-shell-unstable-v6.c.o
[ 55%] Building CXX object CMakeFiles/wlcs.tsan.dir/src/xdg_output_v1.cpp.o
[ 55%] Building CXX object CMakeFiles/wlcs.ubsan.dir/src/input_method.cpp.o
[ 55%] Building C object CMakeFiles/wlcs.asan.dir/generated/xdg-shell.c.o
[ 56%] Building C object CMakeFiles/wlcs.asan.dir/generated/wlr-layer-shell-unstable-v1.c.o
[ 56%] Building C object CMakeFiles/wlcs.asan.dir/generated/xdg-output-unstable-v1.c.o
[ 56%] Building C object CMakeFiles/wlcs.dir/generated/wlr-virtual-pointer-unstable-v1.c.o
[ 56%] Building C object CMakeFiles/wlcs.asan.dir/generated/wlr-foreign-toplevel-management-unstable-v1.c.o
[ 56%] Building C object CMakeFiles/wlcs.asan.dir/generated/pointer-constraints-unstable-v1.c.o
[ 56%] Building CXX object CMakeFiles/wlcs.tsan.dir/src/version_specifier.cpp.o
[ 56%] Building C object CMakeFiles/wlcs.dir/generated/xdg-decoration-unstable-v1.c.o
[ 57%] Building C object CMakeFiles/wlcs.asan.dir/generated/relative-pointer-unstable-v1.c.o
[ 57%] Building CXX object CMakeFiles/wlcs.ubsan.dir/src/xdg_decoration_unstable_v1.cpp.o
[ 57%] Building C object CMakeFiles/wlcs.dir/generated/viewporter.c.o
[ 58%] Building C object CMakeFiles/wlcs.dir/generated/fractional-scale-v1.c.o
[ 58%] Building C object CMakeFiles/wlcs.ubsan.dir/generated/gtk-primary-selection.c.o
[ 59%] Building CXX object CMakeFiles/wlcs.tsan.dir/src/surface_builder.cpp.o
[ 59%] Building CXX object CMakeFiles/wlcs.dir/tests/test_bad_buffer.cpp.o
[ 59%] Building CXX object CMakeFiles/wlcs.tsan.dir/src/input_method.cpp.o
[ 60%] Building C object CMakeFiles/wlcs.ubsan.dir/generated/primary-selection-unstable-v1.c.o
[ 60%] Building C object CMakeFiles/wlcs.ubsan.dir/generated/wayland.c.o
[ 60%] Building CXX object CMakeFiles/wlcs.tsan.dir/src/xdg_decoration_unstable_v1.cpp.o
[ 60%] Building C object CMakeFiles/wlcs.asan.dir/generated/text-input-unstable-v2.c.o
[ 60%] Building C object CMakeFiles/wlcs.asan.dir/generated/text-input-unstable-v3.c.o
[ 60%] Building C object CMakeFiles/wlcs.tsan.dir/generated/gtk-primary-selection.c.o
[ 61%] Building C object CMakeFiles/wlcs.tsan.dir/generated/primary-selection-unstable-v1.c.o
[ 61%] Building C object CMakeFiles/wlcs.ubsan.dir/generated/xdg-shell-unstable-v6.c.o
[ 61%] Building C object CMakeFiles/wlcs.tsan.dir/generated/wayland.c.o
[ 61%] Building CXX object CMakeFiles/wlcs.dir/tests/pointer_constraints.cpp.o
[ 61%] Building C object CMakeFiles/wlcs.ubsan.dir/generated/xdg-shell.c.o
[ 61%] Building C object CMakeFiles/wlcs.asan.dir/generated/input-method-unstable-v1.c.o
[ 62%] Building C object CMakeFiles/wlcs.ubsan.dir/generated/wlr-layer-shell-unstable-v1.c.o
[ 62%] Building CXX object CMakeFiles/wlcs.dir/tests/copy_cut_paste.cpp.o
[ 62%] Building C object CMakeFiles/wlcs.ubsan.dir/generated/xdg-output-unstable-v1.c.o
[ 63%] Building CXX object CMakeFiles/wlcs.dir/tests/gtk_primary_selection.cpp.o
[ 64%] Building C object CMakeFiles/wlcs.asan.dir/generated/input-method-unstable-v2.c.o
[ 64%] Building C object CMakeFiles/wlcs.asan.dir/generated/wlr-virtual-pointer-unstable-v1.c.o
[ 64%] Building C object CMakeFiles/wlcs.asan.dir/generated/xdg-decoration-unstable-v1.c.o
[ 64%] Building C object CMakeFiles/wlcs.asan.dir/generated/viewporter.c.o
[ 65%] Building C object CMakeFiles/wlcs.asan.dir/generated/fractional-scale-v1.c.o
[ 65%] Building CXX object CMakeFiles/wlcs.asan.dir/tests/test_bad_buffer.cpp.o
[ 65%] Building C object CMakeFiles/wlcs.ubsan.dir/generated/wlr-foreign-toplevel-management-unstable-v1.c.o
[ 65%] Building C object CMakeFiles/wlcs.ubsan.dir/generated/pointer-constraints-unstable-v1.c.o
[ 65%] Building CXX object CMakeFiles/wlcs.dir/tests/test_surface_events.cpp.o
[ 65%] Building C object CMakeFiles/wlcs.tsan.dir/generated/xdg-shell-unstable-v6.c.o
[ 66%] Building C object CMakeFiles/wlcs.ubsan.dir/generated/relative-pointer-unstable-v1.c.o
[ 66%] Building CXX object CMakeFiles/wlcs.asan.dir/tests/pointer_constraints.cpp.o
[ 66%] Building CXX object CMakeFiles/wlcs.dir/tests/touches.cpp.o
[ 66%] Building C object CMakeFiles/wlcs.tsan.dir/generated/xdg-shell.c.o
[ 66%] Building C object CMakeFiles/wlcs.ubsan.dir/generated/text-input-unstable-v2.c.o
[ 66%] Building C object CMakeFiles/wlcs.ubsan.dir/generated/text-input-unstable-v3.c.o
[ 66%] Building CXX object CMakeFiles/wlcs.asan.dir/tests/copy_cut_paste.cpp.o
[ 66%] Building CXX object CMakeFiles/wlcs.dir/tests/wl_output.cpp.o
[ 67%] Building CXX object CMakeFiles/wlcs.asan.dir/tests/gtk_primary_selection.cpp.o
[ 68%] Building CXX object CMakeFiles/wlcs.dir/tests/surface_input_regions.cpp.o
[ 68%] Building CXX object CMakeFiles/wlcs.asan.dir/tests/test_surface_events.cpp.o
[ 69%] Building C object CMakeFiles/wlcs.tsan.dir/generated/wlr-layer-shell-unstable-v1.c.o
[ 69%] Building C object CMakeFiles/wlcs.tsan.dir/generated/xdg-output-unstable-v1.c.o
[ 69%] Building C object CMakeFiles/wlcs.ubsan.dir/generated/input-method-unstable-v1.c.o
[ 69%] Building C object CMakeFiles/wlcs.tsan.dir/generated/wlr-foreign-toplevel-management-unstable-v1.c.o
[ 70%] Building C object CMakeFiles/wlcs.ubsan.dir/generated/input-method-unstable-v2.c.o
[ 70%] Building C object CMakeFiles/wlcs.ubsan.dir/generated/wlr-virtual-pointer-unstable-v1.c.o
[ 70%] Building CXX object CMakeFiles/wlcs.asan.dir/tests/touches.cpp.o
[ 70%] Building C object CMakeFiles/wlcs.tsan.dir/generated/pointer-constraints-unstable-v1.c.o
[ 70%] Building C object CMakeFiles/wlcs.ubsan.dir/generated/xdg-decoration-unstable-v1.c.o
[ 70%] Building CXX object CMakeFiles/wlcs.dir/tests/frame_submission.cpp.o
[ 70%] Building C object CMakeFiles/wlcs.ubsan.dir/generated/viewporter.c.o
[ 71%] Building C object CMakeFiles/wlcs.ubsan.dir/generated/fractional-scale-v1.c.o
[ 72%] Building C object CMakeFiles/wlcs.tsan.dir/generated/relative-pointer-unstable-v1.c.o
[ 72%] Building C object CMakeFiles/wlcs.tsan.dir/generated/text-input-unstable-v2.c.o
[ 72%] Building CXX object CMakeFiles/wlcs.dir/tests/primary_selection.cpp.o
[ 72%] Building CXX object CMakeFiles/wlcs.asan.dir/tests/wl_output.cpp.o
[ 72%] Building CXX object CMakeFiles/wlcs.ubsan.dir/tests/test_bad_buffer.cpp.o
[ 72%] Building C object CMakeFiles/wlcs.tsan.dir/generated/text-input-unstable-v3.c.o
[ 72%] Building C object CMakeFiles/wlcs.tsan.dir/generated/input-method-unstable-v1.c.o
[ 73%] Building C object CMakeFiles/wlcs.tsan.dir/generated/input-method-unstable-v2.c.o
[ 74%] Building CXX object CMakeFiles/wlcs.asan.dir/tests/surface_input_regions.cpp.o
[ 74%] Building CXX object CMakeFiles/wlcs.dir/tests/relative_pointer.cpp.o
[ 74%] Building C object CMakeFiles/wlcs.tsan.dir/generated/wlr-virtual-pointer-unstable-v1.c.o
[ 74%] Building C object CMakeFiles/wlcs.tsan.dir/generated/xdg-decoration-unstable-v1.c.o
[ 74%] Building CXX object CMakeFiles/wlcs.ubsan.dir/tests/pointer_constraints.cpp.o
[ 74%] Building C object CMakeFiles/wlcs.tsan.dir/generated/viewporter.c.o
[ 75%] Building C object CMakeFiles/wlcs.tsan.dir/generated/fractional-scale-v1.c.o
[ 75%] Building CXX object CMakeFiles/wlcs.tsan.dir/tests/test_bad_buffer.cpp.o
[ 76%] Building CXX object CMakeFiles/wlcs.dir/tests/subsurfaces.cpp.o
[ 76%] Building CXX object CMakeFiles/wlcs.dir/tests/xdg_surface_v6.cpp.o
[ 76%] Building CXX object CMakeFiles/wlcs.dir/tests/xdg_toplevel_v6.cpp.o
[ 76%] Building CXX object CMakeFiles/wlcs.dir/tests/xdg_surface_stable.cpp.o
[ 76%] Building CXX object CMakeFiles/wlcs.asan.dir/tests/frame_submission.cpp.o
[ 77%] Building CXX object CMakeFiles/wlcs.dir/tests/xdg_toplevel_stable.cpp.o
[ 77%] Building CXX object CMakeFiles/wlcs.ubsan.dir/tests/copy_cut_paste.cpp.o
[ 77%] Building CXX object CMakeFiles/wlcs.asan.dir/tests/primary_selection.cpp.o
[ 77%] Building CXX object CMakeFiles/wlcs.dir/tests/xdg_popup.cpp.o
[ 77%] Building CXX object CMakeFiles/wlcs.tsan.dir/tests/pointer_constraints.cpp.o
[ 77%] Building CXX object CMakeFiles/wlcs.dir/tests/wlr_layer_shell_v1.cpp.o
[ 77%] Building CXX object CMakeFiles/wlcs.asan.dir/tests/relative_pointer.cpp.o
[ 78%] Building CXX object CMakeFiles/wlcs.asan.dir/tests/subsurfaces.cpp.o
[ 79%] Building CXX object CMakeFiles/wlcs.ubsan.dir/tests/gtk_primary_selection.cpp.o
[ 79%] Building CXX object CMakeFiles/wlcs.asan.dir/tests/xdg_surface_v6.cpp.o
[ 79%] Building CXX object CMakeFiles/wlcs.asan.dir/tests/xdg_toplevel_v6.cpp.o
[ 79%] Building CXX object CMakeFiles/wlcs.asan.dir/tests/xdg_surface_stable.cpp.o
[ 79%] Building CXX object CMakeFiles/wlcs.ubsan.dir/tests/test_surface_events.cpp.o
[ 80%] Building CXX object CMakeFiles/wlcs.asan.dir/tests/xdg_toplevel_stable.cpp.o
[ 80%] Building CXX object CMakeFiles/wlcs.tsan.dir/tests/copy_cut_paste.cpp.o
[ 80%] Building CXX object CMakeFiles/wlcs.dir/tests/xdg_output_v1.cpp.o
[ 80%] Building CXX object CMakeFiles/wlcs.asan.dir/tests/xdg_popup.cpp.o
[ 81%] Building CXX object CMakeFiles/wlcs.dir/tests/wlr_foreign_toplevel_management_v1.cpp.o
[ 82%] Building CXX object CMakeFiles/wlcs.tsan.dir/tests/gtk_primary_selection.cpp.o
[ 82%] Building CXX object CMakeFiles/wlcs.asan.dir/tests/wlr_layer_shell_v1.cpp.o
[ 82%] Building CXX object CMakeFiles/wlcs.dir/tests/self_test.cpp.o
[ 82%] Building CXX object CMakeFiles/wlcs.tsan.dir/tests/test_surface_events.cpp.o
[ 82%] Building CXX object CMakeFiles/wlcs.dir/tests/text_input_v3_with_input_method_v2.cpp.o
[ 82%] Building CXX object CMakeFiles/wlcs.asan.dir/tests/xdg_output_v1.cpp.o
[ 83%] Building CXX object CMakeFiles/wlcs.asan.dir/tests/wlr_foreign_toplevel_management_v1.cpp.o
[ 83%] Building CXX object CMakeFiles/wlcs.ubsan.dir/tests/touches.cpp.o
[ 83%] Building CXX object CMakeFiles/wlcs.tsan.dir/tests/touches.cpp.o
[ 83%] Building CXX object CMakeFiles/wlcs.dir/tests/wlr_virtual_pointer_v1.cpp.o
[ 83%] Building CXX object CMakeFiles/wlcs.asan.dir/tests/self_test.cpp.o
[ 84%] Building CXX object CMakeFiles/wlcs.dir/tests/text_input_v2_with_input_method_v1.cpp.o
[ 84%] Building CXX object CMakeFiles/wlcs.dir/tests/xdg_decoration_v1.cpp.o
[ 84%] Building CXX object CMakeFiles/wlcs.asan.dir/tests/text_input_v3_with_input_method_v2.cpp.o
[ 84%] Building CXX object CMakeFiles/wlcs.asan.dir/tests/wlr_virtual_pointer_v1.cpp.o
[ 85%] Building CXX object CMakeFiles/wlcs.asan.dir/tests/text_input_v2_with_input_method_v1.cpp.o
[ 85%] Building CXX object CMakeFiles/wlcs.dir/tests/wp_viewporter.cpp.o
[ 85%] Building CXX object CMakeFiles/wlcs.ubsan.dir/tests/wl_output.cpp.o
[ 85%] Building CXX object CMakeFiles/wlcs.tsan.dir/tests/wl_output.cpp.o
[ 85%] Building CXX object CMakeFiles/wlcs.asan.dir/tests/xdg_decoration_v1.cpp.o
[ 86%] Building CXX object CMakeFiles/wlcs.ubsan.dir/tests/surface_input_regions.cpp.o
[ 87%] Building CXX object CMakeFiles/wlcs.tsan.dir/tests/surface_input_regions.cpp.o
[ 87%] Building CXX object CMakeFiles/wlcs.asan.dir/tests/wp_viewporter.cpp.o
[ 87%] Building CXX object CMakeFiles/wlcs.asan.dir/tests/fractional_scale_v1.cpp.o
[ 87%] Building CXX object CMakeFiles/wlcs.ubsan.dir/tests/frame_submission.cpp.o
[ 87%] Building CXX object CMakeFiles/wlcs.tsan.dir/tests/frame_submission.cpp.o
[ 87%] Building CXX object CMakeFiles/wlcs.dir/tests/fractional_scale_v1.cpp.o
[ 87%] Building CXX object CMakeFiles/wlcs.tsan.dir/tests/primary_selection.cpp.o
[ 87%] Building CXX object CMakeFiles/wlcs.ubsan.dir/tests/primary_selection.cpp.o
[ 87%] Building CXX object CMakeFiles/wlcs.ubsan.dir/tests/relative_pointer.cpp.o
[ 88%] Building CXX object CMakeFiles/wlcs.ubsan.dir/tests/subsurfaces.cpp.o
[ 88%] Building CXX object CMakeFiles/wlcs.tsan.dir/tests/relative_pointer.cpp.o
[ 89%] Building CXX object CMakeFiles/wlcs.tsan.dir/tests/subsurfaces.cpp.o
[ 89%] Building CXX object CMakeFiles/wlcs.ubsan.dir/tests/xdg_surface_v6.cpp.o
[ 89%] Building CXX object CMakeFiles/wlcs.ubsan.dir/tests/xdg_toplevel_v6.cpp.o
[ 89%] Building CXX object CMakeFiles/wlcs.tsan.dir/tests/xdg_surface_v6.cpp.o
[ 89%] Building CXX object CMakeFiles/wlcs.tsan.dir/tests/xdg_toplevel_v6.cpp.o
[ 89%] Building CXX object CMakeFiles/wlcs.ubsan.dir/tests/xdg_surface_stable.cpp.o
[ 90%] Building CXX object CMakeFiles/wlcs.ubsan.dir/tests/xdg_toplevel_stable.cpp.o
[ 91%] Linking CXX executable wlcs
[ 91%] Building CXX object CMakeFiles/wlcs.ubsan.dir/tests/xdg_popup.cpp.o
[ 91%] Building CXX object CMakeFiles/wlcs.tsan.dir/tests/xdg_surface_stable.cpp.o
[ 92%] Building CXX object CMakeFiles/wlcs.tsan.dir/tests/xdg_toplevel_stable.cpp.o
[ 92%] Building CXX object CMakeFiles/wlcs.tsan.dir/tests/xdg_popup.cpp.o
[ 92%] Building CXX object CMakeFiles/wlcs.ubsan.dir/tests/wlr_layer_shell_v1.cpp.o
[ 92%] Building CXX object CMakeFiles/wlcs.tsan.dir/tests/wlr_layer_shell_v1.cpp.o
[ 93%] Linking CXX executable wlcs.asan
[ 93%] Building CXX object CMakeFiles/wlcs.tsan.dir/tests/xdg_output_v1.cpp.o
[ 93%] Building CXX object CMakeFiles/wlcs.ubsan.dir/tests/xdg_output_v1.cpp.o
[ 94%] Building CXX object CMakeFiles/wlcs.ubsan.dir/tests/wlr_foreign_toplevel_management_v1.cpp.o
[ 94%] Building CXX object CMakeFiles/wlcs.ubsan.dir/tests/self_test.cpp.o
[ 95%] Building CXX object CMakeFiles/wlcs.tsan.dir/tests/wlr_foreign_toplevel_management_v1.cpp.o
[ 95%] Building CXX object CMakeFiles/wlcs.tsan.dir/tests/self_test.cpp.o
[ 95%] Building CXX object CMakeFiles/wlcs.tsan.dir/tests/text_input_v3_with_input_method_v2.cpp.o
[ 95%] Building CXX object CMakeFiles/wlcs.tsan.dir/tests/wlr_virtual_pointer_v1.cpp.o
[ 95%] Building CXX object CMakeFiles/wlcs.ubsan.dir/tests/text_input_v3_with_input_method_v2.cpp.o
[ 95%] Building CXX object CMakeFiles/wlcs.ubsan.dir/tests/wlr_virtual_pointer_v1.cpp.o
[ 96%] Building CXX object CMakeFiles/wlcs.tsan.dir/tests/text_input_v2_with_input_method_v1.cpp.o
[ 96%] Building CXX object CMakeFiles/wlcs.tsan.dir/tests/xdg_decoration_v1.cpp.o
[ 97%] Building CXX object CMakeFiles/wlcs.ubsan.dir/tests/text_input_v2_with_input_method_v1.cpp.o
[ 97%] Building CXX object CMakeFiles/wlcs.ubsan.dir/tests/xdg_decoration_v1.cpp.o
[ 97%] Building CXX object CMakeFiles/wlcs.tsan.dir/tests/wp_viewporter.cpp.o
[ 97%] Building CXX object CMakeFiles/wlcs.tsan.dir/tests/fractional_scale_v1.cpp.o
[ 97%] Building CXX object CMakeFiles/wlcs.ubsan.dir/tests/wp_viewporter.cpp.o
[ 97%] Building CXX object CMakeFiles/wlcs.ubsan.dir/tests/fractional_scale_v1.cpp.o
[ 98%] Linking CXX executable wlcs.tsan
[ 99%] Linking CXX executable wlcs.ubsan
[ 99%] Built target wlcs
[ 99%] Built target wlcs.tsan
[ 99%] Built target wlcs.asan
[100%] Built target wlcs.ubsan
