wxgtk-git-debug W: Directory (usr/src/debug/wxgtk-git/build-qt5/libs/propgrid) is empty
wxgtk-git-debug W: Directory (usr/src/debug/wxgtk-git/build-qt5/libs/adv) is empty
wxgtk-git-debug W: Directory (usr/src/debug/wxgtk-git/build-gtk3/libs/qa) is empty
wxgtk-git-debug W: Directory (usr/src/debug/wxgtk-git/build-gtk3/libs/net) is empty
wxgtk-git-debug W: Directory (usr/src/debug/wxgtk-git/build-gtk3/libs/webview) is empty
wxgtk-git-debug W: Directory (usr/src/debug/wxgtk-git/build-gtk3/libs/xrc) is empty
wxgtk-git-debug W: Directory (usr/src/debug/wxgtk-git/build-gtk3/libs/media) is empty
wxgtk-git-debug W: Directory (usr/src/debug/wxgtk-git/build-gtk3/libs/core) is empty
wxgtk-git-debug W: Directory (usr/src/debug/wxgtk-git/build-gtk3/libs/html) is empty
wxgtk-git-debug W: Directory (usr/src/debug/wxgtk-git/build-qt5/libs/html) is empty
wxgtk-git-debug W: Directory (usr/src/debug/wxgtk-git/build-gtk3/libs/aui) is empty
wxgtk-git-debug W: Directory (usr/src/debug/wxgtk-git/build-gtk3/libs/ribbon) is empty
wxgtk-git-debug W: Directory (usr/src/debug/wxgtk-git/build-qt5/libs/xrc) is empty
wxgtk-git-debug W: Directory (usr/src/debug/wxgtk-git/build-qt5/libs/aui) is empty
wxgtk-git-debug W: Directory (usr/src/debug/wxgtk-git/build-gtk3/libs/adv) is empty
wxgtk-git-debug W: Directory (usr/src/debug/wxgtk-git/build-gtk3/utils) is empty
wxgtk-git-debug W: Directory (usr/src/debug/wxgtk-git/build-qt5/libs/richtext) is empty
wxgtk-git-debug W: Directory (usr/src/debug/wxgtk-git/build-gtk3/libs/xml) is empty
wxgtk-git-debug W: Directory (usr/src/debug/wxgtk-git/build-gtk3/libs/propgrid) is empty
wxgtk-git-debug W: Directory (usr/src/debug/wxgtk-git/build-gtk3/libs/stc) is empty
wxgtk-git-debug W: Directory (usr/src/debug/wxgtk-git/build-gtk3/libs/richtext) is empty
wxgtk-git-debug W: Directory (usr/src/debug/wxgtk-git/build-qt5/libs/qa) is empty
wxgtk-git-debug W: Directory (usr/src/debug/wxgtk-git/build-qt5/libs/ribbon) is empty
wxgtk-git-debug W: Directory (usr/src/debug/wxgtk-git/build-qt5/libs/media) is empty
wxgtk-git-debug W: Directory (usr/src/debug/wxgtk-git/build-qt5/libs/core) is empty
wxgtk-git-debug W: Directory (usr/src/debug/wxgtk-git/build-gtk3/libs/base) is empty
wxgtk-git-debug W: Directory (usr/src/debug/wxgtk-git/build-gtk3/libs/gl) is empty
wxgtk-git-debug W: Directory (usr/src/debug/wxgtk-git/build-qt5/libs/gl) is empty
wxgtk-git-debug W: Directory (usr/src/debug/wxgtk-git/build-qt5/libs/stc) is empty
wxgtk-git-debug E: Symlink (usr/lib/debug/.build-id/12/586dff11d2b24defc74470b19ee4bba9aa1c57) points to non-existing ../../../libwx_gtk3u_richtext-3.3.so.1.0.0
wxgtk-git-debug E: Symlink (usr/lib/debug/.build-id/13/1fecc4b67be494d129971c21861bb443cc3e0c) points to non-existing ../../../libwx_baseu_net-3.3.so.1.0.0
wxgtk-git-debug E: Symlink (usr/lib/debug/.build-id/17/0e263e31015ef62cb3aecf7fe4182d441877dc) points to non-existing ../../../libwx_gtk3u_stc-3.3.so.1.0.0
wxgtk-git-debug E: Symlink (usr/lib/debug/.build-id/1b/03bdcabe8f1af4a9ec86425e8e72dbc173fcfc) points to non-existing ../../../wx/3.3.1/web-extensions/webkit2_extu-3.3.1.so
wxgtk-git-debug E: Symlink (usr/lib/debug/.build-id/1e/709e8bb5628ec7f88eda12d51c9c9e9da2c0d0) points to non-existing ../../../libwx_qtu_adv-3.3.so.1.0.0
wxgtk-git-debug E: Symlink (usr/lib/debug/.build-id/24/9d434da6f975d0a65bb752cb8adc219e6ec54e) points to non-existing ../../../libwx_qtu_qa-3.3.so.1.0.0
wxgtk-git-debug E: Symlink (usr/lib/debug/.build-id/4a/54a410e9f8517e06f08aaeec76659a2cf05b6b) points to non-existing ../../../libwx_qtu_ribbon-3.3.so.1.0.0
wxgtk-git-debug E: Symlink (usr/lib/debug/.build-id/53/910f7061683e473476fe2d1701e00ac516b270) points to non-existing ../../../libwx_baseu-3.3.so.1.0.0
wxgtk-git-debug E: Symlink (usr/lib/debug/.build-id/57/63c29897175e300c30a7ed78383d06e820f93c) points to non-existing ../../../libwx_gtk3u_core-3.3.so.1.0.0
wxgtk-git-debug E: Symlink (usr/lib/debug/.build-id/5c/ce163770fb8090c165ea34996417aa43807881) points to non-existing ../../../libwx_qtu_core-3.3.so.1.0.0
wxgtk-git-debug E: Symlink (usr/lib/debug/.build-id/5f/dd6dc0201c024b2304dadb2f0de6edf2b9ce41) points to non-existing ../../../libwx_qtu_xrc-3.3.so.1.0.0
wxgtk-git-debug E: Symlink (usr/lib/debug/.build-id/60/2a66cc73cf23c89eb2e27d8e9cee0049cd56b2) points to non-existing ../../../libwx_qtu_richtext-3.3.so.1.0.0
wxgtk-git-debug E: Symlink (usr/lib/debug/.build-id/63/7985a6a3f5a9932da64cc2c7bb16a0e5ec30a5) points to non-existing ../../../libwx_gtk3u_gl-3.3.so.1.0.0
wxgtk-git-debug E: Symlink (usr/lib/debug/.build-id/6e/3f8658e9fde27a3af1f480d0673c4c3efab6d9) points to non-existing ../../../libwx_gtk3u_ribbon-3.3.so.1.0.0
wxgtk-git-debug E: Symlink (usr/lib/debug/.build-id/72/464d2f87824718419bad67df0643d66b9e5983) points to non-existing ../../../../bin/wxrc-3.3
wxgtk-git-debug E: Symlink (usr/lib/debug/.build-id/7d/55b82318a2af977326633b5e2fa9c42d889863) points to non-existing ../../../libwx_qtu_gl-3.3.so.1.0.0
wxgtk-git-debug E: Symlink (usr/lib/debug/.build-id/7d/6f06774ed1ffb2b4380d7b84ce5ef99da6024e) points to non-existing ../../../libwx_baseu_xml-3.3.so.1.0.0
wxgtk-git-debug E: Symlink (usr/lib/debug/.build-id/8c/2b763a110660ff5d9d306061043f2724e1ac29) points to non-existing ../../../libwx_qtu_aui-3.3.so.1.0.0
wxgtk-git-debug E: Symlink (usr/lib/debug/.build-id/a5/c07c1391e84300792fbb5539cf6a964b97b549) points to non-existing ../../../libwx_gtk3u_adv-3.3.so.1.0.0
wxgtk-git-debug E: Symlink (usr/lib/debug/.build-id/af/d0439847299b6e00c2d5ead9b6b3e928dde96b) points to non-existing ../../../libwx_gtk3u_propgrid-3.3.so.1.0.0
wxgtk-git-debug E: Symlink (usr/lib/debug/.build-id/b9/a4a8c5e3e951e86efdb9dcaff227691ae5d32d) points to non-existing ../../../libwx_gtk3u_xrc-3.3.so.1.0.0
wxgtk-git-debug E: Symlink (usr/lib/debug/.build-id/bc/309a0a62c8a9d5dda77446e9fbd4c8e0137f6f) points to non-existing ../../../libwx_gtk3u_media-3.3.so.1.0.0
wxgtk-git-debug E: Symlink (usr/lib/debug/.build-id/bc/d61f52373a1b7abe7822208c1008e2c76f0a45) points to non-existing ../../../libwx_gtk3u_qa-3.3.so.1.0.0
wxgtk-git-debug E: Symlink (usr/lib/debug/.build-id/cc/a5414408df18a51e3b32951c10e1932b55ac70) points to non-existing ../../../libwx_gtk3u_webview-3.3.so.1.0.0
wxgtk-git-debug E: Symlink (usr/lib/debug/.build-id/d1/0a7dfb407d094ca724688df8188816769b5ae1) points to non-existing ../../../libwx_qtu_html-3.3.so.1.0.0
wxgtk-git-debug E: Symlink (usr/lib/debug/.build-id/d2/bc17281a8e09efd63aa7051fada80c3d8a9448) points to non-existing ../../../libwx_qtu_media-3.3.so.1.0.0
wxgtk-git-debug E: Symlink (usr/lib/debug/.build-id/dd/05b19e644a9916a77af5d0e4adc2a4fa2b06bc) points to non-existing ../../../libwx_qtu_stc-3.3.so.1.0.0
wxgtk-git-debug E: Symlink (usr/lib/debug/.build-id/ea/95de9350554fdddd759abefb823d9f1f02e338) points to non-existing ../../../libwx_gtk3u_html-3.3.so.1.0.0
wxgtk-git-debug E: Symlink (usr/lib/debug/.build-id/f1/eb05992a50ea1cf9935649e8a2906ec22bd0b1) points to non-existing ../../../libwx_gtk3u_aui-3.3.so.1.0.0
wxgtk-git-debug E: Symlink (usr/lib/debug/.build-id/f9/0d8e76e8a6c38636584744919f79285ba1a7fc) points to non-existing ../../../libwx_qtu_propgrid-3.3.so.1.0.0
