-- Install configuration: "None"
-- Installing: /build/wxgtk-git/pkg/wxwidgets-qt5-git/usr/share/locale/af/LC_MESSAGES/wxstd-3.3.mo
-- Installing: /build/wxgtk-git/pkg/wxwidgets-qt5-git/usr/share/locale/an/LC_MESSAGES/wxstd-3.3.mo
-- Installing: /build/wxgtk-git/pkg/wxwidgets-qt5-git/usr/share/locale/ar/LC_MESSAGES/wxstd-3.3.mo
-- Installing: /build/wxgtk-git/pkg/wxwidgets-qt5-git/usr/share/locale/ca/LC_MESSAGES/wxstd-3.3.mo
-- Installing: /build/wxgtk-git/pkg/wxwidgets-qt5-git/usr/share/locale/ca@valencia/LC_MESSAGES/wxstd-3.3.mo
-- Installing: /build/wxgtk-git/pkg/wxwidgets-qt5-git/usr/share/locale/co/LC_MESSAGES/wxstd-3.3.mo
-- Installing: /build/wxgtk-git/pkg/wxwidgets-qt5-git/usr/share/locale/cs/LC_MESSAGES/wxstd-3.3.mo
-- Installing: /build/wxgtk-git/pkg/wxwidgets-qt5-git/usr/share/locale/da/LC_MESSAGES/wxstd-3.3.mo
-- Installing: /build/wxgtk-git/pkg/wxwidgets-qt5-git/usr/share/locale/de/LC_MESSAGES/wxstd-3.3.mo
-- Installing: /build/wxgtk-git/pkg/wxwidgets-qt5-git/usr/share/locale/el/LC_MESSAGES/wxstd-3.3.mo
-- Installing: /build/wxgtk-git/pkg/wxwidgets-qt5-git/usr/share/locale/es/LC_MESSAGES/wxstd-3.3.mo
-- Installing: /build/wxgtk-git/pkg/wxwidgets-qt5-git/usr/share/locale/eu/LC_MESSAGES/wxstd-3.3.mo
-- Installing: /build/wxgtk-git/pkg/wxwidgets-qt5-git/usr/share/locale/fa_IR/LC_MESSAGES/wxstd-3.3.mo
-- Installing: /build/wxgtk-git/pkg/wxwidgets-qt5-git/usr/share/locale/fi/LC_MESSAGES/wxstd-3.3.mo
-- Installing: /build/wxgtk-git/pkg/wxwidgets-qt5-git/usr/share/locale/fr/LC_MESSAGES/wxstd-3.3.mo
-- Installing: /build/wxgtk-git/pkg/wxwidgets-qt5-git/usr/share/locale/gl_ES/LC_MESSAGES/wxstd-3.3.mo
-- Installing: /build/wxgtk-git/pkg/wxwidgets-qt5-git/usr/share/locale/hi/LC_MESSAGES/wxstd-3.3.mo
-- Installing: /build/wxgtk-git/pkg/wxwidgets-qt5-git/usr/share/locale/hr/LC_MESSAGES/wxstd-3.3.mo
-- Installing: /build/wxgtk-git/pkg/wxwidgets-qt5-git/usr/share/locale/hu/LC_MESSAGES/wxstd-3.3.mo
-- Installing: /build/wxgtk-git/pkg/wxwidgets-qt5-git/usr/share/locale/id/LC_MESSAGES/wxstd-3.3.mo
-- Installing: /build/wxgtk-git/pkg/wxwidgets-qt5-git/usr/share/locale/it/LC_MESSAGES/wxstd-3.3.mo
-- Installing: /build/wxgtk-git/pkg/wxwidgets-qt5-git/usr/share/locale/ja/LC_MESSAGES/wxstd-3.3.mo
-- Installing: /build/wxgtk-git/pkg/wxwidgets-qt5-git/usr/share/locale/ka/LC_MESSAGES/wxstd-3.3.mo
-- Installing: /build/wxgtk-git/pkg/wxwidgets-qt5-git/usr/share/locale/ko_KR/LC_MESSAGES/wxstd-3.3.mo
-- Installing: /build/wxgtk-git/pkg/wxwidgets-qt5-git/usr/share/locale/lt/LC_MESSAGES/wxstd-3.3.mo
-- Installing: /build/wxgtk-git/pkg/wxwidgets-qt5-git/usr/share/locale/lv/LC_MESSAGES/wxstd-3.3.mo
-- Installing: /build/wxgtk-git/pkg/wxwidgets-qt5-git/usr/share/locale/ms/LC_MESSAGES/wxstd-3.3.mo
-- Installing: /build/wxgtk-git/pkg/wxwidgets-qt5-git/usr/share/locale/nb/LC_MESSAGES/wxstd-3.3.mo
-- Installing: /build/wxgtk-git/pkg/wxwidgets-qt5-git/usr/share/locale/ne/LC_MESSAGES/wxstd-3.3.mo
-- Installing: /build/wxgtk-git/pkg/wxwidgets-qt5-git/usr/share/locale/nl/LC_MESSAGES/wxstd-3.3.mo
-- Installing: /build/wxgtk-git/pkg/wxwidgets-qt5-git/usr/share/locale/pl/LC_MESSAGES/wxstd-3.3.mo
-- Installing: /build/wxgtk-git/pkg/wxwidgets-qt5-git/usr/share/locale/pt/LC_MESSAGES/wxstd-3.3.mo
-- Installing: /build/wxgtk-git/pkg/wxwidgets-qt5-git/usr/share/locale/pt_BR/LC_MESSAGES/wxstd-3.3.mo
-- Installing: /build/wxgtk-git/pkg/wxwidgets-qt5-git/usr/share/locale/ro/LC_MESSAGES/wxstd-3.3.mo
-- Installing: /build/wxgtk-git/pkg/wxwidgets-qt5-git/usr/share/locale/ru/LC_MESSAGES/wxstd-3.3.mo
-- Installing: /build/wxgtk-git/pkg/wxwidgets-qt5-git/usr/share/locale/sk/LC_MESSAGES/wxstd-3.3.mo
-- Installing: /build/wxgtk-git/pkg/wxwidgets-qt5-git/usr/share/locale/sl/LC_MESSAGES/wxstd-3.3.mo
-- Installing: /build/wxgtk-git/pkg/wxwidgets-qt5-git/usr/share/locale/sq/LC_MESSAGES/wxstd-3.3.mo
-- Installing: /build/wxgtk-git/pkg/wxwidgets-qt5-git/usr/share/locale/sr/LC_MESSAGES/wxstd-3.3.mo
-- Installing: /build/wxgtk-git/pkg/wxwidgets-qt5-git/usr/share/locale/sv/LC_MESSAGES/wxstd-3.3.mo
-- Installing: /build/wxgtk-git/pkg/wxwidgets-qt5-git/usr/share/locale/ta/LC_MESSAGES/wxstd-3.3.mo
-- Installing: /build/wxgtk-git/pkg/wxwidgets-qt5-git/usr/share/locale/tr/LC_MESSAGES/wxstd-3.3.mo
-- Installing: /build/wxgtk-git/pkg/wxwidgets-qt5-git/usr/share/locale/uk/LC_MESSAGES/wxstd-3.3.mo
-- Installing: /build/wxgtk-git/pkg/wxwidgets-qt5-git/usr/share/locale/vi/LC_MESSAGES/wxstd-3.3.mo
-- Installing: /build/wxgtk-git/pkg/wxwidgets-qt5-git/usr/share/locale/zh_CN/LC_MESSAGES/wxstd-3.3.mo
-- Installing: /build/wxgtk-git/pkg/wxwidgets-qt5-git/usr/share/locale/zh_TW/LC_MESSAGES/wxstd-3.3.mo
-- Installing: /build/wxgtk-git/pkg/wxwidgets-qt5-git/usr/lib/libwx_baseu-3.3.so.2.0.0
-- Installing: /build/wxgtk-git/pkg/wxwidgets-qt5-git/usr/lib/libwx_baseu-3.3.so.2
-- Installing: /build/wxgtk-git/pkg/wxwidgets-qt5-git/usr/lib/libwx_baseu-3.3.so
-- Installing: /build/wxgtk-git/pkg/wxwidgets-qt5-git/usr/lib/libwx_baseu_net-3.3.so.2.0.0
-- Installing: /build/wxgtk-git/pkg/wxwidgets-qt5-git/usr/lib/libwx_baseu_net-3.3.so.2
-- Set non-toolchain portion of runtime path of "/build/wxgtk-git/pkg/wxwidgets-qt5-git/usr/lib/libwx_baseu_net-3.3.so.2.0.0" to ""
-- Installing: /build/wxgtk-git/pkg/wxwidgets-qt5-git/usr/lib/libwx_baseu_net-3.3.so
-- Installing: /build/wxgtk-git/pkg/wxwidgets-qt5-git/usr/lib/libwx_qtu_core-3.3.so.2.0.0
-- Installing: /build/wxgtk-git/pkg/wxwidgets-qt5-git/usr/lib/libwx_qtu_core-3.3.so.2
-- Set non-toolchain portion of runtime path of "/build/wxgtk-git/pkg/wxwidgets-qt5-git/usr/lib/libwx_qtu_core-3.3.so.2.0.0" to ""
-- Installing: /build/wxgtk-git/pkg/wxwidgets-qt5-git/usr/lib/libwx_qtu_core-3.3.so
-- Installing: /build/wxgtk-git/pkg/wxwidgets-qt5-git/usr/lib/libwx_qtu_adv-3.3.so.2.0.0
-- Installing: /build/wxgtk-git/pkg/wxwidgets-qt5-git/usr/lib/libwx_qtu_adv-3.3.so.2
-- Set non-toolchain portion of runtime path of "/build/wxgtk-git/pkg/wxwidgets-qt5-git/usr/lib/libwx_qtu_adv-3.3.so.2.0.0" to ""
-- Installing: /build/wxgtk-git/pkg/wxwidgets-qt5-git/usr/lib/libwx_qtu_adv-3.3.so
-- Installing: /build/wxgtk-git/pkg/wxwidgets-qt5-git/usr/lib/libwx_qtu_aui-3.3.so.2.0.0
-- Installing: /build/wxgtk-git/pkg/wxwidgets-qt5-git/usr/lib/libwx_qtu_aui-3.3.so.2
-- Set non-toolchain portion of runtime path of "/build/wxgtk-git/pkg/wxwidgets-qt5-git/usr/lib/libwx_qtu_aui-3.3.so.2.0.0" to ""
-- Installing: /build/wxgtk-git/pkg/wxwidgets-qt5-git/usr/lib/libwx_qtu_aui-3.3.so
-- Installing: /build/wxgtk-git/pkg/wxwidgets-qt5-git/usr/lib/libwx_qtu_html-3.3.so.2.0.0
-- Installing: /build/wxgtk-git/pkg/wxwidgets-qt5-git/usr/lib/libwx_qtu_html-3.3.so.2
-- Set non-toolchain portion of runtime path of "/build/wxgtk-git/pkg/wxwidgets-qt5-git/usr/lib/libwx_qtu_html-3.3.so.2.0.0" to ""
-- Installing: /build/wxgtk-git/pkg/wxwidgets-qt5-git/usr/lib/libwx_qtu_html-3.3.so
-- Installing: /build/wxgtk-git/pkg/wxwidgets-qt5-git/usr/lib/libwx_qtu_propgrid-3.3.so.2.0.0
-- Installing: /build/wxgtk-git/pkg/wxwidgets-qt5-git/usr/lib/libwx_qtu_propgrid-3.3.so.2
-- Set non-toolchain portion of runtime path of "/build/wxgtk-git/pkg/wxwidgets-qt5-git/usr/lib/libwx_qtu_propgrid-3.3.so.2.0.0" to ""
-- Installing: /build/wxgtk-git/pkg/wxwidgets-qt5-git/usr/lib/libwx_qtu_propgrid-3.3.so
-- Installing: /build/wxgtk-git/pkg/wxwidgets-qt5-git/usr/lib/libwx_qtu_ribbon-3.3.so.2.0.0
-- Installing: /build/wxgtk-git/pkg/wxwidgets-qt5-git/usr/lib/libwx_qtu_ribbon-3.3.so.2
-- Set non-toolchain portion of runtime path of "/build/wxgtk-git/pkg/wxwidgets-qt5-git/usr/lib/libwx_qtu_ribbon-3.3.so.2.0.0" to ""
-- Installing: /build/wxgtk-git/pkg/wxwidgets-qt5-git/usr/lib/libwx_qtu_ribbon-3.3.so
-- Installing: /build/wxgtk-git/pkg/wxwidgets-qt5-git/usr/lib/libwx_qtu_richtext-3.3.so.2.0.0
-- Installing: /build/wxgtk-git/pkg/wxwidgets-qt5-git/usr/lib/libwx_qtu_richtext-3.3.so.2
-- Set non-toolchain portion of runtime path of "/build/wxgtk-git/pkg/wxwidgets-qt5-git/usr/lib/libwx_qtu_richtext-3.3.so.2.0.0" to ""
-- Installing: /build/wxgtk-git/pkg/wxwidgets-qt5-git/usr/lib/libwx_qtu_richtext-3.3.so
-- Installing: /build/wxgtk-git/pkg/wxwidgets-qt5-git/usr/lib/libwx_qtu_stc-3.3.so.2.0.0
-- Installing: /build/wxgtk-git/pkg/wxwidgets-qt5-git/usr/lib/libwx_qtu_stc-3.3.so.2
-- Set non-toolchain portion of runtime path of "/build/wxgtk-git/pkg/wxwidgets-qt5-git/usr/lib/libwx_qtu_stc-3.3.so.2.0.0" to ""
-- Installing: /build/wxgtk-git/pkg/wxwidgets-qt5-git/usr/lib/libwx_qtu_stc-3.3.so
-- Installing: /build/wxgtk-git/pkg/wxwidgets-qt5-git/usr/lib/libwx_qtu_xrc-3.3.so.2.0.0
-- Installing: /build/wxgtk-git/pkg/wxwidgets-qt5-git/usr/lib/libwx_qtu_xrc-3.3.so.2
-- Set non-toolchain portion of runtime path of "/build/wxgtk-git/pkg/wxwidgets-qt5-git/usr/lib/libwx_qtu_xrc-3.3.so.2.0.0" to ""
-- Installing: /build/wxgtk-git/pkg/wxwidgets-qt5-git/usr/lib/libwx_qtu_xrc-3.3.so
-- Installing: /build/wxgtk-git/pkg/wxwidgets-qt5-git/usr/lib/libwx_qtu_media-3.3.so.2.0.0
-- Installing: /build/wxgtk-git/pkg/wxwidgets-qt5-git/usr/lib/libwx_qtu_media-3.3.so.2
-- Set non-toolchain portion of runtime path of "/build/wxgtk-git/pkg/wxwidgets-qt5-git/usr/lib/libwx_qtu_media-3.3.so.2.0.0" to ""
-- Installing: /build/wxgtk-git/pkg/wxwidgets-qt5-git/usr/lib/libwx_qtu_media-3.3.so
-- Installing: /build/wxgtk-git/pkg/wxwidgets-qt5-git/usr/lib/libwx_qtu_gl-3.3.so.2.0.0
-- Installing: /build/wxgtk-git/pkg/wxwidgets-qt5-git/usr/lib/libwx_qtu_gl-3.3.so.2
-- Set non-toolchain portion of runtime path of "/build/wxgtk-git/pkg/wxwidgets-qt5-git/usr/lib/libwx_qtu_gl-3.3.so.2.0.0" to ""
-- Installing: /build/wxgtk-git/pkg/wxwidgets-qt5-git/usr/lib/libwx_qtu_gl-3.3.so
-- Installing: /build/wxgtk-git/pkg/wxwidgets-qt5-git/usr/lib/libwx_qtu_qa-3.3.so.2.0.0
-- Installing: /build/wxgtk-git/pkg/wxwidgets-qt5-git/usr/lib/libwx_qtu_qa-3.3.so.2
-- Set non-toolchain portion of runtime path of "/build/wxgtk-git/pkg/wxwidgets-qt5-git/usr/lib/libwx_qtu_qa-3.3.so.2.0.0" to ""
-- Installing: /build/wxgtk-git/pkg/wxwidgets-qt5-git/usr/lib/libwx_qtu_qa-3.3.so
-- Installing: /build/wxgtk-git/pkg/wxwidgets-qt5-git/usr/lib/libwx_baseu_xml-3.3.so.2.0.0
-- Installing: /build/wxgtk-git/pkg/wxwidgets-qt5-git/usr/lib/libwx_baseu_xml-3.3.so.2
-- Set non-toolchain portion of runtime path of "/build/wxgtk-git/pkg/wxwidgets-qt5-git/usr/lib/libwx_baseu_xml-3.3.so.2.0.0" to ""
-- Installing: /build/wxgtk-git/pkg/wxwidgets-qt5-git/usr/lib/libwx_baseu_xml-3.3.so
-- Installing: /build/wxgtk-git/pkg/wxwidgets-qt5-git/usr/bin/wxrc-3.3
-- Set non-toolchain portion of runtime path of "/build/wxgtk-git/pkg/wxwidgets-qt5-git/usr/bin/wxrc-3.3" to ""
-- Installing: Headers...
-- Installing: /build/wxgtk-git/pkg/wxwidgets-qt5-git/usr/include/wx-3.3/wx/afterstd.h
-- Installing: /build/wxgtk-git/pkg/wxwidgets-qt5-git/usr/include/wx-3.3/wx/any.h
-- Installing: /build/wxgtk-git/pkg/wxwidgets-qt5-git/usr/include/wx-3.3/wx/anystr.h
-- Installing: /build/wxgtk-git/pkg/wxwidgets-qt5-git/usr/include/wx-3.3/wx/app.h
-- Installing: /build/wxgtk-git/pkg/wxwidgets-qt5-git/usr/include/wx-3.3/wx/apptrait.h
-- Installing: /build/wxgtk-git/pkg/wxwidgets-qt5-git/usr/include/wx-3.3/wx/archive.h
-- Installing: /build/wxgtk-git/pkg/wxwidgets-qt5-git/usr/include/wx-3.3/wx/arrimpl.cpp
-- Installing: /build/wxgtk-git/pkg/wxwidgets-qt5-git/usr/include/wx-3.3/wx/arrstr.h
-- Installing: /build/wxgtk-git/pkg/wxwidgets-qt5-git/usr/include/wx-3.3/wx/atomic.h
-- Installing: /build/wxgtk-git/pkg/wxwidgets-qt5-git/usr/include/wx-3.3/wx/base64.h
-- Installing: /build/wxgtk-git/pkg/wxwidgets-qt5-git/usr/include/wx-3.3/wx/beforestd.h
-- Installing: /build/wxgtk-git/pkg/wxwidgets-qt5-git/usr/include/wx-3.3/wx/buffer.h
-- Installing: /build/wxgtk-git/pkg/wxwidgets-qt5-git/usr/include/wx-3.3/wx/build.h
-- Installing: /build/wxgtk-git/pkg/wxwidgets-qt5-git/usr/include/wx-3.3/wx/chartype.h
-- Installing: /build/wxgtk-git/pkg/wxwidgets-qt5-git/usr/include/wx-3.3/wx/checkeddelete.h
-- Installing: /build/wxgtk-git/pkg/wxwidgets-qt5-git/usr/include/wx-3.3/wx/chkconf.h
-- Installing: /build/wxgtk-git/pkg/wxwidgets-qt5-git/usr/include/wx-3.3/wx/clntdata.h
-- Installing: /build/wxgtk-git/pkg/wxwidgets-qt5-git/usr/include/wx-3.3/wx/cmdargs.h
-- Installing: /build/wxgtk-git/pkg/wxwidgets-qt5-git/usr/include/wx-3.3/wx/cmdline.h
-- Installing: /build/wxgtk-git/pkg/wxwidgets-qt5-git/usr/include/wx-3.3/wx/compiler.h
-- Installing: /build/wxgtk-git/pkg/wxwidgets-qt5-git/usr/include/wx-3.3/wx/confbase.h
-- Installing: /build/wxgtk-git/pkg/wxwidgets-qt5-git/usr/include/wx-3.3/wx/config.h
-- Installing: /build/wxgtk-git/pkg/wxwidgets-qt5-git/usr/include/wx-3.3/wx/convauto.h
-- Installing: /build/wxgtk-git/pkg/wxwidgets-qt5-git/usr/include/wx-3.3/wx/containr.h
-- Installing: /build/wxgtk-git/pkg/wxwidgets-qt5-git/usr/include/wx-3.3/wx/cpp.h
-- Installing: /build/wxgtk-git/pkg/wxwidgets-qt5-git/usr/include/wx-3.3/wx/crt.h
-- Installing: /build/wxgtk-git/pkg/wxwidgets-qt5-git/usr/include/wx-3.3/wx/datetime.h
-- Installing: /build/wxgtk-git/pkg/wxwidgets-qt5-git/usr/include/wx-3.3/wx/datstrm.h
-- Installing: /build/wxgtk-git/pkg/wxwidgets-qt5-git/usr/include/wx-3.3/wx/dde.h
-- Installing: /build/wxgtk-git/pkg/wxwidgets-qt5-git/usr/include/wx-3.3/wx/debug.h
-- Installing: /build/wxgtk-git/pkg/wxwidgets-qt5-git/usr/include/wx-3.3/wx/defs.h
-- Installing: /build/wxgtk-git/pkg/wxwidgets-qt5-git/usr/include/wx-3.3/wx/dir.h
-- Installing: /build/wxgtk-git/pkg/wxwidgets-qt5-git/usr/include/wx-3.3/wx/dlimpexp.h
-- Installing: /build/wxgtk-git/pkg/wxwidgets-qt5-git/usr/include/wx-3.3/wx/dlist.h
-- Installing: /build/wxgtk-git/pkg/wxwidgets-qt5-git/usr/include/wx-3.3/wx/dynarray.h
-- Installing: /build/wxgtk-git/pkg/wxwidgets-qt5-git/usr/include/wx-3.3/wx/dynlib.h
-- Installing: /build/wxgtk-git/pkg/wxwidgets-qt5-git/usr/include/wx-3.3/wx/dynload.h
-- Installing: /build/wxgtk-git/pkg/wxwidgets-qt5-git/usr/include/wx-3.3/wx/encconv.h
-- Installing: /build/wxgtk-git/pkg/wxwidgets-qt5-git/usr/include/wx-3.3/wx/event.h
-- Installing: /build/wxgtk-git/pkg/wxwidgets-qt5-git/usr/include/wx-3.3/wx/eventfilter.h
-- Installing: /build/wxgtk-git/pkg/wxwidgets-qt5-git/usr/include/wx-3.3/wx/evtloop.h
-- Installing: /build/wxgtk-git/pkg/wxwidgets-qt5-git/usr/include/wx-3.3/wx/evtloopsrc.h
-- Installing: /build/wxgtk-git/pkg/wxwidgets-qt5-git/usr/include/wx-3.3/wx/except.h
-- Installing: /build/wxgtk-git/pkg/wxwidgets-qt5-git/usr/include/wx-3.3/wx/features.h
-- Installing: /build/wxgtk-git/pkg/wxwidgets-qt5-git/usr/include/wx-3.3/wx/flags.h
-- Installing: /build/wxgtk-git/pkg/wxwidgets-qt5-git/usr/include/wx-3.3/wx/ffile.h
-- Installing: /build/wxgtk-git/pkg/wxwidgets-qt5-git/usr/include/wx-3.3/wx/file.h
-- Installing: /build/wxgtk-git/pkg/wxwidgets-qt5-git/usr/include/wx-3.3/wx/fileconf.h
-- Installing: /build/wxgtk-git/pkg/wxwidgets-qt5-git/usr/include/wx-3.3/wx/filefn.h
-- Installing: /build/wxgtk-git/pkg/wxwidgets-qt5-git/usr/include/wx-3.3/wx/filename.h
-- Installing: /build/wxgtk-git/pkg/wxwidgets-qt5-git/usr/include/wx-3.3/wx/filesys.h
-- Installing: /build/wxgtk-git/pkg/wxwidgets-qt5-git/usr/include/wx-3.3/wx/fontenc.h
-- Installing: /build/wxgtk-git/pkg/wxwidgets-qt5-git/usr/include/wx-3.3/wx/fontmap.h
-- Installing: /build/wxgtk-git/pkg/wxwidgets-qt5-git/usr/include/wx-3.3/wx/fs_arc.h
-- Installing: /build/wxgtk-git/pkg/wxwidgets-qt5-git/usr/include/wx-3.3/wx/fs_filter.h
-- Installing: /build/wxgtk-git/pkg/wxwidgets-qt5-git/usr/include/wx-3.3/wx/fs_mem.h
-- Installing: /build/wxgtk-git/pkg/wxwidgets-qt5-git/usr/include/wx-3.3/wx/fs_zip.h
-- Installing: /build/wxgtk-git/pkg/wxwidgets-qt5-git/usr/include/wx-3.3/wx/hash.h
-- Installing: /build/wxgtk-git/pkg/wxwidgets-qt5-git/usr/include/wx-3.3/wx/hashmap.h
-- Installing: /build/wxgtk-git/pkg/wxwidgets-qt5-git/usr/include/wx-3.3/wx/hashset.h
-- Installing: /build/wxgtk-git/pkg/wxwidgets-qt5-git/usr/include/wx-3.3/wx/iconloc.h
-- Installing: /build/wxgtk-git/pkg/wxwidgets-qt5-git/usr/include/wx-3.3/wx/init.h
-- Installing: /build/wxgtk-git/pkg/wxwidgets-qt5-git/usr/include/wx-3.3/wx/intl.h
-- Installing: /build/wxgtk-git/pkg/wxwidgets-qt5-git/usr/include/wx-3.3/wx/iosfwrap.h
-- Installing: /build/wxgtk-git/pkg/wxwidgets-qt5-git/usr/include/wx-3.3/wx/ioswrap.h
-- Installing: /build/wxgtk-git/pkg/wxwidgets-qt5-git/usr/include/wx-3.3/wx/ipc.h
-- Installing: /build/wxgtk-git/pkg/wxwidgets-qt5-git/usr/include/wx-3.3/wx/ipcbase.h
-- Installing: /build/wxgtk-git/pkg/wxwidgets-qt5-git/usr/include/wx-3.3/wx/kbdstate.h
-- Installing: /build/wxgtk-git/pkg/wxwidgets-qt5-git/usr/include/wx-3.3/wx/language.h
-- Installing: /build/wxgtk-git/pkg/wxwidgets-qt5-git/usr/include/wx-3.3/wx/link.h
-- Installing: /build/wxgtk-git/pkg/wxwidgets-qt5-git/usr/include/wx-3.3/wx/list.h
-- Installing: /build/wxgtk-git/pkg/wxwidgets-qt5-git/usr/include/wx-3.3/wx/listimpl.cpp
-- Installing: /build/wxgtk-git/pkg/wxwidgets-qt5-git/usr/include/wx-3.3/wx/log.h
-- Installing: /build/wxgtk-git/pkg/wxwidgets-qt5-git/usr/include/wx-3.3/wx/longlong.h
-- Installing: /build/wxgtk-git/pkg/wxwidgets-qt5-git/usr/include/wx-3.3/wx/math.h
-- Installing: /build/wxgtk-git/pkg/wxwidgets-qt5-git/usr/include/wx-3.3/wx/memconf.h
-- Installing: /build/wxgtk-git/pkg/wxwidgets-qt5-git/usr/include/wx-3.3/wx/memory.h
-- Installing: /build/wxgtk-git/pkg/wxwidgets-qt5-git/usr/include/wx-3.3/wx/memtext.h
-- Installing: /build/wxgtk-git/pkg/wxwidgets-qt5-git/usr/include/wx-3.3/wx/mimetype.h
-- Installing: /build/wxgtk-git/pkg/wxwidgets-qt5-git/usr/include/wx-3.3/wx/module.h
-- Installing: /build/wxgtk-git/pkg/wxwidgets-qt5-git/usr/include/wx-3.3/wx/mousestate.h
-- Installing: /build/wxgtk-git/pkg/wxwidgets-qt5-git/usr/include/wx-3.3/wx/msgout.h
-- Installing: /build/wxgtk-git/pkg/wxwidgets-qt5-git/usr/include/wx-3.3/wx/msgqueue.h
-- Installing: /build/wxgtk-git/pkg/wxwidgets-qt5-git/usr/include/wx-3.3/wx/mstream.h
-- Installing: /build/wxgtk-git/pkg/wxwidgets-qt5-git/usr/include/wx-3.3/wx/numformatter.h
-- Installing: /build/wxgtk-git/pkg/wxwidgets-qt5-git/usr/include/wx-3.3/wx/object.h
-- Installing: /build/wxgtk-git/pkg/wxwidgets-qt5-git/usr/include/wx-3.3/wx/platform.h
-- Installing: /build/wxgtk-git/pkg/wxwidgets-qt5-git/usr/include/wx-3.3/wx/platinfo.h
-- Installing: /build/wxgtk-git/pkg/wxwidgets-qt5-git/usr/include/wx-3.3/wx/process.h
-- Installing: /build/wxgtk-git/pkg/wxwidgets-qt5-git/usr/include/wx-3.3/wx/ptr_scpd.h
-- Installing: /build/wxgtk-git/pkg/wxwidgets-qt5-git/usr/include/wx-3.3/wx/ptr_shrd.h
-- Installing: /build/wxgtk-git/pkg/wxwidgets-qt5-git/usr/include/wx-3.3/wx/recguard.h
-- Installing: /build/wxgtk-git/pkg/wxwidgets-qt5-git/usr/include/wx-3.3/wx/regex.h
-- Installing: /build/wxgtk-git/pkg/wxwidgets-qt5-git/usr/include/wx-3.3/wx/rtti.h
-- Installing: /build/wxgtk-git/pkg/wxwidgets-qt5-git/usr/include/wx-3.3/wx/scopedarray.h
-- Installing: /build/wxgtk-git/pkg/wxwidgets-qt5-git/usr/include/wx-3.3/wx/scopedptr.h
-- Installing: /build/wxgtk-git/pkg/wxwidgets-qt5-git/usr/include/wx-3.3/wx/scopeguard.h
-- Installing: /build/wxgtk-git/pkg/wxwidgets-qt5-git/usr/include/wx-3.3/wx/secretstore.h
-- Installing: /build/wxgtk-git/pkg/wxwidgets-qt5-git/usr/include/wx-3.3/wx/sharedptr.h
-- Installing: /build/wxgtk-git/pkg/wxwidgets-qt5-git/usr/include/wx-3.3/wx/snglinst.h
-- Installing: /build/wxgtk-git/pkg/wxwidgets-qt5-git/usr/include/wx-3.3/wx/sstream.h
-- Installing: /build/wxgtk-git/pkg/wxwidgets-qt5-git/usr/include/wx-3.3/wx/stack.h
-- Installing: /build/wxgtk-git/pkg/wxwidgets-qt5-git/usr/include/wx-3.3/wx/stackwalk.h
-- Installing: /build/wxgtk-git/pkg/wxwidgets-qt5-git/usr/include/wx-3.3/wx/stdpaths.h
-- Installing: /build/wxgtk-git/pkg/wxwidgets-qt5-git/usr/include/wx-3.3/wx/stdstream.h
-- Installing: /build/wxgtk-git/pkg/wxwidgets-qt5-git/usr/include/wx-3.3/wx/stockitem.h
-- Installing: /build/wxgtk-git/pkg/wxwidgets-qt5-git/usr/include/wx-3.3/wx/stopwatch.h
-- Installing: /build/wxgtk-git/pkg/wxwidgets-qt5-git/usr/include/wx-3.3/wx/strconv.h
-- Installing: /build/wxgtk-git/pkg/wxwidgets-qt5-git/usr/include/wx-3.3/wx/stream.h
-- Installing: /build/wxgtk-git/pkg/wxwidgets-qt5-git/usr/include/wx-3.3/wx/string.h
-- Installing: /build/wxgtk-git/pkg/wxwidgets-qt5-git/usr/include/wx-3.3/wx/stringops.h
-- Installing: /build/wxgtk-git/pkg/wxwidgets-qt5-git/usr/include/wx-3.3/wx/strvararg.h
-- Installing: /build/wxgtk-git/pkg/wxwidgets-qt5-git/usr/include/wx-3.3/wx/sysopt.h
-- Installing: /build/wxgtk-git/pkg/wxwidgets-qt5-git/usr/include/wx-3.3/wx/tarstrm.h
-- Installing: /build/wxgtk-git/pkg/wxwidgets-qt5-git/usr/include/wx-3.3/wx/textbuf.h
-- Installing: /build/wxgtk-git/pkg/wxwidgets-qt5-git/usr/include/wx-3.3/wx/textfile.h
-- Installing: /build/wxgtk-git/pkg/wxwidgets-qt5-git/usr/include/wx-3.3/wx/thread.h
-- Installing: /build/wxgtk-git/pkg/wxwidgets-qt5-git/usr/include/wx-3.3/wx/thrimpl.cpp
-- Installing: /build/wxgtk-git/pkg/wxwidgets-qt5-git/usr/include/wx-3.3/wx/time.h
-- Installing: /build/wxgtk-git/pkg/wxwidgets-qt5-git/usr/include/wx-3.3/wx/timer.h
-- Installing: /build/wxgtk-git/pkg/wxwidgets-qt5-git/usr/include/wx-3.3/wx/tls.h
-- Installing: /build/wxgtk-git/pkg/wxwidgets-qt5-git/usr/include/wx-3.3/wx/tokenzr.h
-- Installing: /build/wxgtk-git/pkg/wxwidgets-qt5-git/usr/include/wx-3.3/wx/tracker.h
-- Installing: /build/wxgtk-git/pkg/wxwidgets-qt5-git/usr/include/wx-3.3/wx/translation.h
-- Installing: /build/wxgtk-git/pkg/wxwidgets-qt5-git/usr/include/wx-3.3/wx/txtstrm.h
-- Installing: /build/wxgtk-git/pkg/wxwidgets-qt5-git/usr/include/wx-3.3/wx/typeinfo.h
-- Installing: /build/wxgtk-git/pkg/wxwidgets-qt5-git/usr/include/wx-3.3/wx/types.h
-- Installing: /build/wxgtk-git/pkg/wxwidgets-qt5-git/usr/include/wx-3.3/wx/unichar.h
-- Installing: /build/wxgtk-git/pkg/wxwidgets-qt5-git/usr/include/wx-3.3/wx/uri.h
-- Installing: /build/wxgtk-git/pkg/wxwidgets-qt5-git/usr/include/wx-3.3/wx/ustring.h
-- Installing: /build/wxgtk-git/pkg/wxwidgets-qt5-git/usr/include/wx-3.3/wx/utils.h
-- Installing: /build/wxgtk-git/pkg/wxwidgets-qt5-git/usr/include/wx-3.3/wx/variant.h
-- Installing: /build/wxgtk-git/pkg/wxwidgets-qt5-git/usr/include/wx-3.3/wx/vector.h
-- Installing: /build/wxgtk-git/pkg/wxwidgets-qt5-git/usr/include/wx-3.3/wx/version.h
-- Installing: /build/wxgtk-git/pkg/wxwidgets-qt5-git/usr/include/wx-3.3/wx/versioninfo.h
-- Installing: /build/wxgtk-git/pkg/wxwidgets-qt5-git/usr/include/wx-3.3/wx/volume.h
-- Installing: /build/wxgtk-git/pkg/wxwidgets-qt5-git/usr/include/wx-3.3/wx/weakref.h
-- Installing: /build/wxgtk-git/pkg/wxwidgets-qt5-git/usr/include/wx-3.3/wx/wfstream.h
-- Installing: /build/wxgtk-git/pkg/wxwidgets-qt5-git/usr/include/wx-3.3/wx/wx.h
-- Installing: /build/wxgtk-git/pkg/wxwidgets-qt5-git/usr/include/wx-3.3/wx/wxchar.h
-- Installing: /build/wxgtk-git/pkg/wxwidgets-qt5-git/usr/include/wx-3.3/wx/wxcrt.h
-- Installing: /build/wxgtk-git/pkg/wxwidgets-qt5-git/usr/include/wx-3.3/wx/wxcrtbase.h
-- Installing: /build/wxgtk-git/pkg/wxwidgets-qt5-git/usr/include/wx-3.3/wx/wxcrtvararg.h
-- Installing: /build/wxgtk-git/pkg/wxwidgets-qt5-git/usr/include/wx-3.3/wx/wxprec.h
-- Installing: /build/wxgtk-git/pkg/wxwidgets-qt5-git/usr/include/wx-3.3/wx/xlocale.h
-- Installing: /build/wxgtk-git/pkg/wxwidgets-qt5-git/usr/include/wx-3.3/wx/xti.h
-- Installing: /build/wxgtk-git/pkg/wxwidgets-qt5-git/usr/include/wx-3.3/wx/xti2.h
-- Installing: /build/wxgtk-git/pkg/wxwidgets-qt5-git/usr/include/wx-3.3/wx/xtistrm.h
-- Installing: /build/wxgtk-git/pkg/wxwidgets-qt5-git/usr/include/wx-3.3/wx/xtictor.h
-- Installing: /build/wxgtk-git/pkg/wxwidgets-qt5-git/usr/include/wx-3.3/wx/xtihandler.h
-- Installing: /build/wxgtk-git/pkg/wxwidgets-qt5-git/usr/include/wx-3.3/wx/xtiprop.h
-- Installing: /build/wxgtk-git/pkg/wxwidgets-qt5-git/usr/include/wx-3.3/wx/xtitypes.h
-- Installing: /build/wxgtk-git/pkg/wxwidgets-qt5-git/usr/include/wx-3.3/wx/zipstrm.h
-- Installing: /build/wxgtk-git/pkg/wxwidgets-qt5-git/usr/include/wx-3.3/wx/zstream.h
-- Installing: /build/wxgtk-git/pkg/wxwidgets-qt5-git/usr/include/wx-3.3/wx/meta/convertible.h
-- Installing: /build/wxgtk-git/pkg/wxwidgets-qt5-git/usr/include/wx-3.3/wx/meta/if.h
-- Installing: /build/wxgtk-git/pkg/wxwidgets-qt5-git/usr/include/wx-3.3/wx/meta/implicitconversion.h
-- Installing: /build/wxgtk-git/pkg/wxwidgets-qt5-git/usr/include/wx-3.3/wx/meta/int2type.h
-- Installing: /build/wxgtk-git/pkg/wxwidgets-qt5-git/usr/include/wx-3.3/wx/meta/movable.h
-- Installing: /build/wxgtk-git/pkg/wxwidgets-qt5-git/usr/include/wx-3.3/wx/meta/pod.h
-- Installing: /build/wxgtk-git/pkg/wxwidgets-qt5-git/usr/include/wx-3.3/wx/meta/removeref.h
-- Installing: /build/wxgtk-git/pkg/wxwidgets-qt5-git/usr/include/wx-3.3/wx/fswatcher.h
-- Installing: /build/wxgtk-git/pkg/wxwidgets-qt5-git/usr/include/wx-3.3/wx/generic/fswatcher.h
-- Installing: /build/wxgtk-git/pkg/wxwidgets-qt5-git/usr/include/wx-3.3/wx/lzmastream.h
-- Installing: /build/wxgtk-git/pkg/wxwidgets-qt5-git/usr/include/wx-3.3/wx/localedefs.h
-- Installing: /build/wxgtk-git/pkg/wxwidgets-qt5-git/usr/include/wx-3.3/wx/uilocale.h
-- Installing: /build/wxgtk-git/pkg/wxwidgets-qt5-git/usr/include/wx-3.3/wx/fs_data.h
-- Installing: /build/wxgtk-git/pkg/wxwidgets-qt5-git/usr/include/wx-3.3/wx/unix/fswatcher_inotify.h
-- Installing: /build/wxgtk-git/pkg/wxwidgets-qt5-git/usr/include/wx-3.3/wx/unix/stdpaths.h
-- Installing: /build/wxgtk-git/pkg/wxwidgets-qt5-git/usr/include/wx-3.3/wx/unix/app.h
-- Installing: /build/wxgtk-git/pkg/wxwidgets-qt5-git/usr/include/wx-3.3/wx/unix/apptbase.h
-- Installing: /build/wxgtk-git/pkg/wxwidgets-qt5-git/usr/include/wx-3.3/wx/unix/apptrait.h
-- Installing: /build/wxgtk-git/pkg/wxwidgets-qt5-git/usr/include/wx-3.3/wx/unix/chkconf.h
-- Installing: /build/wxgtk-git/pkg/wxwidgets-qt5-git/usr/include/wx-3.3/wx/unix/evtloop.h
-- Installing: /build/wxgtk-git/pkg/wxwidgets-qt5-git/usr/include/wx-3.3/wx/unix/evtloopsrc.h
-- Installing: /build/wxgtk-git/pkg/wxwidgets-qt5-git/usr/include/wx-3.3/wx/unix/pipe.h
-- Installing: /build/wxgtk-git/pkg/wxwidgets-qt5-git/usr/include/wx-3.3/wx/unix/stackwalk.h
-- Installing: /build/wxgtk-git/pkg/wxwidgets-qt5-git/usr/include/wx-3.3/wx/unix/fswatcher_kqueue.h
-- Installing: /build/wxgtk-git/pkg/wxwidgets-qt5-git/usr/include/wx-3.3/wx/unix/mimetype.h
-- Installing: /build/wxgtk-git/pkg/wxwidgets-qt5-git/usr/include/wx-3.3/wx/fs_inet.h
-- Installing: /build/wxgtk-git/pkg/wxwidgets-qt5-git/usr/include/wx-3.3/wx/protocol/file.h
-- Installing: /build/wxgtk-git/pkg/wxwidgets-qt5-git/usr/include/wx-3.3/wx/protocol/ftp.h
-- Installing: /build/wxgtk-git/pkg/wxwidgets-qt5-git/usr/include/wx-3.3/wx/protocol/http.h
-- Installing: /build/wxgtk-git/pkg/wxwidgets-qt5-git/usr/include/wx-3.3/wx/protocol/log.h
-- Installing: /build/wxgtk-git/pkg/wxwidgets-qt5-git/usr/include/wx-3.3/wx/protocol/protocol.h
-- Installing: /build/wxgtk-git/pkg/wxwidgets-qt5-git/usr/include/wx-3.3/wx/sckaddr.h
-- Installing: /build/wxgtk-git/pkg/wxwidgets-qt5-git/usr/include/wx-3.3/wx/sckipc.h
-- Installing: /build/wxgtk-git/pkg/wxwidgets-qt5-git/usr/include/wx-3.3/wx/sckstrm.h
-- Installing: /build/wxgtk-git/pkg/wxwidgets-qt5-git/usr/include/wx-3.3/wx/socket.h
-- Installing: /build/wxgtk-git/pkg/wxwidgets-qt5-git/usr/include/wx-3.3/wx/url.h
-- Installing: /build/wxgtk-git/pkg/wxwidgets-qt5-git/usr/include/wx-3.3/wx/webrequest.h
-- Installing: /build/wxgtk-git/pkg/wxwidgets-qt5-git/usr/include/wx-3.3/wx/affinematrix2dbase.h
-- Installing: /build/wxgtk-git/pkg/wxwidgets-qt5-git/usr/include/wx-3.3/wx/affinematrix2d.h
-- Installing: /build/wxgtk-git/pkg/wxwidgets-qt5-git/usr/include/wx-3.3/wx/anybutton.h
-- Installing: /build/wxgtk-git/pkg/wxwidgets-qt5-git/usr/include/wx-3.3/wx/bmpbuttn.h
-- Installing: /build/wxgtk-git/pkg/wxwidgets-qt5-git/usr/include/wx-3.3/wx/brush.h
-- Installing: /build/wxgtk-git/pkg/wxwidgets-qt5-git/usr/include/wx-3.3/wx/button.h
-- Installing: /build/wxgtk-git/pkg/wxwidgets-qt5-git/usr/include/wx-3.3/wx/checkbox.h
-- Installing: /build/wxgtk-git/pkg/wxwidgets-qt5-git/usr/include/wx-3.3/wx/checklst.h
-- Installing: /build/wxgtk-git/pkg/wxwidgets-qt5-git/usr/include/wx-3.3/wx/choicdlg.h
-- Installing: /build/wxgtk-git/pkg/wxwidgets-qt5-git/usr/include/wx-3.3/wx/choice.h
-- Installing: /build/wxgtk-git/pkg/wxwidgets-qt5-git/usr/include/wx-3.3/wx/cmndata.h
-- Installing: /build/wxgtk-git/pkg/wxwidgets-qt5-git/usr/include/wx-3.3/wx/collheaderctrl.h
-- Installing: /build/wxgtk-git/pkg/wxwidgets-qt5-git/usr/include/wx-3.3/wx/collpane.h
-- Installing: /build/wxgtk-git/pkg/wxwidgets-qt5-git/usr/include/wx-3.3/wx/combo.h
-- Installing: /build/wxgtk-git/pkg/wxwidgets-qt5-git/usr/include/wx-3.3/wx/combobox.h
-- Installing: /build/wxgtk-git/pkg/wxwidgets-qt5-git/usr/include/wx-3.3/wx/compositewin.h
-- Installing: /build/wxgtk-git/pkg/wxwidgets-qt5-git/usr/include/wx-3.3/wx/control.h
-- Installing: /build/wxgtk-git/pkg/wxwidgets-qt5-git/usr/include/wx-3.3/wx/ctrlsub.h
-- Installing: /build/wxgtk-git/pkg/wxwidgets-qt5-git/usr/include/wx-3.3/wx/cursor.h
-- Installing: /build/wxgtk-git/pkg/wxwidgets-qt5-git/usr/include/wx-3.3/wx/custombgwin.h
-- Installing: /build/wxgtk-git/pkg/wxwidgets-qt5-git/usr/include/wx-3.3/wx/dc.h
-- Installing: /build/wxgtk-git/pkg/wxwidgets-qt5-git/usr/include/wx-3.3/wx/dcclient.h
-- Installing: /build/wxgtk-git/pkg/wxwidgets-qt5-git/usr/include/wx-3.3/wx/dcgraph.h
-- Installing: /build/wxgtk-git/pkg/wxwidgets-qt5-git/usr/include/wx-3.3/wx/dcmemory.h
-- Installing: /build/wxgtk-git/pkg/wxwidgets-qt5-git/usr/include/wx-3.3/wx/dcprint.h
-- Installing: /build/wxgtk-git/pkg/wxwidgets-qt5-git/usr/include/wx-3.3/wx/dcscreen.h
-- Installing: /build/wxgtk-git/pkg/wxwidgets-qt5-git/usr/include/wx-3.3/wx/dcsvg.h
-- Installing: /build/wxgtk-git/pkg/wxwidgets-qt5-git/usr/include/wx-3.3/wx/dialog.h
-- Installing: /build/wxgtk-git/pkg/wxwidgets-qt5-git/usr/include/wx-3.3/wx/dirdlg.h
-- Installing: /build/wxgtk-git/pkg/wxwidgets-qt5-git/usr/include/wx-3.3/wx/dragimag.h
-- Installing: /build/wxgtk-git/pkg/wxwidgets-qt5-git/usr/include/wx-3.3/wx/encinfo.h
-- Installing: /build/wxgtk-git/pkg/wxwidgets-qt5-git/usr/include/wx-3.3/wx/filedlg.h
-- Installing: /build/wxgtk-git/pkg/wxwidgets-qt5-git/usr/include/wx-3.3/wx/frame.h
-- Installing: /build/wxgtk-git/pkg/wxwidgets-qt5-git/usr/include/wx-3.3/wx/gauge.h
-- Installing: /build/wxgtk-git/pkg/wxwidgets-qt5-git/usr/include/wx-3.3/wx/gbsizer.h
-- Installing: /build/wxgtk-git/pkg/wxwidgets-qt5-git/usr/include/wx-3.3/wx/gdicmn.h
-- Installing: /build/wxgtk-git/pkg/wxwidgets-qt5-git/usr/include/wx-3.3/wx/generic/accel.h
-- Installing: /build/wxgtk-git/pkg/wxwidgets-qt5-git/usr/include/wx-3.3/wx/generic/buttonbar.h
-- Installing: /build/wxgtk-git/pkg/wxwidgets-qt5-git/usr/include/wx-3.3/wx/generic/choicdgg.h
-- Installing: /build/wxgtk-git/pkg/wxwidgets-qt5-git/usr/include/wx-3.3/wx/generic/collheaderctrl.h
-- Installing: /build/wxgtk-git/pkg/wxwidgets-qt5-git/usr/include/wx-3.3/wx/generic/combo.h
-- Installing: /build/wxgtk-git/pkg/wxwidgets-qt5-git/usr/include/wx-3.3/wx/generic/custombgwin.h
-- Installing: /build/wxgtk-git/pkg/wxwidgets-qt5-git/usr/include/wx-3.3/wx/generic/dcpsg.h
-- Installing: /build/wxgtk-git/pkg/wxwidgets-qt5-git/usr/include/wx-3.3/wx/generic/dirctrlg.h
-- Installing: /build/wxgtk-git/pkg/wxwidgets-qt5-git/usr/include/wx-3.3/wx/generic/dragimgg.h
-- Installing: /build/wxgtk-git/pkg/wxwidgets-qt5-git/usr/include/wx-3.3/wx/generic/filectrlg.h
-- Installing: /build/wxgtk-git/pkg/wxwidgets-qt5-git/usr/include/wx-3.3/wx/generic/headerctrlg.h
-- Installing: /build/wxgtk-git/pkg/wxwidgets-qt5-git/usr/include/wx-3.3/wx/generic/infobar.h
-- Installing: /build/wxgtk-git/pkg/wxwidgets-qt5-git/usr/include/wx-3.3/wx/generic/logg.h
-- Installing: /build/wxgtk-git/pkg/wxwidgets-qt5-git/usr/include/wx-3.3/wx/generic/msgdlgg.h
-- Installing: /build/wxgtk-git/pkg/wxwidgets-qt5-git/usr/include/wx-3.3/wx/generic/numdlgg.h
-- Installing: /build/wxgtk-git/pkg/wxwidgets-qt5-git/usr/include/wx-3.3/wx/generic/notebook.h
-- Installing: /build/wxgtk-git/pkg/wxwidgets-qt5-git/usr/include/wx-3.3/wx/generic/prntdlgg.h
-- Installing: /build/wxgtk-git/pkg/wxwidgets-qt5-git/usr/include/wx-3.3/wx/generic/printps.h
-- Installing: /build/wxgtk-git/pkg/wxwidgets-qt5-git/usr/include/wx-3.3/wx/generic/progdlgg.h
-- Installing: /build/wxgtk-git/pkg/wxwidgets-qt5-git/usr/include/wx-3.3/wx/generic/richmsgdlgg.h
-- Installing: /build/wxgtk-git/pkg/wxwidgets-qt5-git/usr/include/wx-3.3/wx/generic/scrolwin.h
-- Installing: /build/wxgtk-git/pkg/wxwidgets-qt5-git/usr/include/wx-3.3/wx/generic/spinctlg.h
-- Installing: /build/wxgtk-git/pkg/wxwidgets-qt5-git/usr/include/wx-3.3/wx/generic/splitter.h
-- Installing: /build/wxgtk-git/pkg/wxwidgets-qt5-git/usr/include/wx-3.3/wx/generic/srchctlg.h
-- Installing: /build/wxgtk-git/pkg/wxwidgets-qt5-git/usr/include/wx-3.3/wx/generic/statbmpg.h
-- Installing: /build/wxgtk-git/pkg/wxwidgets-qt5-git/usr/include/wx-3.3/wx/generic/stattextg.h
-- Installing: /build/wxgtk-git/pkg/wxwidgets-qt5-git/usr/include/wx-3.3/wx/generic/textdlgg.h
-- Installing: /build/wxgtk-git/pkg/wxwidgets-qt5-git/usr/include/wx-3.3/wx/generic/treectlg.h
-- Installing: /build/wxgtk-git/pkg/wxwidgets-qt5-git/usr/include/wx-3.3/wx/graphics.h
-- Installing: /build/wxgtk-git/pkg/wxwidgets-qt5-git/usr/include/wx-3.3/wx/headercol.h
-- Installing: /build/wxgtk-git/pkg/wxwidgets-qt5-git/usr/include/wx-3.3/wx/headerctrl.h
-- Installing: /build/wxgtk-git/pkg/wxwidgets-qt5-git/usr/include/wx-3.3/wx/helphtml.h
-- Installing: /build/wxgtk-git/pkg/wxwidgets-qt5-git/usr/include/wx-3.3/wx/icon.h
-- Installing: /build/wxgtk-git/pkg/wxwidgets-qt5-git/usr/include/wx-3.3/wx/infobar.h
-- Installing: /build/wxgtk-git/pkg/wxwidgets-qt5-git/usr/include/wx-3.3/wx/itemid.h
-- Installing: /build/wxgtk-git/pkg/wxwidgets-qt5-git/usr/include/wx-3.3/wx/layout.h
-- Installing: /build/wxgtk-git/pkg/wxwidgets-qt5-git/usr/include/wx-3.3/wx/listbox.h
-- Installing: /build/wxgtk-git/pkg/wxwidgets-qt5-git/usr/include/wx-3.3/wx/mdi.h
-- Installing: /build/wxgtk-git/pkg/wxwidgets-qt5-git/usr/include/wx-3.3/wx/menu.h
-- Installing: /build/wxgtk-git/pkg/wxwidgets-qt5-git/usr/include/wx-3.3/wx/modalhook.h
-- Installing: /build/wxgtk-git/pkg/wxwidgets-qt5-git/usr/include/wx-3.3/wx/mousemanager.h
-- Installing: /build/wxgtk-git/pkg/wxwidgets-qt5-git/usr/include/wx-3.3/wx/msgdlg.h
-- Installing: /build/wxgtk-git/pkg/wxwidgets-qt5-git/usr/include/wx-3.3/wx/nativewin.h
-- Installing: /build/wxgtk-git/pkg/wxwidgets-qt5-git/usr/include/wx-3.3/wx/numdlg.h
-- Installing: /build/wxgtk-git/pkg/wxwidgets-qt5-git/usr/include/wx-3.3/wx/overlay.h
-- Installing: /build/wxgtk-git/pkg/wxwidgets-qt5-git/usr/include/wx-3.3/wx/palette.h
-- Installing: /build/wxgtk-git/pkg/wxwidgets-qt5-git/usr/include/wx-3.3/wx/panel.h
-- Installing: /build/wxgtk-git/pkg/wxwidgets-qt5-git/usr/include/wx-3.3/wx/pen.h
-- Installing: /build/wxgtk-git/pkg/wxwidgets-qt5-git/usr/include/wx-3.3/wx/peninfobase.h
-- Installing: /build/wxgtk-git/pkg/wxwidgets-qt5-git/usr/include/wx-3.3/wx/position.h
-- Installing: /build/wxgtk-git/pkg/wxwidgets-qt5-git/usr/include/wx-3.3/wx/preferences.h
-- Installing: /build/wxgtk-git/pkg/wxwidgets-qt5-git/usr/include/wx-3.3/wx/radiobox.h
-- Installing: /build/wxgtk-git/pkg/wxwidgets-qt5-git/usr/include/wx-3.3/wx/radiobut.h
-- Installing: /build/wxgtk-git/pkg/wxwidgets-qt5-git/usr/include/wx-3.3/wx/range.h
-- Installing: /build/wxgtk-git/pkg/wxwidgets-qt5-git/usr/include/wx-3.3/wx/rearrangectrl.h
-- Installing: /build/wxgtk-git/pkg/wxwidgets-qt5-git/usr/include/wx-3.3/wx/renderer.h
-- Installing: /build/wxgtk-git/pkg/wxwidgets-qt5-git/usr/include/wx-3.3/wx/richmsgdlg.h
-- Installing: /build/wxgtk-git/pkg/wxwidgets-qt5-git/usr/include/wx-3.3/wx/scrolbar.h
-- Installing: /build/wxgtk-git/pkg/wxwidgets-qt5-git/usr/include/wx-3.3/wx/scrolwin.h
-- Installing: /build/wxgtk-git/pkg/wxwidgets-qt5-git/usr/include/wx-3.3/wx/selstore.h
-- Installing: /build/wxgtk-git/pkg/wxwidgets-qt5-git/usr/include/wx-3.3/wx/settings.h
-- Installing: /build/wxgtk-git/pkg/wxwidgets-qt5-git/usr/include/wx-3.3/wx/sizer.h
-- Installing: /build/wxgtk-git/pkg/wxwidgets-qt5-git/usr/include/wx-3.3/wx/slider.h
-- Installing: /build/wxgtk-git/pkg/wxwidgets-qt5-git/usr/include/wx-3.3/wx/statbmp.h
-- Installing: /build/wxgtk-git/pkg/wxwidgets-qt5-git/usr/include/wx-3.3/wx/statbox.h
-- Installing: /build/wxgtk-git/pkg/wxwidgets-qt5-git/usr/include/wx-3.3/wx/stattext.h
-- Installing: /build/wxgtk-git/pkg/wxwidgets-qt5-git/usr/include/wx-3.3/wx/statusbr.h
-- Installing: /build/wxgtk-git/pkg/wxwidgets-qt5-git/usr/include/wx-3.3/wx/systhemectrl.h
-- Installing: /build/wxgtk-git/pkg/wxwidgets-qt5-git/usr/include/wx-3.3/wx/taskbarbutton.h
-- Installing: /build/wxgtk-git/pkg/wxwidgets-qt5-git/usr/include/wx-3.3/wx/testing.h
-- Installing: /build/wxgtk-git/pkg/wxwidgets-qt5-git/usr/include/wx-3.3/wx/textcompleter.h
-- Installing: /build/wxgtk-git/pkg/wxwidgets-qt5-git/usr/include/wx-3.3/wx/textctrl.h
-- Installing: /build/wxgtk-git/pkg/wxwidgets-qt5-git/usr/include/wx-3.3/wx/textdlg.h
-- Installing: /build/wxgtk-git/pkg/wxwidgets-qt5-git/usr/include/wx-3.3/wx/textentry.h
-- Installing: /build/wxgtk-git/pkg/wxwidgets-qt5-git/usr/include/wx-3.3/wx/textwrapper.h
-- Installing: /build/wxgtk-git/pkg/wxwidgets-qt5-git/usr/include/wx-3.3/wx/toolbar.h
-- Installing: /build/wxgtk-git/pkg/wxwidgets-qt5-git/usr/include/wx-3.3/wx/validate.h
-- Installing: /build/wxgtk-git/pkg/wxwidgets-qt5-git/usr/include/wx-3.3/wx/valtext.h
-- Installing: /build/wxgtk-git/pkg/wxwidgets-qt5-git/usr/include/wx-3.3/wx/valnum.h
-- Installing: /build/wxgtk-git/pkg/wxwidgets-qt5-git/usr/include/wx-3.3/wx/window.h
-- Installing: /build/wxgtk-git/pkg/wxwidgets-qt5-git/usr/include/wx-3.3/wx/windowid.h
-- Installing: /build/wxgtk-git/pkg/wxwidgets-qt5-git/usr/include/wx-3.3/wx/windowptr.h
-- Installing: /build/wxgtk-git/pkg/wxwidgets-qt5-git/usr/include/wx-3.3/wx/withimages.h
-- Installing: /build/wxgtk-git/pkg/wxwidgets-qt5-git/usr/include/wx-3.3/wx/wrapsizer.h
-- Installing: /build/wxgtk-git/pkg/wxwidgets-qt5-git/usr/include/wx-3.3/wx/wupdlock.h
-- Installing: /build/wxgtk-git/pkg/wxwidgets-qt5-git/usr/include/wx-3.3/wx/accel.h
-- Installing: /build/wxgtk-git/pkg/wxwidgets-qt5-git/usr/include/wx-3.3/wx/access.h
-- Installing: /build/wxgtk-git/pkg/wxwidgets-qt5-git/usr/include/wx-3.3/wx/anidecod.h
-- Installing: /build/wxgtk-git/pkg/wxwidgets-qt5-git/usr/include/wx-3.3/wx/animdecod.h
-- Installing: /build/wxgtk-git/pkg/wxwidgets-qt5-git/usr/include/wx-3.3/wx/appprogress.h
-- Installing: /build/wxgtk-git/pkg/wxwidgets-qt5-git/usr/include/wx-3.3/wx/artprov.h
-- Installing: /build/wxgtk-git/pkg/wxwidgets-qt5-git/usr/include/wx-3.3/wx/bitmap.h
-- Installing: /build/wxgtk-git/pkg/wxwidgets-qt5-git/usr/include/wx-3.3/wx/bookctrl.h
-- Installing: /build/wxgtk-git/pkg/wxwidgets-qt5-git/usr/include/wx-3.3/wx/busycursor.h
-- Installing: /build/wxgtk-git/pkg/wxwidgets-qt5-git/usr/include/wx-3.3/wx/busyinfo.h
-- Installing: /build/wxgtk-git/pkg/wxwidgets-qt5-git/usr/include/wx-3.3/wx/generic/busyinfo.h
-- Installing: /build/wxgtk-git/pkg/wxwidgets-qt5-git/usr/include/wx-3.3/wx/caret.h
-- Installing: /build/wxgtk-git/pkg/wxwidgets-qt5-git/usr/include/wx-3.3/wx/choicebk.h
-- Installing: /build/wxgtk-git/pkg/wxwidgets-qt5-git/usr/include/wx-3.3/wx/clipbrd.h
-- Installing: /build/wxgtk-git/pkg/wxwidgets-qt5-git/usr/include/wx-3.3/wx/clrpicker.h
-- Installing: /build/wxgtk-git/pkg/wxwidgets-qt5-git/usr/include/wx-3.3/wx/cmdproc.h
-- Installing: /build/wxgtk-git/pkg/wxwidgets-qt5-git/usr/include/wx-3.3/wx/colordlg.h
-- Installing: /build/wxgtk-git/pkg/wxwidgets-qt5-git/usr/include/wx-3.3/wx/colour.h
-- Installing: /build/wxgtk-git/pkg/wxwidgets-qt5-git/usr/include/wx-3.3/wx/colourdata.h
-- Installing: /build/wxgtk-git/pkg/wxwidgets-qt5-git/usr/include/wx-3.3/wx/cshelp.h
-- Installing: /build/wxgtk-git/pkg/wxwidgets-qt5-git/usr/include/wx-3.3/wx/dataobj.h
-- Installing: /build/wxgtk-git/pkg/wxwidgets-qt5-git/usr/include/wx-3.3/wx/dcmirror.h
-- Installing: /build/wxgtk-git/pkg/wxwidgets-qt5-git/usr/include/wx-3.3/wx/dcps.h
-- Installing: /build/wxgtk-git/pkg/wxwidgets-qt5-git/usr/include/wx-3.3/wx/dialup.h
-- Installing: /build/wxgtk-git/pkg/wxwidgets-qt5-git/usr/include/wx-3.3/wx/dirctrl.h
-- Installing: /build/wxgtk-git/pkg/wxwidgets-qt5-git/usr/include/wx-3.3/wx/display.h
-- Installing: /build/wxgtk-git/pkg/wxwidgets-qt5-git/usr/include/wx-3.3/wx/dnd.h
-- Installing: /build/wxgtk-git/pkg/wxwidgets-qt5-git/usr/include/wx-3.3/wx/docmdi.h
-- Installing: /build/wxgtk-git/pkg/wxwidgets-qt5-git/usr/include/wx-3.3/wx/docview.h
-- Installing: /build/wxgtk-git/pkg/wxwidgets-qt5-git/usr/include/wx-3.3/wx/fdrepdlg.h
-- Installing: /build/wxgtk-git/pkg/wxwidgets-qt5-git/usr/include/wx-3.3/wx/filectrl.h
-- Installing: /build/wxgtk-git/pkg/wxwidgets-qt5-git/usr/include/wx-3.3/wx/filehistory.h
-- Installing: /build/wxgtk-git/pkg/wxwidgets-qt5-git/usr/include/wx-3.3/wx/filepicker.h
-- Installing: /build/wxgtk-git/pkg/wxwidgets-qt5-git/usr/include/wx-3.3/wx/fontpicker.h
-- Installing: /build/wxgtk-git/pkg/wxwidgets-qt5-git/usr/include/wx-3.3/wx/fmappriv.h
-- Installing: /build/wxgtk-git/pkg/wxwidgets-qt5-git/usr/include/wx-3.3/wx/font.h
-- Installing: /build/wxgtk-git/pkg/wxwidgets-qt5-git/usr/include/wx-3.3/wx/fontdata.h
-- Installing: /build/wxgtk-git/pkg/wxwidgets-qt5-git/usr/include/wx-3.3/wx/fontdlg.h
-- Installing: /build/wxgtk-git/pkg/wxwidgets-qt5-git/usr/include/wx-3.3/wx/fontenum.h
-- Installing: /build/wxgtk-git/pkg/wxwidgets-qt5-git/usr/include/wx-3.3/wx/fontutil.h
-- Installing: /build/wxgtk-git/pkg/wxwidgets-qt5-git/usr/include/wx-3.3/wx/gdiobj.h
-- Installing: /build/wxgtk-git/pkg/wxwidgets-qt5-git/usr/include/wx-3.3/wx/geometry.h
-- Installing: /build/wxgtk-git/pkg/wxwidgets-qt5-git/usr/include/wx-3.3/wx/gifdecod.h
-- Installing: /build/wxgtk-git/pkg/wxwidgets-qt5-git/usr/include/wx-3.3/wx/help.h
-- Installing: /build/wxgtk-git/pkg/wxwidgets-qt5-git/usr/include/wx-3.3/wx/helpbase.h
-- Installing: /build/wxgtk-git/pkg/wxwidgets-qt5-git/usr/include/wx-3.3/wx/helpwin.h
-- Installing: /build/wxgtk-git/pkg/wxwidgets-qt5-git/usr/include/wx-3.3/wx/iconbndl.h
-- Installing: /build/wxgtk-git/pkg/wxwidgets-qt5-git/usr/include/wx-3.3/wx/imagbmp.h
-- Installing: /build/wxgtk-git/pkg/wxwidgets-qt5-git/usr/include/wx-3.3/wx/image.h
-- Installing: /build/wxgtk-git/pkg/wxwidgets-qt5-git/usr/include/wx-3.3/wx/imaggif.h
-- Installing: /build/wxgtk-git/pkg/wxwidgets-qt5-git/usr/include/wx-3.3/wx/imagiff.h
-- Installing: /build/wxgtk-git/pkg/wxwidgets-qt5-git/usr/include/wx-3.3/wx/imagjpeg.h
-- Installing: /build/wxgtk-git/pkg/wxwidgets-qt5-git/usr/include/wx-3.3/wx/imaglist.h
-- Installing: /build/wxgtk-git/pkg/wxwidgets-qt5-git/usr/include/wx-3.3/wx/imagpcx.h
-- Installing: /build/wxgtk-git/pkg/wxwidgets-qt5-git/usr/include/wx-3.3/wx/imagpng.h
-- Installing: /build/wxgtk-git/pkg/wxwidgets-qt5-git/usr/include/wx-3.3/wx/imagpnm.h
-- Installing: /build/wxgtk-git/pkg/wxwidgets-qt5-git/usr/include/wx-3.3/wx/imagtga.h
-- Installing: /build/wxgtk-git/pkg/wxwidgets-qt5-git/usr/include/wx-3.3/wx/imagtiff.h
-- Installing: /build/wxgtk-git/pkg/wxwidgets-qt5-git/usr/include/wx-3.3/wx/imagxpm.h
-- Installing: /build/wxgtk-git/pkg/wxwidgets-qt5-git/usr/include/wx-3.3/wx/itemattr.h
-- Installing: /build/wxgtk-git/pkg/wxwidgets-qt5-git/usr/include/wx-3.3/wx/listbase.h
-- Installing: /build/wxgtk-git/pkg/wxwidgets-qt5-git/usr/include/wx-3.3/wx/listbook.h
-- Installing: /build/wxgtk-git/pkg/wxwidgets-qt5-git/usr/include/wx-3.3/wx/listctrl.h
-- Installing: /build/wxgtk-git/pkg/wxwidgets-qt5-git/usr/include/wx-3.3/wx/matrix.h
-- Installing: /build/wxgtk-git/pkg/wxwidgets-qt5-git/usr/include/wx-3.3/wx/menuitem.h
-- Installing: /build/wxgtk-git/pkg/wxwidgets-qt5-git/usr/include/wx-3.3/wx/metafile.h
-- Installing: /build/wxgtk-git/pkg/wxwidgets-qt5-git/usr/include/wx-3.3/wx/minifram.h
-- Installing: /build/wxgtk-git/pkg/wxwidgets-qt5-git/usr/include/wx-3.3/wx/nonownedwnd.h
-- Installing: /build/wxgtk-git/pkg/wxwidgets-qt5-git/usr/include/wx-3.3/wx/notebook.h
-- Installing: /build/wxgtk-git/pkg/wxwidgets-qt5-git/usr/include/wx-3.3/wx/ownerdrw.h
-- Installing: /build/wxgtk-git/pkg/wxwidgets-qt5-git/usr/include/wx-3.3/wx/paper.h
-- Installing: /build/wxgtk-git/pkg/wxwidgets-qt5-git/usr/include/wx-3.3/wx/persist.h
-- Installing: /build/wxgtk-git/pkg/wxwidgets-qt5-git/usr/include/wx-3.3/wx/persist/bookctrl.h
-- Installing: /build/wxgtk-git/pkg/wxwidgets-qt5-git/usr/include/wx-3.3/wx/persist/dataview.h
-- Installing: /build/wxgtk-git/pkg/wxwidgets-qt5-git/usr/include/wx-3.3/wx/persist/radiobut.h
-- Installing: /build/wxgtk-git/pkg/wxwidgets-qt5-git/usr/include/wx-3.3/wx/persist/splitter.h
-- Installing: /build/wxgtk-git/pkg/wxwidgets-qt5-git/usr/include/wx-3.3/wx/persist/toplevel.h
-- Installing: /build/wxgtk-git/pkg/wxwidgets-qt5-git/usr/include/wx-3.3/wx/persist/treebook.h
-- Installing: /build/wxgtk-git/pkg/wxwidgets-qt5-git/usr/include/wx-3.3/wx/persist/window.h
-- Installing: /build/wxgtk-git/pkg/wxwidgets-qt5-git/usr/include/wx-3.3/wx/pickerbase.h
-- Installing: /build/wxgtk-git/pkg/wxwidgets-qt5-git/usr/include/wx-3.3/wx/popupwin.h
-- Installing: /build/wxgtk-git/pkg/wxwidgets-qt5-git/usr/include/wx-3.3/wx/print.h
-- Installing: /build/wxgtk-git/pkg/wxwidgets-qt5-git/usr/include/wx-3.3/wx/printdlg.h
-- Installing: /build/wxgtk-git/pkg/wxwidgets-qt5-git/usr/include/wx-3.3/wx/prntbase.h
-- Installing: /build/wxgtk-git/pkg/wxwidgets-qt5-git/usr/include/wx-3.3/wx/progdlg.h
-- Installing: /build/wxgtk-git/pkg/wxwidgets-qt5-git/usr/include/wx-3.3/wx/quantize.h
-- Installing: /build/wxgtk-git/pkg/wxwidgets-qt5-git/usr/include/wx-3.3/wx/rawbmp.h
-- Installing: /build/wxgtk-git/pkg/wxwidgets-qt5-git/usr/include/wx-3.3/wx/region.h
-- Installing: /build/wxgtk-git/pkg/wxwidgets-qt5-git/usr/include/wx-3.3/wx/simplebook.h
-- Installing: /build/wxgtk-git/pkg/wxwidgets-qt5-git/usr/include/wx-3.3/wx/spinbutt.h
-- Installing: /build/wxgtk-git/pkg/wxwidgets-qt5-git/usr/include/wx-3.3/wx/spinctrl.h
-- Installing: /build/wxgtk-git/pkg/wxwidgets-qt5-git/usr/include/wx-3.3/wx/splitter.h
-- Installing: /build/wxgtk-git/pkg/wxwidgets-qt5-git/usr/include/wx-3.3/wx/srchctrl.h
-- Installing: /build/wxgtk-git/pkg/wxwidgets-qt5-git/usr/include/wx-3.3/wx/statline.h
-- Installing: /build/wxgtk-git/pkg/wxwidgets-qt5-git/usr/include/wx-3.3/wx/tbarbase.h
-- Installing: /build/wxgtk-git/pkg/wxwidgets-qt5-git/usr/include/wx-3.3/wx/tglbtn.h
-- Installing: /build/wxgtk-git/pkg/wxwidgets-qt5-git/usr/include/wx-3.3/wx/tipwin.h
-- Installing: /build/wxgtk-git/pkg/wxwidgets-qt5-git/usr/include/wx-3.3/wx/toolbook.h
-- Installing: /build/wxgtk-git/pkg/wxwidgets-qt5-git/usr/include/wx-3.3/wx/tooltip.h
-- Installing: /build/wxgtk-git/pkg/wxwidgets-qt5-git/usr/include/wx-3.3/wx/toplevel.h
-- Installing: /build/wxgtk-git/pkg/wxwidgets-qt5-git/usr/include/wx-3.3/wx/treebase.h
-- Installing: /build/wxgtk-git/pkg/wxwidgets-qt5-git/usr/include/wx-3.3/wx/treebook.h
-- Installing: /build/wxgtk-git/pkg/wxwidgets-qt5-git/usr/include/wx-3.3/wx/treectrl.h
-- Installing: /build/wxgtk-git/pkg/wxwidgets-qt5-git/usr/include/wx-3.3/wx/uiaction.h
-- Installing: /build/wxgtk-git/pkg/wxwidgets-qt5-git/usr/include/wx-3.3/wx/valgen.h
-- Installing: /build/wxgtk-git/pkg/wxwidgets-qt5-git/usr/include/wx-3.3/wx/vidmode.h
-- Installing: /build/wxgtk-git/pkg/wxwidgets-qt5-git/usr/include/wx-3.3/wx/vlbox.h
-- Installing: /build/wxgtk-git/pkg/wxwidgets-qt5-git/usr/include/wx-3.3/wx/vms_x_fix.h
-- Installing: /build/wxgtk-git/pkg/wxwidgets-qt5-git/usr/include/wx-3.3/wx/vscroll.h
-- Installing: /build/wxgtk-git/pkg/wxwidgets-qt5-git/usr/include/wx-3.3/wx/xpmdecod.h
-- Installing: /build/wxgtk-git/pkg/wxwidgets-qt5-git/usr/include/wx-3.3/wx/xpmhand.h
-- Installing: /build/wxgtk-git/pkg/wxwidgets-qt5-git/usr/include/wx-3.3/wx/xrc/xmlreshandler.h
-- Installing: /build/wxgtk-git/pkg/wxwidgets-qt5-git/usr/include/wx-3.3/wx/splash.h
-- Installing: /build/wxgtk-git/pkg/wxwidgets-qt5-git/usr/include/wx-3.3/wx/dateevt.h
-- Installing: /build/wxgtk-git/pkg/wxwidgets-qt5-git/usr/include/wx-3.3/wx/editlbox.h
-- Installing: /build/wxgtk-git/pkg/wxwidgets-qt5-git/usr/include/wx-3.3/wx/generic/hyperlink.h
-- Installing: /build/wxgtk-git/pkg/wxwidgets-qt5-git/usr/include/wx-3.3/wx/joystick.h
-- Installing: /build/wxgtk-git/pkg/wxwidgets-qt5-git/usr/include/wx-3.3/wx/dcbuffer.h
-- Installing: /build/wxgtk-git/pkg/wxwidgets-qt5-git/usr/include/wx-3.3/wx/timectrl.h
-- Installing: /build/wxgtk-git/pkg/wxwidgets-qt5-git/usr/include/wx-3.3/wx/hyperlink.h
-- Installing: /build/wxgtk-git/pkg/wxwidgets-qt5-git/usr/include/wx-3.3/wx/bmpcbox.h
-- Installing: /build/wxgtk-git/pkg/wxwidgets-qt5-git/usr/include/wx-3.3/wx/addremovectrl.h
-- Installing: /build/wxgtk-git/pkg/wxwidgets-qt5-git/usr/include/wx-3.3/wx/generic/gridctrl.h
-- Installing: /build/wxgtk-git/pkg/wxwidgets-qt5-git/usr/include/wx-3.3/wx/generic/notifmsg.h
-- Installing: /build/wxgtk-git/pkg/wxwidgets-qt5-git/usr/include/wx-3.3/wx/odcombo.h
-- Installing: /build/wxgtk-git/pkg/wxwidgets-qt5-git/usr/include/wx-3.3/wx/animate.h
-- Installing: /build/wxgtk-git/pkg/wxwidgets-qt5-git/usr/include/wx-3.3/wx/sashwin.h
-- Installing: /build/wxgtk-git/pkg/wxwidgets-qt5-git/usr/include/wx-3.3/wx/generic/propdlg.h
-- Installing: /build/wxgtk-git/pkg/wxwidgets-qt5-git/usr/include/wx-3.3/wx/tipdlg.h
-- Installing: /build/wxgtk-git/pkg/wxwidgets-qt5-git/usr/include/wx-3.3/wx/dataview.h
-- Installing: /build/wxgtk-git/pkg/wxwidgets-qt5-git/usr/include/wx-3.3/wx/generic/helpext.h
-- Installing: /build/wxgtk-git/pkg/wxwidgets-qt5-git/usr/include/wx-3.3/wx/grid.h
-- Installing: /build/wxgtk-git/pkg/wxwidgets-qt5-git/usr/include/wx-3.3/wx/generic/grid.h
-- Installing: /build/wxgtk-git/pkg/wxwidgets-qt5-git/usr/include/wx-3.3/wx/generic/grideditors.h
-- Installing: /build/wxgtk-git/pkg/wxwidgets-qt5-git/usr/include/wx-3.3/wx/wizard.h
-- Installing: /build/wxgtk-git/pkg/wxwidgets-qt5-git/usr/include/wx-3.3/wx/generic/dataview.h
-- Installing: /build/wxgtk-git/pkg/wxwidgets-qt5-git/usr/include/wx-3.3/wx/generic/wizard.h
-- Installing: /build/wxgtk-git/pkg/wxwidgets-qt5-git/usr/include/wx-3.3/wx/generic/dvrenderers.h
-- Installing: /build/wxgtk-git/pkg/wxwidgets-qt5-git/usr/include/wx-3.3/wx/generic/bmpcbox.h
-- Installing: /build/wxgtk-git/pkg/wxwidgets-qt5-git/usr/include/wx-3.3/wx/datetimectrl.h
-- Installing: /build/wxgtk-git/pkg/wxwidgets-qt5-git/usr/include/wx-3.3/wx/activityindicator.h
-- Installing: /build/wxgtk-git/pkg/wxwidgets-qt5-git/usr/include/wx-3.3/wx/bannerwindow.h
-- Installing: /build/wxgtk-git/pkg/wxwidgets-qt5-git/usr/include/wx-3.3/wx/dvrenderers.h
-- Installing: /build/wxgtk-git/pkg/wxwidgets-qt5-git/usr/include/wx-3.3/wx/generic/datectrl.h
-- Installing: /build/wxgtk-git/pkg/wxwidgets-qt5-git/usr/include/wx-3.3/wx/calctrl.h
-- Installing: /build/wxgtk-git/pkg/wxwidgets-qt5-git/usr/include/wx-3.3/wx/propdlg.h
-- Installing: /build/wxgtk-git/pkg/wxwidgets-qt5-git/usr/include/wx-3.3/wx/generic/dvrenderer.h
-- Installing: /build/wxgtk-git/pkg/wxwidgets-qt5-git/usr/include/wx-3.3/wx/generic/timectrl.h
-- Installing: /build/wxgtk-git/pkg/wxwidgets-qt5-git/usr/include/wx-3.3/wx/commandlinkbutton.h
-- Installing: /build/wxgtk-git/pkg/wxwidgets-qt5-git/usr/include/wx-3.3/wx/richtooltip.h
-- Installing: /build/wxgtk-git/pkg/wxwidgets-qt5-git/usr/include/wx-3.3/wx/sound.h
-- Installing: /build/wxgtk-git/pkg/wxwidgets-qt5-git/usr/include/wx-3.3/wx/generic/aboutdlgg.h
-- Installing: /build/wxgtk-git/pkg/wxwidgets-qt5-git/usr/include/wx-3.3/wx/taskbar.h
-- Installing: /build/wxgtk-git/pkg/wxwidgets-qt5-git/usr/include/wx-3.3/wx/treelist.h
-- Installing: /build/wxgtk-git/pkg/wxwidgets-qt5-git/usr/include/wx-3.3/wx/notifmsg.h
-- Installing: /build/wxgtk-git/pkg/wxwidgets-qt5-git/usr/include/wx-3.3/wx/datectrl.h
-- Installing: /build/wxgtk-git/pkg/wxwidgets-qt5-git/usr/include/wx-3.3/wx/laywin.h
-- Installing: /build/wxgtk-git/pkg/wxwidgets-qt5-git/usr/include/wx-3.3/wx/generic/gridsel.h
-- Installing: /build/wxgtk-git/pkg/wxwidgets-qt5-git/usr/include/wx-3.3/wx/aboutdlg.h
-- Installing: /build/wxgtk-git/pkg/wxwidgets-qt5-git/usr/include/wx-3.3/wx/generic/laywin.h
-- Installing: /build/wxgtk-git/pkg/wxwidgets-qt5-git/usr/include/wx-3.3/wx/generic/splash.h
-- Installing: /build/wxgtk-git/pkg/wxwidgets-qt5-git/usr/include/wx-3.3/wx/generic/calctrlg.h
-- Installing: /build/wxgtk-git/pkg/wxwidgets-qt5-git/usr/include/wx-3.3/wx/generic/sashwin.h
-- Installing: /build/wxgtk-git/pkg/wxwidgets-qt5-git/usr/include/wx-3.3/wx/creddlg.h
-- Installing: /build/wxgtk-git/pkg/wxwidgets-qt5-git/usr/include/wx-3.3/wx/generic/creddlgg.h
-- Installing: /build/wxgtk-git/pkg/wxwidgets-qt5-git/usr/include/wx-3.3/wx/generic/animate.h
-- Installing: /build/wxgtk-git/pkg/wxwidgets-qt5-git/usr/include/wx-3.3/wx/bmpbndl.h
-- Installing: /build/wxgtk-git/pkg/wxwidgets-qt5-git/usr/include/wx-3.3/wx/filedlgcustomize.h
-- Installing: /build/wxgtk-git/pkg/wxwidgets-qt5-git/usr/include/wx-3.3/wx/compositebookctrl.h
-- Installing: /build/wxgtk-git/pkg/wxwidgets-qt5-git/usr/include/wx-3.3/wx/persist/combobox.h
-- Installing: /build/wxgtk-git/pkg/wxwidgets-qt5-git/usr/include/wx-3.3/wx/power.h
-- Installing: /build/wxgtk-git/pkg/wxwidgets-qt5-git/usr/include/wx-3.3/wx/webpdecoder.h
-- Installing: /build/wxgtk-git/pkg/wxwidgets-qt5-git/usr/include/wx-3.3/wx/imagwebp.h
-- Installing: /build/wxgtk-git/pkg/wxwidgets-qt5-git/usr/include/wx-3.3/wx/persist/checkbox.h
-- Installing: /build/wxgtk-git/pkg/wxwidgets-qt5-git/usr/include/wx-3.3/wx/qt/accel.h
-- Installing: /build/wxgtk-git/pkg/wxwidgets-qt5-git/usr/include/wx-3.3/wx/qt/app.h
-- Installing: /build/wxgtk-git/pkg/wxwidgets-qt5-git/usr/include/wx-3.3/wx/qt/bitmap.h
-- Installing: /build/wxgtk-git/pkg/wxwidgets-qt5-git/usr/include/wx-3.3/wx/qt/bmpbuttn.h
-- Installing: /build/wxgtk-git/pkg/wxwidgets-qt5-git/usr/include/wx-3.3/wx/qt/brush.h
-- Installing: /build/wxgtk-git/pkg/wxwidgets-qt5-git/usr/include/wx-3.3/wx/qt/anybutton.h
-- Installing: /build/wxgtk-git/pkg/wxwidgets-qt5-git/usr/include/wx-3.3/wx/qt/button.h
-- Installing: /build/wxgtk-git/pkg/wxwidgets-qt5-git/usr/include/wx-3.3/wx/generic/caret.h
-- Installing: /build/wxgtk-git/pkg/wxwidgets-qt5-git/usr/include/wx-3.3/wx/qt/checkbox.h
-- Installing: /build/wxgtk-git/pkg/wxwidgets-qt5-git/usr/include/wx-3.3/wx/qt/checklst.h
-- Installing: /build/wxgtk-git/pkg/wxwidgets-qt5-git/usr/include/wx-3.3/wx/qt/choice.h
-- Installing: /build/wxgtk-git/pkg/wxwidgets-qt5-git/usr/include/wx-3.3/wx/qt/clipbrd.h
-- Installing: /build/wxgtk-git/pkg/wxwidgets-qt5-git/usr/include/wx-3.3/wx/qt/clrpicker.h
-- Installing: /build/wxgtk-git/pkg/wxwidgets-qt5-git/usr/include/wx-3.3/wx/generic/clrpickerg.h
-- Installing: /build/wxgtk-git/pkg/wxwidgets-qt5-git/usr/include/wx-3.3/wx/generic/collpaneg.h
-- Installing: /build/wxgtk-git/pkg/wxwidgets-qt5-git/usr/include/wx-3.3/wx/qt/colordlg.h
-- Installing: /build/wxgtk-git/pkg/wxwidgets-qt5-git/usr/include/wx-3.3/wx/qt/colour.h
-- Installing: /build/wxgtk-git/pkg/wxwidgets-qt5-git/usr/include/wx-3.3/wx/qt/combobox.h
-- Installing: /build/wxgtk-git/pkg/wxwidgets-qt5-git/usr/include/wx-3.3/wx/qt/control.h
-- Installing: /build/wxgtk-git/pkg/wxwidgets-qt5-git/usr/include/wx-3.3/wx/qt/ctrlsub.h
-- Installing: /build/wxgtk-git/pkg/wxwidgets-qt5-git/usr/include/wx-3.3/wx/qt/cursor.h
-- Installing: /build/wxgtk-git/pkg/wxwidgets-qt5-git/usr/include/wx-3.3/wx/qt/dataform.h
-- Installing: /build/wxgtk-git/pkg/wxwidgets-qt5-git/usr/include/wx-3.3/wx/qt/dataobj2.h
-- Installing: /build/wxgtk-git/pkg/wxwidgets-qt5-git/usr/include/wx-3.3/wx/qt/dataobj.h
-- Installing: /build/wxgtk-git/pkg/wxwidgets-qt5-git/usr/include/wx-3.3/wx/qt/dcclient.h
-- Installing: /build/wxgtk-git/pkg/wxwidgets-qt5-git/usr/include/wx-3.3/wx/qt/dc.h
-- Installing: /build/wxgtk-git/pkg/wxwidgets-qt5-git/usr/include/wx-3.3/wx/qt/dcmemory.h
-- Installing: /build/wxgtk-git/pkg/wxwidgets-qt5-git/usr/include/wx-3.3/wx/qt/dcprint.h
-- Installing: /build/wxgtk-git/pkg/wxwidgets-qt5-git/usr/include/wx-3.3/wx/qt/dcscreen.h
-- Installing: /build/wxgtk-git/pkg/wxwidgets-qt5-git/usr/include/wx-3.3/wx/qt/defs.h
-- Installing: /build/wxgtk-git/pkg/wxwidgets-qt5-git/usr/include/wx-3.3/wx/qt/dialog.h
-- Installing: /build/wxgtk-git/pkg/wxwidgets-qt5-git/usr/include/wx-3.3/wx/qt/dirdlg.h
-- Installing: /build/wxgtk-git/pkg/wxwidgets-qt5-git/usr/include/wx-3.3/wx/qt/dnd.h
-- Installing: /build/wxgtk-git/pkg/wxwidgets-qt5-git/usr/include/wx-3.3/wx/qt/evtloop.h
-- Installing: /build/wxgtk-git/pkg/wxwidgets-qt5-git/usr/include/wx-3.3/wx/generic/fdrepdlg.h
-- Installing: /build/wxgtk-git/pkg/wxwidgets-qt5-git/usr/include/wx-3.3/wx/qt/filedlg.h
-- Installing: /build/wxgtk-git/pkg/wxwidgets-qt5-git/usr/include/wx-3.3/wx/generic/filepickerg.h
-- Installing: /build/wxgtk-git/pkg/wxwidgets-qt5-git/usr/include/wx-3.3/wx/qt/font.h
-- Installing: /build/wxgtk-git/pkg/wxwidgets-qt5-git/usr/include/wx-3.3/wx/qt/fontdlg.h
-- Installing: /build/wxgtk-git/pkg/wxwidgets-qt5-git/usr/include/wx-3.3/wx/generic/fontpickerg.h
-- Installing: /build/wxgtk-git/pkg/wxwidgets-qt5-git/usr/include/wx-3.3/wx/qt/frame.h
-- Installing: /build/wxgtk-git/pkg/wxwidgets-qt5-git/usr/include/wx-3.3/wx/qt/gauge.h
-- Installing: /build/wxgtk-git/pkg/wxwidgets-qt5-git/usr/include/wx-3.3/wx/generic/icon.h
-- Installing: /build/wxgtk-git/pkg/wxwidgets-qt5-git/usr/include/wx-3.3/wx/generic/imaglist.h
-- Installing: /build/wxgtk-git/pkg/wxwidgets-qt5-git/usr/include/wx-3.3/wx/qt/listbox.h
-- Installing: /build/wxgtk-git/pkg/wxwidgets-qt5-git/usr/include/wx-3.3/wx/qt/listctrl.h
-- Installing: /build/wxgtk-git/pkg/wxwidgets-qt5-git/usr/include/wx-3.3/wx/qt/mdi.h
-- Installing: /build/wxgtk-git/pkg/wxwidgets-qt5-git/usr/include/wx-3.3/wx/qt/menu.h
-- Installing: /build/wxgtk-git/pkg/wxwidgets-qt5-git/usr/include/wx-3.3/wx/qt/menuitem.h
-- Installing: /build/wxgtk-git/pkg/wxwidgets-qt5-git/usr/include/wx-3.3/wx/qt/minifram.h
-- Installing: /build/wxgtk-git/pkg/wxwidgets-qt5-git/usr/include/wx-3.3/wx/qt/msgdlg.h
-- Installing: /build/wxgtk-git/pkg/wxwidgets-qt5-git/usr/include/wx-3.3/wx/qt/nonownedwnd.h
-- Installing: /build/wxgtk-git/pkg/wxwidgets-qt5-git/usr/include/wx-3.3/wx/qt/notebook.h
-- Installing: /build/wxgtk-git/pkg/wxwidgets-qt5-git/usr/include/wx-3.3/wx/qt/pen.h
-- Installing: /build/wxgtk-git/pkg/wxwidgets-qt5-git/usr/include/wx-3.3/wx/qt/popupwin.h
-- Installing: /build/wxgtk-git/pkg/wxwidgets-qt5-git/usr/include/wx-3.3/wx/qt/printdlg.h
-- Up-to-date: /build/wxgtk-git/pkg/wxwidgets-qt5-git/usr/include/wx-3.3/wx/generic/prntdlgg.h
-- Installing: /build/wxgtk-git/pkg/wxwidgets-qt5-git/usr/include/wx-3.3/wx/qt/printqt.h
-- Installing: /build/wxgtk-git/pkg/wxwidgets-qt5-git/usr/include/wx-3.3/wx/qt/radiobox.h
-- Installing: /build/wxgtk-git/pkg/wxwidgets-qt5-git/usr/include/wx-3.3/wx/qt/radiobut.h
-- Installing: /build/wxgtk-git/pkg/wxwidgets-qt5-git/usr/include/wx-3.3/wx/qt/region.h
-- Installing: /build/wxgtk-git/pkg/wxwidgets-qt5-git/usr/include/wx-3.3/wx/qt/scrolbar.h
-- Installing: /build/wxgtk-git/pkg/wxwidgets-qt5-git/usr/include/wx-3.3/wx/qt/slider.h
-- Installing: /build/wxgtk-git/pkg/wxwidgets-qt5-git/usr/include/wx-3.3/wx/qt/spinbutt.h
-- Installing: /build/wxgtk-git/pkg/wxwidgets-qt5-git/usr/include/wx-3.3/wx/qt/spinctrl.h
-- Installing: /build/wxgtk-git/pkg/wxwidgets-qt5-git/usr/include/wx-3.3/wx/qt/statbmp.h
-- Installing: /build/wxgtk-git/pkg/wxwidgets-qt5-git/usr/include/wx-3.3/wx/qt/statbox.h
-- Installing: /build/wxgtk-git/pkg/wxwidgets-qt5-git/usr/include/wx-3.3/wx/qt/statline.h
-- Installing: /build/wxgtk-git/pkg/wxwidgets-qt5-git/usr/include/wx-3.3/wx/qt/statusbar.h
-- Installing: /build/wxgtk-git/pkg/wxwidgets-qt5-git/usr/include/wx-3.3/wx/qt/stattext.h
-- Installing: /build/wxgtk-git/pkg/wxwidgets-qt5-git/usr/include/wx-3.3/wx/qt/textctrl.h
-- Installing: /build/wxgtk-git/pkg/wxwidgets-qt5-git/usr/include/wx-3.3/wx/qt/textentry.h
-- Installing: /build/wxgtk-git/pkg/wxwidgets-qt5-git/usr/include/wx-3.3/wx/qt/tglbtn.h
-- Installing: /build/wxgtk-git/pkg/wxwidgets-qt5-git/usr/include/wx-3.3/wx/qt/toolbar.h
-- Installing: /build/wxgtk-git/pkg/wxwidgets-qt5-git/usr/include/wx-3.3/wx/qt/tooltip.h
-- Installing: /build/wxgtk-git/pkg/wxwidgets-qt5-git/usr/include/wx-3.3/wx/qt/toplevel.h
-- Installing: /build/wxgtk-git/pkg/wxwidgets-qt5-git/usr/include/wx-3.3/wx/qt/window.h
-- Installing: /build/wxgtk-git/pkg/wxwidgets-qt5-git/usr/include/wx-3.3/wx/qt/dvrenderer.h
-- Installing: /build/wxgtk-git/pkg/wxwidgets-qt5-git/usr/include/wx-3.3/wx/qt/dvrenderers.h
-- Installing: /build/wxgtk-git/pkg/wxwidgets-qt5-git/usr/include/wx-3.3/wx/qt/calctrl.h
-- Installing: /build/wxgtk-git/pkg/wxwidgets-qt5-git/usr/include/wx-3.3/wx/qt/taskbar.h
-- Installing: /build/wxgtk-git/pkg/wxwidgets-qt5-git/usr/include/wx-3.3/wx/qt/dataview.h
-- Installing: /build/wxgtk-git/pkg/wxwidgets-qt5-git/usr/include/wx-3.3/wx/generic/activityindicator.h
-- Installing: /build/wxgtk-git/pkg/wxwidgets-qt5-git/usr/include/wx-3.3/wx/qt/treectrl.h
-- Installing: /build/wxgtk-git/pkg/wxwidgets-qt5-git/usr/include/wx-3.3/wx/generic/paletteg.h
-- Installing: /build/wxgtk-git/pkg/wxwidgets-qt5-git/usr/include/wx-3.3/wx/qt/datectrl.h
-- Installing: /build/wxgtk-git/pkg/wxwidgets-qt5-git/usr/include/wx-3.3/wx/qt/timectrl.h
-- Installing: /build/wxgtk-git/pkg/wxwidgets-qt5-git/usr/include/wx-3.3/wx/unix/joystick.h
-- Installing: /build/wxgtk-git/pkg/wxwidgets-qt5-git/usr/include/wx-3.3/wx/unix/sound.h
-- Installing: /build/wxgtk-git/pkg/wxwidgets-qt5-git/usr/include/wx-3.3/wx/aui/framemanager.h
-- Installing: /build/wxgtk-git/pkg/wxwidgets-qt5-git/usr/include/wx-3.3/wx/aui/dockart.h
-- Installing: /build/wxgtk-git/pkg/wxwidgets-qt5-git/usr/include/wx-3.3/wx/aui/floatpane.h
-- Installing: /build/wxgtk-git/pkg/wxwidgets-qt5-git/usr/include/wx-3.3/wx/aui/auibook.h
-- Installing: /build/wxgtk-git/pkg/wxwidgets-qt5-git/usr/include/wx-3.3/wx/aui/auibar.h
-- Installing: /build/wxgtk-git/pkg/wxwidgets-qt5-git/usr/include/wx-3.3/wx/aui/tabmdi.h
-- Installing: /build/wxgtk-git/pkg/wxwidgets-qt5-git/usr/include/wx-3.3/wx/aui/aui.h
-- Installing: /build/wxgtk-git/pkg/wxwidgets-qt5-git/usr/include/wx-3.3/wx/aui/tabart.h
-- Installing: /build/wxgtk-git/pkg/wxwidgets-qt5-git/usr/include/wx-3.3/wx/xrc/xh_aui.h
-- Installing: /build/wxgtk-git/pkg/wxwidgets-qt5-git/usr/include/wx-3.3/wx/xrc/xh_auitoolb.h
-- Installing: /build/wxgtk-git/pkg/wxwidgets-qt5-git/usr/include/wx-3.3/wx/aui/serializer.h
-- Installing: /build/wxgtk-git/pkg/wxwidgets-qt5-git/usr/include/wx-3.3/wx/html/forcelnk.h
-- Installing: /build/wxgtk-git/pkg/wxwidgets-qt5-git/usr/include/wx-3.3/wx/html/helpctrl.h
-- Installing: /build/wxgtk-git/pkg/wxwidgets-qt5-git/usr/include/wx-3.3/wx/html/helpdata.h
-- Installing: /build/wxgtk-git/pkg/wxwidgets-qt5-git/usr/include/wx-3.3/wx/html/helpdlg.h
-- Installing: /build/wxgtk-git/pkg/wxwidgets-qt5-git/usr/include/wx-3.3/wx/html/helpfrm.h
-- Installing: /build/wxgtk-git/pkg/wxwidgets-qt5-git/usr/include/wx-3.3/wx/html/helpwnd.h
-- Installing: /build/wxgtk-git/pkg/wxwidgets-qt5-git/usr/include/wx-3.3/wx/html/htmlcell.h
-- Installing: /build/wxgtk-git/pkg/wxwidgets-qt5-git/usr/include/wx-3.3/wx/html/htmldefs.h
-- Installing: /build/wxgtk-git/pkg/wxwidgets-qt5-git/usr/include/wx-3.3/wx/html/htmlfilt.h
-- Installing: /build/wxgtk-git/pkg/wxwidgets-qt5-git/usr/include/wx-3.3/wx/html/htmlpars.h
-- Installing: /build/wxgtk-git/pkg/wxwidgets-qt5-git/usr/include/wx-3.3/wx/html/htmlproc.h
-- Installing: /build/wxgtk-git/pkg/wxwidgets-qt5-git/usr/include/wx-3.3/wx/html/htmltag.h
-- Installing: /build/wxgtk-git/pkg/wxwidgets-qt5-git/usr/include/wx-3.3/wx/html/htmlwin.h
-- Installing: /build/wxgtk-git/pkg/wxwidgets-qt5-git/usr/include/wx-3.3/wx/html/htmprint.h
-- Installing: /build/wxgtk-git/pkg/wxwidgets-qt5-git/usr/include/wx-3.3/wx/html/m_templ.h
-- Installing: /build/wxgtk-git/pkg/wxwidgets-qt5-git/usr/include/wx-3.3/wx/html/styleparams.h
-- Installing: /build/wxgtk-git/pkg/wxwidgets-qt5-git/usr/include/wx-3.3/wx/html/winpars.h
-- Installing: /build/wxgtk-git/pkg/wxwidgets-qt5-git/usr/include/wx-3.3/wx/wxhtml.h
-- Installing: /build/wxgtk-git/pkg/wxwidgets-qt5-git/usr/include/wx-3.3/wx/htmllbox.h
-- Installing: /build/wxgtk-git/pkg/wxwidgets-qt5-git/usr/include/wx-3.3/wx/propgrid/advprops.h
-- Installing: /build/wxgtk-git/pkg/wxwidgets-qt5-git/usr/include/wx-3.3/wx/propgrid/editors.h
-- Installing: /build/wxgtk-git/pkg/wxwidgets-qt5-git/usr/include/wx-3.3/wx/propgrid/manager.h
-- Installing: /build/wxgtk-git/pkg/wxwidgets-qt5-git/usr/include/wx-3.3/wx/propgrid/property.h
-- Installing: /build/wxgtk-git/pkg/wxwidgets-qt5-git/usr/include/wx-3.3/wx/propgrid/propgrid.h
-- Installing: /build/wxgtk-git/pkg/wxwidgets-qt5-git/usr/include/wx-3.3/wx/propgrid/propgriddefs.h
-- Installing: /build/wxgtk-git/pkg/wxwidgets-qt5-git/usr/include/wx-3.3/wx/propgrid/propgridiface.h
-- Installing: /build/wxgtk-git/pkg/wxwidgets-qt5-git/usr/include/wx-3.3/wx/propgrid/propgridpagestate.h
-- Installing: /build/wxgtk-git/pkg/wxwidgets-qt5-git/usr/include/wx-3.3/wx/propgrid/props.h
-- Installing: /build/wxgtk-git/pkg/wxwidgets-qt5-git/usr/include/wx-3.3/wx/propgrid/private.h
-- Installing: /build/wxgtk-git/pkg/wxwidgets-qt5-git/usr/include/wx-3.3/wx/xrc/xh_propgrid.h
-- Installing: /build/wxgtk-git/pkg/wxwidgets-qt5-git/usr/include/wx-3.3/wx/ribbon/art.h
-- Installing: /build/wxgtk-git/pkg/wxwidgets-qt5-git/usr/include/wx-3.3/wx/ribbon/art_internal.h
-- Installing: /build/wxgtk-git/pkg/wxwidgets-qt5-git/usr/include/wx-3.3/wx/ribbon/bar.h
-- Installing: /build/wxgtk-git/pkg/wxwidgets-qt5-git/usr/include/wx-3.3/wx/ribbon/buttonbar.h
-- Installing: /build/wxgtk-git/pkg/wxwidgets-qt5-git/usr/include/wx-3.3/wx/ribbon/control.h
-- Installing: /build/wxgtk-git/pkg/wxwidgets-qt5-git/usr/include/wx-3.3/wx/ribbon/gallery.h
-- Installing: /build/wxgtk-git/pkg/wxwidgets-qt5-git/usr/include/wx-3.3/wx/ribbon/page.h
-- Installing: /build/wxgtk-git/pkg/wxwidgets-qt5-git/usr/include/wx-3.3/wx/ribbon/panel.h
-- Installing: /build/wxgtk-git/pkg/wxwidgets-qt5-git/usr/include/wx-3.3/wx/ribbon/toolbar.h
-- Installing: /build/wxgtk-git/pkg/wxwidgets-qt5-git/usr/include/wx-3.3/wx/xrc/xh_ribbon.h
-- Installing: /build/wxgtk-git/pkg/wxwidgets-qt5-git/usr/include/wx-3.3/wx/richtext/richtextbackgroundpage.h
-- Installing: /build/wxgtk-git/pkg/wxwidgets-qt5-git/usr/include/wx-3.3/wx/richtext/richtextborderspage.h
-- Installing: /build/wxgtk-git/pkg/wxwidgets-qt5-git/usr/include/wx-3.3/wx/richtext/richtextbuffer.h
-- Installing: /build/wxgtk-git/pkg/wxwidgets-qt5-git/usr/include/wx-3.3/wx/richtext/richtextbulletspage.h
-- Installing: /build/wxgtk-git/pkg/wxwidgets-qt5-git/usr/include/wx-3.3/wx/richtext/richtextctrl.h
-- Installing: /build/wxgtk-git/pkg/wxwidgets-qt5-git/usr/include/wx-3.3/wx/richtext/richtextdialogpage.h
-- Installing: /build/wxgtk-git/pkg/wxwidgets-qt5-git/usr/include/wx-3.3/wx/richtext/richtextfontpage.h
-- Installing: /build/wxgtk-git/pkg/wxwidgets-qt5-git/usr/include/wx-3.3/wx/richtext/richtextformatdlg.h
-- Installing: /build/wxgtk-git/pkg/wxwidgets-qt5-git/usr/include/wx-3.3/wx/richtext/richtexthtml.h
-- Installing: /build/wxgtk-git/pkg/wxwidgets-qt5-git/usr/include/wx-3.3/wx/richtext/richtextimagedlg.h
-- Installing: /build/wxgtk-git/pkg/wxwidgets-qt5-git/usr/include/wx-3.3/wx/richtext/richtextindentspage.h
-- Installing: /build/wxgtk-git/pkg/wxwidgets-qt5-git/usr/include/wx-3.3/wx/richtext/richtextliststylepage.h
-- Installing: /build/wxgtk-git/pkg/wxwidgets-qt5-git/usr/include/wx-3.3/wx/richtext/richtextmarginspage.h
-- Installing: /build/wxgtk-git/pkg/wxwidgets-qt5-git/usr/include/wx-3.3/wx/richtext/richtextprint.h
-- Installing: /build/wxgtk-git/pkg/wxwidgets-qt5-git/usr/include/wx-3.3/wx/richtext/richtextsizepage.h
-- Installing: /build/wxgtk-git/pkg/wxwidgets-qt5-git/usr/include/wx-3.3/wx/richtext/richtextstyledlg.h
-- Installing: /build/wxgtk-git/pkg/wxwidgets-qt5-git/usr/include/wx-3.3/wx/richtext/richtextstylepage.h
-- Installing: /build/wxgtk-git/pkg/wxwidgets-qt5-git/usr/include/wx-3.3/wx/richtext/richtextstyles.h
-- Installing: /build/wxgtk-git/pkg/wxwidgets-qt5-git/usr/include/wx-3.3/wx/richtext/richtextsymboldlg.h
-- Installing: /build/wxgtk-git/pkg/wxwidgets-qt5-git/usr/include/wx-3.3/wx/richtext/richtexttabspage.h
-- Installing: /build/wxgtk-git/pkg/wxwidgets-qt5-git/usr/include/wx-3.3/wx/richtext/richtextuicustomization.h
-- Installing: /build/wxgtk-git/pkg/wxwidgets-qt5-git/usr/include/wx-3.3/wx/richtext/richtextxml.h
-- Installing: /build/wxgtk-git/pkg/wxwidgets-qt5-git/usr/include/wx-3.3/wx/xrc/xh_richtext.h
-- Installing: /build/wxgtk-git/pkg/wxwidgets-qt5-git/usr/include/wx-3.3/wx/stc/stc.h
-- Installing: /build/wxgtk-git/pkg/wxwidgets-qt5-git/usr/include/wx-3.3/wx/xrc/xh_styledtextctrl.h
-- Installing: /build/wxgtk-git/pkg/wxwidgets-qt5-git/usr/include/wx-3.3/wx/stc/minimap.h
-- Installing: /build/wxgtk-git/pkg/wxwidgets-qt5-git/usr/include/wx-3.3/wx/xrc/xh_activityindicator.h
-- Installing: /build/wxgtk-git/pkg/wxwidgets-qt5-git/usr/include/wx-3.3/wx/xrc/xh_all.h
-- Installing: /build/wxgtk-git/pkg/wxwidgets-qt5-git/usr/include/wx-3.3/wx/xrc/xh_animatctrl.h
-- Installing: /build/wxgtk-git/pkg/wxwidgets-qt5-git/usr/include/wx-3.3/wx/xrc/xh_bannerwindow.h
-- Installing: /build/wxgtk-git/pkg/wxwidgets-qt5-git/usr/include/wx-3.3/wx/xrc/xh_bmpbt.h
-- Installing: /build/wxgtk-git/pkg/wxwidgets-qt5-git/usr/include/wx-3.3/wx/xrc/xh_bmp.h
-- Installing: /build/wxgtk-git/pkg/wxwidgets-qt5-git/usr/include/wx-3.3/wx/xrc/xh_bmpcbox.h
-- Installing: /build/wxgtk-git/pkg/wxwidgets-qt5-git/usr/include/wx-3.3/wx/xrc/xh_bttn.h
-- Installing: /build/wxgtk-git/pkg/wxwidgets-qt5-git/usr/include/wx-3.3/wx/xrc/xh_cald.h
-- Installing: /build/wxgtk-git/pkg/wxwidgets-qt5-git/usr/include/wx-3.3/wx/xrc/xh_chckb.h
-- Installing: /build/wxgtk-git/pkg/wxwidgets-qt5-git/usr/include/wx-3.3/wx/xrc/xh_chckl.h
-- Installing: /build/wxgtk-git/pkg/wxwidgets-qt5-git/usr/include/wx-3.3/wx/xrc/xh_choic.h
-- Installing: /build/wxgtk-git/pkg/wxwidgets-qt5-git/usr/include/wx-3.3/wx/xrc/xh_choicbk.h
-- Installing: /build/wxgtk-git/pkg/wxwidgets-qt5-git/usr/include/wx-3.3/wx/xrc/xh_clrpicker.h
-- Installing: /build/wxgtk-git/pkg/wxwidgets-qt5-git/usr/include/wx-3.3/wx/xrc/xh_cmdlinkbn.h
-- Installing: /build/wxgtk-git/pkg/wxwidgets-qt5-git/usr/include/wx-3.3/wx/xrc/xh_collpane.h
-- Installing: /build/wxgtk-git/pkg/wxwidgets-qt5-git/usr/include/wx-3.3/wx/xrc/xh_combo.h
-- Installing: /build/wxgtk-git/pkg/wxwidgets-qt5-git/usr/include/wx-3.3/wx/xrc/xh_comboctrl.h
-- Installing: /build/wxgtk-git/pkg/wxwidgets-qt5-git/usr/include/wx-3.3/wx/xrc/xh_datectrl.h
-- Installing: /build/wxgtk-git/pkg/wxwidgets-qt5-git/usr/include/wx-3.3/wx/xrc/xh_dirpicker.h
-- Installing: /build/wxgtk-git/pkg/wxwidgets-qt5-git/usr/include/wx-3.3/wx/xrc/xh_dlg.h
-- Installing: /build/wxgtk-git/pkg/wxwidgets-qt5-git/usr/include/wx-3.3/wx/xrc/xh_editlbox.h
-- Installing: /build/wxgtk-git/pkg/wxwidgets-qt5-git/usr/include/wx-3.3/wx/xrc/xh_filectrl.h
-- Installing: /build/wxgtk-git/pkg/wxwidgets-qt5-git/usr/include/wx-3.3/wx/xrc/xh_filepicker.h
-- Installing: /build/wxgtk-git/pkg/wxwidgets-qt5-git/usr/include/wx-3.3/wx/xrc/xh_fontpicker.h
-- Installing: /build/wxgtk-git/pkg/wxwidgets-qt5-git/usr/include/wx-3.3/wx/xrc/xh_frame.h
-- Installing: /build/wxgtk-git/pkg/wxwidgets-qt5-git/usr/include/wx-3.3/wx/xrc/xh_mdi.h
-- Installing: /build/wxgtk-git/pkg/wxwidgets-qt5-git/usr/include/wx-3.3/wx/xrc/xh_gauge.h
-- Installing: /build/wxgtk-git/pkg/wxwidgets-qt5-git/usr/include/wx-3.3/wx/xrc/xh_gdctl.h
-- Installing: /build/wxgtk-git/pkg/wxwidgets-qt5-git/usr/include/wx-3.3/wx/xrc/xh_grid.h
-- Installing: /build/wxgtk-git/pkg/wxwidgets-qt5-git/usr/include/wx-3.3/wx/xrc/xh_html.h
-- Installing: /build/wxgtk-git/pkg/wxwidgets-qt5-git/usr/include/wx-3.3/wx/xrc/xh_hyperlink.h
-- Installing: /build/wxgtk-git/pkg/wxwidgets-qt5-git/usr/include/wx-3.3/wx/xrc/xh_infobar.h
-- Installing: /build/wxgtk-git/pkg/wxwidgets-qt5-git/usr/include/wx-3.3/wx/xrc/xh_listb.h
-- Installing: /build/wxgtk-git/pkg/wxwidgets-qt5-git/usr/include/wx-3.3/wx/xrc/xh_listbk.h
-- Installing: /build/wxgtk-git/pkg/wxwidgets-qt5-git/usr/include/wx-3.3/wx/xrc/xh_listc.h
-- Installing: /build/wxgtk-git/pkg/wxwidgets-qt5-git/usr/include/wx-3.3/wx/xrc/xh_menu.h
-- Installing: /build/wxgtk-git/pkg/wxwidgets-qt5-git/usr/include/wx-3.3/wx/xrc/xh_notbk.h
-- Installing: /build/wxgtk-git/pkg/wxwidgets-qt5-git/usr/include/wx-3.3/wx/xrc/xh_odcombo.h
-- Installing: /build/wxgtk-git/pkg/wxwidgets-qt5-git/usr/include/wx-3.3/wx/xrc/xh_panel.h
-- Installing: /build/wxgtk-git/pkg/wxwidgets-qt5-git/usr/include/wx-3.3/wx/xrc/xh_propdlg.h
-- Installing: /build/wxgtk-git/pkg/wxwidgets-qt5-git/usr/include/wx-3.3/wx/xrc/xh_radbt.h
-- Installing: /build/wxgtk-git/pkg/wxwidgets-qt5-git/usr/include/wx-3.3/wx/xrc/xh_radbx.h
-- Installing: /build/wxgtk-git/pkg/wxwidgets-qt5-git/usr/include/wx-3.3/wx/xrc/xh_scrol.h
-- Installing: /build/wxgtk-git/pkg/wxwidgets-qt5-git/usr/include/wx-3.3/wx/xrc/xh_scwin.h
-- Installing: /build/wxgtk-git/pkg/wxwidgets-qt5-git/usr/include/wx-3.3/wx/xrc/xh_htmllbox.h
-- Installing: /build/wxgtk-git/pkg/wxwidgets-qt5-git/usr/include/wx-3.3/wx/xrc/xh_simplebook.h
-- Installing: /build/wxgtk-git/pkg/wxwidgets-qt5-git/usr/include/wx-3.3/wx/xrc/xh_sizer.h
-- Installing: /build/wxgtk-git/pkg/wxwidgets-qt5-git/usr/include/wx-3.3/wx/xrc/xh_slidr.h
-- Installing: /build/wxgtk-git/pkg/wxwidgets-qt5-git/usr/include/wx-3.3/wx/xrc/xh_spin.h
-- Installing: /build/wxgtk-git/pkg/wxwidgets-qt5-git/usr/include/wx-3.3/wx/xrc/xh_split.h
-- Installing: /build/wxgtk-git/pkg/wxwidgets-qt5-git/usr/include/wx-3.3/wx/xrc/xh_srchctrl.h
-- Installing: /build/wxgtk-git/pkg/wxwidgets-qt5-git/usr/include/wx-3.3/wx/xrc/xh_statbar.h
-- Installing: /build/wxgtk-git/pkg/wxwidgets-qt5-git/usr/include/wx-3.3/wx/xrc/xh_stbmp.h
-- Installing: /build/wxgtk-git/pkg/wxwidgets-qt5-git/usr/include/wx-3.3/wx/xrc/xh_stbox.h
-- Installing: /build/wxgtk-git/pkg/wxwidgets-qt5-git/usr/include/wx-3.3/wx/xrc/xh_stlin.h
-- Installing: /build/wxgtk-git/pkg/wxwidgets-qt5-git/usr/include/wx-3.3/wx/xrc/xh_sttxt.h
-- Installing: /build/wxgtk-git/pkg/wxwidgets-qt5-git/usr/include/wx-3.3/wx/xrc/xh_text.h
-- Installing: /build/wxgtk-git/pkg/wxwidgets-qt5-git/usr/include/wx-3.3/wx/xrc/xh_tglbtn.h
-- Installing: /build/wxgtk-git/pkg/wxwidgets-qt5-git/usr/include/wx-3.3/wx/xrc/xh_timectrl.h
-- Installing: /build/wxgtk-git/pkg/wxwidgets-qt5-git/usr/include/wx-3.3/wx/xrc/xh_toolb.h
-- Installing: /build/wxgtk-git/pkg/wxwidgets-qt5-git/usr/include/wx-3.3/wx/xrc/xh_toolbk.h
-- Installing: /build/wxgtk-git/pkg/wxwidgets-qt5-git/usr/include/wx-3.3/wx/xrc/xh_tree.h
-- Installing: /build/wxgtk-git/pkg/wxwidgets-qt5-git/usr/include/wx-3.3/wx/xrc/xh_treebk.h
-- Installing: /build/wxgtk-git/pkg/wxwidgets-qt5-git/usr/include/wx-3.3/wx/xrc/xh_unkwn.h
-- Installing: /build/wxgtk-git/pkg/wxwidgets-qt5-git/usr/include/wx-3.3/wx/xrc/xh_vlistbox.h
-- Installing: /build/wxgtk-git/pkg/wxwidgets-qt5-git/usr/include/wx-3.3/wx/xrc/xh_wizrd.h
-- Installing: /build/wxgtk-git/pkg/wxwidgets-qt5-git/usr/include/wx-3.3/wx/xrc/xmlres.h
-- Installing: /build/wxgtk-git/pkg/wxwidgets-qt5-git/usr/include/wx-3.3/wx/xrc/xh_dataview.h
-- Installing: /build/wxgtk-git/pkg/wxwidgets-qt5-git/usr/include/wx-3.3/wx/xrc/xh_bookctrlbase.h
-- Installing: /build/wxgtk-git/pkg/wxwidgets-qt5-git/usr/include/wx-3.3/wx/mediactrl.h
-- Installing: /build/wxgtk-git/pkg/wxwidgets-qt5-git/usr/include/wx-3.3/wx/glcanvas.h
-- Installing: /build/wxgtk-git/pkg/wxwidgets-qt5-git/usr/include/wx-3.3/wx/qt/glcanvas.h
-- Installing: /build/wxgtk-git/pkg/wxwidgets-qt5-git/usr/include/wx-3.3/wx/debugrpt.h
-- Installing: /build/wxgtk-git/pkg/wxwidgets-qt5-git/usr/include/wx-3.3/wx/xml/xml.h
-- Installing: /build/wxgtk-git/pkg/wxwidgets-qt5-git/usr/include/wx-3.3/wx/xtixml.h
-- Installing: /build/wxgtk-git/pkg/wxwidgets-qt5-git/usr/lib/wx/include/qt-unicode-3.3
-- Installing: /build/wxgtk-git/pkg/wxwidgets-qt5-git/usr/lib/wx/include/qt-unicode-3.3/wx
-- Installing: /build/wxgtk-git/pkg/wxwidgets-qt5-git/usr/lib/wx/include/qt-unicode-3.3/wx/setup.h
-- Installing: /build/wxgtk-git/pkg/wxwidgets-qt5-git/usr/lib/wx/config/qt-unicode-3.3
-- Up-to-date: /build/wxgtk-git/pkg/wxwidgets-qt5-git/usr/bin
-- Installing: /build/wxgtk-git/pkg/wxwidgets-qt5-git/usr/lib/cmake/wxWidgets-3.3/wxWidgetsTargets.cmake
-- Installing: /build/wxgtk-git/pkg/wxwidgets-qt5-git/usr/lib/cmake/wxWidgets-3.3/wxWidgetsTargets-none.cmake
-- Installing: /build/wxgtk-git/pkg/wxwidgets-qt5-git/usr/lib/cmake/wxWidgets-3.3/wxWidgetsConfig.cmake
-- Installing: /build/wxgtk-git/pkg/wxwidgets-qt5-git/usr/lib/cmake/wxWidgets-3.3/wxWidgetsConfigVersion.cmake
mv: cannot stat '/build/wxgtk-git/pkg/wxwidgets-qt5-git/usr/lib/cmake/wxWidgets': No such file or directory
[1m[31m==> ERROR:(B[m[1m A failure occurred in package_wxwidgets-qt5-git().(B[m
[1m    Aborting...(B[m
