wxwidgets-gtk3-git W: Referenced library 'libwx_gtk3u_html-3.3.so.2' is an uninstalled dependency (needed in files ['usr/lib/libwx_gtk3u_xrc-3.3.so.2.0.0', 'usr/lib/libwx_gtk3u_richtext-3.3.so.2.0.0'])
wxwidgets-gtk3-git W: Referenced library 'libwx_baseu-3.3.so.2' is an uninstalled dependency (needed in files ['usr/lib/libwx_gtk3u_gl-3.3.so.2.0.0', 'usr/lib/libwx_gtk3u_richtext-3.3.so.2.0.0', 'usr/lib/libwx_gtk3u_adv-3.3.so.2.0.0', 'usr/lib/libwx_gtk3u_stc-3.3.so.2.0.0', 'usr/lib/libwx_gtk3u_html-3.3.so.2.0.0', 'usr/lib/libwx_gtk3u_qa-3.3.so.2.0.0', 'usr/lib/libwx_gtk3u_core-3.3.so.2.0.0', 'usr/lib/libwx_gtk3u_media-3.3.so.2.0.0', 'usr/lib/libwx_gtk3u_aui-3.3.so.2.0.0', 'usr/lib/libwx_gtk3u_webview-3.3.so.2.0.0', 'usr/lib/libwx_gtk3u_xrc-3.3.so.2.0.0', 'usr/lib/libwx_gtk3u_ribbon-3.3.so.2.0.0', 'usr/lib/libwx_gtk3u_propgrid-3.3.so.2.0.0'])
wxwidgets-gtk3-git W: Referenced library 'libwx_baseu_xml-3.3.so.2' is an uninstalled dependency (needed in files ['usr/lib/libwx_gtk3u_xrc-3.3.so.2.0.0', 'usr/lib/libwx_gtk3u_qa-3.3.so.2.0.0', 'usr/lib/libwx_gtk3u_richtext-3.3.so.2.0.0'])
wxwidgets-gtk3-git W: Referenced library 'libwx_gtk3u_core-3.3.so.2' is an uninstalled dependency (needed in files ['usr/lib/libwx_gtk3u_gl-3.3.so.2.0.0', 'usr/lib/libwx_gtk3u_richtext-3.3.so.2.0.0', 'usr/lib/libwx_gtk3u_stc-3.3.so.2.0.0', 'usr/lib/libwx_gtk3u_html-3.3.so.2.0.0', 'usr/lib/libwx_gtk3u_qa-3.3.so.2.0.0', 'usr/lib/libwx_gtk3u_media-3.3.so.2.0.0', 'usr/lib/libwx_gtk3u_aui-3.3.so.2.0.0', 'usr/lib/libwx_gtk3u_webview-3.3.so.2.0.0', 'usr/lib/libwx_gtk3u_xrc-3.3.so.2.0.0', 'usr/lib/libwx_gtk3u_ribbon-3.3.so.2.0.0', 'usr/lib/libwx_gtk3u_propgrid-3.3.so.2.0.0'])
wxwidgets-gtk3-git E: Symlink (usr/bin/wx-config) points to non-existing /build/wxgtk-git/pkg/wxwidgets-gtk3-git/usr/lib/wx/config/gtk3-unicode-3.3
wxwidgets-gtk3-git W: Unused shared library '/usr/lib/libstdc++.so.6' by file ('usr/lib/libwx_gtk3u_adv-3.3.so.2.0.0')
wxwidgets-gtk3-git E: Dependency gspell detected and not included (libraries ['usr/lib/libgspell-1.so.3'] needed in files ['usr/lib/libwx_gtk3u_core-3.3.so.2.0.0'])
wxwidgets-gtk3-git W: Dependency wayland detected and implicitly satisfied (libraries ['usr/lib/libwayland-egl.so.1', 'usr/lib/libwayland-client.so.0'] needed in files ['usr/lib/libwx_gtk3u_gl-3.3.so.2.0.0'])
wxwidgets-gtk3-git W: Dependency fontconfig detected and implicitly satisfied (libraries ['usr/lib/libfontconfig.so.1'] needed in files ['usr/lib/libwx_gtk3u_core-3.3.so.2.0.0'])
wxwidgets-gtk3-git W: Dependency libx11 detected and implicitly satisfied (libraries ['usr/lib/libX11.so.6'] needed in files ['usr/lib/libwx_gtk3u_core-3.3.so.2.0.0'])
wxwidgets-gtk3-git W: Dependency libxtst detected and implicitly satisfied (libraries ['usr/lib/libXtst.so.6'] needed in files ['usr/lib/libwx_gtk3u_core-3.3.so.2.0.0'])
wxwidgets-gtk3-git W: Dependency libglvnd detected and implicitly satisfied (libraries ['usr/lib/libOpenGL.so.0', 'usr/lib/libEGL.so.1'] needed in files ['usr/lib/libwx_gtk3u_gl-3.3.so.2.0.0'])
wxwidgets-gtk3-git W: Dependency libwebp detected and implicitly satisfied but optional (libraries ['usr/lib/libwebpdemux.so.2', 'usr/lib/libwebpdecoder.so.3', 'usr/lib/libwebp.so.7'] needed in files ['usr/lib/libwx_gtk3u_core-3.3.so.2.0.0'])
wxwidgets-gtk3-git W: Dependency libxkbcommon detected and implicitly satisfied (libraries ['usr/lib/libxkbcommon.so.0'] needed in files ['usr/lib/libwx_gtk3u_core-3.3.so.2.0.0'])
wxwidgets-gtk3-git W: Dependency bash detected and implicitly satisfied (programs ['sh'] needed in scripts ['usr/lib/wx/config/gtk3-unicode-3.3'])
wxwidgets-gtk3-git W: Dependency libpng detected and implicitly satisfied (libraries ['usr/lib/libpng16.so.16'] needed in files ['usr/lib/libwx_gtk3u_core-3.3.so.2.0.0'])
wxwidgets-gtk3-git W: Dependency glibc detected and implicitly satisfied (libraries ['usr/lib/libc.so.6', 'usr/lib/libm.so.6'] needed in files ['usr/lib/libwx_gtk3u_gl-3.3.so.2.0.0', 'usr/lib/libwx_gtk3u_richtext-3.3.so.2.0.0', 'usr/lib/libwx_gtk3u_html-3.3.so.2.0.0', 'usr/lib/libwx_gtk3u_qa-3.3.so.2.0.0', 'usr/lib/libwx_gtk3u_core-3.3.so.2.0.0', 'usr/lib/libwx_gtk3u_media-3.3.so.2.0.0', 'usr/lib/wx/3.3.2/web-extensions/webkit2_extu-3.3.2.so', 'usr/lib/libwx_gtk3u_stc-3.3.so.2.0.0', 'usr/lib/libwx_gtk3u_aui-3.3.so.2.0.0', 'usr/lib/libwx_gtk3u_webview-3.3.so.2.0.0', 'usr/lib/libwx_gtk3u_xrc-3.3.so.2.0.0', 'usr/lib/libwx_gtk3u_ribbon-3.3.so.2.0.0', 'usr/lib/libwx_gtk3u_propgrid-3.3.so.2.0.0'])
wxwidgets-gtk3-git W: Dependency glib2 detected and implicitly satisfied (libraries ['usr/lib/libgio-2.0.so.0', 'usr/lib/libgobject-2.0.so.0', 'usr/lib/libglib-2.0.so.0'] needed in files ['usr/lib/libwx_gtk3u_gl-3.3.so.2.0.0', 'usr/lib/wx/3.3.2/web-extensions/webkit2_extu-3.3.2.so', 'usr/lib/libwx_gtk3u_core-3.3.so.2.0.0', 'usr/lib/libwx_gtk3u_media-3.3.so.2.0.0', 'usr/lib/libwx_gtk3u_webview-3.3.so.2.0.0'])
wxwidgets-gtk3-git W: Dependency gstreamer detected and implicitly satisfied (libraries ['usr/lib/libgstreamer-1.0.so.0'] needed in files ['usr/lib/libwx_gtk3u_media-3.3.so.2.0.0'])
wxwidgets-gtk3-git W: Dependency pango detected and implicitly satisfied (libraries ['usr/lib/libpango-1.0.so.0', 'usr/lib/libpangoft2-1.0.so.0', 'usr/lib/libpangocairo-1.0.so.0'] needed in files ['usr/lib/libwx_gtk3u_core-3.3.so.2.0.0'])
wxwidgets-gtk3-git W: Dependency gst-plugins-bad-libs detected and implicitly satisfied but optional (libraries ['usr/lib/libgstplayer-1.0.so.0'] needed in files ['usr/lib/libwx_gtk3u_media-3.3.so.2.0.0'])
wxwidgets-gtk3-git W: Dependency webkit2gtk-4.1 detected but optional (libraries ['usr/lib/libwebkit2gtk-4.1.so.0', 'usr/lib/libjavascriptcoregtk-4.1.so.0'] needed in files ['usr/lib/wx/3.3.2/web-extensions/webkit2_extu-3.3.2.so', 'usr/lib/libwx_gtk3u_webview-3.3.so.2.0.0'])
wxwidgets-gtk3-git W: Dependency libtiff detected and implicitly satisfied (libraries ['usr/lib/libtiff.so.6'] needed in files ['usr/lib/libwx_gtk3u_core-3.3.so.2.0.0'])
wxwidgets-gtk3-git W: Dependency gdk-pixbuf2 detected and implicitly satisfied (libraries ['usr/lib/libgdk_pixbuf-2.0.so.0'] needed in files ['usr/lib/libwx_gtk3u_core-3.3.so.2.0.0'])
wxwidgets-gtk3-git W: Dependency gcc-libs detected and implicitly satisfied (libraries ['usr/lib/libstdc++.so.6', 'usr/lib/libgcc_s.so.1'] needed in files ['usr/lib/libwx_gtk3u_gl-3.3.so.2.0.0', 'usr/lib/libwx_gtk3u_richtext-3.3.so.2.0.0', 'usr/lib/libwx_gtk3u_adv-3.3.so.2.0.0', 'usr/lib/libwx_gtk3u_html-3.3.so.2.0.0', 'usr/lib/libwx_gtk3u_qa-3.3.so.2.0.0', 'usr/lib/libwx_gtk3u_core-3.3.so.2.0.0', 'usr/lib/libwx_gtk3u_media-3.3.so.2.0.0', 'usr/lib/wx/3.3.2/web-extensions/webkit2_extu-3.3.2.so', 'usr/lib/libwx_gtk3u_stc-3.3.so.2.0.0', 'usr/lib/libwx_gtk3u_aui-3.3.so.2.0.0', 'usr/lib/libwx_gtk3u_webview-3.3.so.2.0.0', 'usr/lib/libwx_gtk3u_xrc-3.3.so.2.0.0', 'usr/lib/libwx_gtk3u_ribbon-3.3.so.2.0.0', 'usr/lib/libwx_gtk3u_propgrid-3.3.so.2.0.0'])
wxwidgets-gtk3-git W: Dependency libjpeg-turbo detected and implicitly satisfied (libraries ['usr/lib/libjpeg.so.8'] needed in files ['usr/lib/libwx_gtk3u_core-3.3.so.2.0.0'])
wxwidgets-gtk3-git W: Dependency cairo detected and implicitly satisfied (libraries ['usr/lib/libcairo.so.2', 'usr/lib/libcairo-gobject.so.2'] needed in files ['usr/lib/libwx_gtk3u_core-3.3.so.2.0.0', 'usr/lib/libwx_gtk3u_media-3.3.so.2.0.0'])
wxwidgets-gtk3-git W: Dependency included, but may not be needed ('gst-plugins-base-libs')
wxwidgets-gtk3-git W: Dependency included, but may not be needed ('libsm')
wxwidgets-gtk3-git W: Dependency included, but may not be needed ('wxwidgets-common-git')
