-- The CXX compiler identification is GNU 15.2.1
-- Detecting CXX compiler ABI info
-- Detecting CXX compiler ABI info - done
-- Check for working CXX compiler: /usr/bin/c++ - skipped
-- Detecting CXX compile features
-- Detecting CXX compile features - done
-- Performing Test hasCXX-Wall
-- Performing Test hasCXX-Wall - Success
-- Performing Test hasCXX-Wignored-qualifiers
-- Performing Test hasCXX-Wignored-qualifiers - Success
-- Performing Test hasCXX-Wpointer-arith
-- Performing Test hasCXX-Wpointer-arith - Success
-- Performing Test hasCXX-Wshadow
-- Performing Test hasCXX-Wshadow - Success
-- Performing Test hasCXX-Wsign-compare
-- Performing Test hasCXX-Wsign-compare - Success
-- Performing Test hasCXX-Wtype-limits
-- Performing Test hasCXX-Wtype-limits - Success
-- Performing Test hasCXX-Wuninitialized
-- Performing Test hasCXX-Wuninitialized - Success
-- Performing Test hasCXX-Wunused-parameter
-- Performing Test hasCXX-Wunused-parameter - Success
-- Performing Test hasCXX-Wunused-but-set-parameter
-- Performing Test hasCXX-Wunused-but-set-parameter - Success
-- Performing Test hasCXX-Wduplicated-cond
-- Performing Test hasCXX-Wduplicated-cond - Success
-- Performing Test hasCXX-Wduplicated-branches
-- Performing Test hasCXX-Wduplicated-branches - Success
-- Performing Test hasCXX-Wlogical-op
-- Performing Test hasCXX-Wlogical-op - Success
-- Performing Test hasCXX-Wshift-negative-value
-- Performing Test hasCXX-Wshift-negative-value - Success
-- Performing Test hasCXX-Wshift-overflow=2
-- Performing Test hasCXX-Wshift-overflow=2 - Success
-- Performing Test hasCXX-Wimplicit-fallthrough
-- Performing Test hasCXX-Wimplicit-fallthrough - Success
-- Performing Test hasCXX-Wvla
-- Performing Test hasCXX-Wvla - Success
-- Performing Test hasCXX-Wcast-function-type
-- Performing Test hasCXX-Wcast-function-type - Success
-- Performing Test hasCXX-Wnull-pointer-subtraction
-- Performing Test hasCXX-Wnull-pointer-subtraction - Failed
-- Performing Test hasCXX-Wnon-virtual-dtor
-- Performing Test hasCXX-Wnon-virtual-dtor - Success
-- Performing Test hasCXX-Wdeprecated-copy
-- Performing Test hasCXX-Wdeprecated-copy - Success
-- Performing Test hasCXX-Wdeprecated-copy-dtor
-- Performing Test hasCXX-Wdeprecated-copy-dtor - Success
-- Performing Test hasCXX-Wredundant-move
-- Performing Test hasCXX-Wredundant-move - Success
-- Performing Test hasCXX-Wctad-maybe-unsupported
-- Performing Test hasCXX-Wctad-maybe-unsupported - Success
-- Performing Test hasCXX-Woverloaded-virtual
-- Performing Test hasCXX-Woverloaded-virtual - Success
-- Performing Test hasCXX-Wlong-long
-- Performing Test hasCXX-Wlong-long - Success
-- Performing Test hasCXX-Wc++11-long-long
-- Performing Test hasCXX-Wc++11-long-long - Failed
-- Performing Test hasCXX-Wundefined-var-template
-- Performing Test hasCXX-Wundefined-var-template - Failed
-- Performing Test hasCXX-Winconsistent-missing-override
-- Performing Test hasCXX-Winconsistent-missing-override - Failed
-- Performing Test hasCXX-Wunused-const-variable
-- Performing Test hasCXX-Wunused-const-variable - Success
-- Performing Test hasCXX-Wtautological-unsigned-enum-zero-compare
-- Performing Test hasCXX-Wtautological-unsigned-enum-zero-compare - Failed
-- Looking for C++ include stdint.h
-- Looking for C++ include stdint.h - found
-- Looking for C++ include inttypes.h
-- Looking for C++ include inttypes.h - found
-- Looking for C++ include sys/types.h
-- Looking for C++ include sys/types.h - found
-- Looking for C++ include stddef.h
-- Looking for C++ include stddef.h - found
-- Check size of char
-- Check size of char - done
-- Check size of short
-- Check size of short - done
-- Check size of int
-- Check size of int - done
-- Check size of long
-- Check size of long - done
-- Check size of long long
-- Check size of long long - done
-- Check size of void *
-- Check size of void * - done
-- Check size of intptr_t
-- Check size of intptr_t - done
-- Check size of uintptr_t
-- Check size of uintptr_t - done
-- Looking for strtof
-- Looking for strtof - found
-- Looking for strtoll
-- Looking for strtoll - found
-- Looking for strtoull
-- Looking for strtoull - found
-- The C compiler identification is GNU 15.2.1
-- Detecting C compiler ABI info
-- Detecting C compiler ABI info - done
-- Check for working C compiler: /usr/bin/cc - skipped
-- Detecting C compile features
-- Detecting C compile features - done
-- Performing Test CMAKE_HAVE_LIBC_PTHREAD
-- Performing Test CMAKE_HAVE_LIBC_PTHREAD - Success
-- Found Threads: TRUE
-- Performing Test Iconv_IS_BUILT_IN
-- Performing Test Iconv_IS_BUILT_IN - Success
-- Found Iconv: built in to C library
-- Found ZLIB: /usr/lib/libz.so (found version "1.3.1")
-- Found Boost: /opt/boost1.88/lib/cmake/Boost-1.88.0/BoostConfig.cmake (found version "1.88.0") found components: system filesystem locale
-- Found liblzma: /usr/lib/liblzma.so
-- Found LibXml2: /usr/lib/libxml2.so (found version "2.15.1")
-- Parsing external/mspack/rules.mk...
-- Parsing src/rules.mk...
-- Parsing src/version/rules.mk...
-- Parsing src/common/rules.mk...
-- Parsing src/aurora/rules.mk...
-- Parsing src/archives/rules.mk...
-- Parsing src/nwscript/rules.mk...
-- Parsing src/images/rules.mk...
-- Parsing src/sound/rules.mk...
-- Parsing src/xml/rules.mk...
-- Parsing man/rules.mk...
-- Parsing doc/rules.mk...
-- Parsing tests/rules.mk...
-- Parsing tests/googletest/rules.mk...
-- Parsing tests/version/rules.mk...
-- Parsing tests/common/rules.mk...
-- Parsing tests/aurora/rules.mk...
-- Parsing tests/images/rules.mk...
-- Parsing tests/xml/rules.mk...
-- Found Git: /usr/bin/git (found version "2.52.0")
fatal: not a git repository (or any of the parent directories): .git
-- Building version: .dirty
-- Configuring done (8.0s)
-- Generating done (0.2s)
-- Build files have been written to: /build/xoreos-tools-git/src/build
[  0%] Building CXX object CMakeFiles/images.dir/src/images/s3tc.cpp.o
[  0%] Building CXX object CMakeFiles/version.dir/src/version/version.cpp.o
[  1%] Building CXX object CMakeFiles/archives.dir/src/archives/util.cpp.o
[  1%] Building CXX object CMakeFiles/xml.dir/src/xml/xmlwriter.cpp.o
[  1%] Building CXX object CMakeFiles/archives.dir/src/archives/files_sonic.cpp.o
[  1%] Building CXX object CMakeFiles/archives.dir/src/archives/files_dragonage.cpp.o
[  3%] Building CXX object CMakeFiles/nwscript.dir/src/nwscript/variable.cpp.o
[  3%] Building CXX object CMakeFiles/xml.dir/src/xml/gffdumper.cpp.o
[  3%] Building CXX object CMakeFiles/xml.dir/src/xml/xmlparser.cpp.o
[  4%] Building CXX object CMakeFiles/sound.dir/src/sound/fmodeventfile.cpp.o
[  4%] Building C object CMakeFiles/external_mspack.dir/external/mspack/chmc.c.o
[  6%] Building CXX object CMakeFiles/images.dir/src/images/decoder.cpp.o
[  6%] Building CXX object CMakeFiles/xml.dir/src/xml/gff3dumper.cpp.o
[  7%] Building C object CMakeFiles/external_mspack.dir/external/mspack/cabd.c.o
[  7%] Building C object CMakeFiles/external_mspack.dir/external/mspack/cabc.c.o
[  7%] Building CXX object CMakeFiles/aurora.dir/src/aurora/language.cpp.o
[  7%] Building CXX object CMakeFiles/aurora.dir/src/aurora/util.cpp.o
[  7%] Building CXX object CMakeFiles/images.dir/src/images/dumptga.cpp.o
[  7%] Building C object CMakeFiles/external_mspack.dir/external/mspack/chmd.c.o
[  7%] Building CXX object CMakeFiles/nwscript.dir/src/nwscript/stack.cpp.o
[  9%] Building C object CMakeFiles/external_mspack.dir/external/mspack/crc32.c.o
[  9%] Building CXX object CMakeFiles/aurora.dir/src/aurora/archive.cpp.o
[  9%] Linking CXX static library lib/libversion.a
[ 10%] Building CXX object CMakeFiles/aurora.dir/src/aurora/aurorafile.cpp.o
[ 10%] Built target version
[ 10%] Building CXX object CMakeFiles/xml.dir/src/xml/gff4dumper.cpp.o
[ 10%] Building CXX object CMakeFiles/images.dir/src/images/winiconimage.cpp.o
[ 10%] Building C object CMakeFiles/external_mspack.dir/external/mspack/hlpc.c.o
[ 10%] Building C object CMakeFiles/external_mspack.dir/external/mspack/hlpd.c.o
[ 10%] Building C object CMakeFiles/external_mspack.dir/external/mspack/kwajc.c.o
[ 12%] Building C object CMakeFiles/external_mspack.dir/external/mspack/kwajd.c.o
[ 12%] Building C object CMakeFiles/external_mspack.dir/external/mspack/litc.c.o
[ 12%] Building CXX object CMakeFiles/aurora.dir/src/aurora/erffile.cpp.o
[ 12%] Building C object CMakeFiles/external_mspack.dir/external/mspack/litd.c.o
[ 12%] Building C object CMakeFiles/external_mspack.dir/external/mspack/lzssd.c.o
[ 13%] Building C object CMakeFiles/external_mspack.dir/external/mspack/lzxc.c.o
[ 13%] Building C object CMakeFiles/external_mspack.dir/external/mspack/lzxd.c.o
[ 13%] Building CXX object CMakeFiles/aurora.dir/src/aurora/rimfile.cpp.o
[ 15%] Building CXX object CMakeFiles/aurora.dir/src/aurora/keyfile.cpp.o
[ 15%] Building CXX object CMakeFiles/xml.dir/src/xml/tlkdumper.cpp.o
[ 15%] Building C object CMakeFiles/external_mspack.dir/external/mspack/mszipc.c.o
[ 16%] Building C object CMakeFiles/external_mspack.dir/external/mspack/oabc.c.o
[ 16%] Building C object CMakeFiles/external_mspack.dir/external/mspack/mszipd.c.o
[ 16%] Building C object CMakeFiles/external_mspack.dir/external/mspack/oabd.c.o
[ 16%] Building CXX object CMakeFiles/xml.dir/src/xml/tlkcreator.cpp.o
[ 16%] Building C object CMakeFiles/external_mspack.dir/external/mspack/qtmc.c.o
[ 16%] Building CXX object CMakeFiles/nwscript.dir/src/nwscript/instruction.cpp.o
[ 20%] Building CXX object CMakeFiles/images.dir/src/images/tga.cpp.o
[ 20%] Building CXX object CMakeFiles/xml.dir/src/xml/ssfdumper.cpp.o
[ 21%] Building CXX object CMakeFiles/xml.dir/src/xml/ssfcreator.cpp.o
[ 21%] Building C object CMakeFiles/external_mspack.dir/external/mspack/qtmd.c.o
[ 21%] Building CXX object CMakeFiles/xml.dir/src/xml/gffcreator.cpp.o
[ 23%] Building CXX object CMakeFiles/xml.dir/src/xml/gff3creator.cpp.o
[ 23%] Building C object CMakeFiles/external_mspack.dir/external/mspack/system.c.o
[ 23%] Building CXX object CMakeFiles/aurora.dir/src/aurora/biffile.cpp.o
[ 23%] Building CXX object CMakeFiles/aurora.dir/src/aurora/bzffile.cpp.o
[ 24%] Building CXX object CMakeFiles/nwscript.dir/src/nwscript/block.cpp.o
[ 24%] Building C object CMakeFiles/external_mspack.dir/external/mspack/szddc.c.o
[ 24%] Building CXX object CMakeFiles/nwscript.dir/src/nwscript/subroutine.cpp.o
[ 26%] Building C object CMakeFiles/external_mspack.dir/external/mspack/szddd.c.o
[ 26%] Linking C static library lib/libexternal_mspack.a
[ 26%] Built target external_mspack
[ 26%] Building CXX object CMakeFiles/images.dir/src/images/dds.cpp.o
[ 26%] Building CXX object CMakeFiles/aurora.dir/src/aurora/ndsrom.cpp.o
[ 26%] Building CXX object CMakeFiles/aurora.dir/src/aurora/herffile.cpp.o
[ 27%] Building CXX object CMakeFiles/aurora.dir/src/aurora/zipfile.cpp.o
[ 27%] Building CXX object CMakeFiles/xml.dir/src/xml/fevdumper.cpp.o
[ 27%] Building CXX object CMakeFiles/nwscript.dir/src/nwscript/ncsfile.cpp.o
[ 27%] Building CXX object CMakeFiles/nwscript.dir/src/nwscript/util.cpp.o
[ 27%] Building CXX object CMakeFiles/aurora.dir/src/aurora/obbfile.cpp.o
[ 29%] Building CXX object CMakeFiles/nwscript.dir/src/nwscript/game.cpp.o
[ 29%] Building CXX object CMakeFiles/images.dir/src/images/tpc.cpp.o
[ 29%] Building CXX object CMakeFiles/common.dir/src/common/maths.cpp.o
[ 30%] Building CXX object CMakeFiles/aurora.dir/src/aurora/locstring.cpp.o
[ 30%] Building CXX object CMakeFiles/common.dir/src/common/ustring.cpp.o
[ 30%] Linking CXX static library lib/libsound.a
[ 30%] Built target sound
[ 32%] Building CXX object CMakeFiles/common.dir/src/common/md5.cpp.o
[ 32%] Building CXX object CMakeFiles/aurora.dir/src/aurora/gff3file.cpp.o
[ 32%] Building CXX object CMakeFiles/nwscript.dir/src/nwscript/controlflow.cpp.o
[ 32%] Building CXX object CMakeFiles/common.dir/src/common/blowfish.cpp.o
[ 32%] Building CXX object CMakeFiles/images.dir/src/images/txb.cpp.o
[ 32%] Building CXX object CMakeFiles/aurora.dir/src/aurora/gff3writer.cpp.o
[ 32%] Building CXX object CMakeFiles/nwscript.dir/src/nwscript/disassembler.cpp.o
[ 33%] Building CXX object CMakeFiles/images.dir/src/images/sbm.cpp.o
[ 33%] Building CXX object CMakeFiles/common.dir/src/common/deflate.cpp.o
[ 33%] Building CXX object CMakeFiles/aurora.dir/src/aurora/gff4file.cpp.o
[ 35%] Building CXX object CMakeFiles/nwscript.dir/src/nwscript/decompiler.cpp.o
[ 35%] Building CXX object CMakeFiles/common.dir/src/common/lzma.cpp.o
[ 36%] Building CXX object CMakeFiles/common.dir/src/common/base64.cpp.o
[ 36%] Building CXX object CMakeFiles/common.dir/src/common/error.cpp.o
[ 38%] Building CXX object CMakeFiles/aurora.dir/src/aurora/talktable.cpp.o
[ 38%] Building CXX object CMakeFiles/aurora.dir/src/aurora/talktable_tlk.cpp.o
[ 38%] Building CXX object CMakeFiles/images.dir/src/images/xoreositex.cpp.o
[ 38%] Building CXX object CMakeFiles/common.dir/src/common/util.cpp.o
[ 38%] Building CXX object CMakeFiles/aurora.dir/src/aurora/talktable_gff.cpp.o
[ 40%] Building CXX object CMakeFiles/common.dir/src/common/strutil.cpp.o
[ 40%] Building CXX object CMakeFiles/common.dir/src/common/encoding.cpp.o
[ 40%] Building CXX object CMakeFiles/common.dir/src/common/platform.cpp.o
[ 40%] Linking CXX static library lib/libxml.a
[ 40%] Built target xml
[ 40%] Building CXX object CMakeFiles/images.dir/src/images/nbfs.cpp.o
[ 40%] Building CXX object CMakeFiles/common.dir/src/common/readstream.cpp.o
[ 41%] Building CXX object CMakeFiles/aurora.dir/src/aurora/ssffile.cpp.o
[ 43%] Building CXX object CMakeFiles/common.dir/src/common/memreadstream.cpp.o
[ 43%] Building CXX object CMakeFiles/common.dir/src/common/writestream.cpp.o
[ 43%] Building CXX object CMakeFiles/common.dir/src/common/memwritestream.cpp.o
[ 44%] Building CXX object CMakeFiles/images.dir/src/images/nclr.cpp.o
[ 44%] Building CXX object CMakeFiles/images.dir/src/images/ncgr.cpp.o
[ 44%] Building CXX object CMakeFiles/common.dir/src/common/stdinstream.cpp.o
[ 44%] Building CXX object CMakeFiles/images.dir/src/images/cbgt.cpp.o
[ 44%] Linking CXX static library lib/libnwscript.a
[ 44%] Building CXX object CMakeFiles/aurora.dir/src/aurora/2dafile.cpp.o
[ 44%] Built target nwscript
[ 46%] Building CXX object CMakeFiles/common.dir/src/common/stdoutstream.cpp.o
[ 46%] Building CXX object CMakeFiles/common.dir/src/common/streamtokenizer.cpp.o
In file included from /opt/boost1.88/include/boost/locale.hpp:18,
                 from /build/xoreos-tools-git/src/xoreos-tools/src/common/platform.cpp:44:
/opt/boost1.88/include/boost/locale/generator.hpp:74: warning: declaration of ‘message’ shadows a global declaration [-Wshadow]
   74 |         message = 1 << 4,      ///< Generate message facets
      |         ^~~~~~~
In file included from /opt/boost1.88/include/boost/locale/format.hpp:13,
                 from /opt/boost1.88/include/boost/locale.hpp:16:
/opt/boost1.88/include/boost/locale/message.hpp:341: note: shadowed declaration is here
  341 |     typedef basic_message<char> message;
      |                                 ^~~~~~~
[ 46%] Building CXX object CMakeFiles/common.dir/src/common/readfile.cpp.o
[ 47%] Building CXX object CMakeFiles/common.dir/src/common/writefile.cpp.o
[ 47%] Building CXX object CMakeFiles/common.dir/src/common/filepath.cpp.o
[ 47%] Building CXX object CMakeFiles/images.dir/src/images/cdpth.cpp.o
[ 47%] Building CXX object CMakeFiles/aurora.dir/src/aurora/gdafile.cpp.o
[ 47%] Building CXX object CMakeFiles/aurora.dir/src/aurora/gdaheaders.cpp.o
[ 49%] Building CXX object CMakeFiles/aurora.dir/src/aurora/smallfile.cpp.o
[ 49%] Building CXX object CMakeFiles/common.dir/src/common/zipfile.cpp.o
[ 50%] Building CXX object CMakeFiles/common.dir/src/common/cli.cpp.o
[ 50%] Building CXX object CMakeFiles/images.dir/src/images/txi.cpp.o
[ 50%] Building CXX object CMakeFiles/aurora.dir/src/aurora/nitrofile.cpp.o
[ 50%] Building CXX object CMakeFiles/images.dir/src/images/txitypes.cpp.o
[ 52%] Building CXX object CMakeFiles/common.dir/src/common/stringmap.cpp.o
[ 52%] Building CXX object CMakeFiles/common.dir/src/common/string.cpp.o
[ 52%] Building CXX object CMakeFiles/common.dir/src/common/lzx.cpp.o
[ 52%] Building CXX object CMakeFiles/aurora.dir/src/aurora/nsbtxfile.cpp.o
[ 52%] Building CXX object CMakeFiles/aurora.dir/src/aurora/erfwriter.cpp.o
[ 53%] Building CXX object CMakeFiles/aurora.dir/src/aurora/sacfile.cpp.o
[ 53%] Building CXX object CMakeFiles/aurora.dir/src/aurora/thewitchersavefile.cpp.o
[ 53%] Building CXX object CMakeFiles/aurora.dir/src/aurora/thewitchersavewriter.cpp.o
[ 55%] Building CXX object CMakeFiles/aurora.dir/src/aurora/xmlfixer.cpp.o
[ 55%] Building CXX object CMakeFiles/aurora.dir/src/aurora/keywriter.cpp.o
[ 55%] Building CXX object CMakeFiles/aurora.dir/src/aurora/bifwriter.cpp.o
[ 55%] Building CXX object CMakeFiles/aurora.dir/src/aurora/bzfwriter.cpp.o
[ 56%] Building CXX object CMakeFiles/aurora.dir/src/aurora/rimwriter.cpp.o
[ 56%] Linking CXX static library lib/libimages.a
[ 56%] Built target images
[ 56%] Linking CXX static library lib/libaurora.a
[ 56%] Built target aurora
[ 58%] Linking CXX static library lib/libcommon.a
[ 58%] Built target common
[ 58%] Building CXX object CMakeFiles/xml2tlk.dir/src/xml2tlk.cpp.o
[ 60%] Building CXX object CMakeFiles/ssf2xml.dir/src/ssf2xml.cpp.o
[ 61%] Building CXX object CMakeFiles/desmall.dir/src/desmall.cpp.o
[ 61%] Building CXX object CMakeFiles/nbfs2tga.dir/src/nbfs2tga.cpp.o
[ 61%] Building CXX object CMakeFiles/xml2ssf.dir/src/xml2ssf.cpp.o
[ 61%] Building CXX object CMakeFiles/cbgt2tga.dir/src/cbgt2tga.cpp.o
[ 63%] Building CXX object CMakeFiles/fixpremiumgff.dir/src/fixpremiumgff.cpp.o
[ 63%] Building CXX object CMakeFiles/xoreostex2tga.dir/src/xoreostex2tga.cpp.o
[ 63%] Building CXX object CMakeFiles/gff2xml.dir/src/gff2xml.cpp.o
[ 63%] Building CXX object CMakeFiles/cdpth2tga.dir/src/cdpth2tga.cpp.o
[ 64%] Building CXX object CMakeFiles/tlk2xml.dir/src/tlk2xml.cpp.o
[ 64%] Building CXX object CMakeFiles/ncgr2tga.dir/src/ncgr2tga.cpp.o
[ 64%] Building CXX object CMakeFiles/ncsdis.dir/src/ncsdis.cpp.o
[ 66%] Building CXX object CMakeFiles/keybif.dir/src/keybif.cpp.o
[ 66%] Building CXX object CMakeFiles/ncsdecomp.dir/src/ncsdecomp.cpp.o
[ 66%] Building CXX object CMakeFiles/convert2da.dir/src/convert2da.cpp.o
[ 66%] Building CXX object CMakeFiles/xml2gff.dir/src/xml2gff.cpp.o
[ 67%] Building CXX object CMakeFiles/erf.dir/src/erf.cpp.o
[ 67%] Building CXX object CMakeFiles/fixnwn2xml.dir/src/fixnwn2xml.cpp.o
[ 69%] Linking CXX static library lib/libarchives.a
[ 69%] Built target archives
[ 69%] Building CXX object CMakeFiles/erf.dir/src/util.cpp.o
[ 69%] Building CXX object CMakeFiles/desmall.dir/src/util.cpp.o
[ 69%] Building CXX object CMakeFiles/cdpth2tga.dir/src/util.cpp.o
[ 69%] Building CXX object CMakeFiles/fixnwn2xml.dir/src/util.cpp.o
[ 69%] Building CXX object CMakeFiles/ssf2xml.dir/src/util.cpp.o
[ 69%] Building CXX object CMakeFiles/convert2da.dir/src/util.cpp.o
[ 70%] Building CXX object CMakeFiles/cbgt2tga.dir/src/util.cpp.o
[ 72%] Building CXX object CMakeFiles/xml2ssf.dir/src/util.cpp.o
[ 72%] Building CXX object CMakeFiles/fixpremiumgff.dir/src/util.cpp.o
[ 73%] Building CXX object CMakeFiles/nbfs2tga.dir/src/util.cpp.o
[ 73%] Building CXX object CMakeFiles/xml2tlk.dir/src/util.cpp.o
[ 73%] Building CXX object CMakeFiles/xoreostex2tga.dir/src/util.cpp.o
[ 73%] Building CXX object CMakeFiles/tlk2xml.dir/src/util.cpp.o
[ 73%] Building CXX object CMakeFiles/ncsdis.dir/src/util.cpp.o
[ 75%] Building CXX object CMakeFiles/xml2gff.dir/src/util.cpp.o
[ 75%] Building CXX object CMakeFiles/ncsdecomp.dir/src/util.cpp.o
[ 75%] Building CXX object CMakeFiles/gff2xml.dir/src/util.cpp.o
[ 76%] Building CXX object CMakeFiles/ncgr2tga.dir/src/util.cpp.o
[ 76%] Building CXX object CMakeFiles/rim.dir/src/rim.cpp.o
[ 76%] Linking CXX executable bin/erf
[ 76%] Building CXX object CMakeFiles/keybif.dir/src/util.cpp.o
[ 76%] Linking CXX executable bin/desmall
[ 78%] Linking CXX executable bin/fixnwn2xml
[ 78%] Linking CXX executable bin/xml2ssf
[ 80%] Linking CXX executable bin/cdpth2tga
[ 80%] Linking CXX executable bin/convert2da
[ 80%] Linking CXX executable bin/ssf2xml
[ 80%] Linking CXX executable bin/fixpremiumgff
[ 80%] Linking CXX executable bin/cbgt2tga
[ 81%] Linking CXX executable bin/xoreostex2tga
[ 81%] Linking CXX executable bin/tlk2xml
[ 83%] Linking CXX executable bin/xml2tlk
[ 83%] Linking CXX executable bin/ncsdis
[ 83%] Linking CXX executable bin/xml2gff
[ 83%] Linking CXX executable bin/nbfs2tga
[ 84%] Linking CXX executable bin/ncsdecomp
[ 84%] Linking CXX executable bin/ncgr2tga
[ 84%] Linking CXX executable bin/gff2xml
[ 84%] Linking CXX executable bin/keybif
[ 84%] Building CXX object CMakeFiles/rim.dir/src/util.cpp.o
[ 86%] Linking CXX executable bin/rim
[ 86%] Built target desmall
[ 86%] Built target fixpremiumgff
[ 86%] Built target nbfs2tga
[ 86%] Built target ssf2xml
[ 86%] Built target erf
[ 86%] Built target xml2ssf
[ 86%] Building CXX object CMakeFiles/fev2xml.dir/src/fev2xml.cpp.o
[ 86%] Built target fixnwn2xml
[ 86%] Building CXX object CMakeFiles/fev2xml.dir/src/util.cpp.o
[ 86%] Built target rim
[ 86%] Building CXX object CMakeFiles/unerf.dir/src/unerf.cpp.o
[ 86%] Built target keybif
[ 86%] Building CXX object CMakeFiles/unherf.dir/src/unherf.cpp.o
[ 87%] Building CXX object CMakeFiles/unrim.dir/src/unrim.cpp.o
[ 87%] Built target ncgr2tga
[ 87%] Building CXX object CMakeFiles/unkeybif.dir/src/unkeybif.cpp.o
[ 89%] Building CXX object CMakeFiles/unherf.dir/src/util.cpp.o
[ 89%] Built target xml2tlk
[ 89%] Building CXX object CMakeFiles/unrim.dir/src/util.cpp.o
[ 89%] Built target cdpth2tga
[ 89%] Building CXX object CMakeFiles/unkeybif.dir/src/util.cpp.o
[ 89%] Building CXX object CMakeFiles/unnds.dir/src/unnds.cpp.o
[ 90%] Linking CXX executable bin/fev2xml
[ 92%] Building CXX object CMakeFiles/unobb.dir/src/unobb.cpp.o
[ 93%] Building CXX object CMakeFiles/unerf.dir/src/util.cpp.o
[ 93%] Building CXX object CMakeFiles/unobb.dir/src/util.cpp.o
[ 93%] Building CXX object CMakeFiles/unnsbtx.dir/src/unnsbtx.cpp.o
[ 93%] Linking CXX executable bin/unherf
[ 93%] Linking CXX executable bin/unrim
[ 93%] Building CXX object CMakeFiles/unnds.dir/src/util.cpp.o
[ 93%] Built target cbgt2tga
[ 93%] Building CXX object CMakeFiles/unnsbtx.dir/src/util.cpp.o
[ 93%] Building CXX object CMakeFiles/untws.dir/src/untws.cpp.o
[ 93%] Built target xoreostex2tga
[ 95%] Building CXX object CMakeFiles/tws.dir/src/tws.cpp.o
[ 95%] Built target gff2xml
[ 96%] Building CXX object CMakeFiles/untws.dir/src/util.cpp.o
[ 96%] Building CXX object CMakeFiles/tws.dir/src/util.cpp.o
[ 96%] Built target tlk2xml
[ 96%] Built target convert2da
[ 96%] Linking CXX executable bin/unerf
[ 98%] Linking CXX executable bin/unkeybif
[100%] Linking CXX executable bin/unnds
[100%] Built target ncsdis
[100%] Built target ncsdecomp
[100%] Linking CXX executable bin/unnsbtx
[100%] Linking CXX executable bin/unobb
[100%] Linking CXX executable bin/untws
[100%] Built target xml2gff
[100%] Linking CXX executable bin/tws
[100%] Built target fev2xml
[100%] Built target tws
[100%] Built target unnsbtx
[100%] Built target unherf
[100%] Built target unrim
[100%] Built target unobb
[100%] Built target unkeybif
[100%] Built target untws
[100%] Built target unerf
[100%] Built target unnds
