-- Install configuration: "None"
-- Installing: /build/xoreos-tools/pkg/xoreos-tools/usr/bin/fixnwn2xml
-- Set non-toolchain portion of runtime path of "/build/xoreos-tools/pkg/xoreos-tools/usr/bin/fixnwn2xml" to ""
-- Installing: /build/xoreos-tools/pkg/xoreos-tools/usr/bin/gff2xml
-- Set non-toolchain portion of runtime path of "/build/xoreos-tools/pkg/xoreos-tools/usr/bin/gff2xml" to ""
-- Installing: /build/xoreos-tools/pkg/xoreos-tools/usr/bin/tlk2xml
-- Set non-toolchain portion of runtime path of "/build/xoreos-tools/pkg/xoreos-tools/usr/bin/tlk2xml" to ""
-- Installing: /build/xoreos-tools/pkg/xoreos-tools/usr/bin/ssf2xml
-- Set non-toolchain portion of runtime path of "/build/xoreos-tools/pkg/xoreos-tools/usr/bin/ssf2xml" to ""
-- Installing: /build/xoreos-tools/pkg/xoreos-tools/usr/bin/xml2tlk
-- Set non-toolchain portion of runtime path of "/build/xoreos-tools/pkg/xoreos-tools/usr/bin/xml2tlk" to ""
-- Installing: /build/xoreos-tools/pkg/xoreos-tools/usr/bin/xml2ssf
-- Set non-toolchain portion of runtime path of "/build/xoreos-tools/pkg/xoreos-tools/usr/bin/xml2ssf" to ""
-- Installing: /build/xoreos-tools/pkg/xoreos-tools/usr/bin/convert2da
-- Set non-toolchain portion of runtime path of "/build/xoreos-tools/pkg/xoreos-tools/usr/bin/convert2da" to ""
-- Installing: /build/xoreos-tools/pkg/xoreos-tools/usr/bin/fixpremiumgff
-- Set non-toolchain portion of runtime path of "/build/xoreos-tools/pkg/xoreos-tools/usr/bin/fixpremiumgff" to ""
-- Installing: /build/xoreos-tools/pkg/xoreos-tools/usr/bin/unerf
-- Set non-toolchain portion of runtime path of "/build/xoreos-tools/pkg/xoreos-tools/usr/bin/unerf" to ""
-- Installing: /build/xoreos-tools/pkg/xoreos-tools/usr/bin/unherf
-- Set non-toolchain portion of runtime path of "/build/xoreos-tools/pkg/xoreos-tools/usr/bin/unherf" to ""
-- Installing: /build/xoreos-tools/pkg/xoreos-tools/usr/bin/unrim
-- Set non-toolchain portion of runtime path of "/build/xoreos-tools/pkg/xoreos-tools/usr/bin/unrim" to ""
-- Installing: /build/xoreos-tools/pkg/xoreos-tools/usr/bin/unkeybif
-- Set non-toolchain portion of runtime path of "/build/xoreos-tools/pkg/xoreos-tools/usr/bin/unkeybif" to ""
-- Installing: /build/xoreos-tools/pkg/xoreos-tools/usr/bin/unnds
-- Set non-toolchain portion of runtime path of "/build/xoreos-tools/pkg/xoreos-tools/usr/bin/unnds" to ""
-- Installing: /build/xoreos-tools/pkg/xoreos-tools/usr/bin/unobb
-- Set non-toolchain portion of runtime path of "/build/xoreos-tools/pkg/xoreos-tools/usr/bin/unobb" to ""
-- Installing: /build/xoreos-tools/pkg/xoreos-tools/usr/bin/unnsbtx
-- Set non-toolchain portion of runtime path of "/build/xoreos-tools/pkg/xoreos-tools/usr/bin/unnsbtx" to ""
-- Installing: /build/xoreos-tools/pkg/xoreos-tools/usr/bin/desmall
-- Set non-toolchain portion of runtime path of "/build/xoreos-tools/pkg/xoreos-tools/usr/bin/desmall" to ""
-- Installing: /build/xoreos-tools/pkg/xoreos-tools/usr/bin/xoreostex2tga
-- Set non-toolchain portion of runtime path of "/build/xoreos-tools/pkg/xoreos-tools/usr/bin/xoreostex2tga" to ""
-- Installing: /build/xoreos-tools/pkg/xoreos-tools/usr/bin/nbfs2tga
-- Set non-toolchain portion of runtime path of "/build/xoreos-tools/pkg/xoreos-tools/usr/bin/nbfs2tga" to ""
-- Installing: /build/xoreos-tools/pkg/xoreos-tools/usr/bin/ncgr2tga
-- Set non-toolchain portion of runtime path of "/build/xoreos-tools/pkg/xoreos-tools/usr/bin/ncgr2tga" to ""
-- Installing: /build/xoreos-tools/pkg/xoreos-tools/usr/bin/cbgt2tga
-- Set non-toolchain portion of runtime path of "/build/xoreos-tools/pkg/xoreos-tools/usr/bin/cbgt2tga" to ""
-- Installing: /build/xoreos-tools/pkg/xoreos-tools/usr/bin/cdpth2tga
-- Set non-toolchain portion of runtime path of "/build/xoreos-tools/pkg/xoreos-tools/usr/bin/cdpth2tga" to ""
-- Installing: /build/xoreos-tools/pkg/xoreos-tools/usr/bin/ncsdis
-- Set non-toolchain portion of runtime path of "/build/xoreos-tools/pkg/xoreos-tools/usr/bin/ncsdis" to ""
-- Installing: /build/xoreos-tools/pkg/xoreos-tools/usr/bin/erf
-- Set non-toolchain portion of runtime path of "/build/xoreos-tools/pkg/xoreos-tools/usr/bin/erf" to ""
-- Installing: /build/xoreos-tools/pkg/xoreos-tools/usr/bin/untws
-- Set non-toolchain portion of runtime path of "/build/xoreos-tools/pkg/xoreos-tools/usr/bin/untws" to ""
-- Installing: /build/xoreos-tools/pkg/xoreos-tools/usr/bin/tws
-- Set non-toolchain portion of runtime path of "/build/xoreos-tools/pkg/xoreos-tools/usr/bin/tws" to ""
-- Installing: /build/xoreos-tools/pkg/xoreos-tools/usr/bin/xml2gff
-- Set non-toolchain portion of runtime path of "/build/xoreos-tools/pkg/xoreos-tools/usr/bin/xml2gff" to ""
-- Installing: /build/xoreos-tools/pkg/xoreos-tools/usr/bin/keybif
-- Set non-toolchain portion of runtime path of "/build/xoreos-tools/pkg/xoreos-tools/usr/bin/keybif" to ""
-- Installing: /build/xoreos-tools/pkg/xoreos-tools/usr/bin/ncsdecomp
-- Set non-toolchain portion of runtime path of "/build/xoreos-tools/pkg/xoreos-tools/usr/bin/ncsdecomp" to ""
-- Installing: /build/xoreos-tools/pkg/xoreos-tools/usr/bin/rim
-- Set non-toolchain portion of runtime path of "/build/xoreos-tools/pkg/xoreos-tools/usr/bin/rim" to ""
-- Installing: /build/xoreos-tools/pkg/xoreos-tools/usr/bin/fev2xml
-- Set non-toolchain portion of runtime path of "/build/xoreos-tools/pkg/xoreos-tools/usr/bin/fev2xml" to ""
-- Installing: /build/xoreos-tools/pkg/xoreos-tools/usr/share/man/man1/cbgt2tga.1
-- Installing: /build/xoreos-tools/pkg/xoreos-tools/usr/share/man/man1/cdpth2tga.1
-- Installing: /build/xoreos-tools/pkg/xoreos-tools/usr/share/man/man1/convert2da.1
-- Installing: /build/xoreos-tools/pkg/xoreos-tools/usr/share/man/man1/fixpremiumgff.1
-- Installing: /build/xoreos-tools/pkg/xoreos-tools/usr/share/man/man1/desmall.1
-- Installing: /build/xoreos-tools/pkg/xoreos-tools/usr/share/man/man1/gff2xml.1
-- Installing: /build/xoreos-tools/pkg/xoreos-tools/usr/share/man/man1/nbfs2tga.1
-- Installing: /build/xoreos-tools/pkg/xoreos-tools/usr/share/man/man1/ncgr2tga.1
-- Installing: /build/xoreos-tools/pkg/xoreos-tools/usr/share/man/man1/tlk2xml.1
-- Installing: /build/xoreos-tools/pkg/xoreos-tools/usr/share/man/man1/ssf2xml.1
-- Installing: /build/xoreos-tools/pkg/xoreos-tools/usr/share/man/man1/xml2tlk.1
-- Installing: /build/xoreos-tools/pkg/xoreos-tools/usr/share/man/man1/xml2ssf.1
-- Installing: /build/xoreos-tools/pkg/xoreos-tools/usr/share/man/man1/unerf.1
-- Installing: /build/xoreos-tools/pkg/xoreos-tools/usr/share/man/man1/unherf.1
-- Installing: /build/xoreos-tools/pkg/xoreos-tools/usr/share/man/man1/unkeybif.1
-- Installing: /build/xoreos-tools/pkg/xoreos-tools/usr/share/man/man1/unnds.1
-- Installing: /build/xoreos-tools/pkg/xoreos-tools/usr/share/man/man1/unnsbtx.1
-- Installing: /build/xoreos-tools/pkg/xoreos-tools/usr/share/man/man1/unrim.1
-- Installing: /build/xoreos-tools/pkg/xoreos-tools/usr/share/man/man1/xoreostex2tga.1
-- Installing: /build/xoreos-tools/pkg/xoreos-tools/usr/share/man/man1/ncsdis.1
-- Installing: /build/xoreos-tools/pkg/xoreos-tools/usr/share/man/man1/erf.1
-- Installing: /build/xoreos-tools/pkg/xoreos-tools/usr/share/man/man1/untws.1
-- Installing: /build/xoreos-tools/pkg/xoreos-tools/usr/share/man/man1/tws.1
-- Installing: /build/xoreos-tools/pkg/xoreos-tools/usr/share/man/man1/xml2gff.1
-- Installing: /build/xoreos-tools/pkg/xoreos-tools/usr/share/man/man1/keybif.1
-- Installing: /build/xoreos-tools/pkg/xoreos-tools/usr/share/man/man1/ncsdecomp.1
-- Installing: /build/xoreos-tools/pkg/xoreos-tools/usr/share/man/man1/rim.1
-- Installing: /build/xoreos-tools/pkg/xoreos-tools/usr/share/man/man1/fev2xml.1
-- Installing: /build/xoreos-tools/pkg/xoreos-tools/usr/share/man/man1/fixnwn2xml.1
-- Installing: /build/xoreos-tools/pkg/xoreos-tools/usr/share/man/man1/unobb.1
-- Installing: /build/xoreos-tools/pkg/xoreos-tools/usr/share/doc/xoreos-tools/COPYING
-- Installing: /build/xoreos-tools/pkg/xoreos-tools/usr/share/doc/xoreos-tools/AUTHORS
-- Installing: /build/xoreos-tools/pkg/xoreos-tools/usr/share/doc/xoreos-tools/ChangeLog
-- Installing: /build/xoreos-tools/pkg/xoreos-tools/usr/share/doc/xoreos-tools/NEWS.md
-- Installing: /build/xoreos-tools/pkg/xoreos-tools/usr/share/doc/xoreos-tools/TODO
-- Installing: /build/xoreos-tools/pkg/xoreos-tools/usr/share/doc/xoreos-tools/README.md
-- Installing: /build/xoreos-tools/pkg/xoreos-tools/usr/share/doc/xoreos-tools/CONTRIBUTING.md
-- Installing: /build/xoreos-tools/pkg/xoreos-tools/usr/share/doc/xoreos-tools/CODE_OF_CONDUCT.md
