checking build system type... x86_64-pc-linux-gnu
checking host system type... x86_64-pc-linux-gnu
checking target system type... x86_64-pc-linux-gnu
checking for a BSD-compatible install... /usr/bin/install -c
checking whether sleep supports fractional seconds... yes
checking filesystem timestamp resolution... 0.01
checking whether build environment is sane... yes
checking for a race-free mkdir -p... /usr/bin/mkdir -p
checking for gawk... gawk
checking whether make sets $(MAKE)... yes
checking whether make supports nested variables... yes
checking xargs -n works... yes
checking whether UID '1000' is supported by ustar format... yes
checking whether GID '1000' is supported by ustar format... yes
checking how to create a ustar tar archive... gnutar
checking whether make supports the include directive... yes (GNU style)
checking for gcc... gcc
checking whether the C compiler works... yes
checking for C compiler default output file name... a.out
checking for suffix of executables... 
checking whether we are cross compiling... no
checking for suffix of object files... o
checking whether the compiler supports GNU C... yes
checking whether gcc accepts -g... yes
checking for gcc option to enable C11 features... none needed
checking whether gcc understands -c and -o together... yes
checking dependency style of gcc... gcc3
checking for ar... ar
checking the archiver (ar) interface... ar
checking how to print strings... printf
checking for a sed that does not truncate output... /usr/bin/sed
checking for grep that handles long lines and -e... /usr/bin/grep
checking for egrep... /usr/bin/grep -E
checking for fgrep... /usr/bin/grep -F
checking for ld used by gcc... /usr/bin/ld
checking if the linker (/usr/bin/ld) is GNU ld... yes
checking for BSD- or MS-compatible name lister (nm)... /usr/bin/nm -B
checking the name lister (/usr/bin/nm -B) interface... BSD nm
checking whether ln -s works... yes
checking the maximum length of command line arguments... 1572864
checking how to convert x86_64-pc-linux-gnu file names to x86_64-pc-linux-gnu format... func_convert_file_noop
checking how to convert x86_64-pc-linux-gnu file names to toolchain format... func_convert_file_noop
checking for /usr/bin/ld option to reload object files... -r
checking for file... file
checking for objdump... objdump
checking how to recognize dependent libraries... pass_all
checking for dlltool... no
checking how to associate runtime and link libraries... printf %s\n
checking for ranlib... ranlib
checking for archiver @FILE support... @
checking for strip... strip
checking command to parse /usr/bin/nm -B output from gcc object... ok
checking for sysroot... no
checking for a working dd... /usr/bin/dd
checking how to truncate binary pipes... /usr/bin/dd bs=4096 count=1
checking for mt... no
checking if : is a manifest tool... no
checking for stdio.h... yes
checking for stdlib.h... yes
checking for string.h... yes
checking for inttypes.h... yes
checking for stdint.h... yes
checking for strings.h... yes
checking for sys/stat.h... yes
checking for sys/types.h... yes
checking for unistd.h... yes
checking for dlfcn.h... yes
checking which variant of shared library versioning to provide... (default) aix
checking for objdir... .libs
checking if gcc supports -fno-rtti -fno-exceptions... no
checking for gcc option to produce PIC... -fPIC -DPIC
checking if gcc PIC flag -fPIC -DPIC works... yes
checking if gcc static flag -static works... yes
checking if gcc supports -c -o file.o... yes
checking if gcc supports -c -o file.o... (cached) yes
checking whether the gcc linker (/usr/bin/ld -m elf_x86_64) supports shared libraries... yes
checking dynamic linker characteristics... GNU/Linux ld.so
checking how to hardcode library paths into programs... immediate
checking whether stripping libraries is possible... yes
checking if libtool supports shared libraries... yes
checking whether to build shared libraries... no
checking whether to build static libraries... yes
checking for g++... g++
checking whether the compiler supports GNU C++... yes
checking whether g++ accepts -g... yes
checking for g++ option to enable C++11 features... none needed
checking dependency style of g++... gcc3
checking how to run the C++ preprocessor... g++ -E
checking for ld used by g++... /usr/bin/ld -m elf_x86_64
checking if the linker (/usr/bin/ld -m elf_x86_64) is GNU ld... yes
checking whether the g++ linker (/usr/bin/ld -m elf_x86_64) supports shared libraries... yes
checking for g++ option to produce PIC... -fPIC -DPIC
checking if g++ PIC flag -fPIC -DPIC works... yes
checking if g++ static flag -static works... yes
checking if g++ supports -c -o file.o... yes
checking if g++ supports -c -o file.o... (cached) yes
checking whether the g++ linker (/usr/bin/ld -m elf_x86_64) supports shared libraries... yes
checking dynamic linker characteristics... (cached) GNU/Linux ld.so
checking how to hardcode library paths into programs... immediate
checking for egrep... (cached) /usr/bin/grep -E
checking whether byte ordering is bigendian... no
checking for intptr_t... yes
checking for uintptr_t... yes
checking size of char... 1
checking size of short... 2
checking size of int... 4
checking size of long... 8
checking size of long long... 8
checking size of void *... 8
checking for cos in -lm... yes
checking for fabs... yes
checking for fmin... yes
checking for fmax... yes
checking for fabsf... yes
checking for fminf... yes
checking for fmaxf... yes
checking for strtoll... yes
checking for strtoull... yes
checking for strtof... yes
checking whether C++ compiler accepts -ggdb... yes
checking whether C++ compiler accepts -Wignored-qualifiers... yes
checking whether C++ compiler accepts -Wpointer-arith... yes
checking whether C++ compiler accepts -Wshadow... yes
checking whether C++ compiler accepts -Wsign-compare... yes
checking whether C++ compiler accepts -Wtype-limits... yes
checking whether C++ compiler accepts -Wuninitialized... yes
checking whether C++ compiler accepts -Wunused-parameter... yes
checking whether C++ compiler accepts -Wunused-but-set-parameter... yes
checking whether C++ compiler accepts -Wduplicated-cond... yes
checking whether C++ compiler accepts -Wduplicated-branches... yes
checking whether C++ compiler accepts -Wlogical-op... yes
checking whether C++ compiler accepts -Wshift-negative-value... yes
checking whether C++ compiler accepts -Wshift-overflow=2... yes
checking whether C++ compiler accepts -Wimplicit-fallthrough... yes
checking whether C++ compiler accepts -Wvla... yes
checking whether C++ compiler accepts -Wnon-virtual-dtor... yes
checking whether C++ compiler accepts -Wdeprecated-copy... yes
checking whether C++ compiler accepts -Wdeprecated-copy-dtor... yes
checking whether C++ compiler accepts -Wredundant-move... yes
checking whether C++ compiler accepts -Woverloaded-virtual... yes
checking whether C++ compiler accepts -Wlong-long... yes
checking whether C++ compiler accepts -Wc++11-long-long... no
checking whether C++ compiler accepts -Wundefined-var-template... no
checking whether C++ compiler accepts -Winconsistent-missing-override... no
checking whether C++ compiler accepts -std=c++11... yes
checking whether C++ compiler accepts -flto... yes
checking for ld used by gcc... /usr/bin/ld -m elf_x86_64
checking if the linker (/usr/bin/ld -m elf_x86_64) is GNU ld... yes
checking for shared library run path origin... done
checking for egrep -e... (cached) /usr/bin/grep -E
checking for iconv... yes
checking for working iconv... yes
checking for iconv declaration... 
         extern size_t iconv (iconv_t cd, char * *inbuf, size_t *inbytesleft, char * *outbuf, size_t *outbytesleft);
checking for zlib.h... yes
checking for lzma.h... yes
checking for xml2-config... xml2-config
checking for libxml/xmlversion.h... yes
checking for Boost headers version >= 1.53.0... /usr/include
checking for Boost's header version... 1_88
checking for boost/utility.hpp... yes
checking for boost/algorithm/string.hpp... yes
checking for the toolset name used by Boost for g++... configure: WARNING: could not figure out which toolset name to use for g++

checking for boost/system/error_code.hpp... yes
checking for the Boost system library... yes
checking for boost/system/error_code.hpp... (cached) yes
checking for the Boost system library... (cached) yes
checking for boost/filesystem/path.hpp... yes
checking for the Boost filesystem library... (cached) yes
checking for boost/uuid/uuid.hpp... yes
checking for boost/scoped_ptr.hpp... yes
checking for boost/shared_ptr.hpp... yes
checking for boost/scope_exit.hpp... yes
checking for boost/system/error_code.hpp... (cached) yes
checking for the Boost system library... (cached) yes
checking for boost/locale.hpp... yes
checking for the Boost locale library... (cached) yes
checking whether gcc is Clang... no
checking whether pthreads work with -pthread... yes
checking for joinable pthread attribute... PTHREAD_CREATE_JOINABLE
checking whether more special flags are required for pthreads... no
checking for PTHREAD_PRIO_INHERIT... yes
checking that generated files are newer than configure... done
configure: creating ./config.status
config.status: creating Makefile
config.status: creating config.h
config.status: executing depfiles commands
config.status: executing libtool commands
make  all-am
make[1]: Entering directory '/build/xoreos-tools/src/xoreos-tools'
make[1]: *** No rule to make target 'src/version/gitstamp', needed by 'src/version/version.lo'.  Stop.
make[1]: *** Waiting for unfinished jobs....
make[1]: Leaving directory '/build/xoreos-tools/src/xoreos-tools'
make: *** [Makefile:3401: all] Error 2
[1m[31m==> ERROR:(B[m[1m A failure occurred in build().(B[m
[1m    Aborting...(B[m
