make[1]: Entering directory '/build/xoreos-tools-git/src/xoreos-tools'
 /usr/bin/mkdir -p '/build/xoreos-tools-git/pkg/xoreos-tools-git//usr/share/doc/xoreos-tools'
 /usr/bin/mkdir -p '/build/xoreos-tools-git/pkg/xoreos-tools-git//usr/share/man/man1'
 /usr/bin/install -c -m 644 COPYING AUTHORS ChangeLog NEWS.md TODO README.md CONTRIBUTING.md CODE_OF_CONDUCT.md '/build/xoreos-tools-git/pkg/xoreos-tools-git//usr/share/doc/xoreos-tools'
 /usr/bin/mkdir -p '/build/xoreos-tools-git/pkg/xoreos-tools-git//usr/bin'
 /usr/bin/install -c -m 644 man/cbgt2tga.1 man/cdpth2tga.1 man/convert2da.1 man/fixpremiumgff.1 man/desmall.1 man/gff2xml.1 man/nbfs2tga.1 man/ncgr2tga.1 man/tlk2xml.1 man/ssf2xml.1 man/xml2tlk.1 man/xml2ssf.1 man/unerf.1 man/unherf.1 man/unkeybif.1 man/unnds.1 man/unnsbtx.1 man/unrim.1 man/xoreostex2tga.1 man/ncsdis.1 man/erf.1 man/untws.1 man/tws.1 man/xml2gff.1 man/keybif.1 man/ncsdecomp.1 man/rim.1 man/fev2xml.1 man/fixnwn2xml.1 man/unobb.1 '/build/xoreos-tools-git/pkg/xoreos-tools-git//usr/share/man/man1'
  /bin/sh ./libtool   --mode=install /usr/bin/install -c src/fixnwn2xml src/gff2xml src/tlk2xml src/ssf2xml src/xml2tlk src/xml2ssf src/convert2da src/fixpremiumgff src/unerf src/unherf src/unrim src/unkeybif src/unnds src/unobb src/unnsbtx src/desmall src/xoreostex2tga src/nbfs2tga src/ncgr2tga src/cbgt2tga src/cdpth2tga src/ncsdis src/erf src/untws src/tws src/xml2gff src/keybif src/ncsdecomp src/rim src/fev2xml '/build/xoreos-tools-git/pkg/xoreos-tools-git//usr/bin'
libtool: install: /usr/bin/install -c src/fixnwn2xml /build/xoreos-tools-git/pkg/xoreos-tools-git//usr/bin/fixnwn2xml
libtool: install: /usr/bin/install -c src/gff2xml /build/xoreos-tools-git/pkg/xoreos-tools-git//usr/bin/gff2xml
libtool: install: /usr/bin/install -c src/tlk2xml /build/xoreos-tools-git/pkg/xoreos-tools-git//usr/bin/tlk2xml
libtool: install: /usr/bin/install -c src/ssf2xml /build/xoreos-tools-git/pkg/xoreos-tools-git//usr/bin/ssf2xml
libtool: install: /usr/bin/install -c src/xml2tlk /build/xoreos-tools-git/pkg/xoreos-tools-git//usr/bin/xml2tlk
libtool: install: /usr/bin/install -c src/xml2ssf /build/xoreos-tools-git/pkg/xoreos-tools-git//usr/bin/xml2ssf
libtool: install: /usr/bin/install -c src/convert2da /build/xoreos-tools-git/pkg/xoreos-tools-git//usr/bin/convert2da
libtool: install: /usr/bin/install -c src/fixpremiumgff /build/xoreos-tools-git/pkg/xoreos-tools-git//usr/bin/fixpremiumgff
libtool: install: /usr/bin/install -c src/unerf /build/xoreos-tools-git/pkg/xoreos-tools-git//usr/bin/unerf
libtool: install: /usr/bin/install -c src/unherf /build/xoreos-tools-git/pkg/xoreos-tools-git//usr/bin/unherf
libtool: install: /usr/bin/install -c src/unrim /build/xoreos-tools-git/pkg/xoreos-tools-git//usr/bin/unrim
libtool: install: /usr/bin/install -c src/unkeybif /build/xoreos-tools-git/pkg/xoreos-tools-git//usr/bin/unkeybif
libtool: install: /usr/bin/install -c src/unnds /build/xoreos-tools-git/pkg/xoreos-tools-git//usr/bin/unnds
libtool: install: /usr/bin/install -c src/unobb /build/xoreos-tools-git/pkg/xoreos-tools-git//usr/bin/unobb
libtool: install: /usr/bin/install -c src/unnsbtx /build/xoreos-tools-git/pkg/xoreos-tools-git//usr/bin/unnsbtx
libtool: install: /usr/bin/install -c src/desmall /build/xoreos-tools-git/pkg/xoreos-tools-git//usr/bin/desmall
libtool: install: /usr/bin/install -c src/xoreostex2tga /build/xoreos-tools-git/pkg/xoreos-tools-git//usr/bin/xoreostex2tga
libtool: install: /usr/bin/install -c src/nbfs2tga /build/xoreos-tools-git/pkg/xoreos-tools-git//usr/bin/nbfs2tga
libtool: install: /usr/bin/install -c src/ncgr2tga /build/xoreos-tools-git/pkg/xoreos-tools-git//usr/bin/ncgr2tga
libtool: install: /usr/bin/install -c src/cbgt2tga /build/xoreos-tools-git/pkg/xoreos-tools-git//usr/bin/cbgt2tga
libtool: install: /usr/bin/install -c src/cdpth2tga /build/xoreos-tools-git/pkg/xoreos-tools-git//usr/bin/cdpth2tga
libtool: install: /usr/bin/install -c src/ncsdis /build/xoreos-tools-git/pkg/xoreos-tools-git//usr/bin/ncsdis
libtool: install: /usr/bin/install -c src/erf /build/xoreos-tools-git/pkg/xoreos-tools-git//usr/bin/erf
libtool: install: /usr/bin/install -c src/untws /build/xoreos-tools-git/pkg/xoreos-tools-git//usr/bin/untws
libtool: install: /usr/bin/install -c src/tws /build/xoreos-tools-git/pkg/xoreos-tools-git//usr/bin/tws
libtool: install: /usr/bin/install -c src/xml2gff /build/xoreos-tools-git/pkg/xoreos-tools-git//usr/bin/xml2gff
libtool: install: /usr/bin/install -c src/keybif /build/xoreos-tools-git/pkg/xoreos-tools-git//usr/bin/keybif
libtool: install: /usr/bin/install -c src/ncsdecomp /build/xoreos-tools-git/pkg/xoreos-tools-git//usr/bin/ncsdecomp
libtool: install: /usr/bin/install -c src/rim /build/xoreos-tools-git/pkg/xoreos-tools-git//usr/bin/rim
libtool: install: /usr/bin/install -c src/fev2xml /build/xoreos-tools-git/pkg/xoreos-tools-git//usr/bin/fev2xml
make[1]: Leaving directory '/build/xoreos-tools-git/src/xoreos-tools'
