autoreconf: export WARNINGS=
autoreconf: Entering directory '.'
autoreconf: configure.ac: not using Gettext
autoreconf: running: aclocal --force -I m4 --install
aclocal: installing 'm4/libtool.m4' from '/usr/share/aclocal/libtool.m4'
aclocal: installing 'm4/ltoptions.m4' from '/usr/share/aclocal/ltoptions.m4'
aclocal: installing 'm4/ltsugar.m4' from '/usr/share/aclocal/ltsugar.m4'
aclocal: installing 'm4/ltversion.m4' from '/usr/share/aclocal/ltversion.m4'
aclocal: installing 'm4/lt~obsolete.m4' from '/usr/share/aclocal/lt~obsolete.m4'
autoreconf: configure.ac: tracing
autoreconf: running: libtoolize --copy --force
libtoolize: putting auxiliary files in AC_CONFIG_AUX_DIR, 'build-aux'.
libtoolize: copying file 'build-aux/ltmain.sh'
libtoolize: putting macros in AC_CONFIG_MACRO_DIRS, 'm4'.
libtoolize: copying file 'm4/libtool.m4'
libtoolize: copying file 'm4/ltoptions.m4'
libtoolize: copying file 'm4/ltsugar.m4'
libtoolize: copying file 'm4/ltversion.m4'
libtoolize: copying file 'm4/lt~obsolete.m4'
autoreconf: configure.ac: not using Intltool
autoreconf: configure.ac: not using Gtkdoc
autoreconf: running: aclocal --force -I m4 --install
autoreconf: running: /usr/bin/autoconf --force
autoreconf: running: /usr/bin/autoheader --force
autoreconf: running: automake --add-missing --copy --force-missing
configure.ac:37: installing 'build-aux/ar-lib'
configure.ac:37: installing 'build-aux/compile'
configure.ac:29: installing 'build-aux/config.guess'
configure.ac:29: installing 'build-aux/config.sub'
configure.ac:31: installing 'build-aux/install-sh'
configure.ac:31: installing 'build-aux/missing'
Makefile.am: installing 'build-aux/depcomp'
parallel-tests: installing 'build-aux/test-driver'
autoreconf: Leaving directory '.'
