-- The C compiler identification is GNU 15.2.1
-- The CXX compiler identification is GNU 15.2.1
-- Detecting C compiler ABI info
-- Detecting C compiler ABI info - done
-- Check for working C compiler: /usr/bin/cc - skipped
-- Detecting C compile features
-- Detecting C compile features - done
-- Detecting CXX compiler ABI info
-- Detecting CXX compiler ABI info - done
-- Check for working CXX compiler: /usr/bin/c++ - skipped
-- Detecting CXX compile features
-- Detecting CXX compile features - done
-- Performing Test CMAKE_HAVE_LIBC_PTHREAD
-- Performing Test CMAKE_HAVE_LIBC_PTHREAD - Success
-- Found Threads: TRUE
-- Found OpenGL: /usr/lib/libOpenGL.so
-- Found WrapOpenGL: TRUE
-- Found WrapVulkanHeaders: /usr/include
-- Performing Test HAVE_STDATOMIC
-- Performing Test HAVE_STDATOMIC - Success
-- Found WrapAtomic: TRUE
-- Taglib found: -L/usr/lib -ltag -lz
-- Performing Test COMPLEX_TAGLIB_FILENAME
-- Performing Test COMPLEX_TAGLIB_FILENAME - Failed
-- Found Htmlcxx include path: /usr/include
-- Found Htmlcxx library path:/usr/lib/libhtmlcxx.so
-- Audio Engines
-- Audio Engine Vlc: OFF [use cmake .. -DENABLE_VLC=ON/OFF]
-- Audio Engine Mpv: OFF [use cmake .. -DENABLE_MPV=ON/OFF]
-- Audio Engine Phonon: OFF [use cmake .. -DENABLE_PHONON=ON/OFF]
-- Audio Engine QtMultimedia: ON [use cmake .. -DENABLE_QTMULTIMEDIA=ON/OFF]
-- Shortcuts: ON [use cmake .. -DENABLE_SHORTCUTS=ON/OFF]
-- Found X11: /usr/include
-- Looking for XOpenDisplay in /usr/lib/libX11.so;/usr/lib/libXext.so
-- Looking for XOpenDisplay in /usr/lib/libX11.so;/usr/lib/libXext.so - found
-- Looking for gethostbyname
-- Looking for gethostbyname - found
-- Looking for connect
-- Looking for connect - found
-- Looking for remove
-- Looking for remove - found
-- Looking for shmat
-- Looking for shmat - found
-- Looking for IceConnectionNumber in ICE
-- Looking for IceConnectionNumber in ICE - found
-- Configuring done (2.1s)
CMake Error at src/shortcuts/CMakeLists.txt:45 (target_link_libraries):
  Target "yarock_shortcuts" links to:

    Qt6::GuiPrivate

  but the target was not found.  Possible reasons include:

    * There is a typo in the target name.
    * A find_package call is missing for an IMPORTED target.
    * An ALIAS target is missing.



-- Generating done (0.1s)
CMake Generate step failed.  Build files cannot be regenerated correctly.
[1m[31m==> ERROR:(B[m[1m A failure occurred in build().(B[m
[1m    Aborting...(B[m
