[1/28] Generating wayland-xdg-shell-client-protocol.h ...
[2/28] Generating wayland-xdg-shell-client-protocol.c ...
[3/28] Generating wayland-viewporter-client-protocol.h ...
[4/28] Generating wayland-viewporter-client-protocol.c ...
[5/28] Generating wayland-relative-pointer-unstable-v1-client-protocol.h ...
[6/28] Generating wayland-relative-pointer-unstable-v1-client-protocol.c ...
[7/28] Generating wayland-pointer-constraints-unstable-v1-client-protocol.h ...
[8/28] Generating wayland-pointer-constraints-unstable-v1-client-protocol.c ...
[9/28] Generating wayland-xdg-decoration-unstable-v1-client-protocol.h ...
[10/28] Generating wayland-xdg-decoration-unstable-v1-client-protocol.c ...
[11/28] Generating wayland-primary-selection-unstable-v1-client-protocol.h ...
[12/28] Generating wayland-primary-selection-unstable-v1-client-protocol.c ...
[13/28] Generating wayland-text-input-unstable-v3-client-protocol.h ...
[14/28] Generating wayland-text-input-unstable-v3-client-protocol.c ...
[15/28] Generating wayland-xdg-activation-v1-client-protocol.h ...
[16/28] Generating wayland-xdg-activation-v1-client-protocol.c ...
[17/28] Generating wayland-tablet-unstable-v2-client-protocol.h ...
[18/28] Generating wayland-tablet-unstable-v2-client-protocol.c ...
[19/28] Generating wayland-cursor-shape-v1-client-protocol.h ...
[20/28] Generating wayland-cursor-shape-v1-client-protocol.c ...
[21/28] Generating wayland-fractional-scale-v1-client-protocol.h ...
[22/28] Generating wayland-fractional-scale-v1-client-protocol.c ...
[23/28] Generating wayland-single-pixel-buffer-v1-client-protocol.h ...
[24/28] Generating wayland-single-pixel-buffer-v1-client-protocol.c ...
[25/28] Generating wayland-kwin-blur-v1-client-protocol.h ...
[26/28] Generating wayland-kwin-blur-v1-client-protocol.c ...
[27/28] Generating wayland-wlr-layer-shell-unstable-v1-client-protocol.h ...
[28/28] Generating wayland-wlr-layer-shell-unstable-v1-client-protocol.c ...
 done
Copying 'Symbols NERD Font Mono' from /usr/share/fonts/TTF/SymbolsNerdFontMono-Regular.ttf
[1/122] Compiling kitty/screen.c ...
[2/122] Compiling kitty/unicode-data.c ...
[3/122] Compiling [wayland] glfw/wl_window.c ...
[4/122] Compiling [x11] glfw/x11_window.c ...
[5/122] Compiling kitty/graphics.c ...
[6/122] Compiling kitty/glfw.c ...
[7/122] Compiling kitty/fonts.c ...
[8/122] Compiling kitty/child-monitor.c ...
[9/122] Compiling kitty/shaders.c ...
[10/122] Compiling kitty/vt-parser.c ...
[11/122] Compiling kitty/vt-parser.c ...
[12/122] Compiling kitty/state.c ...
[13/122] Compiling [x11] glfw/input.c ...
[14/122] Compiling [wayland] glfw/input.c ...
[15/122] Compiling kitty/freetype.c ...
[16/122] Compiling kitty/mouse.c ...
[17/122] Compiling [x11] glfw/xkb_glfw.c ...
[18/122] Compiling [wayland] glfw/xkb_glfw.c ...
[19/122] Compiling [wayland] glfw/wl_client_side_decorations.c ...
[20/122] Compiling [x11] glfw/window.c ...
[21/122] Compiling [wayland] glfw/window.c ...
[22/122] Compiling kitty/line.c ...
[23/122] Compiling kitty/glfw-wrapper.c ...
[24/122] Compiling kittens/transfer/algorithm.c ...
[25/122] Compiling [wayland] glfw/wl_init.c ...
[26/122] Compiling [x11] glfw/x11_init.c ...
[27/122] Compiling kitty/disk-cache.c ...
[28/122] Compiling kitty/freetype_render_ui_text.c ...
[29/122] Compiling [x11] glfw/egl_context.c ...
[30/122] Compiling [wayland] glfw/egl_context.c ...
[31/122] Compiling kitty/fontconfig.c ...
[32/122] Compiling [x11] glfw/glx_context.c ...
[33/122] Compiling kitty/line-buf.c ...
[34/122] Compiling kitty/data-types.c ...
[35/122] Compiling kitty/colors.c ...
[36/122] Compiling kitty/history.c ...
[37/122] Compiling kitty/keys.c ...
[38/122] Compiling [x11] glfw/x11_monitor.c ...
[39/122] Compiling [x11] glfw/context.c ...
[40/122] Compiling [wayland] glfw/context.c ...
[41/122] Compiling kitty/crypto.c ...
[42/122] Compiling [x11] glfw/ibus_glfw.c ...
[43/122] Compiling [wayland] glfw/ibus_glfw.c ...
[44/122] Compiling kitty/font-names.c ...
[45/122] Compiling kitty/key_encoding.c ...
[46/122] Compiling kitty/launcher/main.c ...
[47/122] Compiling [x11] glfw/monitor.c ...
[48/122] Compiling [wayland] glfw/monitor.c ...
[49/122] Compiling [x11] glfw/backend_utils.c ...
[50/122] Compiling [wayland] glfw/backend_utils.c ...
[51/122] Compiling kitty/charsets.c ...
[52/122] Compiling [x11] glfw/linux_joystick.c ...
[53/122] Compiling [wayland] glfw/linux_joystick.c ...
[54/122] Compiling [x11] glfw/init.c ...
[55/122] Compiling [wayland] glfw/init.c ...
[56/122] Compiling [x11] glfw/dbus_glfw.c ...
[57/122] Compiling [wayland] glfw/dbus_glfw.c ...
[58/122] Compiling kitty/gl.c ...
[59/122] Compiling [x11] glfw/vulkan.c ...
[60/122] Compiling [wayland] glfw/vulkan.c ...
[61/122] Compiling [x11] glfw/osmesa_context.c ...
[62/122] Compiling [wayland] glfw/osmesa_context.c ...
[63/122] Compiling kitty/cursor.c ...
[64/122] Compiling kitty/launcher/single-instance.c ...
[65/122] Compiling kitty/desktop.c ...
[66/122] Compiling kitty/loop-utils.c ...
[67/122] Compiling 3rdparty/ringbuf/ringbuf.c ...
[68/122] Compiling kitty/simd-string.c ...
[69/122] Compiling kitty/systemd.c ...
[70/122] Compiling kitty/shlex.c ...
[71/122] Compiling [wayland] glfw/wayland-tablet-unstable-v2-client-protocol.c ...
[72/122] Compiling kitty/child.c ...
[73/122] Compiling [wayland] glfw/wl_monitor.c ...
[74/122] Compiling [wayland] glfw/linux_desktop_settings.c ...
[75/122] Compiling [wayland] glfw/wl_text_input.c ...
[76/122] Compiling kitty/kittens.c ...
[77/122] Compiling 3rdparty/base64/lib/codec_choose.c ...
[78/122] Compiling kitty/png-reader.c ...
[79/122] Compiling kitty/hyperlink.c ...
[80/122] Compiling [wayland] glfw/wayland-xdg-shell-client-protocol.c ...
[81/122] Compiling [x11] glfw/linux_notify.c ...
[82/122] Compiling [wayland] glfw/linux_notify.c ...
[83/122] Compiling kitty/rowcolumn-diacritics.c ...
[84/122] Compiling [wayland] glfw/wayland-primary-selection-unstable-v1-client-protocol.c ...
[85/122] Compiling kitty/wcswidth.c ...
[86/122] Compiling [wayland] glfw/wayland-pointer-constraints-unstable-v1-client-protocol.c ...
[87/122] Compiling kitty/glyph-cache.c ...
[88/122] Compiling kitty/fast-file-copy.c ...
[89/122] Compiling [wayland] glfw/wayland-text-input-unstable-v3-client-protocol.c ...
[90/122] Compiling [wayland] glfw/wayland-wlr-layer-shell-unstable-v1-client-protocol.c ...
[91/122] Compiling kitty/window_logo.c ...
[92/122] Compiling 3rdparty/base64/lib/lib.c ...
[93/122] Compiling [x11] glfw/posix_thread.c ...
[94/122] Compiling [wayland] glfw/posix_thread.c ...
[95/122] Compiling [wayland] glfw/wayland-xdg-activation-v1-client-protocol.c ...
[96/122] Compiling [wayland] glfw/wayland-xdg-decoration-unstable-v1-client-protocol.c ...
[97/122] Compiling [wayland] glfw/wayland-relative-pointer-unstable-v1-client-protocol.c ...
[98/122] Compiling [wayland] glfw/wayland-cursor-shape-v1-client-protocol.c ...
[99/122] Compiling [wayland] glfw/wayland-fractional-scale-v1-client-protocol.c ...
[100/122] Compiling [wayland] glfw/wayland-viewporter-client-protocol.c ...
[101/122] Compiling kitty/logging.c ...
[102/122] Compiling 3rdparty/base64/lib/arch/neon64/codec.c ...
[103/122] Compiling [wayland] glfw/wayland-single-pixel-buffer-v1-client-protocol.c ...
[104/122] Compiling 3rdparty/base64/lib/tables/tables.c ...
[105/122] Compiling [wayland] glfw/wl_cursors.c ...
[106/122] Compiling 3rdparty/base64/lib/arch/neon32/codec.c ...
[107/122] Compiling [wayland] glfw/wayland-kwin-blur-v1-client-protocol.c ...
[108/122] Compiling 3rdparty/base64/lib/arch/avx/codec.c ...
[109/122] Compiling 3rdparty/base64/lib/arch/ssse3/codec.c ...
[110/122] Compiling 3rdparty/base64/lib/arch/sse42/codec.c ...
[111/122] Compiling 3rdparty/base64/lib/arch/sse41/codec.c ...
[112/122] Compiling 3rdparty/base64/lib/arch/avx2/codec.c ...
[113/122] Compiling kitty/utmp.c ...
[114/122] Compiling 3rdparty/base64/lib/arch/avx512/codec.c ...
[115/122] Compiling 3rdparty/base64/lib/arch/generic/codec.c ...
[116/122] Compiling kitty/cleanup.c ...
[117/122] Compiling [x11] glfw/monotonic.c ...
[118/122] Compiling [wayland] glfw/monotonic.c ...
[119/122] Compiling kitty/monotonic.c ...
[120/122] Compiling kitty/simd-string-128.c ...
[121/122] Compiling kitty/simd-string-256.c ...
[122/122] Compiling kitty/gl-wrapper.c ...
 done
[1/5] Linking kitty/fast_data_types ...
[2/5] Linking [x11] kitty/glfw-x11 ...
[3/5] Linking [wayland] kitty/glfw-wayland ...
[4/5] Linking kittens/transfer/rsync ...
[5/5] Linking launcher ...
 done
go: downloading golang.org/x/sys v0.22.0
go: downloading github.com/bmatcuk/doublestar/v4 v4.6.1
go: downloading github.com/shirou/gopsutil/v3 v3.24.5
go: downloading github.com/ALTree/bigfloat v0.2.0
go: downloading github.com/google/uuid v1.6.0
go: downloading github.com/seancfoley/ipaddress-go v1.6.0
go: downloading golang.org/x/exp v0.0.0-20230801115018-d63ba01acd4b
go: downloading howett.net/plist v1.0.1
go: downloading github.com/dlclark/regexp2 v1.11.1
go: downloading github.com/edwvee/exiffix v0.0.0-20240229113213-0dbb146775be
go: downloading github.com/kovidgoyal/imaging v1.6.3
go: downloading github.com/alecthomas/chroma/v2 v2.14.0
go: downloading golang.org/x/image v0.18.0
go: downloading github.com/zeebo/xxh3 v1.0.2
go: downloading github.com/disintegration/imaging v1.6.2
go: downloading github.com/rwcarlsen/goexif v0.0.0-20190401172101-9e8deecbddbd
go: downloading github.com/tklauser/go-sysconf v0.3.12
go: downloading github.com/tklauser/numcpus v0.6.1
go: downloading github.com/klauspost/cpuid/v2 v2.2.5
go: downloading github.com/seancfoley/bintree v1.3.1
github.com/seancfoley/ipaddress-go/ipaddr/addrerr
internal/nettrace
github.com/seancfoley/ipaddress-go/ipaddr/addrstr
github.com/seancfoley/ipaddress-go/ipaddr/addrstrparam
github.com/shirou/gopsutil/v3/common
crypto/internal/boring/sig
crypto/subtle
golang.org/x/exp/constraints
vendor/golang.org/x/crypto/cryptobyte/asn1
vendor/golang.org/x/crypto/internal/alias
log/internal
image/color
container/list
maps
unicode/utf16
kitty
crypto/internal/alias
encoding
internal/singleflight
vendor/golang.org/x/net/dns/dnsmessage
encoding/base32
crypto/rc4
hash
internal/intern
crypto/internal/randutil
net/http/internal/ascii
vendor/golang.org/x/text/transform
bufio
encoding/base64
math/rand/v2
regexp/syntax
context
embed
golang.org/x/sys/unix
github.com/bmatcuk/doublestar/v4
github.com/ALTree/bigfloat
encoding/hex
hash/crc32
crypto
github.com/seancfoley/bintree/tree
net/url
crypto/cipher
os/user
io/ioutil
crypto/internal/edwards25519/field
crypto/internal/nistec/fiat
net/netip
crypto/md5
crypto/internal/bigmod
encoding/json
encoding/asn1
crypto/dsa
encoding/pem
vendor/golang.org/x/crypto/internal/poly1305
vendor/golang.org/x/sys/cpu
log
compress/flate
compress/bzip2
encoding/xml
database/sql/driver
os/exec
vendor/golang.org/x/text/unicode/norm
mime
crypto/internal/boring
crypto/des
vendor/golang.org/x/crypto/chacha20
vendor/golang.org/x/net/http2/hpack
mime/quotedprintable
net/http/internal
vendor/golang.org/x/text/unicode/bidi
crypto/rand
crypto/sha1
crypto/aes
crypto/internal/boring/bbig
crypto/sha512
crypto/hmac
crypto/sha256
crypto/rsa
crypto/internal/edwards25519
vendor/golang.org/x/crypto/chacha20poly1305
os/signal
image
hash/adler32
github.com/shirou/gopsutil/v3/internal/common
regexp
net
golang.org/x/image/tiff/lzw
vendor/golang.org/x/crypto/hkdf
compress/gzip
archive/zip
compress/zlib
vendor/golang.org/x/crypto/cryptobyte
crypto/x509/pkix
compress/lzw
image/color/palette
github.com/rwcarlsen/goexif/tiff
kitty/tools/utils/secrets
golang.org/x/image/riff
github.com/dlclark/regexp2/syntax
flag
crypto/ed25519
vendor/golang.org/x/text/secure/bidirule
image/internal/imageutil
golang.org/x/image/ccitt
golang.org/x/image/bmp
image/png
golang.org/x/image/vp8l
golang.org/x/image/vp8
image/draw
image/jpeg
github.com/klauspost/cpuid/v2
howett.net/plist
golang.org/x/image/tiff
vendor/golang.org/x/net/idna
crypto/internal/nistec
image/gif
golang.org/x/image/webp
github.com/rwcarlsen/goexif/exif
github.com/disintegration/imaging
github.com/kovidgoyal/imaging
github.com/dlclark/regexp2
crypto/ecdh
crypto/elliptic
github.com/zeebo/xxh3
github.com/edwvee/exiffix
crypto/ecdsa
github.com/tklauser/numcpus
github.com/shirou/gopsutil/v3/mem
archive/tar
github.com/tklauser/go-sysconf
github.com/shirou/gopsutil/v3/cpu
github.com/alecthomas/chroma/v2
github.com/alecthomas/chroma/v2/styles
github.com/alecthomas/chroma/v2/lexers
vendor/golang.org/x/net/http/httpproxy
net/textproto
github.com/shirou/gopsutil/v3/net
github.com/google/uuid
crypto/x509
github.com/seancfoley/ipaddress-go/ipaddr
vendor/golang.org/x/net/http/httpguts
mime/multipart
github.com/shirou/gopsutil/v3/process
crypto/tls
net/http/httptrace
net/http
kitty/tools/utils
kitty/tools/utils/shlex
kitty/tools/tty
kitty/tools/rsync
kitty/tools/utils/paths
kitty/tools/utils/base85
kitty/tools/wcswidth
kitty/tools/crypto
kitty/tools/tui/shell_integration
kitty/tools/utils/humanize
kitty/tools/utils/style
kitty/tools/cli/markup
kitty/tools/tui/sgr
kitty/tools/tui/loop
kitty/tools/cli
kitty/tools/config
kitty/tools/tui/shortcuts
kitty/tools/cmd/mouse_demo
kitty/tools/utils/shm
kitty/kittens/query_terminal
kitty/kittens/hyperlinked_grep
kitty/tools/tui/readline
kitty/tools/tui
kitty/kittens/show_key
kitty/tools/utils/images
kitty/tools/tui/subseq
kitty/kittens/clipboard
kitty/tools/unicode_names
kitty/tools/themes
kitty/tools/cmd/run_shell
kitty/tools/cmd/update_self
kitty/tools/cmd/edit_in_kitty
kitty/tools/cmd/show_error
kitty/tools/tui/graphics
kitty/kittens/hints
kitty/kittens/ask
kitty/tools/cmd/at
kitty/kittens/unicode_input
kitty/kittens/transfer
kitty/kittens/themes
kitty/kittens/ssh
kitty/tools/cmd/benchmark
kitty/kittens/choose_fonts
kitty/kittens/icat
kitty/tools/cmd/pytest
kitty/kittens/diff
kitty/tools/cmd/tool
kitty/tools/cmd/completion
kitty/tools/cmd
make -C docs man
make -C docs html
make[1]: Entering directory '/build/kitty-git/src/kitty/docs'
sphinx-build -M man "." "_build" -n -q -j auto -T   
make[1]: Entering directory '/build/kitty-git/src/kitty/docs'
sphinx-build -M html "." "_build" -n -q -j auto -T   
make[1]: Leaving directory '/build/kitty-git/src/kitty/docs'
/usr/lib/python3.12/site-packages/sphinxext/opengraph/socialcards.py:168: UserWarning: Glyph 10084 (\N{HEAVY BLACK HEART}) missing from current font.
  fig.savefig(path, facecolor=None)
/usr/lib/python3.12/site-packages/sphinxext/opengraph/socialcards.py:168: UserWarning: Glyph 65039 (\N{VARIATION SELECTOR-16}) missing from current font.
  fig.savefig(path, facecolor=None)
make[1]: Leaving directory '/build/kitty-git/src/kitty/docs'
make docs
