env DESTDIR= sh ./build/install.sh
Installing camlp4...
  install binary /build/ocaml4-camlp4/pkg/ocaml4-camlp4/usr/bin/camlp4prof
  install binary /build/ocaml4-camlp4/pkg/ocaml4-camlp4/usr/bin/mkcamlp4
  install binary /build/ocaml4-camlp4/pkg/ocaml4-camlp4/usr/bin/camlp4
  install binary /build/ocaml4-camlp4/pkg/ocaml4-camlp4/usr/bin/camlp4boot
  install binary /build/ocaml4-camlp4/pkg/ocaml4-camlp4/usr/bin/camlp4o
  install binary /build/ocaml4-camlp4/pkg/ocaml4-camlp4/usr/bin/camlp4of
  install binary /build/ocaml4-camlp4/pkg/ocaml4-camlp4/usr/bin/camlp4oof
  install binary /build/ocaml4-camlp4/pkg/ocaml4-camlp4/usr/bin/camlp4orf
  install binary /build/ocaml4-camlp4/pkg/ocaml4-camlp4/usr/bin/camlp4r
  install binary /build/ocaml4-camlp4/pkg/ocaml4-camlp4/usr/bin/camlp4rf
  install binary /build/ocaml4-camlp4/pkg/ocaml4-camlp4/usr/bin/camlp4o.opt
  install binary /build/ocaml4-camlp4/pkg/ocaml4-camlp4/usr/bin/camlp4of.opt
  install binary /build/ocaml4-camlp4/pkg/ocaml4-camlp4/usr/bin/camlp4oof.opt
  install binary /build/ocaml4-camlp4/pkg/ocaml4-camlp4/usr/bin/camlp4orf.opt
  install binary /build/ocaml4-camlp4/pkg/ocaml4-camlp4/usr/bin/camlp4r.opt
  install binary /build/ocaml4-camlp4/pkg/ocaml4-camlp4/usr/bin/camlp4rf.opt
Installing Camlp4Parsers...
  install /build/ocaml4-camlp4/pkg/ocaml4-camlp4/usr/lib/ocaml/camlp4/Camlp4Parsers/Camlp4AstLoader.cmi
  install /build/ocaml4-camlp4/pkg/ocaml4-camlp4/usr/lib/ocaml/camlp4/Camlp4Parsers/Camlp4AstLoader.cmo
  install /build/ocaml4-camlp4/pkg/ocaml4-camlp4/usr/lib/ocaml/camlp4/Camlp4Parsers/Camlp4AstLoader.cmx
  install /build/ocaml4-camlp4/pkg/ocaml4-camlp4/usr/lib/ocaml/camlp4/Camlp4Parsers/Camlp4DebugParser.cmi
  install /build/ocaml4-camlp4/pkg/ocaml4-camlp4/usr/lib/ocaml/camlp4/Camlp4Parsers/Camlp4DebugParser.cmo
  install /build/ocaml4-camlp4/pkg/ocaml4-camlp4/usr/lib/ocaml/camlp4/Camlp4Parsers/Camlp4DebugParser.cmx
  install /build/ocaml4-camlp4/pkg/ocaml4-camlp4/usr/lib/ocaml/camlp4/Camlp4Parsers/Camlp4GrammarParser.cmi
  install /build/ocaml4-camlp4/pkg/ocaml4-camlp4/usr/lib/ocaml/camlp4/Camlp4Parsers/Camlp4GrammarParser.cmo
  install /build/ocaml4-camlp4/pkg/ocaml4-camlp4/usr/lib/ocaml/camlp4/Camlp4Parsers/Camlp4GrammarParser.cmx
  install /build/ocaml4-camlp4/pkg/ocaml4-camlp4/usr/lib/ocaml/camlp4/Camlp4Parsers/Camlp4ListComprehension.cmi
  install /build/ocaml4-camlp4/pkg/ocaml4-camlp4/usr/lib/ocaml/camlp4/Camlp4Parsers/Camlp4ListComprehension.cmo
  install /build/ocaml4-camlp4/pkg/ocaml4-camlp4/usr/lib/ocaml/camlp4/Camlp4Parsers/Camlp4ListComprehension.cmx
  install /build/ocaml4-camlp4/pkg/ocaml4-camlp4/usr/lib/ocaml/camlp4/Camlp4Parsers/Camlp4MacroParser.cmi
  install /build/ocaml4-camlp4/pkg/ocaml4-camlp4/usr/lib/ocaml/camlp4/Camlp4Parsers/Camlp4MacroParser.cmo
  install /build/ocaml4-camlp4/pkg/ocaml4-camlp4/usr/lib/ocaml/camlp4/Camlp4Parsers/Camlp4MacroParser.cmx
  install /build/ocaml4-camlp4/pkg/ocaml4-camlp4/usr/lib/ocaml/camlp4/Camlp4Parsers/Camlp4OCamlOriginalQuotationExpander.cmi
  install /build/ocaml4-camlp4/pkg/ocaml4-camlp4/usr/lib/ocaml/camlp4/Camlp4Parsers/Camlp4OCamlOriginalQuotationExpander.cmo
  install /build/ocaml4-camlp4/pkg/ocaml4-camlp4/usr/lib/ocaml/camlp4/Camlp4Parsers/Camlp4OCamlOriginalQuotationExpander.cmx
  install /build/ocaml4-camlp4/pkg/ocaml4-camlp4/usr/lib/ocaml/camlp4/Camlp4Parsers/Camlp4OCamlParser.cmi
  install /build/ocaml4-camlp4/pkg/ocaml4-camlp4/usr/lib/ocaml/camlp4/Camlp4Parsers/Camlp4OCamlParser.cmo
  install /build/ocaml4-camlp4/pkg/ocaml4-camlp4/usr/lib/ocaml/camlp4/Camlp4Parsers/Camlp4OCamlParser.cmx
  install /build/ocaml4-camlp4/pkg/ocaml4-camlp4/usr/lib/ocaml/camlp4/Camlp4Parsers/Camlp4OCamlParserParser.cmi
  install /build/ocaml4-camlp4/pkg/ocaml4-camlp4/usr/lib/ocaml/camlp4/Camlp4Parsers/Camlp4OCamlParserParser.cmo
  install /build/ocaml4-camlp4/pkg/ocaml4-camlp4/usr/lib/ocaml/camlp4/Camlp4Parsers/Camlp4OCamlParserParser.cmx
  install /build/ocaml4-camlp4/pkg/ocaml4-camlp4/usr/lib/ocaml/camlp4/Camlp4Parsers/Camlp4OCamlReloadedParser.cmi
  install /build/ocaml4-camlp4/pkg/ocaml4-camlp4/usr/lib/ocaml/camlp4/Camlp4Parsers/Camlp4OCamlReloadedParser.cmo
  install /build/ocaml4-camlp4/pkg/ocaml4-camlp4/usr/lib/ocaml/camlp4/Camlp4Parsers/Camlp4OCamlReloadedParser.cmx
  install /build/ocaml4-camlp4/pkg/ocaml4-camlp4/usr/lib/ocaml/camlp4/Camlp4Parsers/Camlp4OCamlRevisedParser.cmi
  install /build/ocaml4-camlp4/pkg/ocaml4-camlp4/usr/lib/ocaml/camlp4/Camlp4Parsers/Camlp4OCamlRevisedParser.cmo
  install /build/ocaml4-camlp4/pkg/ocaml4-camlp4/usr/lib/ocaml/camlp4/Camlp4Parsers/Camlp4OCamlRevisedParser.cmx
  install /build/ocaml4-camlp4/pkg/ocaml4-camlp4/usr/lib/ocaml/camlp4/Camlp4Parsers/Camlp4OCamlRevisedParserParser.cmi
  install /build/ocaml4-camlp4/pkg/ocaml4-camlp4/usr/lib/ocaml/camlp4/Camlp4Parsers/Camlp4OCamlRevisedParserParser.cmo
  install /build/ocaml4-camlp4/pkg/ocaml4-camlp4/usr/lib/ocaml/camlp4/Camlp4Parsers/Camlp4OCamlRevisedParserParser.cmx
  install /build/ocaml4-camlp4/pkg/ocaml4-camlp4/usr/lib/ocaml/camlp4/Camlp4Parsers/Camlp4OCamlRevisedQuotationExpander.cmi
  install /build/ocaml4-camlp4/pkg/ocaml4-camlp4/usr/lib/ocaml/camlp4/Camlp4Parsers/Camlp4OCamlRevisedQuotationExpander.cmo
  install /build/ocaml4-camlp4/pkg/ocaml4-camlp4/usr/lib/ocaml/camlp4/Camlp4Parsers/Camlp4OCamlRevisedQuotationExpander.cmx
  install /build/ocaml4-camlp4/pkg/ocaml4-camlp4/usr/lib/ocaml/camlp4/Camlp4Parsers/Camlp4QuotationCommon.cmi
  install /build/ocaml4-camlp4/pkg/ocaml4-camlp4/usr/lib/ocaml/camlp4/Camlp4Parsers/Camlp4QuotationCommon.cmo
  install /build/ocaml4-camlp4/pkg/ocaml4-camlp4/usr/lib/ocaml/camlp4/Camlp4Parsers/Camlp4QuotationCommon.cmx
  install /build/ocaml4-camlp4/pkg/ocaml4-camlp4/usr/lib/ocaml/camlp4/Camlp4Parsers/Camlp4QuotationExpander.cmi
  install /build/ocaml4-camlp4/pkg/ocaml4-camlp4/usr/lib/ocaml/camlp4/Camlp4Parsers/Camlp4QuotationExpander.cmo
  install /build/ocaml4-camlp4/pkg/ocaml4-camlp4/usr/lib/ocaml/camlp4/Camlp4Parsers/Camlp4QuotationExpander.cmx
  install /build/ocaml4-camlp4/pkg/ocaml4-camlp4/usr/lib/ocaml/camlp4/Camlp4Parsers/Camlp4AstLoader.o
  install /build/ocaml4-camlp4/pkg/ocaml4-camlp4/usr/lib/ocaml/camlp4/Camlp4Parsers/Camlp4DebugParser.o
  install /build/ocaml4-camlp4/pkg/ocaml4-camlp4/usr/lib/ocaml/camlp4/Camlp4Parsers/Camlp4GrammarParser.o
  install /build/ocaml4-camlp4/pkg/ocaml4-camlp4/usr/lib/ocaml/camlp4/Camlp4Parsers/Camlp4ListComprehension.o
  install /build/ocaml4-camlp4/pkg/ocaml4-camlp4/usr/lib/ocaml/camlp4/Camlp4Parsers/Camlp4MacroParser.o
  install /build/ocaml4-camlp4/pkg/ocaml4-camlp4/usr/lib/ocaml/camlp4/Camlp4Parsers/Camlp4OCamlOriginalQuotationExpander.o
  install /build/ocaml4-camlp4/pkg/ocaml4-camlp4/usr/lib/ocaml/camlp4/Camlp4Parsers/Camlp4OCamlParser.o
  install /build/ocaml4-camlp4/pkg/ocaml4-camlp4/usr/lib/ocaml/camlp4/Camlp4Parsers/Camlp4OCamlParserParser.o
  install /build/ocaml4-camlp4/pkg/ocaml4-camlp4/usr/lib/ocaml/camlp4/Camlp4Parsers/Camlp4OCamlReloadedParser.o
  install /build/ocaml4-camlp4/pkg/ocaml4-camlp4/usr/lib/ocaml/camlp4/Camlp4Parsers/Camlp4OCamlRevisedParser.o
  install /build/ocaml4-camlp4/pkg/ocaml4-camlp4/usr/lib/ocaml/camlp4/Camlp4Parsers/Camlp4OCamlRevisedParserParser.o
  install /build/ocaml4-camlp4/pkg/ocaml4-camlp4/usr/lib/ocaml/camlp4/Camlp4Parsers/Camlp4OCamlRevisedQuotationExpander.o
  install /build/ocaml4-camlp4/pkg/ocaml4-camlp4/usr/lib/ocaml/camlp4/Camlp4Parsers/Camlp4QuotationCommon.o
  install /build/ocaml4-camlp4/pkg/ocaml4-camlp4/usr/lib/ocaml/camlp4/Camlp4Parsers/Camlp4QuotationExpander.o
Installing Camlp4Printers...
  install /build/ocaml4-camlp4/pkg/ocaml4-camlp4/usr/lib/ocaml/camlp4/Camlp4Printers/Camlp4AstDumper.cmi
  install /build/ocaml4-camlp4/pkg/ocaml4-camlp4/usr/lib/ocaml/camlp4/Camlp4Printers/Camlp4AstDumper.cmo
  install /build/ocaml4-camlp4/pkg/ocaml4-camlp4/usr/lib/ocaml/camlp4/Camlp4Printers/Camlp4AstDumper.cmx
  install /build/ocaml4-camlp4/pkg/ocaml4-camlp4/usr/lib/ocaml/camlp4/Camlp4Printers/Camlp4AutoPrinter.cmi
  install /build/ocaml4-camlp4/pkg/ocaml4-camlp4/usr/lib/ocaml/camlp4/Camlp4Printers/Camlp4AutoPrinter.cmo
  install /build/ocaml4-camlp4/pkg/ocaml4-camlp4/usr/lib/ocaml/camlp4/Camlp4Printers/Camlp4AutoPrinter.cmx
  install /build/ocaml4-camlp4/pkg/ocaml4-camlp4/usr/lib/ocaml/camlp4/Camlp4Printers/Camlp4NullDumper.cmi
  install /build/ocaml4-camlp4/pkg/ocaml4-camlp4/usr/lib/ocaml/camlp4/Camlp4Printers/Camlp4NullDumper.cmo
  install /build/ocaml4-camlp4/pkg/ocaml4-camlp4/usr/lib/ocaml/camlp4/Camlp4Printers/Camlp4NullDumper.cmx
  install /build/ocaml4-camlp4/pkg/ocaml4-camlp4/usr/lib/ocaml/camlp4/Camlp4Printers/Camlp4OCamlAstDumper.cmi
  install /build/ocaml4-camlp4/pkg/ocaml4-camlp4/usr/lib/ocaml/camlp4/Camlp4Printers/Camlp4OCamlAstDumper.cmo
  install /build/ocaml4-camlp4/pkg/ocaml4-camlp4/usr/lib/ocaml/camlp4/Camlp4Printers/Camlp4OCamlAstDumper.cmx
  install /build/ocaml4-camlp4/pkg/ocaml4-camlp4/usr/lib/ocaml/camlp4/Camlp4Printers/Camlp4OCamlPrinter.cmi
  install /build/ocaml4-camlp4/pkg/ocaml4-camlp4/usr/lib/ocaml/camlp4/Camlp4Printers/Camlp4OCamlPrinter.cmo
  install /build/ocaml4-camlp4/pkg/ocaml4-camlp4/usr/lib/ocaml/camlp4/Camlp4Printers/Camlp4OCamlPrinter.cmx
  install /build/ocaml4-camlp4/pkg/ocaml4-camlp4/usr/lib/ocaml/camlp4/Camlp4Printers/Camlp4OCamlRevisedPrinter.cmi
  install /build/ocaml4-camlp4/pkg/ocaml4-camlp4/usr/lib/ocaml/camlp4/Camlp4Printers/Camlp4OCamlRevisedPrinter.cmo
  install /build/ocaml4-camlp4/pkg/ocaml4-camlp4/usr/lib/ocaml/camlp4/Camlp4Printers/Camlp4OCamlRevisedPrinter.cmx
  install /build/ocaml4-camlp4/pkg/ocaml4-camlp4/usr/lib/ocaml/camlp4/Camlp4Printers/Camlp4AstDumper.o
  install /build/ocaml4-camlp4/pkg/ocaml4-camlp4/usr/lib/ocaml/camlp4/Camlp4Printers/Camlp4AutoPrinter.o
  install /build/ocaml4-camlp4/pkg/ocaml4-camlp4/usr/lib/ocaml/camlp4/Camlp4Printers/Camlp4NullDumper.o
  install /build/ocaml4-camlp4/pkg/ocaml4-camlp4/usr/lib/ocaml/camlp4/Camlp4Printers/Camlp4OCamlAstDumper.o
  install /build/ocaml4-camlp4/pkg/ocaml4-camlp4/usr/lib/ocaml/camlp4/Camlp4Printers/Camlp4OCamlPrinter.o
  install /build/ocaml4-camlp4/pkg/ocaml4-camlp4/usr/lib/ocaml/camlp4/Camlp4Printers/Camlp4OCamlRevisedPrinter.o
Installing Camlp4Filters...
  install /build/ocaml4-camlp4/pkg/ocaml4-camlp4/usr/lib/ocaml/camlp4/Camlp4Filters/Camlp4AstLifter.cmi
  install /build/ocaml4-camlp4/pkg/ocaml4-camlp4/usr/lib/ocaml/camlp4/Camlp4Filters/Camlp4AstLifter.cmo
  install /build/ocaml4-camlp4/pkg/ocaml4-camlp4/usr/lib/ocaml/camlp4/Camlp4Filters/Camlp4AstLifter.cmx
  install /build/ocaml4-camlp4/pkg/ocaml4-camlp4/usr/lib/ocaml/camlp4/Camlp4Filters/Camlp4ExceptionTracer.cmi
  install /build/ocaml4-camlp4/pkg/ocaml4-camlp4/usr/lib/ocaml/camlp4/Camlp4Filters/Camlp4ExceptionTracer.cmo
  install /build/ocaml4-camlp4/pkg/ocaml4-camlp4/usr/lib/ocaml/camlp4/Camlp4Filters/Camlp4ExceptionTracer.cmx
  install /build/ocaml4-camlp4/pkg/ocaml4-camlp4/usr/lib/ocaml/camlp4/Camlp4Filters/Camlp4FoldGenerator.cmi
  install /build/ocaml4-camlp4/pkg/ocaml4-camlp4/usr/lib/ocaml/camlp4/Camlp4Filters/Camlp4FoldGenerator.cmo
  install /build/ocaml4-camlp4/pkg/ocaml4-camlp4/usr/lib/ocaml/camlp4/Camlp4Filters/Camlp4FoldGenerator.cmx
  install /build/ocaml4-camlp4/pkg/ocaml4-camlp4/usr/lib/ocaml/camlp4/Camlp4Filters/Camlp4LocationStripper.cmi
  install /build/ocaml4-camlp4/pkg/ocaml4-camlp4/usr/lib/ocaml/camlp4/Camlp4Filters/Camlp4LocationStripper.cmo
  install /build/ocaml4-camlp4/pkg/ocaml4-camlp4/usr/lib/ocaml/camlp4/Camlp4Filters/Camlp4LocationStripper.cmx
  install /build/ocaml4-camlp4/pkg/ocaml4-camlp4/usr/lib/ocaml/camlp4/Camlp4Filters/Camlp4MapGenerator.cmi
  install /build/ocaml4-camlp4/pkg/ocaml4-camlp4/usr/lib/ocaml/camlp4/Camlp4Filters/Camlp4MapGenerator.cmo
  install /build/ocaml4-camlp4/pkg/ocaml4-camlp4/usr/lib/ocaml/camlp4/Camlp4Filters/Camlp4MapGenerator.cmx
  install /build/ocaml4-camlp4/pkg/ocaml4-camlp4/usr/lib/ocaml/camlp4/Camlp4Filters/Camlp4MetaGenerator.cmi
  install /build/ocaml4-camlp4/pkg/ocaml4-camlp4/usr/lib/ocaml/camlp4/Camlp4Filters/Camlp4MetaGenerator.cmo
  install /build/ocaml4-camlp4/pkg/ocaml4-camlp4/usr/lib/ocaml/camlp4/Camlp4Filters/Camlp4MetaGenerator.cmx
  install /build/ocaml4-camlp4/pkg/ocaml4-camlp4/usr/lib/ocaml/camlp4/Camlp4Filters/Camlp4Profiler.cmi
  install /build/ocaml4-camlp4/pkg/ocaml4-camlp4/usr/lib/ocaml/camlp4/Camlp4Filters/Camlp4Profiler.cmo
  install /build/ocaml4-camlp4/pkg/ocaml4-camlp4/usr/lib/ocaml/camlp4/Camlp4Filters/Camlp4Profiler.cmx
  install /build/ocaml4-camlp4/pkg/ocaml4-camlp4/usr/lib/ocaml/camlp4/Camlp4Filters/Camlp4TrashRemover.cmi
  install /build/ocaml4-camlp4/pkg/ocaml4-camlp4/usr/lib/ocaml/camlp4/Camlp4Filters/Camlp4TrashRemover.cmo
  install /build/ocaml4-camlp4/pkg/ocaml4-camlp4/usr/lib/ocaml/camlp4/Camlp4Filters/Camlp4TrashRemover.cmx
  install /build/ocaml4-camlp4/pkg/ocaml4-camlp4/usr/lib/ocaml/camlp4/Camlp4Filters/Camlp4AstLifter.o
  install /build/ocaml4-camlp4/pkg/ocaml4-camlp4/usr/lib/ocaml/camlp4/Camlp4Filters/Camlp4ExceptionTracer.o
  install /build/ocaml4-camlp4/pkg/ocaml4-camlp4/usr/lib/ocaml/camlp4/Camlp4Filters/Camlp4FoldGenerator.o
  install /build/ocaml4-camlp4/pkg/ocaml4-camlp4/usr/lib/ocaml/camlp4/Camlp4Filters/Camlp4LocationStripper.o
  install /build/ocaml4-camlp4/pkg/ocaml4-camlp4/usr/lib/ocaml/camlp4/Camlp4Filters/Camlp4MapGenerator.o
  install /build/ocaml4-camlp4/pkg/ocaml4-camlp4/usr/lib/ocaml/camlp4/Camlp4Filters/Camlp4MetaGenerator.o
  install /build/ocaml4-camlp4/pkg/ocaml4-camlp4/usr/lib/ocaml/camlp4/Camlp4Filters/Camlp4Profiler.o
  install /build/ocaml4-camlp4/pkg/ocaml4-camlp4/usr/lib/ocaml/camlp4/Camlp4Filters/Camlp4TrashRemover.o
Installing Camlp4Top...
  install /build/ocaml4-camlp4/pkg/ocaml4-camlp4/usr/lib/ocaml/camlp4/Camlp4Top/Rprint.cmi
  install /build/ocaml4-camlp4/pkg/ocaml4-camlp4/usr/lib/ocaml/camlp4/Camlp4Top/Rprint.cmo
  install /build/ocaml4-camlp4/pkg/ocaml4-camlp4/usr/lib/ocaml/camlp4/Camlp4Top/Rprint.cmx
  install /build/ocaml4-camlp4/pkg/ocaml4-camlp4/usr/lib/ocaml/camlp4/Camlp4Top/Top.cmi
  install /build/ocaml4-camlp4/pkg/ocaml4-camlp4/usr/lib/ocaml/camlp4/Camlp4Top/Top.cmo
  install /build/ocaml4-camlp4/pkg/ocaml4-camlp4/usr/lib/ocaml/camlp4/Camlp4Top/Top.cmx
  install /build/ocaml4-camlp4/pkg/ocaml4-camlp4/usr/lib/ocaml/camlp4/Camlp4Top/Rprint.o
  install /build/ocaml4-camlp4/pkg/ocaml4-camlp4/usr/lib/ocaml/camlp4/Camlp4Top/Top.o
  install /build/ocaml4-camlp4/pkg/ocaml4-camlp4/usr/lib/ocaml/camlp4/camlp4lib.cma
  install /build/ocaml4-camlp4/pkg/ocaml4-camlp4/usr/lib/ocaml/camlp4/camlp4lib.cmxa
  install /build/ocaml4-camlp4/pkg/ocaml4-camlp4/usr/lib/ocaml/camlp4/Camlp4.cmi
  install /build/ocaml4-camlp4/pkg/ocaml4-camlp4/usr/lib/ocaml/camlp4/camlp4fulllib.cma
  install /build/ocaml4-camlp4/pkg/ocaml4-camlp4/usr/lib/ocaml/camlp4/camlp4fulllib.cmxa
  install /build/ocaml4-camlp4/pkg/ocaml4-camlp4/usr/lib/ocaml/camlp4/camlp4o.cma
  install /build/ocaml4-camlp4/pkg/ocaml4-camlp4/usr/lib/ocaml/camlp4/camlp4of.cma
  install /build/ocaml4-camlp4/pkg/ocaml4-camlp4/usr/lib/ocaml/camlp4/camlp4oof.cma
  install /build/ocaml4-camlp4/pkg/ocaml4-camlp4/usr/lib/ocaml/camlp4/camlp4orf.cma
  install /build/ocaml4-camlp4/pkg/ocaml4-camlp4/usr/lib/ocaml/camlp4/camlp4r.cma
  install /build/ocaml4-camlp4/pkg/ocaml4-camlp4/usr/lib/ocaml/camlp4/camlp4rf.cma
  install /build/ocaml4-camlp4/pkg/ocaml4-camlp4/usr/lib/ocaml/camlp4/Camlp4Bin.cmi
  install /build/ocaml4-camlp4/pkg/ocaml4-camlp4/usr/lib/ocaml/camlp4/Camlp4Bin.cmo
  install /build/ocaml4-camlp4/pkg/ocaml4-camlp4/usr/lib/ocaml/camlp4/Camlp4Bin.cmx
  install /build/ocaml4-camlp4/pkg/ocaml4-camlp4/usr/lib/ocaml/camlp4/Camlp4Bin.o
  install /build/ocaml4-camlp4/pkg/ocaml4-camlp4/usr/lib/ocaml/camlp4/Camlp4Top.cmi
  install /build/ocaml4-camlp4/pkg/ocaml4-camlp4/usr/lib/ocaml/camlp4/Camlp4Top.cmo
  install /build/ocaml4-camlp4/pkg/ocaml4-camlp4/usr/lib/ocaml/camlp4/Camlp4_config.cmi
  install /build/ocaml4-camlp4/pkg/ocaml4-camlp4/usr/lib/ocaml/camlp4/camlp4prof.cmi
  install /build/ocaml4-camlp4/pkg/ocaml4-camlp4/usr/lib/ocaml/camlp4/camlp4prof.cmo
  install /build/ocaml4-camlp4/pkg/ocaml4-camlp4/usr/lib/ocaml/camlp4/camlp4prof.cmx
  install /build/ocaml4-camlp4/pkg/ocaml4-camlp4/usr/lib/ocaml/camlp4/camlp4prof.o
  install library /build/ocaml4-camlp4/pkg/ocaml4-camlp4/usr/lib/ocaml/camlp4/camlp4lib.a
  install library /build/ocaml4-camlp4/pkg/ocaml4-camlp4/usr/lib/ocaml/camlp4/camlp4fulllib.a
mkdir -p /build/ocaml4-camlp4/pkg/ocaml4-camlp4/usr/lib/ocaml/camlp4/
cp -f camlp4/META /build/ocaml4-camlp4/pkg/ocaml4-camlp4/usr/lib/ocaml/camlp4/
