ocaml4-camlp4 W: ELF file ('usr/lib/ocaml/camlp4/Camlp4Bin.o') lacks FULL RELRO, check LDFLAGS.
ocaml4-camlp4 W: ELF file ('usr/lib/ocaml/camlp4/Camlp4Filters/Camlp4AstLifter.o') lacks FULL RELRO, check LDFLAGS.
ocaml4-camlp4 W: ELF file ('usr/lib/ocaml/camlp4/Camlp4Filters/Camlp4ExceptionTracer.o') lacks FULL RELRO, check LDFLAGS.
ocaml4-camlp4 W: ELF file ('usr/lib/ocaml/camlp4/Camlp4Filters/Camlp4FoldGenerator.o') lacks FULL RELRO, check LDFLAGS.
ocaml4-camlp4 W: ELF file ('usr/lib/ocaml/camlp4/Camlp4Filters/Camlp4LocationStripper.o') lacks FULL RELRO, check LDFLAGS.
ocaml4-camlp4 W: ELF file ('usr/lib/ocaml/camlp4/Camlp4Filters/Camlp4MapGenerator.o') lacks FULL RELRO, check LDFLAGS.
ocaml4-camlp4 W: ELF file ('usr/lib/ocaml/camlp4/Camlp4Filters/Camlp4MetaGenerator.o') lacks FULL RELRO, check LDFLAGS.
ocaml4-camlp4 W: ELF file ('usr/lib/ocaml/camlp4/Camlp4Filters/Camlp4Profiler.o') lacks FULL RELRO, check LDFLAGS.
ocaml4-camlp4 W: ELF file ('usr/lib/ocaml/camlp4/Camlp4Filters/Camlp4TrashRemover.o') lacks FULL RELRO, check LDFLAGS.
ocaml4-camlp4 W: ELF file ('usr/lib/ocaml/camlp4/Camlp4Parsers/Camlp4AstLoader.o') lacks FULL RELRO, check LDFLAGS.
ocaml4-camlp4 W: ELF file ('usr/lib/ocaml/camlp4/Camlp4Parsers/Camlp4DebugParser.o') lacks FULL RELRO, check LDFLAGS.
ocaml4-camlp4 W: ELF file ('usr/lib/ocaml/camlp4/Camlp4Parsers/Camlp4GrammarParser.o') lacks FULL RELRO, check LDFLAGS.
ocaml4-camlp4 W: ELF file ('usr/lib/ocaml/camlp4/Camlp4Parsers/Camlp4ListComprehension.o') lacks FULL RELRO, check LDFLAGS.
ocaml4-camlp4 W: ELF file ('usr/lib/ocaml/camlp4/Camlp4Parsers/Camlp4MacroParser.o') lacks FULL RELRO, check LDFLAGS.
ocaml4-camlp4 W: ELF file ('usr/lib/ocaml/camlp4/Camlp4Parsers/Camlp4OCamlOriginalQuotationExpander.o') lacks FULL RELRO, check LDFLAGS.
ocaml4-camlp4 W: ELF file ('usr/lib/ocaml/camlp4/Camlp4Parsers/Camlp4OCamlParser.o') lacks FULL RELRO, check LDFLAGS.
ocaml4-camlp4 W: ELF file ('usr/lib/ocaml/camlp4/Camlp4Parsers/Camlp4OCamlParserParser.o') lacks FULL RELRO, check LDFLAGS.
ocaml4-camlp4 W: ELF file ('usr/lib/ocaml/camlp4/Camlp4Parsers/Camlp4OCamlReloadedParser.o') lacks FULL RELRO, check LDFLAGS.
ocaml4-camlp4 W: ELF file ('usr/lib/ocaml/camlp4/Camlp4Parsers/Camlp4OCamlRevisedParser.o') lacks FULL RELRO, check LDFLAGS.
ocaml4-camlp4 W: ELF file ('usr/lib/ocaml/camlp4/Camlp4Parsers/Camlp4OCamlRevisedParserParser.o') lacks FULL RELRO, check LDFLAGS.
ocaml4-camlp4 W: ELF file ('usr/lib/ocaml/camlp4/Camlp4Parsers/Camlp4OCamlRevisedQuotationExpander.o') lacks FULL RELRO, check LDFLAGS.
ocaml4-camlp4 W: ELF file ('usr/lib/ocaml/camlp4/Camlp4Parsers/Camlp4QuotationCommon.o') lacks FULL RELRO, check LDFLAGS.
ocaml4-camlp4 W: ELF file ('usr/lib/ocaml/camlp4/Camlp4Parsers/Camlp4QuotationExpander.o') lacks FULL RELRO, check LDFLAGS.
ocaml4-camlp4 W: ELF file ('usr/lib/ocaml/camlp4/Camlp4Printers/Camlp4AstDumper.o') lacks FULL RELRO, check LDFLAGS.
ocaml4-camlp4 W: ELF file ('usr/lib/ocaml/camlp4/Camlp4Printers/Camlp4AutoPrinter.o') lacks FULL RELRO, check LDFLAGS.
ocaml4-camlp4 W: ELF file ('usr/lib/ocaml/camlp4/Camlp4Printers/Camlp4NullDumper.o') lacks FULL RELRO, check LDFLAGS.
ocaml4-camlp4 W: ELF file ('usr/lib/ocaml/camlp4/Camlp4Printers/Camlp4OCamlAstDumper.o') lacks FULL RELRO, check LDFLAGS.
ocaml4-camlp4 W: ELF file ('usr/lib/ocaml/camlp4/Camlp4Printers/Camlp4OCamlPrinter.o') lacks FULL RELRO, check LDFLAGS.
ocaml4-camlp4 W: ELF file ('usr/lib/ocaml/camlp4/Camlp4Printers/Camlp4OCamlRevisedPrinter.o') lacks FULL RELRO, check LDFLAGS.
ocaml4-camlp4 W: ELF file ('usr/lib/ocaml/camlp4/Camlp4Top/Rprint.o') lacks FULL RELRO, check LDFLAGS.
ocaml4-camlp4 W: ELF file ('usr/lib/ocaml/camlp4/Camlp4Top/Top.o') lacks FULL RELRO, check LDFLAGS.
ocaml4-camlp4 W: ELF file ('usr/lib/ocaml/camlp4/camlp4prof.o') lacks FULL RELRO, check LDFLAGS.
ocaml4-camlp4 W: ELF file ('usr/lib/ocaml/camlp4/Camlp4Bin.o') is unstripped.
ocaml4-camlp4 W: ELF file ('usr/lib/ocaml/camlp4/Camlp4Filters/Camlp4AstLifter.o') is unstripped.
ocaml4-camlp4 W: ELF file ('usr/lib/ocaml/camlp4/Camlp4Filters/Camlp4ExceptionTracer.o') is unstripped.
ocaml4-camlp4 W: ELF file ('usr/lib/ocaml/camlp4/Camlp4Filters/Camlp4FoldGenerator.o') is unstripped.
ocaml4-camlp4 W: ELF file ('usr/lib/ocaml/camlp4/Camlp4Filters/Camlp4LocationStripper.o') is unstripped.
ocaml4-camlp4 W: ELF file ('usr/lib/ocaml/camlp4/Camlp4Filters/Camlp4MapGenerator.o') is unstripped.
ocaml4-camlp4 W: ELF file ('usr/lib/ocaml/camlp4/Camlp4Filters/Camlp4MetaGenerator.o') is unstripped.
ocaml4-camlp4 W: ELF file ('usr/lib/ocaml/camlp4/Camlp4Filters/Camlp4Profiler.o') is unstripped.
ocaml4-camlp4 W: ELF file ('usr/lib/ocaml/camlp4/Camlp4Filters/Camlp4TrashRemover.o') is unstripped.
ocaml4-camlp4 W: ELF file ('usr/lib/ocaml/camlp4/Camlp4Parsers/Camlp4AstLoader.o') is unstripped.
ocaml4-camlp4 W: ELF file ('usr/lib/ocaml/camlp4/Camlp4Parsers/Camlp4DebugParser.o') is unstripped.
ocaml4-camlp4 W: ELF file ('usr/lib/ocaml/camlp4/Camlp4Parsers/Camlp4GrammarParser.o') is unstripped.
ocaml4-camlp4 W: ELF file ('usr/lib/ocaml/camlp4/Camlp4Parsers/Camlp4ListComprehension.o') is unstripped.
ocaml4-camlp4 W: ELF file ('usr/lib/ocaml/camlp4/Camlp4Parsers/Camlp4MacroParser.o') is unstripped.
ocaml4-camlp4 W: ELF file ('usr/lib/ocaml/camlp4/Camlp4Parsers/Camlp4OCamlOriginalQuotationExpander.o') is unstripped.
ocaml4-camlp4 W: ELF file ('usr/lib/ocaml/camlp4/Camlp4Parsers/Camlp4OCamlParser.o') is unstripped.
ocaml4-camlp4 W: ELF file ('usr/lib/ocaml/camlp4/Camlp4Parsers/Camlp4OCamlParserParser.o') is unstripped.
ocaml4-camlp4 W: ELF file ('usr/lib/ocaml/camlp4/Camlp4Parsers/Camlp4OCamlReloadedParser.o') is unstripped.
ocaml4-camlp4 W: ELF file ('usr/lib/ocaml/camlp4/Camlp4Parsers/Camlp4OCamlRevisedParser.o') is unstripped.
ocaml4-camlp4 W: ELF file ('usr/lib/ocaml/camlp4/Camlp4Parsers/Camlp4OCamlRevisedParserParser.o') is unstripped.
ocaml4-camlp4 W: ELF file ('usr/lib/ocaml/camlp4/Camlp4Parsers/Camlp4OCamlRevisedQuotationExpander.o') is unstripped.
ocaml4-camlp4 W: ELF file ('usr/lib/ocaml/camlp4/Camlp4Parsers/Camlp4QuotationCommon.o') is unstripped.
ocaml4-camlp4 W: ELF file ('usr/lib/ocaml/camlp4/Camlp4Parsers/Camlp4QuotationExpander.o') is unstripped.
ocaml4-camlp4 W: ELF file ('usr/lib/ocaml/camlp4/Camlp4Printers/Camlp4AstDumper.o') is unstripped.
ocaml4-camlp4 W: ELF file ('usr/lib/ocaml/camlp4/Camlp4Printers/Camlp4AutoPrinter.o') is unstripped.
ocaml4-camlp4 W: ELF file ('usr/lib/ocaml/camlp4/Camlp4Printers/Camlp4NullDumper.o') is unstripped.
ocaml4-camlp4 W: ELF file ('usr/lib/ocaml/camlp4/Camlp4Printers/Camlp4OCamlAstDumper.o') is unstripped.
ocaml4-camlp4 W: ELF file ('usr/lib/ocaml/camlp4/Camlp4Printers/Camlp4OCamlPrinter.o') is unstripped.
ocaml4-camlp4 W: ELF file ('usr/lib/ocaml/camlp4/Camlp4Printers/Camlp4OCamlRevisedPrinter.o') is unstripped.
ocaml4-camlp4 W: ELF file ('usr/lib/ocaml/camlp4/Camlp4Top/Rprint.o') is unstripped.
ocaml4-camlp4 W: ELF file ('usr/lib/ocaml/camlp4/Camlp4Top/Top.o') is unstripped.
ocaml4-camlp4 W: ELF file ('usr/lib/ocaml/camlp4/camlp4prof.o') is unstripped.
ocaml4-camlp4 W: ELF file ('usr/lib/ocaml/camlp4/Camlp4Bin.o') lacks PIE.
ocaml4-camlp4 W: ELF file ('usr/lib/ocaml/camlp4/Camlp4Filters/Camlp4AstLifter.o') lacks PIE.
ocaml4-camlp4 W: ELF file ('usr/lib/ocaml/camlp4/Camlp4Filters/Camlp4ExceptionTracer.o') lacks PIE.
ocaml4-camlp4 W: ELF file ('usr/lib/ocaml/camlp4/Camlp4Filters/Camlp4FoldGenerator.o') lacks PIE.
ocaml4-camlp4 W: ELF file ('usr/lib/ocaml/camlp4/Camlp4Filters/Camlp4LocationStripper.o') lacks PIE.
ocaml4-camlp4 W: ELF file ('usr/lib/ocaml/camlp4/Camlp4Filters/Camlp4MapGenerator.o') lacks PIE.
ocaml4-camlp4 W: ELF file ('usr/lib/ocaml/camlp4/Camlp4Filters/Camlp4MetaGenerator.o') lacks PIE.
ocaml4-camlp4 W: ELF file ('usr/lib/ocaml/camlp4/Camlp4Filters/Camlp4Profiler.o') lacks PIE.
ocaml4-camlp4 W: ELF file ('usr/lib/ocaml/camlp4/Camlp4Filters/Camlp4TrashRemover.o') lacks PIE.
ocaml4-camlp4 W: ELF file ('usr/lib/ocaml/camlp4/Camlp4Parsers/Camlp4AstLoader.o') lacks PIE.
ocaml4-camlp4 W: ELF file ('usr/lib/ocaml/camlp4/Camlp4Parsers/Camlp4DebugParser.o') lacks PIE.
ocaml4-camlp4 W: ELF file ('usr/lib/ocaml/camlp4/Camlp4Parsers/Camlp4GrammarParser.o') lacks PIE.
ocaml4-camlp4 W: ELF file ('usr/lib/ocaml/camlp4/Camlp4Parsers/Camlp4ListComprehension.o') lacks PIE.
ocaml4-camlp4 W: ELF file ('usr/lib/ocaml/camlp4/Camlp4Parsers/Camlp4MacroParser.o') lacks PIE.
ocaml4-camlp4 W: ELF file ('usr/lib/ocaml/camlp4/Camlp4Parsers/Camlp4OCamlOriginalQuotationExpander.o') lacks PIE.
ocaml4-camlp4 W: ELF file ('usr/lib/ocaml/camlp4/Camlp4Parsers/Camlp4OCamlParser.o') lacks PIE.
ocaml4-camlp4 W: ELF file ('usr/lib/ocaml/camlp4/Camlp4Parsers/Camlp4OCamlParserParser.o') lacks PIE.
ocaml4-camlp4 W: ELF file ('usr/lib/ocaml/camlp4/Camlp4Parsers/Camlp4OCamlReloadedParser.o') lacks PIE.
ocaml4-camlp4 W: ELF file ('usr/lib/ocaml/camlp4/Camlp4Parsers/Camlp4OCamlRevisedParser.o') lacks PIE.
ocaml4-camlp4 W: ELF file ('usr/lib/ocaml/camlp4/Camlp4Parsers/Camlp4OCamlRevisedParserParser.o') lacks PIE.
ocaml4-camlp4 W: ELF file ('usr/lib/ocaml/camlp4/Camlp4Parsers/Camlp4OCamlRevisedQuotationExpander.o') lacks PIE.
ocaml4-camlp4 W: ELF file ('usr/lib/ocaml/camlp4/Camlp4Parsers/Camlp4QuotationCommon.o') lacks PIE.
ocaml4-camlp4 W: ELF file ('usr/lib/ocaml/camlp4/Camlp4Parsers/Camlp4QuotationExpander.o') lacks PIE.
ocaml4-camlp4 W: ELF file ('usr/lib/ocaml/camlp4/Camlp4Printers/Camlp4AstDumper.o') lacks PIE.
ocaml4-camlp4 W: ELF file ('usr/lib/ocaml/camlp4/Camlp4Printers/Camlp4AutoPrinter.o') lacks PIE.
ocaml4-camlp4 W: ELF file ('usr/lib/ocaml/camlp4/Camlp4Printers/Camlp4NullDumper.o') lacks PIE.
ocaml4-camlp4 W: ELF file ('usr/lib/ocaml/camlp4/Camlp4Printers/Camlp4OCamlAstDumper.o') lacks PIE.
ocaml4-camlp4 W: ELF file ('usr/lib/ocaml/camlp4/Camlp4Printers/Camlp4OCamlPrinter.o') lacks PIE.
ocaml4-camlp4 W: ELF file ('usr/lib/ocaml/camlp4/Camlp4Printers/Camlp4OCamlRevisedPrinter.o') lacks PIE.
ocaml4-camlp4 W: ELF file ('usr/lib/ocaml/camlp4/Camlp4Top/Rprint.o') lacks PIE.
ocaml4-camlp4 W: ELF file ('usr/lib/ocaml/camlp4/Camlp4Top/Top.o') lacks PIE.
ocaml4-camlp4 W: ELF file ('usr/lib/ocaml/camlp4/camlp4prof.o') lacks PIE.
ocaml4-camlp4 W: ELF file ('usr/bin/camlp4o.opt') lacks GNU_PROPERTY_X86_FEATURE_1_SHSTK.
ocaml4-camlp4 W: ELF file ('usr/bin/camlp4of.opt') lacks GNU_PROPERTY_X86_FEATURE_1_SHSTK.
ocaml4-camlp4 W: ELF file ('usr/bin/camlp4oof.opt') lacks GNU_PROPERTY_X86_FEATURE_1_SHSTK.
ocaml4-camlp4 W: ELF file ('usr/bin/camlp4orf.opt') lacks GNU_PROPERTY_X86_FEATURE_1_SHSTK.
ocaml4-camlp4 W: ELF file ('usr/bin/camlp4r.opt') lacks GNU_PROPERTY_X86_FEATURE_1_SHSTK.
ocaml4-camlp4 W: ELF file ('usr/bin/camlp4rf.opt') lacks GNU_PROPERTY_X86_FEATURE_1_SHSTK.
ocaml4-camlp4 W: ELF file ('usr/lib/ocaml/camlp4/Camlp4Bin.o') lacks GNU_PROPERTY_X86_FEATURE_1_SHSTK.
ocaml4-camlp4 W: ELF file ('usr/lib/ocaml/camlp4/Camlp4Filters/Camlp4AstLifter.o') lacks GNU_PROPERTY_X86_FEATURE_1_SHSTK.
ocaml4-camlp4 W: ELF file ('usr/lib/ocaml/camlp4/Camlp4Filters/Camlp4ExceptionTracer.o') lacks GNU_PROPERTY_X86_FEATURE_1_SHSTK.
ocaml4-camlp4 W: ELF file ('usr/lib/ocaml/camlp4/Camlp4Filters/Camlp4FoldGenerator.o') lacks GNU_PROPERTY_X86_FEATURE_1_SHSTK.
ocaml4-camlp4 W: ELF file ('usr/lib/ocaml/camlp4/Camlp4Filters/Camlp4LocationStripper.o') lacks GNU_PROPERTY_X86_FEATURE_1_SHSTK.
ocaml4-camlp4 W: ELF file ('usr/lib/ocaml/camlp4/Camlp4Filters/Camlp4MapGenerator.o') lacks GNU_PROPERTY_X86_FEATURE_1_SHSTK.
ocaml4-camlp4 W: ELF file ('usr/lib/ocaml/camlp4/Camlp4Filters/Camlp4MetaGenerator.o') lacks GNU_PROPERTY_X86_FEATURE_1_SHSTK.
ocaml4-camlp4 W: ELF file ('usr/lib/ocaml/camlp4/Camlp4Filters/Camlp4Profiler.o') lacks GNU_PROPERTY_X86_FEATURE_1_SHSTK.
ocaml4-camlp4 W: ELF file ('usr/lib/ocaml/camlp4/Camlp4Filters/Camlp4TrashRemover.o') lacks GNU_PROPERTY_X86_FEATURE_1_SHSTK.
ocaml4-camlp4 W: ELF file ('usr/lib/ocaml/camlp4/Camlp4Parsers/Camlp4AstLoader.o') lacks GNU_PROPERTY_X86_FEATURE_1_SHSTK.
ocaml4-camlp4 W: ELF file ('usr/lib/ocaml/camlp4/Camlp4Parsers/Camlp4DebugParser.o') lacks GNU_PROPERTY_X86_FEATURE_1_SHSTK.
ocaml4-camlp4 W: ELF file ('usr/lib/ocaml/camlp4/Camlp4Parsers/Camlp4GrammarParser.o') lacks GNU_PROPERTY_X86_FEATURE_1_SHSTK.
ocaml4-camlp4 W: ELF file ('usr/lib/ocaml/camlp4/Camlp4Parsers/Camlp4ListComprehension.o') lacks GNU_PROPERTY_X86_FEATURE_1_SHSTK.
ocaml4-camlp4 W: ELF file ('usr/lib/ocaml/camlp4/Camlp4Parsers/Camlp4MacroParser.o') lacks GNU_PROPERTY_X86_FEATURE_1_SHSTK.
ocaml4-camlp4 W: ELF file ('usr/lib/ocaml/camlp4/Camlp4Parsers/Camlp4OCamlOriginalQuotationExpander.o') lacks GNU_PROPERTY_X86_FEATURE_1_SHSTK.
ocaml4-camlp4 W: ELF file ('usr/lib/ocaml/camlp4/Camlp4Parsers/Camlp4OCamlParser.o') lacks GNU_PROPERTY_X86_FEATURE_1_SHSTK.
ocaml4-camlp4 W: ELF file ('usr/lib/ocaml/camlp4/Camlp4Parsers/Camlp4OCamlParserParser.o') lacks GNU_PROPERTY_X86_FEATURE_1_SHSTK.
ocaml4-camlp4 W: ELF file ('usr/lib/ocaml/camlp4/Camlp4Parsers/Camlp4OCamlReloadedParser.o') lacks GNU_PROPERTY_X86_FEATURE_1_SHSTK.
ocaml4-camlp4 W: ELF file ('usr/lib/ocaml/camlp4/Camlp4Parsers/Camlp4OCamlRevisedParser.o') lacks GNU_PROPERTY_X86_FEATURE_1_SHSTK.
ocaml4-camlp4 W: ELF file ('usr/lib/ocaml/camlp4/Camlp4Parsers/Camlp4OCamlRevisedParserParser.o') lacks GNU_PROPERTY_X86_FEATURE_1_SHSTK.
ocaml4-camlp4 W: ELF file ('usr/lib/ocaml/camlp4/Camlp4Parsers/Camlp4OCamlRevisedQuotationExpander.o') lacks GNU_PROPERTY_X86_FEATURE_1_SHSTK.
ocaml4-camlp4 W: ELF file ('usr/lib/ocaml/camlp4/Camlp4Parsers/Camlp4QuotationCommon.o') lacks GNU_PROPERTY_X86_FEATURE_1_SHSTK.
ocaml4-camlp4 W: ELF file ('usr/lib/ocaml/camlp4/Camlp4Parsers/Camlp4QuotationExpander.o') lacks GNU_PROPERTY_X86_FEATURE_1_SHSTK.
ocaml4-camlp4 W: ELF file ('usr/lib/ocaml/camlp4/Camlp4Printers/Camlp4AstDumper.o') lacks GNU_PROPERTY_X86_FEATURE_1_SHSTK.
ocaml4-camlp4 W: ELF file ('usr/lib/ocaml/camlp4/Camlp4Printers/Camlp4AutoPrinter.o') lacks GNU_PROPERTY_X86_FEATURE_1_SHSTK.
ocaml4-camlp4 W: ELF file ('usr/lib/ocaml/camlp4/Camlp4Printers/Camlp4NullDumper.o') lacks GNU_PROPERTY_X86_FEATURE_1_SHSTK.
ocaml4-camlp4 W: ELF file ('usr/lib/ocaml/camlp4/Camlp4Printers/Camlp4OCamlAstDumper.o') lacks GNU_PROPERTY_X86_FEATURE_1_SHSTK.
ocaml4-camlp4 W: ELF file ('usr/lib/ocaml/camlp4/Camlp4Printers/Camlp4OCamlPrinter.o') lacks GNU_PROPERTY_X86_FEATURE_1_SHSTK.
ocaml4-camlp4 W: ELF file ('usr/lib/ocaml/camlp4/Camlp4Printers/Camlp4OCamlRevisedPrinter.o') lacks GNU_PROPERTY_X86_FEATURE_1_SHSTK.
ocaml4-camlp4 W: ELF file ('usr/lib/ocaml/camlp4/Camlp4Top/Rprint.o') lacks GNU_PROPERTY_X86_FEATURE_1_SHSTK.
ocaml4-camlp4 W: ELF file ('usr/lib/ocaml/camlp4/Camlp4Top/Top.o') lacks GNU_PROPERTY_X86_FEATURE_1_SHSTK.
ocaml4-camlp4 W: ELF file ('usr/lib/ocaml/camlp4/camlp4prof.o') lacks GNU_PROPERTY_X86_FEATURE_1_SHSTK.
ocaml4-camlp4 E: GPL2 is not a valid SPDX license identifier. See https://spdx.org/licenses/ for valid identifiers, or prefix the identifier with 'LicenseRef-', if it is custom.
ocaml4-camlp4 E: Dependency glibc detected and not included (libraries ['usr/lib/libc.so.6', 'usr/lib/libm.so.6'] needed in files ['usr/bin/camlp4orf.opt', 'usr/bin/camlp4o.opt', 'usr/bin/camlp4of.opt', 'usr/bin/camlp4oof.opt', 'usr/bin/camlp4rf.opt', 'usr/bin/camlp4r.opt'])
