ocaml4-findlib W: ELF file ('usr/bin/ocamlfind') is unstripped.
ocaml4-findlib W: ELF file ('usr/bin/ocamlfind_opt') is unstripped.
ocaml4-findlib W: ELF file ('usr/lib/ocaml/findlib/findlib.cmxs') is unstripped.
ocaml4-findlib W: ELF file ('usr/lib/ocaml/findlib/findlib_dynload.cmxs') is unstripped.
ocaml4-findlib W: ELF file ('usr/lib/ocaml/findlib/findlib_top.cmxs') is unstripped.
ocaml4-findlib W: ELF file ('usr/lib/ocaml/findlib/findlib.cmxs') lacks PIE.
ocaml4-findlib W: ELF file ('usr/lib/ocaml/findlib/findlib_dynload.cmxs') lacks PIE.
ocaml4-findlib W: ELF file ('usr/lib/ocaml/findlib/findlib_top.cmxs') lacks PIE.
ocaml4-findlib W: ELF file ('usr/bin/ocamlfind') lacks GNU_PROPERTY_X86_FEATURE_1_SHSTK.
ocaml4-findlib W: ELF file ('usr/bin/ocamlfind_opt') lacks GNU_PROPERTY_X86_FEATURE_1_SHSTK.
ocaml4-findlib W: ELF file ('usr/lib/ocaml/findlib/findlib.cmxs') lacks GNU_PROPERTY_X86_FEATURE_1_SHSTK.
ocaml4-findlib W: ELF file ('usr/lib/ocaml/findlib/findlib_dynload.cmxs') lacks GNU_PROPERTY_X86_FEATURE_1_SHSTK.
ocaml4-findlib W: ELF file ('usr/lib/ocaml/findlib/findlib_top.cmxs') lacks GNU_PROPERTY_X86_FEATURE_1_SHSTK.
ocaml4-findlib W: Directory (usr/src/debug/ocaml4-findlib/findlib-1.9.6/src/findlib/toplevel) is empty
ocaml4-findlib W: Directory (usr/src/debug/ocaml4-findlib/findlib-1.9.6/src/findlib/otherlibs/dynlink) is empty
ocaml4-findlib W: Directory (usr/share/man/man3) is empty
ocaml4-findlib W: Library (usr/lib/ocaml/findlib/findlib.a) does not have permission set to 644 or 444
ocaml4-findlib W: Library (usr/lib/ocaml/findlib/findlib_dynload.a) does not have permission set to 644 or 444
ocaml4-findlib W: Library (usr/lib/ocaml/findlib/findlib_top.a) does not have permission set to 644 or 444
ocaml4-findlib E: Dependency glibc detected and not included (libraries ['usr/lib/libm.so.6', 'usr/lib/libc.so.6'] needed in files ['usr/bin/ocamlfind_opt', 'usr/bin/ocamlfind'])
ocaml4-findlib W: Dependency included, but may not be needed ('ocaml4-compiler-libs')
ocaml4-findlib W: Dependency included, but may not be needed ('ocaml4')
