[  4%] Built target plug-ins
[  9%] Built target nyquist-support
[  9%] Built target findlib
[ 16%] Built target locale
[ 16%] Built target version
[ 16%] Built target lib-utility
[ 16%] Built target lib-string-utils
[ 17%] Built target lib-theme
[ 18%] Built target lib-strings
[ 18%] Built target lib-basic-ui
[ 19%] Built target lib-components
[ 42%] Built target nyquist
[ 42%] Built target lib-exceptions
[ 43%] Built target lib-preferences
[ 44%] Built target lib-transactions
[ 44%] Built target lib-registries
[ 45%] Built target lib-audio-devices
[ 47%] Built target lib-math
[ 47%] Built target lib-files
[ 47%] Built target lib-module-manager
[ 48%] Built target lib-xml
[ 53%] Built target lib-ffmpeg-support
[ 53%] Built target lib-project
[ 54%] Built target lib-project-rate
[ 54%] Built target lib-track
[ 55%] Built target lib-screen-geometry
[ 55%] Built target lib-sample-track
[ 99%] Built target Tenacity
[ 99%] Built target mod-karaoke
[100%] Built target mod-script-pipe
Install the project...
-- Install configuration: "RelWithDebInfo"
-- Installing: /build/tenacity-git/pkg/tenacity-git/usr/lib/libnyquist.a
-- Installing: /build/tenacity-git/pkg/tenacity-git/usr/share/tenacity//nyquist-support
-- Installing: /build/tenacity-git/pkg/tenacity-git/usr/share/tenacity//nyquist-support/spec-plot.lsp
-- Installing: /build/tenacity-git/pkg/tenacity-git/usr/share/tenacity//nyquist-support/evalenv.lsp
-- Installing: /build/tenacity-git/pkg/tenacity-git/usr/share/tenacity//nyquist-support/nyquist.lsp
-- Installing: /build/tenacity-git/pkg/tenacity-git/usr/share/tenacity//nyquist-support/xlinit.lsp
-- Installing: /build/tenacity-git/pkg/tenacity-git/usr/share/tenacity//nyquist-support/nyinit.lsp
-- Installing: /build/tenacity-git/pkg/tenacity-git/usr/share/tenacity//nyquist-support/equalizer.lsp
-- Installing: /build/tenacity-git/pkg/tenacity-git/usr/share/tenacity//nyquist-support/xm.lsp
-- Installing: /build/tenacity-git/pkg/tenacity-git/usr/share/tenacity//nyquist-support/seqfnint.lsp
-- Installing: /build/tenacity-git/pkg/tenacity-git/usr/share/tenacity//nyquist-support/sliders.lsp
-- Installing: /build/tenacity-git/pkg/tenacity-git/usr/share/tenacity//nyquist-support/rawwaves
-- Installing: /build/tenacity-git/pkg/tenacity-git/usr/share/tenacity//nyquist-support/rawwaves/mand4.raw
-- Installing: /build/tenacity-git/pkg/tenacity-git/usr/share/tenacity//nyquist-support/rawwaves/mand7.raw
-- Installing: /build/tenacity-git/pkg/tenacity-git/usr/share/tenacity//nyquist-support/rawwaves/marmstk1.raw
-- Installing: /build/tenacity-git/pkg/tenacity-git/usr/share/tenacity//nyquist-support/rawwaves/mandpluk.raw
-- Installing: /build/tenacity-git/pkg/tenacity-git/usr/share/tenacity//nyquist-support/rawwaves/mand1.raw
-- Installing: /build/tenacity-git/pkg/tenacity-git/usr/share/tenacity//nyquist-support/rawwaves/mand9.raw
-- Installing: /build/tenacity-git/pkg/tenacity-git/usr/share/tenacity//nyquist-support/rawwaves/sinewave.raw
-- Installing: /build/tenacity-git/pkg/tenacity-git/usr/share/tenacity//nyquist-support/rawwaves/mand5.raw
-- Installing: /build/tenacity-git/pkg/tenacity-git/usr/share/tenacity//nyquist-support/rawwaves/mand11.raw
-- Installing: /build/tenacity-git/pkg/tenacity-git/usr/share/tenacity//nyquist-support/rawwaves/mand12.raw
-- Installing: /build/tenacity-git/pkg/tenacity-git/usr/share/tenacity//nyquist-support/rawwaves/mand8.raw
-- Installing: /build/tenacity-git/pkg/tenacity-git/usr/share/tenacity//nyquist-support/rawwaves/mand6.raw
-- Installing: /build/tenacity-git/pkg/tenacity-git/usr/share/tenacity//nyquist-support/rawwaves/mand2.raw
-- Installing: /build/tenacity-git/pkg/tenacity-git/usr/share/tenacity//nyquist-support/rawwaves/mand3.raw
-- Installing: /build/tenacity-git/pkg/tenacity-git/usr/share/tenacity//nyquist-support/rawwaves/mand10.raw
-- Installing: /build/tenacity-git/pkg/tenacity-git/usr/share/tenacity//nyquist-support/system.lsp
-- Installing: /build/tenacity-git/pkg/tenacity-git/usr/share/tenacity//nyquist-support/nyqmisc.lsp
-- Installing: /build/tenacity-git/pkg/tenacity-git/usr/share/tenacity//nyquist-support/nyinit-dbg.lsp
-- Installing: /build/tenacity-git/pkg/tenacity-git/usr/share/tenacity//nyquist-support/nyquist-plot.txt
-- Installing: /build/tenacity-git/pkg/tenacity-git/usr/share/tenacity//nyquist-support/velocity.lsp
-- Installing: /build/tenacity-git/pkg/tenacity-git/usr/share/tenacity//nyquist-support/sal.lsp
-- Installing: /build/tenacity-git/pkg/tenacity-git/usr/share/tenacity//nyquist-support/profile.lsp
-- Installing: /build/tenacity-git/pkg/tenacity-git/usr/share/tenacity//nyquist-support/test.lsp
-- Installing: /build/tenacity-git/pkg/tenacity-git/usr/share/tenacity//nyquist-support/dspprims.lsp
-- Installing: /build/tenacity-git/pkg/tenacity-git/usr/share/tenacity//nyquist-support/seq.lsp
-- Installing: /build/tenacity-git/pkg/tenacity-git/usr/share/tenacity//nyquist-support/envelopes.lsp
-- Installing: /build/tenacity-git/pkg/tenacity-git/usr/share/tenacity//nyquist-support/aud-do-support.lsp
-- Installing: /build/tenacity-git/pkg/tenacity-git/usr/share/tenacity//nyquist-support/misc.lsp
-- Installing: /build/tenacity-git/pkg/tenacity-git/usr/share/tenacity//nyquist-support/init.lsp
-- Installing: /build/tenacity-git/pkg/tenacity-git/usr/share/tenacity//nyquist-support/printrec.lsp
-- Installing: /build/tenacity-git/pkg/tenacity-git/usr/share/tenacity//nyquist-support/stk.lsp
-- Installing: /build/tenacity-git/pkg/tenacity-git/usr/share/tenacity//nyquist-support/sndfnint.lsp
-- Installing: /build/tenacity-git/pkg/tenacity-git/usr/share/tenacity//nyquist-support/spectral-analysis.lsp
-- Installing: /build/tenacity-git/pkg/tenacity-git/usr/share/tenacity//nyquist-support/sal-parse.lsp
-- Installing: /build/tenacity-git/pkg/tenacity-git/usr/share/tenacity//nyquist-support/fileio.lsp
-- Installing: /build/tenacity-git/pkg/tenacity-git/usr/share/tenacity//nyquist-support/seqmidi.lsp
-- Installing: /build/tenacity-git/pkg/tenacity-git/usr/share/tenacity//plug-ins
-- Installing: /build/tenacity-git/pkg/tenacity-git/usr/share/tenacity//plug-ins/vocalrediso.ny
-- Installing: /build/tenacity-git/pkg/tenacity-git/usr/share/tenacity//plug-ins/clipfix.ny
-- Installing: /build/tenacity-git/pkg/tenacity-git/usr/share/tenacity//plug-ins/highpass.ny
-- Installing: /build/tenacity-git/pkg/tenacity-git/usr/share/tenacity//plug-ins/crossfadetracks.ny
-- Installing: /build/tenacity-git/pkg/tenacity-git/usr/share/tenacity//plug-ins/label-sounds.ny
-- Installing: /build/tenacity-git/pkg/tenacity-git/usr/share/tenacity//plug-ins/vocoder.ny
-- Installing: /build/tenacity-git/pkg/tenacity-git/usr/share/tenacity//plug-ins/SpectralEditParametricEQ.ny
-- Installing: /build/tenacity-git/pkg/tenacity-git/usr/share/tenacity//plug-ins/StudioFadeOut.ny
-- Installing: /build/tenacity-git/pkg/tenacity-git/usr/share/tenacity//plug-ins/lowpass.ny
-- Installing: /build/tenacity-git/pkg/tenacity-git/usr/share/tenacity//plug-ins/sample-data-import.ny
-- Installing: /build/tenacity-git/pkg/tenacity-git/usr/share/tenacity//plug-ins/notch.ny
-- Installing: /build/tenacity-git/pkg/tenacity-git/usr/share/tenacity//plug-ins/rhythmtrack.ny
-- Installing: /build/tenacity-git/pkg/tenacity-git/usr/share/tenacity//plug-ins/nyquist-plug-in-installer.ny
-- Installing: /build/tenacity-git/pkg/tenacity-git/usr/share/tenacity//plug-ins/equalabel.ny
-- Installing: /build/tenacity-git/pkg/tenacity-git/usr/share/tenacity//plug-ins/beat.ny
-- Installing: /build/tenacity-git/pkg/tenacity-git/usr/share/tenacity//plug-ins/adjustable-fade.ny
-- Installing: /build/tenacity-git/pkg/tenacity-git/usr/share/tenacity//plug-ins/limiter.ny
-- Installing: /build/tenacity-git/pkg/tenacity-git/usr/share/tenacity//plug-ins/tremolo.ny
-- Installing: /build/tenacity-git/pkg/tenacity-git/usr/share/tenacity//plug-ins/pluck.ny
-- Installing: /build/tenacity-git/pkg/tenacity-git/usr/share/tenacity//plug-ins/eq-xml-to-txt-converter.ny
-- Installing: /build/tenacity-git/pkg/tenacity-git/usr/share/tenacity//plug-ins/SpectralEditShelves.ny
-- Installing: /build/tenacity-git/pkg/tenacity-git/usr/share/tenacity//plug-ins/noisegate.ny
-- Installing: /build/tenacity-git/pkg/tenacity-git/usr/share/tenacity//plug-ins/delay.ny
-- Installing: /build/tenacity-git/pkg/tenacity-git/usr/share/tenacity//plug-ins/rissetdrum.ny
-- Installing: /build/tenacity-git/pkg/tenacity-git/usr/share/tenacity//plug-ins/crossfadeclips.ny
-- Installing: /build/tenacity-git/pkg/tenacity-git/usr/share/tenacity//plug-ins/rms.ny
-- Installing: /build/tenacity-git/pkg/tenacity-git/usr/share/tenacity//plug-ins/spectral-delete.ny
-- Installing: /build/tenacity-git/pkg/tenacity-git/usr/share/tenacity//plug-ins/sample-data-export.ny
-- Installing: /build/tenacity-git/pkg/tenacity-git/usr/share/tenacity//plug-ins/SpectralEditMulti.ny
-- Installing: /build/tenacity-git/pkg/tenacity-git/usr/share/man/man1/tenacity.1
-- Installing: /build/tenacity-git/pkg/tenacity-git/usr/share/metainfo/tenacity.metainfo.xml
-- Installing: /build/tenacity-git/pkg/tenacity-git/usr/share/icons/hicolor/scalable/apps/tenacity.svg
-- Up-to-date: /build/tenacity-git/pkg/tenacity-git/usr/share/icons/hicolor
-- Installing: /build/tenacity-git/pkg/tenacity-git/usr/share/icons/hicolor/32x32
-- Installing: /build/tenacity-git/pkg/tenacity-git/usr/share/icons/hicolor/32x32/apps
-- Installing: /build/tenacity-git/pkg/tenacity-git/usr/share/icons/hicolor/32x32/apps/tenacity.png
-- Installing: /build/tenacity-git/pkg/tenacity-git/usr/share/icons/hicolor/22x22
-- Installing: /build/tenacity-git/pkg/tenacity-git/usr/share/icons/hicolor/22x22/apps
-- Installing: /build/tenacity-git/pkg/tenacity-git/usr/share/icons/hicolor/22x22/apps/tenacity.png
-- Installing: /build/tenacity-git/pkg/tenacity-git/usr/share/icons/hicolor/48x48
-- Installing: /build/tenacity-git/pkg/tenacity-git/usr/share/icons/hicolor/48x48/apps
-- Installing: /build/tenacity-git/pkg/tenacity-git/usr/share/icons/hicolor/48x48/apps/tenacity.png
-- Installing: /build/tenacity-git/pkg/tenacity-git/usr/share/icons/hicolor/16x16
-- Installing: /build/tenacity-git/pkg/tenacity-git/usr/share/icons/hicolor/16x16/apps
-- Installing: /build/tenacity-git/pkg/tenacity-git/usr/share/icons/hicolor/16x16/apps/tenacity.png
-- Installing: /build/tenacity-git/pkg/tenacity-git/usr/share/icons/hicolor/24x24
-- Installing: /build/tenacity-git/pkg/tenacity-git/usr/share/icons/hicolor/24x24/apps
-- Installing: /build/tenacity-git/pkg/tenacity-git/usr/share/icons/hicolor/24x24/apps/tenacity.png
-- Installing: /build/tenacity-git/pkg/tenacity-git/usr/share/pixmaps/gnome-mime-application-x-audacity-project.xpm
-- Installing: /build/tenacity-git/pkg/tenacity-git/usr/share/pixmaps/tenacity16.xpm
-- Installing: /build/tenacity-git/pkg/tenacity-git/usr/share/pixmaps/tenacity32.xpm
-- Installing: /build/tenacity-git/pkg/tenacity-git/usr/share/pixmaps/tenacity.xpm
-- Installing: /build/tenacity-git/pkg/tenacity-git/usr/share/locale
-- Installing: /build/tenacity-git/pkg/tenacity-git/usr/share/locale/el
-- Installing: /build/tenacity-git/pkg/tenacity-git/usr/share/locale/el/LC_MESSAGES
-- Installing: /build/tenacity-git/pkg/tenacity-git/usr/share/locale/el/LC_MESSAGES/tenacity.mo
-- Installing: /build/tenacity-git/pkg/tenacity-git/usr/share/locale/uk
-- Installing: /build/tenacity-git/pkg/tenacity-git/usr/share/locale/uk/LC_MESSAGES
-- Installing: /build/tenacity-git/pkg/tenacity-git/usr/share/locale/uk/LC_MESSAGES/tenacity.mo
-- Installing: /build/tenacity-git/pkg/tenacity-git/usr/share/locale/id
-- Installing: /build/tenacity-git/pkg/tenacity-git/usr/share/locale/id/LC_MESSAGES
-- Installing: /build/tenacity-git/pkg/tenacity-git/usr/share/locale/id/LC_MESSAGES/tenacity.mo
-- Installing: /build/tenacity-git/pkg/tenacity-git/usr/share/locale/de
-- Installing: /build/tenacity-git/pkg/tenacity-git/usr/share/locale/de/LC_MESSAGES
-- Installing: /build/tenacity-git/pkg/tenacity-git/usr/share/locale/de/LC_MESSAGES/tenacity.mo
-- Installing: /build/tenacity-git/pkg/tenacity-git/usr/share/locale/zh_TW
-- Installing: /build/tenacity-git/pkg/tenacity-git/usr/share/locale/zh_TW/LC_MESSAGES
-- Installing: /build/tenacity-git/pkg/tenacity-git/usr/share/locale/zh_TW/LC_MESSAGES/tenacity.mo
-- Installing: /build/tenacity-git/pkg/tenacity-git/usr/share/locale/fi
-- Installing: /build/tenacity-git/pkg/tenacity-git/usr/share/locale/fi/LC_MESSAGES
-- Installing: /build/tenacity-git/pkg/tenacity-git/usr/share/locale/fi/LC_MESSAGES/tenacity.mo
-- Installing: /build/tenacity-git/pkg/tenacity-git/usr/share/locale/fr
-- Installing: /build/tenacity-git/pkg/tenacity-git/usr/share/locale/fr/LC_MESSAGES
-- Installing: /build/tenacity-git/pkg/tenacity-git/usr/share/locale/fr/LC_MESSAGES/tenacity.mo
-- Installing: /build/tenacity-git/pkg/tenacity-git/usr/share/locale/sr_RS
-- Installing: /build/tenacity-git/pkg/tenacity-git/usr/share/locale/sr_RS/LC_MESSAGES
-- Installing: /build/tenacity-git/pkg/tenacity-git/usr/share/locale/sr_RS/LC_MESSAGES/tenacity.mo
-- Installing: /build/tenacity-git/pkg/tenacity-git/usr/share/locale/sr_RS@latin
-- Installing: /build/tenacity-git/pkg/tenacity-git/usr/share/locale/sr_RS@latin/LC_MESSAGES
-- Installing: /build/tenacity-git/pkg/tenacity-git/usr/share/locale/sr_RS@latin/LC_MESSAGES/tenacity.mo
-- Installing: /build/tenacity-git/pkg/tenacity-git/usr/share/locale/it
-- Installing: /build/tenacity-git/pkg/tenacity-git/usr/share/locale/it/LC_MESSAGES
-- Installing: /build/tenacity-git/pkg/tenacity-git/usr/share/locale/it/LC_MESSAGES/tenacity.mo
-- Installing: /build/tenacity-git/pkg/tenacity-git/usr/share/locale/pl
-- Installing: /build/tenacity-git/pkg/tenacity-git/usr/share/locale/pl/LC_MESSAGES
-- Installing: /build/tenacity-git/pkg/tenacity-git/usr/share/locale/pl/LC_MESSAGES/tenacity.mo
-- Installing: /build/tenacity-git/pkg/tenacity-git/usr/share/locale/pt_PT
-- Installing: /build/tenacity-git/pkg/tenacity-git/usr/share/locale/pt_PT/LC_MESSAGES
-- Installing: /build/tenacity-git/pkg/tenacity-git/usr/share/locale/pt_PT/LC_MESSAGES/tenacity.mo
-- Installing: /build/tenacity-git/pkg/tenacity-git/usr/share/locale/es
-- Installing: /build/tenacity-git/pkg/tenacity-git/usr/share/locale/es/LC_MESSAGES
-- Installing: /build/tenacity-git/pkg/tenacity-git/usr/share/locale/es/LC_MESSAGES/tenacity.mo
-- Installing: /build/tenacity-git/pkg/tenacity-git/usr/share/locale/vi
-- Installing: /build/tenacity-git/pkg/tenacity-git/usr/share/locale/vi/LC_MESSAGES
-- Installing: /build/tenacity-git/pkg/tenacity-git/usr/share/locale/vi/LC_MESSAGES/tenacity.mo
-- Installing: /build/tenacity-git/pkg/tenacity-git/usr/share/locale/co
-- Installing: /build/tenacity-git/pkg/tenacity-git/usr/share/locale/co/LC_MESSAGES
-- Installing: /build/tenacity-git/pkg/tenacity-git/usr/share/locale/co/LC_MESSAGES/tenacity.mo
-- Installing: /build/tenacity-git/pkg/tenacity-git/usr/share/locale/ca_ES@valencia
-- Installing: /build/tenacity-git/pkg/tenacity-git/usr/share/locale/ca_ES@valencia/LC_MESSAGES
-- Installing: /build/tenacity-git/pkg/tenacity-git/usr/share/locale/ca_ES@valencia/LC_MESSAGES/tenacity.mo
-- Installing: /build/tenacity-git/pkg/tenacity-git/usr/share/locale/hy
-- Installing: /build/tenacity-git/pkg/tenacity-git/usr/share/locale/hy/LC_MESSAGES
-- Installing: /build/tenacity-git/pkg/tenacity-git/usr/share/locale/hy/LC_MESSAGES/tenacity.mo
-- Installing: /build/tenacity-git/pkg/tenacity-git/usr/share/locale/km
-- Installing: /build/tenacity-git/pkg/tenacity-git/usr/share/locale/km/LC_MESSAGES
-- Installing: /build/tenacity-git/pkg/tenacity-git/usr/share/locale/km/LC_MESSAGES/tenacity.mo
-- Installing: /build/tenacity-git/pkg/tenacity-git/usr/share/locale/he
-- Installing: /build/tenacity-git/pkg/tenacity-git/usr/share/locale/he/LC_MESSAGES
-- Installing: /build/tenacity-git/pkg/tenacity-git/usr/share/locale/he/LC_MESSAGES/tenacity.mo
-- Installing: /build/tenacity-git/pkg/tenacity-git/usr/share/locale/sv
-- Installing: /build/tenacity-git/pkg/tenacity-git/usr/share/locale/sv/LC_MESSAGES
-- Installing: /build/tenacity-git/pkg/tenacity-git/usr/share/locale/sv/LC_MESSAGES/tenacity.mo
-- Installing: /build/tenacity-git/pkg/tenacity-git/usr/share/locale/gl
-- Installing: /build/tenacity-git/pkg/tenacity-git/usr/share/locale/gl/LC_MESSAGES
-- Installing: /build/tenacity-git/pkg/tenacity-git/usr/share/locale/gl/LC_MESSAGES/tenacity.mo
-- Installing: /build/tenacity-git/pkg/tenacity-git/usr/share/locale/ja
-- Installing: /build/tenacity-git/pkg/tenacity-git/usr/share/locale/ja/LC_MESSAGES
-- Installing: /build/tenacity-git/pkg/tenacity-git/usr/share/locale/ja/LC_MESSAGES/tenacity.mo
-- Installing: /build/tenacity-git/pkg/tenacity-git/usr/share/locale/be
-- Installing: /build/tenacity-git/pkg/tenacity-git/usr/share/locale/be/LC_MESSAGES
-- Installing: /build/tenacity-git/pkg/tenacity-git/usr/share/locale/be/LC_MESSAGES/tenacity.mo
-- Installing: /build/tenacity-git/pkg/tenacity-git/usr/share/locale/nl
-- Installing: /build/tenacity-git/pkg/tenacity-git/usr/share/locale/nl/LC_MESSAGES
-- Installing: /build/tenacity-git/pkg/tenacity-git/usr/share/locale/nl/LC_MESSAGES/tenacity.mo
-- Installing: /build/tenacity-git/pkg/tenacity-git/usr/share/locale/hr
-- Installing: /build/tenacity-git/pkg/tenacity-git/usr/share/locale/hr/LC_MESSAGES
-- Installing: /build/tenacity-git/pkg/tenacity-git/usr/share/locale/hr/LC_MESSAGES/tenacity.mo
-- Installing: /build/tenacity-git/pkg/tenacity-git/usr/share/locale/nb
-- Installing: /build/tenacity-git/pkg/tenacity-git/usr/share/locale/nb/LC_MESSAGES
-- Installing: /build/tenacity-git/pkg/tenacity-git/usr/share/locale/nb/LC_MESSAGES/tenacity.mo
-- Installing: /build/tenacity-git/pkg/tenacity-git/usr/share/locale/sl
-- Installing: /build/tenacity-git/pkg/tenacity-git/usr/share/locale/sl/LC_MESSAGES
-- Installing: /build/tenacity-git/pkg/tenacity-git/usr/share/locale/sl/LC_MESSAGES/tenacity.mo
-- Installing: /build/tenacity-git/pkg/tenacity-git/usr/share/locale/bs
-- Installing: /build/tenacity-git/pkg/tenacity-git/usr/share/locale/bs/LC_MESSAGES
-- Installing: /build/tenacity-git/pkg/tenacity-git/usr/share/locale/bs/LC_MESSAGES/tenacity.mo
-- Installing: /build/tenacity-git/pkg/tenacity-git/usr/share/locale/da
-- Installing: /build/tenacity-git/pkg/tenacity-git/usr/share/locale/da/LC_MESSAGES
-- Installing: /build/tenacity-git/pkg/tenacity-git/usr/share/locale/da/LC_MESSAGES/tenacity.mo
-- Installing: /build/tenacity-git/pkg/tenacity-git/usr/share/locale/ta
-- Installing: /build/tenacity-git/pkg/tenacity-git/usr/share/locale/ta/LC_MESSAGES
-- Installing: /build/tenacity-git/pkg/tenacity-git/usr/share/locale/ta/LC_MESSAGES/tenacity.mo
-- Installing: /build/tenacity-git/pkg/tenacity-git/usr/share/locale/pt_BR
-- Installing: /build/tenacity-git/pkg/tenacity-git/usr/share/locale/pt_BR/LC_MESSAGES
-- Installing: /build/tenacity-git/pkg/tenacity-git/usr/share/locale/pt_BR/LC_MESSAGES/tenacity.mo
-- Installing: /build/tenacity-git/pkg/tenacity-git/usr/share/locale/ko
-- Installing: /build/tenacity-git/pkg/tenacity-git/usr/share/locale/ko/LC_MESSAGES
-- Installing: /build/tenacity-git/pkg/tenacity-git/usr/share/locale/ko/LC_MESSAGES/tenacity.mo
-- Installing: /build/tenacity-git/pkg/tenacity-git/usr/share/locale/tr
-- Installing: /build/tenacity-git/pkg/tenacity-git/usr/share/locale/tr/LC_MESSAGES
-- Installing: /build/tenacity-git/pkg/tenacity-git/usr/share/locale/tr/LC_MESSAGES/tenacity.mo
-- Installing: /build/tenacity-git/pkg/tenacity-git/usr/share/locale/eu_ES
-- Installing: /build/tenacity-git/pkg/tenacity-git/usr/share/locale/eu_ES/LC_MESSAGES
-- Installing: /build/tenacity-git/pkg/tenacity-git/usr/share/locale/eu_ES/LC_MESSAGES/tenacity.mo
-- Installing: /build/tenacity-git/pkg/tenacity-git/usr/share/locale/bg
-- Installing: /build/tenacity-git/pkg/tenacity-git/usr/share/locale/bg/LC_MESSAGES
-- Installing: /build/tenacity-git/pkg/tenacity-git/usr/share/locale/bg/LC_MESSAGES/tenacity.mo
-- Installing: /build/tenacity-git/pkg/tenacity-git/usr/share/locale/fa
-- Installing: /build/tenacity-git/pkg/tenacity-git/usr/share/locale/fa/LC_MESSAGES
-- Installing: /build/tenacity-git/pkg/tenacity-git/usr/share/locale/fa/LC_MESSAGES/tenacity.mo
-- Installing: /build/tenacity-git/pkg/tenacity-git/usr/share/locale/af
-- Installing: /build/tenacity-git/pkg/tenacity-git/usr/share/locale/af/LC_MESSAGES
-- Installing: /build/tenacity-git/pkg/tenacity-git/usr/share/locale/af/LC_MESSAGES/tenacity.mo
-- Installing: /build/tenacity-git/pkg/tenacity-git/usr/share/locale/hi
-- Installing: /build/tenacity-git/pkg/tenacity-git/usr/share/locale/hi/LC_MESSAGES
-- Installing: /build/tenacity-git/pkg/tenacity-git/usr/share/locale/hi/LC_MESSAGES/tenacity.mo
-- Installing: /build/tenacity-git/pkg/tenacity-git/usr/share/locale/sk
-- Installing: /build/tenacity-git/pkg/tenacity-git/usr/share/locale/sk/LC_MESSAGES
-- Installing: /build/tenacity-git/pkg/tenacity-git/usr/share/locale/sk/LC_MESSAGES/tenacity.mo
-- Installing: /build/tenacity-git/pkg/tenacity-git/usr/share/locale/tg
-- Installing: /build/tenacity-git/pkg/tenacity-git/usr/share/locale/tg/LC_MESSAGES
-- Installing: /build/tenacity-git/pkg/tenacity-git/usr/share/locale/tg/LC_MESSAGES/tenacity.mo
-- Installing: /build/tenacity-git/pkg/tenacity-git/usr/share/locale/bn
-- Installing: /build/tenacity-git/pkg/tenacity-git/usr/share/locale/bn/LC_MESSAGES
-- Installing: /build/tenacity-git/pkg/tenacity-git/usr/share/locale/bn/LC_MESSAGES/tenacity.mo
-- Installing: /build/tenacity-git/pkg/tenacity-git/usr/share/locale/mr
-- Installing: /build/tenacity-git/pkg/tenacity-git/usr/share/locale/mr/LC_MESSAGES
-- Installing: /build/tenacity-git/pkg/tenacity-git/usr/share/locale/mr/LC_MESSAGES/tenacity.mo
-- Installing: /build/tenacity-git/pkg/tenacity-git/usr/share/locale/zh_CN
-- Installing: /build/tenacity-git/pkg/tenacity-git/usr/share/locale/zh_CN/LC_MESSAGES
-- Installing: /build/tenacity-git/pkg/tenacity-git/usr/share/locale/zh_CN/LC_MESSAGES/tenacity.mo
-- Installing: /build/tenacity-git/pkg/tenacity-git/usr/share/locale/mk
-- Installing: /build/tenacity-git/pkg/tenacity-git/usr/share/locale/mk/LC_MESSAGES
-- Installing: /build/tenacity-git/pkg/tenacity-git/usr/share/locale/mk/LC_MESSAGES/tenacity.mo
-- Installing: /build/tenacity-git/pkg/tenacity-git/usr/share/locale/hu
-- Installing: /build/tenacity-git/pkg/tenacity-git/usr/share/locale/hu/LC_MESSAGES
-- Installing: /build/tenacity-git/pkg/tenacity-git/usr/share/locale/hu/LC_MESSAGES/tenacity.mo
-- Installing: /build/tenacity-git/pkg/tenacity-git/usr/share/locale/my
-- Installing: /build/tenacity-git/pkg/tenacity-git/usr/share/locale/my/LC_MESSAGES
-- Installing: /build/tenacity-git/pkg/tenacity-git/usr/share/locale/my/LC_MESSAGES/tenacity.mo
-- Installing: /build/tenacity-git/pkg/tenacity-git/usr/share/locale/ru
-- Installing: /build/tenacity-git/pkg/tenacity-git/usr/share/locale/ru/LC_MESSAGES
-- Installing: /build/tenacity-git/pkg/tenacity-git/usr/share/locale/ru/LC_MESSAGES/tenacity.mo
-- Installing: /build/tenacity-git/pkg/tenacity-git/usr/share/locale/ca
-- Installing: /build/tenacity-git/pkg/tenacity-git/usr/share/locale/ca/LC_MESSAGES
-- Installing: /build/tenacity-git/pkg/tenacity-git/usr/share/locale/ca/LC_MESSAGES/tenacity.mo
-- Installing: /build/tenacity-git/pkg/tenacity-git/usr/share/locale/ka
-- Installing: /build/tenacity-git/pkg/tenacity-git/usr/share/locale/ka/LC_MESSAGES
-- Installing: /build/tenacity-git/pkg/tenacity-git/usr/share/locale/ka/LC_MESSAGES/tenacity.mo
-- Installing: /build/tenacity-git/pkg/tenacity-git/usr/share/locale/lt
-- Installing: /build/tenacity-git/pkg/tenacity-git/usr/share/locale/lt/LC_MESSAGES
-- Installing: /build/tenacity-git/pkg/tenacity-git/usr/share/locale/lt/LC_MESSAGES/tenacity.mo
-- Installing: /build/tenacity-git/pkg/tenacity-git/usr/share/locale/ro
-- Installing: /build/tenacity-git/pkg/tenacity-git/usr/share/locale/ro/LC_MESSAGES
-- Installing: /build/tenacity-git/pkg/tenacity-git/usr/share/locale/ro/LC_MESSAGES/tenacity.mo
-- Installing: /build/tenacity-git/pkg/tenacity-git/usr/share/locale/ar
-- Installing: /build/tenacity-git/pkg/tenacity-git/usr/share/locale/ar/LC_MESSAGES
-- Installing: /build/tenacity-git/pkg/tenacity-git/usr/share/locale/ar/LC_MESSAGES/tenacity.mo
-- Installing: /build/tenacity-git/pkg/tenacity-git/usr/share/locale/cy
-- Installing: /build/tenacity-git/pkg/tenacity-git/usr/share/locale/cy/LC_MESSAGES
-- Installing: /build/tenacity-git/pkg/tenacity-git/usr/share/locale/cy/LC_MESSAGES/tenacity.mo
-- Installing: /build/tenacity-git/pkg/tenacity-git/usr/share/locale/oc
-- Installing: /build/tenacity-git/pkg/tenacity-git/usr/share/locale/oc/LC_MESSAGES
-- Installing: /build/tenacity-git/pkg/tenacity-git/usr/share/locale/oc/LC_MESSAGES/tenacity.mo
-- Installing: /build/tenacity-git/pkg/tenacity-git/usr/share/locale/ga
-- Installing: /build/tenacity-git/pkg/tenacity-git/usr/share/locale/ga/LC_MESSAGES
-- Installing: /build/tenacity-git/pkg/tenacity-git/usr/share/locale/ga/LC_MESSAGES/tenacity.mo
-- Installing: /build/tenacity-git/pkg/tenacity-git/usr/share/locale/cs
-- Installing: /build/tenacity-git/pkg/tenacity-git/usr/share/locale/cs/LC_MESSAGES
-- Installing: /build/tenacity-git/pkg/tenacity-git/usr/share/locale/cs/LC_MESSAGES/tenacity.mo
-- Installing: /build/tenacity-git/pkg/tenacity-git/usr/bin/tenacity
-- Set non-toolchain portion of runtime path of "/build/tenacity-git/pkg/tenacity-git/usr/bin/tenacity" to "$ORIGIN/../lib/tenacity"
-- Up-to-date: /build/tenacity-git/pkg/tenacity-git/usr/lib
-- Installing: /build/tenacity-git/pkg/tenacity-git/usr/lib/tenacity
-- Installing: /build/tenacity-git/pkg/tenacity-git/usr/lib/tenacity/lib-ffmpeg-support.so
-- Installing: /build/tenacity-git/pkg/tenacity-git/usr/lib/tenacity/lib-project.so
-- Installing: /build/tenacity-git/pkg/tenacity-git/usr/lib/tenacity/lib-preferences.so
-- Installing: /build/tenacity-git/pkg/tenacity-git/usr/lib/tenacity/lib-exceptions.so
-- Installing: /build/tenacity-git/pkg/tenacity-git/usr/lib/tenacity/lib-project-rate.so
-- Installing: /build/tenacity-git/pkg/tenacity-git/usr/lib/tenacity/lib-module-manager.so
-- Installing: /build/tenacity-git/pkg/tenacity-git/usr/lib/tenacity/lib-files.so
-- Installing: /build/tenacity-git/pkg/tenacity-git/usr/lib/tenacity/lib-sample-track.so
-- Installing: /build/tenacity-git/pkg/tenacity-git/usr/lib/tenacity/lib-math.so
-- Installing: /build/tenacity-git/pkg/tenacity-git/usr/lib/tenacity/lib-components.so
-- Installing: /build/tenacity-git/pkg/tenacity-git/usr/lib/tenacity/lib-transactions.so
-- Installing: /build/tenacity-git/pkg/tenacity-git/usr/lib/tenacity/lib-utility.so
-- Installing: /build/tenacity-git/pkg/tenacity-git/usr/lib/tenacity/lib-basic-ui.so
-- Installing: /build/tenacity-git/pkg/tenacity-git/usr/lib/tenacity/lib-strings.so
-- Installing: /build/tenacity-git/pkg/tenacity-git/usr/lib/tenacity/lib-xml.so
-- Installing: /build/tenacity-git/pkg/tenacity-git/usr/lib/tenacity/lib-string-utils.so
-- Installing: /build/tenacity-git/pkg/tenacity-git/usr/lib/tenacity/lib-registries.so
-- Installing: /build/tenacity-git/pkg/tenacity-git/usr/lib/tenacity/lib-theme.so
-- Installing: /build/tenacity-git/pkg/tenacity-git/usr/lib/tenacity/lib-screen-geometry.so
-- Installing: /build/tenacity-git/pkg/tenacity-git/usr/lib/tenacity/lib-audio-devices.so
-- Installing: /build/tenacity-git/pkg/tenacity-git/usr/lib/tenacity/lib-track.so
-- Installing: /build/tenacity-git/pkg/tenacity-git/usr/share/applications/tenacity.desktop
-- Installing: /build/tenacity-git/pkg/tenacity-git/usr/share/doc/tenacity/LICENSE.txt
-- Installing: /build/tenacity-git/pkg/tenacity-git/usr/share/doc/tenacity/README.md
-- Installing: /build/tenacity-git/pkg/tenacity-git/usr/share/mime/packages/tenacity.xml
-- Installing: /build/tenacity-git/pkg/tenacity-git/usr/share/tenacity/EQDefaultCurves.xml
-- Installing: /build/tenacity-git/pkg/tenacity-git/usr/./tenacity
-- Installing: /build/tenacity-git/pkg/tenacity-git/usr/lib/tenacity/modules
-- Installing: /build/tenacity-git/pkg/tenacity-git/usr/lib/tenacity/modules/mod-karaoke.so
-- Installing: /build/tenacity-git/pkg/tenacity-git/usr/lib/tenacity/modules/mod-script-pipe.so
